Namespace(log_name='./RQ5/tfix_32_2/codet5p_770m.log', model_name='Salesforce/codet5p-770m', lang='javascript', output_dir='RQ5/tfix_32_2/codet5p_770m', data_dir='./data/RQ5/tfix_32_2', choice=0, no_cuda=False, visible_gpu='0', num_train_epochs=10, num_test_epochs=1, train_batch_size=4, eval_batch_size=4, gradient_accumulation_steps=1, load_model_path=None, config_name='', tokenizer_name='', max_source_length=512, max_target_length=512, warm_up_ratio=0.1, do_train=True, do_eval=True, do_test=True, freeze=False, learning_rate=5e-05, beam_size=10, weight_decay=0.0, adam_epsilon=1e-08, local_rank=-1, seed=42, early_stop_threshold=2)
Process rank: -1, device: cuda, n_gpu: 1, distributed training: False
Model created!!
[[{'text': "if (!this.isConnect) {       throw 'ZilPay is\\'t connection to dApp'     }", 'loss_ids': 0, 'shortenable_ids': 1}, {'text': '<mask>', 'loss_ids': 1, 'shortenable_ids': 0}, {'text': 'is the fixed version', 'loss_ids': 0, 'shortenable_ids': 0}], {'guid': 0, 'tgt_text': "if (!this.isConnect) {       throw new Error('ZilPay is\\'t connection to dApp')     }"}]
***** Running training *****
  Num examples = 32
  Batch size = 4
  Num epoch = 10

***** Running evaluation *****
  Num examples = 100
  Batch size = 4
  epoch = 0
  eval_ppl = 1.2369180886721339e+216
  global_step = 9
  train_loss = 33.872
  ********************
Previous best ppl:inf
Achieve Best ppl:1.2369180886721339e+216
  ********************
BLEU file: ./data/RQ5/tfix_32_2/validation.jsonl
  codebleu-4 = 56.32 	 Previous best codebleu 0
  ********************
 Achieve Best bleu:56.32
  ********************

***** Running evaluation *****
  Num examples = 100
  Batch size = 4
  epoch = 1
  eval_ppl = 5.708920091053467e+290
  global_step = 17
  train_loss = 12.3206
  ********************
Previous best ppl:1.2369180886721339e+216
BLEU file: ./data/RQ5/tfix_32_2/validation.jsonl
  codebleu-4 = 49.28 	 Previous best codebleu 56.32
  ********************

***** Running evaluation *****
  Num examples = 100
  Batch size = 4
  epoch = 2
  eval_ppl = inf
  global_step = 25
  train_loss = 4.7487
  ********************
Previous best ppl:1.2369180886721339e+216
BLEU file: ./data/RQ5/tfix_32_2/validation.jsonl
  codebleu-4 = 59.0 	 Previous best codebleu 56.32
  ********************
 Achieve Best bleu:59.0
  ********************

***** Running evaluation *****
  Num examples = 100
  Batch size = 4
  epoch = 3
  eval_ppl = inf
  global_step = 33
  train_loss = 1.515
  ********************
Previous best ppl:1.2369180886721339e+216
BLEU file: ./data/RQ5/tfix_32_2/validation.jsonl
  codebleu-4 = 59.02 	 Previous best codebleu 59.0
  ********************
 Achieve Best bleu:59.02
  ********************

***** Running evaluation *****
  Num examples = 100
  Batch size = 4
  epoch = 4
  eval_ppl = inf
  global_step = 41
  train_loss = 0.6085
  ********************
Previous best ppl:1.2369180886721339e+216
BLEU file: ./data/RQ5/tfix_32_2/validation.jsonl
  codebleu-4 = 58.98 	 Previous best codebleu 59.02
  ********************

***** Running evaluation *****
  Num examples = 100
  Batch size = 4
  epoch = 5
  eval_ppl = inf
  global_step = 49
  train_loss = 0.2971
  ********************
Previous best ppl:1.2369180886721339e+216
BLEU file: ./data/RQ5/tfix_32_2/validation.jsonl
  codebleu-4 = 58.98 	 Previous best codebleu 59.02
  ********************
early stopping!!!
reload model from RQ5/tfix_32_2/codet5p_770m/checkpoint-best-bleu
BLEU file: ./data/RQ5/tfix_32_2/test.jsonl
  codebleu = 58.58 
  Total = 500 
  Exact Fixed = 23 
[3, 54, 88, 118, 132, 140, 153, 154, 192, 201, 202, 238, 253, 289, 305, 328, 333, 359, 367, 390, 439, 457, 480]
  Syntax Fixed = 3 
[263, 303, 341]
  Cleaned Fixed = 7 
[35, 126, 166, 186, 237, 469, 475]
  ********************
  Total = 500 
  Exact Fixed = 23 
[3, 54, 88, 118, 132, 140, 153, 154, 192, 201, 202, 238, 253, 289, 305, 328, 333, 359, 367, 390, 439, 457, 480]
  Syntax Fixed = 3 
[263, 303, 341]
  Cleaned Fixed = 7 
[35, 126, 166, 186, 237, 469, 475]
  codebleu = 58.58 
[0.5670445241047504, 0.6932410335616551, 1.0, 0.31331096368700495, 0.6058511595444083, 0.8821894623768516, 0.0, 0.5417785626903434, 0.4088532730110269, 0.11249999999999999, 0.5368474083243506, 0.543709349483924, 0.17189979897705582, 0.7569706667451968, 0.6179484048244397, 0.811117687292167, 0.5007520143098162, 0.7099766481408452, 0.6885240359080308, 0.25129879162633795, 0.7145082485446812, 0.39323313167877133, 0.24915625771353556, 0.6232430066758361, 0.5970182644937875, 0.008533731833720836, 0.9438645504684042, 0.26164945162585174, 0.6624101654079205, 0.2855072113105671, 0.7059323615142865, 0.0, 0.4507183101653729, 0.9113854927948712, 0.8790355083665293, 0.6068905779332499, 0.0, 0.10556510016615601, 0.7155056700329363, 0.6398412446099295, 0.5511412946838178, 0.805671205945659, 0.10202520055807765, 0.6202064481033123, 0.7183643415906251, 0.3403395101580171, 0.6570057594483909, 0.274670867776058, 0.8208732553989724, 0.5900038817627358, 0.350381564995214, 0.6433348104458009, 0.6558003592103332, 1.0, 0.1297947365831559, 0.5194637253863024, 0.3070782538395746, 0.8669064540059643, 0.8460094492769958, 0.6232902973738775, 0.9315380507550484, 0.654297617187952, 0.5348435312891645, 0.7618233428889547, 0.8336815104017958, 0.6197233100748608, 0.6877745357134093, 0.4790432550703725, 0.4199748401004021, 0.28269688894370654, 0.9488930040605423, 0.714297617187952, 0.5426744349179697, 0.5077265232765378, 0.702664818575847, 0.3474939359631748, 0.0, 0.8965241752682729, 0.43317161913164237, 0.545231229371765, 0.591516286342532, 0.3734424024864518, 0.6392785924823882, 0.7190865275431211, 0.6359585563603126, 0.5451417837590342, 0.48115588878443294, 1.0, 0.48622887157803624, 0.3591365261541136, 0.8550899856418173, 0.7402739997668998, 0.44517512468103604, 0.45579909520741635, 0.3056299173484432, 0.7470738524243741, 0.8349004181959196, 0.8639557211113615, 0.7962637890346522, 0.5688724788208753, 0.8099513945828967, 0.9164266028701744, 0.7275723927836586, 0.6445931574752105, 0.7744515423179406, 0.0, 0.4593867118293433, 0.6683895153674697, 0.7336411455895708, 0.05270446328111167, 0.2878852119582799, 0.5919792422404021, 0.39272004516267667, 0.1874355844276247, 0.509901499184051, 0.8714601072634691, 0.6903510788203177, 0.8896347633344268, 0.3662750251893484, 0.7231896021778675, 0.7302547136373172, 0.6887916417739868, 0.763761398744189, 0.3773869844754326, 0.2176694832919011, 0.8186530227858186, 0.2011770485941022, 0.45924633947190363, 0.5246680028432865, 0.4976113387647193, 0.4062591341917896, 1.0, 0.12869111792447885, 0.39089314466834374, 0.6667528334695118, 0.4460952454685818, 0.5777099745360312, 0.753207079624809, 0.10356766952267597, 0.7135428903906851, 0.6368551910912801, 0.7245741928928766, 0.601625348216042, 0.47180509653022784, 0.2567052722262924, 0.5459435933526045, 0.3607039998273758, 0.3561219555899987, 0.5862322739141566, 0.22499999999999998, 0.4854183564853334, 0.6612091961731477, 0.8114529051148651, 1.0, 0.40825339177238446, 0.7810169160146574, 0.576856426473012, 0.5869940359456796, 0.22499999999999998, 0.6684064493975892, 0.18887247882087532, 0.5274428993282894, 0.7504004004704901, 0.7954279937030855, 0.45443627493082295, 0.893077966208089, 0.6851384298635612, 0.339320402762534, 0.316689598214979, 0.40621281109105456, 0.6868474083243508, 0.4822625464959074, 0.45449078148809957, 0.8570381498677726, 0.4065032326897709, 0.6734232449967186, 0.41996134394226886, 0.5745997086539989, 0.6278910313966588, 0.109533600854818, 0.36686807121046905, 0.6304241997444744, 0.5164927712445991, 0.5281112350462183, 0.7365936445375989, 0.8374538194026508, 0.6884739093341494, 0.5203577845911456, 0.4453557619745404, 0.7725146668513112, 0.7562262989907678, 1.0, 0.2567052722262924, 0.6875370381654706, 0.43648868589003154, 0.5758089748131177, 0.007044218708112843, 0.7960658705890922, 0.6441764742916929, 0.5621787547146431, 1.0, 1.0, 0.40485075092622447, 0.7825255142177938, 0.41208749160752645, 0.6271806220068676, 0.4139240818757265, 0.7971354401872718, 0.4697300318922557, 0.6599223799332465, 0.6116850869767493, 0.9365276486140073, 0.32627945612776854, 0.6192538700356924, 0.9036449000698414, 0.174436274930823, 0.6129938455930134, 0.44619887519287305, 0.9320894171538912, 0.7586059507468779, 0.36651542412587346, 0.6740103526642764, 0.731117687292167, 0.15997084006767517, 0.6324885471323345, 0.8212015472955612, 0.5811145153819444, 0.8841247388270204, 0.9414428605659417, 0.11558530246943605, 0.48074569931823535, 0.7583496612315528, 0.0, 0.5992413083109663, 0.6844125934903402, 0.8083325080431145, 0.7118450462868338, 1.0, 0.3965193255633748, 0.7875054975857689, 0.7471765364160405, 0.4268169073526533, 0.7471633983399641, 0.7263487966630597, 0.8106391824574766, 0.6047412759062261, 0.3544440011696263, 0.7225371723695806, 0.5042531454411046, 0.5333108614657077, 0.5073028085492076, 0.9663865109019152, 1.0, 0.6636363636363636, 0.22499999999999998, 0.7430779662080889, 0.2504033576162784, 0.7172810403853196, 0.5814345843863841, 0.7299948711471688, 0.5017814354051087, 0.5585140118159326, 0.8298683115100669, 0.7503305249945151, 0.5537998353931795, 0.6624678525854575, 0.33372428676905674, 0.4501947080651152, 0.7209679853738471, 0.3714877971723338, 0.6848698374809952, 0.8307467892419347, 0.6683411649189116, 0.43829433999099154, 0.6381394976554917, 0.6463729364766281, 0.4016534478992738, 0.6174969094123448, 0.7142845202249919, 0.5551668790236555, 0.5600468038501167, 0.48950280214956154, 0.41184583631680877, 0.6877459225855624, 0.8470997505392659, 0.0, 0.5171258603602051, 0.8420812716756092, 1.0, 0.5753022266329215, 0.17818230393434137, 0.22719082257468703, 0.6366015466501336, 0.6851384298635612, 0.8232059780715621, 0.377190822574687, 0.7911679345786041, 0.573043959575943, 0.7212489793637704, 0.10758390671207611, 0.8374634481857526, 0.5761697895341449, 0.9548905452619663, 0.44245571892563784, 0.8928704934314164, 0.5309283687082245, 0.9238877689380496, 0.8356658099532572, 0.7559607945381612, 0.8255980153481091, 0.3220998891127413, 0.1344057918034266, 0.22368441215365098, 0.6682556320550647, 0.5680054404199835, 0.6276136760976885, 0.714297617187952, 0.3502184077768308, 0.30358352628798935, 0.06, 0.8378414230005442, 0.5174693084765555, 0.5702518310230941, 0.6240048954556174, 0.8034645362012123, 0.9617868617067262, 0.7812983362937829, 1.0, 0.4372429839446083, 0.8942295680060977, 0.7053304130816762, 0.6273488306532815, 0.8578047138519911, 0.7189894209825303, 0.656468030647374, 0.5909753125006932, 0.8050241598897441, 0.8455355915212772, 0.5015372100944879, 0.7591116846422887, 0.8074255754853112, 0.4775368663797597, 0.3381394976554918, 0.7468277416227045, 0.6287796716807859, 0.44507381648898203, 0.5398855599662549, 0.5468299419973112, 0.5193052677964398, 0.6625167201921691, 0.7249586401416586, 0.9176675865658077, 0.5235685683788931, 0.5652887122558813, 0.0, 0.4890714508161259, 0.4607209252762136, 0.6745228788727515, 0.9891483218006352, 0.5780999494416426, 0.7451384298635613, 0.6245836923955046, 0.6603944867604312, 0.4614470406899055, 0.5027054768195429, 0.5932305781811854, 1.0, 0.8084374616749153, 0.2696847134058581, 0.8378414230005442, 0.6311119478495857, 0.7536060548993002, 0.32898762131831805, 0.5642595261562982, 0.7700435930643703, 0.8250515340301889, 0.45101776545562844, 0.44928604604736677, 0.3053372331674803, 0.7905056700329363, 0.4621787547146431, 0.6398103351245982, 0.8184276974159628, 0.7916479842275448, 0.6421190145018053, 0.5758081453961951, 0.8233303578084277, 0.7530301180787049, 0.8619254788161215, 0.8114529051148651, 0.5654473178899494, 0.760978313726013, 0.734763973349975, 0.17731538118686083, 0.4592493207167594, 0.7210821183929019, 0.7230706259860853, 0.12296711450648444, 0.5019774510104837, 0.31860139828537487, 0.5566984938224081, 0.7108049881272258, 0.752380452288719, 0.2160900738057458, 0.39969884422068214, 0.5033554133637828, 0.619695766214214, 0.6992466384018345, 0.6754386750930661, 0.0857142857142857, 0.0, 0.6551445843345075, 0.8655056700329364, 0.6714771286623475, 0.709115943344826, 0.09713682208624577, 0.5833105633098615, 0.5554183564853334, 0.038139497655491794, 0.15529892970465703, 0.2815400648057302, 0.4778533416343903, 0.5021287494162977, 0.5383089748131177, 0.5621609692548745, 0.5282467529717347, 0.6786580151554076, 0.5092272948800609, 0.21056545775751523, 0.6183689771600134, 0.5646170798740607, 0.2052779238411573, 0.685303136808272, 0.6612315527854231, 0.8863585661014859, 0.6829777303051304, 0.7511655122445988, 0.6275893856012176, 1.0, 0.08928571428571427, 0.40739727760582384, 0.5036911179244787, 0.7260484492137269, 0.8845572237610086, 0.8292906179772745, 0.636068568378893, 0.6883329804487951, 0.7148321218614053, 0.19404871089985237, 0.5518505299283467, 0.6592906179772744, 0.8379283989138028, 0.8917028689549173, 0.33594700943102185, 0.6791123675991604, 0.08484732042396881, 1.0, 0.8326781496971694, 0.7387037834978107, 0.7845578251721461, 0.6099380655621088, 0.7780387576883845, 0.29371181369212096, 0.4714698407062744, 0.8677459225855626, 0.6745410470195684, 0.3583507427572924, 0.8296643962602771, 0.6807990952074163, 0.6809070226208283, 0.7316423857228858, 0.7195565989965169, 0.7802568700480011, 0.7710658705890923, 0.7503567123312754, 0.3, 0.6812000145029719, 0.7220543125543928, 0.8038961967467184, 1.0, 0.527190822574687, 0.8622646994947969, 0.7845525506958333, 0.08251128145232256, 0.6785036503543816, 0.562520658360374, 0.6901940524102714, 0.46699403594567956, 0.23868348617790436, 0.5282087277319494, 0.6721193723777923, 0.4695633649758072, 0.6986613814884177, 0.642418735455043, 0.5562895166803407, 0.8632148025904984, 0.47073389088669926, 0.7533655306263078, 0.387966609042281, 0.6666057418239761]
Finish training and take 15m
