Namespace(log_name='./RQ5/java_10/1_codet5p_220m.log', model_name='Salesforce/codet5p-220m', lang='java', output_dir='RQ5/java_10/1_codet5p_220m', data_dir='./data/RQ5/java_10_1', no_cuda=False, visible_gpu='0', num_train_epochs=10, num_test_epochs=1, train_batch_size=16, eval_batch_size=2, gradient_accumulation_steps=1, load_model_path=None, config_name='', tokenizer_name='', max_source_length=512, max_target_length=512, warm_up_ratio=0.1, do_train=True, do_eval=True, do_test=True, freeze=False, learning_rate=5e-05, beam_size=10, weight_decay=0.0, adam_epsilon=1e-08, local_rank=-1, seed=42, early_stop_threshold=3)
Process rank: -1, device: cuda, n_gpu: 1, distributed training: False
Model created!!
[[{'text': 'private static < TYPE_1 > java.util.List < TYPE_1 > METHOD_1 ( TYPE_1 x , java.util.List < TYPE_1 > VAR_1 ) { java.util.ArrayList < TYPE_1 > VAR_2 = new java.util.ArrayList < TYPE_1 > ( ) ; VAR_2 . add ( x ) ; VAR_2 . METHOD_2 ( VAR_1 ) ; return VAR_2 ; }', 'loss_ids': 0, 'shortenable_ids': 1}, {'text': '<mask>', 'loss_ids': 1, 'shortenable_ids': 0}, {'text': '', 'loss_ids': 0, 'shortenable_ids': 0}], {'guid': 0, 'tgt_text': 'private static < TYPE_1 > java.util.List < TYPE_1 > append ( java.util.List < TYPE_1 > VAR_1 , TYPE_1 x ) { java.util.ArrayList < TYPE_1 > VAR_2 = new java.util.ArrayList < TYPE_1 > ( ) ; VAR_2 . METHOD_2 ( VAR_1 ) ; VAR_2 . add ( x ) ; return VAR_2 ; }'}]
***** Running training *****
  Num examples = 10
  Batch size = 16
  Num epoch = 10

***** Running evaluation *****
  Num examples = 500
  Batch size = 2
  epoch = 0
  eval_ppl = inf
  global_step = 2
  train_loss = 50.4057
  ********************
Previous best ppl:inf
Achieve Best ppl:inf
  ********************
BLEU file: ./data/RQ5/java_10_1/validation.jsonl
  codebleu-4 = 14.1 	 Previous best codebleu 0
  ********************
 Achieve Best bleu:14.1
  ********************

***** Running evaluation *****
  Num examples = 500
  Batch size = 2
  epoch = 1
  eval_ppl = inf
  global_step = 3
  train_loss = 51.1075
  ********************
Previous best ppl:inf
Achieve Best ppl:inf
  ********************
BLEU file: ./data/RQ5/java_10_1/validation.jsonl
  codebleu-4 = 34.85 	 Previous best codebleu 14.1
  ********************
 Achieve Best bleu:34.85
  ********************

***** Running evaluation *****
  Num examples = 500
  Batch size = 2
  epoch = 2
  eval_ppl = inf
  global_step = 4
  train_loss = 26.0371
  ********************
Previous best ppl:inf
BLEU file: ./data/RQ5/java_10_1/validation.jsonl
  codebleu-4 = 41.76 	 Previous best codebleu 34.85
  ********************
 Achieve Best bleu:41.76
  ********************

***** Running evaluation *****
  Num examples = 500
  Batch size = 2
  epoch = 3
  eval_ppl = inf
  global_step = 5
  train_loss = 19.8645
  ********************
Previous best ppl:inf
BLEU file: ./data/RQ5/java_10_1/validation.jsonl
  codebleu-4 = 66.33 	 Previous best codebleu 41.76
  ********************
 Achieve Best bleu:66.33
  ********************

***** Running evaluation *****
  Num examples = 500
  Batch size = 2
  epoch = 4
  eval_ppl = inf
  global_step = 6
  train_loss = 15.0608
  ********************
Previous best ppl:inf
BLEU file: ./data/RQ5/java_10_1/validation.jsonl
  codebleu-4 = 71.67 	 Previous best codebleu 66.33
  ********************
 Achieve Best bleu:71.67
  ********************

***** Running evaluation *****
  Num examples = 500
  Batch size = 2
  epoch = 5
  eval_ppl = inf
  global_step = 7
  train_loss = 11.6112
  ********************
Previous best ppl:inf
BLEU file: ./data/RQ5/java_10_1/validation.jsonl
  codebleu-4 = 73.18 	 Previous best codebleu 71.67
  ********************
 Achieve Best bleu:73.18
  ********************

***** Running evaluation *****
  Num examples = 500
  Batch size = 2
  epoch = 6
  eval_ppl = inf
  global_step = 8
  train_loss = 9.9881
  ********************
Previous best ppl:inf
BLEU file: ./data/RQ5/java_10_1/validation.jsonl
  codebleu-4 = 74.67 	 Previous best codebleu 73.18
  ********************
 Achieve Best bleu:74.67
  ********************

***** Running evaluation *****
  Num examples = 500
  Batch size = 2
  epoch = 7
  eval_ppl = inf
  global_step = 9
  train_loss = 9.3015
  ********************
Previous best ppl:inf
BLEU file: ./data/RQ5/java_10_1/validation.jsonl
  codebleu-4 = 76.12 	 Previous best codebleu 74.67
  ********************
 Achieve Best bleu:76.12
  ********************

***** Running evaluation *****
  Num examples = 500
  Batch size = 2
  epoch = 8
  eval_ppl = inf
  global_step = 10
  train_loss = 7.5623
  ********************
Previous best ppl:inf
BLEU file: ./data/RQ5/java_10_1/validation.jsonl
  codebleu-4 = 76.82 	 Previous best codebleu 76.12
  ********************
 Achieve Best bleu:76.82
  ********************

***** Running evaluation *****
  Num examples = 500
  Batch size = 2
  epoch = 9
  eval_ppl = inf
  global_step = 11
  train_loss = 7.2312
  ********************
Previous best ppl:inf
BLEU file: ./data/RQ5/java_10_1/validation.jsonl
  codebleu-4 = 77.41 	 Previous best codebleu 76.82
  ********************
 Achieve Best bleu:77.41
  ********************
reload model from RQ5/java_10/1_codet5p_220m/checkpoint-best-bleu
BLEU file: ./data/RQ5/java_10_1/test.jsonl
  codebleu = 77.19 
  Total = 500 
  Exact Fixed = 1 
[110]
  Syntax Fixed = 1 
[103]
  Cleaned Fixed = 4 
[58, 83, 344, 419]
  ********************
  Total = 500 
  Exact Fixed = 1 
[110]
  Syntax Fixed = 1 
[103]
  Cleaned Fixed = 4 
[58, 83, 344, 419]
  codebleu = 77.19 
[0.593212014052714, 0.4232240156531161, 0.8344610480137715, 0.5393370720549331, 0.8410886457286899, 0.9000092746228069, 0.2741212558757004, 0.7238925475243609, 0.3072110927368262, 0.8011782298988499, 0.9927616907569681, 0.8593411581323525, 0.6278410453726658, 0.26624469614328355, 0.9816061032688781, 0.8398969187981995, 0.7523277398705996, 0.9342846849350264, 0.9400426525705412, 0.8673567485716778, 0.3188406581907155, 0.2982968846469775, 0.27533638237127456, 0.9000120435131169, 0.6113472882852959, 0.8985819684179537, 0.8813788573015597, 0.7622450114606644, 0.6151952248646311, 0.7984153870943118, 0.8961415113886637, 0.8579781671940192, 0.7321748033833095, 0.32919032342490556, 0.465715924844207, 0.29531590903126403, 0.9377704204852682, 0.8768056751919203, 0.9410056506290296, 0.7467173881179517, 0.6940078756137626, 0.6874749835684824, 0.9192393156087896, 0.8345641796204135, 0.4338121251386362, 0.24811250672041774, 0.3262889439428661, 0.976934640027229, 0.9061537357063023, 0.7366535801418781, 0.9269331830469714, 0.4338121251386362, 0.32549475093612074, 0.6459966504031366, 0.7478138851365419, 0.7225517788822762, 0.6993730085347135, 0.8855924534744011, 0.2741212558757004, 0.7739991864243869, 0.8000245406125166, 0.7942701366539271, 0.9125104348398385, 0.702497344676549, 0.5312731871562226, 0.9471534480091441, 0.9607233175453542, 0.843537340596747, 0.8629693959820761, 0.8063559408133776, 0.862422149190751, 0.7836690242372425, 0.8963926483875864, 0.6874749835684824, 0.9442131546627328, 0.8762476125170207, 0.7197300130093984, 0.5422875137889253, 0.9233947978166772, 0.8428952821871947, 0.7621674550453241, 0.8693647831726143, 0.9327169633466876, 0.9192762754483625, 0.9852849226532605, 0.7519894248327487, 0.7421849811897088, 0.9197682751991088, 0.9488183079463388, 0.9587461859192787, 0.9745293328019206, 0.29944922659064166, 0.32646946904092655, 0.9535662529996234, 0.8377478491859116, 0.8545521993874243, 0.8853701119354719, 0.9640301203930195, 0.8696882992240296, 0.8151472726544473, 0.31915325944839656, 0.3252645367161007, 0.9870187411951008, 0.9470071513080363, 0.8774842286953382, 0.8853058630953912, 0.8558905963347896, 0.8813815400934406, 0.7674080702465693, 1.0, 0.17538635956789322, 0.6874749835684824, 0.931919905317208, 0.8318604630520261, 0.898122990476288, 0.8744433206869813, 0.8947233410879221, 0.9600094284589669, 0.7221216537281969, 0.46643186062078623, 0.9456202538775613, 0.9418090107609731, 0.8765208719204487, 0.9461408346030404, 0.9571016094529847, 0.7188935477431233, 0.7501904166176152, 0.932758510312542, 0.48666825572275857, 0.9438472935309958, 0.32602655532557406, 0.9129875032050465, 0.29028203266451275, 0.9515492621717487, 0.9310402866577385, 0.9027159738051327, 0.8486719420369903, 0.6874749835684824, 0.8275239936524709, 0.6850661340471761, 0.9140032864002167, 0.7901423077149385, 0.7691400464276663, 0.9492523028091309, 0.8936973938003048, 0.7399046460615835, 0.9584247004495543, 0.6708135801152272, 0.871607281170603, 0.26169091288288543, 0.9493239030379825, 0.9558104142545454, 0.937188378818399, 0.7583556269641405, 0.95273941015886, 0.7478138851365419, 0.9493239030379825, 0.8888435222418036, 0.6639326194627299, 0.8951837826828467, 0.778090058048052, 0.7173692510217399, 0.938879555515129, 0.8751187186055097, 0.8234385994211576, 0.8412239301694939, 0.8678657374052126, 0.9312991012532417, 0.83084241467313, 0.15884077600900795, 0.9041340728227794, 0.8884670476301071, 0.8189995554735204, 0.933286970639994, 0.8285441083529881, 0.3207411299507977, 0.9499046047578625, 0.9214852005355179, 0.6121576162732347, 0.06097744894488526, 0.6874749835684824, 0.9171481786623457, 0.9462104606084212, 0.8867171706601364, 0.8502729075207087, 1.0, 0.4955221217337541, 0.8565234441018736, 0.7506228403443113, 0.8711768984739177, 0.2284899675513953, 0.8820537543669489, 0.8218670339508176, 0.8829943624296156, 0.8756429067894516, 0.7060089851548503, 0.6113472882852959, 0.2050398976068259, 0.7830011774921302, 0.9156873229543501, 0.920847271632746, 0.9072725521291267, 0.8939403219941204, 0.7988848397512625, 0.5870054509531217, 0.9168635615364948, 0.9735542568395896, 0.9055256568213023, 0.6781053145008827, 0.9471695160234401, 0.798272609744273, 0.8374872872073911, 0.6268790890159027, 0.9484513298936408, 0.8331853396949827, 0.3446765455466254, 0.8516665453656083, 0.9603262193723192, 0.7945631480201435, 0.801169789534145, 0.7170219254969812, 0.6874749835684824, 0.7703813467645078, 0.8543977368573089, 0.95, 0.32520807222026826, 0.465715924844207, 0.32719007047498216, 0.8801547132641002, 0.3262889439428661, 0.9288817233176625, 0.7636095864061366, 0.9487145883454327, 0.7878359372089682, 0.7360764107540074, 0.8017624348471263, 0.32421745751154285, 0.8465816263983615, 0.3073883688139006, 0.8516449774236958, 0.29531590903126403, 0.4419034289589019, 0.8651706733544999, 0.7957634923159257, 0.9257462023534273, 0.8921042672694857, 0.7730519120573912, 0.32602655532557406, 0.327032958056682, 0.8093542785781114, 0.9676227264894173, 0.8759418897254363, 0.8761507136068414, 0.9173467324769831, 0.93092593470538, 0.5929022108454984, 0.7235716998691815, 0.8085231843686821, 0.8154702514101111, 0.5550107088205123, 0.3079976599809352, 0.9303179033192857, 0.9029228697393135, 0.8893504469902027, 0.8674435206185069, 0.9509455185101909, 0.8760135800491213, 0.8344531615285882, 0.8646780713427795, 0.32703163500981675, 0.8090966633114094, 0.9240481975214478, 0.32549475093612074, 0.7987802453836982, 0.9131034995733858, 0.9559045711960699, 0.7272344807625278, 0.6331524617665174, 0.30793433386770624, 0.7036991679288631, 0.9005633971565483, 0.21313069486322808, 0.9694667888884985, 0.9396180092663717, 0.8785395193033665, 0.30793433386770624, 0.7764283237678211, 0.9035957587334096, 0.8007377532608353, 0.9351406123825403, 0.8331853396949827, 0.9045061327824662, 0.10665814118780718, 0.15957398785427024, 0.5778624281512992, 0.8383087171528236, 0.6992043393714683, 0.647747611811963, 0.8843767323807665, 0.8178334933130291, 0.9384313483327684, 0.8591474563888408, 0.10271019255458115, 0.9790427622042994, 0.9471695160234401, 0.9685667308405901, 0.841875207469964, 0.9234334473517907, 0.948052670635467, 0.9612141455329344, 0.8884049563995104, 0.7757388605257256, 0.7932369845589845, 0.8546248763868238, 0.2965878313662249, 0.957146397188152, 0.8549033669907233, 0.843728854340388, 0.9015464303125713, 0.8712005145728838, 0.9821490926793564, 0.8335028039626476, 0.8919747869193024, 0.7877605006469484, 0.7234025659657828, 0.9437628092763377, 0.8019309772658032, 0.8188865946509148, 0.32833532707091817, 0.26322308543408046, 0.6570616324268731, 0.9606383615912808, 0.9204440155861249, 0.651002857872442, 0.8926703816314219, 0.465715924844207, 0.9005739349163713, 0.8411630424921515, 0.32703163500981675, 0.2781548472901889, 0.8710634403073572, 0.8925235787478019, 0.8377252262881923, 0.9221557993275098, 0.8979311034464716, 0.941246887425869, 0.3597554292633871, 0.32602655532557406, 0.9288768296987449, 0.8114803769129251, 0.8641269634908533, 0.7572517091780375, 0.9214086041237446, 0.8696537204746508, 0.9436659064039923, 0.9809329721714535, 0.9490468241954162, 0.785678266679733, 0.9423575001497, 0.7297862281282066, 0.8989415087276855, 0.8608244486947461, 0.8863289621536481, 0.8627830017322995, 0.32549475093612074, 0.9693877551020409, 0.861815300466602, 0.8266103655014722, 0.8610675718068304, 0.8859614653557839, 0.9422001488455178, 0.9222725521291268, 0.5838615292604841, 0.7435528534205376, 0.8339002983623484, 0.3361664691432363, 0.3233788603271418, 0.9170972299520759, 0.9973062440915319, 0.9468414240145169, 0.896457542865793, 0.9120050406373192, 0.9452585311430763, 0.6831381239952166, 0.9396360626487428, 0.7023713204162336, 0.9684326167255213, 0.7964581754092617, 0.9973062440915319, 0.8256495113593998, 0.6682225093889983, 0.8125819450296324, 0.894141073173163, 0.9598250197069826, 0.9634911520696614, 0.8712775503716599, 0.8323441696598732, 0.9089251984809752, 0.665961247437309, 0.9642153446749153, 0.9921681817198038, 0.7135449662005422, 0.7280460155792001, 0.9122491485294033, 0.8460725986023474, 0.7708128313590381, 0.756234192312671, 0.9177534780225702, 0.9136051415192505, 0.9060328132136453, 0.507673966802249, 0.8505395682648067, 0.6669257319650184, 0.8960971760439522, 0.8950515255524043, 0.9442100823718134, 0.6901262669982268, 0.8212324536702587, 0.8957718999086999, 0.961965530245021, 0.7830011774921302, 0.9314651191074765, 0.8985609679543393, 0.9202827191608316, 0.6410378892354339, 0.8634064000352093, 0.9487801938535607, 0.7446841036831817, 0.7915314290630997, 0.9745770345730578, 0.7419687479630056, 0.9514967635709539, 0.8420937672758244, 0.9146241894400875, 0.8711768984739177, 0.7419112686296306, 0.86944691495958, 0.8287194092123789, 0.5351130312675151, 0.8826059978969751, 0.9343267218430718, 0.9350024698180224, 0.895540655184323, 0.4338121251386362, 0.9168006426365087, 0.883136773482629, 0.8228427124746189, 0.8179617939659143, 0.800083937746499, 0.9666327444353364, 0.8810554316276455, 0.7242924130243741, 0.7229151142178896, 0.7366505750537401, 0.9149306320417432, 0.6049638933908075, 0.9150679539598123, 0.32703163500981675, 0.9493239030379825, 0.860780171352979, 0.9133731397684426, 0.8243317050386542, 0.7215961844283755, 0.7522642454492299, 0.7935461504124401, 0.9272271558703311, 0.9016850690943105, 0.8362192242070374, 0.8893062778978682, 0.8629938783941542, 0.9210210949858122, 0.9015200916626787, 0.8713421516632174, 0.9139708530670974, 0.337628958752596, 0.7697364466017829, 0.8613514421762498, 0.904352113990756, 0.9152573407816746, 0.9771473873342402, 0.9265716075901909, 0.3242184473007463, 0.9206598027093102, 0.7155660357121529, 0.7432816303642229, 0.6993740220494546, 0.9449149097946257, 0.9069546174929648, 0.32549475093612074, 0.9049842403132857, 0.4955221217337541, 0.6101241997229176, 0.8518773328709728, 0.8254935742435682, 0.8514674628624775, 0.965572976935686, 0.32528340979200293, 0.9778527235265317, 0.9121508301280472, 0.32602655532557406]
Finish training and take 3h53m
