Namespace(log_name='./RQ5/java_10/2_codet5p_220m.log', model_name='Salesforce/codet5p-220m', lang='java', output_dir='RQ5/java_10/2_codet5p_220m', data_dir='./data/RQ5/java_10_2', no_cuda=False, visible_gpu='0', num_train_epochs=10, num_test_epochs=1, train_batch_size=16, eval_batch_size=2, gradient_accumulation_steps=1, load_model_path=None, config_name='', tokenizer_name='', max_source_length=512, max_target_length=512, warm_up_ratio=0.1, do_train=True, do_eval=True, do_test=True, freeze=False, learning_rate=5e-05, beam_size=10, weight_decay=0.0, adam_epsilon=1e-08, local_rank=-1, seed=42, early_stop_threshold=3)
Process rank: -1, device: cuda, n_gpu: 1, distributed training: False
Model created!!
[[{'text': 'private final PassFactory extractPrototypeMemberDeclarations =        new PassFactory("extractPrototypeMemberDeclarations", true) {      @Override      protected CompilerPass createInternal(AbstractCompiler compiler) {', 'loss_ids': 0, 'shortenable_ids': 1}, {'text': '<mask>', 'loss_ids': 1, 'shortenable_ids': 0}, {'text': '', 'loss_ids': 0, 'shortenable_ids': 0}], {'guid': 0, 'tgt_text': 'final PassFactory extractPrototypeMemberDeclarations =        new PassFactory("extractPrototypeMemberDeclarations", true) {      @Override      protected CompilerPass createInternal(AbstractCompiler compiler) {'}]
***** Running training *****
  Num examples = 10
  Batch size = 16
  Num epoch = 10

***** Running evaluation *****
  Num examples = 100
  Batch size = 2
  epoch = 0
  eval_ppl = inf
  global_step = 2
  train_loss = 40.9845
  ********************
Previous best ppl:inf
Achieve Best ppl:inf
  ********************
BLEU file: ./data/RQ5/java_10_2/validation.jsonl
  codebleu-4 = 11.94 	 Previous best codebleu 0
  ********************
 Achieve Best bleu:11.94
  ********************

***** Running evaluation *****
  Num examples = 100
  Batch size = 2
  epoch = 1
  eval_ppl = inf
  global_step = 3
  train_loss = 38.6922
  ********************
Previous best ppl:inf
Achieve Best ppl:inf
  ********************
BLEU file: ./data/RQ5/java_10_2/validation.jsonl
  codebleu-4 = 36.47 	 Previous best codebleu 11.94
  ********************
 Achieve Best bleu:36.47
  ********************

***** Running evaluation *****
  Num examples = 100
  Batch size = 2
  epoch = 2
  eval_ppl = inf
  global_step = 4
  train_loss = 18.5521
  ********************
Previous best ppl:inf
Achieve Best ppl:inf
  ********************
BLEU file: ./data/RQ5/java_10_2/validation.jsonl
  codebleu-4 = 69.89 	 Previous best codebleu 36.47
  ********************
 Achieve Best bleu:69.89
  ********************

***** Running evaluation *****
  Num examples = 100
  Batch size = 2
  epoch = 3
  eval_ppl = inf
  global_step = 5
  train_loss = 10.6705
  ********************
Previous best ppl:inf
BLEU file: ./data/RQ5/java_10_2/validation.jsonl
  codebleu-4 = 76.15 	 Previous best codebleu 69.89
  ********************
 Achieve Best bleu:76.15
  ********************

***** Running evaluation *****
  Num examples = 100
  Batch size = 2
  epoch = 4
  eval_ppl = inf
  global_step = 6
  train_loss = 6.7372
  ********************
Previous best ppl:inf
BLEU file: ./data/RQ5/java_10_2/validation.jsonl
  codebleu-4 = 77.64 	 Previous best codebleu 76.15
  ********************
 Achieve Best bleu:77.64
  ********************

***** Running evaluation *****
  Num examples = 100
  Batch size = 2
  epoch = 5
  eval_ppl = inf
  global_step = 7
  train_loss = 4.817
  ********************
Previous best ppl:inf
BLEU file: ./data/RQ5/java_10_2/validation.jsonl
  codebleu-4 = 77.48 	 Previous best codebleu 77.64
  ********************

***** Running evaluation *****
  Num examples = 100
  Batch size = 2
  epoch = 6
  eval_ppl = inf
  global_step = 8
  train_loss = 4.9176
  ********************
Previous best ppl:inf
BLEU file: ./data/RQ5/java_10_2/validation.jsonl
  codebleu-4 = 77.63 	 Previous best codebleu 77.64
  ********************

***** Running evaluation *****
  Num examples = 100
  Batch size = 2
  epoch = 7
  eval_ppl = inf
  global_step = 9
  train_loss = 3.3788
  ********************
Previous best ppl:inf
BLEU file: ./data/RQ5/java_10_2/validation.jsonl
  codebleu-4 = 78.35 	 Previous best codebleu 77.64
  ********************
 Achieve Best bleu:78.35
  ********************

***** Running evaluation *****
  Num examples = 100
  Batch size = 2
  epoch = 8
  eval_ppl = inf
  global_step = 10
  train_loss = 4.1216
  ********************
Previous best ppl:inf
BLEU file: ./data/RQ5/java_10_2/validation.jsonl
  codebleu-4 = 79.74 	 Previous best codebleu 78.35
  ********************
 Achieve Best bleu:79.74
  ********************

***** Running evaluation *****
  Num examples = 100
  Batch size = 2
  epoch = 9
  eval_ppl = inf
  global_step = 11
  train_loss = 2.5833
  ********************
Previous best ppl:inf
BLEU file: ./data/RQ5/java_10_2/validation.jsonl
  codebleu-4 = 79.96 	 Previous best codebleu 79.74
  ********************
 Achieve Best bleu:79.96
  ********************
reload model from RQ5/java_10/2_codet5p_220m/checkpoint-best-bleu
BLEU file: ./data/RQ5/java_10_2/test.jsonl
  codebleu = 75.48 
  Total = 500 
  Exact Fixed = 0 
[]
  Syntax Fixed = 0 
[]
  Cleaned Fixed = 4 
[58, 83, 344, 419]
  ********************
  Total = 500 
  Exact Fixed = 0 
[]
  Syntax Fixed = 0 
[]
  Cleaned Fixed = 4 
[58, 83, 344, 419]
  codebleu = 75.48 
[0.5828777388057019, 0.48234644630407475, 0.8344610480137715, 0.5193496366726691, 0.8410886457286899, 0.9000092746228069, 0.32299580633221936, 0.7238925475243609, 0.3072110927368262, 0.8011782298988499, 0.9927616907569681, 0.8593411581323525, 0.6704850073712101, 0.3363456439897524, 0.9816061032688781, 0.8741826330839139, 0.7523277398705996, 0.9342846849350264, 0.9403575354525664, 0.8673567485716778, 0.4995752716658843, 0.29296291481813247, 0.3213989993739358, 0.9000120435131169, 0.43042978422632594, 0.8985819684179537, 0.8702677461904487, 0.7422450114606644, 0.6151952248646311, 0.7984153870943118, 0.8961415113886637, 0.8579781671940192, 0.7321748033833095, 0.32919032342490556, 0.507673966802249, 0.1884290959416085, 0.9377704204852682, 0.854210129628853, 0.9410056506290296, 0.7467173881179517, 0.647685804031753, 0.6912594140452217, 0.7364366430245447, 0.8345641796204135, 0.45304289436940537, 0.24821795911075872, 0.32643299003761644, 0.976934640027229, 0.9061537357063023, 0.7366535801418781, 0.9269331830469714, 0.45304289436940537, 0.1884290959416085, 0.6011679702270646, 0.7478138851365419, 0.7574036506399683, 0.6993730085347135, 0.8855924534744011, 0.32299580633221936, 0.8704933355439815, 0.8309401076758502, 0.7942701366539271, 0.9125104348398385, 0.683747344676549, 0.5312731871562226, 0.9471534480091441, 0.9607233175453542, 0.843537340596747, 0.8629693959820761, 0.6973566997674165, 0.862422149190751, 0.7836690242372425, 0.8963926483875864, 0.6912594140452217, 0.9363184178206276, 0.8762476125170207, 0.712753268823352, 0.5422875137889253, 0.9233947978166772, 0.8665291872943124, 0.7621674550453241, 0.8693647831726143, 0.9327169633466876, 0.9109429421150292, 0.9852849226532605, 0.7519894248327487, 0.8885502659284443, 0.9197682751991088, 0.9488183079463388, 0.9662763734075034, 0.961485854541051, 0.2050518698526805, 0.18829998541868792, 0.9535662529996234, 0.8538020591665474, 0.8545521993874243, 0.8853701119354719, 0.8234153841991039, 0.8696882992240296, 0.8151472726544473, 0.6916772828650979, 0.18795749228944947, 0.8868571524065538, 0.9470071513080363, 0.8774842286953382, 0.8853058630953912, 0.8558905963347896, 0.8813815400934406, 0.7374080702465694, 0.8841057642921581, 0.514304080745775, 0.29018251691268837, 0.931919905317208, 0.8318604630520261, 0.898122990476288, 0.8744433206869813, 0.8947233410879221, 0.9600094284589669, 0.5791794163666516, 0.7733435159102884, 0.9068035015596566, 0.9418090107609731, 0.8765208719204487, 0.9461408346030404, 0.9596411809238716, 0.7188935477431233, 0.7335237499509486, 0.932758510312542, 0.48666825572275857, 0.28474780105294034, 0.32621382124317705, 0.9105568726695912, 0.8987135835101596, 0.9515492621717487, 0.9310402866577385, 0.9027159738051327, 0.8496056932535642, 0.547880594403099, 0.8275239936524709, 0.6850661340471761, 0.9140032864002167, 0.7901423077149385, 0.7691400464276663, 0.9492523028091309, 0.8936973938003048, 0.7399046460615835, 0.9584247004495543, 0.6708135801152272, 0.871607281170603, 0.2580942162909597, 0.2576616004082908, 0.7521995774305402, 0.937188378818399, 0.7583556269641405, 0.95273941015886, 0.7478138851365419, 0.4745664648972723, 0.8888435222418036, 0.657410880332295, 0.8951837826828467, 0.778090058048052, 0.6910641793807465, 0.938879555515129, 0.8623527611587013, 0.8234385994211576, 0.7987207973374136, 0.6973583055150055, 0.9312991012532417, 0.83084241467313, 0.176259533206224, 0.9041340728227794, 0.8884670476301071, 0.8189995554735204, 0.933286970639994, 0.8285441083529881, 0.32485071899189355, 0.9499046047578625, 0.9214852005355179, 0.6121576162732347, 0.06873752977782212, 0.3213989993739358, 0.9171481786623457, 0.7534461455968529, 0.8867171706601364, 0.8502729075207087, 1.0, 0.4955221217337541, 0.7094107466841283, 0.7506228403443113, 0.5269387155748682, 0.22992654570268986, 0.8820537543669489, 0.8218670339508176, 0.9465491069053984, 0.8756429067894516, 0.7060089851548503, 0.43042978422632594, 0.011857543177927664, 0.7363429957597007, 0.9156873229543501, 0.920847271632746, 0.936752055107628, 0.8939403219941204, 0.7988848397512625, 0.3294758781936611, 0.9168635615364948, 0.9735542568395896, 0.9055256568213023, 0.6781053145008827, 0.9471695160234401, 0.798272609744273, 0.9734190821154947, 0.6268790890159027, 0.9484513298936408, 0.11969907909369545, 0.34956490697024256, 0.8516665453656083, 0.9603262193723192, 0.7945631480201435, 0.801169789534145, 0.7170219254969812, 0.3213989993739358, 0.7703813467645078, 0.8543977368573089, 0.95, 0.32520807222026826, 0.507673966802249, 0.1775544829385125, 0.8801547132641002, 0.32643299003761644, 0.9288817233176625, 0.7636095864061366, 0.9487145883454327, 0.7878359372089682, 0.7360764107540074, 0.8017624348471263, 0.2506560806306355, 0.8465816263983615, 0.5796304135772156, 0.8498388617714197, 0.1884290959416085, 0.4955221217337541, 0.8651706733544999, 0.7957634923159257, 0.9257462023534273, 0.8921042672694857, 0.7730519120573912, 0.32621382124317705, 0.3272887125323853, 0.8093542785781114, 0.9676227264894173, 0.9142150440420558, 0.8761507136068414, 0.9275072085040059, 0.93092593470538, 0.5929022108454984, 0.7725040894073211, 0.8473249685745358, 0.2793597514829543, 0.5550107088205123, 0.26497838207602964, 0.9303179033192857, 0.9029228697393135, 0.8893504469902027, 0.8674435206185069, 0.9446955185101911, 0.8760135800491213, 0.8344531615285882, 0.8646780713427795, 0.32728738948552005, 0.8027136845880052, 0.9240481975214478, 0.1884290959416085, 0.3088186264458733, 0.9131034995733858, 0.9559045711960699, 0.2710109891511787, 0.6331524617665174, 0.30793433386770624, 0.6997489963655443, 0.9005633971565483, 0.3048909030824269, 0.9694667888884985, 0.9396180092663717, 0.8563172970811442, 0.30793433386770624, 0.7764283237678211, 0.9035957587334096, 0.7534377689300941, 0.9351406123825403, 0.11969907909369545, 0.9045061327824662, 0.5271907795075823, 0.5526561151084293, 0.5778624281512992, 0.9205458982768264, 0.6992043393714683, 0.647747611811963, 0.940888866830786, 0.8178334933130291, 0.9384313483327684, 0.8591474563888408, 0.28315100344781435, 0.9790427622042994, 0.9471695160234401, 0.7470090303739755, 0.841875207469964, 0.9234334473517907, 0.948052670635467, 0.6593994249275454, 0.8342699907959322, 0.7757388605257256, 0.7932369845589845, 0.505171337134554, 0.19041099341532325, 0.957146397188152, 0.8549033669907233, 0.843728854340388, 0.6890997896733405, 0.8712005145728838, 0.9821490926793564, 0.8335028039626476, 0.913084644861456, 0.7804434274762166, 0.7225963853375947, 0.9437628092763377, 0.8019309772658032, 0.8188865946509148, 0.32867202740761847, 0.26322308543408046, 0.638311632426873, 0.9606383615912808, 0.8679908487707813, 0.651002857872442, 0.8926703816314219, 0.507673966802249, 0.9005739349163713, 0.8411630424921515, 0.32728738948552005, 0.31963971674592223, 0.883163059481177, 0.8925235787478019, 0.8377252262881923, 0.9221557993275098, 0.8979311034464716, 0.941246887425869, 0.3597554292633871, 0.32621382124317705, 0.9288768296987449, 0.8114803769129251, 0.8641269634908533, 0.7571560504922936, 0.9214086041237446, 0.8696537204746508, 0.7472686199693764, 0.9809329721714535, 0.9299005628058057, 0.785678266679733, 0.9423575001497, 0.7297862281282066, 0.8989415087276855, 0.8608244486947461, 0.9030791576151858, 0.8627830017322995, 0.1884290959416085, 0.9693877551020409, 0.8142398365850732, 0.8626993870186701, 0.852734238473497, 0.8748503542446726, 0.9347001488455178, 0.9222725521291268, 0.5695758149747698, 0.7400913955844939, 0.8300129590496567, 0.3361664691432363, 0.29532123108074426, 0.9170972299520759, 0.9973062440915319, 0.9468414240145169, 0.896457542865793, 0.9120050406373192, 0.9452585311430763, 0.6831381239952166, 0.8910015553054362, 0.7023713204162336, 0.9684326167255213, 0.7964581754092617, 0.9973062440915319, 0.8256495113593998, 0.6682225093889983, 0.7781355130310348, 0.894141073173163, 0.9598250197069826, 0.9634911520696614, 0.8712775503716599, 0.8323441696598732, 0.8958013658804396, 0.6522081154278934, 0.9642153446749153, 0.9921681817198038, 0.7135449662005422, 0.7280460155792001, 0.9122491485294033, 0.8278488581694263, 0.7708128313590381, 0.7485418846203633, 0.8978266720737866, 0.9136051415192505, 0.9060328132136453, 0.507673966802249, 0.8505395682648067, 0.6669257319650184, 0.8960971760439522, 0.8950515255524043, 0.9442100823718134, 0.6901262669982268, 0.8212324536702587, 0.8957718999086999, 0.961965530245021, 0.7363429957597007, 0.9314651191074765, 0.8985609679543393, 0.9202827191608316, 0.6410378892354339, 0.8634064000352093, 0.9936419998424288, 0.7446841036831817, 0.7915314290630997, 0.9745770345730578, 0.74212817232249, 0.45560951656925464, 0.8839836214081072, 0.9146241894400875, 0.591651271701471, 0.8006887482878081, 0.86944691495958, 0.8068372263029933, 0.5351130312675151, 0.8970086390968797, 0.9343267218430718, 0.9350024698180224, 0.895540655184323, 0.4955221217337541, 0.9577969335874963, 0.883136773482629, 0.8228427124746189, 0.8179617939659143, 0.800083937746499, 0.9666327444353364, 0.8810554316276455, 0.7242924130243741, 0.7229151142178896, 0.7366505750537401, 0.9149306320417432, 0.6195517635451487, 0.9150679539598123, 0.32392604494770494, 0.47783923348528035, 0.850780171352979, 0.9133731397684426, 0.8243317050386542, 0.7065961844283755, 0.7522642454492299, 0.7935461504124401, 0.9272271558703311, 0.9016850690943105, 0.8362192242070374, 0.8893062778978682, 0.8187688443406063, 0.9210210949858122, 0.9015200916626787, 0.8713421516632174, 0.9139708530670974, 0.33654871423747795, 0.772616988243183, 0.8613514421762498, 0.8802951254285889, 0.9152573407816746, 0.9771473873342402, 0.9265716075901909, 0.3244235054005412, 0.9206598027093102, 0.7155660357121529, 0.7432816303642229, 0.890490591592302, 0.9449149097946257, 0.9069546174929648, 0.1884290959416085, 0.9049842403132857, 0.4955221217337541, 0.6101241997229176, 0.9058966001121493, 0.8254935742435682, 0.8514674628624775, 0.965572976935686, 0.3255507100593032, 0.9778527235265317, 0.9121508301280472, 0.32621382124317705]
Finish training and take 44m
