Namespace(log_name='./RQ5/tfix_300_2/codet5p_220m_f.log', model_name='Salesforce/codet5p-220m', lang='javascript', output_dir='RQ5/tfix_300_2/codet5p_220m_f', data_dir='./data/RQ5/tfix_300_2', no_cuda=False, visible_gpu='0', add_task_prefix=False, add_lang_ids=False, num_train_epochs=10, num_test_epochs=10, train_batch_size=8, eval_batch_size=4, gradient_accumulation_steps=2, load_model_path=None, config_name='', tokenizer_name='', max_source_length=512, max_target_length=512, warm_up_ratio=0.1, do_train=True, do_eval=True, do_test=True, do_lower_case=False, learning_rate=5e-05, beam_size=10, weight_decay=0.0, adam_epsilon=1e-08, max_grad_norm=1.0, max_steps=-1, eval_steps=-1, train_steps=-1, local_rank=-1, seed=42, early_stop_threshold=3)
Process rank: -1, device: cuda, n_gpu: 1, distributed training: False, model_name: Salesforce/codet5p-220m
model created!
Total 300 training instances 
***** Running training *****
  Num examples = 300
  Batch size = 8
  Num epoch = 10

***** Running evaluation *****
  Num examples = 100
  Batch size = 4
  epoch = 0
  eval_ppl = 1.00463
  global_step = 38
  train_loss = 0.972
  ********************
Previous best ppl:inf
Achieve Best ppl:1.00463
  ********************
BLEU file: ./data/RQ5/tfix_300_2/validation.jsonl
  codebleu-4 = 58.26 	 Previous best codebleu 0
  ********************
 Achieve Best bleu:58.26
  ********************

***** Running evaluation *****
  Num examples = 100
  Batch size = 4
  epoch = 1
  eval_ppl = 1.00404
  global_step = 75
  train_loss = 0.4691
  ********************
Previous best ppl:1.00463
Achieve Best ppl:1.00404
  ********************
BLEU file: ./data/RQ5/tfix_300_2/validation.jsonl
  codebleu-4 = 59.54 	 Previous best codebleu 58.26
  ********************
 Achieve Best bleu:59.54
  ********************

***** Running evaluation *****
  Num examples = 100
  Batch size = 4
  epoch = 2
  eval_ppl = 1.00414
  global_step = 112
  train_loss = 0.3231
  ********************
Previous best ppl:1.00404
BLEU file: ./data/RQ5/tfix_300_2/validation.jsonl
  codebleu-4 = 61.41 	 Previous best codebleu 59.54
  ********************
 Achieve Best bleu:61.41
  ********************

***** Running evaluation *****
  Num examples = 100
  Batch size = 4
  epoch = 3
  eval_ppl = 1.0041
  global_step = 149
  train_loss = 0.2212
  ********************
Previous best ppl:1.00404
BLEU file: ./data/RQ5/tfix_300_2/validation.jsonl
  codebleu-4 = 62.29 	 Previous best codebleu 61.41
  ********************
 Achieve Best bleu:62.29
  ********************

***** Running evaluation *****
  Num examples = 100
  Batch size = 4
  epoch = 4
  eval_ppl = 1.00442
  global_step = 186
  train_loss = 0.1387
  ********************
Previous best ppl:1.00404
BLEU file: ./data/RQ5/tfix_300_2/validation.jsonl
  codebleu-4 = 63.88 	 Previous best codebleu 62.29
  ********************
 Achieve Best bleu:63.88
  ********************

***** Running evaluation *****
  Num examples = 100
  Batch size = 4
  epoch = 5
  eval_ppl = 1.00449
  global_step = 223
  train_loss = 0.0953
  ********************
Previous best ppl:1.00404
BLEU file: ./data/RQ5/tfix_300_2/validation.jsonl
  codebleu-4 = 63.7 	 Previous best codebleu 63.88
  ********************

***** Running evaluation *****
  Num examples = 100
  Batch size = 4
  epoch = 6
  eval_ppl = 1.00476
  global_step = 260
  train_loss = 0.0713
  ********************
Previous best ppl:1.00404
BLEU file: ./data/RQ5/tfix_300_2/validation.jsonl
  codebleu-4 = 64.17 	 Previous best codebleu 63.88
  ********************
 Achieve Best bleu:64.17
  ********************

***** Running evaluation *****
  Num examples = 100
  Batch size = 4
  epoch = 7
  eval_ppl = 1.00475
  global_step = 297
  train_loss = 0.0589
  ********************
Previous best ppl:1.00404
BLEU file: ./data/RQ5/tfix_300_2/validation.jsonl
  codebleu-4 = 63.16 	 Previous best codebleu 64.17
  ********************

***** Running evaluation *****
  Num examples = 100
  Batch size = 4
  epoch = 8
  eval_ppl = 1.00479
  global_step = 334
  train_loss = 0.047
  ********************
Previous best ppl:1.00404
BLEU file: ./data/RQ5/tfix_300_2/validation.jsonl
  codebleu-4 = 63.85 	 Previous best codebleu 64.17
  ********************

***** Running evaluation *****
  Num examples = 100
  Batch size = 4
  epoch = 9
  eval_ppl = 1.00484
  global_step = 371
  train_loss = 0.0387
  ********************
Previous best ppl:1.00404
BLEU file: ./data/RQ5/tfix_300_2/validation.jsonl
  codebleu-4 = 63.96 	 Previous best codebleu 64.17
  ********************
reload model from RQ5/tfix_300_2/codet5p_220m_f/checkpoint-best-bleu
BLEU file: ./data/RQ5/tfix_300_2/test.jsonl
  codebleu = 62.17 
  Total = 500 
  Exact Fixed = 76 
[3, 12, 17, 45, 52, 57, 59, 60, 84, 88, 115, 118, 122, 128, 145, 147, 153, 154, 157, 166, 172, 176, 184, 188, 191, 193, 194, 201, 202, 205, 209, 212, 214, 215, 226, 232, 238, 252, 258, 263, 264, 268, 269, 289, 290, 292, 296, 303, 305, 316, 327, 328, 330, 333, 336, 348, 350, 359, 361, 367, 368, 372, 374, 377, 390, 391, 393, 415, 417, 426, 439, 457, 460, 473, 481, 497]
  Syntax Fixed = 3 
[77, 132, 341]
  Cleaned Fixed = 6 
[35, 126, 186, 198, 237, 469]
  ********************
  Total = 500 
  Exact Fixed = 76 
[3, 12, 17, 45, 52, 57, 59, 60, 84, 88, 115, 118, 122, 128, 145, 147, 153, 154, 157, 166, 172, 176, 184, 188, 191, 193, 194, 201, 202, 205, 209, 212, 214, 215, 226, 232, 238, 252, 258, 263, 264, 268, 269, 289, 290, 292, 296, 303, 305, 316, 327, 328, 330, 333, 336, 348, 350, 359, 361, 367, 368, 372, 374, 377, 390, 391, 393, 415, 417, 426, 439, 457, 460, 473, 481, 497]
  Syntax Fixed = 3 
[77, 132, 341]
  Cleaned Fixed = 6 
[35, 126, 186, 198, 237, 469]
  codebleu = 62.17 
[0.5670445241047504, 0.7768233041837815, 1.0, 0.31331096368700495, 0.6058511595444083, 0.5950366130605848, 0.0, 0.5483719692837501, 0.4930978393785904, 0.09999999999999999, 0.5368474083243506, 0.8182722690855053, 0.40537805984662106, 0.7569706667451968, 0.6179484048244397, 0.811117687292167, 1.0, 0.7099766481408452, 0.6885240359080308, 0.6974942116108808, 0.6716511056875383, 0.39323313167877133, 0.24915625771353556, 0.6674961219905687, 0.5970182644937875, 0.006758238160278511, 0.9438645504684042, 0.26164945162585174, 0.6624101654079205, 0.2855072113105671, 0.7059323615142865, 0.0, 0.5654473178899494, 0.9113854927948712, 0.8790355083665293, 0.42078646257801267, 0.0, 0.10556510016615601, 0.7155056700329363, 0.6398412446099295, 0.5511412946838178, 0.2721830948556524, 0.10202520055807765, 0.6202064481033123, 1.0, 0.3403395101580171, 0.6570057594483909, 0.274670867776058, 0.8208732553989724, 0.5900038817627358, 0.350381564995214, 1.0, 0.6558003592103332, 0.9109937969144031, 0.1297947365831559, 0.5194637253863024, 0.7135428903906851, 0.6667916052421734, 1.0, 1.0, 0.9315380507550484, 0.654297617187952, 0.5348435312891645, 0.7618233428889547, 0.6102992513800899, 0.6197233100748608, 0.6877745357134093, 0.4706502402815602, 0.4199748401004021, 0.28269688894370654, 0.8689038753288043, 0.714297617187952, 0.8508222909971193, 0.5077265232765378, 0.702664818575847, 0.29035107882031763, 0.8, 0.8413953187748859, 0.43317161913164237, 0.7230125488038366, 0.591516286342532, 0.3734424024864518, 0.6895579051414615, 1.0, 0.6359585563603126, 0.5451417837590342, 0.48115588878443294, 1.0, 0.8053935031810717, 0.3379826800002675, 0.8550899856418173, 0.7402739997668998, 0.44517512468103604, 0.45579909520741635, 0.32445344676020793, 0.7470738524243741, 0.8349004181959196, 0.8231407669641699, 0.7962637890346522, 0.5688724788208753, 0.6989456359513437, 0.9164266028701744, 0.7275723927836586, 0.6445931574752105, 0.7744515423179406, 0.0, 0.4593867118293433, 0.8399114554115357, 0.9398086753354581, 0.05270446328111167, 0.2878852119582799, 0.5876935279546878, 0.39272004516267667, 0.3079510025390523, 1.0, 0.8795723049113977, 0.6903510788203177, 1.0, 0.5143209096122012, 0.7017610307492962, 0.7302547136373172, 1.0, 0.763761398744189, 0.18962441329574325, 0.2176694832919011, 0.8186530227858186, 0.2011770485941022, 1.0, 0.5246680028432865, 0.4976113387647193, 0.48213747809551644, 0.7933079132362488, 0.12869111792447885, 0.39089314466834374, 0.6667528334695118, 0.4460952454685818, 0.553492655520654, 0.753207079624809, 0.14876752225153467, 0.4136911179244788, 0.6368551910912801, 0.770152703330311, 0.601625348216042, 0.47180509653022784, 0.8249365300761395, 0.6387218496729328, 1.0, 0.37668959821497894, 0.5862322739141566, 0.2970747365325167, 0.4854183564853334, 0.6612091961731477, 0.8114529051148651, 1.0, 0.40825339177238446, 0.7810169160146574, 1.0, 0.5869940359456796, 0.22499999999999998, 0.6684064493975892, 0.18320167114631294, 0.3630429266924383, 0.7504004004704901, 0.7954279937030855, 0.45443627493082295, 1.0, 0.5975210264287113, 0.49215257204284135, 0.316689598214979, 0.4289051187833622, 0.6868474083243508, 0.7135428903906851, 0.4406441546153521, 0.9500330416345475, 0.4065032326897709, 0.8249365300761395, 0.41996134394226886, 0.5745997086539989, 0.6278910313966588, 0.11453360085481801, 0.36686807121046905, 0.6780323751412478, 0.5164927712445991, 1.0, 0.7651650731090275, 0.8731931556322046, 0.6768135707296309, 0.7135428903906851, 0.19535576197454044, 0.7725146668513112, 1.0, 0.8004765133307485, 0.8249365300761395, 1.0, 0.43648868589003154, 0.5292290800492288, 0.007044218708112843, 0.8837480609952844, 0.7955692089739603, 0.5919953379147749, 1.0, 1.0, 0.40485075092622447, 0.7825255142177938, 1.0, 0.6271806220068676, 0.4139240818757265, 0.7971354401872718, 0.8114529051148651, 0.5364341998573671, 0.6116850869767493, 1.0, 0.30462621654037875, 1.0, 1.0, 0.174436274930823, 0.6827564874918781, 0.44619887519287305, 0.9320894171538912, 0.7755969629986152, 0.4580200993563527, 0.6740103526642764, 0.731117687292167, 0.15997084006767517, 0.691318859382493, 1.0, 0.677288551000834, 0.8405015189054708, 0.9414428605659417, 0.11558530246943605, 0.1064354557019762, 1.0, 0.0, 0.5992413083109663, 0.6844125934903402, 0.8083325080431145, 0.6119613551150405, 1.0, 0.3965193255633748, 0.7812973541764453, 0.7471765364160405, 0.4268169073526533, 0.6519585531485825, 0.7263487966630597, 0.7121614593839038, 0.6321782328024446, 0.3544440011696263, 0.7225371723695806, 0.474518199459927, 0.6350178817306947, 0.5073028085492076, 1.0, 0.6088783494196637, 0.6636363636363636, 0.22499999999999998, 0.7430779662080889, 0.2772943579237247, 1.0, 0.7100060129578126, 0.7299948711471688, 0.5017814354051087, 0.5585140118159326, 1.0, 1.0, 0.22668959821497897, 0.6624678525854575, 0.31683850155049365, 0.8249365300761395, 1.0, 0.3714877971723338, 0.6848698374809952, 0.8041309711215883, 0.6844125934903402, 0.43829433999099154, 0.6381394976554917, 0.6463729364766281, 0.4016534478992738, 0.6174969094123448, 0.7142845202249919, 0.5551668790236555, 0.5600468038501167, 0.4785438531809256, 0.40732381855793504, 0.6877459225855624, 0.8470997505392659, 0.0, 0.5966289756845221, 0.8849384145327521, 1.0, 1.0, 0.5516551101233702, 0.8249365300761395, 0.6366015466501336, 0.6851384298635612, 0.8232059780715621, 0.8249365300761395, 0.7911679345786041, 0.573043959575943, 0.42582174610108015, 0.10758390671207611, 0.8374634481857526, 0.5761697895341449, 1.0, 0.44245571892563784, 1.0, 0.5985667747214658, 0.9238877689380496, 0.8356658099532572, 0.769581697257735, 0.7589313486814424, 0.3220998891127413, 0.1344057918034266, 0.22368441215365098, 0.5508430684331036, 0.5680054404199835, 1.0, 0.714297617187952, 0.3502184077768308, 0.6516274875052652, 0.06, 0.8378414230005442, 0.5174693084765555, 0.5702518310230941, 0.6240048954556174, 0.8034645362012123, 0.9211619479436641, 1.0, 1.0, 0.4372429839446083, 1.0, 0.7359735741809917, 0.6273488306532815, 1.0, 0.7189894209825303, 0.656468030647374, 0.6478852119582799, 0.3345237262628074, 0.8483079099466743, 0.5015372100944879, 0.7591116846422887, 0.9547081880846386, 0.5680524575325056, 0.3381394976554918, 0.8521964460866425, 0.6287796716807859, 0.5424094289706055, 0.5398855599662549, 1.0, 0.5193052677964398, 1.0, 0.8069007178395178, 0.9176675865658077, 0.4147896756607047, 0.4677998575961082, 0.0, 0.4890714508161259, 0.4696596203634412, 0.6745228788727515, 0.9891483218006352, 0.5780999494416426, 1.0, 0.6245836923955046, 0.6980083797903092, 0.1709442817534614, 0.5027054768195429, 0.5932305781811854, 1.0, 1.0, 0.2696847134058581, 0.8378414230005442, 0.444006594916457, 1.0, 0.32898762131831805, 1.0, 0.7700435930643703, 0.5700879883608101, 1.0, 0.44928604604736677, 0.3053372331674803, 0.7630012724941725, 0.4621787547146431, 0.6398103351245982, 0.8184276974159628, 0.7916479842275448, 0.4617799469574212, 0.5758081453961951, 0.8233303578084277, 0.7530301180787049, 0.8619254788161215, 0.8114529051148651, 1.0, 0.7756211334750283, 1.0, 0.17731538118686083, 0.4592493207167594, 0.7210821183929019, 0.7230706259860853, 0.12296711450648444, 0.5019774510104837, 0.31860139828537487, 0.37384180996097194, 0.7108049881272258, 0.752380452288719, 0.18585881606736232, 0.39969884422068214, 0.6567867859128023, 0.6354739770278475, 0.7076128819443722, 0.6754386750930661, 0.0857142857142857, 0.0, 0.823863323049132, 0.8655056700329364, 0.8, 1.0, 0.09713682208624577, 0.9891483218006352, 0.5554183564853334, 0.038139497655491794, 0.15529892970465703, 0.2518991111280603, 0.4778533416343903, 0.7054819616225767, 0.5383089748131177, 0.5621609692548745, 0.8249365300761395, 0.5786580151554076, 0.5092272948800609, 0.21056545775751523, 0.6183689771600134, 0.5646170798740607, 0.21151332797896238, 0.685303136808272, 0.7288312733021203, 0.8863585661014859, 0.6829777303051304, 0.7511655122445988, 0.5616686574107796, 1.0, 0.08928571428571427, 0.40739727760582384, 0.5036911179244787, 0.7260484492137269, 0.8845572237610086, 0.8292906179772745, 0.636068568378893, 0.6883329804487951, 0.7924012535180505, 0.19404871089985237, 0.5518505299283467, 0.1547936496172354, 0.8379283989138028, 0.8917028689549173, 0.33594700943102185, 0.8648103351245982, 0.0828714707479615, 1.0, 0.8326781496971694, 0.7387037834978107, 1.0, 0.6099380655621088, 0.7780387576883845, 0.29371181369212096, 0.4714698407062744, 0.8677459225855626, 0.6745410470195684, 0.4432027101248005, 0.859664396260277, 0.6807990952074163, 0.6809070226208283, 0.7316423857228858, 0.7195565989965169, 1.0, 0.7710658705890923, 0.5788504207761257, 0.3, 0.6812000145029719, 0.6893720612567699, 0.7571038996052304, 0.6517965513447935, 0.8249365300761395, 0.8955980328281301, 0.8115900311996962, 0.08251128145232256, 0.6785036503543816, 0.562520658360374, 0.6901940524102714, 0.5089439475762831, 0.23868348617790436, 0.5282087277319494, 0.7135160729534664, 0.4619180665937579, 0.6986613814884177, 0.6580098924657095, 0.5562895166803407, 0.6385629301801026, 1.0, 0.7533655306263078, 0.387966609042281, 0.6101458438731493]
Finish training and take 7m
