Namespace(log_name='./xcodeeval/3/soft2_codet5p_220m.log', model_name='Salesforce/codet5p-220m', lang='c', output_dir='xcodeeval/3/soft2_codet5p_220m', data_dir='./data/xcodeeval/3', no_cuda=False, visible_gpu='0', num_train_epochs=10, num_test_epochs=1, train_batch_size=6, eval_batch_size=4, gradient_accumulation_steps=1, load_model_path=None, config_name='', tokenizer_name='', max_source_length=512, max_target_length=512, warm_up_ratio=0.1, do_train=True, do_eval=True, do_test=True, freeze=False, learning_rate=5e-05, beam_size=10, weight_decay=0.0, adam_epsilon=1e-08, local_rank=-1, seed=42, early_stop_threshold=3)
Process rank: -1, device: cuda, n_gpu: 1, distributed training: False
Model created!!
[[{'text': '#include<stdio.h> int main() { int t,i=1; scanf("%d",&t); while(i<=t)  {  int s,a,b,c,d;  scanf("%d%d%d%d",&s,&a,&b,&c);  d=(s/c)+((s/a)*b);  printf("%d",d);  } return 0; }', 'loss_ids': 0, 'shortenable_ids': 1}, {'text': '<mask>', 'loss_ids': 1, 'shortenable_ids': 0}, {'text': 'is the fixed version', 'loss_ids': 0, 'shortenable_ids': 0}], {'guid': 0, 'tgt_text': '#include<stdio.h> int main() { long long s,a,b,c,d,p; int t,i; scanf("%d",&t); for(i=1;i<=t;i++)  {  scanf("%I64d%I64d%I64d%I64d",&s,&a,&b,&c);  p=s/c;  d=(p)+((p/a)*b);  printf("%I64d\\n",d);  } return 0; }'}]
***** Running training *****
  Num examples = 1082
  Batch size = 6
  Num epoch = 10

***** Running evaluation *****
  Num examples = 136
  Batch size = 4
  epoch = 0
  eval_ppl = inf
  global_step = 182
  train_loss = 71.8583
  ********************
Previous best ppl:inf
Achieve Best ppl:inf
  ********************
BLEU file: ./data/xcodeeval/3/validation.jsonl
  codebleu-4 = 75.88 	 Previous best codebleu 0
  ********************
 Achieve Best bleu:75.88
  ********************

***** Running evaluation *****
  Num examples = 136
  Batch size = 4
  epoch = 1
  eval_ppl = inf
  global_step = 363
  train_loss = 57.974
  ********************
Previous best ppl:inf
BLEU file: ./data/xcodeeval/3/validation.jsonl
  codebleu-4 = 75.62 	 Previous best codebleu 75.88
  ********************

***** Running evaluation *****
  Num examples = 136
  Batch size = 4
  epoch = 2
  eval_ppl = inf
  global_step = 544
  train_loss = 47.3803
  ********************
Previous best ppl:inf
BLEU file: ./data/xcodeeval/3/validation.jsonl
  codebleu-4 = 75.7 	 Previous best codebleu 75.88
  ********************

***** Running evaluation *****
  Num examples = 136
  Batch size = 4
  epoch = 3
  eval_ppl = inf
  global_step = 725
  train_loss = 39.3497
  ********************
Previous best ppl:inf
BLEU file: ./data/xcodeeval/3/validation.jsonl
  codebleu-4 = 75.68 	 Previous best codebleu 75.88
  ********************
early stopping!!!
reload model from xcodeeval/3/soft2_codet5p_220m/checkpoint-best-bleu
BLEU file: ./data/xcodeeval/3/test.jsonl
  codebleu = 74.97 
  Total = 135 
  Exact Fixed = 1 
[88]
  Syntax Fixed = 0 
[]
  Cleaned Fixed = 0 
[]
  ********************
  Total = 135 
  Exact Fixed = 1 
[88]
  Syntax Fixed = 0 
[]
  Cleaned Fixed = 0 
[]
  codebleu = 74.97 
[0.7802656127733693, 0.5615080434732654, 0.6311616600954335, 0.9365196789327868, 0.9759316203623163, 0.08651205986326166, 0.25656679901645385, 0.7669842146074164, 0.6498389062539932, 0.4879406914056245, 0.5564880010186164, 0.8164468849403668, 0.8805670984187464, 0.9432628994248902, 0.9377858074101935, 0.9175636111085979, 0.38735431410528753, 0.947175667983928, 0.7822722252676139, 0.8187917419573252, 0.9705776794701617, 0.9735791100966684, 0.8333813540442871, 0.5524112337326081, 0.7657560530824576, 0.9450171055839813, 0.8324183912964096, 0.9343575548388978, 0.5790261988125887, 0.8896800467143886, 0.91412960455335, 0.4328828981880556, 0.63014750305347, 0.9426913924346523, 0.5925258544448675, 0.8415834056802387, 0.739909040388661, 0.9025560323310975, 0.5717465644724119, 0.9670641264245079, 0.867980815381816, 0.8583791034780668, 0.9306240015142291, 0.9015258273038302, 0.7807079788494218, 0.8470562047308248, 0.9623079709182942, 0.6998344305207298, 0.950524665864859, 0.9271268293893964, 0.9323869806229541, 0.9828198222975641, 0.8887016245823971, 0.8518800417151922, 0.7801949080730365, 0.9648891735454908, 0.8403497788628866, 0.9477813702498612, 0.951315622822358, 0.33295797590328613, 0.35624122019684656, 0.7982100679121421, 0.9217008915274616, 0.878087949536615, 0.9102988472297439, 0.9858263222388597, 0.9859658995808198, 0.15351946048762036, 0.9289471675486692, 0.8339849455214231, 0.9109344104254649, 0.9669138743101213, 0.9503712900963834, 0.8542087260144058, 0.9525069902299836, 0.4690292303886101, 0.8407476811625068, 0.8657268209604377, 0.6927725662122917, 0.8269793321315543, 0.8947151965627762, 0.9650446019275767, 0.7761391783604946, 0.9512693309096103, 0.5677893088427866, 0.7763879223350485, 0.26765125761038455, 1.0, 0.9743329739145192, 0.8980952928375916, 0.5797226856861304, 0.48170226274723915, 0.9498733743967636, 0.6754891877967227, 0.30278837455257246, 0.8333124373352575, 0.4196734157127252, 0.6352418602881265, 0.8073901203678424, 0.3913905692778357, 0.9555110270475338, 0.8887166921786569, 0.47266766836385843, 0.9534278780598358, 0.9393217253155881, 0.8897945586059963, 0.3355749130492112, 0.35148053648224986, 0.8956002753268077, 0.3868507250835175, 0.919755073180808, 0.3455555205176508, 0.4954735182274035, 0.9427008679312978, 0.5442886701759317, 0.3808409854148654, 0.8759700055210595, 0.7052622199542771, 0.9732456940628658, 0.817850581479403, 0.6131424394366902, 0.68941044587298, 0.7934303369700066, 0.9764351042658364, 0.4953415641367399, 0.6908535288138271, 0.9294284870142819, 0.37462332268897325, 0.37224533982578545, 0.4191471722230175, 0.9393874070011292, 0.9534993539333827, 0.7855314395331163, 0.4094542044720756, 0.3357637568330429]
Finish training and take 17m
Namespace(log_name='./xcodeeval/3/soft2_codet5p_220m.log', model_name='Salesforce/codet5p-220m', lang='javascript', output_dir='xcodeeval/3/soft2_codet5p_220m', data_dir='./data/xcodeeval/3', no_cuda=False, visible_gpu='0', num_train_epochs=10, num_test_epochs=1, train_batch_size=6, eval_batch_size=4, gradient_accumulation_steps=1, load_model_path=None, config_name='', tokenizer_name='', max_source_length=512, max_target_length=512, warm_up_ratio=0.1, do_train=True, do_eval=True, do_test=True, freeze=False, learning_rate=5e-05, beam_size=10, weight_decay=0.0, adam_epsilon=1e-08, local_rank=-1, seed=42, early_stop_threshold=3)
Process rank: -1, device: cuda, n_gpu: 1, distributed training: False
Model created!!
[[{'text': 'Fix the bug in', 'loss_ids': 0, 'shortenable_ids': 0}, {'text': ' #include<stdio.h> int main() { int t,i=1; scanf("%d",&t); while(i<=t)  {  int s,a,b,c,d;  scanf("%d%d%d%d",&s,&a,&b,&c);  d=(s/c)+((s/a)*b);  printf("%d",d);  } return 0; }', 'loss_ids': 0, 'shortenable_ids': 1}, {'text': '<mask>', 'loss_ids': 1, 'shortenable_ids': 0}], {'guid': 0, 'tgt_text': '#include<stdio.h> int main() { long long s,a,b,c,d,p; int t,i; scanf("%d",&t); for(i=1;i<=t;i++)  {  scanf("%I64d%I64d%I64d%I64d",&s,&a,&b,&c);  p=s/c;  d=(p)+((p/a)*b);  printf("%I64d\\n",d);  } return 0; }'}]
***** Running training *****
  Num examples = 1082
  Batch size = 6
  Num epoch = 10

***** Running evaluation *****
  Num examples = 136
  Batch size = 4
  epoch = 0
  eval_ppl = inf
  global_step = 182
  train_loss = 70.9406
  ********************
Previous best ppl:inf
Achieve Best ppl:inf
  ********************
BLEU file: ./data/xcodeeval/3/validation.jsonl
  codebleu-4 = 76.3 	 Previous best codebleu 0
  ********************
 Achieve Best bleu:76.3
  ********************

***** Running evaluation *****
  Num examples = 136
  Batch size = 4
  epoch = 1
  eval_ppl = inf
  global_step = 363
  train_loss = 58.0065
  ********************
Previous best ppl:inf
Achieve Best ppl:inf
  ********************
BLEU file: ./data/xcodeeval/3/validation.jsonl
  codebleu-4 = 76.38 	 Previous best codebleu 76.3
  ********************
 Achieve Best bleu:76.38
  ********************

***** Running evaluation *****
  Num examples = 136
  Batch size = 4
  epoch = 2
  eval_ppl = inf
  global_step = 544
  train_loss = 47.11
  ********************
Previous best ppl:inf
BLEU file: ./data/xcodeeval/3/validation.jsonl
  codebleu-4 = 76.38 	 Previous best codebleu 76.38
  ********************

***** Running evaluation *****
  Num examples = 136
  Batch size = 4
  epoch = 3
  eval_ppl = inf
  global_step = 725
  train_loss = 39.0143
  ********************
Previous best ppl:inf
BLEU file: ./data/xcodeeval/3/validation.jsonl
  codebleu-4 = 76.58 	 Previous best codebleu 76.38
  ********************
 Achieve Best bleu:76.58
  ********************

***** Running evaluation *****
  Num examples = 136
  Batch size = 4
  epoch = 4
  eval_ppl = inf
  global_step = 906
  train_loss = 31.9939
  ********************
Previous best ppl:inf
BLEU file: ./data/xcodeeval/3/validation.jsonl
  codebleu-4 = 76.64 	 Previous best codebleu 76.58
  ********************
 Achieve Best bleu:76.64
  ********************

***** Running evaluation *****
  Num examples = 136
  Batch size = 4
  epoch = 5
  eval_ppl = inf
  global_step = 1087
  train_loss = 26.918
  ********************
Previous best ppl:inf
BLEU file: ./data/xcodeeval/3/validation.jsonl
  codebleu-4 = 76.67 	 Previous best codebleu 76.64
  ********************
 Achieve Best bleu:76.67
  ********************

***** Running evaluation *****
  Num examples = 136
  Batch size = 4
  epoch = 6
  eval_ppl = inf
  global_step = 1268
  train_loss = 22.3213
  ********************
Previous best ppl:inf
BLEU file: ./data/xcodeeval/3/validation.jsonl
  codebleu-4 = 76.66 	 Previous best codebleu 76.67
  ********************

***** Running evaluation *****
  Num examples = 136
  Batch size = 4
  epoch = 7
  eval_ppl = inf
  global_step = 1449
  train_loss = 18.5441
  ********************
Previous best ppl:inf
BLEU file: ./data/xcodeeval/3/validation.jsonl
  codebleu-4 = 76.43 	 Previous best codebleu 76.67
  ********************

***** Running evaluation *****
  Num examples = 136
  Batch size = 4
  epoch = 8
  eval_ppl = inf
  global_step = 1630
  train_loss = 16.2158
  ********************
Previous best ppl:inf
BLEU file: ./data/xcodeeval/3/validation.jsonl
  codebleu-4 = 76.57 	 Previous best codebleu 76.67
  ********************
early stopping!!!
reload model from xcodeeval/3/soft2_codet5p_220m/checkpoint-best-bleu
BLEU file: ./data/xcodeeval/3/test.jsonl
  codebleu = 77.3 
  Total = 135 
  Exact Fixed = 2 
[53, 88]
  Syntax Fixed = 0 
[]
  Cleaned Fixed = 0 
[]
  ********************
  Total = 135 
  Exact Fixed = 2 
[53, 88]
  Syntax Fixed = 0 
[]
  Cleaned Fixed = 0 
[]
  codebleu = 77.3 
[0.7930383830384244, 0.6392795272582588, 0.6792862695491257, 0.9502418834898978, 0.9758339804696914, 0.2878172209614635, 0.2765328871843907, 0.7231930656639858, 0.6592631929418711, 0.5377583089681881, 0.5940189485908823, 0.876180551163855, 0.897817725913767, 0.9420557746966947, 0.8525413934634117, 0.9270580810415119, 0.9411317430745978, 0.9431961783853773, 0.7964984450223446, 0.8727432407617662, 0.8171294036080927, 0.9740373599623966, 0.8277836434975402, 0.13472255101634595, 0.5755779920386552, 0.9531555071434354, 0.9167157853453367, 0.940618264932215, 0.6605472548610247, 0.7867528478116388, 0.8985893082984535, 0.4482135421550838, 0.651748359372291, 0.8800756121089309, 0.6308382611854296, 0.8661810543749726, 0.5006514454572529, 0.9018860440635916, 0.6551263268738325, 0.9715609213464433, 0.8549763631393232, 0.8649618005741262, 0.9300795825844461, 0.9732616951721205, 0.7849812591902816, 0.8164418828895111, 0.9602702433354682, 0.6709081425686154, 0.9529543568644763, 0.854218726633466, 0.9712222651426679, 0.9878198222975643, 1.0, 0.8611623924500253, 0.798674765707978, 0.9647018272545371, 0.8937864272899989, 0.9520470651601254, 0.9578167300669009, 0.39929837953370567, 0.3809460757174854, 0.8170084699930608, 0.9254624313283781, 0.8943108951071355, 0.8943821923596362, 0.985620152911242, 0.985815242653237, 0.39007271596914256, 0.9425983478919078, 0.8428252862137879, 0.8908307372779201, 0.8903668890472947, 0.9575682597933532, 0.9542064763663376, 0.8805173160963302, 0.5095757614306039, 0.7547645848880289, 0.9100414909824395, 0.7125426843054572, 0.8459841979083365, 0.9101246622199792, 0.9647509874760793, 0.6461183983838088, 0.9622217118619911, 0.6225011620919609, 0.8530547860212236, 0.26728793102639314, 1.0, 0.9742381690965436, 0.903030274345493, 0.5937619838426041, 0.6251340854809959, 0.9495565333799167, 0.7371768721126443, 0.37925026985803056, 0.785176859858, 0.4616531297279113, 0.6477140949094031, 0.852569348194697, 0.5597660040107635, 0.955079783529782, 0.9164168588375385, 0.5622097032015565, 0.962909275221933, 0.939035241930148, 0.85577382378368, 0.3946286659181335, 0.34683643507652717, 0.837924760099672, 0.4575178254887267, 0.9320156095792755, 0.3236523720682495, 0.5738959251317064, 0.9660280102078844, 0.5771829989862841, 0.5056696414505548, 0.8937985500759484, 0.718243752333009, 0.973091057606223, 0.8328769598180736, 0.6283390052484225, 0.6532151024840712, 0.8290544225940923, 0.9761024827151545, 0.516450178566324, 0.8162608041275157, 0.9428188290665959, 0.7581205259459995, 0.9066854413347721, 0.47024522026058446, 0.9489597424505112, 0.9530990026936303, 0.9292852494545925, 0.5038390814107655, 0.32877450952121484]
Finish training and take 36m
Namespace(log_name='./xcodeeval/3/soft2_codet5p_220m.log', model_name='Salesforce/codet5p-220m', lang='c', output_dir='xcodeeval/3/soft2_codet5p_220m', data_dir='./data/xcodeeval/3', no_cuda=False, visible_gpu='0', num_train_epochs=10, num_test_epochs=1, train_batch_size=6, eval_batch_size=4, gradient_accumulation_steps=1, load_model_path=None, config_name='', tokenizer_name='', max_source_length=512, max_target_length=512, warm_up_ratio=0.1, do_train=True, do_eval=True, do_test=True, freeze=False, learning_rate=5e-05, beam_size=10, weight_decay=0.0, adam_epsilon=1e-08, local_rank=-1, seed=42, early_stop_threshold=3)
Process rank: -1, device: cuda, n_gpu: 1, distributed training: False
Model created!!
[[{'text': 'Fix the bug in', 'loss_ids': 0, 'shortenable_ids': 0}, {'text': ' #include<stdio.h> int main() { int t,i=1; scanf("%d",&t); while(i<=t)  {  int s,a,b,c,d;  scanf("%d%d%d%d",&s,&a,&b,&c);  d=(s/c)+((s/a)*b);  printf("%d",d);  } return 0; }', 'loss_ids': 0, 'shortenable_ids': 1}, {'text': '<mask>', 'loss_ids': 1, 'shortenable_ids': 0}], {'guid': 0, 'tgt_text': '#include<stdio.h> int main() { long long s,a,b,c,d,p; int t,i; scanf("%d",&t); for(i=1;i<=t;i++)  {  scanf("%I64d%I64d%I64d%I64d",&s,&a,&b,&c);  p=s/c;  d=(p)+((p/a)*b);  printf("%I64d\\n",d);  } return 0; }'}]
***** Running training *****
  Num examples = 1082
  Batch size = 6
  Num epoch = 10

***** Running evaluation *****
  Num examples = 136
  Batch size = 4
  epoch = 0
  eval_ppl = inf
  global_step = 182
  train_loss = 71.4659
  ********************
Previous best ppl:inf
Achieve Best ppl:inf
  ********************
BLEU file: ./data/xcodeeval/3/validation.jsonl
  codebleu-4 = 75.58 	 Previous best codebleu 0
  ********************
 Achieve Best bleu:75.58
  ********************

***** Running evaluation *****
  Num examples = 136
  Batch size = 4
  epoch = 1
  eval_ppl = inf
  global_step = 363
  train_loss = 58.4358
  ********************
Previous best ppl:inf
BLEU file: ./data/xcodeeval/3/validation.jsonl
  codebleu-4 = 75.66 	 Previous best codebleu 75.58
  ********************
 Achieve Best bleu:75.66
  ********************

***** Running evaluation *****
  Num examples = 136
  Batch size = 4
  epoch = 2
  eval_ppl = inf
  global_step = 544
  train_loss = 49.028
  ********************
Previous best ppl:inf
BLEU file: ./data/xcodeeval/3/validation.jsonl
  codebleu-4 = 75.39 	 Previous best codebleu 75.66
  ********************

***** Running evaluation *****
  Num examples = 136
  Batch size = 4
  epoch = 3
  eval_ppl = inf
  global_step = 725
  train_loss = 40.5441
  ********************
Previous best ppl:inf
BLEU file: ./data/xcodeeval/3/validation.jsonl
  codebleu-4 = 75.7 	 Previous best codebleu 75.66
  ********************
 Achieve Best bleu:75.7
  ********************

***** Running evaluation *****
  Num examples = 136
  Batch size = 4
  epoch = 4
  eval_ppl = inf
  global_step = 906
  train_loss = 33.4852
  ********************
Previous best ppl:inf
BLEU file: ./data/xcodeeval/3/validation.jsonl
  codebleu-4 = 76.0 	 Previous best codebleu 75.7
  ********************
 Achieve Best bleu:76.0
  ********************

***** Running evaluation *****
  Num examples = 136
  Batch size = 4
  epoch = 5
  eval_ppl = inf
  global_step = 1087
  train_loss = 28.0371
  ********************
Previous best ppl:inf
BLEU file: ./data/xcodeeval/3/validation.jsonl
  codebleu-4 = 76.29 	 Previous best codebleu 76.0
  ********************
 Achieve Best bleu:76.29
  ********************

***** Running evaluation *****
  Num examples = 136
  Batch size = 4
  epoch = 6
  eval_ppl = inf
  global_step = 1268
  train_loss = 23.5809
  ********************
Previous best ppl:inf
BLEU file: ./data/xcodeeval/3/validation.jsonl
  codebleu-4 = 76.1 	 Previous best codebleu 76.29
  ********************

***** Running evaluation *****
  Num examples = 136
  Batch size = 4
  epoch = 7
  eval_ppl = inf
  global_step = 1449
  train_loss = 20.0387
  ********************
Previous best ppl:inf
BLEU file: ./data/xcodeeval/3/validation.jsonl
  codebleu-4 = 75.97 	 Previous best codebleu 76.29
  ********************

***** Running evaluation *****
  Num examples = 136
  Batch size = 4
  epoch = 8
  eval_ppl = inf
  global_step = 1630
  train_loss = 17.4498
  ********************
Previous best ppl:inf
BLEU file: ./data/xcodeeval/3/validation.jsonl
  codebleu-4 = 76.08 	 Previous best codebleu 76.29
  ********************
early stopping!!!
reload model from xcodeeval/3/soft2_codet5p_220m/checkpoint-best-bleu
BLEU file: ./data/xcodeeval/3/test.jsonl
  codebleu = 75.3 
  Total = 135 
  Exact Fixed = 3 
[53, 72, 88]
  Syntax Fixed = 0 
[]
  Cleaned Fixed = 0 
[]
  ********************
  Total = 135 
  Exact Fixed = 3 
[53, 72, 88]
  Syntax Fixed = 0 
[]
  Cleaned Fixed = 0 
[]
  codebleu = 75.3 
[0.7802656127733693, 0.547632823251145, 0.6311616600954335, 0.9503998344473819, 0.9759316203623163, 0.08651205986326166, 0.25656679901645385, 0.7669842146074164, 0.6498389062539932, 0.5030724841624163, 0.5564880010186164, 0.8164468849403668, 0.8805670984187464, 0.9432628994248902, 0.9377858074101935, 0.9175636111085979, 0.38735431410528753, 0.947175667983928, 0.7822722252676139, 0.8106836338492169, 0.9705776794701617, 0.9735791100966684, 0.8333813540442871, 0.5524112337326081, 0.7657560530824576, 0.9450171055839813, 0.8324183912964096, 0.9343575548388978, 0.5790261988125887, 0.8896800467143886, 0.91412960455335, 0.4328828981880556, 0.63014750305347, 0.9716642922960141, 0.5925258544448675, 0.7259849312989834, 0.739909040388661, 0.9025560323310975, 0.5344552866173251, 0.9670641264245079, 0.867980815381816, 0.8583791034780668, 0.9306240015142291, 0.955626584171517, 0.7807079788494218, 0.8470562047308248, 0.9623079709182942, 0.6958892250412778, 0.950524665864859, 0.9312349008025642, 0.9712222651426679, 0.9828198222975641, 1.0, 0.8518800417151922, 0.760840069363359, 0.9648891735454908, 0.8442458827589905, 0.9477813702498612, 0.951315622822358, 0.33295797590328613, 0.35624122019684656, 0.7982100679121421, 0.9217008915274616, 0.8689970404457057, 0.8997876889229868, 0.9858263222388597, 0.9859658995808198, 0.15351946048762036, 0.9289471675486692, 0.8339849455214231, 0.9109344104254649, 1.0, 0.9503712900963834, 0.9444842541441154, 0.9525069902299836, 0.5474913051472977, 0.8308197719965693, 0.8657268209604377, 0.6927725662122917, 0.8269793321315543, 0.8947151965627762, 0.9650446019275767, 0.7761391783604946, 0.9512693309096103, 0.5677893088427866, 0.7763879223350485, 0.26765125761038455, 1.0, 0.9743329739145192, 0.8980952928375916, 0.5797226856861304, 0.48170226274723915, 0.9498733743967636, 0.7470362018806367, 0.30278837455257246, 0.821773975796796, 0.4196734157127252, 0.6352418602881265, 0.9258576635726143, 0.3913905692778357, 0.9555110270475338, 0.9174195483383916, 0.47266766836385843, 0.9534278780598358, 0.9393217253155881, 0.8897945586059963, 0.3355749130492112, 0.35148053648224986, 0.8956002753268077, 0.3868507250835175, 0.919755073180808, 0.3455555205176508, 0.4954735182274035, 0.9427008679312978, 0.5442886701759317, 0.3816802695568956, 0.8759700055210595, 0.7052622199542771, 0.9732456940628658, 0.817850581479403, 0.6131424394366902, 0.68941044587298, 0.7934303369700066, 0.9764351042658364, 0.4953415641367399, 0.6649340012774757, 0.9294284870142819, 0.37462332268897325, 0.37224533982578545, 0.4191471722230175, 0.9393874070011292, 0.9769452836232426, 0.7855314395331163, 0.4077644963307545, 0.3357637568330429]
Finish training and take 47m
