Namespace(log_name='./xcodeeval/3/soft3_codet5p_770m.log', model_name='Salesforce/codet5p-770m', lang='c', output_dir='xcodeeval/3/soft3_codet5p_770m', data_dir='./data/xcodeeval/3', no_cuda=False, visible_gpu='0', num_train_epochs=10, num_test_epochs=1, train_batch_size=6, eval_batch_size=4, gradient_accumulation_steps=1, load_model_path=None, config_name='', tokenizer_name='', max_source_length=512, max_target_length=512, warm_up_ratio=0.1, do_train=True, do_eval=True, do_test=True, freeze=False, learning_rate=5e-05, beam_size=10, weight_decay=0.0, adam_epsilon=1e-08, local_rank=-1, seed=42, early_stop_threshold=3)
Process rank: -1, device: cuda, n_gpu: 1, distributed training: False
Model created!!
[[{'text': 'Fix', 'loss_ids': 0, 'shortenable_ids': 0}, {'text': ' #include<stdio.h> int main() { int t,i=1; scanf("%d",&t); while(i<=t)  {  int s,a,b,c,d;  scanf("%d%d%d%d",&s,&a,&b,&c);  d=(s/c)+((s/a)*b);  printf("%d",d);  } return 0; }', 'loss_ids': 0, 'shortenable_ids': 1}, {'text': 'fixed program is', 'loss_ids': 0, 'shortenable_ids': 0}, {'text': '<mask>', 'loss_ids': 1, 'shortenable_ids': 0}], {'guid': 0, 'tgt_text': '#include<stdio.h> int main() { long long s,a,b,c,d,p; int t,i; scanf("%d",&t); for(i=1;i<=t;i++)  {  scanf("%I64d%I64d%I64d%I64d",&s,&a,&b,&c);  p=s/c;  d=(p)+((p/a)*b);  printf("%I64d\\n",d);  } return 0; }'}]
***** Running training *****
  Num examples = 1082
  Batch size = 6
  Num epoch = 10

***** Running evaluation *****
  Num examples = 136
  Batch size = 4
  epoch = 0
  eval_ppl = inf
  global_step = 182
  train_loss = 61.2554
  ********************
Previous best ppl:inf
Achieve Best ppl:inf
  ********************
BLEU file: ./data/xcodeeval/3/validation.jsonl
  codebleu-4 = 75.71 	 Previous best codebleu 0
  ********************
 Achieve Best bleu:75.71
  ********************

***** Running evaluation *****
  Num examples = 136
  Batch size = 4
  epoch = 1
  eval_ppl = inf
  global_step = 363
  train_loss = 49.9595
  ********************
Previous best ppl:inf
BLEU file: ./data/xcodeeval/3/validation.jsonl
  codebleu-4 = 76.07 	 Previous best codebleu 75.71
  ********************
 Achieve Best bleu:76.07
  ********************

***** Running evaluation *****
  Num examples = 136
  Batch size = 4
  epoch = 2
  eval_ppl = inf
  global_step = 544
  train_loss = 36.348
  ********************
Previous best ppl:inf
BLEU file: ./data/xcodeeval/3/validation.jsonl
  codebleu-4 = 75.87 	 Previous best codebleu 76.07
  ********************

***** Running evaluation *****
  Num examples = 136
  Batch size = 4
  epoch = 3
  eval_ppl = inf
  global_step = 725
  train_loss = 26.9722
  ********************
Previous best ppl:inf
BLEU file: ./data/xcodeeval/3/validation.jsonl
  codebleu-4 = 76.05 	 Previous best codebleu 76.07
  ********************

***** Running evaluation *****
  Num examples = 136
  Batch size = 4
  epoch = 4
  eval_ppl = inf
  global_step = 906
  train_loss = 19.0104
  ********************
Previous best ppl:inf
BLEU file: ./data/xcodeeval/3/validation.jsonl
  codebleu-4 = 76.24 	 Previous best codebleu 76.07
  ********************
 Achieve Best bleu:76.24
  ********************

***** Running evaluation *****
  Num examples = 136
  Batch size = 4
  epoch = 5
  eval_ppl = inf
  global_step = 1087
  train_loss = 13.1829
  ********************
Previous best ppl:inf
BLEU file: ./data/xcodeeval/3/validation.jsonl
  codebleu-4 = 74.76 	 Previous best codebleu 76.24
  ********************

***** Running evaluation *****
  Num examples = 136
  Batch size = 4
  epoch = 6
  eval_ppl = inf
  global_step = 1268
  train_loss = 9.0866
  ********************
Previous best ppl:inf
BLEU file: ./data/xcodeeval/3/validation.jsonl
  codebleu-4 = 76.14 	 Previous best codebleu 76.24
  ********************

***** Running evaluation *****
  Num examples = 136
  Batch size = 4
  epoch = 7
  eval_ppl = inf
  global_step = 1449
  train_loss = 6.0404
  ********************
Previous best ppl:inf
BLEU file: ./data/xcodeeval/3/validation.jsonl
  codebleu-4 = 74.88 	 Previous best codebleu 76.24
  ********************
early stopping!!!
reload model from xcodeeval/3/soft3_codet5p_770m/checkpoint-best-bleu
BLEU file: ./data/xcodeeval/3/test.jsonl
  codebleu = 75.35 
  Total = 135 
  Exact Fixed = 4 
[27, 72, 88, 106]
  Syntax Fixed = 0 
[]
  Cleaned Fixed = 1 
[132]
  ********************
  Total = 135 
  Exact Fixed = 4 
[27, 72, 88, 106]
  Syntax Fixed = 0 
[]
  Cleaned Fixed = 1 
[132]
  codebleu = 75.35 
[0.7802656127733693, 0.5293870108466436, 0.6311616600954335, 0.9503998344473819, 0.9759316203623163, 0.08651205986326166, 0.25656679901645385, 0.7669842146074164, 0.6498389062539932, 0.5030724841624163, 0.5564880010186164, 0.8164468849403668, 0.8805670984187464, 0.9432628994248902, 0.9377858074101935, 0.9175636111085979, 0.38735431410528753, 0.9337416273854482, 0.7822722252676139, 0.8187917419573252, 0.9438012796601432, 0.9735791100966684, 0.8333813540442871, 0.5693801193055631, 0.7657560530824576, 0.9450171055839813, 1.0, 0.9343575548388978, 0.5790261988125887, 0.8896800467143886, 0.9386663091558518, 0.4328828981880556, 0.6362450640290798, 0.9716642922960141, 0.5925258544448675, 0.7259849312989834, 0.739909040388661, 0.9025560323310975, 0.7928989537722857, 0.9670641264245079, 0.867980815381816, 0.8583791034780668, 0.9306240015142291, 0.955626584171517, 0.7807079788494218, 0.8470562047308248, 0.9623079709182942, 0.6788771844775876, 0.950524665864859, 0.9312349008025642, 0.9712222651426679, 0.9828198222975641, 0.9262478484557202, 0.8633963363946109, 0.7801949080730365, 0.9648891735454908, 0.8403497788628866, 0.9169108417444476, 0.951315622822358, 0.33295797590328613, 0.35624122019684656, 0.7982100679121421, 0.9217008915274616, 0.8689970404457057, 0.9023048923869568, 0.9392671091427115, 0.9859658995808198, 0.15351946048762036, 0.9289471675486692, 0.8339849455214231, 0.9109344104254649, 1.0, 0.9503712900963834, 0.9006565330934351, 0.944122342365223, 0.4752590408173023, 0.8211730076132504, 0.8657268209604377, 0.6927725662122917, 0.8269793321315543, 0.8947151965627762, 0.9650446019275767, 0.7761391783604946, 0.9512693309096103, 0.5677893088427866, 0.6672703293364524, 0.26765125761038455, 1.0, 0.9743329739145192, 0.8980952928375916, 0.5797226856861304, 0.48170226274723915, 0.9498733743967636, 0.49233324732178274, 0.2994310346401319, 0.821773975796796, 0.4196734157127252, 0.6352418602881265, 0.9258576635726143, 0.3913905692778357, 0.9555110270475338, 0.9174195483383916, 0.47266766836385843, 0.9534278780598358, 0.9393217253155881, 1.0, 0.3355749130492112, 0.35148053648224986, 0.9468383894696302, 0.3868507250835175, 0.919755073180808, 0.3455555205176508, 0.4954735182274035, 0.9427008679312978, 0.5442886701759317, 0.3816802695568956, 0.8759700055210595, 0.7052622199542771, 0.9732456940628658, 0.817850581479403, 0.5856501967050844, 0.68941044587298, 0.7934303369700066, 0.9764351042658364, 0.4953415641367399, 0.6908535288138271, 0.9294284870142819, 0.37462332268897325, 0.37224533982578545, 0.4191471722230175, 0.9393874070011292, 0.9953992225387218, 0.8889578933028645, 0.4094542044720756, 0.3357637568330429]
Finish training and take 48m
