Namespace(log_name='./xcodeeval/3/soft0_codet5p_220m.log', model_name='Salesforce/codet5p-220m', lang='c', output_dir='xcodeeval/3/soft0_codet5p_220m', data_dir='./data/xcodeeval/3', no_cuda=False, visible_gpu='0', num_train_epochs=10, num_test_epochs=1, train_batch_size=6, eval_batch_size=4, gradient_accumulation_steps=1, load_model_path=None, config_name='', tokenizer_name='', max_source_length=512, max_target_length=512, warm_up_ratio=0.1, do_train=True, do_eval=True, do_test=True, freeze=False, learning_rate=5e-05, beam_size=10, weight_decay=0.0, adam_epsilon=1e-08, local_rank=-1, seed=42, early_stop_threshold=3)
Process rank: -1, device: cuda, n_gpu: 1, distributed training: False
Model created!!
[[{'text': '#include<stdio.h> int main() { int t,i=1; scanf("%d",&t); while(i<=t)  {  int s,a,b,c,d;  scanf("%d%d%d%d",&s,&a,&b,&c);  d=(s/c)+((s/a)*b);  printf("%d",d);  } return 0; }', 'loss_ids': 0, 'shortenable_ids': 1}, {'text': '<mask>', 'loss_ids': 1, 'shortenable_ids': 0}, {'text': 'is the fixed version', 'loss_ids': 0, 'shortenable_ids': 0}], {'guid': 0, 'tgt_text': '#include<stdio.h> int main() { long long s,a,b,c,d,p; int t,i; scanf("%d",&t); for(i=1;i<=t;i++)  {  scanf("%I64d%I64d%I64d%I64d",&s,&a,&b,&c);  p=s/c;  d=(p)+((p/a)*b);  printf("%I64d\\n",d);  } return 0; }'}]
***** Running training *****
  Num examples = 1082
  Batch size = 6
  Num epoch = 10

***** Running evaluation *****
  Num examples = 136
  Batch size = 4
  epoch = 0
  eval_ppl = inf
  global_step = 182
  train_loss = 71.7174
  ********************
Previous best ppl:inf
Achieve Best ppl:inf
  ********************
BLEU file: ./data/xcodeeval/3/validation.jsonl
  codebleu-4 = 75.66 	 Previous best codebleu 0
  ********************
 Achieve Best bleu:75.66
  ********************

***** Running evaluation *****
  Num examples = 136
  Batch size = 4
  epoch = 1
  eval_ppl = inf
  global_step = 363
  train_loss = 57.8164
  ********************
Previous best ppl:inf
BLEU file: ./data/xcodeeval/3/validation.jsonl
  codebleu-4 = 75.65 	 Previous best codebleu 75.66
  ********************

***** Running evaluation *****
  Num examples = 136
  Batch size = 4
  epoch = 2
  eval_ppl = inf
  global_step = 544
  train_loss = 47.5998
  ********************
Previous best ppl:inf
BLEU file: ./data/xcodeeval/3/validation.jsonl
  codebleu-4 = 75.64 	 Previous best codebleu 75.66
  ********************

***** Running evaluation *****
  Num examples = 136
  Batch size = 4
  epoch = 3
  eval_ppl = inf
  global_step = 725
  train_loss = 39.3937
  ********************
Previous best ppl:inf
BLEU file: ./data/xcodeeval/3/validation.jsonl
  codebleu-4 = 75.9 	 Previous best codebleu 75.66
  ********************
 Achieve Best bleu:75.9
  ********************

***** Running evaluation *****
  Num examples = 136
  Batch size = 4
  epoch = 4
  eval_ppl = inf
  global_step = 906
  train_loss = 32.6031
  ********************
Previous best ppl:inf
BLEU file: ./data/xcodeeval/3/validation.jsonl
  codebleu-4 = 75.86 	 Previous best codebleu 75.9
  ********************

***** Running evaluation *****
  Num examples = 136
  Batch size = 4
  epoch = 5
  eval_ppl = inf
  global_step = 1087
  train_loss = 27.0781
  ********************
Previous best ppl:inf
BLEU file: ./data/xcodeeval/3/validation.jsonl
  codebleu-4 = 76.06 	 Previous best codebleu 75.9
  ********************
 Achieve Best bleu:76.06
  ********************

***** Running evaluation *****
  Num examples = 136
  Batch size = 4
  epoch = 6
  eval_ppl = inf
  global_step = 1268
  train_loss = 22.7394
  ********************
Previous best ppl:inf
BLEU file: ./data/xcodeeval/3/validation.jsonl
  codebleu-4 = 76.03 	 Previous best codebleu 76.06
  ********************

***** Running evaluation *****
  Num examples = 136
  Batch size = 4
  epoch = 7
  eval_ppl = inf
  global_step = 1449
  train_loss = 19.3568
  ********************
Previous best ppl:inf
BLEU file: ./data/xcodeeval/3/validation.jsonl
  codebleu-4 = 76.01 	 Previous best codebleu 76.06
  ********************

***** Running evaluation *****
  Num examples = 136
  Batch size = 4
  epoch = 8
  eval_ppl = inf
  global_step = 1630
  train_loss = 16.776
  ********************
Previous best ppl:inf
BLEU file: ./data/xcodeeval/3/validation.jsonl
  codebleu-4 = 76.01 	 Previous best codebleu 76.06
  ********************
early stopping!!!
reload model from xcodeeval/3/soft0_codet5p_220m/checkpoint-best-bleu
BLEU file: ./data/xcodeeval/3/test.jsonl
  codebleu = 75.22 
  Total = 135 
  Exact Fixed = 2 
[53, 88]
  Syntax Fixed = 0 
[]
  Cleaned Fixed = 0 
[]
  ********************
  Total = 135 
  Exact Fixed = 2 
[53, 88]
  Syntax Fixed = 0 
[]
  Cleaned Fixed = 0 
[]
  codebleu = 75.22 
[0.7802656127733693, 0.5388632002709958, 0.6311616600954335, 0.9503998344473819, 0.9759316203623163, 0.08651205986326166, 0.25656679901645385, 0.7669842146074164, 0.6498389062539932, 0.5124474841624163, 0.5564880010186164, 0.8164468849403668, 0.8805670984187464, 0.9432628994248902, 0.9377858074101935, 0.9175636111085979, 0.38735431410528753, 0.947175667983928, 0.7822722252676139, 0.8187917419573252, 0.9522666526631622, 0.9735791100966684, 0.8333813540442871, 0.5524112337326081, 0.7657560530824576, 0.9450171055839813, 0.8324183912964096, 0.9343575548388978, 0.5790261988125887, 0.8896800467143886, 0.91412960455335, 0.4328828981880556, 0.63014750305347, 0.9716642922960141, 0.5925258544448675, 0.8415834056802387, 0.739909040388661, 0.9025560323310975, 0.5344552866173251, 0.9670641264245079, 0.867980815381816, 0.8583791034780668, 0.9306240015142291, 0.9202770890052219, 0.7807079788494218, 0.8470562047308248, 0.9623079709182942, 0.6788771844775876, 0.950524665864859, 0.9312349008025642, 0.9712222651426679, 0.975637662853694, 1.0, 0.8633963363946109, 0.7801949080730365, 0.9648891735454908, 0.8364536749667827, 0.9477813702498612, 0.951315622822358, 0.33295797590328613, 0.35624122019684656, 0.7982100679121421, 0.9217008915274616, 0.8689970404457057, 0.9114416830451203, 0.9858263222388597, 0.9859658995808198, 0.15351946048762036, 0.888272929815244, 0.8339849455214231, 0.9109344104254649, 0.9669138743101213, 0.9503712900963834, 0.9444842541441154, 0.9525069902299836, 0.5923377715628043, 0.8142393391947316, 0.8657268209604377, 0.6927725662122917, 0.8269793321315543, 0.8947151965627762, 0.9462608711024882, 0.7761391783604946, 0.9512693309096103, 0.5677893088427866, 0.7763879223350485, 0.26765125761038455, 1.0, 0.9743329739145192, 0.8561180698524, 0.5797226856861304, 0.48170226274723915, 0.9498733743967636, 0.41446048884765874, 0.30278837455257246, 0.8333124373352575, 0.4196734157127252, 0.6352418602881265, 0.9258576635726143, 0.3913905692778357, 0.9555110270475338, 0.9174195483383916, 0.5426676683638585, 0.9534278780598358, 0.9393217253155881, 0.8897945586059963, 0.3355749130492112, 0.35148053648224986, 0.9468383894696302, 0.3868507250835175, 0.919755073180808, 0.3455555205176508, 0.4954735182274035, 0.9427008679312978, 0.5442886701759317, 0.3825657061866193, 0.8759700055210595, 0.7215182914337006, 0.9732456940628658, 0.817850581479403, 0.6131424394366902, 0.68941044587298, 0.7794633870966594, 0.9764351042658364, 0.4953415641367399, 0.6908535288138271, 0.9294284870142819, 0.37462332268897325, 0.37224533982578545, 0.4191471722230175, 0.9393874070011292, 0.9534993539333827, 0.8889578933028645, 0.4094542044720756, 0.3357637568330429]
Finish training and take 47m
Namespace(log_name='./xcodeeval/3/soft0_codet5p_220m.log', model_name='Salesforce/codet5p-220m', lang='c', output_dir='xcodeeval/3/soft0_codet5p_220m', data_dir='./data/xcodeeval/3', no_cuda=False, visible_gpu='0', num_train_epochs=10, num_test_epochs=1, train_batch_size=6, eval_batch_size=4, gradient_accumulation_steps=1, load_model_path=None, config_name='', tokenizer_name='', max_source_length=512, max_target_length=512, warm_up_ratio=0.1, do_train=True, do_eval=True, do_test=True, freeze=False, learning_rate=5e-05, beam_size=10, weight_decay=0.0, adam_epsilon=1e-08, local_rank=-1, seed=42, early_stop_threshold=3)
Process rank: -1, device: cuda, n_gpu: 1, distributed training: False
Model created!!
[[{'text': '#include<stdio.h> int main() { int t,i=1; scanf("%d",&t); while(i<=t)  {  int s,a,b,c,d;  scanf("%d%d%d%d",&s,&a,&b,&c);  d=(s/c)+((s/a)*b);  printf("%d",d);  } return 0; }', 'loss_ids': 0, 'shortenable_ids': 1}, {'text': '<mask>', 'loss_ids': 1, 'shortenable_ids': 0}, {'text': 'is the fixed version', 'loss_ids': 0, 'shortenable_ids': 0}], {'guid': 0, 'tgt_text': '#include<stdio.h> int main() { long long s,a,b,c,d,p; int t,i; scanf("%d",&t); for(i=1;i<=t;i++)  {  scanf("%I64d%I64d%I64d%I64d",&s,&a,&b,&c);  p=s/c;  d=(p)+((p/a)*b);  printf("%I64d\\n",d);  } return 0; }'}]
***** Running training *****
  Num examples = 1082
  Batch size = 6
  Num epoch = 10

***** Running evaluation *****
  Num examples = 136
  Batch size = 4
  epoch = 0
  eval_ppl = inf
  global_step = 182
  train_loss = 71.7174
  ********************
Previous best ppl:inf
Achieve Best ppl:inf
  ********************
BLEU file: ./data/xcodeeval/3/validation.jsonl
  codebleu-4 = 75.66 	 Previous best codebleu 0
  ********************
 Achieve Best bleu:75.66
  ********************

***** Running evaluation *****
  Num examples = 136
  Batch size = 4
  epoch = 1
  eval_ppl = inf
  global_step = 363
  train_loss = 57.8164
  ********************
Previous best ppl:inf
BLEU file: ./data/xcodeeval/3/validation.jsonl
  codebleu-4 = 75.65 	 Previous best codebleu 75.66
  ********************

***** Running evaluation *****
  Num examples = 136
  Batch size = 4
  epoch = 2
  eval_ppl = inf
  global_step = 544
  train_loss = 47.5998
  ********************
Previous best ppl:inf
BLEU file: ./data/xcodeeval/3/validation.jsonl
  codebleu-4 = 75.64 	 Previous best codebleu 75.66
  ********************

***** Running evaluation *****
  Num examples = 136
  Batch size = 4
  epoch = 3
  eval_ppl = inf
  global_step = 725
  train_loss = 39.3937
  ********************
Previous best ppl:inf
BLEU file: ./data/xcodeeval/3/validation.jsonl
  codebleu-4 = 75.9 	 Previous best codebleu 75.66
  ********************
 Achieve Best bleu:75.9
  ********************

***** Running evaluation *****
  Num examples = 136
  Batch size = 4
  epoch = 4
  eval_ppl = inf
  global_step = 906
  train_loss = 32.6031
  ********************
Previous best ppl:inf
BLEU file: ./data/xcodeeval/3/validation.jsonl
  codebleu-4 = 75.86 	 Previous best codebleu 75.9
  ********************

***** Running evaluation *****
  Num examples = 136
  Batch size = 4
  epoch = 5
  eval_ppl = inf
  global_step = 1087
  train_loss = 27.0781
  ********************
Previous best ppl:inf
BLEU file: ./data/xcodeeval/3/validation.jsonl
  codebleu-4 = 76.05 	 Previous best codebleu 75.9
  ********************
 Achieve Best bleu:76.05
  ********************

***** Running evaluation *****
  Num examples = 136
  Batch size = 4
  epoch = 6
  eval_ppl = inf
  global_step = 1268
  train_loss = 22.7394
  ********************
Previous best ppl:inf
BLEU file: ./data/xcodeeval/3/validation.jsonl
  codebleu-4 = 76.03 	 Previous best codebleu 76.05
  ********************

***** Running evaluation *****
  Num examples = 136
  Batch size = 4
  epoch = 7
  eval_ppl = inf
  global_step = 1449
  train_loss = 19.3568
  ********************
Previous best ppl:inf
BLEU file: ./data/xcodeeval/3/validation.jsonl
  codebleu-4 = 76.01 	 Previous best codebleu 76.05
  ********************

***** Running evaluation *****
  Num examples = 136
  Batch size = 4
  epoch = 8
  eval_ppl = inf
  global_step = 1630
  train_loss = 16.776
  ********************
Previous best ppl:inf
BLEU file: ./data/xcodeeval/3/validation.jsonl
  codebleu-4 = 76.01 	 Previous best codebleu 76.05
  ********************
early stopping!!!
reload model from xcodeeval/3/soft0_codet5p_220m/checkpoint-best-bleu
BLEU file: ./data/xcodeeval/3/test.jsonl
  codebleu = 75.21 
  Total = 135 
  Exact Fixed = 2 
[53, 88]
  Syntax Fixed = 0 
[]
  Cleaned Fixed = 0 
[]
  ********************
  Total = 135 
  Exact Fixed = 2 
[53, 88]
  Syntax Fixed = 0 
[]
  Cleaned Fixed = 0 
[]
  codebleu = 75.21 
[0.7802656127733693, 0.5388632002709958, 0.6311616600954335, 0.9503998344473819, 0.9759316203623163, 0.08651205986326166, 0.25656679901645385, 0.7669842146074164, 0.6498389062539932, 0.5030724841624163, 0.5564880010186164, 0.8164468849403668, 0.8805670984187464, 0.9432628994248902, 0.9377858074101935, 0.9175636111085979, 0.38735431410528753, 0.947175667983928, 0.7822722252676139, 0.8187917419573252, 0.9522666526631622, 0.9735791100966684, 0.8333813540442871, 0.5524112337326081, 0.7657560530824576, 0.9450171055839813, 0.8324183912964096, 0.9343575548388978, 0.5790261988125887, 0.8896800467143886, 0.91412960455335, 0.4328828981880556, 0.63014750305347, 0.9716642922960141, 0.5925258544448675, 0.8415834056802387, 0.739909040388661, 0.9025560323310975, 0.5344552866173251, 0.9670641264245079, 0.867980815381816, 0.8583791034780668, 0.9306240015142291, 0.9202770890052219, 0.7807079788494218, 0.8470562047308248, 0.9623079709182942, 0.6788771844775876, 0.950524665864859, 0.9312349008025642, 0.9712222651426679, 0.975637662853694, 1.0, 0.8633963363946109, 0.7801949080730365, 0.9648891735454908, 0.8403497788628866, 0.9477813702498612, 0.951315622822358, 0.33295797590328613, 0.35624122019684656, 0.7982100679121421, 0.9217008915274616, 0.8689970404457057, 0.9114416830451203, 0.9858263222388597, 0.9859658995808198, 0.15351946048762036, 0.888272929815244, 0.8339849455214231, 0.9109344104254649, 0.9669138743101213, 0.9503712900963834, 0.9444842541441154, 0.9525069902299836, 0.5923377715628043, 0.8142393391947316, 0.8657268209604377, 0.6927725662122917, 0.8269793321315543, 0.8947151965627762, 0.9462608711024882, 0.7761391783604946, 0.9512693309096103, 0.5677893088427866, 0.7763879223350485, 0.26765125761038455, 1.0, 0.9743329739145192, 0.8561180698524, 0.5797226856861304, 0.48170226274723915, 0.9498733743967636, 0.41446048884765874, 0.30278837455257246, 0.8333124373352575, 0.4196734157127252, 0.6352418602881265, 0.9258576635726143, 0.3913905692778357, 0.9555110270475338, 0.9174195483383916, 0.5426676683638585, 0.9534278780598358, 0.9393217253155881, 0.8897945586059963, 0.3355749130492112, 0.35148053648224986, 0.9468383894696302, 0.3868507250835175, 0.919755073180808, 0.3455555205176508, 0.4954735182274035, 0.9427008679312978, 0.5442886701759317, 0.3825657061866193, 0.8759700055210595, 0.7215182914337006, 0.9732456940628658, 0.817850581479403, 0.6131424394366902, 0.68941044587298, 0.7794633870966594, 0.9764351042658364, 0.4953415641367399, 0.6908535288138271, 0.9294284870142819, 0.37462332268897325, 0.37224533982578545, 0.4191471722230175, 0.9393874070011292, 0.9534993539333827, 0.8889578933028645, 0.4094542044720756, 0.3357637568330429]
Finish training and take 47m
Namespace(log_name='./xcodeeval/3/soft0_codet5p_220m.log', model_name='Salesforce/codet5p-220m', lang='c', output_dir='xcodeeval/3/soft0_codet5p_220m', data_dir='./data/xcodeeval/3', no_cuda=False, visible_gpu='0', num_train_epochs=10, num_test_epochs=1, train_batch_size=6, eval_batch_size=4, gradient_accumulation_steps=1, load_model_path=None, config_name='', tokenizer_name='', max_source_length=512, max_target_length=512, warm_up_ratio=0.1, do_train=True, do_eval=True, do_test=True, freeze=False, learning_rate=5e-05, beam_size=10, weight_decay=0.0, adam_epsilon=1e-08, local_rank=-1, seed=42, early_stop_threshold=3)
Process rank: -1, device: cuda, n_gpu: 1, distributed training: False
Model created!!
[[{'text': '#include<stdio.h> int main() { int t,i=1; scanf("%d",&t); while(i<=t)  {  int s,a,b,c,d;  scanf("%d%d%d%d",&s,&a,&b,&c);  d=(s/c)+((s/a)*b);  printf("%d",d);  } return 0; }', 'loss_ids': 0, 'shortenable_ids': 1}, {'text': '<mask>', 'loss_ids': 1, 'shortenable_ids': 0}, {'text': 'is the fixed version', 'loss_ids': 0, 'shortenable_ids': 0}], {'guid': 0, 'tgt_text': '#include<stdio.h> int main() { long long s,a,b,c,d,p; int t,i; scanf("%d",&t); for(i=1;i<=t;i++)  {  scanf("%I64d%I64d%I64d%I64d",&s,&a,&b,&c);  p=s/c;  d=(p)+((p/a)*b);  printf("%I64d\\n",d);  } return 0; }'}]
***** Running training *****
  Num examples = 1082
  Batch size = 6
  Num epoch = 10

***** Running evaluation *****
  Num examples = 136
  Batch size = 4
  epoch = 0
  eval_ppl = inf
  global_step = 182
  train_loss = 71.6564
  ********************
Previous best ppl:inf
Achieve Best ppl:inf
  ********************
BLEU file: ./data/xcodeeval/3/validation.jsonl
  codebleu-4 = 75.92 	 Previous best codebleu 0
  ********************
 Achieve Best bleu:75.92
  ********************

***** Running evaluation *****
  Num examples = 136
  Batch size = 4
  epoch = 1
  eval_ppl = inf
  global_step = 363
  train_loss = 58.1731
  ********************
Previous best ppl:inf
BLEU file: ./data/xcodeeval/3/validation.jsonl
  codebleu-4 = 76.15 	 Previous best codebleu 75.92
  ********************
 Achieve Best bleu:76.15
  ********************

***** Running evaluation *****
  Num examples = 136
  Batch size = 4
  epoch = 2
  eval_ppl = inf
  global_step = 544
  train_loss = 47.9661
  ********************
Previous best ppl:inf
BLEU file: ./data/xcodeeval/3/validation.jsonl
  codebleu-4 = 75.71 	 Previous best codebleu 76.15
  ********************

***** Running evaluation *****
  Num examples = 136
  Batch size = 4
  epoch = 3
  eval_ppl = inf
  global_step = 725
  train_loss = 39.4187
  ********************
Previous best ppl:inf
BLEU file: ./data/xcodeeval/3/validation.jsonl
  codebleu-4 = 76.01 	 Previous best codebleu 76.15
  ********************

***** Running evaluation *****
  Num examples = 136
  Batch size = 4
  epoch = 4
  eval_ppl = inf
  global_step = 906
  train_loss = 32.7896
  ********************
Previous best ppl:inf
BLEU file: ./data/xcodeeval/3/validation.jsonl
  codebleu-4 = 76.29 	 Previous best codebleu 76.15
  ********************
 Achieve Best bleu:76.29
  ********************

***** Running evaluation *****
  Num examples = 136
  Batch size = 4
  epoch = 5
  eval_ppl = inf
  global_step = 1087
  train_loss = 27.4255
  ********************
Previous best ppl:inf
BLEU file: ./data/xcodeeval/3/validation.jsonl
  codebleu-4 = 76.22 	 Previous best codebleu 76.29
  ********************

***** Running evaluation *****
  Num examples = 136
  Batch size = 4
  epoch = 6
  eval_ppl = inf
  global_step = 1268
  train_loss = 22.869
  ********************
Previous best ppl:inf
BLEU file: ./data/xcodeeval/3/validation.jsonl
  codebleu-4 = 75.88 	 Previous best codebleu 76.29
  ********************

***** Running evaluation *****
  Num examples = 136
  Batch size = 4
  epoch = 7
  eval_ppl = inf
  global_step = 1449
  train_loss = 19.4436
  ********************
Previous best ppl:inf
BLEU file: ./data/xcodeeval/3/validation.jsonl
  codebleu-4 = 76.11 	 Previous best codebleu 76.29
  ********************
early stopping!!!
reload model from xcodeeval/3/soft0_codet5p_220m/checkpoint-best-bleu
BLEU file: ./data/xcodeeval/3/test.jsonl
  codebleu = 75.74 
  Total = 135 
  Exact Fixed = 4 
[36, 53, 88, 117]
  Syntax Fixed = 0 
[]
  Cleaned Fixed = 0 
[]
  ********************
  Total = 135 
  Exact Fixed = 4 
[36, 53, 88, 117]
  Syntax Fixed = 0 
[]
  Cleaned Fixed = 0 
[]
  codebleu = 75.74 
[0.7802656127733693, 0.55055848595342, 0.6311616600954335, 0.9503998344473819, 0.9759316203623163, 0.08651205986326166, 0.25656679901645385, 0.7669842146074164, 0.6498389062539932, 0.5124474841624163, 0.5564880010186164, 0.8164468849403668, 0.8805670984187464, 0.9432628994248902, 0.9377858074101935, 0.9175636111085979, 0.38735431410528753, 0.947175667983928, 0.7822722252676139, 0.8106836338492169, 0.9705776794701617, 0.9735791100966684, 0.8333813540442871, 0.5524112337326081, 0.7657560530824576, 0.9450171055839813, 0.8324183912964096, 0.9343575548388978, 0.5790261988125887, 0.8896800467143886, 0.91412960455335, 0.4328828981880556, 0.6284936798321163, 0.9716642922960141, 0.5925258544448675, 1.0, 0.739909040388661, 0.9025560323310975, 0.5344552866173251, 0.9670641264245079, 0.867980815381816, 0.8583791034780668, 0.9306240015142291, 0.955626584171517, 0.7807079788494218, 0.8470562047308248, 0.9623079709182942, 0.690065892858452, 0.950524665864859, 0.9312349008025642, 0.9712222651426679, 0.9828198222975641, 1.0, 0.8633963363946109, 0.7801949080730365, 0.9648891735454908, 0.8403497788628866, 0.9477813702498612, 0.951315622822358, 0.33295797590328613, 0.35624122019684656, 0.7982100679121421, 0.9217008915274616, 0.8689970404457057, 0.926748919169406, 0.9858263222388597, 0.9859658995808198, 0.15351946048762036, 0.9289471675486692, 0.8339849455214231, 0.9109344104254649, 0.9669138743101213, 0.9503712900963834, 0.9444842541441154, 0.9525069902299836, 0.6095574224256186, 0.8142393391947316, 0.8306160259083122, 0.6927725662122917, 0.8269793321315543, 0.8947151965627762, 0.9650446019275767, 0.7761391783604946, 0.9512693309096103, 0.6230524667375235, 0.7763879223350485, 0.26765125761038455, 1.0, 0.9743329739145192, 0.8980952928375916, 0.5797226856861304, 0.48170226274723915, 0.9498733743967636, 0.7904050800534256, 0.30278837455257246, 0.821773975796796, 0.4196734157127252, 0.6352418602881265, 0.9258576635726143, 0.3913905692778357, 0.9555110270475338, 0.9174195483383916, 0.47266766836385843, 0.9534278780598358, 0.9393217253155881, 0.8897945586059963, 0.3355749130492112, 0.35148053648224986, 0.9468383894696302, 0.3868507250835175, 0.919755073180808, 0.3455555205176508, 0.4954735182274035, 0.9427008679312978, 0.5442886701759317, 0.382507181712211, 1.0, 0.7052622199542771, 0.9732456940628658, 0.817850581479403, 0.6131424394366902, 0.68941044587298, 0.7934303369700066, 0.9764351042658364, 0.4953415641367399, 0.6908535288138271, 0.9294284870142819, 0.37462332268897325, 0.37224533982578545, 0.4191471722230175, 0.9393874070011292, 0.9483341848027562, 0.7855314395331163, 0.4094542044720756, 0.3357637568330429]
Finish training and take 22m
