Namespace(log_name='./RQ5/sstubs_32_2/codet5p_220m_f.log', model_name='Salesforce/codet5p-220m', lang='java', output_dir='RQ5/sstubs_32_2/codet5p_220m_f', data_dir='./data/RQ5/sstubs_32_2', no_cuda=False, visible_gpu='0', add_task_prefix=False, add_lang_ids=False, num_train_epochs=10, num_test_epochs=10, train_batch_size=8, eval_batch_size=4, gradient_accumulation_steps=2, load_model_path=None, config_name='', tokenizer_name='', max_source_length=512, max_target_length=512, warm_up_ratio=0.1, do_train=True, do_eval=True, do_test=True, do_lower_case=False, learning_rate=5e-05, beam_size=10, weight_decay=0.0, adam_epsilon=1e-08, max_grad_norm=1.0, max_steps=-1, eval_steps=-1, train_steps=-1, local_rank=-1, seed=42, early_stop_threshold=3)
Process rank: -1, device: cuda, n_gpu: 1, distributed training: False, model_name: Salesforce/codet5p-220m
model created!
Total 32 training instances 
***** Running training *****
  Num examples = 32
  Batch size = 8
  Num epoch = 10

***** Running evaluation *****
  Num examples = 100
  Batch size = 4
  epoch = 0
  eval_ppl = 1.00194
  global_step = 5
  train_loss = 0.9834
  ********************
Previous best ppl:inf
Achieve Best ppl:1.00194
  ********************
BLEU file: ./data/RQ5/sstubs_32_2/validation.jsonl
  codebleu-4 = 21.78 	 Previous best codebleu 0
  ********************
 Achieve Best bleu:21.78
  ********************

***** Running evaluation *****
  Num examples = 100
  Batch size = 4
  epoch = 1
  eval_ppl = 1.00105
  global_step = 9
  train_loss = 0.393
  ********************
Previous best ppl:1.00194
Achieve Best ppl:1.00105
  ********************
BLEU file: ./data/RQ5/sstubs_32_2/validation.jsonl
  codebleu-4 = 80.55 	 Previous best codebleu 21.78
  ********************
 Achieve Best bleu:80.55
  ********************

***** Running evaluation *****
  Num examples = 100
  Batch size = 4
  epoch = 2
  eval_ppl = 1.00101
  global_step = 13
  train_loss = 0.1914
  ********************
Previous best ppl:1.00105
Achieve Best ppl:1.00101
  ********************
BLEU file: ./data/RQ5/sstubs_32_2/validation.jsonl
  codebleu-4 = 85.79 	 Previous best codebleu 80.55
  ********************
 Achieve Best bleu:85.79
  ********************

***** Running evaluation *****
  Num examples = 100
  Batch size = 4
  epoch = 3
  eval_ppl = 1.00091
  global_step = 17
  train_loss = 0.1465
  ********************
Previous best ppl:1.00101
Achieve Best ppl:1.00091
  ********************
BLEU file: ./data/RQ5/sstubs_32_2/validation.jsonl
  codebleu-4 = 85.59 	 Previous best codebleu 85.79
  ********************

***** Running evaluation *****
  Num examples = 100
  Batch size = 4
  epoch = 4
  eval_ppl = 1.00089
  global_step = 21
  train_loss = 0.1132
  ********************
Previous best ppl:1.00091
Achieve Best ppl:1.00089
  ********************
BLEU file: ./data/RQ5/sstubs_32_2/validation.jsonl
  codebleu-4 = 80.94 	 Previous best codebleu 85.79
  ********************

***** Running evaluation *****
  Num examples = 100
  Batch size = 4
  epoch = 5
  eval_ppl = 1.00083
  global_step = 25
  train_loss = 0.0713
  ********************
Previous best ppl:1.00089
Achieve Best ppl:1.00083
  ********************
BLEU file: ./data/RQ5/sstubs_32_2/validation.jsonl
  codebleu-4 = 86.13 	 Previous best codebleu 85.79
  ********************
 Achieve Best bleu:86.13
  ********************

***** Running evaluation *****
  Num examples = 100
  Batch size = 4
  epoch = 6
  eval_ppl = 1.00077
  global_step = 29
  train_loss = 0.0587
  ********************
Previous best ppl:1.00083
Achieve Best ppl:1.00077
  ********************
BLEU file: ./data/RQ5/sstubs_32_2/validation.jsonl
  codebleu-4 = 88.9 	 Previous best codebleu 86.13
  ********************
 Achieve Best bleu:88.9
  ********************

***** Running evaluation *****
  Num examples = 100
  Batch size = 4
  epoch = 7
  eval_ppl = 1.00075
  global_step = 33
  train_loss = 0.0444
  ********************
Previous best ppl:1.00077
Achieve Best ppl:1.00075
  ********************
BLEU file: ./data/RQ5/sstubs_32_2/validation.jsonl
  codebleu-4 = 91.09 	 Previous best codebleu 88.9
  ********************
 Achieve Best bleu:91.09
  ********************

***** Running evaluation *****
  Num examples = 100
  Batch size = 4
  epoch = 8
  eval_ppl = 1.00075
  global_step = 37
  train_loss = 0.0469
  ********************
Previous best ppl:1.00075
Achieve Best ppl:1.00075
  ********************
BLEU file: ./data/RQ5/sstubs_32_2/validation.jsonl
  codebleu-4 = 91.23 	 Previous best codebleu 91.09
  ********************
 Achieve Best bleu:91.23
  ********************

***** Running evaluation *****
  Num examples = 100
  Batch size = 4
  epoch = 9
  eval_ppl = 1.00075
  global_step = 41
  train_loss = 0.1059
  ********************
Previous best ppl:1.00075
Achieve Best ppl:1.00075
  ********************
BLEU file: ./data/RQ5/sstubs_32_2/validation.jsonl
  codebleu-4 = 91.28 	 Previous best codebleu 91.23
  ********************
 Achieve Best bleu:91.28
  ********************
reload model from RQ5/sstubs_32_2/codet5p_220m_f/checkpoint-best-bleu
BLEU file: ./data/RQ5/sstubs_32_2/test.jsonl
  codebleu = 90.34 
  Total = 500 
  Exact Fixed = 180 
[2, 5, 8, 9, 11, 14, 16, 17, 19, 27, 29, 37, 39, 40, 41, 49, 52, 55, 59, 65, 66, 67, 69, 74, 76, 77, 78, 81, 87, 88, 90, 93, 95, 97, 99, 100, 104, 105, 113, 124, 132, 134, 135, 137, 139, 143, 146, 149, 156, 157, 165, 166, 167, 171, 173, 174, 175, 182, 189, 192, 196, 198, 201, 203, 204, 209, 211, 217, 221, 226, 227, 228, 239, 240, 241, 242, 243, 249, 252, 253, 256, 257, 258, 265, 269, 270, 274, 276, 277, 280, 281, 284, 287, 288, 291, 295, 298, 300, 302, 303, 308, 312, 313, 314, 317, 319, 322, 323, 324, 325, 326, 327, 328, 329, 338, 340, 345, 346, 348, 350, 353, 354, 355, 357, 362, 363, 366, 367, 369, 371, 374, 379, 380, 382, 386, 387, 388, 389, 395, 401, 402, 403, 407, 408, 409, 411, 412, 413, 421, 424, 428, 431, 432, 437, 439, 443, 445, 447, 449, 451, 454, 455, 456, 458, 459, 460, 461, 464, 466, 468, 470, 472, 475, 479, 482, 488, 490, 491, 497, 500]
  Syntax Fixed = 1 
[486]
  Cleaned Fixed = 0 
[]
  ********************
  Total = 500 
  Exact Fixed = 180 
[2, 5, 8, 9, 11, 14, 16, 17, 19, 27, 29, 37, 39, 40, 41, 49, 52, 55, 59, 65, 66, 67, 69, 74, 76, 77, 78, 81, 87, 88, 90, 93, 95, 97, 99, 100, 104, 105, 113, 124, 132, 134, 135, 137, 139, 143, 146, 149, 156, 157, 165, 166, 167, 171, 173, 174, 175, 182, 189, 192, 196, 198, 201, 203, 204, 209, 211, 217, 221, 226, 227, 228, 239, 240, 241, 242, 243, 249, 252, 253, 256, 257, 258, 265, 269, 270, 274, 276, 277, 280, 281, 284, 287, 288, 291, 295, 298, 300, 302, 303, 308, 312, 313, 314, 317, 319, 322, 323, 324, 325, 326, 327, 328, 329, 338, 340, 345, 346, 348, 350, 353, 354, 355, 357, 362, 363, 366, 367, 369, 371, 374, 379, 380, 382, 386, 387, 388, 389, 395, 401, 402, 403, 407, 408, 409, 411, 412, 413, 421, 424, 428, 431, 432, 437, 439, 443, 445, 447, 449, 451, 454, 455, 456, 458, 459, 460, 461, 464, 466, 468, 470, 472, 475, 479, 482, 488, 490, 491, 497, 500]
  Syntax Fixed = 1 
[486]
  Cleaned Fixed = 0 
[]
  codebleu = 90.34 
[0.7633002255730409, 1.0, 0.6106880800400042, 0.9362201886171708, 1.0, 0.5004204842174691, 0.9810075923400849, 1.0, 1.0, 0.940598945729278, 1.0, 0.8222725521291268, 0.6100662816271307, 1.0, 0.9379000213102209, 1.0, 1.0, 0.9585425656492537, 1.0, 0.9655267507815484, 0.8158463815378669, 0.8998848301604019, 0.8707360186992235, 0.9736596070124768, 0.8697836446510707, 0.9477454832552463, 1.0, 0.7144186892220794, 1.0, 0.9472873156881443, 0.8965296466431494, 0.7713795010367266, 0.9676665036259338, 0.8821296454239946, 0.9141000841539659, 0.8913307420819401, 1.0, 0.6106880800400042, 1.0, 1.0, 1.0, 0.9427895563342799, 0.8186396203812509, 0.892905577954039, 0.9145980101874507, 0.6740497809759755, 0.878084768816155, 0.8722059305904497, 1.0, 0.41584340114928675, 0.7700187099523877, 1.0, 0.8953661348226227, 0.896013967469204, 1.0, 0.9262222844116816, 0.6844970446989288, 0.8986766170158926, 1.0, 0.9583676774082095, 0.9600948805844232, 0.9213836287468253, 0.9383203613505964, 0.9765440084058021, 1.0, 1.0, 1.0, 0.9435321610524647, 1.0, 0.793975543926688, 0.9637364956234171, 0.9141000841539659, 0.3144462128293837, 1.0, 0.6731716191316424, 1.0, 1.0, 1.0, 0.8955980328281301, 0.9026321368482364, 1.0, 0.8387796716807858, 0.9255942534363523, 0.8877727108187552, 0.7726680042740901, 0.8516267308261299, 1.0, 1.0, 0.9499861168443409, 1.0, 0.9736596070124768, 0.9680975247490764, 1.0, 0.8337841808515074, 1.0, 0.9266829146927709, 1.0, 0.936752055107628, 1.0, 1.0, 0.7908459916525288, 0.6268736649990799, 0.7998628106876098, 1.0, 1.0, 0.9166076129557432, 0.900291645780765, 0.6731716191316424, 0.8952738864082956, 0.8642470965743208, 0.8748733743967635, 0.936923058378295, 1.0, 0.9465864294209791, 0.8721507316445842, 0.9441518237028776, 0.9685775421736089, 0.6577095841418729, 0.8399114554115357, 0.8325303364721384, 0.8665518607362566, 0.9439975336408695, 0.33436206495913706, 1.0, 0.9631318837364407, 0.801169789534145, 0.9272945586059962, 0.8655056700329364, 0.8949975756542023, 0.9583676774082095, 0.940598945729278, 1.0, 0.9143879239397519, 1.0, 1.0, 0.878084768816155, 1.0, 0.9500330416345475, 1.0, 0.878084768816155, 0.8998848301604019, 0.9156854227921107, 1.0, 0.7619090082478558, 0.9736596070124768, 1.0, 0.8651650731090275, 0.9145980101874507, 1.0, 0.8394397942598091, 0.7144186892220794, 0.551623347703528, 0.8100435042384484, 0.9220788932733706, 0.9529855654155106, 1.0, 1.0, 0.928067052222928, 0.9477454832552463, 0.8967176656342041, 0.7998628106876098, 0.9437985500759485, 0.9583676774082095, 0.8894185928819611, 1.0, 1.0, 1.0, 0.7549491302505903, 0.8394397942598091, 0.719859844317331, 1.0, 0.8798986412214453, 1.0, 1.0, 1.0, 0.9443755095409017, 0.8100435042384484, 0.8020772327457721, 0.8531462888634065, 0.3133527003487015, 0.8853457989463581, 1.0, 0.5365244518763115, 0.9270405384522935, 0.909624266823112, 0.8263400048588452, 0.8535087661549325, 0.9090440252597953, 1.0, 0.8182332124479105, 0.9493239030379825, 1.0, 0.8488639150612545, 0.9653175874774487, 0.9630476148256921, 1.0, 0.8357117295209777, 1.0, 0.9479527984830745, 0.9546221339246326, 1.0, 0.7830011774921302, 1.0, 1.0, 0.681072945544059, 0.9535682301774412, 0.9072571488256155, 0.9583676774082095, 1.0, 0.9714741186824503, 1.0, 0.7580872316433492, 0.9230242168975848, 0.8161370231471203, 0.9372110492852396, 0.9255942534363523, 1.0, 0.8689975336408694, 0.9468351265733028, 0.7597909385551339, 1.0, 0.8113986061681142, 0.940619372885868, 0.9143879239397519, 0.7130825083995453, 1.0, 1.0, 1.0, 0.6702068976353632, 0.956257978060336, 0.9477454832552463, 0.5653717999007871, 0.9498733743967636, 0.9500330416345475, 0.970114879479065, 0.9406018863753673, 0.9015688472130516, 0.9725011474210121, 1.0, 1.0, 1.0, 1.0, 1.0, 0.9255942534363523, 0.9546221339246326, 0.9335768064861663, 0.9013131827384397, 0.919122578011458, 1.0, 0.8887608832115137, 0.9374463017658894, 1.0, 1.0, 0.9500330416345475, 0.8394397942598091, 1.0, 1.0, 1.0, 0.9233155752713594, 0.7554783858090635, 0.5337472537611265, 0.9693261143428569, 0.9498167308405902, 0.8154702514101111, 1.0, 0.9736596070124768, 0.776008572810357, 0.9583676774082095, 1.0, 1.0, 0.8077681112388688, 0.7466457993668274, 0.7526009301767973, 1.0, 0.8766838569604545, 1.0, 1.0, 0.5653717999007871, 0.7759153369537497, 1.0, 1.0, 0.9608514269956967, 0.940387748772268, 1.0, 0.919122578011458, 0.9213836287468253, 1.0, 1.0, 0.9108242908590016, 0.8476323177058527, 1.0, 0.9059642451028274, 0.8131726792272671, 0.909624266823112, 1.0, 0.6731716191316424, 0.8439975336408694, 1.0, 0.8516267308261299, 1.0, 0.6925131239952165, 1.0, 1.0, 0.8694018220842168, 0.7486246705124127, 0.9355163382076239, 0.8748733743967635, 1.0, 0.852565642646234, 0.9255942534363523, 0.9090440252597953, 1.0, 1.0, 1.0, 0.9270405384522935, 0.8977185688720069, 1.0, 0.787482130581528, 1.0, 0.9498733743967636, 0.9489900112686158, 1.0, 1.0, 1.0, 1.0, 1.0, 1.0, 1.0, 1.0, 0.9155105345510666, 0.954646559321255, 0.8446183457471304, 0.6776464558458859, 0.8967176656342041, 0.8704988033899486, 0.7491375710149024, 0.8845572237610086, 1.0, 0.5666302487737696, 1.0, 0.9182146075841924, 0.8606751756510949, 0.39374959331969883, 0.6508081453961951, 1.0, 1.0, 0.8816015466501335, 1.0, 0.6103531181632182, 1.0, 0.8100435042384484, 0.8731838768910194, 1.0, 1.0, 1.0, 0.688033545009058, 1.0, 0.8674435206185069, 0.8485207972160993, 0.27519189429138446, 0.8595228248649237, 1.0, 1.0, 0.9520099029923956, 0.8735060584550325, 1.0, 1.0, 0.8341277708772759, 1.0, 0.9493239030379825, 1.0, 0.6119039371851951, 0.7383403869893825, 1.0, 0.8632148025904984, 0.9581095565874824, 0.9660210594050409, 0.936752055107628, 1.0, 1.0, 0.8045788816545087, 1.0, 0.9414666646623913, 0.8459894670707158, 0.9427895563342799, 1.0, 1.0, 1.0, 1.0, 0.3133527003487015, 0.8357712991769117, 0.8642470965743208, 0.9459851946757585, 0.9387616321274028, 1.0, 0.7438996848983626, 0.9459851946757585, 0.8748733743967635, 0.8887608832115137, 0.940101844638672, 1.0, 1.0, 1.0, 0.8777630510471637, 0.9524183912964097, 0.35347735194810886, 1.0, 1.0, 1.0, 0.7877842946802818, 1.0, 1.0, 1.0, 0.9470228248649237, 0.7016265496309229, 0.9439975336408695, 0.9711218088844558, 0.8707360186992235, 0.940598945729278, 0.9414666646623913, 1.0, 0.9072596014466381, 0.37228951690436973, 1.0, 0.8573361546221935, 0.9133094076861077, 0.8400553834135902, 1.0, 0.6716861477054773, 0.9565292378112795, 1.0, 1.0, 0.7110012865252934, 0.9058089637441036, 0.882842712474619, 0.33610280975138707, 1.0, 0.9499861168443409, 1.0, 0.8940816483943355, 0.8078329129844574, 0.9406018863753673, 1.0, 0.9583676774082095, 1.0, 0.8472367293037075, 1.0, 0.9427895563342799, 1.0, 0.8887608832115137, 1.0, 0.9602891460062635, 0.8967176656342041, 1.0, 1.0, 1.0, 0.9052050509144789, 1.0, 1.0, 1.0, 1.0, 0.8394397942598091, 0.8445475294213802, 1.0, 0.8535922152441364, 1.0, 0.9565292378112795, 1.0, 0.9523104352365284, 1.0, 0.9059642451028274, 1.0, 0.9408900847454558, 0.9493239030379825, 1.0, 0.9660493922322488, 0.7876421850012838, 0.8767099682404029, 1.0, 0.9466595714446484, 0.7830011774921302, 1.0, 0.7908459916525288, 0.9833784780225703, 0.9583676774082095, 0.9699899456986019, 0.9023338728659691, 1.0, 0.8748733743967635, 1.0, 1.0, 0.9007008806729067, 0.7533050635111456, 0.9270405384522935, 0.8667343878768172, 0.8924669978269149, 1.0, 0.17848899763516907, 0.9435321610524647, 1.0]
Finish training and take 44m
