Namespace(log_name='./tfix/3/finetune_codet5p_220m.log', model_name='Salesforce/codet5p-220m', lang='javascript', output_dir='tfix/3/finetune_codet5p_220m', data_dir='./data/tfix/3', no_cuda=False, visible_gpu='0', add_task_prefix=False, add_lang_ids=False, num_train_epochs=10, num_test_epochs=10, train_batch_size=8, eval_batch_size=4, gradient_accumulation_steps=2, load_model_path=None, config_name='', tokenizer_name='', max_source_length=512, max_target_length=512, warm_up_ratio=0.1, do_train=True, do_eval=True, do_test=True, do_lower_case=False, learning_rate=5e-05, beam_size=10, weight_decay=0.0, adam_epsilon=1e-08, max_grad_norm=1.0, max_steps=-1, eval_steps=-1, train_steps=-1, local_rank=-1, seed=42, early_stop_threshold=3)
Process rank: -1, device: cuda, n_gpu: 1, distributed training: False, model_name: Salesforce/codet5p-220m
model created!
Total 816 training instances 
***** Running training *****
  Num examples = 816
  Batch size = 8
  Num epoch = 10

***** Running evaluation *****
  Num examples = 102
  Batch size = 4
  epoch = 0
  eval_ppl = 1.00444
  global_step = 103
  train_loss = 0.7523
  ********************
Previous best ppl:inf
Achieve Best ppl:1.00444
  ********************
BLEU file: ./data/tfix/3/validation.jsonl
  codebleu-4 = 61.72 	 Previous best codebleu 0
  ********************
 Achieve Best bleu:61.72
  ********************

***** Running evaluation *****
  Num examples = 102
  Batch size = 4
  epoch = 1
  eval_ppl = 1.00416
  global_step = 205
  train_loss = 0.375
  ********************
Previous best ppl:1.00444
Achieve Best ppl:1.00416
  ********************
BLEU file: ./data/tfix/3/validation.jsonl
  codebleu-4 = 66.48 	 Previous best codebleu 61.72
  ********************
 Achieve Best bleu:66.48
  ********************

***** Running evaluation *****
  Num examples = 102
  Batch size = 4
  epoch = 2
  eval_ppl = 1.004
  global_step = 307
  train_loss = 0.2338
  ********************
Previous best ppl:1.00416
Achieve Best ppl:1.004
  ********************
BLEU file: ./data/tfix/3/validation.jsonl
  codebleu-4 = 66.52 	 Previous best codebleu 66.48
  ********************
 Achieve Best bleu:66.52
  ********************

***** Running evaluation *****
  Num examples = 102
  Batch size = 4
  epoch = 3
  eval_ppl = 1.00445
  global_step = 409
  train_loss = 0.153
  ********************
Previous best ppl:1.004
BLEU file: ./data/tfix/3/validation.jsonl
  codebleu-4 = 66.41 	 Previous best codebleu 66.52
  ********************

***** Running evaluation *****
  Num examples = 102
  Batch size = 4
  epoch = 4
  eval_ppl = 1.00442
  global_step = 511
  train_loss = 0.1067
  ********************
Previous best ppl:1.004
BLEU file: ./data/tfix/3/validation.jsonl
  codebleu-4 = 67.22 	 Previous best codebleu 66.52
  ********************
 Achieve Best bleu:67.22
  ********************

***** Running evaluation *****
  Num examples = 102
  Batch size = 4
  epoch = 5
  eval_ppl = 1.00484
  global_step = 613
  train_loss = 0.0753
  ********************
Previous best ppl:1.004
BLEU file: ./data/tfix/3/validation.jsonl
  codebleu-4 = 66.32 	 Previous best codebleu 67.22
  ********************

***** Running evaluation *****
  Num examples = 102
  Batch size = 4
  epoch = 6
  eval_ppl = 1.00488
  global_step = 715
  train_loss = 0.0548
  ********************
Previous best ppl:1.004
BLEU file: ./data/tfix/3/validation.jsonl
  codebleu-4 = 66.38 	 Previous best codebleu 67.22
  ********************

***** Running evaluation *****
  Num examples = 102
  Batch size = 4
  epoch = 7
  eval_ppl = 1.00495
  global_step = 817
  train_loss = 0.0436
  ********************
Previous best ppl:1.004
BLEU file: ./data/tfix/3/validation.jsonl
  codebleu-4 = 68.02 	 Previous best codebleu 67.22
  ********************
 Achieve Best bleu:68.02
  ********************

***** Running evaluation *****
  Num examples = 102
  Batch size = 4
  epoch = 8
  eval_ppl = 1.00507
  global_step = 919
  train_loss = 0.0297
  ********************
Previous best ppl:1.004
BLEU file: ./data/tfix/3/validation.jsonl
  codebleu-4 = 66.91 	 Previous best codebleu 68.02
  ********************

***** Running evaluation *****
  Num examples = 102
  Batch size = 4
  epoch = 9
  eval_ppl = 1.00512
  global_step = 1021
  train_loss = 0.0282
  ********************
Previous best ppl:1.004
BLEU file: ./data/tfix/3/validation.jsonl
  codebleu-4 = 66.43 	 Previous best codebleu 68.02
  ********************
reload model from tfix/3/finetune_codet5p_220m/checkpoint-best-bleu
BLEU file: ./data/tfix/3/test.jsonl
  codebleu = 66.67 
  Total = 102 
  Exact Fixed = 30 
[3, 5, 6, 8, 11, 14, 15, 17, 25, 29, 30, 31, 33, 36, 38, 39, 40, 45, 53, 54, 57, 58, 60, 69, 78, 80, 96, 97, 98, 100]
  Syntax Fixed = 1 
[59]
  Cleaned Fixed = 0 
[]
  ********************
  Total = 102 
  Exact Fixed = 30 
[3, 5, 6, 8, 11, 14, 15, 17, 25, 29, 30, 31, 33, 36, 38, 39, 40, 45, 53, 54, 57, 58, 60, 69, 78, 80, 96, 97, 98, 100]
  Syntax Fixed = 1 
[59]
  Cleaned Fixed = 0 
[]
  codebleu = 66.67 
[0.7512782583555683, 0.7971836442602579, 0.806193079201454, 0.6928185251457493, 1.0, 1.0, 0.4953557619745404, 0.9891483218006352, 0.8674961219905688, 0.6731594468050276, 1.0, 0.6763969039336931, 0.8306583090096291, 1.0, 1.0, 0.8758258406164614, 0.9891483218006352, 0.4475651556909044, 0.4006672680560794, 0.04448415542647708, 0.6335343953003008, 0.8968939355581875, 0.717352101225173, 0.5796744440448658, 0.9891483218006352, 0.5196705141272003, 0.4980397387368015, 0.23175898968878533, 0.7135428903906851, 1.0, 1.0, 0.6502973371873174, 0.8249365300761395, 0.31594770703647285, 0.3956590955686553, 0.9891483218006352, 0.5123425659061872, 0.7973479243452424, 1.0, 1.0, 0.6748885220437988, 0.4436396203812509, 0.7096115872083772, 0.5274151448167971, 0.9891483218006352, 0.8515629296941565, 0.006805962174221069, 0.16999277306539728, 0.8042470965743207, 0.7154629787573281, 0.8573464528613979, 0.2895327686821452, 1.0, 1.0, 0.10178106081337598, 0.6707422790728004, 0.9891483218006352, 0.8249365300761395, 0.6868474083243508, 1.0, 0.8796531437200525, 0.6732344818792124, 0.45759530908884194, 0.5372467733546236, 0.5802333034257401, 0.545545649326698, 0.23985271067894742, 0.32876058317458745, 1.0, 0.12, 0.6530550965302279, 0.8849384145327521, 0.6103129560939505, 0.5019439926594608, 0.648544597832045, 0.8648103351245982, 0.5924424048742483, 1.0, 0.13813949765549177, 0.8249365300761395, 0.671115367211476, 0.0, 0.2229676619447272, 0.6082742323311118, 0.7288716324298354, 0.6156024573400952, 0.5247907831317329, 0.5875706378970006, 0.5332899899497036, 0.762178754714643, 0.0, 0.8339326133501213, 0.7279979526305214, 0.4849237989456603, 0.4402131912598308, 0.7135428903906851, 1.0, 0.8249365300761395, 0.6445712219962232, 1.0, 0.44240821387903484, 0.6377943353971518]
Finish training and take 18m
