Namespace(log_name='./tfix/3/hard8_codet5p_770m.log', model_name='Salesforce/codet5p-770m', lang='javascript', output_dir='tfix/3/hard8_codet5p_770m', data_dir='./data/tfix/3', no_cuda=False, visible_gpu='0', num_train_epochs=10, num_test_epochs=1, train_batch_size=6, eval_batch_size=4, gradient_accumulation_steps=1, load_model_path=None, config_name='', tokenizer_name='', max_source_length=512, max_target_length=512, warm_up_ratio=0.1, do_train=True, do_eval=True, do_test=True, freeze=False, learning_rate=5e-05, beam_size=10, weight_decay=0.0, adam_epsilon=1e-08, local_rank=-1, seed=42, early_stop_threshold=3)
Process rank: -1, device: cuda, n_gpu: 1, distributed training: False
Model created!!
[[{'text': 'function executeDown(internals, config, callback) {   var callback = callback || internals.onComplete;   if (!internals.argv.count) {', 'loss_ids': 0, 'shortenable_ids': 1}, {'text': '<mask>', 'loss_ids': 1, 'shortenable_ids': 0}, {'text': ' is the fixed version', 'loss_ids': 0, 'shortenable_ids': 0}], {'guid': 0, 'tgt_text': 'function executeDown(internals, config, callback) {   if (!internals.argv.count) {'}]
***** Running training *****
  Num examples = 816
  Batch size = 6
  Num epoch = 10

***** Running evaluation *****
  Num examples = 104
  Batch size = 4
  epoch = 0
  eval_ppl = inf
  global_step = 137
  train_loss = 17.8534
  ********************
Previous best ppl:inf
Achieve Best ppl:inf
  ********************
BLEU file: ./data/tfix/3/validation.jsonl
  codebleu-4 = 61.37 	 Previous best codebleu 0
  ********************
 Achieve Best bleu:61.37
  ********************

***** Running evaluation *****
  Num examples = 104
  Batch size = 4
  epoch = 1
  eval_ppl = inf
  global_step = 273
  train_loss = 8.2017
  ********************
Previous best ppl:inf
Achieve Best ppl:inf
  ********************
BLEU file: ./data/tfix/3/validation.jsonl
  codebleu-4 = 66.6 	 Previous best codebleu 61.37
  ********************
 Achieve Best bleu:66.6
  ********************

***** Running evaluation *****
  Num examples = 104
  Batch size = 4
  epoch = 2
  eval_ppl = inf
  global_step = 409
  train_loss = 3.8661
  ********************
Previous best ppl:inf
BLEU file: ./data/tfix/3/validation.jsonl
  codebleu-4 = 65.09 	 Previous best codebleu 66.6
  ********************

***** Running evaluation *****
  Num examples = 104
  Batch size = 4
  epoch = 3
  eval_ppl = inf
  global_step = 545
  train_loss = 2.2154
  ********************
Previous best ppl:inf
BLEU file: ./data/tfix/3/validation.jsonl
  codebleu-4 = 64.01 	 Previous best codebleu 66.6
  ********************

***** Running evaluation *****
  Num examples = 104
  Batch size = 4
  epoch = 4
  eval_ppl = inf
  global_step = 681
  train_loss = 1.3939
  ********************
Previous best ppl:inf
BLEU file: ./data/tfix/3/validation.jsonl
  codebleu-4 = 66.96 	 Previous best codebleu 66.6
  ********************
 Achieve Best bleu:66.96
  ********************

***** Running evaluation *****
  Num examples = 104
  Batch size = 4
  epoch = 5
  eval_ppl = inf
  global_step = 817
  train_loss = 0.6758
  ********************
Previous best ppl:inf
BLEU file: ./data/tfix/3/validation.jsonl
  codebleu-4 = 62.8 	 Previous best codebleu 66.96
  ********************

***** Running evaluation *****
  Num examples = 104
  Batch size = 4
  epoch = 6
  eval_ppl = inf
  global_step = 953
  train_loss = 0.4064
  ********************
Previous best ppl:inf
BLEU file: ./data/tfix/3/validation.jsonl
  codebleu-4 = 63.96 	 Previous best codebleu 66.96
  ********************

***** Running evaluation *****
  Num examples = 104
  Batch size = 4
  epoch = 7
  eval_ppl = inf
  global_step = 1089
  train_loss = 0.2332
  ********************
Previous best ppl:inf
BLEU file: ./data/tfix/3/validation.jsonl
  codebleu-4 = 65.54 	 Previous best codebleu 66.96
  ********************
early stopping!!!
reload model from tfix/3/hard8_codet5p_770m/checkpoint-best-bleu
BLEU file: ./data/tfix/3/test.jsonl
  codebleu = 64.86 
  Total = 102 
  Exact Fixed = 29 
[1, 3, 5, 8, 10, 11, 14, 17, 24, 25, 26, 29, 30, 31, 33, 36, 39, 40, 50, 53, 54, 57, 58, 68, 69, 71, 78, 97, 98]
  Syntax Fixed = 1 
[59]
  Cleaned Fixed = 0 
[]
  ********************
  Total = 102 
  Exact Fixed = 29 
[1, 3, 5, 8, 10, 11, 14, 17, 24, 25, 26, 29, 30, 31, 33, 36, 39, 40, 50, 53, 54, 57, 58, 68, 69, 71, 78, 97, 98]
  Syntax Fixed = 1 
[59]
  Cleaned Fixed = 0 
[]
  codebleu = 64.86 
[1.0, 0.7971836442602579, 0.947587286567819, 0.6928185251457493, 1.0, 0.7553359752999136, 0.48813949765549175, 0.9891483218006352, 0.8674961219905688, 1.0, 1.0, 0.6763969039336931, 0.8306583090096291, 1.0, 0.5142322358777737, 0.8758258406164614, 0.9891483218006352, 0.20765250642045996, 0.4006672680560794, 0.05127041479686025, 0.6170314810554804, 0.8968939355581875, 0.6332527923879377, 0.6546744440448657, 0.9891483218006352, 1.0, 0.4026230568257158, 0.4203304182602139, 0.7135428903906851, 1.0, 1.0, 0.6502973371873174, 0.8249365300761395, 0.31594770703647285, 0.35821430974471075, 0.9891483218006352, 0.5123425659061872, 0.6067661591114144, 1.0, 1.0, 0.6748885220437988, 0.4436396203812509, 0.7096115872083772, 0.41480016297312017, 0.23718089591628422, 0.8494413741851621, 0.006805962174221069, 0.16999277306539728, 0.573720780784847, 1.0, 0.8076733233026572, 0.2895327686821452, 1.0, 1.0, 0.10178106081337598, 0.6823637724501181, 0.9891483218006352, 0.8249365300761395, 0.6868474083243508, 0.632383072567331, 0.8796531437200525, 0.6732344818792124, 0.45759530908884194, 0.5267461460334337, 0.53023330342574, 0.545545649326698, 0.23985271067894742, 0.9891483218006352, 1.0, 0.09999999999999999, 1.0, 0.8420812716756092, 0.623947934534287, 0.5019439926594608, 0.4358524766193835, 0.3755980153481091, 0.5924424048742483, 1.0, 0.09241884757886842, 0.677190822574687, 0.671115367211476, 0.0, 0.2229676619447272, 0.6082742323311118, 0.7288716324298354, 0.6156024573400952, 0.5247907831317329, 0.5875706378970006, 0.6450697884607799, 0.762178754714643, 0.0, 0.557898218477757, 0.7279979526305214, 0.4849237989456603, 0.4402131912598308, 0.5596414762602546, 1.0, 0.8249365300761395, 0.6445712219962232, 0.5485298081735648, 0.44240821387903484, 0.7127943353971518]
Finish training and take 34m
