Namespace(log_name='./tfix/3/hard1_codet5p_770m.log', model_name='Salesforce/codet5p-770m', lang='javascript', output_dir='tfix/3/hard1_codet5p_770m', data_dir='./data/tfix/3', no_cuda=False, visible_gpu='0', num_train_epochs=10, num_test_epochs=1, train_batch_size=6, eval_batch_size=4, gradient_accumulation_steps=1, load_model_path=None, config_name='', tokenizer_name='', max_source_length=512, max_target_length=512, warm_up_ratio=0.1, do_train=True, do_eval=True, do_test=True, freeze=False, learning_rate=5e-05, beam_size=10, weight_decay=0.0, adam_epsilon=1e-08, local_rank=-1, seed=42, early_stop_threshold=3)
Process rank: -1, device: cuda, n_gpu: 1, distributed training: False
Model created!!
[[{'text': 'function executeDown(internals, config, callback) {   var callback = callback || internals.onComplete;   if (!internals.argv.count) {', 'loss_ids': 0, 'shortenable_ids': 1}, {'text': ' the fixed version is', 'loss_ids': 0, 'shortenable_ids': 0}, {'text': '<mask>', 'loss_ids': 1, 'shortenable_ids': 0}], {'guid': 0, 'tgt_text': 'function executeDown(internals, config, callback) {   if (!internals.argv.count) {'}]
***** Running training *****
  Num examples = 816
  Batch size = 6
  Num epoch = 10

***** Running evaluation *****
  Num examples = 104
  Batch size = 4
  epoch = 0
  eval_ppl = inf
  global_step = 137
  train_loss = 16.9043
  ********************
Previous best ppl:inf
Achieve Best ppl:inf
  ********************
BLEU file: ./data/tfix/3/validation.jsonl
  codebleu-4 = 62.18 	 Previous best codebleu 0
  ********************
 Achieve Best bleu:62.18
  ********************

***** Running evaluation *****
  Num examples = 104
  Batch size = 4
  epoch = 1
  eval_ppl = inf
  global_step = 273
  train_loss = 7.9638
  ********************
Previous best ppl:inf
BLEU file: ./data/tfix/3/validation.jsonl
  codebleu-4 = 65.68 	 Previous best codebleu 62.18
  ********************
 Achieve Best bleu:65.68
  ********************

***** Running evaluation *****
  Num examples = 104
  Batch size = 4
  epoch = 2
  eval_ppl = inf
  global_step = 409
  train_loss = 3.9738
  ********************
Previous best ppl:inf
Achieve Best ppl:inf
  ********************
BLEU file: ./data/tfix/3/validation.jsonl
  codebleu-4 = 66.35 	 Previous best codebleu 65.68
  ********************
 Achieve Best bleu:66.35
  ********************

***** Running evaluation *****
  Num examples = 104
  Batch size = 4
  epoch = 3
  eval_ppl = inf
  global_step = 545
  train_loss = 1.8498
  ********************
Previous best ppl:inf
BLEU file: ./data/tfix/3/validation.jsonl
  codebleu-4 = 64.42 	 Previous best codebleu 66.35
  ********************

***** Running evaluation *****
  Num examples = 104
  Batch size = 4
  epoch = 4
  eval_ppl = inf
  global_step = 681
  train_loss = 0.9638
  ********************
Previous best ppl:inf
BLEU file: ./data/tfix/3/validation.jsonl
  codebleu-4 = 63.35 	 Previous best codebleu 66.35
  ********************

***** Running evaluation *****
  Num examples = 104
  Batch size = 4
  epoch = 5
  eval_ppl = inf
  global_step = 817
  train_loss = 0.5637
  ********************
Previous best ppl:inf
BLEU file: ./data/tfix/3/validation.jsonl
  codebleu-4 = 64.12 	 Previous best codebleu 66.35
  ********************
early stopping!!!
reload model from tfix/3/hard1_codet5p_770m/checkpoint-best-bleu
BLEU file: ./data/tfix/3/test.jsonl
  codebleu = 65.87 
  Total = 102 
  Exact Fixed = 25 
[3, 5, 6, 8, 10, 14, 17, 24, 25, 26, 29, 31, 33, 36, 38, 40, 50, 54, 57, 58, 68, 71, 85, 98, 100]
  Syntax Fixed = 1 
[65]
  Cleaned Fixed = 1 
[69]
  ********************
  Total = 102 
  Exact Fixed = 25 
[3, 5, 6, 8, 10, 14, 17, 24, 25, 26, 29, 31, 33, 36, 38, 40, 50, 54, 57, 58, 68, 71, 85, 98, 100]
  Syntax Fixed = 1 
[65]
  Cleaned Fixed = 1 
[69]
  codebleu = 65.87 
[0.9383022364276514, 0.7971836442602579, 0.947587286567819, 0.6928185251457493, 1.0, 0.849665244706028, 0.4953557619745404, 0.9891483218006352, 0.8674961219905688, 1.0, 0.5786565320612336, 0.6990283888263964, 0.8306583090096291, 1.0, 0.5978676263215867, 0.8758258406164614, 0.9891483218006352, 0.5260009416319087, 0.4006672680560794, 0.05127041479686025, 0.6335343953003008, 0.8968939355581875, 0.6332527923879377, 0.6546744440448657, 0.9891483218006352, 1.0, 0.4324786535028501, 0.5769830178464932, 0.7135428903906851, 0.6872646994947968, 1.0, 0.6502973371873174, 0.8249365300761395, 0.35904733320015375, 0.41903506236664334, 0.9891483218006352, 0.5123425659061872, 0.7973479243452424, 0.7186038866504489, 1.0, 0.6748885220437988, 0.4436396203812509, 0.7096115872083772, 0.3486710568928237, 0.6844129773172782, 0.8494413741851621, 0.0076380386437842765, 0.16999277306539728, 0.573720780784847, 1.0, 0.7471696119930195, 0.2895327686821452, 0.9172873156881443, 1.0, 0.10178106081337598, 0.6823637724501181, 0.9891483218006352, 0.8249365300761395, 0.7251487502001472, 0.6748540000604608, 0.8796531437200525, 0.6732344818792124, 0.45759530908884194, 0.5267461460334337, 0.6302333034257401, 0.545545649326698, 0.23985271067894742, 0.9891483218006352, 0.8372150604303957, 0.09999999999999999, 1.0, 0.8849384145327521, 0.623947934534287, 0.5019439926594608, 0.7820594750680618, 0.8648103351245982, 0.5924424048742483, 0.6957231649810731, 0.09241884757886842, 0.677190822574687, 0.671115367211476, 0.0, 0.2229676619447272, 0.6082742323311118, 1.0, 0.6156024573400952, 0.5247907831317329, 0.5875706378970006, 0.6450697884607799, 0.762178754714643, 0.0, 0.4864447152068576, 0.7279979526305214, 0.4849237989456603, 0.4402131912598308, 0.5596414762602546, 0.6889134963090102, 0.8249365300761395, 0.6445712219962232, 0.9164626894135284, 0.44240821387903484, 0.7127943353971518]
Finish training and take 26m
