Namespace(log_name='./tfix/3/hard5_codet5p_220m.log', model_name='Salesforce/codet5p-220m', lang='javascript', output_dir='tfix/3/hard5_codet5p_220m', data_dir='./data/tfix/3', no_cuda=False, visible_gpu='0', num_train_epochs=10, num_test_epochs=1, train_batch_size=6, eval_batch_size=4, gradient_accumulation_steps=1, load_model_path=None, config_name='', tokenizer_name='', max_source_length=512, max_target_length=512, warm_up_ratio=0.1, do_train=True, do_eval=True, do_test=True, freeze=False, learning_rate=5e-05, beam_size=10, weight_decay=0.0, adam_epsilon=1e-08, local_rank=-1, seed=42, early_stop_threshold=3)
Process rank: -1, device: cuda, n_gpu: 1, distributed training: False
Model created!!
[[{'text': 'function executeDown(internals, config, callback) {   var callback = callback || internals.onComplete;   if (!internals.argv.count) {', 'loss_ids': 0, 'shortenable_ids': 1}, {'text': ' is buggy program', 'loss_ids': 0, 'shortenable_ids': 0}, {'text': '<mask>', 'loss_ids': 1, 'shortenable_ids': 0}, {'text': ' is fixed program', 'loss_ids': 0, 'shortenable_ids': 0}], {'guid': 0, 'tgt_text': 'function executeDown(internals, config, callback) {   if (!internals.argv.count) {'}]
***** Running training *****
  Num examples = 816
  Batch size = 6
  Num epoch = 10

***** Running evaluation *****
  Num examples = 104
  Batch size = 4
  epoch = 0
  eval_ppl = inf
  global_step = 137
  train_loss = 18.54
  ********************
Previous best ppl:inf
Achieve Best ppl:inf
  ********************
BLEU file: ./data/tfix/3/validation.jsonl
  codebleu-4 = 61.76 	 Previous best codebleu 0
  ********************
 Achieve Best bleu:61.76
  ********************

***** Running evaluation *****
  Num examples = 104
  Batch size = 4
  epoch = 1
  eval_ppl = inf
  global_step = 273
  train_loss = 10.2653
  ********************
Previous best ppl:inf
BLEU file: ./data/tfix/3/validation.jsonl
  codebleu-4 = 67.31 	 Previous best codebleu 61.76
  ********************
 Achieve Best bleu:67.31
  ********************

***** Running evaluation *****
  Num examples = 104
  Batch size = 4
  epoch = 2
  eval_ppl = inf
  global_step = 409
  train_loss = 5.9666
  ********************
Previous best ppl:inf
BLEU file: ./data/tfix/3/validation.jsonl
  codebleu-4 = 68.29 	 Previous best codebleu 67.31
  ********************
 Achieve Best bleu:68.29
  ********************

***** Running evaluation *****
  Num examples = 104
  Batch size = 4
  epoch = 3
  eval_ppl = inf
  global_step = 545
  train_loss = 3.7841
  ********************
Previous best ppl:inf
BLEU file: ./data/tfix/3/validation.jsonl
  codebleu-4 = 67.2 	 Previous best codebleu 68.29
  ********************

***** Running evaluation *****
  Num examples = 104
  Batch size = 4
  epoch = 4
  eval_ppl = inf
  global_step = 681
  train_loss = 2.3958
  ********************
Previous best ppl:inf
BLEU file: ./data/tfix/3/validation.jsonl
  codebleu-4 = 66.19 	 Previous best codebleu 68.29
  ********************

***** Running evaluation *****
  Num examples = 104
  Batch size = 4
  epoch = 5
  eval_ppl = inf
  global_step = 817
  train_loss = 1.5428
  ********************
Previous best ppl:inf
BLEU file: ./data/tfix/3/validation.jsonl
  codebleu-4 = 66.31 	 Previous best codebleu 68.29
  ********************
early stopping!!!
reload model from tfix/3/hard5_codet5p_220m/checkpoint-best-bleu
BLEU file: ./data/tfix/3/test.jsonl
  codebleu = 65.17 
  Total = 102 
  Exact Fixed = 26 
[1, 5, 6, 14, 15, 17, 24, 25, 26, 29, 30, 31, 33, 36, 39, 40, 42, 54, 57, 58, 68, 69, 78, 85, 96, 98]
  Syntax Fixed = 1 
[65]
  Cleaned Fixed = 0 
[]
  ********************
  Total = 102 
  Exact Fixed = 26 
[1, 5, 6, 14, 15, 17, 24, 25, 26, 29, 30, 31, 33, 36, 39, 40, 42, 54, 57, 58, 68, 69, 78, 85, 96, 98]
  Syntax Fixed = 1 
[65]
  Cleaned Fixed = 0 
[]
  codebleu = 65.17 
[1.0, 0.61322123249758, 0.7645142199289174, 0.6928185251457493, 1.0, 0.849665244706028, 0.4953557619745404, 0.35550116410096294, 0.8674961219905688, 0.6731594468050276, 0.5786565320612336, 0.6763969039336931, 0.8306583090096291, 1.0, 1.0, 0.8758258406164614, 0.9891483218006352, 0.5260009416319087, 0.4016265496309229, 0.04448415542647708, 0.6335343953003008, 0.8968939355581875, 0.6332527923879377, 0.6546744440448657, 0.9891483218006352, 1.0, 0.4980397387368015, 0.5769830178464932, 0.7135428903906851, 1.0, 1.0, 0.6502973371873174, 0.8249365300761395, 0.31594770703647285, 0.4113427546743357, 0.9891483218006352, 0.5123425659061872, 0.6067661591114144, 1.0, 1.0, 0.6748885220437988, 1.0, 0.7096115872083772, 0.5274151448167971, 0.37317161913164243, 0.8624231729981537, 0.006805962174221069, 0.16999277306539728, 0.573720780784847, 0.7154629787573281, 0.8573464528613979, 0.2895327686821452, 0.8556951150608623, 1.0, 0.10178106081337598, 0.6823637724501181, 0.9891483218006352, 0.8249365300761395, 0.6643949501703279, 0.6748540000604608, 0.8796531437200525, 0.6732344818792124, 0.45759530908884194, 0.4640502282935607, 0.6302333034257401, 0.545545649326698, 0.23985271067894742, 0.9891483218006352, 1.0, 0.0857142857142857, 0.8191441569283882, 0.8849384145327521, 0.623947934534287, 0.46444399265946074, 0.7820594750680618, 0.4148103351245982, 0.5924424048742483, 1.0, 0.13813949765549177, 0.677190822574687, 0.671115367211476, 0.0, 0.2229676619447272, 0.6082742323311118, 1.0, 0.6428751846128224, 0.5247907831317329, 0.5875706378970006, 0.5332899899497036, 0.762178754714643, 0.0, 0.8339326133501213, 0.7279979526305214, 0.4849237989456603, 0.4402131912598308, 0.7135428903906851, 0.5646035438862514, 0.8249365300761395, 0.6445712219962232, 0.5485298081735648, 0.44240821387903484, 0.6377943353971518]
Finish training and take 10m
