Namespace(log_name='./result/tfix/3/random2_codet5p_770m.log', model_name='Salesforce/codet5p-770m', lang='javascript', output_dir='result/tfix/3/random2_codet5p_770m', data_dir='./data/tfix/3', no_cuda=False, visible_gpu='0', num_train_epochs=10, num_test_epochs=1, train_batch_size=4, eval_batch_size=4, gradient_accumulation_steps=1, load_model_path=None, config_name='', tokenizer_name='', max_source_length=512, max_target_length=512, warm_up_ratio=0.1, do_train=True, do_eval=True, do_test=True, freeze=False, learning_rate=5e-05, beam_size=10, weight_decay=0.0, adam_epsilon=1e-08, local_rank=-1, seed=42, early_stop_threshold=3)
Process rank: -1, device: cuda, n_gpu: 1, distributed training: False
Model created!!
[[{'text': 'Fix the bug in', 'loss_ids': 0, 'shortenable_ids': 0}, {'text': ' function executeDown(internals, config, callback) {   var callback = callback || internals.onComplete;   if (!internals.argv.count) {', 'loss_ids': 0, 'shortenable_ids': 1}, {'text': '<mask>', 'loss_ids': 1, 'shortenable_ids': 0}], {'guid': 0, 'tgt_text': 'function executeDown(internals, config, callback) {   if (!internals.argv.count) {'}]
***** Running training *****
  Num examples = 816
  Batch size = 4
  Num epoch = 10

***** Running evaluation *****
  Num examples = 104
  Batch size = 4
  epoch = 0
  eval_ppl = inf
  global_step = 205
  train_loss = 16.5263
  ********************
Previous best ppl:inf
Achieve Best ppl:inf
  ********************
BLEU file: ./data/tfix/3/validation.jsonl
  codebleu-4 = 64.3 	 Previous best codebleu 0
  ********************
 Achieve Best bleu:64.3
  ********************

***** Running evaluation *****
  Num examples = 104
  Batch size = 4
  epoch = 1
  eval_ppl = inf
  global_step = 409
  train_loss = 8.0007
  ********************
Previous best ppl:inf
BLEU file: ./data/tfix/3/validation.jsonl
  codebleu-4 = 65.43 	 Previous best codebleu 64.3
  ********************
 Achieve Best bleu:65.43
  ********************

***** Running evaluation *****
  Num examples = 104
  Batch size = 4
  epoch = 2
  eval_ppl = inf
  global_step = 613
  train_loss = 3.8779
  ********************
Previous best ppl:inf
BLEU file: ./data/tfix/3/validation.jsonl
  codebleu-4 = 67.44 	 Previous best codebleu 65.43
  ********************
 Achieve Best bleu:67.44
  ********************

***** Running evaluation *****
  Num examples = 104
  Batch size = 4
  epoch = 3
  eval_ppl = inf
  global_step = 817
  train_loss = 1.9169
  ********************
Previous best ppl:inf
BLEU file: ./data/tfix/3/validation.jsonl
  codebleu-4 = 63.72 	 Previous best codebleu 67.44
  ********************

***** Running evaluation *****
  Num examples = 104
  Batch size = 4
  epoch = 4
  eval_ppl = inf
  global_step = 1021
  train_loss = 1.1292
  ********************
Previous best ppl:inf
BLEU file: ./data/tfix/3/validation.jsonl
  codebleu-4 = 63.94 	 Previous best codebleu 67.44
  ********************

***** Running evaluation *****
  Num examples = 104
  Batch size = 4
  epoch = 5
  eval_ppl = inf
  global_step = 1225
  train_loss = 0.5462
  ********************
Previous best ppl:inf
BLEU file: ./data/tfix/3/validation.jsonl
  codebleu-4 = 63.61 	 Previous best codebleu 67.44
  ********************
early stopping!!!
reload model from result/tfix/3/random2_codet5p_770m/checkpoint-best-bleu
BLEU file: ./data/tfix/3/test.jsonl
  codebleu = 65.2 
  Total = 102 
  Exact Fixed = 28 
[1, 3, 5, 6, 8, 10, 11, 14, 15, 24, 25, 26, 29, 30, 31, 33, 36, 40, 52, 53, 54, 57, 58, 69, 80, 97, 98, 100]
  Syntax Fixed = 0 
[]
  Cleaned Fixed = 0 
[]
  ********************
  Total = 102 
  Exact Fixed = 28 
[1, 3, 5, 6, 8, 10, 11, 14, 15, 24, 25, 26, 29, 30, 31, 33, 36, 40, 52, 53, 54, 57, 58, 69, 80, 97, 98, 100]
  Syntax Fixed = 0 
[]
  Cleaned Fixed = 0 
[]
  codebleu = 65.2 
[1.0, 0.7971836442602579, 0.947587286567819, 0.6928185251457493, 1.0, 0.849665244706028, 0.4953557619745404, 0.9891483218006352, 0.8674961219905688, 1.0, 1.0, 0.42533204647029865, 0.8306583090096291, 1.0, 1.0, 0.8758258406164614, 0.45473913473843297, 0.20765250642045996, 0.4006672680560794, 0.05966044812932477, 0.6335343953003008, 0.8968939355581875, 0.6332527923879377, 0.6546744440448657, 0.9891483218006352, 1.0, 0.4026230568257158, 0.4203304182602139, 0.7135428903906851, 1.0, 1.0, 0.5002973371873174, 0.8249365300761395, 0.2919477070364728, 0.4113427546743357, 0.9891483218006352, 0.5123425659061872, 0.6067661591114144, 0.7186038866504489, 1.0, 0.6748885220437988, 0.4436396203812509, 0.7096115872083772, 0.5274151448167971, 0.5231716191316423, 0.8494413741851621, 0.0076380386437842765, 0.16999277306539728, 0.573720780784847, 0.7154629787573281, 0.8076733233026572, 0.7264911064067352, 1.0, 1.0, 0.10178106081337598, 0.6823637724501181, 0.9891483218006352, 0.8249365300761395, 0.7251487502001472, 0.6748540000604608, 0.8796531437200525, 0.7255990030219581, 0.45759530908884194, 0.5267461460334337, 0.53023330342574, 0.545545649326698, 0.23985271067894742, 0.32876058317458745, 1.0, 0.09999999999999999, 0.8191441569283882, 0.8420812716756092, 0.6132336488200013, 0.5019439926594608, 0.5492169126633578, 0.8648103351245982, 0.5924424048742483, 0.5661303849935544, 0.09241884757886842, 0.8249365300761395, 0.8579641014578894, 0.0, 0.2229676619447272, 0.6082742323311118, 0.7288716324298354, 0.6156024573400952, 0.4646329022300242, 0.5875706378970006, 0.6450697884607799, 0.762178754714643, 0.0, 0.8339326133501213, 0.7279979526305214, 0.4849237989456603, 0.4402131912598308, 0.5596414762602546, 1.0, 0.8249365300761395, 0.6445712219962232, 0.9164626894135284, 0.44240821387903484, 0.7127943353971518]
Finish training and take 17m
