Namespace(log_name='./tfix/3/soft9_codet5p_220m.log', model_name='Salesforce/codet5p-220m', lang='javascript', output_dir='tfix/3/soft9_codet5p_220m', data_dir='./data/tfix/3', no_cuda=False, visible_gpu='0', num_train_epochs=10, num_test_epochs=1, train_batch_size=6, eval_batch_size=4, gradient_accumulation_steps=1, load_model_path=None, config_name='', tokenizer_name='', max_source_length=512, max_target_length=512, warm_up_ratio=0.1, do_train=True, do_eval=True, do_test=True, freeze=False, learning_rate=5e-05, beam_size=10, weight_decay=0.0, adam_epsilon=1e-08, local_rank=-1, seed=42, early_stop_threshold=3)
Process rank: -1, device: cuda, n_gpu: 1, distributed training: False
Model created!!
[[{'text': 'Please fix a buggy program', 'loss_ids': 0, 'shortenable_ids': 0}, {'text': ' function executeDown(internals, config, callback) {   var callback = callback || internals.onComplete;   if (!internals.argv.count) {', 'loss_ids': 0, 'shortenable_ids': 1}, {'text': 'the bug type is', 'loss_ids': 0, 'shortenable_ids': 0}, {'text': ' no-redeclare', 'loss_ids': 0, 'shortenable_ids': 0}, {'text': '.', 'loss_ids': 0, 'shortenable_ids': 0}, {'text': 'by taking repair actions', 'loss_ids': 0, 'shortenable_ids': 0}, {'text': ' Redeclaring variable.', 'loss_ids': 0, 'shortenable_ids': 0}, {'text': '<mask>', 'loss_ids': 1, 'shortenable_ids': 0}, {'text': 'is the fixed version', 'loss_ids': 0, 'shortenable_ids': 0}], {'guid': 0, 'tgt_text': 'function executeDown(internals, config, callback) {   if (!internals.argv.count) {'}]
***** Running training *****
  Num examples = 816
  Batch size = 6
  Num epoch = 10

***** Running evaluation *****
  Num examples = 104
  Batch size = 4
  epoch = 0
  eval_ppl = inf
  global_step = 137
  train_loss = 16.6137
  ********************
Previous best ppl:inf
Achieve Best ppl:inf
  ********************
BLEU file: ./data/tfix/3/validation.jsonl
  codebleu-4 = 64.31 	 Previous best codebleu 0
  ********************
 Achieve Best bleu:64.31
  ********************

***** Running evaluation *****
  Num examples = 104
  Batch size = 4
  epoch = 1
  eval_ppl = inf
  global_step = 273
  train_loss = 9.1122
  ********************
Previous best ppl:inf
BLEU file: ./data/tfix/3/validation.jsonl
  codebleu-4 = 67.57 	 Previous best codebleu 64.31
  ********************
 Achieve Best bleu:67.57
  ********************

***** Running evaluation *****
  Num examples = 104
  Batch size = 4
  epoch = 2
  eval_ppl = inf
  global_step = 409
  train_loss = 5.3988
  ********************
Previous best ppl:inf
BLEU file: ./data/tfix/3/validation.jsonl
  codebleu-4 = 67.77 	 Previous best codebleu 67.57
  ********************
 Achieve Best bleu:67.77
  ********************

***** Running evaluation *****
  Num examples = 104
  Batch size = 4
  epoch = 3
  eval_ppl = inf
  global_step = 545
  train_loss = 3.387
  ********************
Previous best ppl:inf
BLEU file: ./data/tfix/3/validation.jsonl
  codebleu-4 = 67.96 	 Previous best codebleu 67.77
  ********************
 Achieve Best bleu:67.96
  ********************

***** Running evaluation *****
  Num examples = 104
  Batch size = 4
  epoch = 4
  eval_ppl = inf
  global_step = 681
  train_loss = 1.968
  ********************
Previous best ppl:inf
BLEU file: ./data/tfix/3/validation.jsonl
  codebleu-4 = 69.14 	 Previous best codebleu 67.96
  ********************
 Achieve Best bleu:69.14
  ********************

***** Running evaluation *****
  Num examples = 104
  Batch size = 4
  epoch = 5
  eval_ppl = inf
  global_step = 817
  train_loss = 1.3095
  ********************
Previous best ppl:inf
BLEU file: ./data/tfix/3/validation.jsonl
  codebleu-4 = 68.47 	 Previous best codebleu 69.14
  ********************

***** Running evaluation *****
  Num examples = 104
  Batch size = 4
  epoch = 6
  eval_ppl = inf
  global_step = 953
  train_loss = 0.8806
  ********************
Previous best ppl:inf
BLEU file: ./data/tfix/3/validation.jsonl
  codebleu-4 = 68.88 	 Previous best codebleu 69.14
  ********************

***** Running evaluation *****
  Num examples = 104
  Batch size = 4
  epoch = 7
  eval_ppl = inf
  global_step = 1089
  train_loss = 0.6401
  ********************
Previous best ppl:inf
BLEU file: ./data/tfix/3/validation.jsonl
  codebleu-4 = 68.48 	 Previous best codebleu 69.14
  ********************
early stopping!!!
reload model from tfix/3/soft9_codet5p_220m/checkpoint-best-bleu
BLEU file: ./data/tfix/3/test.jsonl
  codebleu = 66.24 
  Total = 102 
  Exact Fixed = 28 
[1, 5, 6, 8, 9, 10, 11, 14, 15, 17, 24, 25, 26, 29, 30, 31, 33, 39, 52, 53, 54, 57, 58, 69, 78, 86, 98, 100]
  Syntax Fixed = 2 
[63, 65]
  Cleaned Fixed = 0 
[]
  ********************
  Total = 102 
  Exact Fixed = 28 
[1, 5, 6, 8, 9, 10, 11, 14, 15, 17, 24, 25, 26, 29, 30, 31, 33, 39, 52, 53, 54, 57, 58, 69, 78, 86, 98, 100]
  Syntax Fixed = 2 
[63, 65]
  Cleaned Fixed = 0 
[]
  codebleu = 66.24 
[1.0, 0.7971836442602579, 0.3886157187451094, 0.6928185251457493, 1.0, 0.849665244706028, 0.4953557619745404, 0.9891483218006352, 1.0, 1.0, 1.0, 0.6763969039336931, 0.8306583090096291, 1.0, 1.0, 0.7161946022870059, 0.9891483218006352, 0.5260009416319087, 0.45607817755512, 0.04448415542647708, 0.6335343953003008, 0.8524766967683619, 0.6332527923879377, 0.6546744440448657, 0.9891483218006352, 1.0, 0.4980397387368015, 0.6651320167833845, 0.7135428903906851, 1.0, 1.0, 0.6502973371873174, 0.8249365300761395, 0.31594770703647285, 0.4113427546743357, 0.4276490875169622, 0.5123425659061872, 0.6067661591114144, 1.0, 0.8413021732298638, 0.6748885220437988, 0.4436396203812509, 0.7096115872083772, 0.3486710568928237, 0.37317161913164243, 0.8624231729981537, 0.006805962174221069, 0.16999277306539728, 0.8042470965743207, 0.7154629787573281, 0.8573464528613979, 0.7264911064067352, 1.0, 1.0, 0.10178106081337598, 0.6823637724501181, 0.9891483218006352, 0.8249365300761395, 0.6643949501703279, 0.632383072567331, 0.8796531437200525, 0.7255990030219581, 0.6888724788208753, 0.5267461460334337, 0.6302333034257401, 0.545545649326698, 0.23985271067894742, 0.32876058317458745, 1.0, 0.12, 0.8191441569283882, 0.8849384145327521, 0.623947934534287, 0.5019439926594608, 0.5492169126633578, 0.8648103351245982, 0.5924424048742483, 1.0, 0.09241884757886842, 0.677190822574687, 0.671115367211476, 0.0, 0.2229676619447272, 0.45073931026652236, 0.7288716324298354, 1.0, 0.5247907831317329, 0.5875706378970006, 0.6450697884607799, 0.762178754714643, 0.0, 0.8339326133501213, 0.7279979526305214, 0.4849237989456603, 0.4402131912598308, 0.6536911179244789, 0.6889134963090102, 0.8249365300761395, 0.6445712219962232, 0.9164626894135284, 0.482455977935928, 0.7127943353971518]
Finish training and take 13m
