Namespace(log_name='./tfix/3/soft2_codet5p_770m.log', model_name='Salesforce/codet5p-770m', lang='javascript', output_dir='tfix/3/soft2_codet5p_770m', data_dir='./data/tfix/3', no_cuda=False, visible_gpu='0', num_train_epochs=10, num_test_epochs=1, train_batch_size=6, eval_batch_size=4, gradient_accumulation_steps=1, load_model_path=None, config_name='', tokenizer_name='', max_source_length=512, max_target_length=512, warm_up_ratio=0.1, do_train=True, do_eval=True, do_test=True, freeze=False, learning_rate=5e-05, beam_size=10, weight_decay=0.0, adam_epsilon=1e-08, local_rank=-1, seed=42, early_stop_threshold=3)
Process rank: -1, device: cuda, n_gpu: 1, distributed training: False
Model created!!
[[{'text': 'Fix the bug in', 'loss_ids': 0, 'shortenable_ids': 0}, {'text': ' function executeDown(internals, config, callback) {   var callback = callback || internals.onComplete;   if (!internals.argv.count) {', 'loss_ids': 0, 'shortenable_ids': 1}, {'text': '<mask>', 'loss_ids': 1, 'shortenable_ids': 0}], {'guid': 0, 'tgt_text': 'function executeDown(internals, config, callback) {   if (!internals.argv.count) {'}]
***** Running training *****
  Num examples = 816
  Batch size = 6
  Num epoch = 10

***** Running evaluation *****
  Num examples = 104
  Batch size = 4
  epoch = 0
  eval_ppl = inf
  global_step = 137
  train_loss = 16.0025
  ********************
Previous best ppl:inf
Achieve Best ppl:inf
  ********************
BLEU file: ./data/tfix/3/validation.jsonl
  codebleu-4 = 63.74 	 Previous best codebleu 0
  ********************
 Achieve Best bleu:63.74
  ********************

***** Running evaluation *****
  Num examples = 104
  Batch size = 4
  epoch = 1
  eval_ppl = inf
  global_step = 273
  train_loss = 7.6432
  ********************
Previous best ppl:inf
Achieve Best ppl:inf
  ********************
BLEU file: ./data/tfix/3/validation.jsonl
  codebleu-4 = 65.06 	 Previous best codebleu 63.74
  ********************
 Achieve Best bleu:65.06
  ********************

***** Running evaluation *****
  Num examples = 104
  Batch size = 4
  epoch = 2
  eval_ppl = inf
  global_step = 409
  train_loss = 3.4528
  ********************
Previous best ppl:inf
BLEU file: ./data/tfix/3/validation.jsonl
  codebleu-4 = 63.49 	 Previous best codebleu 65.06
  ********************

***** Running evaluation *****
  Num examples = 104
  Batch size = 4
  epoch = 3
  eval_ppl = inf
  global_step = 545
  train_loss = 1.8413
  ********************
Previous best ppl:inf
BLEU file: ./data/tfix/3/validation.jsonl
  codebleu-4 = 64.54 	 Previous best codebleu 65.06
  ********************

***** Running evaluation *****
  Num examples = 104
  Batch size = 4
  epoch = 4
  eval_ppl = inf
  global_step = 681
  train_loss = 1.0082
  ********************
Previous best ppl:inf
BLEU file: ./data/tfix/3/validation.jsonl
  codebleu-4 = 64.1 	 Previous best codebleu 65.06
  ********************
early stopping!!!
reload model from tfix/3/soft2_codet5p_770m/checkpoint-best-bleu
BLEU file: ./data/tfix/3/test.jsonl
  codebleu = 63.25 
  Total = 102 
  Exact Fixed = 20 
[1, 3, 5, 8, 14, 15, 17, 24, 25, 29, 30, 31, 38, 50, 53, 54, 57, 58, 69, 98]
  Syntax Fixed = 0 
[]
  Cleaned Fixed = 0 
[]
  ********************
  Total = 102 
  Exact Fixed = 20 
[1, 3, 5, 8, 14, 15, 17, 24, 25, 29, 30, 31, 38, 50, 53, 54, 57, 58, 69, 98]
  Syntax Fixed = 0 
[]
  Cleaned Fixed = 0 
[]
  codebleu = 63.25 
[1.0, 0.7971836442602579, 0.947587286567819, 0.6928185251457493, 1.0, 0.7553359752999136, 0.48813949765549175, 0.9891483218006352, 0.8674961219905688, 0.6731594468050276, 0.5786565320612336, 0.6763969039336931, 0.8306583090096291, 1.0, 1.0, 0.8758258406164614, 0.9891483218006352, 0.5260009416319087, 0.4006672680560794, 0.04448415542647708, 0.6335343953003008, 0.8968939355581875, 0.6332527923879377, 0.6546744440448657, 0.9891483218006352, 0.41340494099466796, 0.4980397387368015, 0.5769830178464932, 0.7135428903906851, 1.0, 1.0, 0.5002973371873174, 0.5057622511461156, 0.31594770703647285, 0.4113427546743357, 0.4276490875169622, 0.5123425659061872, 0.7973479243452424, 0.7186038866504489, 0.8413021732298638, 0.6748885220437988, 0.4436396203812509, 0.7096115872083772, 0.47480016297312017, 0.37317161913164243, 0.8624231729981537, 0.006805962174221069, 0.16999277306539728, 0.573720780784847, 1.0, 0.8573464528613979, 0.2895327686821452, 1.0, 1.0, 0.10178106081337598, 0.6823637724501181, 0.9891483218006352, 0.8249365300761395, 0.7251487502001472, 0.6748540000604608, 0.8796531437200525, 0.7255990030219581, 0.45759530908884194, 0.4640502282935607, 0.6724315693987384, 0.545545649326698, 0.23985271067894742, 0.32876058317458745, 1.0, 0.12, 0.6530550965302279, 0.8849384145327521, 0.623947934534287, 0.46444399265946074, 0.7820594750680618, 0.8648103351245982, 0.5924424048742483, 0.6957231649810731, 0.13813949765549177, 0.677190822574687, 0.671115367211476, 0.0, 0.2229676619447272, 0.6082742323311118, 0.7288716324298354, 0.6156024573400952, 0.5247907831317329, 0.5875706378970006, 0.6450697884607799, 0.762178754714643, 0.0, 0.8262868522309408, 0.7279979526305214, 0.4849237989456603, 0.4402131912598308, 0.5938805692222406, 0.5646035438862514, 0.8249365300761395, 0.6445712219962232, 0.5485298081735648, 0.44240821387903484, 0.6377943353971518]
Finish training and take 23m
