Namespace(log_name='./tfix/3/soft0_codet5p_220m.log', model_name='Salesforce/codet5p-220m', lang='javascript', output_dir='tfix/3/soft0_codet5p_220m', data_dir='./data/tfix/3', no_cuda=False, visible_gpu='0', num_train_epochs=10, num_test_epochs=1, train_batch_size=6, eval_batch_size=4, gradient_accumulation_steps=1, load_model_path=None, config_name='', tokenizer_name='', max_source_length=512, max_target_length=512, warm_up_ratio=0.1, do_train=True, do_eval=True, do_test=True, freeze=False, learning_rate=5e-05, beam_size=10, weight_decay=0.0, adam_epsilon=1e-08, local_rank=-1, seed=42, early_stop_threshold=3)
Process rank: -1, device: cuda, n_gpu: 1, distributed training: False
Model created!!
[[{'text': 'function executeDown(internals, config, callback) {   var callback = callback || internals.onComplete;   if (!internals.argv.count) {', 'loss_ids': 0, 'shortenable_ids': 1}, {'text': '<mask>', 'loss_ids': 1, 'shortenable_ids': 0}, {'text': 'is the fixed version', 'loss_ids': 0, 'shortenable_ids': 0}], {'guid': 0, 'tgt_text': 'function executeDown(internals, config, callback) {   if (!internals.argv.count) {'}]
***** Running training *****
  Num examples = 816
  Batch size = 6
  Num epoch = 10

***** Running evaluation *****
  Num examples = 104
  Batch size = 4
  epoch = 0
  eval_ppl = inf
  global_step = 137
  train_loss = 18.485
  ********************
Previous best ppl:inf
Achieve Best ppl:inf
  ********************
BLEU file: ./data/tfix/3/validation.jsonl
  codebleu-4 = 68.61 	 Previous best codebleu 0
  ********************
 Achieve Best bleu:68.61
  ********************

***** Running evaluation *****
  Num examples = 104
  Batch size = 4
  epoch = 1
  eval_ppl = inf
  global_step = 273
  train_loss = 9.6641
  ********************
Previous best ppl:inf
Achieve Best ppl:inf
  ********************
BLEU file: ./data/tfix/3/validation.jsonl
  codebleu-4 = 66.73 	 Previous best codebleu 68.61
  ********************

***** Running evaluation *****
  Num examples = 104
  Batch size = 4
  epoch = 2
  eval_ppl = inf
  global_step = 409
  train_loss = 5.6602
  ********************
Previous best ppl:inf
BLEU file: ./data/tfix/3/validation.jsonl
  codebleu-4 = 66.86 	 Previous best codebleu 68.61
  ********************

***** Running evaluation *****
  Num examples = 104
  Batch size = 4
  epoch = 3
  eval_ppl = inf
  global_step = 545
  train_loss = 3.532
  ********************
Previous best ppl:inf
BLEU file: ./data/tfix/3/validation.jsonl
  codebleu-4 = 65.47 	 Previous best codebleu 68.61
  ********************

***** Running evaluation *****
  Num examples = 104
  Batch size = 4
  epoch = 4
  eval_ppl = inf
  global_step = 681
  train_loss = 2.1135
  ********************
Previous best ppl:inf
BLEU file: ./data/tfix/3/validation.jsonl
  codebleu-4 = 66.0 	 Previous best codebleu 68.61
  ********************
early stopping!!!
reload model from tfix/3/soft0_codet5p_220m/checkpoint-best-bleu
BLEU file: ./data/tfix/3/test.jsonl
  codebleu = 64.29 
  Total = 102 
  Exact Fixed = 21 
[3, 8, 11, 14, 15, 17, 26, 29, 31, 33, 34, 36, 39, 40, 54, 57, 58, 69, 75, 96, 100]
  Syntax Fixed = 1 
[63]
  Cleaned Fixed = 0 
[]
  ********************
  Total = 102 
  Exact Fixed = 21 
[3, 8, 11, 14, 15, 17, 26, 29, 31, 33, 34, 36, 39, 40, 54, 57, 58, 69, 75, 96, 100]
  Syntax Fixed = 1 
[63]
  Cleaned Fixed = 0 
[]
  codebleu = 64.29 
[0.7512782583555683, 0.7971836442602579, 0.947587286567819, 0.6928185251457493, 0.7919539936457618, 0.7553359752999136, 0.4953557619745404, 0.9891483218006352, 0.8674961219905688, 0.8316015466501336, 1.0, 0.6763969039336931, 0.8306583090096291, 1.0, 1.0, 0.8362654010560218, 0.9891483218006352, 0.5260009416319087, 0.45607817755512, 0.04448415542647708, 0.6335343953003008, 0.8968939355581875, 0.6332527923879377, 0.5796744440448658, 0.5119383937471478, 1.0, 0.4980397387368015, 0.5769830178464932, 0.7135428903906851, 0.5510229969770477, 1.0, 0.6502973371873174, 0.8249365300761395, 0.8249365300761395, 0.4113427546743357, 0.9891483218006352, 0.5123425659061872, 0.6067661591114144, 1.0, 1.0, 0.6748885220437988, 0.17288329923276824, 0.7096115872083772, 0.5274151448167971, 0.6844129773172782, 0.8624231729981537, 0.006805962174221069, 0.0014150943396226414, 0.42475241071382897, 0.7154629787573281, 0.8573464528613979, 0.2895327686821452, 0.8556951150608623, 1.0, 0.10178106081337598, 0.6823637724501181, 0.9891483218006352, 0.8249365300761395, 0.6643949501703279, 0.6748540000604608, 0.8796531437200525, 0.6732344818792124, 0.6888724788208753, 0.4720846836623105, 0.5277537539048389, 0.545545649326698, 0.23985271067894742, 0.32876058317458745, 1.0, 0.0857142857142857, 0.8191441569283882, 0.8849384145327521, 0.5585798158894009, 0.5019439926594608, 0.8981920291047973, 0.8648103351245982, 0.5924424048742483, 0.8539342742606371, 0.13813949765549177, 0.677190822574687, 0.671115367211476, 0.0, 0.2229676619447272, 0.6082742323311118, 0.7288716324298354, 0.6428751846128224, 0.5247907831317329, 0.5875706378970006, 0.5332899899497036, 0.762178754714643, 0.0, 0.8339326133501213, 0.7279979526305214, 0.4849237989456603, 0.4402131912598308, 0.7135428903906851, 0.5646035438862514, 0.591810143755055, 0.6445712219962232, 0.9164626894135284, 0.44240821387903484, 0.29404274872702096]
Finish training and take 5m
