Namespace(log_name='./RQ5/bugsinpy_32_2/codet5p_220m_f.log', model_name='Salesforce/codet5p-220m', lang='python', output_dir='RQ5/bugsinpy_32_2/codet5p_220m_f', data_dir='./data/RQ5/bugsinpy_32_2', no_cuda=False, visible_gpu='0', add_task_prefix=False, add_lang_ids=False, num_train_epochs=10, num_test_epochs=10, train_batch_size=8, eval_batch_size=4, gradient_accumulation_steps=2, load_model_path=None, config_name='', tokenizer_name='', max_source_length=512, max_target_length=512, warm_up_ratio=0.1, do_train=True, do_eval=True, do_test=True, do_lower_case=False, learning_rate=5e-05, beam_size=10, weight_decay=0.0, adam_epsilon=1e-08, max_grad_norm=1.0, max_steps=-1, eval_steps=-1, train_steps=-1, local_rank=-1, seed=42, early_stop_threshold=3)
Process rank: -1, device: cuda, n_gpu: 1, distributed training: False, model_name: Salesforce/codet5p-220m
model created!
Total 32 training instances 
***** Running training *****
  Num examples = 32
  Batch size = 8
  Num epoch = 10

***** Running evaluation *****
  Num examples = 100
  Batch size = 4
  epoch = 0
  eval_ppl = 1.00189
  global_step = 5
  train_loss = 1.1864
  ********************
Previous best ppl:inf
Achieve Best ppl:1.00189
  ********************
BLEU file: ./data/RQ5/bugsinpy_32_2/validation.jsonl
  codebleu-4 = 26.18 	 Previous best codebleu 0
  ********************
 Achieve Best bleu:26.18
  ********************

***** Running evaluation *****
  Num examples = 100
  Batch size = 4
  epoch = 1
  eval_ppl = 1.00156
  global_step = 9
  train_loss = 0.835
  ********************
Previous best ppl:1.00189
Achieve Best ppl:1.00156
  ********************
BLEU file: ./data/RQ5/bugsinpy_32_2/validation.jsonl
  codebleu-4 = 60.95 	 Previous best codebleu 26.18
  ********************
 Achieve Best bleu:60.95
  ********************

***** Running evaluation *****
  Num examples = 100
  Batch size = 4
  epoch = 2
  eval_ppl = 1.00146
  global_step = 13
  train_loss = 0.6355
  ********************
Previous best ppl:1.00156
Achieve Best ppl:1.00146
  ********************
BLEU file: ./data/RQ5/bugsinpy_32_2/validation.jsonl
  codebleu-4 = 71.69 	 Previous best codebleu 60.95
  ********************
 Achieve Best bleu:71.69
  ********************

***** Running evaluation *****
  Num examples = 100
  Batch size = 4
  epoch = 3
  eval_ppl = 1.0014
  global_step = 17
  train_loss = 0.4825
  ********************
Previous best ppl:1.00146
Achieve Best ppl:1.0014
  ********************
BLEU file: ./data/RQ5/bugsinpy_32_2/validation.jsonl
  codebleu-4 = 72.35 	 Previous best codebleu 71.69
  ********************
 Achieve Best bleu:72.35
  ********************

***** Running evaluation *****
  Num examples = 100
  Batch size = 4
  epoch = 4
  eval_ppl = 1.00142
  global_step = 21
  train_loss = 0.4024
  ********************
Previous best ppl:1.0014
BLEU file: ./data/RQ5/bugsinpy_32_2/validation.jsonl
  codebleu-4 = 73.4 	 Previous best codebleu 72.35
  ********************
 Achieve Best bleu:73.4
  ********************

***** Running evaluation *****
  Num examples = 100
  Batch size = 4
  epoch = 5
  eval_ppl = 1.00143
  global_step = 25
  train_loss = 0.3374
  ********************
Previous best ppl:1.0014
BLEU file: ./data/RQ5/bugsinpy_32_2/validation.jsonl
  codebleu-4 = 73.71 	 Previous best codebleu 73.4
  ********************
 Achieve Best bleu:73.71
  ********************

***** Running evaluation *****
  Num examples = 100
  Batch size = 4
  epoch = 6
  eval_ppl = 1.00144
  global_step = 29
  train_loss = 0.2845
  ********************
Previous best ppl:1.0014
BLEU file: ./data/RQ5/bugsinpy_32_2/validation.jsonl
  codebleu-4 = 75.07 	 Previous best codebleu 73.71
  ********************
 Achieve Best bleu:75.07
  ********************

***** Running evaluation *****
  Num examples = 100
  Batch size = 4
  epoch = 7
  eval_ppl = 1.00144
  global_step = 33
  train_loss = 0.2622
  ********************
Previous best ppl:1.0014
BLEU file: ./data/RQ5/bugsinpy_32_2/validation.jsonl
  codebleu-4 = 75.13 	 Previous best codebleu 75.07
  ********************
 Achieve Best bleu:75.13
  ********************

***** Running evaluation *****
  Num examples = 100
  Batch size = 4
  epoch = 8
  eval_ppl = 1.00144
  global_step = 37
  train_loss = 0.2258
  ********************
Previous best ppl:1.0014
BLEU file: ./data/RQ5/bugsinpy_32_2/validation.jsonl
  codebleu-4 = 75.13 	 Previous best codebleu 75.13
  ********************

***** Running evaluation *****
  Num examples = 100
  Batch size = 4
  epoch = 9
  eval_ppl = 1.00144
  global_step = 41
  train_loss = 0.2223
  ********************
Previous best ppl:1.0014
BLEU file: ./data/RQ5/bugsinpy_32_2/validation.jsonl
  codebleu-4 = 75.16 	 Previous best codebleu 75.13
  ********************
 Achieve Best bleu:75.16
  ********************
reload model from RQ5/bugsinpy_32_2/codet5p_220m_f/checkpoint-best-bleu
BLEU file: ./data/RQ5/bugsinpy_32_2/test.jsonl
  codebleu = 76.32 
  Total = 117 
  Exact Fixed = 0 
[]
  Syntax Fixed = 0 
[]
  Cleaned Fixed = 0 
[]
  ********************
  Total = 117 
  Exact Fixed = 0 
[]
  Syntax Fixed = 0 
[]
  Cleaned Fixed = 0 
[]
  codebleu = 76.32 
[0.6939112308588368, 0.676525822803221, 0.8096114788906146, 0.8962096929024133, 0.8782734899756608, 0.7420541780659815, 0.8611544762176193, 0.8754861943073293, 0.7419234892127716, 0.8132626074187663, 0.8398338728659691, 0.8674433454759134, 0.725598015348109, 0.47275409118143114, 0.9085800872774439, 0.8631855387221548, 0.48787113038398106, 0.9474759345795825, 0.782053171927164, 0.5936056097912514, 0.806994183002536, 0.8884573785188872, 0.6883720951974961, 0.884250182279102, 0.8634090336969251, 0.7715012035371895, 0.7789632293980846, 0.7318286091585733, 0.8107806147142924, 0.9063467386633746, 0.8231560738418289, 0.8195330229945343, 0.878865255109752, 0.8300638244826566, 0.8627606169106636, 0.7738279988463377, 0.610067068626702, 0.848034624064077, 0.8194829712871663, 0.8434652034268404, 0.8358395384567638, 0.8834630241782442, 0.7634529873842351, 0.8789801838086921, 0.9178662308912058, 0.6441425627537012, 0.6728230800934798, 0.8871978499693505, 0.6936199831009335, 0.6374410208386678, 0.8352894783834772, 0.7042953619649426, 0.7953587603777192, 0.5750974938187585, 0.6508693332230462, 0.5037077119806818, 0.8475332565755729, 0.8021170040829606, 0.47166395418323315, 0.7507982187182929, 0.8077895563342797, 0.9390331079602834, 0.7639654153934541, 0.9411542454583528, 0.6853803599169206, 0.9666856331752072, 0.7504067254288294, 0.9056583090096291, 0.8673208349360431, 0.8834124216164225, 0.8808919461147899, 0.6356257812621184, 0.8853004704636518, 0.8348357729374873, 0.2846333289320666, 0.7585846389475988, 0.9476860986705828, 0.6439391185600173, 0.49150427670545643, 0.8856389378075658, 0.5681295751079041, 0.7711221670600811, 0.7714650156104186, 0.5911195501972704, 0.7332519354895861, 0.7381684490594698, 0.7520456315632097, 0.7449734989717058, 0.8359065918769479, 0.860117164263619, 0.7671059053225888, 0.788050295413492, 0.39686614731832626, 0.7205089220380079, 0.8234479137638847, 0.9472873156881443, 0.8548397899287874, 0.6413921957402942, 0.8068413656728535, 0.8758824583470641, 0.8362747318435784, 0.4545507520171642, 0.8594942629236695, 0.9204219587780458, 0.8399114554115357, 0.5571314709024371, 0.8300101016746005, 0.7225931341121177, 0.5117566728908322, 0.568803606953774, 0.2860696621430624, 0.6798907668533658, 0.9142445273649933, 0.7768711691119308, 0.8475864225311183, 0.7093853536262804, 0.7572098935987482]
Finish training and take 34m
