Namespace(log_name='./RQ5/bugsinpy_900_2/codet5p_220m_f.log', model_name='Salesforce/codet5p-220m', lang='python', output_dir='RQ5/bugsinpy_900_2/codet5p_220m_f', data_dir='./data/RQ5/bugsinpy_900_2', no_cuda=False, visible_gpu='0', add_task_prefix=False, add_lang_ids=False, num_train_epochs=10, num_test_epochs=10, train_batch_size=8, eval_batch_size=4, gradient_accumulation_steps=2, load_model_path=None, config_name='', tokenizer_name='', max_source_length=512, max_target_length=512, warm_up_ratio=0.1, do_train=True, do_eval=True, do_test=True, do_lower_case=False, learning_rate=5e-05, beam_size=10, weight_decay=0.0, adam_epsilon=1e-08, max_grad_norm=1.0, max_steps=-1, eval_steps=-1, train_steps=-1, local_rank=-1, seed=42, early_stop_threshold=3)
Process rank: -1, device: cuda, n_gpu: 1, distributed training: False, model_name: Salesforce/codet5p-220m
model created!
Total 900 training instances 
***** Running training *****
  Num examples = 900
  Batch size = 8
  Num epoch = 10

***** Running evaluation *****
  Num examples = 100
  Batch size = 4
  epoch = 0
  eval_ppl = 1.00118
  global_step = 113
  train_loss = 0.668
  ********************
Previous best ppl:inf
Achieve Best ppl:1.00118
  ********************
BLEU file: ./data/RQ5/bugsinpy_900_2/validation.jsonl
  codebleu-4 = 72.93 	 Previous best codebleu 0
  ********************
 Achieve Best bleu:72.93
  ********************

***** Running evaluation *****
  Num examples = 100
  Batch size = 4
  epoch = 1
  eval_ppl = 1.00093
  global_step = 225
  train_loss = 0.4393
  ********************
Previous best ppl:1.00118
Achieve Best ppl:1.00093
  ********************
BLEU file: ./data/RQ5/bugsinpy_900_2/validation.jsonl
  codebleu-4 = 76.66 	 Previous best codebleu 72.93
  ********************
 Achieve Best bleu:76.66
  ********************

***** Running evaluation *****
  Num examples = 100
  Batch size = 4
  epoch = 2
  eval_ppl = 1.00093
  global_step = 337
  train_loss = 0.2962
  ********************
Previous best ppl:1.00093
Achieve Best ppl:1.00093
  ********************
BLEU file: ./data/RQ5/bugsinpy_900_2/validation.jsonl
  codebleu-4 = 76.48 	 Previous best codebleu 76.66
  ********************

***** Running evaluation *****
  Num examples = 100
  Batch size = 4
  epoch = 3
  eval_ppl = 1.00092
  global_step = 449
  train_loss = 0.2175
  ********************
Previous best ppl:1.00093
Achieve Best ppl:1.00092
  ********************
BLEU file: ./data/RQ5/bugsinpy_900_2/validation.jsonl
  codebleu-4 = 78.23 	 Previous best codebleu 76.66
  ********************
 Achieve Best bleu:78.23
  ********************

***** Running evaluation *****
  Num examples = 100
  Batch size = 4
  epoch = 4
  eval_ppl = 1.00095
  global_step = 561
  train_loss = 0.1608
  ********************
Previous best ppl:1.00092
BLEU file: ./data/RQ5/bugsinpy_900_2/validation.jsonl
  codebleu-4 = 79.14 	 Previous best codebleu 78.23
  ********************
 Achieve Best bleu:79.14
  ********************

***** Running evaluation *****
  Num examples = 100
  Batch size = 4
  epoch = 5
  eval_ppl = 1.00098
  global_step = 673
  train_loss = 0.1241
  ********************
Previous best ppl:1.00092
BLEU file: ./data/RQ5/bugsinpy_900_2/validation.jsonl
  codebleu-4 = 78.98 	 Previous best codebleu 79.14
  ********************

***** Running evaluation *****
  Num examples = 100
  Batch size = 4
  epoch = 6
  eval_ppl = 1.00107
  global_step = 785
  train_loss = 0.1008
  ********************
Previous best ppl:1.00092
BLEU file: ./data/RQ5/bugsinpy_900_2/validation.jsonl
  codebleu-4 = 73.75 	 Previous best codebleu 79.14
  ********************

***** Running evaluation *****
  Num examples = 100
  Batch size = 4
  epoch = 7
  eval_ppl = 1.00103
  global_step = 897
  train_loss = 0.0885
  ********************
Previous best ppl:1.00092
BLEU file: ./data/RQ5/bugsinpy_900_2/validation.jsonl
  codebleu-4 = 79.13 	 Previous best codebleu 79.14
  ********************
reload model from RQ5/bugsinpy_900_2/codet5p_220m_f/checkpoint-best-bleu
BLEU file: ./data/RQ5/bugsinpy_900_2/test.jsonl
  codebleu = 78.75 
  Total = 117 
  Exact Fixed = 11 
[7, 13, 20, 25, 38, 42, 76, 82, 89, 110, 111]
  Syntax Fixed = 2 
[29, 90]
  Cleaned Fixed = 0 
[]
  ********************
  Total = 117 
  Exact Fixed = 11 
[7, 13, 20, 25, 38, 42, 76, 82, 89, 110, 111]
  Syntax Fixed = 2 
[29, 90]
  Cleaned Fixed = 0 
[]
  codebleu = 78.75 
[0.6939112308588368, 0.676525822803221, 0.7229580999755256, 0.8962096929024133, 0.7453094643013662, 0.7420541780659815, 1.0, 0.8754861943073293, 0.7004332919346046, 0.891471971382207, 0.8773104352365284, 0.8753086020037879, 1.0, 0.4740532618616287, 0.9085800872774439, 0.8631855387221548, 0.8573638305228279, 0.9474759345795825, 0.782053171927164, 1.0, 0.8385834949297515, 0.8884573785188872, 0.6883720951974961, 0.884250182279102, 1.0, 0.7715012035371895, 0.8410373909314923, 0.6588516563175959, 0.9114766235414771, 0.9063467386633746, 0.8231560738418289, 0.8255369674887578, 0.878865255109752, 0.8300638244826566, 0.8627606169106636, 0.7738279988463377, 0.610067068626702, 1.0, 0.8744879458107344, 0.8046356237794545, 0.8358395384567638, 1.0, 0.7896354401872717, 0.8789801838086921, 0.9178662308912058, 0.6441425627537012, 0.6728230800934798, 0.8871978499693505, 0.6994074932894399, 0.5218510181581382, 0.8352894783834772, 0.7042953619649426, 0.68965030200429, 0.5089224769839813, 0.6508693332230462, 0.5037077119806818, 0.8475332565755729, 0.8346354401872718, 0.47166395418323315, 0.7507982187182929, 0.8077895563342797, 0.9390331079602834, 0.7639654153934541, 0.9411542454583528, 0.6853803599169206, 0.9666856331752072, 0.7504067254288294, 0.6940850552789228, 0.7534355449396659, 0.8505702153233261, 0.8808919461147899, 0.6026966865919932, 0.8853004704636518, 0.8814955038434287, 0.29646575927412194, 1.0, 0.9476860986705828, 0.6439391185600173, 0.49150427670545643, 0.8856389378075658, 0.7243849758480987, 1.0, 0.7714650156104186, 0.5911195501972704, 0.7332519354895861, 0.6913513004703498, 0.7520456315632097, 0.7449734989717058, 1.0, 0.9021838139883462, 0.7474483257271791, 0.6991468984827918, 0.39686614731832626, 0.7205089220380079, 0.8234479137638847, 0.9472873156881443, 0.8548397899287874, 0.6413921957402942, 0.8068413656728535, 0.9358824583470642, 0.8022604263379136, 0.4545507520171642, 0.8594942629236695, 0.9204219587780458, 0.7164493834577911, 0.6488192188767463, 0.8300101016746005, 0.7225931341121177, 0.5117566728908322, 1.0, 1.0, 0.7443181170763433, 0.9142445273649933, 0.7768711691119308, 0.7733604490538593, 0.7093853536262804, 0.7572098935987482]
Finish training and take 17m
