Namespace(log_name='./RQ5/javascript_1/soft7_3_codet5p_770m.log', model_name='Salesforce/codet5p-770m', lang='javascript', output_dir='RQ5/javascript_1/soft7_3_codet5p_770m', data_dir='./data/RQ5/javascript_1_3', no_cuda=False, visible_gpu='0', num_train_epochs=10, num_test_epochs=1, train_batch_size=4, eval_batch_size=2, gradient_accumulation_steps=1, load_model_path=None, config_name='', tokenizer_name='', max_source_length=512, max_target_length=512, warm_up_ratio=0.1, do_train=True, do_eval=True, do_test=True, freeze=False, learning_rate=5e-05, beam_size=10, weight_decay=0.0, adam_epsilon=1e-08, local_rank=-1, seed=42, early_stop_threshold=3)
Process rank: -1, device: cuda, n_gpu: 1, distributed training: False
Model created!!
Namespace(log_name='./RQ5/javascript_1/soft7_3_codet5p_770m.log', model_name='Salesforce/codet5p-770m', lang='javascript', output_dir='RQ5/javascript_1/soft7_3_codet5p_770m', data_dir='./data/RQ5/javascript_1_3', no_cuda=False, visible_gpu='0', num_train_epochs=10, num_test_epochs=1, train_batch_size=4, eval_batch_size=2, gradient_accumulation_steps=1, load_model_path=None, config_name='', tokenizer_name='', max_source_length=512, max_target_length=512, warm_up_ratio=0.1, do_train=True, do_eval=True, do_test=True, freeze=False, learning_rate=5e-05, beam_size=10, weight_decay=0.0, adam_epsilon=1e-08, local_rank=-1, seed=42, early_stop_threshold=3)
Process rank: -1, device: cuda, n_gpu: 1, distributed training: False
Model created!!
[[{'text': '', 'loss_ids': 0, 'shortenable_ids': 0}, {'text': ' if (!!mResult) {', 'loss_ids': 0, 'shortenable_ids': 1}, {'text': '', 'loss_ids': 0, 'shortenable_ids': 0}, {'text': ' no-extra-boolean-cast', 'loss_ids': 0, 'shortenable_ids': 0}, {'text': '.', 'loss_ids': 0, 'shortenable_ids': 0}, {'text': '<mask>', 'loss_ids': 1, 'shortenable_ids': 0}, {'text': '', 'loss_ids': 0, 'shortenable_ids': 0}], {'guid': 0, 'tgt_text': 'if (mResult) {'}]
***** Running training *****
  Num examples = 1
  Batch size = 4
  Num epoch = 10

***** Running evaluation *****
  Num examples = 100
  Batch size = 2
  epoch = 0
  eval_ppl = inf
  global_step = 2
  train_loss = 17.6612
  ********************
Previous best ppl:inf
Achieve Best ppl:inf
  ********************
BLEU file: ./data/RQ5/javascript_1_3/validation.jsonl
  codebleu-4 = 12.79 	 Previous best codebleu 0
  ********************
 Achieve Best bleu:12.79
  ********************

***** Running evaluation *****
  Num examples = 100
  Batch size = 2
  epoch = 1
  eval_ppl = inf
  global_step = 3
  train_loss = 15.7674
  ********************
Previous best ppl:inf
Achieve Best ppl:inf
  ********************
BLEU file: ./data/RQ5/javascript_1_3/validation.jsonl
  codebleu-4 = 18.28 	 Previous best codebleu 12.79
  ********************
 Achieve Best bleu:18.28
  ********************

***** Running evaluation *****
  Num examples = 100
  Batch size = 2
  epoch = 2
  eval_ppl = inf
  global_step = 4
  train_loss = 7.8614
  ********************
Previous best ppl:inf
Achieve Best ppl:inf
  ********************
BLEU file: ./data/RQ5/javascript_1_3/validation.jsonl
  codebleu-4 = 20.6 	 Previous best codebleu 18.28
  ********************
 Achieve Best bleu:20.6
  ********************

***** Running evaluation *****
  Num examples = 100
  Batch size = 2
  epoch = 3
  eval_ppl = inf
  global_step = 5
  train_loss = 2.6074
  ********************
Previous best ppl:inf
Achieve Best ppl:inf
  ********************
BLEU file: ./data/RQ5/javascript_1_3/validation.jsonl
  codebleu-4 = 24.09 	 Previous best codebleu 20.6
  ********************
 Achieve Best bleu:24.09
  ********************

***** Running evaluation *****
  Num examples = 100
  Batch size = 2
  epoch = 4
  eval_ppl = inf
  global_step = 6
  train_loss = 0.919
  ********************
Previous best ppl:inf
BLEU file: ./data/RQ5/javascript_1_3/validation.jsonl
  codebleu-4 = 24.54 	 Previous best codebleu 24.09
  ********************
 Achieve Best bleu:24.54
  ********************

***** Running evaluation *****
  Num examples = 100
  Batch size = 2
  epoch = 5
  eval_ppl = inf
  global_step = 7
  train_loss = 0.5234
  ********************
Previous best ppl:inf
BLEU file: ./data/RQ5/javascript_1_3/validation.jsonl
  codebleu-4 = 20.87 	 Previous best codebleu 24.54
  ********************

***** Running evaluation *****
  Num examples = 100
  Batch size = 2
  epoch = 6
  eval_ppl = inf
  global_step = 8
  train_loss = 0.2044
  ********************
Previous best ppl:inf
BLEU file: ./data/RQ5/javascript_1_3/validation.jsonl
  codebleu-4 = 19.69 	 Previous best codebleu 24.54
  ********************

***** Running evaluation *****
  Num examples = 100
  Batch size = 2
  epoch = 7
  eval_ppl = inf
  global_step = 9
  train_loss = 0.0886
  ********************
Previous best ppl:inf
BLEU file: ./data/RQ5/javascript_1_3/validation.jsonl
  codebleu-4 = 19.45 	 Previous best codebleu 24.54
  ********************
early stopping!!!
reload model from RQ5/javascript_1/soft7_3_codet5p_770m/checkpoint-best-bleu
BLEU file: ./data/RQ5/javascript_1_3/test.jsonl
