Namespace(log_name='./RQ5/bugsinpy_1_3/codet5p_770m.log', model_name='Salesforce/codet5p-770m', lang='python', output_dir='RQ5/bugsinpy_1_3/codet5p_770m', data_dir='./data/RQ5/bugsinpy_1_3', choice=0, no_cuda=False, visible_gpu='0', num_train_epochs=10, num_test_epochs=1, train_batch_size=4, eval_batch_size=4, gradient_accumulation_steps=1, load_model_path=None, config_name='', tokenizer_name='', max_source_length=512, max_target_length=512, warm_up_ratio=0.1, do_train=True, do_eval=True, do_test=True, freeze=False, learning_rate=5e-05, beam_size=10, weight_decay=0.0, adam_epsilon=1e-08, local_rank=-1, seed=42, early_stop_threshold=3)
Process rank: -1, device: cuda, n_gpu: 1, distributed training: False
Model created!!
[[{'text': "class YoutubeIE(YoutubeBaseInfoExtractor):                      errnote='Unable to download video annotations', fatal=False,                      data=urlencode_postdata({xsrf_field_name: xsrf_token}))         chapters = self._extract_chapters(description_original, video_duration)          if self._downloader.params.get('youtube_include_dash_manifest', True):", 'loss_ids': 0, 'shortenable_ids': 1}, {'text': '<mask>', 'loss_ids': 1, 'shortenable_ids': 0}, {'text': 'is the fixed version', 'loss_ids': 0, 'shortenable_ids': 0}], {'guid': 0, 'tgt_text': "class YoutubeIE(YoutubeBaseInfoExtractor):                      errnote='Unable to download video annotations', fatal=False,                      data=urlencode_postdata({xsrf_field_name: xsrf_token}))         chapters = self._extract_chapters(video_webpage, description_original, video_id, video_duration)          if self._downloader.params.get('youtube_include_dash_manifest', True):"}]
***** Running training *****
  Num examples = 1
  Batch size = 4
  Num epoch = 10

***** Running evaluation *****
  Num examples = 100
  Batch size = 4
  epoch = 0
  eval_ppl = 3.7335573826919006e+273
  global_step = 2
  train_loss = 78.956
  ********************
Previous best ppl:inf
Achieve Best ppl:3.7335573826919006e+273
  ********************
BLEU file: ./data/RQ5/bugsinpy_1_3/validation.jsonl
  codebleu-4 = 23.46 	 Previous best codebleu 0
  ********************
 Achieve Best bleu:23.46
  ********************

***** Running evaluation *****
  Num examples = 100
  Batch size = 4
  epoch = 1
  eval_ppl = 7.183854013198924e+251
  global_step = 3
  train_loss = 90.376
  ********************
Previous best ppl:3.7335573826919006e+273
Achieve Best ppl:7.183854013198924e+251
  ********************
BLEU file: ./data/RQ5/bugsinpy_1_3/validation.jsonl
  codebleu-4 = 28.4 	 Previous best codebleu 23.46
  ********************
 Achieve Best bleu:28.4
  ********************

***** Running evaluation *****
  Num examples = 100
  Batch size = 4
  epoch = 2
  eval_ppl = 3.204822631835463e+242
  global_step = 4
  train_loss = 25.9081
  ********************
Previous best ppl:7.183854013198924e+251
Achieve Best ppl:3.204822631835463e+242
  ********************
BLEU file: ./data/RQ5/bugsinpy_1_3/validation.jsonl
  codebleu-4 = 28.75 	 Previous best codebleu 28.4
  ********************
 Achieve Best bleu:28.75
  ********************

***** Running evaluation *****
  Num examples = 100
  Batch size = 4
  epoch = 3
  eval_ppl = 2.463568075129372e+235
  global_step = 5
  train_loss = 17.574
  ********************
Previous best ppl:3.204822631835463e+242
Achieve Best ppl:2.463568075129372e+235
  ********************
BLEU file: ./data/RQ5/bugsinpy_1_3/validation.jsonl
  codebleu-4 = 37.7 	 Previous best codebleu 28.75
  ********************
 Achieve Best bleu:37.7
  ********************

***** Running evaluation *****
  Num examples = 100
  Batch size = 4
  epoch = 4
  eval_ppl = 2.241933995969836e+229
  global_step = 6
  train_loss = 25.1511
  ********************
Previous best ppl:2.463568075129372e+235
Achieve Best ppl:2.241933995969836e+229
  ********************
BLEU file: ./data/RQ5/bugsinpy_1_3/validation.jsonl
  codebleu-4 = 53.09 	 Previous best codebleu 37.7
  ********************
 Achieve Best bleu:53.09
  ********************

***** Running evaluation *****
  Num examples = 100
  Batch size = 4
  epoch = 5
  eval_ppl = 3.6984347532113903e+230
  global_step = 7
  train_loss = 6.7575
  ********************
Previous best ppl:2.241933995969836e+229
BLEU file: ./data/RQ5/bugsinpy_1_3/validation.jsonl
  codebleu-4 = 61.81 	 Previous best codebleu 53.09
  ********************
 Achieve Best bleu:61.81
  ********************

***** Running evaluation *****
  Num examples = 100
  Batch size = 4
  epoch = 6
  eval_ppl = 1.9304623219852574e+234
  global_step = 8
  train_loss = 3.8239
  ********************
Previous best ppl:2.241933995969836e+229
BLEU file: ./data/RQ5/bugsinpy_1_3/validation.jsonl
  codebleu-4 = 60.32 	 Previous best codebleu 61.81
  ********************

***** Running evaluation *****
  Num examples = 100
  Batch size = 4
  epoch = 7
  eval_ppl = 1.387491442578363e+236
  global_step = 9
  train_loss = 3.7766
  ********************
Previous best ppl:2.241933995969836e+229
BLEU file: ./data/RQ5/bugsinpy_1_3/validation.jsonl
  codebleu-4 = 61.39 	 Previous best codebleu 61.81
  ********************

***** Running evaluation *****
  Num examples = 100
  Batch size = 4
  epoch = 8
  eval_ppl = 6.123312377693653e+236
  global_step = 10
  train_loss = 7.9838
  ********************
Previous best ppl:2.241933995969836e+229
BLEU file: ./data/RQ5/bugsinpy_1_3/validation.jsonl
  codebleu-4 = 62.37 	 Previous best codebleu 61.81
  ********************
 Achieve Best bleu:62.37
  ********************

***** Running evaluation *****
  Num examples = 100
  Batch size = 4
  epoch = 9
  eval_ppl = 1.6112329743121656e+237
  global_step = 11
  train_loss = 7.5994
  ********************
Previous best ppl:2.241933995969836e+229
BLEU file: ./data/RQ5/bugsinpy_1_3/validation.jsonl
  codebleu-4 = 63.36 	 Previous best codebleu 62.37
  ********************
 Achieve Best bleu:63.36
  ********************
reload model from RQ5/bugsinpy_1_3/codet5p_770m/checkpoint-best-bleu
BLEU file: ./data/RQ5/bugsinpy_1_3/test.jsonl
  codebleu = 61.0 
  Total = 117 
  Exact Fixed = 0 
[]
  Syntax Fixed = 0 
[]
  Cleaned Fixed = 0 
[]
  ********************
  Total = 117 
  Exact Fixed = 0 
[]
  Syntax Fixed = 0 
[]
  Cleaned Fixed = 0 
[]
  codebleu = 61.0 
[0.8856389378075658, 0.8736270526063763, 0.788050295413492, 0.26705576822361204, 0.15736550248824094, 0.35558576411114284, 0.7255075655694347, 0.8631855387221548, 0.7585846389475988, 0.5037077119806818, 0.008074752044032272, 0.33968250678326006, 0.28036107085884404, 0.0, 0.2539866160688807, 0.8808919461147899, 0.9056583090096291, 0.610067068626702, 0.8300101016746005, 0.9204219587780458, 0.8834124216164225, 0.8923125000332248, 0.8674433454759134, 0.6883720951974961, 0.31628020225131676, 0.7536605112879298, 0.2701200887538411, 0.24823728501438985, 0.8021170040829606, 0.227294523995282, 0.8231560738418289, 0.6601281703247908, 0.6853803599169206, 0.7714650156104186, 0.6948607042873967, 0.7768711691119308, 0.8820517186123604, 0.32202230512360086, 0.18771202450241214, 0.27630859919421114, 0.8884573785188872, 0.878865255109752, 0.13505105022296543, 0.9142445273649933, 0.5308711590102285, 0.6441425627537012, 0.17284720135850468, 0.39686614731832626, 0.7517667420115672, 0.47166395418323315, 0.18715965989962685, 0.7225931341121177, 0.8773104352365284, 0.24813140066508235, 0.7810622900872887, 0.8567532047839761, 0.8077895563342797, 0.725598015348109, 0.8573638305228279, 0.4889393741456346, 0.7508650198569218, 0.860117164263619, 0.8234479137638847, 0.0035632065283725286, 0.1490876776952164, 0.7748039149662478, 0.864162940199201, 0.7715012035371895, 0.8086254987195756, 0.8871978499693505, 0.8686435415724127, 0.7449734989717058, 0.8611544762176193, 0.8594942629236695, 0.8358395384567638, 0.31760069085850323, 0.7531797171538064, 0.2909718763883706, 0.568803606953774, 0.6936199831009335, 0.8475332565755729, 0.7738279988463377, 0.7318286091585733, 0.8673208349360431, 0.8834630241782442, 0.5750974938187585, 0.2890801701937573, 0.676525822803221, 0.23633467113138373, 0.6413921957402942, 0.008252464520494395, 0.5171469133664847, 0.8096114788906146, 0.6374410208386678, 0.6939112308588368, 0.5571314709024371, 0.7420541780659815, 0.7680104457345107, 0.6439391185600173, 0.5911195501972704, 0.047970295122925194, 0.2579165668327014, 0.17266800427409013, 0.8548397899287874, 0.6728230800934798, 0.7953587603777192, 0.5936056097912514, 0.7332519354895861, 0.7711221670600811, 0.7460293008575779, 0.3474698077589867, 0.4740532618616287, 0.8300638244826566, 0.8789801838086921, 0.5603346241114819, 0.27179962906575, 0.8052050509144788]
Finish training and take 57m
