Namespace(log_name='./RQ5/xcodeeval_100_3/codet5p_770m_f.log', model_name='Salesforce/codet5p-770m', lang='c', output_dir='RQ5/xcodeeval_100_3/codet5p_770m_f', data_dir='./data/RQ5/xcodeeval_100_3', no_cuda=False, visible_gpu='0', add_task_prefix=False, add_lang_ids=False, num_train_epochs=10, num_test_epochs=10, train_batch_size=4, eval_batch_size=4, gradient_accumulation_steps=2, load_model_path=None, config_name='', tokenizer_name='', max_source_length=512, max_target_length=512, warm_up_ratio=0.1, do_train=True, do_eval=True, do_test=True, do_lower_case=False, learning_rate=5e-05, beam_size=10, weight_decay=0.0, adam_epsilon=1e-08, max_grad_norm=1.0, max_steps=-1, eval_steps=-1, train_steps=-1, local_rank=-1, seed=42, early_stop_threshold=3)
Process rank: -1, device: cuda, n_gpu: 1, distributed training: False, model_name: Salesforce/codet5p-770m
model created!
Total 100 training instances 
***** Running training *****
  Num examples = 100
  Batch size = 4
  Num epoch = 10

***** Running evaluation *****
  Num examples = 100
  Batch size = 4
  epoch = 0
  eval_ppl = 1.00038
  global_step = 26
  train_loss = 0.3266
  ********************
Previous best ppl:inf
Achieve Best ppl:1.00038
  ********************
BLEU file: ./data/RQ5/xcodeeval_100_3/validation.jsonl
  codebleu-4 = 72.69 	 Previous best codebleu 0
  ********************
 Achieve Best bleu:72.69
  ********************

***** Running evaluation *****
  Num examples = 100
  Batch size = 4
  epoch = 1
  eval_ppl = 1.00038
  global_step = 51
  train_loss = 0.2017
  ********************
Previous best ppl:1.00038
BLEU file: ./data/RQ5/xcodeeval_100_3/validation.jsonl
  codebleu-4 = 73.14 	 Previous best codebleu 72.69
  ********************
 Achieve Best bleu:73.14
  ********************

***** Running evaluation *****
  Num examples = 100
  Batch size = 4
  epoch = 2
  eval_ppl = 1.00041
  global_step = 76
  train_loss = 0.1255
  ********************
Previous best ppl:1.00038
BLEU file: ./data/RQ5/xcodeeval_100_3/validation.jsonl
  codebleu-4 = 73.03 	 Previous best codebleu 73.14
  ********************

***** Running evaluation *****
  Num examples = 100
  Batch size = 4
  epoch = 3
  eval_ppl = 1.00043
  global_step = 101
  train_loss = 0.0834
  ********************
Previous best ppl:1.00038
BLEU file: ./data/RQ5/xcodeeval_100_3/validation.jsonl
  codebleu-4 = 73.2 	 Previous best codebleu 73.14
  ********************
 Achieve Best bleu:73.2
  ********************

***** Running evaluation *****
  Num examples = 100
  Batch size = 4
  epoch = 4
  eval_ppl = 1.00047
  global_step = 126
  train_loss = 0.0546
  ********************
Previous best ppl:1.00038
BLEU file: ./data/RQ5/xcodeeval_100_3/validation.jsonl
  codebleu-4 = 73.19 	 Previous best codebleu 73.2
  ********************

***** Running evaluation *****
  Num examples = 100
  Batch size = 4
  epoch = 5
  eval_ppl = 1.00049
  global_step = 151
  train_loss = 0.0419
  ********************
Previous best ppl:1.00038
BLEU file: ./data/RQ5/xcodeeval_100_3/validation.jsonl
  codebleu-4 = 72.43 	 Previous best codebleu 73.2
  ********************

***** Running evaluation *****
  Num examples = 100
  Batch size = 4
  epoch = 6
  eval_ppl = 1.00054
  global_step = 176
  train_loss = 0.0293
  ********************
Previous best ppl:1.00038
BLEU file: ./data/RQ5/xcodeeval_100_3/validation.jsonl
  codebleu-4 = 72.9 	 Previous best codebleu 73.2
  ********************
reload model from RQ5/xcodeeval_100_3/codet5p_770m_f/checkpoint-best-bleu
BLEU file: ./data/RQ5/xcodeeval_100_3/test.jsonl
  codebleu = 74.61 
  Total = 500 
  Exact Fixed = 4 
[10, 15, 322, 451]
  Syntax Fixed = 1 
[412]
  Cleaned Fixed = 1 
[481]
  ********************
  Total = 500 
  Exact Fixed = 4 
[10, 15, 322, 451]
  Syntax Fixed = 1 
[412]
  Cleaned Fixed = 1 
[481]
  codebleu = 74.61 
[0.5003909451993059, 0.9294151499698242, 0.6386890640788627, 0.4507986952593763, 0.7167784203410406, 0.7679881745093895, 0.988076477678953, 0.8394311373107994, 0.7852857892799938, 0.9612577886502744, 0.6622400912006872, 0.7772868173384335, 0.9623971198135532, 0.7864631506294787, 1.0, 0.5927671877201272, 0.9621715437613865, 0.7602254929580128, 0.7978137568296018, 0.8928539444631554, 0.8276821254560949, 0.3446503101961176, 0.9617896364191245, 0.8627666840448278, 0.8319533008515221, 0.003913308808886843, 0.9751679833306697, 0.809436882194082, 0.3600824707101461, 0.9606328090250909, 0.952851260737474, 0.7249876253142388, 0.6569729679812651, 0.5495569575790649, 0.9698843705537263, 0.4964785177490538, 0.6960245824770562, 0.9691599747588928, 0.7411039840168427, 0.9866836999577304, 0.43871215196390306, 0.8833038098770115, 0.9507226760300971, 0.9042238538497136, 0.6593510546130777, 0.8616680155829046, 0.5338617744031935, 0.8602181220443288, 0.8226980351644886, 0.9714741186824503, 0.6349077239728745, 0.9888765931470758, 0.955626584171517, 0.8626459069320515, 0.9732049512552536, 0.938955604347008, 0.9088121389774579, 0.9339299975598521, 0.5565094531676825, 0.2884494942340172, 0.7062237935963586, 0.5316466612173391, 0.8993902633177191, 0.33460070946115567, 0.9357192313331475, 0.9752926493864778, 0.98154990280289, 0.7858041122445381, 0.7113008970718839, 0.915465568076623, 0.5113022235299354, 0.7769943668010335, 0.9206179105612011, 0.9853133667641483, 0.9191158481207378, 0.9402009240478387, 0.9189149325906292, 0.4932733020018213, 0.9835575139456028, 0.9695386915046225, 0.8979589771065096, 0.3816824572563564, 0.7597100033179813, 0.9003077208857198, 0.8793728225513997, 0.45623963021965236, 0.608990714278228, 0.9738014890069033, 0.7248773843271845, 0.9822720623046208, 0.28942496496217823, 0.9822160786396994, 0.9792525526512381, 0.8876242548612938, 0.8511121182268683, 0.37642420748881267, 0.9441722498573561, 0.9602694033492566, 0.9319272046508655, 0.8283719455395986, 0.6329838676999665, 0.9019464684129248, 0.9542331310807404, 0.7462546419750544, 0.9464173775678764, 0.9036755986162253, 0.9292290350389754, 0.934871427061674, 0.7219385539808008, 0.843779606891953, 0.925790468693755, 0.636874953887632, 0.4181059355834638, 0.6118154056069615, 0.8900074689819688, 0.5344634172079417, 0.8596257856125025, 0.5881328279337963, 0.5590904557449987, 0.8887562240561163, 0.3581561425025056, 0.2154366420897607, 0.6396060003176385, 0.9904426405617919, 0.9876378378993536, 0.9094363868933528, 0.9773514349376944, 0.9297985504031074, 0.802202097529589, 0.5791470604415615, 0.9477648614326466, 0.7421234302640685, 0.602017893380924, 0.8816150641180378, 0.8345680283779763, 0.9548561110350071, 0.8355015737804767, 0.7225542187371649, 0.6095574224256186, 0.9472873156881443, 0.6333873199069301, 0.7643810428304513, 0.6237731005828068, 0.6015890559288053, 0.3053935253252723, 0.901175714210833, 0.47213667611022436, 0.15750836104432459, 0.967544928466902, 0.9630021049296447, 0.8588873801436857, 0.8055864673667326, 0.49239571749879285, 0.5881703278884589, 0.9799354517153449, 0.7665708243215428, 0.4160660892071717, 0.6711901181086953, 0.7466017902771492, 0.2832762356981138, 0.580390274877845, 0.7227488819529347, 0.2247554870980143, 0.9742694293836827, 0.8987497922002496, 0.9764700147580929, 0.9872442369212986, 0.9699049873809091, 0.9834700980058935, 0.9610721917709997, 0.7467361709133309, 0.9396221339246325, 0.41168441451355964, 0.3176728313979017, 0.5578323336329495, 0.653856905605865, 0.9254463017658894, 0.7897511138044075, 0.9936607195991256, 0.7462037336390557, 0.5174196783096494, 0.9074999665144187, 0.725655863044965, 0.5341374618194692, 0.968840592678585, 0.9052895563342798, 0.9607745973711677, 0.9753403284839008, 0.508243109335715, 0.9732316438707951, 0.6034321191256158, 0.3843652002149621, 0.3035714285714286, 0.8798091526516568, 0.9087123429574342, 0.8218539480382933, 0.5004645722281954, 0.9514807328154506, 0.9607993165323487, 0.7796211192018407, 0.35780881211287907, 0.7910965943512587, 0.6266772080766958, 0.9045356516494829, 0.7199208611684605, 0.7733039571663103, 0.591865368526167, 0.9455648164496118, 0.7596454142574642, 0.9671824557996505, 0.8699110799666838, 0.35732195151786816, 0.9087427909672332, 0.9621819666971321, 0.9496735450823421, 0.5012127116833381, 0.7938304679800914, 0.9683231065091749, 0.7576176996301744, 0.9171073467519609, 0.8523029357043744, 0.8909108204830978, 0.9447445835540222, 0.5692861362349391, 0.9602235397377306, 0.7793412065446155, 0.30374499657601767, 0.990245038273347, 0.8734013068767044, 0.7562912655380438, 0.5075905017189635, 0.8123152846477772, 0.6616378816549005, 0.7247563047282455, 0.7336298486605038, 0.8169365283765782, 0.29660247436472353, 0.9661469642895737, 0.9420317788392338, 0.9508626724864289, 0.9899172392844513, 0.20461399075573877, 0.956301548538977, 0.01475343653439011, 0.7819105691707486, 0.904590355528839, 0.9521775318277603, 0.7808145991250481, 0.9477354798086446, 0.9018976441767599, 0.9043105995752032, 0.11200213653664287, 0.8491583316973768, 0.9315998402460983, 0.7102398037343798, 0.2941969248494424, 0.7926791298255941, 0.9548574842083983, 0.42689251969146835, 0.46398377548871184, 0.9082446279665759, 0.8910042410146453, 0.9852412520833183, 0.8449844779326559, 0.9184585843480406, 0.7086954249958265, 0.5296868847250604, 0.7152122752168255, 0.8188115370159288, 0.4883323987643829, 0.27495383022170716, 0.739351212728503, 0.7200309361219595, 0.9271490169747502, 0.9088627028234778, 0.9179223973142112, 0.8923345869421039, 0.7601507876079147, 0.9820698986241643, 0.9312591482604915, 0.6857318503066976, 0.3329380293736354, 0.8150310142032205, 0.9166795416411146, 0.8163320392320128, 0.5961867498988478, 0.8548231708514218, 0.43808453932073843, 0.9798219468937557, 0.4119890403418556, 0.9780384047260811, 0.594007414149033, 0.41151709383031154, 0.8067681000103706, 0.8763562414963599, 0.9379197320725001, 0.6480774397088013, 0.4990931771166349, 0.9060784269672213, 0.654357949555753, 0.9110292935350885, 0.5289514092792647, 0.9495780518930732, 0.9181606352017992, 0.3821796477166763, 0.760540475117339, 0.8794100936019331, 0.8897945586059963, 0.7444340059656643, 0.7568036197753314, 0.8290622858030623, 0.34250965741663547, 0.9494075997300704, 0.8958819267878473, 0.20482358145924495, 0.5472694473070949, 0.7361044037969633, 0.8735531700555859, 0.8545467071813517, 0.7942436421266241, 0.9838722535113, 1.0, 0.319918587275992, 0.40411923690813695, 0.962676181664404, 0.897868274842214, 0.9836725682174161, 0.5075736355169622, 0.5790261988125887, 0.9173075584052859, 0.40576657152652174, 0.3636944021746881, 0.5222669672850739, 0.9273759004975819, 0.29762078210150816, 0.982840810414882, 0.597398385186501, 0.9006848455688443, 0.5092531607280145, 0.36440220728821965, 0.9821809817650384, 0.7736787852368014, 0.7486759848652709, 0.6653351874795173, 0.9471102133963569, 0.6074300350442166, 0.6178552508101587, 0.8810946359492662, 0.7375191907358318, 0.974183904376235, 0.5288231788023587, 0.8521108081796271, 0.7880782435693265, 0.19242379301366364, 0.8799029498747832, 0.9319984976298381, 0.8439878665104579, 0.35599974604021273, 0.8665928958491977, 0.9168638777441369, 0.9851725027600269, 0.33756552100145387, 0.9749244080949804, 0.9837244566208403, 0.987950922923978, 0.6693406223166416, 0.7686563185052843, 0.7460110532720265, 0.6490564587411481, 0.7369406553821242, 0.9359055149846003, 0.5801767311933028, 0.9331552365394689, 0.661661552101056, 0.5757836914660434, 0.6013715798045949, 0.9496316376212464, 0.8609217547329913, 0.9062536363993366, 0.9112403027721032, 0.4155596630877777, 0.9613152634801625, 0.7684448062183817, 0.907558018935852, 0.5506135469714823, 0.6553266817312057, 0.4130042192803641, 0.7580685995528176, 0.9409103501190933, 0.9698138929646263, 0.703409246380515, 0.7905567987043943, 0.9059801416992133, 0.2730822878883405, 0.7559987541863575, 0.9823448177520746, 0.9040449515722547, 0.40730915905680976, 0.8744099226715629, 0.5290316314088821, 0.8085510356683345, 0.9344855036532616, 0.6145389598641935, 0.9327820820761272, 0.9669138743101213, 0.8981156159858223, 0.2776969881491722, 0.6136977012029514, 0.9647434403630581, 0.421886906571103, 0.5622368265573634, 0.9497338034253828, 0.539612684703451, 0.804631742207644, 0.49935819383309804, 0.841210527867613, 0.3374521240368497, 0.663952114335559, 0.9233388471345003, 0.7756256761612133, 0.977246012599333, 0.8990210844129167, 0.5425755720089517, 0.938595895727768, 0.619196145402581, 0.8613228444377915, 0.6993849093249114, 0.1459086942388002, 0.8806976111458171, 0.9385995189394607, 0.6201992213394104, 0.23187090803373867, 0.815241052345008, 0.7648837329883056, 0.954238606427035, 0.5165285804623361, 0.7895116166935833, 0.8940132574712745, 0.8169189094593757, 0.5996229338562107, 0.8554076307279366, 0.9833603222298068, 0.967235610505617, 0.7507801222761162, 0.3330584663396393, 0.5666317615036989, 0.7718761136325316, 0.9562136766381757, 0.3669909134246407, 0.6902777777999555, 0.993565204007768, 0.9822516624818802, 0.7412367177908079, 0.8787838168173723, 0.8021007111795594, 0.666210611458786, 0.91340386684887, 0.957243053310842, 0.8375795025499561, 0.883875362704373, 0.11363760407572306, 0.011930117587370287, 0.9633179652022956, 0.4799605515288722, 0.7669842146074164, 0.978606091610698, 0.45592789552418267, 0.41747534088469995, 0.8627505126882897, 0.9181208637326026, 0.619988254124251, 0.9386019990279018, 0.5735025861665138, 0.6469078458487911, 0.9487836071815641, 0.7141494776867402, 0.9659918329782313, 0.9086540498917997, 0.4027266047248116, 0.5750475616489092, 0.9684863847527501, 0.5203592215397363, 0.778151370761023, 0.6623464465436505, 0.9426242057849843, 0.8206082150573881, 0.505716800836697, 0.4076647468368658, 0.8667436416243068, 0.472048350719695, 0.5687023138391892, 0.9386210590467857, 0.9096266419399884, 0.7744889932682666, 0.6511144444174561, 0.46802465703730456, 0.9545187036711082, 0.4207598960402934, 0.8042710150175236, 0.9840490429140643]
Finish training and take 1h5m
