Namespace(log_name='./RQ5/javascript_5/soft7_2_codet5p_220m.log', model_name='Salesforce/codet5p-220m', lang='javascript', output_dir='RQ5/javascript_5/soft7_2_codet5p_220m', data_dir='./data/RQ5/javascript_5_2', no_cuda=False, visible_gpu='0', num_train_epochs=10, num_test_epochs=1, train_batch_size=16, eval_batch_size=2, gradient_accumulation_steps=1, load_model_path=None, config_name='', tokenizer_name='', max_source_length=512, max_target_length=512, warm_up_ratio=0.1, do_train=True, do_eval=True, do_test=True, freeze=False, learning_rate=5e-05, beam_size=10, weight_decay=0.0, adam_epsilon=1e-08, local_rank=-1, seed=42, early_stop_threshold=3)
Process rank: -1, device: cuda, n_gpu: 1, distributed training: False
Model created!!
[[{'text': '', 'loss_ids': 0, 'shortenable_ids': 0}, {'text': ' };             debugger;             return $http({', 'loss_ids': 0, 'shortenable_ids': 1}, {'text': '', 'loss_ids': 0, 'shortenable_ids': 0}, {'text': ' no-debugger', 'loss_ids': 0, 'shortenable_ids': 0}, {'text': '.', 'loss_ids': 0, 'shortenable_ids': 0}, {'text': '<mask>', 'loss_ids': 1, 'shortenable_ids': 0}, {'text': '', 'loss_ids': 0, 'shortenable_ids': 0}], {'guid': 0, 'tgt_text': '};                         return $http({'}]
***** Running training *****
  Num examples = 5
  Batch size = 16
  Num epoch = 10

***** Running evaluation *****
  Num examples = 500
  Batch size = 2
  epoch = 0
  eval_ppl = inf
  global_step = 2
  train_loss = 42.173
  ********************
Previous best ppl:inf
Achieve Best ppl:inf
  ********************
BLEU file: ./data/RQ5/javascript_5_2/validation.jsonl
  codebleu-4 = 10.69 	 Previous best codebleu 0
  ********************
 Achieve Best bleu:10.69
  ********************

***** Running evaluation *****
  Num examples = 500
  Batch size = 2
  epoch = 1
  eval_ppl = inf
  global_step = 3
  train_loss = 42.872
  ********************
Previous best ppl:inf
Achieve Best ppl:inf
  ********************
BLEU file: ./data/RQ5/javascript_5_2/validation.jsonl
  codebleu-4 = 17.38 	 Previous best codebleu 10.69
  ********************
 Achieve Best bleu:17.38
  ********************

***** Running evaluation *****
  Num examples = 500
  Batch size = 2
  epoch = 2
  eval_ppl = inf
  global_step = 4
  train_loss = 20.7627
  ********************
Previous best ppl:inf
Achieve Best ppl:inf
  ********************
BLEU file: ./data/RQ5/javascript_5_2/validation.jsonl
  codebleu-4 = 22.59 	 Previous best codebleu 17.38
  ********************
 Achieve Best bleu:22.59
  ********************

***** Running evaluation *****
  Num examples = 500
  Batch size = 2
  epoch = 3
  eval_ppl = inf
  global_step = 5
  train_loss = 15.2454
  ********************
Previous best ppl:inf
Achieve Best ppl:inf
  ********************
BLEU file: ./data/RQ5/javascript_5_2/validation.jsonl
  codebleu-4 = 24.74 	 Previous best codebleu 22.59
  ********************
 Achieve Best bleu:24.74
  ********************

***** Running evaluation *****
  Num examples = 500
  Batch size = 2
  epoch = 4
  eval_ppl = inf
  global_step = 6
  train_loss = 10.6062
  ********************
Previous best ppl:inf
Achieve Best ppl:inf
  ********************
BLEU file: ./data/RQ5/javascript_5_2/validation.jsonl
  codebleu-4 = 27.72 	 Previous best codebleu 24.74
  ********************
 Achieve Best bleu:27.72
  ********************

***** Running evaluation *****
  Num examples = 500
  Batch size = 2
  epoch = 5
  eval_ppl = inf
  global_step = 7
  train_loss = 7.5272
  ********************
Previous best ppl:inf
Achieve Best ppl:inf
  ********************
BLEU file: ./data/RQ5/javascript_5_2/validation.jsonl
  codebleu-4 = 32.77 	 Previous best codebleu 27.72
  ********************
 Achieve Best bleu:32.77
  ********************

***** Running evaluation *****
  Num examples = 500
  Batch size = 2
  epoch = 6
  eval_ppl = inf
  global_step = 8
  train_loss = 5.4884
  ********************
Previous best ppl:inf
Achieve Best ppl:inf
  ********************
BLEU file: ./data/RQ5/javascript_5_2/validation.jsonl
  codebleu-4 = 38.42 	 Previous best codebleu 32.77
  ********************
 Achieve Best bleu:38.42
  ********************

***** Running evaluation *****
  Num examples = 500
  Batch size = 2
  epoch = 7
  eval_ppl = inf
  global_step = 9
  train_loss = 3.5977
  ********************
Previous best ppl:inf
Achieve Best ppl:inf
  ********************
BLEU file: ./data/RQ5/javascript_5_2/validation.jsonl
  codebleu-4 = 41.48 	 Previous best codebleu 38.42
  ********************
 Achieve Best bleu:41.48
  ********************

***** Running evaluation *****
  Num examples = 500
  Batch size = 2
  epoch = 8
  eval_ppl = inf
  global_step = 10
  train_loss = 3.4884
  ********************
Previous best ppl:inf
Achieve Best ppl:inf
  ********************
BLEU file: ./data/RQ5/javascript_5_2/validation.jsonl
  codebleu-4 = 45.36 	 Previous best codebleu 41.48
  ********************
 Achieve Best bleu:45.36
  ********************

***** Running evaluation *****
  Num examples = 500
  Batch size = 2
  epoch = 9
  eval_ppl = inf
  global_step = 11
  train_loss = 5.23
  ********************
Previous best ppl:inf
Achieve Best ppl:inf
  ********************
BLEU file: ./data/RQ5/javascript_5_2/validation.jsonl
  codebleu-4 = 46.46 	 Previous best codebleu 45.36
  ********************
 Achieve Best bleu:46.46
  ********************
reload model from RQ5/javascript_5/soft7_2_codet5p_220m/checkpoint-best-bleu
BLEU file: ./data/RQ5/javascript_5_2/test.jsonl
  codebleu = 47.79 
  Total = 500 
  Exact Fixed = 4 
[40, 356, 419, 477]
  Syntax Fixed = 0 
[]
  Cleaned Fixed = 5 
[129, 294, 311, 313, 367]
  ********************
  Total = 500 
  Exact Fixed = 4 
[40, 356, 419, 477]
  Syntax Fixed = 0 
[]
  Cleaned Fixed = 5 
[129, 294, 311, 313, 367]
  codebleu = 47.79 
[0.6712302104522061, 0.4033355889755265, 0.4499615708051955, 0.5229808431453671, 0.0017493767475271285, 0.3114330635523529, 0.6530550965302279, 0.6295229742923897, 0.22482463348517573, 0.591516286342532, 0.3227519537231673, 0.3371927764893782, 0.25255157651202054, 0.43950048999886915, 0.5408401405239117, 0.6452148813321528, 0.510390046642752, 0.017159119890185995, 0.0, 0.6448598858735686, 0.6643842626707708, 0.0007484250405443517, 0.8708250323025346, 0.5642322358777737, 0.49038145152466306, 0.5541393908285579, 0.8270987465070703, 0.396349572956634, 0.15594901730669042, 0.5953488372093023, 0.11410308021284697, 0.6031951852292405, 0.7943817070456347, 0.8570961003195992, 0.5570177454869844, 0.3085011971722841, 0.7451384298635613, 0.5437030996295007, 0.3340047425620204, 0.9891483218006352, 0.8573464528613979, 0.8292906179772745, 0.700590168990773, 0.2708200502388164, 0.6332527923879377, 0.6082742323311118, 0.7686248581434205, 0.8178607431385985, 0.3053502366259113, 0.13554152689312765, 0.7517692380063994, 0.805453099521674, 0.5217365165784443, 0.5264886858900315, 0.3533755248262469, 0.30183174086334663, 0.1489655172413793, 0.09612525179737605, 0.22511864634707474, 0.6580241834790774, 0.15088689144446843, 0.2605255056885018, 0.19826764524674947, 0.8321296454239947, 0.7158229243802021, 0.7076923076923076, 0.5714532400808212, 0.6983338153069474, 0.3992286298565113, 0.9616979821237088, 0.6847482616910893, 0.6551486585921227, 0.714297617187952, 0.37016971107762675, 0.6445931574752105, 0.15942028985507248, 0.5069117835177426, 0.5674376570184673, 0.1495352051294258, 0.6560369521670946, 0.6399624270732811, 0.5718336933369629, 0.08455350649980459, 0.4054183564853334, 0.09170464568292853, 0.7065485068370296, 0.5011379991713445, 0.43391990509709355, 0.4653422975658819, 0.3126041724422825, 0.06, 0.5368539291202623, 0.5884851514052943, 0.39109869120186014, 0.5997503951652969, 0.772199578216531, 0.6980472624402649, 0.5372776147776107, 0.8899929854363868, 0.3111069937307952, 0.3244732641116749, 0.6578264709808512, 0.15994822750688145, 0.1891796869686721, 0.24370971409870704, 0.5527131247948294, 0.5670081631742787, 0.5102043912123392, 0.28782118552480024, 0.8096354401872717, 0.5532136440138307, 0.3082016938587511, 0.29589041095890406, 0.714297617187952, 0.902887748772268, 0.3248749848509592, 0.5418035126585234, 0.692777214048037, 0.7643938999758249, 0.43294396856738004, 0.7522712571363831, 0.823437316619593, 0.20174795988893163, 0.004700376748108109, 0.1674562836965493, 0.9491673847910091, 0.2974610638433307, 0.5959813808622627, 0.43833162756310856, 0.5117868977854197, 0.11729545276671333, 0.6269940846421196, 0.753611364541793, 0.6050355008855453, 0.20236945405782455, 0.21012057328282294, 0.07743819033023003, 0.7728490312188327, 0.5978601768024037, 0.36690161650753816, 0.4163212526888693, 0.6019519590280367, 0.624498908779564, 0.1477177517091981, 0.5966675837572575, 0.6086737860987872, 0.34250352719068494, 0.503191349857689, 0.23650261010447285, 0.8313560704120448, 0.5538580109913268, 0.6241199674940021, 0.2933192603414, 0.526797617187952, 0.5649063628096855, 0.3513033699476973, 0.6045876124474616, 0.44188182488281347, 0.21170458518859758, 0.08597030651558459, 0.29157092899041875, 0.5774263257292502, 0.773553137645282, 0.14417647429169284, 0.48624193424630757, 0.4970818198712149, 0.5939969908638876, 0.8237681163057138, 0.3544908721645896, 0.7313823177545624, 0.22217795880538344, 0.5999341930875741, 0.8991129363138861, 0.561267769761279, 0.5441070669348561, 0.7564452295444688, 0.18624690106638714, 0.6093189247482212, 0.18100246569546732, 0.3475111888262376, 0.6051294155160957, 0.19035071477803323, 0.8001578648443135, 0.11302102471021136, 0.08880248602913168, 0.6662517128137839, 0.401706244308338, 0.3057703556125202, 0.7451384298635613, 0.7513670487950274, 0.4885926413190037, 0.2654940843294805, 0.5410915337110789, 0.6528922179236726, 0.24412131978529406, 0.8257887556015677, 0.7504004004704901, 0.0647614633425643, 0.7014995993790445, 0.24406179934592148, 0.6390982360654051, 0.674524582150827, 0.8433766349070695, 0.21220292783898265, 0.3142240277900291, 0.23753823866885107, 0.14377114874389585, 0.24412131978529406, 0.6724062327149246, 0.6407534718346111, 0.79675661863395, 0.853251435829042, 0.06552572456572223, 0.21781134370827612, 0.5956439852323709, 0.56369994186322, 0.20817981641974054, 0.5977086764133333, 0.8304054224244419, 0.7639549018034538, 0.03669772095876949, 0.58189415539785, 0.25704272418535706, 0.14486927811218342, 0.2471892675254828, 0.44962266755613717, 0.6001735159553974, 0.22295549109422017, 0.6642742735155721, 0.3543702469332464, 0.6893858380618342, 0.3868951513166223, 0.5537998353931795, 0.8082091074184579, 0.3288008511127, 0.5947523730275011, 0.9142445273649933, 0.7289342742606371, 0.46053348630208313, 0.2656298774775104, 0.2978195929479774, 0.802713932743754, 0.2153229866289921, 0.014878415969531336, 0.4453710621987834, 0.7964886858900315, 0.7158229243802021, 0.4920742135995943, 0.6496441836400741, 0.732746785280467, 0.574988279809258, 0.17649475021297867, 0.20866354767478065, 0.766682914692771, 0.30760427613229097, 0.2305509514194881, 0.4118819918812901, 0.6431303389366008, 0.7591790791391035, 0.3665582680402964, 0.23669321919655517, 0.30494865662496135, 0.7565085579317392, 0.8827895563342798, 0.871149014981726, 0.7127774792622994, 0.4486590401007454, 0.2528551971709516, 0.5347428106038496, 0.2015372100944879, 0.6643842626707708, 0.18091337367104826, 0.20823247659309407, 0.21013547987985906, 0.6167601086010251, 0.4339213351685698, 0.778785113836511, 0.10648766222679504, 0.8378634002940782, 0.5832638264289605, 0.11666737327895797, 0.9542333350628116, 0.44272438732934993, 0.47711560659055585, 0.11582292438020222, 0.3138828510496251, 0.7545909332472028, 0.4199386077723073, 0.830168764298918, 0.8161547359011423, 0.10588235294117647, 0.4565935527489381, 0.19321505967158836, 0.8201781496971694, 0.0, 0.7451974543165035, 0.21901640935215888, 0.6066939476518978, 0.6742654297681573, 0.8947836446510709, 0.433619949729612, 0.512283842723568, 0.6866411249144649, 0.32984942377261983, 0.0, 0.7678525946438988, 0.6036714147109923, 0.3933774697130941, 0.5194637253863024, 0.38683567216420955, 0.8725356837831622, 0.41145898320123175, 0.7035117129535005, 0.5488628862515236, 0.2554719424822713, 0.4969617815012778, 0.6859060466053095, 0.3012673398550546, 0.05204201760677742, 0.32641839065175154, 0.8387796716807858, 0.7109425855650396, 0.28018741781251555, 0.878163401167724, 0.5339102500446592, 0.7538024285875055, 0.30192722886257617, 0.48155300687532854, 0.7897483680634372, 0.48275794232794217, 0.3361519735310733, 0.0, 0.5261072559244404, 0.017507313425023766, 0.12049459098146344, 0.30934724198043284, 0.20520117023371384, 0.6953602200025533, 0.5780365272269377, 0.1759424130312673, 0.40156651918683534, 0.10763666147579765, 0.9299711370778252, 0.3093445239522724, 0.4905278186463043, 0.5674364496822819, 0.6160391794642067, 0.465523972643262, 0.5662632448577098, 0.8176593989567298, 0.16455750487414522, 0.7170015046833873, 0.8515059601346342, 0.6570865573743658, 0.0, 0.8249365300761395, 0.5674961219905689, 0.20866950642830145, 0.5975589861396172, 0.5392579010634381, 0.010582675732934282, 0.557719307720078, 0.39191806659375794, 0.808221529667446, 0.7696296454239946, 0.40289299814414176, 0.8737480609952845, 0.45076591901650565, 0.04323906553802129, 0.36587342440580645, 0.17628648640289776, 0.15053707467227775, 0.5228832644008625, 0.32340833096900673, 0.8184276974159628, 0.07939338235294117, 0.9701564725523897, 0.7504004004704901, 0.0031323668437758896, 0.2503243341389396, 0.16428418769833497, 0.6914505394374126, 0.07719082257468701, 0.447298452667235, 0.5832773641856321, 0.5578607431385983, 0.24437066888030756, 0.2013788574915621, 0.3077572901478613, 0.604739134738433, 0.2088017714661632, 0.7210658705890922, 0.6813690289621295, 0.46318082005222316, 0.7353746106262073, 0.4777601556679766, 0.5879502474253808, 0.46693731606541744, 0.3028829769498774, 0.5931974196834169, 0.0004022135427182765, 0.2109899463928066, 0.1353828012271275, 0.10348801095303897, 0.11526717357506512, 0.731117687292167, 0.153797482342794, 0.6888665921341386, 0.630659729746583, 0.2804780198276826, 0.8403116829613333, 0.40939599215703437, 0.03115588878443292, 0.6863884298635612, 0.36242239346325533, 0.5309537492920497, 0.801169789534145, 0.29684740832435075, 0.9891483218006352, 0.9437985500759485, 0.3889379432495441, 0.00038452093547667335, 0.007477703895989202, 0.21778923942707532, 0.8601527033303111, 0.70482959882937, 0.3275887968144088, 0.6559327101364547, 0.5147391347384329, 0.5712881297172863, 0.22752341196096418, 0.6567389877523072, 0.5413013555549733, 0.5642782220842599, 0.642680735116892, 0.9009945546583267, 0.6439654153934541, 0.4747262001981727, 0.8348591893331347, 0.6120862230985752, 0.7477655797954694, 0.5528265488737891, 0.008927930640730828, 0.16638871314163128, 0.307730249353226, 0.7040321472003551, 0.24512407649531326, 0.7498018405233149, 0.3052899453443841, 0.11813117441708759, 0.1283479491841058, 0.6030960677776888, 0.7106391824574765, 0.8160973541465084, 0.0857142857142857, 0.8505230922086175, 0.3412177455110783, 0.7420554014474346, 0.48542038065745813, 0.45473913473843297, 0.03681189777963972, 0.5888934767779554, 0.4332646385897929, 0.5510585507100338, 0.4062652820919249, 0.36905601805001587, 0.4616760548423344, 0.7340398687371076, 0.9495565333799167, 0.33274168824131195, 0.39596231964860923, 0.10485438012484186, 0.20711294305727146, 0.6640834671538152, 0.21039652003713621, 0.04907072380569967, 1.0, 0.2382915953335315, 0.19457042852950102, 0.4878372832477157, 0.5522745282009293, 0.3661622324114674, 0.6016632372375927, 0.7115187153144993, 0.7888424084106092, 0.03161381118492587, 0.8165273869902545, 0.2770015046833874, 0.5283429920660738, 0.25016079085323406, 0.40650495246497576, 0.537247623665976, 0.12986465546470863, 0.5994100321686132, 0.48566423403468884, 0.45759530908884194, 0.5978341675327554, 0.31174960223139275, 0.1982933993568439, 0.7563261803830599]
Finish training and take 4h49m
