Namespace(log_name='./RQ5/xcodeeval_300_1/codet5p_770m_f.log', model_name='Salesforce/codet5p-770m', lang='c', output_dir='RQ5/xcodeeval_300_1/codet5p_770m_f', data_dir='./data/RQ5/xcodeeval_300_1', no_cuda=False, visible_gpu='0', add_task_prefix=False, add_lang_ids=False, num_train_epochs=10, num_test_epochs=10, train_batch_size=4, eval_batch_size=4, gradient_accumulation_steps=2, load_model_path=None, config_name='', tokenizer_name='', max_source_length=512, max_target_length=512, warm_up_ratio=0.1, do_train=True, do_eval=True, do_test=True, do_lower_case=False, learning_rate=5e-05, beam_size=10, weight_decay=0.0, adam_epsilon=1e-08, max_grad_norm=1.0, max_steps=-1, eval_steps=-1, train_steps=-1, local_rank=-1, seed=42, early_stop_threshold=3)
Process rank: -1, device: cuda, n_gpu: 1, distributed training: False, model_name: Salesforce/codet5p-770m
model created!
Total 300 training instances 
***** Running training *****
  Num examples = 300
  Batch size = 4
  Num epoch = 10

***** Running evaluation *****
  Num examples = 100
  Batch size = 4
  epoch = 0
  eval_ppl = 1.00025
  global_step = 76
  train_loss = 0.3319
  ********************
Previous best ppl:inf
Achieve Best ppl:1.00025
  ********************
BLEU file: ./data/RQ5/xcodeeval_300_1/validation.jsonl
  codebleu-4 = 74.93 	 Previous best codebleu 0
  ********************
 Achieve Best bleu:74.93
  ********************

***** Running evaluation *****
  Num examples = 100
  Batch size = 4
  epoch = 1
  eval_ppl = 1.00027
  global_step = 151
  train_loss = 0.2483
  ********************
Previous best ppl:1.00025
BLEU file: ./data/RQ5/xcodeeval_300_1/validation.jsonl
  codebleu-4 = 73.88 	 Previous best codebleu 74.93
  ********************

***** Running evaluation *****
  Num examples = 100
  Batch size = 4
  epoch = 2
  eval_ppl = 1.00027
  global_step = 226
  train_loss = 0.1684
  ********************
Previous best ppl:1.00025
BLEU file: ./data/RQ5/xcodeeval_300_1/validation.jsonl
  codebleu-4 = 74.77 	 Previous best codebleu 74.93
  ********************

***** Running evaluation *****
  Num examples = 100
  Batch size = 4
  epoch = 3
  eval_ppl = 1.00028
  global_step = 301
  train_loss = 0.1234
  ********************
Previous best ppl:1.00025
BLEU file: ./data/RQ5/xcodeeval_300_1/validation.jsonl
  codebleu-4 = 74.22 	 Previous best codebleu 74.93
  ********************
reload model from RQ5/xcodeeval_300_1/codet5p_770m_f/checkpoint-best-bleu
BLEU file: ./data/RQ5/xcodeeval_300_1/test.jsonl
  codebleu = 73.99 
  Total = 500 
  Exact Fixed = 7 
[111, 169, 188, 320, 322, 359, 408]
  Syntax Fixed = 0 
[]
  Cleaned Fixed = 7 
[54, 59, 254, 268, 276, 424, 455]
  ********************
  Total = 500 
  Exact Fixed = 7 
[111, 169, 188, 320, 322, 359, 408]
  Syntax Fixed = 0 
[]
  Cleaned Fixed = 7 
[54, 59, 254, 268, 276, 424, 455]
  codebleu = 73.99 
[0.6906751815123662, 0.4658094583130275, 0.8702165828687908, 0.9557319265418689, 0.94502845638256, 0.9544741722900356, 0.7752526008706209, 0.2931339866854209, 0.28590084848815933, 0.14581017273029268, 0.33757627523685907, 0.8706490526701938, 0.8840280108223306, 0.9357255678321519, 0.9320028922042589, 0.9904619066549505, 0.8694464017012884, 0.968864963241663, 0.8944958165491306, 0.8685842432291047, 0.8193236358223526, 0.896734987325442, 0.9888412502412365, 0.9714741186824503, 0.3705477276166575, 0.9724578322391857, 0.9756725284686367, 0.6473768813591912, 0.9864610512549261, 0.5800323580497375, 0.9690270665107408, 0.9540138870746515, 0.47032008503031464, 0.68533709223406, 0.9735441531161189, 0.7480983802318328, 0.7810019348324313, 0.7958032019228529, 0.9678131775953225, 0.03914807619997354, 0.7806363178563275, 0.6797481699178505, 0.7575749613252776, 0.4262386448606621, 0.9226227924173891, 0.9673001684656128, 0.9103068259298337, 0.9706406036121535, 0.7693582389764291, 0.8458233745010357, 0.7860054491592668, 0.6932485940047782, 0.4096453519493349, 0.8763979639855348, 0.035053425263124334, 0.2652100539123435, 0.8267820318104704, 0.8817623929694763, 0.9355477400509565, 0.8827108485449091, 0.9837171835242919, 0.9447089104540864, 0.8113688567236648, 0.347162812695482, 0.9821809817650384, 0.4982318233525185, 0.9754916326019201, 0.934387097307501, 0.9220017344612644, 0.4954735182274035, 0.9006357204322055, 0.3294036734712466, 0.6463782423660047, 0.7854009805543415, 0.4268318935823558, 0.4072595760539546, 0.6888365462671723, 0.9421953806476688, 0.3885946899772229, 0.8376144542625688, 0.9564084233825603, 0.9738014890069033, 0.7365455054053898, 0.9809329721714535, 0.9424663933583042, 0.32260960344155754, 0.8859407157558806, 0.557519215318141, 0.4443730302862996, 0.7075727841380755, 0.9168021557818813, 0.03281115469695418, 0.9106033686427741, 0.3532450248136815, 0.8375795025499561, 0.49643876062226794, 0.4538081682483768, 0.536066321904877, 0.9901350861027634, 0.48795243922324283, 0.8668858102395753, 0.8884437011415969, 0.8203495978509039, 0.9193864599685562, 0.8947330957271415, 0.5961510984329409, 0.5003909451993059, 0.7833636144245735, 0.833405968740411, 0.5556037693500977, 1.0, 0.14992380558663324, 0.7914278759686615, 0.961472991307396, 0.9092903522106406, 0.9268555414820475, 0.28288736800459546, 0.9921128069031226, 0.41093966321126485, 0.7480407185735214, 0.9372663504011642, 0.9566283907946067, 0.4542071293267559, 0.9717916167891165, 0.7684232762284017, 0.7614331493899362, 0.922651602330101, 0.9698577447036469, 0.9656770287836146, 0.33150754715452724, 0.037903342603992446, 0.8165996742814894, 0.9739901642593853, 0.9631318837364407, 0.9678539444631555, 0.9798800402828953, 0.9798219468937557, 0.2984600211190037, 0.9560322423864296, 0.5739579759923696, 0.9732129467715989, 0.9236644367804976, 0.7366033348508686, 0.47428344360309693, 0.3157691625069721, 0.7651306809345775, 0.27086338909565627, 0.46622047742046324, 0.6877917301640358, 0.9299552251878043, 0.5010923309399078, 0.8267162447332495, 0.5031028066634594, 0.8624100358037953, 0.9435407234863082, 0.4775369858583672, 0.7223951844558967, 0.927982876787582, 0.9602403186628621, 0.9707263241417066, 0.7110307145936695, 0.6567874018519466, 0.7787797669196548, 0.3931548138311015, 0.3821796477166763, 0.408600022348932, 0.9654461577493623, 0.9598135790579945, 0.8591066465296282, 0.782794014430714, 0.8815079864399178, 0.8649251515455869, 0.6052970083217083, 0.9384697992732594, 0.9842551012740206, 0.3711041873826805, 0.8792228737352459, 0.9902911708211317, 0.3723443145512656, 0.7065722131859199, 0.8042710150175236, 0.7852571791995187, 0.5264306222999425, 0.9835764714570019, 0.9931785684115373, 0.9709756774276397, 0.8829948461632615, 0.946689158675359, 0.956301548538977, 0.9324043404373232, 0.981793787791766, 0.8789900106153626, 0.6163950321676452, 0.6808458452316207, 0.9744119964056819, 0.8908110243776604, 0.8386875022509077, 0.41395796030346144, 0.3475222634058708, 0.9725315176192211, 0.8598153346227886, 0.4841195614277229, 0.8396431642664623, 0.9221265623517527, 0.9757745973711676, 0.825040224285887, 0.9166512013909699, 0.7270979875495894, 0.41474785475115006, 0.8712547010751163, 0.43419770508491723, 0.940598945729278, 0.5315782939047562, 0.6895051363145968, 0.7945502142295664, 0.232620466759824, 0.9589077111122837, 0.7507483205316109, 0.9475584126196102, 0.6386890640788627, 0.9699392701042773, 0.9840867555998587, 0.8198387442649027, 0.30629628128160413, 0.9425018741615083, 0.5219616682903572, 0.6297029892537214, 0.8898733743967635, 0.5784302566819072, 0.20906455911542446, 0.7836353492903962, 0.5444309238820065, 0.42497916943931774, 0.9345121855559886, 0.6121051294344302, 0.580239355024336, 0.8207174296242723, 0.5831163274893049, 0.6916629272878606, 0.9533257646563149, 0.7590467831483381, 0.6871897384788783, 0.8980438351581705, 0.28759777369338146, 0.527878604041766, 0.9059801416992133, 0.508305988851434, 0.9802031318403173, 0.938899487965138, 0.907235765663017, 0.9772597588062424, 0.970099658268671, 0.4234097157305317, 0.944038884719298, 0.6922592432779943, 0.9110380080267448, 0.9089815080638761, 0.713357448673426, 0.5177405757219062, 0.34465097791473887, 0.3755076328133085, 0.41574277333701404, 0.6577727687203423, 0.8703232021938421, 0.7029526332566041, 0.9798514722492089, 0.35573682581048605, 0.9428491633077438, 0.9179853420852879, 0.9617720754477719, 0.8395423873461488, 0.9239858991360816, 0.9522217025290924, 0.23899729367746342, 0.27949142984930087, 0.9259714761461866, 0.927607533719276, 0.9286279274366336, 0.4155596630877777, 0.7596454142574642, 0.9581930467118089, 0.48777207310427895, 0.9352829048891074, 0.9749407822636968, 0.7253639326470425, 0.9322263155732342, 0.7729580558472922, 0.7082644291008096, 0.9770479547618027, 0.8361378027804427, 0.8984188648676468, 0.9238932796791619, 0.9473491006263874, 0.9747232059340507, 0.9162855444275764, 0.8855808153415308, 0.16640268467163288, 0.9309502589538123, 0.4816793178320953, 0.5750582617526012, 0.7738062382871427, 0.5790261988125887, 0.8682110798848452, 0.8469230083367456, 0.8149571768480716, 0.857366514241093, 0.8885855485292748, 0.6276371505120278, 0.8188916070690107, 0.7557968074254318, 0.7624146378614128, 0.8086811749495997, 0.9881263545755623, 0.7698315590133648, 0.9820653195195825, 0.9616102999368312, 0.5012143983741278, 0.05187936299146971, 0.9747269061338388, 1.0, 0.8196763268259384, 1.0, 0.9124257656487269, 0.39034769598369434, 0.41243081325512787, 0.8861971446522757, 0.8154187738366516, 0.6799667758861413, 0.5833333333333333, 0.9707135589044302, 0.9100561171054498, 0.9713651945608406, 0.939821716744068, 0.9785132817927387, 0.8171220069513339, 0.8542311710040063, 0.97633392937918, 0.19832929234074576, 0.9406018863753673, 0.9887423993227424, 0.6958646253663932, 0.3776268460097124, 0.9829927321997591, 0.3010567554103569, 0.5074834355521683, 0.9872106081152878, 0.7772868173384335, 0.9517626327839217, 0.6424073791477533, 0.9784080121481948, 0.6495267219526154, 0.9068495810967309, 0.8164468849403668, 0.45741812450524455, 0.7852033214625844, 0.1595323671321502, 0.9454632184934535, 0.27459370351787593, 0.9701742405810041, 0.704137667465099, 0.6136084613959742, 0.47541291345050607, 0.8617675603039494, 0.4532830736687707, 0.8423297245928909, 0.05652271482930384, 0.56926112019934, 0.8969462626373546, 0.7797507683692777, 0.9728742867739708, 0.8242816812765809, 0.4966154218075377, 0.8437436803649183, 0.6359084461047401, 0.7146371215272531, 0.3017311101814578, 0.9459298954511661, 0.933792626439619, 0.5507463552897676, 0.6567079107412255, 0.8936598047708784, 0.38361540357357476, 0.9731496374915098, 0.8250877060561935, 0.33295797590328613, 0.7259849312989834, 0.8467013377193615, 0.9908744134634584, 0.89837315599347, 0.35423431936551, 0.8712420862261012, 0.40463236212571363, 0.9323453252450715, 0.8859768763961902, 0.461329065338275, 0.0864718984572822, 0.9176516704321582, 0.7900451252092993, 0.5135793600096521, 0.3902680246863285, 0.9686198599811506, 0.25644330730886156, 0.8803598841016611, 0.6572099075466513, 0.7706648767181559, 0.907558018935852, 0.8642224065245785, 1.0, 0.5588208186817714, 0.9157728873149173, 0.5452287811589471, 0.29739831379152576, 0.4329395571954886, 0.9108900697675792, 0.9027309916196755, 0.25160207241540583, 0.9714552656085744, 0.9190922894214792, 0.9732456940628658, 0.2579343193335908, 0.9654855521209342, 0.813350848456605, 0.9397626412560047, 0.9541895950679766, 0.9668495847081082, 0.8019711204854889, 0.7139547597415971, 0.3532301871931892, 0.7042526158020281, 0.5864458370254797, 0.687542465552887, 0.9469672199403614, 0.5587912679655723, 0.05987019451564787, 0.9630540715975315, 0.8807613352737074, 0.978350857747293, 0.6912905988814966, 0.8230038183585568, 0.7995464035703914, 0.9685698290675941, 0.3478242508876328, 0.9427008679312978, 0.9833885445588753, 0.7141494776867402, 0.3737662111795117, 0.3014657210401891, 0.8055864673667326, 0.554920595677622, 0.8239990075536665, 0.37333812510379816, 0.9117475844136459, 0.9635847916815603, 0.96804234407929, 0.9306848398433412, 0.36168412495357327, 0.7270998991360063, 0.9296835011666059, 0.5649828078733281, 0.9632825394277797, 0.9151731735749239, 0.8122136254293291, 0.9498733743967636, 0.9714834981320903, 0.773611277512299, 0.8728375908477501, 0.2973434798199742, 0.9526474078906453, 0.7657538252330831, 0.8229057084533571, 0.38230642541905163, 0.6061429236354531, 0.8804232565396799, 0.8896531297074333, 0.8920643294874622, 0.6575319963393351, 0.9086210618726622, 0.9078336364448021, 0.8664855589488811, 0.914836682179925, 0.8757845494319172, 0.7752855690103572, 0.3824686492796324, 0.576816427634421, 0.5608973553048435, 0.5784307402703246, 0.8698366814058456, 0.9508336769881993, 0.9642179703204878, 0.9819992034986089, 0.9545774975085777, 0.9166795416411146, 0.5999149165321056, 0.9064913890104815, 0.9788598843598264, 0.8268909899335557, 0.5154078374181397, 0.9403437700960667, 0.8190595233656908, 0.35058711079082805]
Finish training and take 46m
