Namespace(log_name='./RQ5/bugsinpy_500_1/codet5p_220m.log', model_name='Salesforce/codet5p-220m', lang='python', output_dir='RQ5/bugsinpy_500_1/codet5p_220m', data_dir='./data/RQ5/bugsinpy_500_1', choice=0, no_cuda=False, visible_gpu='0', num_train_epochs=10, num_test_epochs=1, train_batch_size=8, eval_batch_size=4, gradient_accumulation_steps=1, load_model_path=None, config_name='', tokenizer_name='', max_source_length=512, max_target_length=512, warm_up_ratio=0.1, do_train=True, do_eval=True, do_test=True, freeze=False, learning_rate=5e-05, beam_size=10, weight_decay=0.0, adam_epsilon=1e-08, local_rank=-1, seed=42, early_stop_threshold=3)
Process rank: -1, device: cuda, n_gpu: 1, distributed training: False
Model created!!
[[{'text': 'https:  from collections import abc  from datetime import datetime from io import BytesIO  import struct  import warnings', 'loss_ids': 0, 'shortenable_ids': 1}, {'text': '<mask>', 'loss_ids': 1, 'shortenable_ids': 0}, {'text': 'is the fixed version', 'loss_ids': 0, 'shortenable_ids': 0}], {'guid': 0, 'tgt_text': 'https:  from collections import abc  from datetime import datetime  import struct  import warnings'}]
***** Running training *****
  Num examples = 500
  Batch size = 8
  Num epoch = 10

***** Running evaluation *****
  Num examples = 100
  Batch size = 4
  epoch = 0
  eval_ppl = inf
  global_step = 64
  train_loss = 66.12
  ********************
Previous best ppl:inf
Achieve Best ppl:inf
  ********************
BLEU file: ./data/RQ5/bugsinpy_500_1/validation.jsonl
  codebleu-4 = 75.5 	 Previous best codebleu 0
  ********************
 Achieve Best bleu:75.5
  ********************

***** Running evaluation *****
  Num examples = 100
  Batch size = 4
  epoch = 1
  eval_ppl = inf
  global_step = 127
  train_loss = 39.5654
  ********************
Previous best ppl:inf
BLEU file: ./data/RQ5/bugsinpy_500_1/validation.jsonl
  codebleu-4 = 75.55 	 Previous best codebleu 75.5
  ********************
 Achieve Best bleu:75.55
  ********************

***** Running evaluation *****
  Num examples = 100
  Batch size = 4
  epoch = 2
  eval_ppl = inf
  global_step = 190
  train_loss = 27.7144
  ********************
Previous best ppl:inf
BLEU file: ./data/RQ5/bugsinpy_500_1/validation.jsonl
  codebleu-4 = 76.39 	 Previous best codebleu 75.55
  ********************
 Achieve Best bleu:76.39
  ********************

***** Running evaluation *****
  Num examples = 100
  Batch size = 4
  epoch = 3
  eval_ppl = inf
  global_step = 253
  train_loss = 20.0869
  ********************
Previous best ppl:inf
BLEU file: ./data/RQ5/bugsinpy_500_1/validation.jsonl
  codebleu-4 = 76.93 	 Previous best codebleu 76.39
  ********************
 Achieve Best bleu:76.93
  ********************

***** Running evaluation *****
  Num examples = 100
  Batch size = 4
  epoch = 4
  eval_ppl = inf
  global_step = 316
  train_loss = 15.0008
  ********************
Previous best ppl:inf
BLEU file: ./data/RQ5/bugsinpy_500_1/validation.jsonl
  codebleu-4 = 76.89 	 Previous best codebleu 76.93
  ********************

***** Running evaluation *****
  Num examples = 100
  Batch size = 4
  epoch = 5
  eval_ppl = inf
  global_step = 379
  train_loss = 11.1681
  ********************
Previous best ppl:inf
BLEU file: ./data/RQ5/bugsinpy_500_1/validation.jsonl
  codebleu-4 = 77.8 	 Previous best codebleu 76.93
  ********************
 Achieve Best bleu:77.8
  ********************

***** Running evaluation *****
  Num examples = 100
  Batch size = 4
  epoch = 6
  eval_ppl = inf
  global_step = 442
  train_loss = 8.6916
  ********************
Previous best ppl:inf
BLEU file: ./data/RQ5/bugsinpy_500_1/validation.jsonl
  codebleu-4 = 79.24 	 Previous best codebleu 77.8
  ********************
 Achieve Best bleu:79.24
  ********************

***** Running evaluation *****
  Num examples = 100
  Batch size = 4
  epoch = 7
  eval_ppl = inf
  global_step = 505
  train_loss = 6.7899
  ********************
Previous best ppl:inf
BLEU file: ./data/RQ5/bugsinpy_500_1/validation.jsonl
  codebleu-4 = 78.77 	 Previous best codebleu 79.24
  ********************

***** Running evaluation *****
  Num examples = 100
  Batch size = 4
  epoch = 8
  eval_ppl = inf
  global_step = 568
  train_loss = 5.7315
  ********************
Previous best ppl:inf
BLEU file: ./data/RQ5/bugsinpy_500_1/validation.jsonl
  codebleu-4 = 78.78 	 Previous best codebleu 79.24
  ********************

***** Running evaluation *****
  Num examples = 100
  Batch size = 4
  epoch = 9
  eval_ppl = inf
  global_step = 631
  train_loss = 5.0514
  ********************
Previous best ppl:inf
BLEU file: ./data/RQ5/bugsinpy_500_1/validation.jsonl
  codebleu-4 = 78.84 	 Previous best codebleu 79.24
  ********************
early stopping!!!
reload model from RQ5/bugsinpy_500_1/codet5p_220m/checkpoint-best-bleu
BLEU file: ./data/RQ5/bugsinpy_500_1/test.jsonl
  codebleu = 77.43 
  Total = 117 
  Exact Fixed = 10 
[2, 17, 20, 22, 29, 36, 50, 60, 66, 104]
  Syntax Fixed = 1 
[9]
  Cleaned Fixed = 0 
[]
  ********************
  Total = 117 
  Exact Fixed = 10 
[2, 17, 20, 22, 29, 36, 50, 60, 66, 104]
  Syntax Fixed = 1 
[9]
  Cleaned Fixed = 0 
[]
  codebleu = 77.43 
[0.7768711691119308, 0.8653356903807421, 0.2909718763883706, 0.878865255109752, 0.9063467386633746, 0.782053171927164, 0.8096114788906146, 0.6883720951974961, 0.9441518237028776, 0.8573638305228279, 0.6728230800934798, 0.8703246706459902, 0.9472873156881443, 0.8884573785188872, 0.7715012035371895, 0.7332519354895861, 0.9399649879642329, 0.7449734989717058, 0.8871978499693505, 1.0, 0.7572098935987482, 1.0, 0.8753086020037879, 0.7318286091585733, 0.7225931341121177, 0.8856389378075658, 0.8077895563342797, 0.8773104352365284, 1.0, 0.7507982187182929, 0.8195330229945343, 0.6441425627537012, 0.9474759345795825, 0.8358395384567638, 0.6853803599169206, 1.0, 0.7884485258508804, 0.6936199831009335, 0.676525822803221, 0.5803135373863274, 0.5117566728908322, 0.7896354401872717, 0.6439391185600173, 0.49150427670545643, 0.7639654153934541, 0.583933634540305, 0.7042953619649426, 0.8234479137638847, 0.4545507520171642, 1.0, 0.884250182279102, 0.8336108571661149, 0.9056583090096291, 0.7443181170763433, 0.9666856331752072, 0.7531797171538064, 0.8611544762176193, 0.8231560738418289, 0.6939112308588368, 1.0, 0.5218510181581382, 0.6356257812621184, 0.8107806147142924, 0.4692175829314105, 0.9309470682699423, 0.9847962409659572, 0.8362747318435784, 0.7093853536262804, 0.8789801838086921, 0.6018220796100672, 0.8814955038434287, 0.7681899150975824, 0.7733604490538593, 0.8853004704636518, 0.5911195501972704, 0.8631855387221548, 0.8352894783834772, 0.5811367250633676, 0.6601281703247908, 0.8736270526063763, 0.8971695160234401, 0.788050295413492, 0.9411542454583528, 0.6508693332230462, 0.621240758456996, 0.8808919461147899, 0.8475332565755729, 0.9204219587780458, 0.8300638244826566, 0.8548397899287874, 0.6861399461538725, 0.8754861943073293, 0.5848279818283263, 0.7420541780659815, 0.7002191367130445, 0.7164493834577911, 0.9178662308912058, 0.8782734899756608, 0.5037077119806818, 0.8962096929024133, 0.6413921957402942, 0.39686614731832626, 0.8052050509144788, 1.0, 0.5571314709024371, 0.9142445273649933, 0.6530224530296921, 0.8434652034268404, 0.4859365293701735, 0.7032270811112566, 0.7953587603777192, 0.8807926879441415, 0.7283421666422167, 0.7714650156104186, 0.5677560109070254, 0.610067068626702, 0.8385834949297515]
Finish training and take 16m
