Namespace(log_name='./RQ5/sstubs_900_3/codet5p_220m.log', model_name='Salesforce/codet5p-220m', lang='java', output_dir='RQ5/sstubs_900_3/codet5p_220m', data_dir='./data/RQ5/sstubs_900_3', choice=0, no_cuda=False, visible_gpu='0', num_train_epochs=10, num_test_epochs=1, train_batch_size=8, eval_batch_size=4, gradient_accumulation_steps=1, load_model_path=None, config_name='', tokenizer_name='', max_source_length=512, max_target_length=512, warm_up_ratio=0.1, do_train=True, do_eval=True, do_test=True, freeze=False, learning_rate=5e-05, beam_size=10, weight_decay=0.0, adam_epsilon=1e-08, local_rank=-1, seed=42, early_stop_threshold=3)
Process rank: -1, device: cuda, n_gpu: 1, distributed training: False
Model created!!
[[{'text': 'public void configure() throws Exception {                  from("seda:foo")                      .startupOrder(1) .delay(1000).to("file:', 'loss_ids': 0, 'shortenable_ids': 1}, {'text': '<mask>', 'loss_ids': 1, 'shortenable_ids': 0}, {'text': 'is the fixed version', 'loss_ids': 0, 'shortenable_ids': 0}], {'guid': 0, 'tgt_text': 'public void configure() throws Exception {                  from("seda:foo")                      .startupOrder(1) .delay(500).to("file:'}]
***** Running training *****
  Num examples = 900
  Batch size = 8
  Num epoch = 10

***** Running evaluation *****
  Num examples = 100
  Batch size = 4
  epoch = 0
  eval_ppl = inf
  global_step = 114
  train_loss = 14.6763
  ********************
Previous best ppl:inf
Achieve Best ppl:inf
  ********************
BLEU file: ./data/RQ5/sstubs_900_3/validation.jsonl
  codebleu-4 = 94.04 	 Previous best codebleu 0
  ********************
 Achieve Best bleu:94.04
  ********************

***** Running evaluation *****
  Num examples = 100
  Batch size = 4
  epoch = 1
  eval_ppl = inf
  global_step = 227
  train_loss = 3.7406
  ********************
Previous best ppl:inf
BLEU file: ./data/RQ5/sstubs_900_3/validation.jsonl
  codebleu-4 = 94.43 	 Previous best codebleu 94.04
  ********************
 Achieve Best bleu:94.43
  ********************

***** Running evaluation *****
  Num examples = 100
  Batch size = 4
  epoch = 2
  eval_ppl = inf
  global_step = 340
  train_loss = 1.858
  ********************
Previous best ppl:inf
BLEU file: ./data/RQ5/sstubs_900_3/validation.jsonl
  codebleu-4 = 94.17 	 Previous best codebleu 94.43
  ********************

***** Running evaluation *****
  Num examples = 100
  Batch size = 4
  epoch = 3
  eval_ppl = inf
  global_step = 453
  train_loss = 1.4078
  ********************
Previous best ppl:inf
BLEU file: ./data/RQ5/sstubs_900_3/validation.jsonl
  codebleu-4 = 94.78 	 Previous best codebleu 94.43
  ********************
 Achieve Best bleu:94.78
  ********************

***** Running evaluation *****
  Num examples = 100
  Batch size = 4
  epoch = 4
  eval_ppl = inf
  global_step = 566
  train_loss = 0.7041
  ********************
Previous best ppl:inf
BLEU file: ./data/RQ5/sstubs_900_3/validation.jsonl
  codebleu-4 = 94.63 	 Previous best codebleu 94.78
  ********************

***** Running evaluation *****
  Num examples = 100
  Batch size = 4
  epoch = 5
  eval_ppl = inf
  global_step = 679
  train_loss = 0.4613
  ********************
Previous best ppl:inf
BLEU file: ./data/RQ5/sstubs_900_3/validation.jsonl
  codebleu-4 = 95.17 	 Previous best codebleu 94.78
  ********************
 Achieve Best bleu:95.17
  ********************

***** Running evaluation *****
  Num examples = 100
  Batch size = 4
  epoch = 6
  eval_ppl = inf
  global_step = 792
  train_loss = 0.2974
  ********************
Previous best ppl:inf
BLEU file: ./data/RQ5/sstubs_900_3/validation.jsonl
  codebleu-4 = 95.18 	 Previous best codebleu 95.17
  ********************
 Achieve Best bleu:95.18
  ********************

***** Running evaluation *****
  Num examples = 100
  Batch size = 4
  epoch = 7
  eval_ppl = inf
  global_step = 905
  train_loss = 0.2415
  ********************
Previous best ppl:inf
BLEU file: ./data/RQ5/sstubs_900_3/validation.jsonl
  codebleu-4 = 94.92 	 Previous best codebleu 95.18
  ********************

***** Running evaluation *****
  Num examples = 100
  Batch size = 4
  epoch = 8
  eval_ppl = inf
  global_step = 1018
  train_loss = 0.1973
  ********************
Previous best ppl:inf
BLEU file: ./data/RQ5/sstubs_900_3/validation.jsonl
  codebleu-4 = 95.16 	 Previous best codebleu 95.18
  ********************

***** Running evaluation *****
  Num examples = 100
  Batch size = 4
  epoch = 9
  eval_ppl = inf
  global_step = 1131
  train_loss = 0.1633
  ********************
Previous best ppl:inf
BLEU file: ./data/RQ5/sstubs_900_3/validation.jsonl
  codebleu-4 = 95.16 	 Previous best codebleu 95.18
  ********************
early stopping!!!
reload model from RQ5/sstubs_900_3/codet5p_220m/checkpoint-best-bleu
BLEU file: ./data/RQ5/sstubs_900_3/test.jsonl
  codebleu = 95.67 
  Total = 500 
  Exact Fixed = 331 
[1, 2, 3, 4, 5, 8, 10, 11, 12, 13, 16, 17, 18, 19, 20, 22, 24, 26, 28, 29, 30, 32, 34, 35, 36, 37, 38, 39, 42, 43, 44, 49, 50, 51, 53, 54, 56, 57, 59, 62, 63, 64, 66, 70, 72, 73, 75, 76, 80, 82, 86, 88, 89, 90, 91, 92, 93, 94, 95, 96, 99, 100, 102, 103, 104, 106, 108, 109, 110, 112, 114, 115, 116, 117, 120, 121, 122, 123, 124, 125, 126, 129, 130, 131, 133, 135, 138, 140, 141, 142, 144, 146, 147, 148, 152, 153, 154, 155, 156, 157, 159, 160, 161, 162, 164, 166, 167, 168, 171, 172, 173, 175, 176, 178, 180, 181, 183, 184, 186, 187, 188, 189, 191, 192, 193, 196, 198, 199, 200, 201, 202, 203, 205, 207, 209, 210, 212, 213, 215, 219, 221, 223, 224, 225, 227, 229, 231, 232, 235, 236, 238, 241, 243, 244, 246, 247, 249, 250, 251, 253, 255, 256, 257, 258, 259, 260, 261, 264, 265, 267, 269, 270, 272, 274, 276, 278, 281, 282, 283, 284, 285, 286, 288, 289, 290, 291, 292, 294, 296, 298, 301, 303, 304, 306, 308, 309, 310, 311, 312, 313, 314, 316, 317, 318, 319, 320, 321, 324, 325, 329, 330, 332, 333, 334, 336, 337, 338, 340, 341, 342, 343, 344, 346, 350, 352, 353, 354, 355, 357, 359, 360, 362, 364, 365, 366, 367, 368, 369, 370, 372, 373, 374, 376, 377, 378, 379, 382, 383, 384, 386, 387, 388, 389, 390, 392, 393, 395, 396, 398, 399, 400, 401, 402, 404, 405, 407, 408, 410, 411, 412, 413, 414, 417, 418, 420, 424, 425, 428, 430, 431, 432, 433, 436, 437, 439, 440, 441, 442, 444, 445, 446, 449, 450, 452, 453, 454, 457, 458, 459, 460, 462, 463, 465, 466, 467, 468, 469, 470, 473, 474, 475, 476, 477, 478, 479, 480, 481, 482, 483, 484, 486, 489, 490, 491, 493, 494, 495, 496, 497, 499, 500]
  Syntax Fixed = 2 
[177, 498]
  Cleaned Fixed = 0 
[]
  ********************
  Total = 500 
  Exact Fixed = 331 
[1, 2, 3, 4, 5, 8, 10, 11, 12, 13, 16, 17, 18, 19, 20, 22, 24, 26, 28, 29, 30, 32, 34, 35, 36, 37, 38, 39, 42, 43, 44, 49, 50, 51, 53, 54, 56, 57, 59, 62, 63, 64, 66, 70, 72, 73, 75, 76, 80, 82, 86, 88, 89, 90, 91, 92, 93, 94, 95, 96, 99, 100, 102, 103, 104, 106, 108, 109, 110, 112, 114, 115, 116, 117, 120, 121, 122, 123, 124, 125, 126, 129, 130, 131, 133, 135, 138, 140, 141, 142, 144, 146, 147, 148, 152, 153, 154, 155, 156, 157, 159, 160, 161, 162, 164, 166, 167, 168, 171, 172, 173, 175, 176, 178, 180, 181, 183, 184, 186, 187, 188, 189, 191, 192, 193, 196, 198, 199, 200, 201, 202, 203, 205, 207, 209, 210, 212, 213, 215, 219, 221, 223, 224, 225, 227, 229, 231, 232, 235, 236, 238, 241, 243, 244, 246, 247, 249, 250, 251, 253, 255, 256, 257, 258, 259, 260, 261, 264, 265, 267, 269, 270, 272, 274, 276, 278, 281, 282, 283, 284, 285, 286, 288, 289, 290, 291, 292, 294, 296, 298, 301, 303, 304, 306, 308, 309, 310, 311, 312, 313, 314, 316, 317, 318, 319, 320, 321, 324, 325, 329, 330, 332, 333, 334, 336, 337, 338, 340, 341, 342, 343, 344, 346, 350, 352, 353, 354, 355, 357, 359, 360, 362, 364, 365, 366, 367, 368, 369, 370, 372, 373, 374, 376, 377, 378, 379, 382, 383, 384, 386, 387, 388, 389, 390, 392, 393, 395, 396, 398, 399, 400, 401, 402, 404, 405, 407, 408, 410, 411, 412, 413, 414, 417, 418, 420, 424, 425, 428, 430, 431, 432, 433, 436, 437, 439, 440, 441, 442, 444, 445, 446, 449, 450, 452, 453, 454, 457, 458, 459, 460, 462, 463, 465, 466, 467, 468, 469, 470, 473, 474, 475, 476, 477, 478, 479, 480, 481, 482, 483, 484, 486, 489, 490, 491, 493, 494, 495, 496, 497, 499, 500]
  Syntax Fixed = 2 
[177, 498]
  Cleaned Fixed = 0 
[]
  codebleu = 95.67 
[1.0, 1.0, 1.0, 0.9383643249569027, 1.0, 0.7016265496309229, 0.9211131842675646, 1.0, 0.534613777706259, 1.0, 1.0, 1.0, 1.0, 0.6766433148075119, 0.7356102848714182, 1.0, 1.0, 1.0, 1.0, 1.0, 0.8194907652001931, 1.0, 0.6577095841418729, 1.0, 0.9616102999368312, 1.0, 0.793992508705015, 1.0, 1.0, 1.0, 0.881955507815954, 1.0, 0.9372561368734473, 1.0, 1.0, 1.0, 1.0, 1.0, 1.0, 0.9208556048852523, 0.8961079319106557, 1.0, 0.8834656411006463, 1.0, 0.9546221339246326, 0.9543920430664012, 0.936752055107628, 0.9012977329022187, 1.0, 1.0, 1.0, 0.9523104352365284, 1.0, 1.0, 0.850084905673596, 1.0, 1.0, 0.9509004453320677, 1.0, 0.9830124435719327, 0.9495565333799167, 1.0, 1.0, 1.0, 0.6919044591507169, 1.0, 0.9403743010640047, 0.6526670151860275, 0.8279398471307313, 1.0, 0.8020772327457721, 1.0, 1.0, 0.805438392944647, 1.0, 1.0, 0.7859313812063606, 0.8133116091221643, 0.6040692180123179, 1.0, 0.9108242908590016, 1.0, 0.9441518237028776, 0.8491946842030136, 0.8674435206185069, 1.0, 0.9207265089204273, 1.0, 1.0, 1.0, 1.0, 1.0, 1.0, 1.0, 0.9100055159882576, 1.0, 0.8430344869071396, 0.9830124435719327, 1.0, 1.0, 0.9207265089204273, 1.0, 1.0, 1.0, 0.8977573831682686, 1.0, 0.9019674110549458, 1.0, 1.0, 1.0, 0.9629467492522685, 1.0, 0.9026321368482364, 1.0, 1.0, 1.0, 1.0, 0.7569116179787079, 0.9084726614223404, 1.0, 1.0, 1.0, 1.0, 1.0, 1.0, 1.0, 0.8313123185424158, 0.8519794527032583, 1.0, 1.0, 1.0, 0.9318351265733027, 0.931383346147761, 0.987026696724848, 1.0, 0.9145980101874507, 0.840504309245877, 1.0, 0.9600553834135903, 1.0, 1.0, 1.0, 0.8986766170158926, 1.0, 0.8016164190158708, 1.0, 1.0, 1.0, 0.9058089637441036, 0.8145980101874506, 0.9567814728909636, 1.0, 1.0, 1.0, 1.0, 1.0, 1.0, 0.9725011474210121, 1.0, 1.0, 1.0, 1.0, 0.9501570703145379, 1.0, 0.9352133283258579, 1.0, 1.0, 1.0, 0.9008396714911473, 0.9449436332701645, 1.0, 1.0, 1.0, 0.8313412454774565, 1.0, 1.0, 0.9511850398605586, 1.0, 0.8667343878768172, 1.0, 1.0, 0.8955980328281301, 1.0, 1.0, 0.9490051755223876, 1.0, 1.0, 1.0, 1.0, 0.775729444252817, 1.0, 1.0, 1.0, 0.9354021130737269, 0.891318859382493, 1.0, 0.9219188985107609, 1.0, 1.0, 1.0, 1.0, 1.0, 0.972668710286829, 0.8064626894135283, 1.0, 0.8689975336408694, 1.0, 0.8917317601325887, 1.0, 1.0, 0.8865561184422389, 1.0, 1.0, 0.9725011474210121, 1.0, 0.8056751756510949, 0.9830124435719327, 0.812035222494445, 1.0, 0.726332468260181, 1.0, 0.8947836446510709, 1.0, 1.0, 1.0, 0.6642742735155721, 1.0, 0.7032349297460765, 1.0, 0.8933633833099063, 1.0, 1.0, 0.9830124435719327, 0.7808354890067706, 1.0, 1.0, 0.901672684198352, 1.0, 0.7016265496309229, 0.9675420713984233, 1.0, 0.5398180867960412, 1.0, 1.0, 0.8839519845504367, 1.0, 1.0, 0.9361684767997713, 1.0, 1.0, 0.9475019272263487, 0.8019177091158687, 1.0, 0.8655948908847075, 1.0, 1.0, 1.0, 1.0, 1.0, 1.0, 0.9468478666789486, 0.8382738479048725, 0.7854219053833142, 1.0, 1.0, 0.8815929744551174, 1.0, 0.9020987465070704, 1.0, 1.0, 0.8474334174872993, 1.0, 0.8711309068006623, 1.0, 0.8445246450323679, 1.0, 0.8887985956551486, 1.0, 0.8519348099950308, 0.9259881201117277, 1.0, 1.0, 1.0, 1.0, 1.0, 1.0, 0.9470228248649237, 1.0, 1.0, 1.0, 1.0, 1.0, 0.9165239329369728, 1.0, 0.9600553834135903, 1.0, 0.9245037448286011, 1.0, 0.91996684639737, 0.7016265496309229, 1.0, 0.9544887439837764, 1.0, 1.0, 0.9449216567144265, 1.0, 0.8056751756510949, 1.0, 1.0, 1.0, 1.0, 1.0, 1.0, 1.0, 0.6610506160908894, 1.0, 0.964675351712162, 1.0, 1.0, 1.0, 1.0, 0.9565292378112795, 0.924762622326577, 1.0, 1.0, 0.9594214383213739, 0.9441518237028776, 0.9181872441208678, 1.0, 1.0, 0.9427895563342799, 1.0, 1.0, 1.0, 0.7867260767553759, 1.0, 1.0, 1.0, 0.8767495019353488, 1.0, 1.0, 1.0, 1.0, 1.0, 0.9325400085710811, 1.0, 0.8821296454239946, 0.9498733743967636, 0.6229661941006033, 1.0, 0.859279267136342, 0.9519682498738435, 1.0, 1.0, 1.0, 0.9583676774082095, 1.0, 0.8941068452322507, 1.0, 1.0, 0.9498733743967636, 1.0, 0.9018351265733028, 1.0, 1.0, 1.0, 1.0, 1.0, 1.0, 1.0, 0.9472873156881443, 1.0, 1.0, 1.0, 0.9572615927227479, 1.0, 1.0, 1.0, 1.0, 0.9690470390182255, 0.8, 1.0, 1.0, 1.0, 0.9675420713984233, 1.0, 1.0, 1.0, 1.0, 1.0, 0.862347908057336, 1.0, 1.0, 0.8439930141578402, 1.0, 1.0, 0.9261420415269246, 1.0, 1.0, 1.0, 1.0, 1.0, 0.8171145713462071, 1.0, 1.0, 0.8846386294351021, 1.0, 1.0, 0.9497338034253828, 1.0, 1.0, 1.0, 1.0, 1.0, 0.9090440252597953, 0.784276238546131, 1.0, 1.0, 0.9357730833493334, 1.0, 0.8941068452322507, 0.8098590091001723, 0.9746774581465578, 1.0, 1.0, 0.9266684096158422, 0.936752055107628, 1.0, 0.9357730833493334, 1.0, 1.0, 1.0, 1.0, 0.8431318837364405, 0.9307091932148608, 1.0, 1.0, 0.9165276486140073, 1.0, 1.0, 1.0, 1.0, 0.9493239030379825, 1.0, 1.0, 1.0, 0.9435321610524647, 0.9437985500759485, 0.8032616077763247, 1.0, 0.9498733743967636, 1.0, 1.0, 1.0, 0.9468351265733028, 0.8965296466431494, 1.0, 1.0, 1.0, 1.0, 0.8097118554292808, 1.0, 1.0, 0.936752055107628, 1.0, 1.0, 1.0, 1.0, 1.0, 1.0, 0.9114978855614024, 0.8821296454239946, 1.0, 1.0, 1.0, 1.0, 1.0, 0.9551231593744087, 1.0, 1.0, 1.0, 0.9469745272836558, 1.0, 1.0, 0.908089643481502, 1.0, 0.8998848301604019, 0.895040008571081, 1.0, 1.0, 1.0, 0.9583676774082095, 1.0, 1.0, 1.0, 1.0, 1.0, 0.936923058378295, 1.0, 1.0]
Finish training and take 17m
