Namespace(log_name='./RQ5/javascript_100/f3_codet5p_220m.log', model_name='Salesforce/codet5p-220m', lang='javascript', output_dir='RQ5/javascript_100/f3_codet5p_220m', data_dir='./data/RQ5/javascript_100_3', no_cuda=False, visible_gpu='0', add_task_prefix=False, add_lang_ids=False, num_train_epochs=10, num_test_epochs=10, train_batch_size=8, eval_batch_size=4, gradient_accumulation_steps=2, load_model_path=None, config_name='', tokenizer_name='', max_source_length=128, max_target_length=128, warm_up_ratio=0.1, do_train=True, do_eval=True, do_test=True, do_lower_case=False, learning_rate=5e-05, beam_size=10, weight_decay=0.0, adam_epsilon=1e-08, max_grad_norm=1.0, max_steps=-1, eval_steps=-1, train_steps=-1, local_rank=-1, seed=42, early_stop_threshold=3)
Process rank: -1, device: cuda, n_gpu: 1, distributed training: False, model_name: Salesforce/codet5p-220m
model created!
Total 100 training instances 
***** Running training *****
  Num examples = 100
  Batch size = 8
  Num epoch = 10

***** Running evaluation *****
  Num examples = 500
  Batch size = 4
  epoch = 0
  eval_ppl = 1.00611
  global_step = 13
  train_loss = 1.1418
  ********************
Previous best ppl:inf
Achieve Best ppl:1.00611
  ********************
BLEU file: ./data/RQ5/javascript_100_3/validation.jsonl
  codebleu-4 = 53.09 	 Previous best codebleu 0
  ********************
 Achieve Best bleu:53.09
  ********************

***** Running evaluation *****
  Num examples = 500
  Batch size = 4
  epoch = 1
  eval_ppl = 1.00502
  global_step = 25
  train_loss = 0.5356
  ********************
Previous best ppl:1.00611
Achieve Best ppl:1.00502
  ********************
BLEU file: ./data/RQ5/javascript_100_3/validation.jsonl
  codebleu-4 = 53.43 	 Previous best codebleu 53.09
  ********************
 Achieve Best bleu:53.43
  ********************

***** Running evaluation *****
  Num examples = 500
  Batch size = 4
  epoch = 2
  eval_ppl = 1.00477
  global_step = 37
  train_loss = 0.3029
  ********************
Previous best ppl:1.00502
Achieve Best ppl:1.00477
  ********************
BLEU file: ./data/RQ5/javascript_100_3/validation.jsonl
  codebleu-4 = 59.48 	 Previous best codebleu 53.43
  ********************
 Achieve Best bleu:59.48
  ********************

***** Running evaluation *****
  Num examples = 500
  Batch size = 4
  epoch = 3
  eval_ppl = 1.00492
  global_step = 49
  train_loss = 0.2063
  ********************
Previous best ppl:1.00477
BLEU file: ./data/RQ5/javascript_100_3/validation.jsonl
  codebleu-4 = 60.07 	 Previous best codebleu 59.48
  ********************
 Achieve Best bleu:60.07
  ********************

***** Running evaluation *****
  Num examples = 500
  Batch size = 4
  epoch = 4
  eval_ppl = 1.00525
  global_step = 61
  train_loss = 0.1551
  ********************
Previous best ppl:1.00477
BLEU file: ./data/RQ5/javascript_100_3/validation.jsonl
  codebleu-4 = 60.45 	 Previous best codebleu 60.07
  ********************
 Achieve Best bleu:60.45
  ********************

***** Running evaluation *****
  Num examples = 500
  Batch size = 4
  epoch = 5
  eval_ppl = 1.00528
  global_step = 73
  train_loss = 0.1342
  ********************
Previous best ppl:1.00477
BLEU file: ./data/RQ5/javascript_100_3/validation.jsonl
  codebleu-4 = 61.11 	 Previous best codebleu 60.45
  ********************
 Achieve Best bleu:61.11
  ********************

***** Running evaluation *****
  Num examples = 500
  Batch size = 4
  epoch = 6
  eval_ppl = 1.00534
  global_step = 85
  train_loss = 0.0838
  ********************
Previous best ppl:1.00477
BLEU file: ./data/RQ5/javascript_100_3/validation.jsonl
  codebleu-4 = 61.32 	 Previous best codebleu 61.11
  ********************
 Achieve Best bleu:61.32
  ********************

***** Running evaluation *****
  Num examples = 500
  Batch size = 4
  epoch = 7
  eval_ppl = 1.00549
  global_step = 97
  train_loss = 0.067
  ********************
Previous best ppl:1.00477
BLEU file: ./data/RQ5/javascript_100_3/validation.jsonl
  codebleu-4 = 61.44 	 Previous best codebleu 61.32
  ********************
 Achieve Best bleu:61.44
  ********************

***** Running evaluation *****
  Num examples = 500
  Batch size = 4
  epoch = 8
  eval_ppl = 1.00561
  global_step = 109
  train_loss = 0.0525
  ********************
Previous best ppl:1.00477
BLEU file: ./data/RQ5/javascript_100_3/validation.jsonl
  codebleu-4 = 61.66 	 Previous best codebleu 61.44
  ********************
 Achieve Best bleu:61.66
  ********************

***** Running evaluation *****
  Num examples = 500
  Batch size = 4
  epoch = 9
  eval_ppl = 1.00562
  global_step = 121
  train_loss = 0.0432
  ********************
Previous best ppl:1.00477
BLEU file: ./data/RQ5/javascript_100_3/validation.jsonl
  codebleu-4 = 61.72 	 Previous best codebleu 61.66
  ********************
 Achieve Best bleu:61.72
  ********************
reload model from RQ5/javascript_100/f3_codet5p_220m/checkpoint-best-bleu
BLEU file: ./data/RQ5/javascript_100_3/test.jsonl
  codebleu = 61.22 
  Total = 500 
  Exact Fixed = 50 
[8, 9, 21, 30, 38, 69, 78, 80, 84, 96, 110, 112, 119, 122, 129, 130, 133, 152, 168, 178, 192, 201, 209, 212, 218, 220, 227, 249, 262, 265, 271, 273, 275, 294, 299, 301, 317, 322, 323, 354, 387, 393, 394, 405, 409, 431, 454, 481, 499, 500]
  Syntax Fixed = 1 
[373]
  Cleaned Fixed = 5 
[151, 170, 311, 328, 456]
  ********************
  Total = 500 
  Exact Fixed = 50 
[8, 9, 21, 30, 38, 69, 78, 80, 84, 96, 110, 112, 119, 122, 129, 130, 133, 152, 168, 178, 192, 201, 209, 212, 218, 220, 227, 249, 262, 265, 271, 273, 275, 294, 299, 301, 317, 322, 323, 354, 387, 393, 394, 405, 409, 431, 454, 481, 499, 500]
  Syntax Fixed = 1 
[373]
  Cleaned Fixed = 5 
[151, 170, 311, 328, 456]
  codebleu = 61.22 
[0.6712302104522061, 0.6919266365055134, 0.4499615708051955, 0.5229808431453671, 0.08436692013296332, 0.2921698416979993, 0.6863884298635612, 1.0, 1.0, 0.478763339719069, 0.7773724274761453, 0.8696847134058581, 0.25255157651202054, 0.6329739871337788, 0.5408401405239117, 0.6452148813321528, 0.8378819459834672, 0.6550835185056715, 0.0, 0.6448598858735686, 1.0, 0.03494569883285414, 0.8708250323025346, 0.7158229243802021, 0.4777185731223784, 0.557190822574687, 0.8597766350872547, 0.396349572956634, 0.6553082743436025, 0.7230619919314705, 0.8494413741851621, 0.4340764315695067, 0.46977660810833616, 0.8570961003195992, 0.5570177454869844, 0.5696431220857536, 0.7451384298635613, 0.9891483218006352, 0.3340047425620204, 0.634739134738433, 0.8573464528613979, 0.8292906179772745, 0.6684686576264115, 0.8198293080551287, 0.717352101225173, 0.6082742323311118, 0.8533369401883721, 0.8178607431385985, 0.3053502366259113, 0.30261367609768847, 0.7276623491927838, 0.805453099521674, 0.5217365165784443, 0.5264886858900315, 0.3533755248262469, 0.422412788792651, 0.225226036889931, 0.5338054518326395, 0.6352900380997268, 0.2832193849988809, 0.7261697895341449, 0.2605255056885018, 0.7033800786864218, 0.8321296454239947, 0.7158229243802021, 0.7076923076923076, 0.6252919172059856, 0.6983338153069474, 0.8249365300761395, 0.9616979821237088, 0.521172119556444, 0.3074183659140316, 0.714297617187952, 0.37016971107762675, 0.6445931574752105, 0.13636363636363635, 0.5069117835177426, 1.0, 0.1495352051294258, 1.0, 0.786074986663424, 0.7321559547624175, 0.5637946891611503, 0.9891483218006352, 0.20613487118166404, 0.7065485068370296, 0.5163837612719755, 0.43391990509709355, 0.47996086480687705, 0.6492561474202864, 0.06, 0.7054819616225767, 0.6565560097887984, 0.6492633713864637, 0.7298304277609075, 1.0, 0.6980472624402649, 0.6725445293466269, 0.9321212086381336, 0.3111069937307952, 0.48151833528931587, 0.7086131842675646, 0.5627200451626766, 0.7383259097532133, 0.7418506489774956, 0.8544292190863385, 0.6284996973575898, 0.7469655281865365, 0.6755568064749966, 1.0, 0.5532136440138307, 1.0, 0.4536911179244788, 0.27344240248645174, 0.902887748772268, 0.8494781978987964, 0.5418035126585234, 0.8502961496218351, 1.0, 0.510980970646246, 0.7522712571363831, 1.0, 0.4470581748828688, 0.21168485254147001, 0.6544375845878311, 0.9491673847910091, 0.2974610638433307, 0.5959813808622627, 1.0, 1.0, 0.14224981392389122, 0.7422623816391947, 1.0, 0.7537105251378287, 0.3079510025390523, 0.6667025191594153, 0.19348034809444703, 0.5242857383161393, 0.5728601768024036, 0.6094129773172783, 0.5243381867290794, 0.8261757460125112, 0.6958728927330549, 0.6690621521176641, 0.6753600779398393, 0.6086737860987872, 0.34250352719068494, 0.3947861840279352, 0.9240696927240928, 0.5448274718875495, 0.8145082176095655, 1.0, 0.2933192603414, 0.526797617187952, 0.7331698335612487, 0.44360817013691556, 0.902700490932961, 0.5865265109839976, 0.21170458518859758, 0.4638247163063489, 0.29157092899041875, 0.6402613686356414, 0.773553137645282, 0.15189466770624754, 0.48624193424630757, 0.4970818198712149, 0.5636465025036174, 1.0, 0.3544908721645896, 0.6577359353975811, 0.7860594922037922, 0.45241016540792056, 0.8991129363138861, 0.561267769761279, 0.5441070669348561, 0.7630843269921601, 0.4935394423555667, 1.0, 0.45508310949075587, 0.5279905343601452, 0.6051294155160957, 0.19035071477803323, 0.9396769988489013, 0.39687223536357985, 0.5707915119421392, 0.5999258842069288, 0.401706244308338, 0.5382841518266749, 0.7451384298635613, 0.855658309009629, 0.4885926413190037, 1.0, 0.5819798032395376, 0.6707350069254493, 0.6887796716807859, 0.8239255987386411, 0.7504004004704901, 0.33183567216420956, 0.7226252770810941, 0.6357741351064675, 1.0, 0.674524582150827, 0.8433766349070695, 0.6751705176140901, 0.8648103351245982, 0.6817010166027592, 0.4758229243802022, 0.6887796716807859, 1.0, 0.642842712474619, 0.8824709043482357, 0.8480747380382081, 0.06552572456572223, 0.22419155352810277, 0.4098492630404548, 0.56369994186322, 0.30462621654037875, 1.0, 0.8304054224244419, 1.0, 0.5691230775634993, 0.58189415539785, 0.25704272418535706, 0.5761697895341449, 0.4845182644937875, 0.46904473191093105, 1.0, 0.6030011940352838, 0.6642742735155721, 0.4455903592369812, 0.4373679024548403, 0.4528494378212512, 0.5537998353931795, 0.9105639359235915, 0.3508081453961951, 0.396838405481522, 0.9142445273649933, 0.6765950349550134, 0.6429397336493281, 0.636964721661222, 0.7170126220080686, 0.802713932743754, 0.3373940575497127, 0.27558314725722455, 0.4453710621987834, 0.7964886858900315, 0.7158229243802021, 0.4920742135995943, 1.0, 0.8576593989567298, 0.8391349155411201, 0.15997084006767517, 0.20866354767478065, 0.6717959186836191, 0.6748885220437988, 0.2379911542742785, 0.4118819918812901, 0.7737167429613258, 0.9141000841539659, 0.36016900549754294, 0.23669321919655517, 1.0, 0.7511200104643803, 0.8827895563342798, 0.9681572245559578, 0.7127774792622994, 0.9009268392001792, 0.7099467457252093, 0.5347428106038496, 0.2015372100944879, 1.0, 0.7604979526305213, 1.0, 0.6793788456922385, 1.0, 0.4339213351685698, 0.778785113836511, 0.10648766222679504, 0.8378634002940782, 0.32937678709245916, 0.11666737327895797, 0.848240135961412, 0.4903510788203176, 0.47711560659055585, 0.11582292438020222, 0.7517070403538422, 0.7545909332472028, 0.5822109370915456, 0.830168764298918, 0.8161547359011423, 0.10588235294117647, 0.7524925535264404, 0.4667127418271009, 1.0, 0.0, 0.7451974543165035, 0.7822324667766456, 0.7799696154227835, 1.0, 0.8276851859011425, 1.0, 0.512283842723568, 0.6866411249144649, 0.6868474083243508, 0.0, 0.7678525946438988, 0.7301961448188755, 0.3807256007926331, 0.5194637253863024, 0.38683567216420955, 0.8725356837831622, 0.41145898320123175, 0.634739134738433, 0.5488628862515236, 0.85, 0.4969617815012778, 1.0, 0.6259403648918203, 0.08152573352530099, 0.32641839065175154, 0.8387796716807858, 1.0, 0.7135428903906851, 0.944274958466798, 0.6730908208928771, 0.7538024285875055, 0.8083325080431145, 0.6119613551150405, 0.828213999891074, 0.6429507430290563, 0.3319572907937111, 0.0, 0.5261072559244404, 0.714297617187952, 0.5409375983505724, 0.7125108877355164, 0.30831848424488534, 0.6953602200025533, 0.5512749775560664, 0.1759424130312673, 0.36646352113921243, 0.5484186395207964, 0.9299711370778252, 0.9225934589608529, 0.4905278186463043, 0.5674364496822819, 0.6160391794642067, 0.465523972643262, 0.5662632448577098, 0.8176593989567298, 0.5969803377115616, 0.7170015046833873, 0.639674617514176, 1.0, 0.0, 0.5057622511461156, 0.5674961219905689, 0.23981808679604116, 0.5307707065593111, 0.7962632376061871, 0.008694754573109073, 0.557719307720078, 0.41807263856718657, 0.808221529667446, 0.7696296454239946, 0.34289299814414176, 0.7710658705890923, 0.45076591901650565, 0.5647785789898024, 0.36587342440580645, 0.34393366415687754, 0.2627166511815171, 0.9469728550743763, 0.32340833096900673, 0.602007580723576, 0.12, 0.9701564725523897, 0.7504004004704901, 0.0031323668437758896, 0.7431351738566481, 0.24548027084905316, 0.5027616393658039, 0.07719082257468701, 0.447298452667235, 0.6894253960277439, 0.5578607431385983, 1.0, 0.3508081453961951, 0.7285380935292984, 0.604739134738433, 0.2088017714661632, 0.7210658705890922, 1.0, 1.0, 0.7353746106262073, 0.4821379477582639, 0.32727041401362855, 0.8651650731090275, 0.8223873319410013, 0.4561469513015429, 0.1650567204976689, 0.7448443514503091, 0.3917384128764327, 0.10348801095303897, 1.0, 0.731117687292167, 0.3378393593932454, 0.6888665921341386, 1.0, 0.7165113845863448, 0.8403116829613333, 0.6398520412406209, 0.04535576197454044, 0.656047661202274, 0.47875874704124055, 0.6549780845589401, 0.801169789534145, 0.4339058460894847, 0.554739134738433, 0.9437985500759485, 0.3889379432495441, 0.05540387552681966, 0.030390470936082048, 0.4664355844276247, 0.8601527033303111, 0.8031160202429322, 0.5402233947178415, 0.6559327101364547, 0.5158931446683437, 0.729322874167972, 1.0, 0.6567389877523072, 0.7685784485578413, 0.654739134738433, 0.6476309505212854, 0.8700949501767885, 0.6439654153934541, 0.8362062829761001, 0.8348591893331347, 0.6120862230985752, 0.7477655797954694, 0.5528265488737891, 0.25311193401315524, 0.3502278939890302, 0.30085669140553134, 0.7882043605744248, 0.39478364465107074, 0.7498018405233149, 0.5616798194467534, 0.35624947398505524, 0.3652331461343674, 0.822378125936329, 0.7106391824574765, 1.0, 0.0857142857142857, 0.8954450935705085, 0.5045234828882075, 0.7420554014474346, 0.7518096986739549, 0.45473913473843297, 0.0584902383192229, 0.3955101101556474, 0.9024101654079206, 0.5523913421855372, 0.4062652820919249, 0.36905601805001587, 0.4616760548423344, 0.7340398687371076, 0.9495565333799167, 0.5181549779290909, 0.4323805997736636, 0.33120784899605216, 0.5486780060731714, 0.7224171275474598, 0.7223432613988079, 0.5958302540418435, 0.7253305249945152, 0.24493125157821233, 0.8502367699851867, 0.8592906179772744, 0.9891483218006352, 0.39675296426202156, 0.9039342742606371, 0.7115187153144993, 0.918115627804579, 0.4399117880830822, 0.8165273869902545, 0.24090702262082825, 0.8255980153481091, 0.45579909520741635, 0.3419180665937579, 0.537247623665976, 0.8857300536317345, 0.5744100321686132, 0.9039342742606371, 0.45759530908884194, 0.7629326815734496, 0.6222244648066615, 1.0, 1.0]
Finish training and take 40m
