Namespace(log_name='./RQ5/sstubs_16_3/codet5p_770m.log', model_name='Salesforce/codet5p-770m', lang='java', output_dir='RQ5/sstubs_16_3/codet5p_770m', data_dir='./data/RQ5/sstubs_16_3', choice=0, no_cuda=False, visible_gpu='0', num_train_epochs=10, num_test_epochs=1, train_batch_size=4, eval_batch_size=4, gradient_accumulation_steps=1, load_model_path=None, config_name='', tokenizer_name='', max_source_length=512, max_target_length=512, warm_up_ratio=0.1, do_train=True, do_eval=True, do_test=True, freeze=False, learning_rate=5e-05, beam_size=10, weight_decay=0.0, adam_epsilon=1e-08, local_rank=-1, seed=42, early_stop_threshold=3)
Process rank: -1, device: cuda, n_gpu: 1, distributed training: False
Model created!!
[[{'text': 'final int offset, final int count) {      checkIsInMultiOrPipeline();      client.zrangeByScoreWithScores(key, min, max, offset, count);     return getBinaryTupledSet();    }    @Override', 'loss_ids': 0, 'shortenable_ids': 1}, {'text': '<mask>', 'loss_ids': 1, 'shortenable_ids': 0}, {'text': 'is the fixed version', 'loss_ids': 0, 'shortenable_ids': 0}], {'guid': 0, 'tgt_text': 'final int offset, final int count) {      checkIsInMultiOrPipeline();      client.zrangeByScoreWithScores(key, min, max, offset, count);     return getTupledSet();    }    @Override'}]
***** Running training *****
  Num examples = 16
  Batch size = 4
  Num epoch = 10

***** Running evaluation *****
  Num examples = 100
  Batch size = 4
  epoch = 0
  eval_ppl = 1.9311512432805558e+253
  global_step = 5
  train_loss = 38.8814
  ********************
Previous best ppl:inf
Achieve Best ppl:1.9311512432805558e+253
  ********************
BLEU file: ./data/RQ5/sstubs_16_3/validation.jsonl
  codebleu-4 = 31.39 	 Previous best codebleu 0
  ********************
 Achieve Best bleu:31.39
  ********************

***** Running evaluation *****
  Num examples = 100
  Batch size = 4
  epoch = 1
  eval_ppl = 3.2685802689928317e+268
  global_step = 9
  train_loss = 13.9673
  ********************
Previous best ppl:1.9311512432805558e+253
BLEU file: ./data/RQ5/sstubs_16_3/validation.jsonl
  codebleu-4 = 88.21 	 Previous best codebleu 31.39
  ********************
 Achieve Best bleu:88.21
  ********************

***** Running evaluation *****
  Num examples = 100
  Batch size = 4
  epoch = 2
  eval_ppl = 3.013127868855221e+298
  global_step = 13
  train_loss = 4.5677
  ********************
Previous best ppl:1.9311512432805558e+253
BLEU file: ./data/RQ5/sstubs_16_3/validation.jsonl
  codebleu-4 = 89.9 	 Previous best codebleu 88.21
  ********************
 Achieve Best bleu:89.9
  ********************

***** Running evaluation *****
  Num examples = 100
  Batch size = 4
  epoch = 3
  eval_ppl = inf
  global_step = 17
  train_loss = 1.1833
  ********************
Previous best ppl:1.9311512432805558e+253
BLEU file: ./data/RQ5/sstubs_16_3/validation.jsonl
  codebleu-4 = 88.88 	 Previous best codebleu 89.9
  ********************

***** Running evaluation *****
  Num examples = 100
  Batch size = 4
  epoch = 4
  eval_ppl = inf
  global_step = 21
  train_loss = 0.4649
  ********************
Previous best ppl:1.9311512432805558e+253
BLEU file: ./data/RQ5/sstubs_16_3/validation.jsonl
  codebleu-4 = 89.42 	 Previous best codebleu 89.9
  ********************

***** Running evaluation *****
  Num examples = 100
  Batch size = 4
  epoch = 5
  eval_ppl = inf
  global_step = 25
  train_loss = 0.6124
  ********************
Previous best ppl:1.9311512432805558e+253
BLEU file: ./data/RQ5/sstubs_16_3/validation.jsonl
  codebleu-4 = 89.44 	 Previous best codebleu 89.9
  ********************
early stopping!!!
reload model from RQ5/sstubs_16_3/codet5p_770m/checkpoint-best-bleu
BLEU file: ./data/RQ5/sstubs_16_3/test.jsonl
  codebleu = 90.94 
  Total = 500 
  Exact Fixed = 115 
[8, 17, 19, 20, 26, 28, 30, 38, 39, 50, 53, 54, 58, 59, 73, 76, 80, 85, 91, 92, 99, 106, 110, 112, 116, 117, 120, 126, 130, 131, 138, 142, 147, 152, 153, 154, 155, 156, 157, 159, 160, 162, 166, 172, 176, 180, 188, 192, 193, 200, 210, 212, 213, 219, 223, 224, 232, 236, 241, 253, 265, 269, 278, 282, 283, 285, 288, 291, 292, 301, 303, 308, 313, 318, 321, 324, 330, 334, 337, 341, 342, 343, 350, 357, 362, 365, 367, 370, 377, 384, 386, 387, 388, 392, 393, 398, 404, 410, 413, 418, 425, 432, 440, 444, 449, 450, 460, 462, 465, 466, 468, 481, 486, 494, 496]
  Syntax Fixed = 1 
[261]
  Cleaned Fixed = 0 
[]
  ********************
  Total = 500 
  Exact Fixed = 115 
[8, 17, 19, 20, 26, 28, 30, 38, 39, 50, 53, 54, 58, 59, 73, 76, 80, 85, 91, 92, 99, 106, 110, 112, 116, 117, 120, 126, 130, 131, 138, 142, 147, 152, 153, 154, 155, 156, 157, 159, 160, 162, 166, 172, 176, 180, 188, 192, 193, 200, 210, 212, 213, 219, 223, 224, 232, 236, 241, 253, 265, 269, 278, 282, 283, 285, 288, 291, 292, 301, 303, 308, 313, 318, 321, 324, 330, 334, 337, 341, 342, 343, 350, 357, 362, 365, 367, 370, 377, 384, 386, 387, 388, 392, 393, 398, 404, 410, 413, 418, 425, 432, 440, 444, 449, 450, 460, 462, 465, 466, 468, 481, 486, 494, 496]
  Syntax Fixed = 1 
[261]
  Cleaned Fixed = 0 
[]
  codebleu = 90.94 
[0.9321212086381336, 0.9272945586059962, 0.9026775857310148, 0.890490591592302, 0.8973729342447698, 0.7016265496309229, 0.8895342368991435, 1.0, 0.534613777706259, 0.944274958466798, 0.860217207676798, 0.9289542494919141, 0.8665518607362566, 0.6766433148075119, 0.7356102848714182, 0.8632148025904984, 1.0, 0.9447883869073515, 1.0, 1.0, 0.6458629369756654, 0.8606751756510949, 0.6577095841418729, 0.9470228248649237, 0.9616102999368312, 1.0, 0.793992508705015, 1.0, 0.8892385063159653, 1.0, 0.881955507815954, 0.8853457989463581, 0.9019082921484527, 0.6066728134747775, 0.8642470965743208, 0.920283409368625, 0.9289542494919141, 1.0, 1.0, 0.8993078008170301, 0.8961079319106557, 0.8822308422137415, 0.8755319098520675, 0.8368293296348667, 0.9546221339246326, 0.9543920430664012, 0.936752055107628, 0.9012977329022187, 0.8807613352737074, 1.0, 0.9492836546885393, 0.9523104352365284, 1.0, 1.0, 0.850084905673596, 0.9610055919835154, 0.9289542494919141, 1.0, 1.0, 0.9830124435719327, 0.896575000916193, 0.9468351265733028, 0.8606751756510949, 0.9215126923513757, 0.5936296349615502, 0.9545187036711082, 0.9403743010640047, 0.7491375710149024, 0.8279398471307313, 0.8519482675734876, 0.5393423735220688, 0.8748733743967635, 1.0, 0.805438392944647, 0.9683839208477296, 1.0, 0.7859313812063606, 0.824945127625654, 0.5478974169489345, 1.0, 0.9108242908590016, 0.9312991012532417, 0.9441518237028776, 0.8676184836694505, 1.0, 0.966410184624177, 0.9207265089204273, 0.920283409368625, 0.920283409368625, 0.8892385063159653, 1.0, 1.0, 0.9680975247490764, 0.8309401076758502, 0.7791113694407932, 0.9289542494919141, 0.7764656730962519, 0.9830124435719327, 1.0, 0.944274958466798, 0.6044197531211635, 0.9658764876914778, 0.944274958466798, 0.9217146126934004, 0.8977573831682686, 1.0, 0.9019674110549458, 0.9493239030379825, 0.9406018863753673, 1.0, 0.8045262210759584, 1.0, 0.9026321368482364, 0.9098501992036327, 0.9215126923513757, 1.0, 1.0, 0.7569116179787079, 0.7987474775335555, 1.0, 0.8642470965743208, 0.9141000841539659, 0.9199861168443408, 0.8116616458799049, 0.9327938350960072, 1.0, 0.8313123185424158, 0.8519794527032583, 0.9044642401339957, 1.0, 1.0, 0.9318351265733027, 0.7794837671257082, 0.987026696724848, 0.966410184624177, 0.8691280718543619, 0.8732920633129446, 1.0, 0.9600553834135903, 0.9493239030379825, 0.9419766436010499, 1.0, 0.8986766170158926, 0.9330331470954285, 0.8016164190158708, 0.9562237378841005, 1.0, 0.860217207676798, 0.9058089637441036, 0.8145980101874506, 0.9567814728909636, 1.0, 1.0, 1.0, 1.0, 1.0, 1.0, 0.9725011474210121, 1.0, 1.0, 0.9238394500691973, 1.0, 0.9501570703145379, 0.9289542494919141, 0.9352133283258579, 1.0, 0.8947836446510709, 0.9514967635709539, 0.9008396714911473, 0.9449436332701645, 0.8337841808515074, 1.0, 0.8973729342447698, 0.8313412454774565, 0.8377253763997345, 1.0, 0.9120033353993269, 0.9523104352365284, 0.8667343878768172, 1.0, 0.9266829146927709, 0.8955980328281301, 0.9217146126934004, 0.9289542494919141, 0.9490051755223876, 0.7127539653523431, 0.7127539653523431, 1.0, 0.909624266823112, 0.775729444252817, 0.9321212086381336, 1.0, 1.0, 0.923740345071802, 0.7048566604633093, 0.9053599694294705, 0.9219188985107609, 0.9259520853518541, 0.9215126923513757, 1.0, 0.9056583090096291, 0.9217146126934004, 0.8859603830104037, 0.7799929854363867, 0.91856242159295, 0.8689975336408694, 0.9289542494919141, 0.8917317601325887, 0.8655056700329364, 1.0, 0.9710179814792579, 1.0, 1.0, 0.9725011474210121, 0.9258880001815186, 0.5850662816271308, 0.9830124435719327, 0.9104745446407605, 1.0, 0.3824883465811269, 0.9584627887351178, 0.8947836446510709, 1.0, 1.0, 0.8892385063159653, 0.6642742735155721, 0.9683839208477296, 0.7032349297460765, 0.9497338034253828, 0.8650773354100464, 0.9497338034253828, 1.0, 0.9830124435719327, 0.7808354890067706, 0.8439975336408694, 1.0, 0.7640621132561176, 0.9582523400106997, 0.7016265496309229, 0.9213419488952488, 1.0, 0.5398180867960412, 0.8782442857572564, 0.9689347101697146, 0.8665518607362566, 0.8519482675734876, 0.9600553834135903, 0.905983711345691, 0.9217146126934004, 0.9583676774082095, 0.8969876166404993, 0.8019177091158687, 1.0, 0.8655948908847075, 0.9289542494919141, 0.944274958466798, 0.8816015466501335, 0.9419766436010499, 0.966410184624177, 0.9600948805844232, 0.9002767007885455, 0.8382738479048725, 0.7854219053833142, 0.9456972075000312, 1.0, 0.8815929744551174, 0.8019305086180452, 0.9521775318277603, 1.0, 0.9053599694294705, 0.9141000841539659, 0.8397142137521943, 0.9044642401339957, 0.9217146126934004, 0.9160192719604185, 0.9665788286155268, 0.8887985956551486, 1.0, 0.8010388950736327, 0.9259881201117277, 0.966410184624177, 1.0, 1.0, 0.9143879239397519, 1.0, 0.936752055107628, 0.9061537357063023, 1.0, 0.9521775318277603, 0.8974634481857526, 1.0, 1.0, 0.9165239329369728, 0.9215126923513757, 0.9600553834135903, 0.9217146126934004, 0.9245037448286011, 0.820504416790904, 0.8351105594185777, 0.7016265496309229, 1.0, 0.9280229240855253, 1.0, 0.8116616458799049, 0.9449216567144265, 0.9259520853518541, 0.5850662816271308, 1.0, 0.9191518237028775, 0.7533050635111456, 0.9323598782946632, 0.8438988585762717, 1.0, 0.9620033353993269, 0.7003426274900688, 0.820504416790904, 0.804627845510314, 1.0, 0.8397142137521943, 0.9537546369958738, 1.0, 0.9565292378112795, 0.924762622326577, 1.0, 0.966410184624177, 0.9594214383213739, 0.9441518237028776, 0.9045508804845042, 0.9683839208477296, 1.0, 0.9427895563342799, 0.8886420415269245, 0.9693261143428569, 1.0, 0.8521105690558852, 0.8545856318465296, 1.0, 0.8730911354138612, 0.6542287408481736, 0.9217146126934004, 1.0, 1.0, 1.0, 0.9289542494919141, 0.8043093371590795, 0.9217146126934004, 0.7219330889783853, 0.9498733743967636, 0.6229661941006033, 1.0, 0.859279267136342, 0.9061219331660904, 0.8917028689549173, 0.8462187025051897, 0.9217146126934004, 0.9583676774082095, 1.0, 0.5288056133514245, 0.9192814728909637, 0.9289542494919141, 0.9498733743967636, 1.0, 0.9468351265733028, 0.9683839208477296, 1.0, 0.9217146126934004, 1.0, 0.9289542494919141, 0.9498733743967636, 1.0, 0.9472873156881443, 0.948939479110037, 0.9217146126934004, 0.9558104142545454, 0.9572615927227479, 0.9289542494919141, 1.0, 0.909624266823112, 0.9289542494919141, 0.9690470390182255, 0.8, 0.9026775857310148, 0.9289542494919141, 1.0, 0.9675420713984233, 1.0, 1.0, 1.0, 0.8945187036711082, 0.9568875967581427, 0.862347908057336, 1.0, 1.0, 0.9439664040171851, 0.8821296454239946, 0.9141000841539659, 0.9261420415269246, 1.0, 0.9427895563342799, 0.7452117874843764, 0.8531511596695294, 0.8554735104765454, 0.8171145713462071, 1.0, 0.966410184624177, 0.8846386294351021, 0.9217146126934004, 0.9537546369958738, 0.3075718112818751, 1.0, 0.797355414531276, 0.966410184624177, 1.0, 0.9546221339246326, 0.9090440252597953, 0.8016475764588658, 0.940387748772268, 1.0, 0.9107730833493335, 0.8892385063159653, 0.5288056133514245, 0.46340100334536233, 0.9746774581465578, 0.9289542494919141, 1.0, 0.9800683463319189, 0.936752055107628, 0.9514967635709539, 0.9107730833493335, 0.9498733743967636, 0.9217146126934004, 1.0, 0.9498733743967636, 0.7831318837364406, 0.9307091932148608, 0.8462187025051897, 0.940101844638672, 0.9165276486140073, 0.9498733743967636, 1.0, 0.9631318837364407, 0.920283409368625, 0.9493239030379825, 1.0, 0.9289542494919141, 0.909624266823112, 0.9185321610524646, 0.9437985500759485, 0.9532616077763247, 1.0, 0.9498733743967636, 0.966410184624177, 0.9673871209776717, 0.9443755095409017, 0.9468351265733028, 0.8816188827382445, 0.876923058378295, 0.9141000841539659, 0.9215126923513757, 1.0, 0.9407613352737074, 1.0, 0.6066728134747775, 0.936752055107628, 1.0, 1.0, 0.9537546369958738, 1.0, 0.9209465873089293, 0.9330331470954285, 0.9135936712235131, 0.8821296454239946, 0.9468351265733028, 0.9471695160234401, 0.9090440252597953, 0.9471695160234401, 0.9217146126934004, 0.7862337725499731, 0.9289542494919141, 0.9272945586059962, 1.0, 0.9005026293768383, 0.8822308422137415, 0.9289542494919141, 0.8029905260234462, 1.0, 0.8998848301604019, 0.895040008571081, 0.9289542494919141, 0.862205043851606, 0.9498733743967636, 0.9583676774082095, 0.8535087661549325, 1.0, 0.9213836287468253, 1.0, 0.9689347101697146, 0.852565642646234, 0.8821296454239946, 0.9404330472606062]
Finish training and take 27m
