Namespace(log_name='./RQ5/sstubs_16_3/codet5p_220m_f.log', model_name='Salesforce/codet5p-220m', lang='java', output_dir='RQ5/sstubs_16_3/codet5p_220m_f', data_dir='./data/RQ5/sstubs_16_3', no_cuda=False, visible_gpu='0', add_task_prefix=False, add_lang_ids=False, num_train_epochs=10, num_test_epochs=10, train_batch_size=8, eval_batch_size=4, gradient_accumulation_steps=2, load_model_path=None, config_name='', tokenizer_name='', max_source_length=512, max_target_length=512, warm_up_ratio=0.1, do_train=True, do_eval=True, do_test=True, do_lower_case=False, learning_rate=5e-05, beam_size=10, weight_decay=0.0, adam_epsilon=1e-08, max_grad_norm=1.0, max_steps=-1, eval_steps=-1, train_steps=-1, local_rank=-1, seed=42, early_stop_threshold=3)
Process rank: -1, device: cuda, n_gpu: 1, distributed training: False, model_name: Salesforce/codet5p-220m
model created!
Total 16 training instances 
***** Running training *****
  Num examples = 16
  Batch size = 8
  Num epoch = 10

***** Running evaluation *****
  Num examples = 100
  Batch size = 4
  epoch = 0
  eval_ppl = 1.00255
  global_step = 3
  train_loss = 0.9531
  ********************
Previous best ppl:inf
Achieve Best ppl:1.00255
  ********************
BLEU file: ./data/RQ5/sstubs_16_3/validation.jsonl
  codebleu-4 = 9.84 	 Previous best codebleu 0
  ********************
 Achieve Best bleu:9.84
  ********************

***** Running evaluation *****
  Num examples = 100
  Batch size = 4
  epoch = 1
  eval_ppl = 1.00156
  global_step = 5
  train_loss = 0.6511
  ********************
Previous best ppl:1.00255
Achieve Best ppl:1.00156
  ********************
BLEU file: ./data/RQ5/sstubs_16_3/validation.jsonl
  codebleu-4 = 28.53 	 Previous best codebleu 9.84
  ********************
 Achieve Best bleu:28.53
  ********************

***** Running evaluation *****
  Num examples = 100
  Batch size = 4
  epoch = 2
  eval_ppl = 1.00116
  global_step = 7
  train_loss = 0.2991
  ********************
Previous best ppl:1.00156
Achieve Best ppl:1.00116
  ********************
BLEU file: ./data/RQ5/sstubs_16_3/validation.jsonl
  codebleu-4 = 51.95 	 Previous best codebleu 28.53
  ********************
 Achieve Best bleu:51.95
  ********************

***** Running evaluation *****
  Num examples = 100
  Batch size = 4
  epoch = 3
  eval_ppl = 1.00102
  global_step = 9
  train_loss = 0.1849
  ********************
Previous best ppl:1.00116
Achieve Best ppl:1.00102
  ********************
BLEU file: ./data/RQ5/sstubs_16_3/validation.jsonl
  codebleu-4 = 85.33 	 Previous best codebleu 51.95
  ********************
 Achieve Best bleu:85.33
  ********************

***** Running evaluation *****
  Num examples = 100
  Batch size = 4
  epoch = 4
  eval_ppl = 1.00101
  global_step = 11
  train_loss = 0.146
  ********************
Previous best ppl:1.00102
Achieve Best ppl:1.00101
  ********************
BLEU file: ./data/RQ5/sstubs_16_3/validation.jsonl
  codebleu-4 = 86.33 	 Previous best codebleu 85.33
  ********************
 Achieve Best bleu:86.33
  ********************

***** Running evaluation *****
  Num examples = 100
  Batch size = 4
  epoch = 5
  eval_ppl = 1.00093
  global_step = 13
  train_loss = 0.1176
  ********************
Previous best ppl:1.00101
Achieve Best ppl:1.00093
  ********************
BLEU file: ./data/RQ5/sstubs_16_3/validation.jsonl
  codebleu-4 = 88.14 	 Previous best codebleu 86.33
  ********************
 Achieve Best bleu:88.14
  ********************

***** Running evaluation *****
  Num examples = 100
  Batch size = 4
  epoch = 6
  eval_ppl = 1.00088
  global_step = 15
  train_loss = 0.0831
  ********************
Previous best ppl:1.00093
Achieve Best ppl:1.00088
  ********************
BLEU file: ./data/RQ5/sstubs_16_3/validation.jsonl
  codebleu-4 = 88.94 	 Previous best codebleu 88.14
  ********************
 Achieve Best bleu:88.94
  ********************

***** Running evaluation *****
  Num examples = 100
  Batch size = 4
  epoch = 7
  eval_ppl = 1.00087
  global_step = 17
  train_loss = 0.0666
  ********************
Previous best ppl:1.00088
Achieve Best ppl:1.00087
  ********************
BLEU file: ./data/RQ5/sstubs_16_3/validation.jsonl
  codebleu-4 = 88.35 	 Previous best codebleu 88.94
  ********************

***** Running evaluation *****
  Num examples = 100
  Batch size = 4
  epoch = 8
  eval_ppl = 1.00086
  global_step = 19
  train_loss = 0.0548
  ********************
Previous best ppl:1.00087
Achieve Best ppl:1.00086
  ********************
BLEU file: ./data/RQ5/sstubs_16_3/validation.jsonl
  codebleu-4 = 88.17 	 Previous best codebleu 88.94
  ********************

***** Running evaluation *****
  Num examples = 100
  Batch size = 4
  epoch = 9
  eval_ppl = 1.00086
  global_step = 21
  train_loss = 0.0599
  ********************
Previous best ppl:1.00086
Achieve Best ppl:1.00086
  ********************
BLEU file: ./data/RQ5/sstubs_16_3/validation.jsonl
  codebleu-4 = 88.17 	 Previous best codebleu 88.94
  ********************
reload model from RQ5/sstubs_16_3/codet5p_220m_f/checkpoint-best-bleu
BLEU file: ./data/RQ5/sstubs_16_3/test.jsonl
  codebleu = 89.92 
  Total = 500 
  Exact Fixed = 89 
[8, 17, 20, 26, 28, 38, 39, 50, 53, 54, 59, 76, 80, 91, 106, 110, 112, 120, 130, 138, 142, 147, 152, 153, 155, 156, 157, 159, 160, 162, 166, 172, 176, 180, 188, 192, 193, 200, 210, 213, 219, 223, 224, 232, 236, 253, 265, 269, 278, 282, 285, 291, 301, 313, 318, 321, 330, 334, 337, 341, 342, 343, 350, 357, 362, 370, 377, 384, 386, 387, 388, 392, 393, 398, 404, 410, 425, 432, 440, 444, 450, 460, 462, 465, 466, 468, 481, 486, 496]
  Syntax Fixed = 0 
[]
  Cleaned Fixed = 1 
[390]
  ********************
  Total = 500 
  Exact Fixed = 89 
[8, 17, 20, 26, 28, 38, 39, 50, 53, 54, 59, 76, 80, 91, 106, 110, 112, 120, 130, 138, 142, 147, 152, 153, 155, 156, 157, 159, 160, 162, 166, 172, 176, 180, 188, 192, 193, 200, 210, 213, 219, 223, 224, 232, 236, 253, 265, 269, 278, 282, 285, 291, 301, 313, 318, 321, 330, 334, 337, 341, 342, 343, 350, 357, 362, 370, 377, 384, 386, 387, 388, 392, 393, 398, 404, 410, 425, 432, 440, 444, 450, 460, 462, 465, 466, 468, 481, 486, 496]
  Syntax Fixed = 0 
[]
  Cleaned Fixed = 1 
[390]
  codebleu = 89.92 
[0.9321212086381336, 0.7943731881950649, 0.9493239030379825, 0.9495565333799167, 0.9097764756119819, 0.6488378866864628, 0.9211131842675646, 1.0, 0.4322001591607561, 0.8794523471155808, 0.22557650573686017, 0.9289542494919141, 0.8665518607362566, 0.6766433148075119, 0.7933524811232104, 0.7140537340553024, 1.0, 0.9447883869073515, 0.9225510753875747, 1.0, 0.7108260466284402, 0.8606751756510949, 0.6577095841418729, 0.9470228248649237, 0.9616102999368312, 1.0, 0.8400553834135902, 1.0, 0.8892385063159653, 0.9514967635709539, 0.881955507815954, 0.8853457989463581, 0.9019082921484527, 0.2610353309724641, 0.8642470965743208, 0.920283409368625, 0.9289542494919141, 1.0, 1.0, 0.3615519828897176, 0.8961079319106557, 0.9495565333799167, 0.9517918920357142, 0.8368293296348667, 0.9409857702882689, 0.9543920430664012, 0.936752055107628, 0.9012977329022187, 0.8807613352737074, 1.0, 0.9492836546885393, 0.9523104352365284, 1.0, 1.0, 0.850084905673596, 0.9610055919835154, 0.9289542494919141, 0.8999789643332932, 1.0, 0.9477454832552463, 0.8465750009161932, 0.9468351265733028, 0.8606751756510949, 0.9215126923513757, 0.6919044591507169, 0.9545187036711082, 0.9260485387213218, 0.3419471370596441, 0.9325815531825292, 0.8910871854638854, 0.5629202997632147, 0.8748733743967635, 0.9517008915274616, 0.805438392944647, 0.9683839208477296, 1.0, 0.7767248520391659, 0.8704544662650214, 0.7130825083995453, 1.0, 0.9108242908590016, 0.9312991012532417, 0.9441518237028776, 0.8676184836694505, 0.8619179987828729, 0.966410184624177, 0.9207265089204273, 0.920283409368625, 0.920283409368625, 0.8892385063159653, 1.0, 0.9317899201148767, 0.9680975247490764, 0.8309401076758502, 0.8255195881312929, 0.9289542494919141, 0.9637364956234171, 0.9477454832552463, 0.9238877689380496, 0.8794523471155808, 0.9207265089204273, 0.9558104142545454, 0.944274958466798, 0.9217146126934004, 0.5700804721057439, 1.0, 0.9026775857310148, 0.8247901310766182, 0.8134658863594189, 1.0, 0.9629467492522685, 1.0, 0.9026321368482364, 0.8403435402873412, 0.9215126923513757, 0.9517008915274616, 0.9323598782946632, 0.7921847896359453, 0.9422672588258918, 1.0, 0.8642470965743208, 0.783592190978669, 0.9499861168443409, 0.8446183457471304, 0.9327938350960072, 0.9548905452619663, 0.8313123185424158, 0.9118239030379824, 0.9044642401339957, 1.0, 0.9517008915274616, 0.9318351265733027, 0.8147166794810943, 0.987026696724848, 0.966410184624177, 0.9145980101874507, 0.7134977431044227, 1.0, 0.9600553834135903, 0.9493239030379825, 0.971284912875797, 1.0, 0.6584589538541737, 0.7512001074696597, 0.8016164190158708, 0.9562237378841005, 1.0, 0.22557650573686017, 0.9058089637441036, 0.8145980101874506, 0.9567814728909636, 1.0, 1.0, 0.9317899201148767, 1.0, 1.0, 1.0, 0.9725011474210121, 1.0, 1.0, 0.9238394500691973, 1.0, 0.7873046723132296, 0.9289542494919141, 0.9352133283258579, 1.0, 0.8947836446510709, 0.9514967635709539, 0.956711228908929, 0.9449436332701645, 0.8337841808515074, 1.0, 0.9097764756119819, 0.9170576952964131, 0.8377253763997345, 1.0, 0.9120033353993269, 0.9523104352365284, 0.8187504892330741, 1.0, 0.7657041380892741, 0.8955980328281301, 0.9217146126934004, 0.9289542494919141, 0.9490051755223876, 0.7367041985982121, 0.7367041985982121, 1.0, 0.909624266823112, 0.772496321151799, 0.9321212086381336, 1.0, 1.0, 0.9354021130737269, 0.891318859382493, 0.8693814409814145, 0.9077668318893848, 0.9259520853518541, 0.9215126923513757, 1.0, 0.9056583090096291, 0.9217146126934004, 0.9106965620392573, 0.8064626894135283, 0.9259424422574842, 0.8365954173448955, 0.9289542494919141, 0.8917317601325887, 0.8565989766063478, 1.0, 0.330751938648939, 0.8642470965743208, 1.0, 0.9725011474210121, 0.9655267507815484, 0.49387098229972204, 0.9477454832552463, 0.9104745446407605, 1.0, 0.892387748772268, 0.9584627887351178, 0.8947836446510709, 1.0, 1.0, 0.8892385063159653, 0.6642742735155721, 0.9683839208477296, 0.6881309740726359, 0.9497338034253828, 0.8933633833099063, 0.9497338034253828, 1.0, 0.9477454832552463, 0.8317663828924111, 0.8439975336408694, 1.0, 0.901672684198352, 0.9582523400106997, 0.7016265496309229, 0.9675420713984233, 0.9517008915274616, 0.6698605543741591, 0.9490051755223876, 0.9689347101697146, 0.8839519845504367, 0.8910871854638854, 0.9186708090070235, 0.8089262892827052, 0.9217146126934004, 0.9583676774082095, 0.9525078218537795, 0.9437985500759485, 1.0, 0.7431351233877963, 0.9289542494919141, 0.944274958466798, 0.7254782912893822, 0.971284912875797, 0.966410184624177, 0.8035280454131442, 0.9397417567158937, 0.8540633215890829, 0.8557768311681513, 0.8205693315233287, 1.0, 0.9104979088289846, 0.8397142137521943, 0.9521775318277603, 1.0, 0.8693814409814145, 0.9141000841539659, 0.8397142137521943, 0.7968785503722415, 0.9217146126934004, 0.9524183912964097, 0.9665788286155268, 0.8673959365127916, 1.0, 0.8176481879727397, 0.8818900512120234, 0.966410184624177, 1.0, 0.9548905452619663, 0.9143879239397519, 1.0, 0.936752055107628, 0.9020351202344843, 0.8394397942598091, 0.9521775318277603, 0.6732198699103767, 1.0, 0.936752055107628, 0.9075410696609567, 0.9215126923513757, 0.9600553834135903, 0.9217146126934004, 0.647978989219501, 0.9493239030379825, 0.8791028584168332, 0.7016265496309229, 1.0, 0.9544887439837764, 0.9225510753875747, 0.8446183457471304, 0.8795872818389039, 0.9259520853518541, 0.49387098229972204, 0.9612141455329344, 0.9441518237028776, 0.7533050635111456, 0.8286476425946498, 0.9576902216791403, 1.0, 0.9620033353993269, 0.7663187022564415, 0.9493239030379825, 0.831256097916082, 1.0, 0.8397142137521943, 0.9537546369958738, 1.0, 0.9565292378112795, 0.8039368889915564, 0.9517918920357142, 0.966410184624177, 0.3683508638118963, 0.9441518237028776, 0.5585843949868845, 0.9683839208477296, 1.0, 0.894847811871958, 0.8886420415269245, 0.8522909397202658, 1.0, 0.8521105690558852, 0.8470856318465295, 1.0, 0.8730911354138612, 0.8823299486338361, 0.9217146126934004, 1.0, 1.0, 1.0, 0.9289542494919141, 0.9325400085710811, 0.9217146126934004, 0.8821296454239946, 0.9498733743967636, 0.6229661941006033, 1.0, 0.859279267136342, 0.9565292378112795, 0.9076642269253836, 0.9493239030379825, 0.9217146126934004, 0.9583676774082095, 1.0, 0.9724013607471398, 0.9192814728909637, 0.9289542494919141, 0.8950060624143692, 1.0, 0.9318351265733027, 0.9683839208477296, 0.9517008915274616, 0.9217146126934004, 0.9576902216791403, 0.9289542494919141, 0.8950060624143692, 1.0, 0.9472873156881443, 0.948939479110037, 0.9217146126934004, 0.9558104142545454, 0.9572615927227479, 0.9289542494919141, 1.0, 0.909624266823112, 0.9289542494919141, 0.9690470390182255, 0.6977867800935412, 0.9493239030379825, 0.9289542494919141, 1.0, 0.8285954077614559, 1.0, 1.0, 1.0, 0.8945187036711082, 0.9355330183287001, 0.862347908057336, 1.0, 1.0, 0.9439664040171851, 0.86944691495958, 0.783592190978669, 0.9261420415269246, 1.0, 0.7960627914201135, 0.6345464902430957, 0.8531511596695294, 0.9540286538025624, 0.8768874158387014, 1.0, 0.966410184624177, 0.8846386294351021, 0.9217146126934004, 0.9537546369958738, 0.9497338034253828, 1.0, 0.7826994231407867, 0.966410184624177, 0.9514967635709539, 0.9546221339246326, 0.9090440252597953, 0.7636217262960958, 0.940387748772268, 0.8394397942598091, 0.9107730833493335, 0.8892385063159653, 0.9724013607471398, 0.9052050509144789, 0.9746774581465578, 0.9289542494919141, 1.0, 0.9327770051904962, 0.936752055107628, 0.9514967635709539, 0.9107730833493335, 0.8950060624143692, 0.9217146126934004, 1.0, 0.8950060624143692, 0.7831318837364406, 0.9307091932148608, 0.9493239030379825, 0.940101844638672, 0.9365276486140073, 0.8950060624143692, 1.0, 0.9631318837364407, 0.920283409368625, 0.9493239030379825, 1.0, 0.9289542494919141, 0.909624266823112, 0.9185321610524646, 0.9437985500759485, 0.9616102999368312, 1.0, 0.8950060624143692, 0.966410184624177, 0.9673871209776717, 0.9443755095409017, 0.9468351265733028, 0.8796042652757357, 0.876923058378295, 0.9141000841539659, 0.9215126923513757, 1.0, 0.9407613352737074, 1.0, 0.2610353309724641, 0.936752055107628, 1.0, 1.0, 0.9537546369958738, 1.0, 0.8976874475010015, 0.7118413285949171, 0.94236547382835, 0.7728490312188327, 0.9468351265733028, 0.9471695160234401, 0.9090440252597953, 0.9471695160234401, 0.9217146126934004, 0.8668236269237182, 0.9289542494919141, 0.9272945586059962, 1.0, 0.9565292378112795, 0.9495565333799167, 0.9289542494919141, 0.9159922038191723, 1.0, 0.38222031297028775, 0.8533420267585983, 0.9289542494919141, 0.9546221339246326, 0.8950060624143692, 0.9583676774082095, 0.8535087661549325, 0.9685667308405901, 0.8942369340329654, 1.0, 0.9689347101697146, 0.852565642646234, 0.86944691495958, 0.8714216654694908]
Finish training and take 51m
