Namespace(log_name='./RQ5/xcodeeval_16_2/codet5p_770m.log', model_name='Salesforce/codet5p-770m', lang='c', output_dir='RQ5/xcodeeval_16_2/codet5p_770m', data_dir='./data/RQ5/xcodeeval_16_2', choice=0, no_cuda=False, visible_gpu='0', num_train_epochs=10, num_test_epochs=1, train_batch_size=4, eval_batch_size=4, gradient_accumulation_steps=1, load_model_path=None, config_name='', tokenizer_name='', max_source_length=512, max_target_length=512, warm_up_ratio=0.1, do_train=True, do_eval=True, do_test=True, freeze=False, learning_rate=5e-05, beam_size=10, weight_decay=0.0, adam_epsilon=1e-08, local_rank=-1, seed=42, early_stop_threshold=3)
Process rank: -1, device: cuda, n_gpu: 1, distributed training: False
Model created!!
[[{'text': '#include <stdio.h> //#include <bits/stdc++.h>  void func(int c[100],int d[100],int m) {     int x,y,i,j;     for(i=0;i<m-1;i++)     {         for(j=m-2;j>=i;j--)         {             if(c[j]>c[j+1])             {                 x=c[j];y=d[j];                 c[j]=c[j+1];d[j]=d[j+1];                 c[j+1]=x;d[j+1]=y;             }         }     } } int main(void)  {   int t,n,k,i,j,l;  scanf("%d",&t);  for(i=0;i<t;i++)  {      scanf("%d%d",&n,&k);      int a[100]={0},b[100]={0};      for(j=0;j<n;j++)      {          scanf("%d",&a[j]);      }      //printf("%d %d %d %d %d\\n",a[1],a[2],a[3],a[4],a[5]);      for(j=0;j<n;j++)      {          scanf("%d",&b[j]);      }      func(a,b,n);      printf("%d %d %d %d %d\\n",a[0],a[1],a[2],a[3],a[4]);      for(j=0;j<n;j++)      {          //printf("%d ",a[j]);          if(k>=a[j]){k+=b[j];}          else{printf("%d\\n",k);break;}          if(j==n-1){printf("%d\\n",k);break;}      }  } }', 'loss_ids': 0, 'shortenable_ids': 1}, {'text': '<mask>', 'loss_ids': 1, 'shortenable_ids': 0}, {'text': 'is the fixed version', 'loss_ids': 0, 'shortenable_ids': 0}], {'guid': 0, 'tgt_text': '#include <stdio.h> //#include <bits/stdc++.h>  void func(int c[100],int d[100],int m) {     int x,y,i,j;     for(i=0;i<m-1;i++)     {         for(j=m-2;j>=i;j--)         {             if(c[j]>c[j+1])             {                 x=c[j];y=d[j];                 c[j]=c[j+1];d[j]=d[j+1];                 c[j+1]=x;d[j+1]=y;             }         }     } } int main(void)  {   int t,n,k,i,j,l;  scanf("%d",&t);  for(i=0;i<t;i++)  {      scanf("%d%d",&n,&k);      int a[100]={0},b[100]={0};      for(j=0;j<n;j++)      {          scanf("%d",&a[j]);      }      //printf("%d %d %d %d %d\\n",a[1],a[2],a[3],a[4],a[5]);      for(j=0;j<n;j++)      {          scanf("%d",&b[j]);      }      func(a,b,n);      //printf("%d %d %d %d %d\\n",a[0],a[1],a[2],a[3],a[4]);      for(j=0;j<n;j++)      {          //printf("%d ",a[j]);          if(k>=a[j]){k+=b[j];}          else{printf("%d\\n",k);break;}          if(j==n-1){printf("%d\\n",k);break;}      }  } }'}]
***** Running training *****
  Num examples = 16
  Batch size = 4
  Num epoch = 10

***** Running evaluation *****
  Num examples = 100
  Batch size = 4
  epoch = 0
  eval_ppl = 3.6102578132337574e+225
  global_step = 5
  train_loss = 93.1469
  ********************
Previous best ppl:inf
Achieve Best ppl:3.6102578132337574e+225
  ********************
BLEU file: ./data/RQ5/xcodeeval_16_2/validation.jsonl
  codebleu-4 = 76.17 	 Previous best codebleu 0
  ********************
 Achieve Best bleu:76.17
  ********************

***** Running evaluation *****
  Num examples = 100
  Batch size = 4
  epoch = 1
  eval_ppl = 1.0613726138943866e+278
  global_step = 9
  train_loss = 59.9485
  ********************
Previous best ppl:3.6102578132337574e+225
BLEU file: ./data/RQ5/xcodeeval_16_2/validation.jsonl
  codebleu-4 = 75.87 	 Previous best codebleu 76.17
  ********************

***** Running evaluation *****
  Num examples = 100
  Batch size = 4
  epoch = 2
  eval_ppl = 1.0423666873586797e+295
  global_step = 13
  train_loss = 39.0485
  ********************
Previous best ppl:3.6102578132337574e+225
BLEU file: ./data/RQ5/xcodeeval_16_2/validation.jsonl
  codebleu-4 = 73.56 	 Previous best codebleu 76.17
  ********************

***** Running evaluation *****
  Num examples = 100
  Batch size = 4
  epoch = 3
  eval_ppl = 2.8698241985964805e+300
  global_step = 17
  train_loss = 25.283
  ********************
Previous best ppl:3.6102578132337574e+225
BLEU file: ./data/RQ5/xcodeeval_16_2/validation.jsonl
  codebleu-4 = 74.17 	 Previous best codebleu 76.17
  ********************
early stopping!!!
reload model from RQ5/xcodeeval_16_2/codet5p_770m/checkpoint-best-bleu
BLEU file: ./data/RQ5/xcodeeval_16_2/test.jsonl
  codebleu = 72.58 
  Total = 500 
  Exact Fixed = 1 
[73]
  Syntax Fixed = 1 
[122]
  Cleaned Fixed = 2 
[254, 355]
  ********************
  Total = 500 
  Exact Fixed = 1 
[73]
  Syntax Fixed = 1 
[122]
  Cleaned Fixed = 2 
[254, 355]
  codebleu = 72.58 
[0.8807691318538904, 0.9895907412940455, 0.27527161927952687, 0.8285503011428544, 0.5240259477923144, 0.21679053483574018, 0.49007773220454587, 0.07165223697844572, 0.5722965788545334, 0.6717364058179986, 0.9486021234366251, 0.982653611198544, 0.7050736143053937, 0.1750992279298951, 0.8808375937505108, 0.4360622531177153, 0.5313357348360503, 0.9785699270907009, 0.7996636861006762, 0.4120795612029539, 0.8757845494319172, 0.5190852212337861, 0.959945180208001, 0.3146654568062952, 0.8596055360028632, 0.46678356460890147, 0.5452287811589471, 0.901175714210833, 0.9194633420202082, 0.22880730121669185, 0.7460250732072086, 0.8189939955289076, 0.8748336476451133, 0.9208287968676367, 0.5393913750037733, 0.8059663450023036, 0.6527764179246671, 0.9426787386209374, 0.9847813251545576, 0.6214028319131882, 0.38055604522674474, 0.9802578447391919, 0.9321918895830998, 0.21659623863784408, 0.806490922254441, 0.9386210590467857, 0.8574290303367051, 0.7113199842059187, 0.6194178615287717, 0.8803828210815028, 0.42728670898141874, 0.9193292374349928, 0.790108255342182, 0.0, 0.8705702138654792, 0.9247535154657887, 0.8675700280536951, 0.8931834746717269, 0.9771748654592214, 0.6449181547930165, 0.2303185537580507, 0.3321670864049434, 0.9197433482214212, 0.663952114335559, 0.8927899452472845, 0.9299687695441708, 0.7924048855268875, 0.5338617744031935, 0.8995377367121644, 0.20429331224367825, 0.7891640501335677, 0.2690529321329123, 0.9674900184215338, 0.9260592284294524, 0.8326586235297744, 0.586404697829096, 0.2685399447403521, 0.9737915388152598, 0.9321212086381336, 0.3895038116127578, 0.6866407148315193, 0.9379551891165208, 0.6954887914307794, 0.8441882987189739, 0.2817672257345978, 0.39017622745904734, 0.8014139035130625, 0.8085386086430999, 0.43890738161489035, 0.39806555763771617, 0.9352829048891074, 0.8305048279578491, 0.8478581877921867, 0.5994793319947918, 0.6326608997800717, 0.9486052495001633, 0.9348200839674985, 0.36720723099234137, 0.5505450693049353, 0.8332321631831101, 0.9060561003826615, 0.948343184028229, 0.450837330285235, 0.7763592102744433, 0.9857368328793006, 0.929608977441901, 0.8365809500852361, 0.4810010686280327, 0.9430889397206723, 0.9194883538624099, 0.6249954610889428, 0.6181106606584272, 0.6341370749042499, 0.6566376813197878, 0.6817132254112156, 0.7878254197043979, 0.6678107811875859, 0.9362801340504037, 0.4195809997601375, 0.854906905704294, 0.9027144378842089, 0.7971886413768894, 0.8257815238937638, 0.8744345587385776, 0.78946048013366, 0.6359084461047401, 0.6690731553562745, 0.43419770508491723, 0.4657333819352129, 0.8443840073818547, 0.3560328527895647, 0.6096590342443714, 0.3110090555266167, 0.956301548538977, 0.9617303176335186, 0.27233438676767885, 0.9368026696042517, 0.553376063289682, 0.965511575622183, 0.7920617845792342, 0.9242338290598, 0.8741647989058143, 0.9251375134812259, 0.9745780518930731, 0.928943235004591, 0.8120229040501006, 0.4982318233525185, 0.5688528764899601, 0.9521775318277603, 0.965853695227304, 0.975255869034251, 0.8320476098374262, 0.9813483172696138, 0.9483831980682167, 0.8948670458495385, 0.39167523377685554, 0.7202507328873297, 0.5488586128738006, 0.7091570039785193, 0.7038798798908521, 0.14416315509056196, 0.6777438912696802, 0.962102708701077, 0.9121866600841926, 0.8049804749930831, 0.46124203184813023, 0.6246113794477428, 0.8392067093595759, 0.968639364262265, 0.8297713512550178, 0.6258706049241418, 0.7833624454787003, 0.8975978993714945, 0.8888337586053152, 0.7280873261576656, 0.8199251872608782, 0.8300820971250142, 0.816022738840624, 0.30799772846225093, 0.9410067825194739, 0.5399191018302276, 0.5661706174767057, 0.25613546330440956, 0.7426039882832349, 0.8694952470533828, 0.6867415067356185, 0.32301796222457846, 0.9221737768443459, 0.8658945472295025, 0.49086107377017946, 0.59613181707828, 0.9042336672743876, 0.7167958853235616, 0.5866640357968006, 0.5946982102419093, 0.18896097644293433, 0.849431210776371, 0.9159958844184792, 0.7109236301536477, 0.9642836546885394, 0.14815081868086727, 0.9508336769881993, 0.9441311059579389, 0.15141287284144425, 0.9617458190493637, 0.39013478691113623, 0.6684903987689361, 0.9447313137718458, 0.5161775979994763, 0.9087123429574342, 0.9253109087939462, 0.9701007019297219, 0.8124892826539233, 0.953707845659838, 0.8090043314450341, 0.2684670634754587, 0.9520611043918519, 0.7669752623463025, 0.10870280447331308, 0.19832929234074576, 0.8055864673667326, 0.9232676218444071, 0.9158325445121405, 0.5282409716007119, 0.3330584663396393, 0.4822120322474115, 0.9280096433880707, 0.8942668643714475, 0.9232567135322138, 0.6151935359956692, 0.6234595852577036, 0.6655657853099225, 0.34607965045681727, 0.8861568600710625, 0.5085215178080368, 0.05035893957201435, 0.7803741792559828, 0.7826741503670085, 0.9390279846937017, 0.540369483103881, 0.8695075881277006, 0.7901580927216791, 0.9861254102280717, 0.24979512120906117, 0.947573383205105, 0.9013388166447551, 0.6351531795376738, 0.8629475411168632, 0.9377858074101935, 0.9495937875206693, 0.8600368923445276, 0.9604527042523284, 0.723034495989247, 0.943907690508595, 0.943666571833899, 0.6014294709438306, 0.7562791074610632, 0.6925089239205982, 0.2412059707864596, 0.8914983512938768, 0.19752609894716355, 0.7498276766074066, 0.9284243634590652, 0.695713048670164, 0.9562005086759873, 0.9194002010009434, 0.26289253457845224, 0.9256663953513127, 0.6948297218222098, 0.6304354583069092, 0.9692036989337549, 0.6365891247781525, 0.911281561187657, 0.9617839620555828, 0.9166658584334972, 0.9531844084589156, 0.7481412556512403, 0.9498690706862425, 0.8277424644338935, 0.7727874085673474, 0.0968369622508172, 0.7542148132362146, 0.9773514349376944, 0.8434094165290678, 0.7416781597721337, 0.7807079788494218, 0.8988279604599121, 0.8783177650935652, 0.9758763186213713, 0.31750633481262835, 0.9407613352737074, 0.7232043610871355, 0.7493577391671854, 0.5076730012609921, 0.8986557290877399, 0.8207174296242723, 0.46158825189644004, 0.9840970086239778, 0.9049996265971042, 0.9147509231273736, 0.5075905017189635, 0.849729607166194, 0.6500512836634885, 0.9732456940628658, 0.9468921279589864, 0.4568883714546503, 0.961309010760973, 0.9470279890319612, 0.8857658481998287, 0.19077672396674258, 0.7761717845434185, 0.8206082150573881, 0.940663678095734, 0.8113688567236648, 0.8368096431449275, 0.6372760488740846, 0.9398939635294166, 0.25592663683341055, 0.5759570824778466, 0.3454641283088835, 0.9655267507815484, 0.22091638149421566, 0.79908393484228, 0.8939721301684738, 0.6924354337443256, 0.6548454072481232, 0.9823448177520746, 0.7501255059004492, 0.8904098910010204, 0.9666856331752072, 0.8809457562407329, 0.9357982417496262, 0.9295976632675957, 0.6516235135434673, 0.9866981257943701, 0.570989795360499, 0.853963666419484, 0.7311090731099734, 0.8785117532819908, 0.9067124558663866, 0.6830631050329368, 0.802792334029212, 0.9105346103428551, 0.9253278672264125, 0.8788846428096109, 0.9094304925332901, 0.9283813677168311, 0.6216058374935409, 0.27865248630374745, 0.845605645877975, 0.7567508883846331, 0.9629364535821479, 0.30228003420613947, 0.8851110290342294, 0.9393720392848304, 0.7463795010367267, 0.29119834125570104, 0.9292979625847417, 0.9539904817368636, 0.940720679223622, 0.9498733743967636, 0.9262386824642832, 0.2535810718077191, 0.8915208399811281, 0.6272631541189376, 0.5810734406270385, 0.4328828981880556, 0.9731496374915098, 0.29399777482219386, 0.246656971808108, 0.8212828564690575, 0.33404489753893724, 0.9446842919965326, 0.42428373858678303, 0.4661937691043915, 0.44772076887545514, 0.28768815913136014, 0.8259108946799769, 0.9646055689051855, 0.9570869332853229, 0.867980815381816, 0.7552847912459166, 0.4503797058912159, 0.90198797232569, 0.9839935011430094, 0.9276272361835951, 0.2954719472250509, 0.7243561152332358, 0.5898743279997497, 0.31764171070174957, 0.9136846145795283, 0.8036605977879999, 0.8078579828142751, 0.8562515048247652, 0.6226908114170765, 0.9544248082184021, 0.9127782544487824, 0.8699110799666838, 0.5793103448275863, 0.7106641427176082, 0.8249675351435815, 0.962229839777732, 0.9482573744384641, 0.8252442861515586, 0.41222995207253776, 0.6562955803712851, 0.5643672366251316, 0.43808453932073843, 0.5864458370254797, 0.9735465142797541, 0.31832713449652705, 0.8601254321511638, 0.9624306767024622, 0.9307762742678802, 0.9523522216983467, 0.990108133691983, 0.7514114718545895, 0.8485021818446042, 0.6612191334623871, 0.7832059164639751, 0.5291262812864778, 0.944817116312316, 0.945897725871365, 0.6100220174806957, 0.895887649579229, 0.7914330306940703, 0.3114248549694978, 0.9068962003896077, 0.9232926862932371, 0.9516757686175951, 0.8601706721604159, 0.7628541847804483, 0.4680849519025553, 0.9557759455949837, 0.9675589330971408, 0.7110307145936695, 0.7331328454992438, 0.5761336941152942, 0.7331472448108353, 0.6362439585829495, 0.7611677828299435, 0.8601402886946303, 0.5599086763572223, 0.390945448375335, 0.6592136870095452, 0.9718204591892516, 0.5978112872134451, 0.20536702069904683, 0.8038306806820452, 0.8327883924466466, 0.7964726901713943, 0.7601507876079147, 0.8724907736260945, 0.5299582681365755, 0.8696331987786137, 0.8118756794025181, 0.5348646474710699, 0.7562934717237396, 0.9756645028428577, 0.9489885523091097, 0.8981602981015966, 0.3675934828044828, 0.9491812042948471, 0.03831948613452212, 0.9177843916565737, 0.9040848481420551, 0.9723407670151949, 0.7262546855990275, 0.9469679666767363, 0.9255842980180577, 0.8868610108383177, 0.9445525983064977, 0.4777354426610022, 0.8992156948231914, 0.4320611735352054, 0.9262112558154699, 0.8354059606910897, 0.8721694234656858, 0.25489934536355485, 0.8564822037598797, 0.7911304705908007, 0.4407851654217899, 0.3080187559387044, 0.04189798629126692, 0.9207225522863047, 0.8615747320787903, 0.44949524080022113, 0.6339943883989547, 0.8172253496822195, 0.8389497416642955, 0.9407613352737074, 1.0, 0.9292619245050848, 0.8227600561608516, 0.9447655341908561, 0.4927053152538463, 0.4129771429438506, 0.8020816921073726, 0.9271328028414589, 0.8457781931186075]
Finish training and take 44m
