Namespace(log_name='./RQ5/tfix_500_3/codet5p_770m.log', model_name='Salesforce/codet5p-770m', lang='javascript', output_dir='RQ5/tfix_500_3/codet5p_770m', data_dir='./data/RQ5/tfix_500_3', choice=0, no_cuda=False, visible_gpu='0', num_train_epochs=10, num_test_epochs=1, train_batch_size=4, eval_batch_size=4, gradient_accumulation_steps=1, load_model_path=None, config_name='', tokenizer_name='', max_source_length=512, max_target_length=512, warm_up_ratio=0.1, do_train=True, do_eval=True, do_test=True, freeze=False, learning_rate=5e-05, beam_size=10, weight_decay=0.0, adam_epsilon=1e-08, local_rank=-1, seed=42, early_stop_threshold=2)
Process rank: -1, device: cuda, n_gpu: 1, distributed training: False
Model created!!
[[{'text': 'var { Observable } = require("canal-js-utils/rx"); var { empty, fromEvent, fromPromise, merge, just, throwError } = Observable; var {', 'loss_ids': 0, 'shortenable_ids': 1}, {'text': '<mask>', 'loss_ids': 1, 'shortenable_ids': 0}, {'text': 'is the fixed version', 'loss_ids': 0, 'shortenable_ids': 0}], {'guid': 0, 'tgt_text': 'var { Observable } = require("canal-js-utils/rx"); var { empty, fromPromise, merge, just } = Observable; var {'}]
***** Running training *****
  Num examples = 500
  Batch size = 4
  Num epoch = 10

***** Running evaluation *****
  Num examples = 100
  Batch size = 4
  epoch = 0
  eval_ppl = inf
  global_step = 126
  train_loss = 16.9697
  ********************
Previous best ppl:inf
Achieve Best ppl:inf
  ********************
BLEU file: ./data/RQ5/tfix_500_3/validation.jsonl
  codebleu-4 = 59.55 	 Previous best codebleu 0
  ********************
 Achieve Best bleu:59.55
  ********************

***** Running evaluation *****
  Num examples = 100
  Batch size = 4
  epoch = 1
  eval_ppl = inf
  global_step = 251
  train_loss = 8.1075
  ********************
Previous best ppl:inf
BLEU file: ./data/RQ5/tfix_500_3/validation.jsonl
  codebleu-4 = 61.54 	 Previous best codebleu 59.55
  ********************
 Achieve Best bleu:61.54
  ********************

***** Running evaluation *****
  Num examples = 100
  Batch size = 4
  epoch = 2
  eval_ppl = inf
  global_step = 376
  train_loss = 3.9519
  ********************
Previous best ppl:inf
BLEU file: ./data/RQ5/tfix_500_3/validation.jsonl
  codebleu-4 = 62.13 	 Previous best codebleu 61.54
  ********************
 Achieve Best bleu:62.13
  ********************

***** Running evaluation *****
  Num examples = 100
  Batch size = 4
  epoch = 3
  eval_ppl = inf
  global_step = 501
  train_loss = 2.1551
  ********************
Previous best ppl:inf
BLEU file: ./data/RQ5/tfix_500_3/validation.jsonl
  codebleu-4 = 62.69 	 Previous best codebleu 62.13
  ********************
 Achieve Best bleu:62.69
  ********************

***** Running evaluation *****
  Num examples = 100
  Batch size = 4
  epoch = 4
  eval_ppl = inf
  global_step = 626
  train_loss = 1.1623
  ********************
Previous best ppl:inf
BLEU file: ./data/RQ5/tfix_500_3/validation.jsonl
  codebleu-4 = 62.02 	 Previous best codebleu 62.69
  ********************

***** Running evaluation *****
  Num examples = 100
  Batch size = 4
  epoch = 5
  eval_ppl = inf
  global_step = 751
  train_loss = 0.6563
  ********************
Previous best ppl:inf
BLEU file: ./data/RQ5/tfix_500_3/validation.jsonl
  codebleu-4 = 63.71 	 Previous best codebleu 62.69
  ********************
 Achieve Best bleu:63.71
  ********************

***** Running evaluation *****
  Num examples = 100
  Batch size = 4
  epoch = 6
  eval_ppl = inf
  global_step = 876
  train_loss = 0.2334
  ********************
Previous best ppl:inf
BLEU file: ./data/RQ5/tfix_500_3/validation.jsonl
  codebleu-4 = 63.15 	 Previous best codebleu 63.71
  ********************

***** Running evaluation *****
  Num examples = 100
  Batch size = 4
  epoch = 7
  eval_ppl = inf
  global_step = 1001
  train_loss = 0.147
  ********************
Previous best ppl:inf
BLEU file: ./data/RQ5/tfix_500_3/validation.jsonl
  codebleu-4 = 63.4 	 Previous best codebleu 63.71
  ********************
early stopping!!!
reload model from RQ5/tfix_500_3/codet5p_770m/checkpoint-best-bleu
BLEU file: ./data/RQ5/tfix_500_3/test.jsonl
  codebleu = 61.49 
  Total = 500 
  Exact Fixed = 96 
[3, 12, 13, 18, 19, 21, 25, 44, 47, 59, 62, 65, 67, 69, 77, 81, 85, 93, 105, 109, 111, 117, 129, 130, 131, 133, 134, 139, 147, 148, 151, 152, 153, 162, 187, 188, 191, 193, 197, 198, 199, 205, 213, 217, 226, 229, 241, 242, 252, 253, 258, 262, 263, 265, 269, 271, 284, 295, 299, 303, 308, 310, 316, 317, 328, 331, 333, 336, 337, 339, 340, 344, 345, 358, 359, 365, 374, 387, 389, 403, 417, 424, 434, 437, 439, 441, 445, 446, 449, 453, 463, 465, 483, 487, 488, 493]
  Syntax Fixed = 4 
[41, 238, 291, 425]
  Cleaned Fixed = 6 
[9, 61, 120, 159, 268, 425]
  ********************
  Total = 500 
  Exact Fixed = 96 
[3, 12, 13, 18, 19, 21, 25, 44, 47, 59, 62, 65, 67, 69, 77, 81, 85, 93, 105, 109, 111, 117, 129, 130, 131, 133, 134, 139, 147, 148, 151, 152, 153, 162, 187, 188, 191, 193, 197, 198, 199, 205, 213, 217, 226, 229, 241, 242, 252, 253, 258, 262, 263, 265, 269, 271, 284, 295, 299, 303, 308, 310, 316, 317, 328, 331, 333, 336, 337, 339, 340, 344, 345, 358, 359, 365, 374, 387, 389, 403, 417, 424, 434, 437, 439, 441, 445, 446, 449, 453, 463, 465, 483, 487, 488, 493]
  Syntax Fixed = 4 
[41, 238, 291, 425]
  Cleaned Fixed = 6 
[9, 61, 120, 159, 268, 425]
  codebleu = 61.49 
[0.3173619063003196, 0.8170015046833874, 1.0, 0.4787139878886564, 0.5324997835117792, 0.8697471734123385, 0.7386443337585873, 0.11582292438020222, 0.6119613551150405, 0.6779253872262, 0.3499927730653973, 1.0, 0.6640033451354017, 0.49718705940327845, 0.39323313167877133, 0.6127572978503959, 0.49475642091612154, 1.0, 1.0, 0.9207265089204273, 1.0, 0.3743172882353815, 0.15, 0.6391796869686721, 1.0, 0.28468743990321166, 0.7949680697811121, 0.15747669278081078, 0.5276850589244717, 0.110722640539825, 0.7256321424853589, 0.6142482969348242, 0.7134655991716751, 0.4198769757196277, 0.24508959038955502, 0.8149139863647084, 0.8275841908785402, 0.8504403342456683, 0.6934531647858191, 0.45203178509364844, 0.9377649116482698, 0.22267396568917747, 0.5802333034257401, 0.9891483218006352, 0.5481721142074378, 0.5561365888570551, 1.0, 0.5961851509772491, 0.46877089663917104, 0.8951959058230954, 0.5524581952101042, 0.5266057619745405, 0.8223873319410013, 0.32435175818106565, 0.677190822574687, 0.861482988138697, 0.8968939355581875, 0.8581179629766709, 1.0, 0.6607530176165711, 0.9426294298277487, 1.0, 0.5610771314034941, 0.4803494323607689, 0.8229808431453671, 0.48289849585465594, 1.0, 0.6170182644937875, 1.0, 0.7539630945946609, 0.11318554473091788, 0.20369111792447886, 0.08978100888954238, 0.8917740712291482, 0.5007846217557572, 0.20613487118166404, 1.0, 0.548663900608423, 0.643291057814614, 0.689430788668116, 0.8249365300761395, 0.6387289085944345, 0.30365138677226156, 0.6953856477238599, 1.0, 0.9179350389391119, 0.0, 0.2758146988607844, 0.0485646584311115, 0.5969955678218046, 0.4570583972426556, 0.7299948711471688, 1.0, 0.814064525684886, 0.4134404736596011, 0.4484520389345378, 0.7459627599846212, 0.016782765293716924, 0.6488884298635612, 0.3248878349419664, 0.5553082743436026, 0.4965144687034782, 0.793158309009629, 0.0, 0.8249365300761395, 0.30480616432215846, 0.48167268419835185, 0.467913762972279, 1.0, 0.5024101654079205, 1.0, 0.6785036503543816, 0.35473913473843294, 0.24487097391502316, 0.2924537101693822, 0.5566638701334943, 0.9474466761527047, 0.2610380151684039, 0.19999999999999998, 0.08953276868214524, 0.33036017439379955, 0.9068864709786153, 0.5485273593900204, 0.10906101778358473, 0.8840188084091536, 0.8150666162955742, 0.4118819918812901, 0.726624382466148, 1.0, 0.9891483218006352, 1.0, 0.515264636989127, 1.0, 1.0, 0.22619887519287302, 0.4544627617245256, 0.42030329797531973, 0.5431431294418838, 1.0, 0.6937464703296872, 0.5187838131148098, 0.5960707868709735, 0.27528728007290226, 0.7829323786305682, 0.8206722495022543, 0.6095979092193655, 1.0, 1.0, 0.6060694567816493, 0.5063942770541421, 1.0, 1.0, 1.0, 0.35436935077271325, 0.7728222909971192, 0.5632387151836264, 0.6241730049753154, 0.8245957586820076, 0.7290594020931371, 0.5266057619745405, 0.5348435312891645, 0.7863340021370451, 0.49390092208606917, 0.5301818996067954, 0.7424282823720908, 0.6745836923955046, 0.44478640618236376, 0.35511870560120445, 0.6957231649810731, 0.06818998428085365, 0.6336131842675646, 0.4858412195420705, 0.4831458551130241, 0.5297071420499005, 0.6477517173276517, 0.7202172177276029, 0.5882210413806648, 0.6706847188488577, 0.8273136413238535, 0.510409269308891, 0.7269320077439674, 0.5088223708450801, 0.7302007404183433, 0.7564402153670926, 0.7871089110130305, 0.3812999423756144, 1.0, 1.0, 0.4231498701419104, 0.5609260915878896, 1.0, 0.5728633222115624, 0.8718723908052288, 0.4296043496172405, 0.3376480475289295, 0.4718765181257531, 1.0, 0.8114529051148651, 1.0, 0.39873667339437135, 0.15429293535427072, 0.6863884298635612, 0.7296508600957852, 0.6867787885259955, 1.0, 0.6459247942853366, 0.9226212781081518, 0.0731716191316424, 0.4307250470563342, 0.31888879608349985, 0.21245371016938225, 0.3972934177879658, 1.0, 0.35715141059137, 0.8249783514952764, 0.2067414939499072, 1.0, 0.6663998078842303, 0.3771457608737994, 0.6530836285702823, 0.6487021300892772, 0.35624947398505524, 0.5960626227910577, 0.3819511489967859, 0.6387851138365109, 1.0, 0.6271806220068676, 0.4766759794022652, 1.0, 0.5660528353107435, 0.39359500830217886, 0.7862551025473414, 0.4821379477582639, 0.47035576197454043, 0.7521271372862586, 0.5274151448167971, 0.6726527033303111, 0.7970182644937875, 0.3938266805419558, 0.6029055732198362, 1.0, 1.0, 0.0, 0.3538685674110905, 0.5944836924880659, 0.45483270617506144, 0.7080707346422974, 0.1717728294285068, 0.4435027248795795, 0.44468566321711656, 0.04101911673989318, 1.0, 1.0, 0.6179144359460748, 0.7191441569283882, 0.4223835094667513, 0.0, 1.0, 0.7355980328281302, 0.09418181350952061, 0.5017850725852593, 0.834704902378399, 1.0, 0.604436274930823, 0.8249365300761395, 0.6924012535180504, 0.0, 0.6993751196103626, 0.8558411649189117, 0.367641751923923, 1.0, 0.5159638752036539, 0.3384290239729886, 0.177190822574687, 0.13636363636363635, 0.4650973805314187, 0.7439654153934541, 0.5156424393838233, 0.15, 0.7157187020072866, 0.06423223587777374, 0.6260995190602316, 0.6041077305454495, 1.0, 0.8184824106869659, 0.4141117485802601, 0.29123935575300347, 0.6899766481408451, 0.6768986255548952, 0.612487962443162, 0.8821296454239946, 0.29286074313859833, 0.8398078253515011, 0.8144831258437577, 0.7826555560719357, 0.027660853979899265, 0.5550049310474542, 0.8068045252675763, 1.0, 0.6197856242749173, 0.43701826449378744, 0.5718461802727408, 0.7135428903906851, 0.3814205333654446, 0.7839520803542337, 0.3844698211793555, 0.5824615640430578, 1.0, 0.40660822240095185, 0.8936825710002676, 0.8095727631302025, 0.41002293154831226, 0.8086110153378172, 0.8251411716151402, 0.46242850567454974, 1.0, 0.9318657024016066, 0.5290092325728539, 0.6060574827359351, 0.5678911585054794, 0.5537998353931795, 0.8255980153481091, 0.6392333266349789, 0.5110656166644442, 0.37549356386576216, 0.5615933216301136, 0.6910080849676471, 1.0, 0.5382922926202521, 0.4343002319965344, 1.0, 0.6742738870938194, 1.0, 0.3682936672819867, 0.4707909983708979, 0.8114529051148651, 0.9096188406411201, 0.6658559747984352, 1.0, 1.0, 0.6352900380997268, 0.7329853689231081, 0.7668758886842345, 1.0, 1.0, 0.6209070226208282, 0.4776873053131037, 0.5909402501865353, 0.38304611372110686, 0.46247879873840503, 0.6721193723777923, 0.6999214919756145, 0.6781982935333077, 0.629920929034602, 0.6737569575259978, 0.3426136760976885, 0.26822487472667034, 0.8632106722899557, 1.0, 0.5140913145175611, 0.4147896756607047, 0.5640790326515688, 0.5190854538169563, 0.370321911798854, 1.0, 0.7391886750930661, 0.4407283286877167, 0.5669580702376444, 0.14283693344527487, 0.3022109370915457, 0.6863884298635612, 0.4557833072319293, 0.4366371358026476, 1.0, 0.2993002319965344, 0.11453360085481801, 0.5405634555698329, 0.6892870539097846, 0.8102736261199102, 0.545545649326698, 0.8042470965743207, 0.6164734436957756, 0.6804874069228855, 0.04448415542647708, 0.19299924700136814, 0.6355353074494696, 1.0, 0.4387244306491825, 1.0, 0.6193453441662242, 0.8062981248590613, 0.4444597200395934, 0.5781687723560363, 0.34272438732934996, 0.3807256007926331, 0.8165273869902545, 0.7009116410097869, 0.7308835793300246, 0.35437970233785665, 0.5763240578218234, 0.11841238567827725, 0.5519698034749387, 1.0, 0.6863559408133775, 0.7017410285928236, 0.6937918207406566, 0.8604352575955447, 0.4054183564853334, 0.34575990398983625, 0.8433369370338967, 0.8710592763633311, 0.691735368923108, 0.405577241698509, 0.8696187021511392, 0.40209781994840155, 0.40400364537321126, 1.0, 0.7972388343569652, 0.602487595382981, 0.24658767523161879, 0.23683637774429345, 0.664322380152994, 0.3372632052291401, 1.0, 0.8931507219600794, 0.4830718224801436, 0.19272438732935, 0.6418894161880858, 0.5149139863647084, 0.5399727492914578, 0.4085332823846201, 0.8661547359011423, 0.35029733718731737, 0.8686013831393846, 0.39999999999999997, 0.7023594991536818, 1.0, 0.6847340670900772, 1.0, 0.48861662650065896, 0.9891483218006352, 0.7744515423179406, 0.8519938276459833, 0.48492549020055464, 1.0, 1.0, 0.5316562756993463, 0.6746054822806855, 1.0, 0.2627826937645221, 0.42038175275163125, 0.8542712839031905, 1.0, 0.24895420055876946, 0.28890659929471596, 0.6578607431385983, 0.5353082743436026, 0.7033344172427514, 0.4598713891666677, 0.6815804724100134, 0.003996009641464269, 0.8253119306693903, 1.0, 0.6943509330652489, 1.0, 0.34509049865171215, 0.41118547774125425, 0.22719082257468703, 0.4016265496309229, 0.45473913473843297, 0.08792503252700586, 0.7412242091620882, 0.32327815492769574, 0.7398815472813818, 0.5983535654700125, 0.643309301212212, 0.30215269230653224, 0.12, 0.8010669062882427, 0.7016265496309229, 0.766682914692771, 0.46843920200122524, 1.0, 0.7451384298635613, 0.6137392159029667, 0.42880120128837773, 1.0, 1.0, 0.8180779662080888, 0.27465656982545344, 0.566221018567181, 0.47020555290779786, 1.0, 0.6840624465693822, 0.7396773803089467, 0.6492633713864637, 0.570217217727603, 0.8691371695837178, 0.20034796016239415, 0.7158229243802021]
Finish training and take 24m
