Namespace(log_name='./RQ5/tfix_500_3/codet5p_220m_f.log', model_name='Salesforce/codet5p-220m', lang='javascript', output_dir='RQ5/tfix_500_3/codet5p_220m_f', data_dir='./data/RQ5/tfix_500_3', no_cuda=False, visible_gpu='0', add_task_prefix=False, add_lang_ids=False, num_train_epochs=10, num_test_epochs=10, train_batch_size=8, eval_batch_size=4, gradient_accumulation_steps=2, load_model_path=None, config_name='', tokenizer_name='', max_source_length=512, max_target_length=512, warm_up_ratio=0.1, do_train=True, do_eval=True, do_test=True, do_lower_case=False, learning_rate=5e-05, beam_size=10, weight_decay=0.0, adam_epsilon=1e-08, max_grad_norm=1.0, max_steps=-1, eval_steps=-1, train_steps=-1, local_rank=-1, seed=42, early_stop_threshold=3)
Process rank: -1, device: cuda, n_gpu: 1, distributed training: False, model_name: Salesforce/codet5p-220m
model created!
Total 500 training instances 
***** Running training *****
  Num examples = 500
  Batch size = 8
  Num epoch = 10

***** Running evaluation *****
  Num examples = 100
  Batch size = 4
  epoch = 0
  eval_ppl = 1.00491
  global_step = 63
  train_loss = 0.8751
  ********************
Previous best ppl:inf
Achieve Best ppl:1.00491
  ********************
BLEU file: ./data/RQ5/tfix_500_3/validation.jsonl
  codebleu-4 = 55.01 	 Previous best codebleu 0
  ********************
 Achieve Best bleu:55.01
  ********************

***** Running evaluation *****
  Num examples = 100
  Batch size = 4
  epoch = 1
  eval_ppl = 1.00423
  global_step = 125
  train_loss = 0.423
  ********************
Previous best ppl:1.00491
Achieve Best ppl:1.00423
  ********************
BLEU file: ./data/RQ5/tfix_500_3/validation.jsonl
  codebleu-4 = 61.43 	 Previous best codebleu 55.01
  ********************
 Achieve Best bleu:61.43
  ********************

***** Running evaluation *****
  Num examples = 100
  Batch size = 4
  epoch = 2
  eval_ppl = 1.00434
  global_step = 187
  train_loss = 0.2559
  ********************
Previous best ppl:1.00423
BLEU file: ./data/RQ5/tfix_500_3/validation.jsonl
  codebleu-4 = 63.07 	 Previous best codebleu 61.43
  ********************
 Achieve Best bleu:63.07
  ********************

***** Running evaluation *****
  Num examples = 100
  Batch size = 4
  epoch = 3
  eval_ppl = 1.0047
  global_step = 249
  train_loss = 0.1709
  ********************
Previous best ppl:1.00423
BLEU file: ./data/RQ5/tfix_500_3/validation.jsonl
  codebleu-4 = 61.82 	 Previous best codebleu 63.07
  ********************

***** Running evaluation *****
  Num examples = 100
  Batch size = 4
  epoch = 4
  eval_ppl = 1.00495
  global_step = 311
  train_loss = 0.1165
  ********************
Previous best ppl:1.00423
BLEU file: ./data/RQ5/tfix_500_3/validation.jsonl
  codebleu-4 = 63.43 	 Previous best codebleu 63.07
  ********************
 Achieve Best bleu:63.43
  ********************

***** Running evaluation *****
  Num examples = 100
  Batch size = 4
  epoch = 5
  eval_ppl = 1.00524
  global_step = 373
  train_loss = 0.0813
  ********************
Previous best ppl:1.00423
BLEU file: ./data/RQ5/tfix_500_3/validation.jsonl
  codebleu-4 = 63.06 	 Previous best codebleu 63.43
  ********************

***** Running evaluation *****
  Num examples = 100
  Batch size = 4
  epoch = 6
  eval_ppl = 1.0053
  global_step = 435
  train_loss = 0.0615
  ********************
Previous best ppl:1.00423
BLEU file: ./data/RQ5/tfix_500_3/validation.jsonl
  codebleu-4 = 63.77 	 Previous best codebleu 63.43
  ********************
 Achieve Best bleu:63.77
  ********************

***** Running evaluation *****
  Num examples = 100
  Batch size = 4
  epoch = 7
  eval_ppl = 1.0056
  global_step = 497
  train_loss = 0.0473
  ********************
Previous best ppl:1.00423
BLEU file: ./data/RQ5/tfix_500_3/validation.jsonl
  codebleu-4 = 64.33 	 Previous best codebleu 63.77
  ********************
 Achieve Best bleu:64.33
  ********************

***** Running evaluation *****
  Num examples = 100
  Batch size = 4
  epoch = 8
  eval_ppl = 1.00565
  global_step = 559
  train_loss = 0.0342
  ********************
Previous best ppl:1.00423
BLEU file: ./data/RQ5/tfix_500_3/validation.jsonl
  codebleu-4 = 64.41 	 Previous best codebleu 64.33
  ********************
 Achieve Best bleu:64.41
  ********************

***** Running evaluation *****
  Num examples = 100
  Batch size = 4
  epoch = 9
  eval_ppl = 1.00574
  global_step = 621
  train_loss = 0.0289
  ********************
Previous best ppl:1.00423
BLEU file: ./data/RQ5/tfix_500_3/validation.jsonl
  codebleu-4 = 64.41 	 Previous best codebleu 64.41
  ********************
reload model from RQ5/tfix_500_3/codet5p_220m_f/checkpoint-best-bleu
BLEU file: ./data/RQ5/tfix_500_3/test.jsonl
  codebleu = 62.43 
  Total = 500 
  Exact Fixed = 85 
[13, 19, 21, 25, 44, 46, 47, 59, 62, 65, 67, 69, 77, 79, 81, 93, 109, 111, 115, 117, 126, 130, 131, 134, 139, 147, 151, 152, 153, 159, 162, 170, 188, 191, 197, 198, 199, 205, 211, 213, 217, 226, 233, 241, 252, 253, 258, 261, 263, 265, 269, 271, 284, 295, 298, 299, 308, 310, 317, 320, 324, 336, 337, 344, 359, 374, 387, 391, 396, 403, 407, 417, 424, 434, 439, 441, 445, 446, 449, 453, 463, 483, 487, 488, 493]
  Syntax Fixed = 7 
[41, 49, 74, 238, 345, 411, 425]
  Cleaned Fixed = 9 
[9, 85, 120, 138, 268, 280, 285, 345, 425]
  ********************
  Total = 500 
  Exact Fixed = 85 
[13, 19, 21, 25, 44, 46, 47, 59, 62, 65, 67, 69, 77, 79, 81, 93, 109, 111, 115, 117, 126, 130, 131, 134, 139, 147, 151, 152, 153, 159, 162, 170, 188, 191, 197, 198, 199, 205, 211, 213, 217, 226, 233, 241, 252, 253, 258, 261, 263, 265, 269, 271, 284, 295, 298, 299, 308, 310, 317, 320, 324, 336, 337, 344, 359, 374, 387, 391, 396, 403, 407, 417, 424, 434, 439, 441, 445, 446, 449, 453, 463, 483, 487, 488, 493]
  Syntax Fixed = 7 
[41, 49, 74, 238, 345, 411, 425]
  Cleaned Fixed = 9 
[9, 85, 120, 138, 268, 280, 285, 345, 425]
  codebleu = 62.43 
[0.3852352687934718, 0.8170015046833874, 0.7456907908606256, 0.4787139878886564, 0.7561984520017521, 0.940598945729278, 0.6267077432616137, 0.11582292438020222, 0.6119613551150405, 0.6779253872262, 0.3499927730653973, 0.7067366858513033, 1.0, 0.4745922140114407, 0.39323313167877133, 0.6502572978503959, 0.45189927805897867, 0.44412484527547247, 1.0, 0.9207265089204273, 1.0, 0.3743172882353815, 0.1636363636363636, 0.6793670579146192, 1.0, 0.2772943579237247, 0.7949680697811121, 0.13843920464649634, 0.762178754714643, 0.110722640539825, 0.535133493667276, 0.6142482969348242, 0.7134655991716751, 0.4198769757196277, 0.32651208993424297, 0.8149139863647084, 0.6066551101233701, 0.8504403342456683, 0.6934531647858191, 0.5103401204396607, 0.9377649116482698, 0.22267396568917747, 0.6724315693987384, 0.9891483218006352, 0.5481721142074378, 1.0, 1.0, 0.602585911416486, 0.6888724788208753, 0.8951959058230954, 0.5524581952101042, 0.5266057619745405, 0.8223873319410013, 0.6886211851856385, 0.677190822574687, 0.861482988138697, 0.8968939355581875, 0.8581179629766709, 0.9694902652117974, 0.6148576874551961, 0.689152691079219, 1.0, 0.32903463962205093, 0.5897692121354159, 1.0, 0.7487325657010794, 1.0, 0.6170182644937875, 1.0, 0.7539630945946609, 0.24361462489811037, 0.20369111792447886, 0.08978100888954238, 0.9584407378958149, 0.3507846217557572, 0.20613487118166404, 1.0, 0.548663900608423, 1.0, 0.7328492172088266, 0.8249365300761395, 0.7265018183047776, 0.30365138677226156, 0.803950001904677, 0.6372358081500218, 0.9179350389391119, 0.0, 0.2758146988607844, 0.0485646584311115, 0.5675986891240699, 0.3751383030603742, 0.7299948711471688, 1.0, 0.9190411344533542, 0.3915187569135013, 0.4484520389345378, 0.7459627599846212, 0.016782765293716924, 0.6488884298635612, 0.2224886975190719, 0.5553082743436026, 0.40324167440714376, 0.8109214669043658, 0.1830081965296207, 0.050492779251189994, 0.30480616432215846, 0.48167268419835185, 0.467913762972279, 1.0, 0.3240227257474313, 1.0, 0.7936657742154647, 0.35473913473843294, 0.3305852596293089, 0.8114529051148651, 0.5287500815495687, 1.0, 0.2610380151684039, 0.19999999999999998, 0.08953276868214524, 0.21429761718795198, 0.9068864709786153, 0.7233058773873271, 0.10906101778358473, 0.8840188084091536, 1.0, 0.4118819918812901, 0.726624382466148, 0.5947905990898797, 0.9891483218006352, 1.0, 0.7386991709927695, 0.35073060552270363, 1.0, 0.22619887519287302, 0.4544627617245256, 0.4831321633398339, 0.8382851365602284, 1.0, 0.6783080328979486, 0.5187838131148098, 0.5960707868709735, 0.27320579161919023, 0.5440521407974296, 0.7237414477069721, 0.7530045026259591, 1.0, 0.523507649142383, 0.6060694567816493, 0.5063942770541421, 1.0, 1.0, 1.0, 0.35436935077271325, 0.7728222909971192, 0.5632387151836264, 0.6241730049753154, 0.8245957586820076, 1.0, 0.5266057619745405, 0.5348435312891645, 1.0, 0.6211243465154161, 0.5301818996067954, 0.7424282823720908, 0.6842012543855128, 0.44478640618236376, 0.35511870560120445, 0.6957231649810731, 0.7135428903906851, 0.6336131842675646, 0.7620962140028005, 0.4831458551130241, 0.5297071420499005, 0.5207275172985293, 0.7202172177276029, 0.5882210413806648, 0.6706847188488577, 0.9057101190955084, 0.6190738228228467, 0.7269320077439674, 0.5049472039263297, 0.7302007404183433, 0.8426568563575418, 0.7871089110130305, 0.027660853979899265, 0.6583603643329422, 1.0, 0.4231498701419104, 0.5609260915878896, 1.0, 0.5728633222115624, 0.7359097981643703, 0.49393424193861524, 0.3376480475289295, 0.4718765181257531, 1.0, 0.8114529051148651, 1.0, 0.39873667339437135, 0.08683567216420958, 0.8191441569283882, 0.8201517014631392, 0.6867787885259955, 1.0, 0.558619338610977, 0.9226212781081518, 0.07627573543456502, 0.4307250470563342, 0.31888879608349985, 0.8114529051148651, 0.3972934177879658, 1.0, 0.35715141059137, 0.8249783514952764, 0.1615772774872922, 1.0, 0.6663998078842303, 0.42493877026999405, 0.619750295236949, 0.59820323220824, 0.35624947398505524, 0.5960626227910577, 0.39499462725765544, 0.6387851138365109, 1.0, 0.6271806220068676, 0.4971121850651573, 0.4898761284938972, 0.43016109313909, 0.39359500830217886, 0.7862551025473414, 0.9891483218006352, 0.47035576197454043, 0.7521271372862586, 0.5274151448167971, 0.6726527033303111, 0.7970182644937875, 0.3938266805419558, 0.6029055732198362, 1.0, 0.7387824622428694, 0.0, 0.3538685674110905, 0.5944836924880659, 0.6829038587998661, 0.8407059481807464, 0.15553373183372082, 0.4435027248795795, 0.8113118214155393, 0.04030522491224135, 1.0, 1.0, 0.6179144359460748, 0.7191441569283882, 0.5223835094667514, 0.0, 1.0, 0.7355980328281302, 0.16826111698077859, 0.8114529051148651, 0.5215147321007385, 1.0, 0.604436274930823, 0.8249365300761395, 0.6875131192847503, 0.0, 0.8189207115002721, 1.0, 0.367641751923923, 1.0, 0.8082416075216149, 0.6463338290119179, 0.22719082257468703, 0.06666666666666667, 0.4650973805314187, 0.7439654153934541, 0.7570701463285548, 0.13846153846153847, 0.873209263429523, 0.06423223587777374, 0.7031955642244219, 0.6041077305454495, 1.0, 0.8516684096158422, 0.4141117485802601, 0.29123935575300347, 0.6899766481408451, 0.6768986255548952, 0.7648035587128197, 0.7379424028594362, 0.29286074313859833, 0.8398078253515011, 0.8144831258437577, 0.7826555560719357, 0.027660853979899265, 0.5550049310474542, 1.0, 1.0, 0.560293349578547, 0.43701826449378744, 0.7704282310037642, 0.19587703500732306, 0.3814205333654446, 0.7839520803542337, 0.3844698211793555, 0.6107000692160132, 1.0, 0.40660822240095185, 1.0, 0.8095727631302025, 0.3227886222566654, 0.8274001021378707, 0.8997846296433376, 0.5644004745782011, 0.7531697895341449, 0.9318657024016066, 0.5290092325728539, 0.6060574827359351, 1.0, 0.5537998353931795, 0.8255980153481091, 0.6969247006410559, 1.0, 0.37549356386576216, 0.6463980754501475, 0.6910080849676471, 0.46253094342499124, 0.6068567648108864, 0.4343002319965344, 0.6865490061448141, 0.6742738870938194, 0.7891931763342086, 0.72455988025806, 0.4707909983708979, 0.8114529051148651, 1.0, 0.7144948346694379, 0.4709261928229648, 0.8765344915115144, 0.712432895242584, 0.7329853689231081, 0.8591190003999107, 1.0, 0.9228963827959196, 0.6209070226208282, 0.4776873053131037, 0.5909402501865353, 0.38304611372110686, 0.46247879873840503, 0.7135160729534664, 0.6999214919756145, 0.6781982935333077, 0.629920929034602, 0.5924295517447509, 0.3426136760976885, 0.7121377151388883, 0.8379261930516235, 1.0, 0.5140913145175611, 0.4147896756607047, 0.8155450160863305, 0.5190854538169563, 0.370321911798854, 0.5226136760976885, 0.7391886750930661, 0.4407283286877167, 0.6655012758056489, 0.14283693344527487, 0.3022109370915457, 0.6863884298635612, 0.5864709810898098, 0.4366371358026476, 1.0, 0.5099766481408452, 0.11453360085481801, 0.5926173418488229, 0.6892870539097846, 0.7965481359238318, 0.545545649326698, 0.8042470965743207, 0.6530367547828486, 0.6804874069228855, 0.05127041479686025, 0.3154745710868131, 0.6400373216188153, 1.0, 0.4387244306491825, 0.3038532730110269, 0.6193453441662242, 1.0, 0.4444597200395934, 0.5781687723560363, 0.3508081453961951, 0.3807256007926331, 1.0, 0.7796319359024665, 0.6742857383161394, 0.35437970233785665, 0.5763240578218234, 0.11841238567827725, 0.5519698034749387, 1.0, 0.8007265089204272, 0.7017410285928236, 0.7787918207406566, 1.0, 0.4054183564853334, 0.34575990398983625, 0.8433369370338967, 0.9365276486140073, 0.6590926274900687, 0.441112366099465, 0.7440965622438329, 0.40209781994840155, 0.40400364537321126, 1.0, 0.7972388343569652, 0.602487595382981, 0.21948160223692786, 0.23683637774429345, 0.6428938087244226, 0.3372632052291401, 1.0, 0.9821771168817468, 0.43819881886061685, 0.19272438732935, 0.6418894161880858, 0.5149139863647084, 0.7233004498085515, 0.4085332823846201, 0.8661547359011423, 0.414297617187952, 0.7388617049887232, 0.39999999999999997, 0.7023594991536818, 0.7429370522068693, 0.6847340670900772, 1.0, 0.6937628353106088, 0.9891483218006352, 0.7744515423179406, 0.8519938276459833, 0.48492549020055464, 1.0, 1.0, 0.5150864742430165, 0.6901940524102714, 1.0, 0.6733027629890207, 0.8050241598897441, 0.8542712839031905, 1.0, 0.24895420055876946, 0.27333000718930683, 0.6578607431385983, 0.5353082743436026, 0.7988542022748455, 0.4598713891666677, 0.6815804724100134, 0.003996009641464269, 0.839616326453424, 1.0, 0.8034443090225696, 0.3640213610046785, 0.46628336334230014, 0.5075783901825247, 0.22719082257468703, 0.4016265496309229, 0.45473913473843297, 0.3008557137029968, 0.7412242091620882, 0.355067633384039, 0.7398815472813818, 0.550808145396195, 0.643309301212212, 0.30215269230653224, 0.12, 0.8560255464372679, 0.7016265496309229, 0.766682914692771, 0.46843920200122524, 1.0, 0.7451384298635613, 0.6137392159029667, 0.42880120128837773, 1.0, 1.0, 0.8180779662080888, 0.7230125488038366, 0.566221018567181, 0.5957444644618661, 1.0, 0.6122065181790961, 0.7396773803089467, 0.5909395885250581, 0.7279095254199106, 0.8691371695837178, 0.20034796016239415, 0.23857157802053697]
Finish training and take 21m
