Namespace(log_name='./tfix/2/hard2_codet5p_220m.log', model_name='Salesforce/codet5p-220m', lang='javascript', output_dir='tfix/2/hard2_codet5p_220m', data_dir='./data/tfix/2', no_cuda=False, visible_gpu='0', num_train_epochs=10, num_test_epochs=1, train_batch_size=6, eval_batch_size=4, gradient_accumulation_steps=1, load_model_path=None, config_name='', tokenizer_name='', max_source_length=512, max_target_length=512, warm_up_ratio=0.1, do_train=True, do_eval=True, do_test=True, freeze=False, learning_rate=5e-05, beam_size=10, weight_decay=0.0, adam_epsilon=1e-08, local_rank=-1, seed=42, early_stop_threshold=3)
Process rank: -1, device: cuda, n_gpu: 1, distributed training: False
Model created!!
[[{'text': 'Fix the bug in', 'loss_ids': 0, 'shortenable_ids': 0}, {'text': ' var rows = [   {', 'loss_ids': 0, 'shortenable_ids': 1}, {'text': '<mask>', 'loss_ids': 1, 'shortenable_ids': 0}], {'guid': 0, 'tgt_text': 'const rows2 = [   {'}]
***** Running training *****
  Num examples = 816
  Batch size = 6
  Num epoch = 10

***** Running evaluation *****
  Num examples = 104
  Batch size = 4
  epoch = 0
  eval_ppl = inf
  global_step = 137
  train_loss = 19.4136
  ********************
Previous best ppl:inf
Achieve Best ppl:inf
  ********************
BLEU file: ./data/tfix/2/validation.jsonl
  codebleu-4 = 59.04 	 Previous best codebleu 0
  ********************
 Achieve Best bleu:59.04
  ********************

***** Running evaluation *****
  Num examples = 104
  Batch size = 4
  epoch = 1
  eval_ppl = inf
  global_step = 273
  train_loss = 10.9367
  ********************
Previous best ppl:inf
Achieve Best ppl:inf
  ********************
BLEU file: ./data/tfix/2/validation.jsonl
  codebleu-4 = 58.67 	 Previous best codebleu 59.04
  ********************

***** Running evaluation *****
  Num examples = 104
  Batch size = 4
  epoch = 2
  eval_ppl = inf
  global_step = 409
  train_loss = 6.8292
  ********************
Previous best ppl:inf
BLEU file: ./data/tfix/2/validation.jsonl
  codebleu-4 = 61.07 	 Previous best codebleu 59.04
  ********************
 Achieve Best bleu:61.07
  ********************

***** Running evaluation *****
  Num examples = 104
  Batch size = 4
  epoch = 3
  eval_ppl = inf
  global_step = 545
  train_loss = 4.2311
  ********************
Previous best ppl:inf
BLEU file: ./data/tfix/2/validation.jsonl
  codebleu-4 = 58.36 	 Previous best codebleu 61.07
  ********************

***** Running evaluation *****
  Num examples = 104
  Batch size = 4
  epoch = 4
  eval_ppl = inf
  global_step = 681
  train_loss = 2.8836
  ********************
Previous best ppl:inf
BLEU file: ./data/tfix/2/validation.jsonl
  codebleu-4 = 62.16 	 Previous best codebleu 61.07
  ********************
 Achieve Best bleu:62.16
  ********************

***** Running evaluation *****
  Num examples = 104
  Batch size = 4
  epoch = 5
  eval_ppl = inf
  global_step = 817
  train_loss = 1.7855
  ********************
Previous best ppl:inf
BLEU file: ./data/tfix/2/validation.jsonl
  codebleu-4 = 60.8 	 Previous best codebleu 62.16
  ********************

***** Running evaluation *****
  Num examples = 104
  Batch size = 4
  epoch = 6
  eval_ppl = inf
  global_step = 953
  train_loss = 1.2181
  ********************
Previous best ppl:inf
BLEU file: ./data/tfix/2/validation.jsonl
  codebleu-4 = 60.74 	 Previous best codebleu 62.16
  ********************

***** Running evaluation *****
  Num examples = 104
  Batch size = 4
  epoch = 7
  eval_ppl = inf
  global_step = 1089
  train_loss = 0.7875
  ********************
Previous best ppl:inf
BLEU file: ./data/tfix/2/validation.jsonl
  codebleu-4 = 60.27 	 Previous best codebleu 62.16
  ********************
early stopping!!!
reload model from tfix/2/hard2_codet5p_220m/checkpoint-best-bleu
BLEU file: ./data/tfix/2/test.jsonl
  codebleu = 65.14 
  Total = 102 
  Exact Fixed = 20 
[13, 14, 17, 20, 25, 26, 27, 31, 49, 53, 62, 70, 72, 74, 78, 80, 89, 92, 98, 100]
  Syntax Fixed = 0 
[]
  Cleaned Fixed = 0 
[]
  ********************
  Total = 102 
  Exact Fixed = 20 
[13, 14, 17, 20, 25, 26, 27, 31, 49, 53, 62, 70, 72, 74, 78, 80, 89, 92, 98, 100]
  Syntax Fixed = 0 
[]
  Cleaned Fixed = 0 
[]
  codebleu = 65.14 
[0.22619887519287302, 0.8420613586766155, 0.38626197666562845, 0.8076623491927839, 0.22556796225712933, 0.7596762077491805, 0.9198056304083349, 0.15, 0.8107617615708127, 0.6899766481408451, 0.6281305065795061, 0.3051384298635612, 1.0, 1.0, 0.660365940524203, 0.5718428761160813, 1.0, 0.204436274930823, 0.9056583090096291, 0.8114529051148651, 0.7667857383161394, 0.5927200451626766, 0.802713932743754, 0.8568274699818503, 0.919548114457609, 1.0, 1.0, 0.28269688894370654, 0.7724384145327522, 0.8642470965743208, 0.8114529051148651, 0.7855975357012536, 0.566221018567181, 0.7156424393838232, 0.8399114554115357, 0.8353746106262074, 0.09473684210526315, 0.6265958401383632, 0.8676314291716003, 0.8048103351245981, 0.6173479243452424, 0.3629160719563411, 0.42900132829974075, 0.05540387552681966, 0.8019924721490199, 0.934336399011221, 0.4735874823650029, 0.39688026803980914, 1.0, 0.44713630035176843, 0.10859587955759917, 0.2966597993138361, 0.8249365300761395, 0.8342413207153518, 0.3599867812326072, 0.6747088903862744, 0.48066476735450636, 0.5129834344293507, 0.467913762972279, 0.6416532852733938, 0.4080877117267552, 0.8114529051148651, 0.8952738864082956, 0.5850991740430667, 0.7102241494026018, 0.5882384091002469, 0.5027616393658039, 0.46557545970108716, 0.46738580972137844, 1.0, 0.568158309009629, 1.0, 0.7049295406070389, 1.0, 0.4288378866864627, 0.47996086480687705, 0.5005725127561513, 0.8516551101233703, 0.41413939082855794, 1.0, 0.8400868935661543, 0.3889423446181684, 0.22371280017048556, 0.21611802165472854, 0.8596354401872717, 0.8145980101874506, 0.7209635394255931, 0.5147391347384329, 1.0, 0.7952738864082955, 0.3998629023055338, 1.0, 0.6532260383851596, 0.6708210601557569, 0.7065543572766618, 0.4580097675218012, 0.2920847538048024, 1.0, 0.7376376136976128, 1.0, 0.45906361599859924, 0.8783259097532135]
Finish training and take 13m
