Namespace(log_name='./tfix/2/hard2_codet5p_770m.log', model_name='Salesforce/codet5p-770m', lang='javascript', output_dir='tfix/2/hard2_codet5p_770m', data_dir='./data/tfix/2', no_cuda=False, visible_gpu='0', num_train_epochs=10, num_test_epochs=1, train_batch_size=6, eval_batch_size=4, gradient_accumulation_steps=1, load_model_path=None, config_name='', tokenizer_name='', max_source_length=512, max_target_length=512, warm_up_ratio=0.1, do_train=True, do_eval=True, do_test=True, freeze=False, learning_rate=5e-05, beam_size=10, weight_decay=0.0, adam_epsilon=1e-08, local_rank=-1, seed=42, early_stop_threshold=3)
Process rank: -1, device: cuda, n_gpu: 1, distributed training: False
Model created!!
[[{'text': 'Fix the bug in', 'loss_ids': 0, 'shortenable_ids': 0}, {'text': ' var rows = [   {', 'loss_ids': 0, 'shortenable_ids': 1}, {'text': '<mask>', 'loss_ids': 1, 'shortenable_ids': 0}], {'guid': 0, 'tgt_text': 'const rows2 = [   {'}]
***** Running training *****
  Num examples = 816
  Batch size = 6
  Num epoch = 10

***** Running evaluation *****
  Num examples = 104
  Batch size = 4
  epoch = 0
  eval_ppl = 1.1383553637461224e+291
  global_step = 137
  train_loss = 18.2319
  ********************
Previous best ppl:inf
Achieve Best ppl:1.1383553637461224e+291
  ********************
BLEU file: ./data/tfix/2/validation.jsonl
  codebleu-4 = 57.29 	 Previous best codebleu 0
  ********************
 Achieve Best bleu:57.29
  ********************

***** Running evaluation *****
  Num examples = 104
  Batch size = 4
  epoch = 1
  eval_ppl = inf
  global_step = 273
  train_loss = 9.1646
  ********************
Previous best ppl:1.1383553637461224e+291
BLEU file: ./data/tfix/2/validation.jsonl
  codebleu-4 = 60.63 	 Previous best codebleu 57.29
  ********************
 Achieve Best bleu:60.63
  ********************

***** Running evaluation *****
  Num examples = 104
  Batch size = 4
  epoch = 2
  eval_ppl = inf
  global_step = 409
  train_loss = 4.6922
  ********************
Previous best ppl:1.1383553637461224e+291
BLEU file: ./data/tfix/2/validation.jsonl
  codebleu-4 = 59.56 	 Previous best codebleu 60.63
  ********************

***** Running evaluation *****
  Num examples = 104
  Batch size = 4
  epoch = 3
  eval_ppl = inf
  global_step = 545
  train_loss = 2.316
  ********************
Previous best ppl:1.1383553637461224e+291
BLEU file: ./data/tfix/2/validation.jsonl
  codebleu-4 = 60.74 	 Previous best codebleu 60.63
  ********************
 Achieve Best bleu:60.74
  ********************

***** Running evaluation *****
  Num examples = 104
  Batch size = 4
  epoch = 4
  eval_ppl = inf
  global_step = 681
  train_loss = 1.2669
  ********************
Previous best ppl:1.1383553637461224e+291
BLEU file: ./data/tfix/2/validation.jsonl
  codebleu-4 = 59.54 	 Previous best codebleu 60.74
  ********************

***** Running evaluation *****
  Num examples = 104
  Batch size = 4
  epoch = 5
  eval_ppl = inf
  global_step = 817
  train_loss = 0.8069
  ********************
Previous best ppl:1.1383553637461224e+291
BLEU file: ./data/tfix/2/validation.jsonl
  codebleu-4 = 62.84 	 Previous best codebleu 60.74
  ********************
 Achieve Best bleu:62.84
  ********************

***** Running evaluation *****
  Num examples = 104
  Batch size = 4
  epoch = 6
  eval_ppl = inf
  global_step = 953
  train_loss = 0.4614
  ********************
Previous best ppl:1.1383553637461224e+291
BLEU file: ./data/tfix/2/validation.jsonl
  codebleu-4 = 62.04 	 Previous best codebleu 62.84
  ********************

***** Running evaluation *****
  Num examples = 104
  Batch size = 4
  epoch = 7
  eval_ppl = inf
  global_step = 1089
  train_loss = 0.2579
  ********************
Previous best ppl:1.1383553637461224e+291
BLEU file: ./data/tfix/2/validation.jsonl
  codebleu-4 = 61.2 	 Previous best codebleu 62.84
  ********************

***** Running evaluation *****
  Num examples = 104
  Batch size = 4
  epoch = 8
  eval_ppl = inf
  global_step = 1225
  train_loss = 0.1794
  ********************
Previous best ppl:1.1383553637461224e+291
BLEU file: ./data/tfix/2/validation.jsonl
  codebleu-4 = 62.38 	 Previous best codebleu 62.84
  ********************
early stopping!!!
reload model from tfix/2/hard2_codet5p_770m/checkpoint-best-bleu
BLEU file: ./data/tfix/2/test.jsonl
  codebleu = 64.21 
  Total = 102 
  Exact Fixed = 19 
[13, 14, 17, 20, 22, 25, 27, 31, 48, 49, 53, 74, 78, 80, 85, 89, 92, 98, 100]
  Syntax Fixed = 1 
[34]
  Cleaned Fixed = 0 
[]
  ********************
  Total = 102 
  Exact Fixed = 19 
[13, 14, 17, 20, 22, 25, 27, 31, 48, 49, 53, 74, 78, 80, 85, 89, 92, 98, 100]
  Syntax Fixed = 1 
[34]
  Cleaned Fixed = 0 
[]
  codebleu = 64.21 
[0.22619887519287302, 0.8420613586766155, 0.38626197666562845, 0.8113311593777217, 0.22556796225712933, 0.7596762077491805, 0.8896656211648155, 0.15, 0.6685284869568747, 0.6899766481408451, 0.6281305065795061, 0.8051384298635613, 1.0, 1.0, 0.660365940524203, 0.5718428761160813, 1.0, 0.204436274930823, 0.9056583090096291, 0.8114529051148651, 0.8356658099532572, 0.9891483218006352, 0.802713932743754, 0.8568274699818503, 0.919548114457609, 0.6245458867583434, 1.0, 0.28269688894370654, 0.7724384145327522, 0.8267470965743207, 0.8114529051148651, 0.7855975357012536, 0.566221018567181, 0.8170892174866462, 0.8399114554115357, 0.8353746106262074, 0.0857142857142857, 0.6265958401383632, 0.8676314291716003, 0.7184551582052519, 0.6173479243452424, 0.3629160719563411, 0.42900132829974075, 0.04535576197454044, 0.8019924721490199, 0.934336399011221, 0.4584349853001207, 1.0, 1.0, 0.44713630035176843, 0.10859587955759917, 0.30650080944958624, 0.8249365300761395, 0.8342413207153518, 0.3599867812326072, 0.6747088903862744, 0.48066476735450636, 0.44778290345194927, 0.467913762972279, 0.6416532852733938, 0.4080877117267552, 0.2597925764777499, 0.6775624655999579, 0.5850991740430667, 0.7102241494026018, 0.7682378900570572, 0.5027616393658039, 0.47574087246063884, 0.46738580972137844, 0.5393949501703278, 0.568158309009629, 0.7989906519370444, 0.5326571057599719, 1.0, 0.4288378866864627, 0.6105000222446973, 0.32184467070784006, 0.8516551101233703, 0.41413939082855794, 1.0, 0.5133501516945221, 0.3889423446181684, 0.31326481273285584, 0.174436274930823, 1.0, 0.9145980101874507, 0.7209635394255931, 0.5147391347384329, 1.0, 0.7952738864082955, 0.3998629023055338, 1.0, 0.27945656496026455, 0.6777780764825427, 0.7065543572766618, 0.4580097675218012, 0.2920847538048024, 1.0, 0.7376376136976128, 1.0, 0.45906361599859924, 0.8783259097532135]
Finish training and take 39m
