Namespace(log_name='./tfix/2/hard0_codet5p_770m.log', model_name='Salesforce/codet5p-770m', lang='javascript', output_dir='tfix/2/hard0_codet5p_770m', data_dir='./data/tfix/2', no_cuda=False, visible_gpu='0', num_train_epochs=10, num_test_epochs=1, train_batch_size=6, eval_batch_size=4, gradient_accumulation_steps=1, load_model_path=None, config_name='', tokenizer_name='', max_source_length=512, max_target_length=512, warm_up_ratio=0.1, do_train=True, do_eval=True, do_test=True, freeze=False, learning_rate=5e-05, beam_size=10, weight_decay=0.0, adam_epsilon=1e-08, local_rank=-1, seed=42, early_stop_threshold=3)
Process rank: -1, device: cuda, n_gpu: 1, distributed training: False
Model created!!
[[{'text': 'var rows = [   {', 'loss_ids': 0, 'shortenable_ids': 1}, {'text': '<mask>', 'loss_ids': 1, 'shortenable_ids': 0}, {'text': ' is the fixed version', 'loss_ids': 0, 'shortenable_ids': 0}], {'guid': 0, 'tgt_text': 'const rows2 = [   {'}]
***** Running training *****
  Num examples = 816
  Batch size = 6
  Num epoch = 10

***** Running evaluation *****
  Num examples = 104
  Batch size = 4
  epoch = 0
  eval_ppl = inf
  global_step = 137
  train_loss = 18.3857
  ********************
Previous best ppl:inf
Achieve Best ppl:inf
  ********************
BLEU file: ./data/tfix/2/validation.jsonl
  codebleu-4 = 59.26 	 Previous best codebleu 0
  ********************
 Achieve Best bleu:59.26
  ********************

***** Running evaluation *****
  Num examples = 104
  Batch size = 4
  epoch = 1
  eval_ppl = inf
  global_step = 273
  train_loss = 8.976
  ********************
Previous best ppl:inf
BLEU file: ./data/tfix/2/validation.jsonl
  codebleu-4 = 58.6 	 Previous best codebleu 59.26
  ********************

***** Running evaluation *****
  Num examples = 104
  Batch size = 4
  epoch = 2
  eval_ppl = inf
  global_step = 409
  train_loss = 4.3492
  ********************
Previous best ppl:inf
BLEU file: ./data/tfix/2/validation.jsonl
  codebleu-4 = 58.34 	 Previous best codebleu 59.26
  ********************

***** Running evaluation *****
  Num examples = 104
  Batch size = 4
  epoch = 3
  eval_ppl = inf
  global_step = 545
  train_loss = 2.4254
  ********************
Previous best ppl:inf
BLEU file: ./data/tfix/2/validation.jsonl
  codebleu-4 = 58.0 	 Previous best codebleu 59.26
  ********************
early stopping!!!
reload model from tfix/2/hard0_codet5p_770m/checkpoint-best-bleu
BLEU file: ./data/tfix/2/test.jsonl
  codebleu = 60.88 
  Total = 102 
  Exact Fixed = 14 
[13, 17, 22, 25, 48, 49, 53, 70, 72, 74, 78, 80, 89, 100]
  Syntax Fixed = 0 
[]
  Cleaned Fixed = 1 
[31]
  ********************
  Total = 102 
  Exact Fixed = 14 
[13, 17, 22, 25, 48, 49, 53, 70, 72, 74, 78, 80, 89, 100]
  Syntax Fixed = 0 
[]
  Cleaned Fixed = 1 
[31]
  codebleu = 60.88 
[0.22619887519287302, 0.8199535775114237, 0.38626197666562845, 0.9143879239397519, 0.22556796225712933, 0.7260340659940081, 0.8896656211648155, 0.15, 0.6685284869568747, 0.6899766481408451, 0.6281305065795061, 0.3051384298635612, 1.0, 0.1685733388407632, 0.660365940524203, 0.4837491043818279, 1.0, 0.13985271067894745, 0.9056583090096291, 0.30959656731223933, 0.8356658099532572, 0.9891483218006352, 0.802713932743754, 0.8568274699818503, 0.919548114457609, 0.6618503204869636, 0.6887796716807859, 0.28269688894370654, 0.7724384145327522, 0.8642470965743208, 0.35530827434360257, 0.3981006108465297, 0.566221018567181, 0.709946360343789, 0.8399114554115357, 0.8353746106262074, 0.09473684210526315, 0.6265958401383632, 0.8676314291716003, 0.8048103351245981, 0.396376548721804, 0.3629160719563411, 0.42900132829974075, 0.05540387552681966, 0.7512524429703342, 0.934336399011221, 0.512271402818661, 1.0, 1.0, 0.44713630035176843, 0.10859587955759917, 0.2966597993138361, 0.8249365300761395, 0.8342413207153518, 0.3599867812326072, 0.6747088903862744, 0.5827685982686784, 0.5129834344293507, 0.467913762972279, 0.6416532852733938, 0.4080877117267552, 0.25908711331051354, 0.6775624655999579, 0.5850991740430667, 0.7102241494026018, 0.7682378900570572, 0.5027616393658039, 0.43096007508570255, 0.46738580972137844, 1.0, 0.568158309009629, 1.0, 0.7049295406070389, 1.0, 0.4288378866864627, 0.47996086480687705, 0.32184467070784006, 0.8516551101233703, 0.41413939082855794, 1.0, 0.46847240140405244, 0.3968728812502387, 0.2811219555899987, 0.174436274930823, 0.8596354401872717, 0.8645980101874506, 0.7209635394255931, 0.5147391347384329, 1.0, 0.7952738864082955, 0.3998629023055338, 0.8803061884077097, 0.2496689199587404, 0.6777780764825427, 0.7065543572766618, 0.23060489525495576, 0.2298355357735218, 0.7279095254199106, 0.7376376136976128, 1.0, 0.45906361599859924, 0.8783259097532135]
Finish training and take 13m
