Namespace(log_name='./result/tfix/2/random9_codet5p_220m.log', model_name='Salesforce/codet5p-220m', lang='javascript', output_dir='result/tfix/2/random9_codet5p_220m', data_dir='./data/tfix/2', no_cuda=False, visible_gpu='0', num_train_epochs=10, num_test_epochs=1, train_batch_size=4, eval_batch_size=4, gradient_accumulation_steps=1, load_model_path=None, config_name='', tokenizer_name='', max_source_length=512, max_target_length=512, warm_up_ratio=0.1, do_train=True, do_eval=True, do_test=True, freeze=False, learning_rate=5e-05, beam_size=10, weight_decay=0.0, adam_epsilon=1e-08, local_rank=-1, seed=42, early_stop_threshold=3)
Process rank: -1, device: cuda, n_gpu: 1, distributed training: False
Model created!!
[[{'text': 'Please fix a buggy program', 'loss_ids': 0, 'shortenable_ids': 0}, {'text': ' var rows = [   {', 'loss_ids': 0, 'shortenable_ids': 1}, {'text': 'the bug type is', 'loss_ids': 0, 'shortenable_ids': 0}, {'text': ' no-redeclare', 'loss_ids': 0, 'shortenable_ids': 0}, {'text': '.', 'loss_ids': 0, 'shortenable_ids': 0}, {'text': 'by taking repair actions', 'loss_ids': 0, 'shortenable_ids': 0}, {'text': ' Redeclaring variable.', 'loss_ids': 0, 'shortenable_ids': 0}, {'text': '<mask>', 'loss_ids': 1, 'shortenable_ids': 0}, {'text': 'is the fixed version', 'loss_ids': 0, 'shortenable_ids': 0}], {'guid': 0, 'tgt_text': 'const rows2 = [   {'}]
***** Running training *****
  Num examples = 816
  Batch size = 4
  Num epoch = 10

***** Running evaluation *****
  Num examples = 104
  Batch size = 4
  epoch = 0
  eval_ppl = 1.670710538846217e+301
  global_step = 205
  train_loss = 19.5498
  ********************
Previous best ppl:inf
Achieve Best ppl:1.670710538846217e+301
  ********************
BLEU file: ./data/tfix/2/validation.jsonl
  codebleu-4 = 59.94 	 Previous best codebleu 0
  ********************
 Achieve Best bleu:59.94
  ********************

***** Running evaluation *****
  Num examples = 104
  Batch size = 4
  epoch = 1
  eval_ppl = inf
  global_step = 409
  train_loss = 11.3323
  ********************
Previous best ppl:1.670710538846217e+301
BLEU file: ./data/tfix/2/validation.jsonl
  codebleu-4 = 59.14 	 Previous best codebleu 59.94
  ********************

***** Running evaluation *****
  Num examples = 104
  Batch size = 4
  epoch = 2
  eval_ppl = inf
  global_step = 613
  train_loss = 6.6538
  ********************
Previous best ppl:1.670710538846217e+301
BLEU file: ./data/tfix/2/validation.jsonl
  codebleu-4 = 60.55 	 Previous best codebleu 59.94
  ********************
 Achieve Best bleu:60.55
  ********************

***** Running evaluation *****
  Num examples = 104
  Batch size = 4
  epoch = 3
  eval_ppl = inf
  global_step = 817
  train_loss = 4.2032
  ********************
Previous best ppl:1.670710538846217e+301
BLEU file: ./data/tfix/2/validation.jsonl
  codebleu-4 = 59.47 	 Previous best codebleu 60.55
  ********************

***** Running evaluation *****
  Num examples = 104
  Batch size = 4
  epoch = 4
  eval_ppl = inf
  global_step = 1021
  train_loss = 2.5822
  ********************
Previous best ppl:1.670710538846217e+301
BLEU file: ./data/tfix/2/validation.jsonl
  codebleu-4 = 61.58 	 Previous best codebleu 60.55
  ********************
 Achieve Best bleu:61.58
  ********************

***** Running evaluation *****
  Num examples = 104
  Batch size = 4
  epoch = 5
  eval_ppl = inf
  global_step = 1225
  train_loss = 1.8217
  ********************
Previous best ppl:1.670710538846217e+301
BLEU file: ./data/tfix/2/validation.jsonl
  codebleu-4 = 61.91 	 Previous best codebleu 61.58
  ********************
 Achieve Best bleu:61.91
  ********************

***** Running evaluation *****
  Num examples = 104
  Batch size = 4
  epoch = 6
  eval_ppl = inf
  global_step = 1429
  train_loss = 1.2212
  ********************
Previous best ppl:1.670710538846217e+301
BLEU file: ./data/tfix/2/validation.jsonl
  codebleu-4 = 62.39 	 Previous best codebleu 61.91
  ********************
 Achieve Best bleu:62.39
  ********************

***** Running evaluation *****
  Num examples = 104
  Batch size = 4
  epoch = 7
  eval_ppl = inf
  global_step = 1633
  train_loss = 0.7699
  ********************
Previous best ppl:1.670710538846217e+301
BLEU file: ./data/tfix/2/validation.jsonl
  codebleu-4 = 61.55 	 Previous best codebleu 62.39
  ********************

***** Running evaluation *****
  Num examples = 104
  Batch size = 4
  epoch = 8
  eval_ppl = inf
  global_step = 1837
  train_loss = 0.5722
  ********************
Previous best ppl:1.670710538846217e+301
BLEU file: ./data/tfix/2/validation.jsonl
  codebleu-4 = 61.42 	 Previous best codebleu 62.39
  ********************

***** Running evaluation *****
  Num examples = 104
  Batch size = 4
  epoch = 9
  eval_ppl = inf
  global_step = 2041
  train_loss = 0.4497
  ********************
Previous best ppl:1.670710538846217e+301
BLEU file: ./data/tfix/2/validation.jsonl
  codebleu-4 = 61.45 	 Previous best codebleu 62.39
  ********************
early stopping!!!
reload model from result/tfix/2/random9_codet5p_220m/checkpoint-best-bleu
BLEU file: ./data/tfix/2/test.jsonl
  codebleu = 64.75 
  Total = 102 
  Exact Fixed = 18 
[13, 14, 17, 20, 25, 27, 31, 49, 53, 62, 63, 70, 72, 74, 78, 85, 89, 92]
  Syntax Fixed = 0 
[]
  Cleaned Fixed = 0 
[]
  ********************
  Total = 102 
  Exact Fixed = 18 
[13, 14, 17, 20, 25, 27, 31, 49, 53, 62, 63, 70, 72, 74, 78, 85, 89, 92]
  Syntax Fixed = 0 
[]
  Cleaned Fixed = 0 
[]
  codebleu = 64.75 
[0.22619887519287302, 0.8420613586766155, 0.38626197666562845, 0.8076623491927839, 0.22556796225712933, 0.6696762077491805, 0.9198056304083349, 0.15, 0.6685284869568747, 0.6899766481408451, 0.6281305065795061, 0.8691441569283882, 1.0, 1.0, 0.660365940524203, 0.5718428761160813, 1.0, 0.204436274930823, 0.9056583090096291, 0.8114529051148651, 0.8356658099532572, 0.5927200451626766, 0.6317323658169088, 0.8568274699818503, 0.919548114457609, 0.6618503204869636, 1.0, 0.28269688894370654, 0.7724384145327522, 0.8642470965743208, 0.8114529051148651, 0.7855975357012536, 0.566221018567181, 0.7156424393838232, 0.8399114554115357, 0.8353746106262074, 0.09999999999999999, 0.6265958401383632, 0.8676314291716003, 0.8048103351245981, 0.6173479243452424, 0.3629160719563411, 0.42900132829974075, 0.05540387552681966, 0.8019924721490199, 0.934336399011221, 0.4735874823650029, 0.4228792690388101, 1.0, 0.44713630035176843, 0.2573081641827963, 0.2966597993138361, 0.8249365300761395, 0.8342413207153518, 0.3599867812326072, 0.6747088903862744, 0.48066476735450636, 0.35528184443959826, 0.4180831851375558, 0.6416532852733938, 0.7729808431453671, 0.8114529051148651, 1.0, 0.5850991740430667, 0.7102241494026018, 0.7682378900570572, 0.5027616393658039, 0.46557545970108716, 0.39192340764673045, 1.0, 0.568158309009629, 1.0, 0.7049295406070389, 1.0, 0.4288378866864627, 0.47996086480687705, 0.4868446707078401, 0.8516551101233703, 0.41413939082855794, 0.6706847188488577, 0.46847240140405244, 0.3889423446181684, 0.22371280017048556, 0.19289299814414176, 1.0, 0.9145980101874507, 0.7209635394255931, 0.5147391347384329, 1.0, 0.7952738864082955, 0.3998629023055338, 1.0, 0.6532260383851596, 0.6777780764825427, 0.7065543572766618, 0.6372392396138981, 0.2520847538048024, 0.7279095254199106, 0.7376376136976128, 0.7886150441973765, 0.45906361599859924, 0.8783259097532135]
Finish training and take 11m
