Namespace(log_name='./result/tfix/2/random2_codet5p_770m.log', model_name='Salesforce/codet5p-770m', lang='javascript', output_dir='result/tfix/2/random2_codet5p_770m', data_dir='./data/tfix/2', no_cuda=False, visible_gpu='0', num_train_epochs=10, num_test_epochs=1, train_batch_size=4, eval_batch_size=4, gradient_accumulation_steps=1, load_model_path=None, config_name='', tokenizer_name='', max_source_length=512, max_target_length=512, warm_up_ratio=0.1, do_train=True, do_eval=True, do_test=True, freeze=False, learning_rate=5e-05, beam_size=10, weight_decay=0.0, adam_epsilon=1e-08, local_rank=-1, seed=42, early_stop_threshold=3)
Process rank: -1, device: cuda, n_gpu: 1, distributed training: False
Model created!!
[[{'text': 'Fix the bug in', 'loss_ids': 0, 'shortenable_ids': 0}, {'text': ' var rows = [   {', 'loss_ids': 0, 'shortenable_ids': 1}, {'text': '<mask>', 'loss_ids': 1, 'shortenable_ids': 0}], {'guid': 0, 'tgt_text': 'const rows2 = [   {'}]
***** Running training *****
  Num examples = 816
  Batch size = 4
  Num epoch = 10

***** Running evaluation *****
  Num examples = 104
  Batch size = 4
  epoch = 0
  eval_ppl = inf
  global_step = 205
  train_loss = 17.5314
  ********************
Previous best ppl:inf
Achieve Best ppl:inf
  ********************
BLEU file: ./data/tfix/2/validation.jsonl
  codebleu-4 = 58.5 	 Previous best codebleu 0
  ********************
 Achieve Best bleu:58.5
  ********************

***** Running evaluation *****
  Num examples = 104
  Batch size = 4
  epoch = 1
  eval_ppl = inf
  global_step = 409
  train_loss = 8.8954
  ********************
Previous best ppl:inf
Achieve Best ppl:inf
  ********************
BLEU file: ./data/tfix/2/validation.jsonl
  codebleu-4 = 60.52 	 Previous best codebleu 58.5
  ********************
 Achieve Best bleu:60.52
  ********************

***** Running evaluation *****
  Num examples = 104
  Batch size = 4
  epoch = 2
  eval_ppl = inf
  global_step = 613
  train_loss = 4.3524
  ********************
Previous best ppl:inf
Achieve Best ppl:inf
  ********************
BLEU file: ./data/tfix/2/validation.jsonl
  codebleu-4 = 60.1 	 Previous best codebleu 60.52
  ********************

***** Running evaluation *****
  Num examples = 104
  Batch size = 4
  epoch = 3
  eval_ppl = inf
  global_step = 817
  train_loss = 2.3112
  ********************
Previous best ppl:inf
BLEU file: ./data/tfix/2/validation.jsonl
  codebleu-4 = 60.38 	 Previous best codebleu 60.52
  ********************

***** Running evaluation *****
  Num examples = 104
  Batch size = 4
  epoch = 4
  eval_ppl = inf
  global_step = 1021
  train_loss = 1.1115
  ********************
Previous best ppl:inf
BLEU file: ./data/tfix/2/validation.jsonl
  codebleu-4 = 60.86 	 Previous best codebleu 60.52
  ********************
 Achieve Best bleu:60.86
  ********************

***** Running evaluation *****
  Num examples = 104
  Batch size = 4
  epoch = 5
  eval_ppl = inf
  global_step = 1225
  train_loss = 0.646
  ********************
Previous best ppl:inf
BLEU file: ./data/tfix/2/validation.jsonl
  codebleu-4 = 60.89 	 Previous best codebleu 60.86
  ********************
 Achieve Best bleu:60.89
  ********************

***** Running evaluation *****
  Num examples = 104
  Batch size = 4
  epoch = 6
  eval_ppl = inf
  global_step = 1429
  train_loss = 0.5104
  ********************
Previous best ppl:inf
BLEU file: ./data/tfix/2/validation.jsonl
  codebleu-4 = 60.03 	 Previous best codebleu 60.89
  ********************

***** Running evaluation *****
  Num examples = 104
  Batch size = 4
  epoch = 7
  eval_ppl = inf
  global_step = 1633
  train_loss = 0.2667
  ********************
Previous best ppl:inf
BLEU file: ./data/tfix/2/validation.jsonl
  codebleu-4 = 61.26 	 Previous best codebleu 60.89
  ********************
 Achieve Best bleu:61.26
  ********************

***** Running evaluation *****
  Num examples = 104
  Batch size = 4
  epoch = 8
  eval_ppl = inf
  global_step = 1837
  train_loss = 0.1886
  ********************
Previous best ppl:inf
BLEU file: ./data/tfix/2/validation.jsonl
  codebleu-4 = 60.82 	 Previous best codebleu 61.26
  ********************

***** Running evaluation *****
  Num examples = 104
  Batch size = 4
  epoch = 9
  eval_ppl = inf
  global_step = 2041
  train_loss = 0.0961
  ********************
Previous best ppl:inf
BLEU file: ./data/tfix/2/validation.jsonl
  codebleu-4 = 60.41 	 Previous best codebleu 61.26
  ********************
reload model from result/tfix/2/random2_codet5p_770m/checkpoint-best-bleu
BLEU file: ./data/tfix/2/test.jsonl
  codebleu = 63.03 
  Total = 102 
  Exact Fixed = 18 
[10, 13, 14, 17, 20, 25, 26, 27, 31, 49, 53, 63, 70, 72, 74, 89, 92, 100]
  Syntax Fixed = 1 
[2]
  Cleaned Fixed = 1 
[32]
  ********************
  Total = 102 
  Exact Fixed = 18 
[10, 13, 14, 17, 20, 25, 26, 27, 31, 49, 53, 63, 70, 72, 74, 89, 92, 100]
  Syntax Fixed = 1 
[2]
  Cleaned Fixed = 1 
[32]
  codebleu = 63.03 
[0.22619887519287302, 0.9059642451028274, 0.38626197666562845, 0.8076623491927839, 0.22556796225712933, 0.7596762077491805, 0.8896656211648155, 0.15, 0.6685284869568747, 1.0, 0.6449918890815938, 0.3051384298635612, 1.0, 1.0, 0.660365940524203, 0.5718428761160813, 1.0, 0.204436274930823, 0.6037009171705692, 0.8114529051148651, 0.8356658099532572, 0.5927200451626766, 0.802713932743754, 0.8568274699818503, 0.919548114457609, 1.0, 1.0, 0.28269688894370654, 0.7724384145327522, 0.8267470965743207, 0.8114529051148651, 0.6054680772601293, 0.566221018567181, 0.709946360343789, 0.8399114554115357, 0.8353746106262074, 0.0857142857142857, 0.6265958401383632, 0.8676314291716003, 0.8048103351245981, 0.6176733077091023, 0.3629160719563411, 0.42900132829974075, 0.04535576197454044, 0.8019924721490199, 0.934336399011221, 0.4735874823650029, 0.5204489565409558, 1.0, 0.44713630035176843, 0.10859587955759917, 0.3353314785118311, 0.8249365300761395, 0.8342413207153518, 0.3599867812326072, 0.6747088903862744, 0.48066476735450636, 0.5129834344293507, 0.467913762972279, 0.6416532852733938, 0.4080877117267552, 0.2597925764777499, 1.0, 0.5850991740430667, 0.7102241494026018, 0.5427203069756095, 0.5027616393658039, 0.46557545970108716, 0.46738580972137844, 1.0, 0.43096338622231944, 1.0, 0.7049295406070389, 1.0, 0.4288378866864627, 0.47996086480687705, 0.32184467070784006, 0.5907813756022573, 0.377190822574687, 0.6706847188488577, 0.46847240140405244, 0.3889423446181684, 0.31326481273285584, 0.2285294056020929, 0.8596354401872717, 0.8145980101874506, 0.7209635394255931, 0.5147391347384329, 1.0, 0.7952738864082955, 0.3998629023055338, 1.0, 0.6532260383851596, 0.6477780764825427, 0.7065543572766618, 0.4580097675218012, 0.2298355357735218, 0.7279095254199106, 0.7376376136976128, 1.0, 0.45906361599859924, 0.8783259097532135]
Finish training and take 31m
