Namespace(log_name='./tfix/2/soft5_codet5p_220m.log', model_name='Salesforce/codet5p-220m', lang='javascript', output_dir='tfix/2/soft5_codet5p_220m', data_dir='./data/tfix/2', no_cuda=False, visible_gpu='0', num_train_epochs=10, num_test_epochs=1, train_batch_size=6, eval_batch_size=4, gradient_accumulation_steps=1, load_model_path=None, config_name='', tokenizer_name='', max_source_length=512, max_target_length=512, warm_up_ratio=0.1, do_train=True, do_eval=True, do_test=True, freeze=False, learning_rate=5e-05, beam_size=10, weight_decay=0.0, adam_epsilon=1e-08, local_rank=-1, seed=42, early_stop_threshold=3)
Process rank: -1, device: cuda, n_gpu: 1, distributed training: False
Model created!!
[[{'text': 'var rows = [   {', 'loss_ids': 0, 'shortenable_ids': 1}, {'text': 'is buggy program', 'loss_ids': 0, 'shortenable_ids': 0}, {'text': '<mask>', 'loss_ids': 1, 'shortenable_ids': 0}, {'text': 'is fixed program', 'loss_ids': 0, 'shortenable_ids': 0}], {'guid': 0, 'tgt_text': 'const rows2 = [   {'}]
***** Running training *****
  Num examples = 816
  Batch size = 6
  Num epoch = 10

***** Running evaluation *****
  Num examples = 104
  Batch size = 4
  epoch = 0
  eval_ppl = inf
  global_step = 137
  train_loss = 19.0532
  ********************
Previous best ppl:inf
Achieve Best ppl:inf
  ********************
BLEU file: ./data/tfix/2/validation.jsonl
  codebleu-4 = 57.11 	 Previous best codebleu 0
  ********************
 Achieve Best bleu:57.11
  ********************

***** Running evaluation *****
  Num examples = 104
  Batch size = 4
  epoch = 1
  eval_ppl = inf
  global_step = 273
  train_loss = 10.4827
  ********************
Previous best ppl:inf
Achieve Best ppl:inf
  ********************
BLEU file: ./data/tfix/2/validation.jsonl
  codebleu-4 = 57.51 	 Previous best codebleu 57.11
  ********************
 Achieve Best bleu:57.51
  ********************

***** Running evaluation *****
  Num examples = 104
  Batch size = 4
  epoch = 2
  eval_ppl = inf
  global_step = 409
  train_loss = 6.4202
  ********************
Previous best ppl:inf
BLEU file: ./data/tfix/2/validation.jsonl
  codebleu-4 = 59.11 	 Previous best codebleu 57.51
  ********************
 Achieve Best bleu:59.11
  ********************

***** Running evaluation *****
  Num examples = 104
  Batch size = 4
  epoch = 3
  eval_ppl = inf
  global_step = 545
  train_loss = 3.9355
  ********************
Previous best ppl:inf
BLEU file: ./data/tfix/2/validation.jsonl
  codebleu-4 = 61.21 	 Previous best codebleu 59.11
  ********************
 Achieve Best bleu:61.21
  ********************

***** Running evaluation *****
  Num examples = 104
  Batch size = 4
  epoch = 4
  eval_ppl = inf
  global_step = 681
  train_loss = 2.7237
  ********************
Previous best ppl:inf
BLEU file: ./data/tfix/2/validation.jsonl
  codebleu-4 = 61.2 	 Previous best codebleu 61.21
  ********************

***** Running evaluation *****
  Num examples = 104
  Batch size = 4
  epoch = 5
  eval_ppl = inf
  global_step = 817
  train_loss = 1.6431
  ********************
Previous best ppl:inf
BLEU file: ./data/tfix/2/validation.jsonl
  codebleu-4 = 62.71 	 Previous best codebleu 61.21
  ********************
 Achieve Best bleu:62.71
  ********************

***** Running evaluation *****
  Num examples = 104
  Batch size = 4
  epoch = 6
  eval_ppl = inf
  global_step = 953
  train_loss = 1.1094
  ********************
Previous best ppl:inf
BLEU file: ./data/tfix/2/validation.jsonl
  codebleu-4 = 60.67 	 Previous best codebleu 62.71
  ********************

***** Running evaluation *****
  Num examples = 104
  Batch size = 4
  epoch = 7
  eval_ppl = inf
  global_step = 1089
  train_loss = 0.7819
  ********************
Previous best ppl:inf
BLEU file: ./data/tfix/2/validation.jsonl
  codebleu-4 = 60.61 	 Previous best codebleu 62.71
  ********************

***** Running evaluation *****
  Num examples = 104
  Batch size = 4
  epoch = 8
  eval_ppl = inf
  global_step = 1225
  train_loss = 0.5473
  ********************
Previous best ppl:inf
BLEU file: ./data/tfix/2/validation.jsonl
  codebleu-4 = 60.97 	 Previous best codebleu 62.71
  ********************
early stopping!!!
reload model from tfix/2/soft5_codet5p_220m/checkpoint-best-bleu
BLEU file: ./data/tfix/2/test.jsonl
  codebleu = 61.99 
  Total = 102 
  Exact Fixed = 14 
[14, 17, 20, 25, 27, 31, 49, 53, 63, 72, 74, 89, 92, 98]
  Syntax Fixed = 1 
[86]
  Cleaned Fixed = 0 
[]
  ********************
  Total = 102 
  Exact Fixed = 14 
[14, 17, 20, 25, 27, 31, 49, 53, 63, 72, 74, 89, 92, 98]
  Syntax Fixed = 1 
[86]
  Cleaned Fixed = 0 
[]
  codebleu = 61.99 
[0.22619887519287302, 0.8199535775114237, 0.38626197666562845, 0.8076623491927839, 0.22556796225712933, 0.7596762077491805, 0.8896656211648155, 0.15, 0.6685284869568747, 0.6899766481408451, 0.6281305065795061, 0.8691441569283882, 0.5158553937632147, 1.0, 0.660365940524203, 0.5718428761160813, 1.0, 0.204436274930823, 0.9056583090096291, 0.8114529051148651, 0.8356658099532572, 0.5927200451626766, 0.802713932743754, 0.8568274699818503, 0.919548114457609, 0.6618503204869636, 1.0, 0.28269688894370654, 0.7724384145327522, 0.8267470965743207, 0.8114529051148651, 0.3981006108465297, 0.566221018567181, 0.7156424393838232, 0.8399114554115357, 0.8353746106262074, 0.0857142857142857, 0.6265958401383632, 0.8676314291716003, 0.8048103351245981, 0.6031947305399858, 0.32628537216970693, 0.42900132829974075, 0.05540387552681966, 0.8019924721490199, 0.934336399011221, 0.4735874823650029, 0.43532289004754954, 1.0, 0.44713630035176843, 0.2573081641827963, 0.2966597993138361, 0.8249365300761395, 0.8342413207153518, 0.3599867812326072, 0.6747088903862744, 0.5827685982686784, 0.44778290345194927, 0.467913762972279, 0.6416532852733938, 0.7729808431453671, 0.2597925764777499, 1.0, 0.5514216156096869, 0.7102241494026018, 0.6897356395398102, 0.4778949756819134, 0.46557545970108716, 0.46738580972137844, 0.45956165096503154, 0.568158309009629, 1.0, 0.7049295406070389, 1.0, 0.4288378866864627, 0.47996086480687705, 0.29281455159007935, 0.45569158323145165, 0.41413939082855794, 0.6706847188488577, 0.46847240140405244, 0.3889423446181684, 0.22371280017048556, 0.174436274930823, 0.8596354401872717, 0.9145980101874507, 0.8067815565982941, 0.5147391347384329, 1.0, 0.7952738864082955, 0.3998629023055338, 1.0, 0.32951156146775035, 0.6477780764825427, 0.7065543572766618, 0.23060489525495576, 0.2520847538048024, 1.0, 0.7376376136976128, 0.7886150441973765, 0.45906361599859924, 0.8783259097532135]
Finish training and take 15m
