Namespace(log_name='./tfix/2/soft8_codet5p_220m.log', model_name='Salesforce/codet5p-220m', lang='javascript', output_dir='tfix/2/soft8_codet5p_220m', data_dir='./data/tfix/2', no_cuda=False, visible_gpu='0', num_train_epochs=10, num_test_epochs=1, train_batch_size=6, eval_batch_size=4, gradient_accumulation_steps=1, load_model_path=None, config_name='', tokenizer_name='', max_source_length=512, max_target_length=512, warm_up_ratio=0.1, do_train=True, do_eval=True, do_test=True, freeze=False, learning_rate=5e-05, beam_size=10, weight_decay=0.0, adam_epsilon=1e-08, local_rank=-1, seed=42, early_stop_threshold=3)
Process rank: -1, device: cuda, n_gpu: 1, distributed training: False
Model created!!
[[{'text': 'Please fix a buggy program', 'loss_ids': 0, 'shortenable_ids': 0}, {'text': ' var rows = [   {', 'loss_ids': 0, 'shortenable_ids': 1}, {'text': 'by taking repair actions', 'loss_ids': 0, 'shortenable_ids': 0}, {'text': ' Redeclaring variable.', 'loss_ids': 0, 'shortenable_ids': 0}, {'text': '<mask>', 'loss_ids': 1, 'shortenable_ids': 0}, {'text': 'is the fixed version', 'loss_ids': 0, 'shortenable_ids': 0}], {'guid': 0, 'tgt_text': 'const rows2 = [   {'}]
***** Running training *****
  Num examples = 816
  Batch size = 6
  Num epoch = 10

***** Running evaluation *****
  Num examples = 104
  Batch size = 4
  epoch = 0
  eval_ppl = inf
  global_step = 137
  train_loss = 18.308
  ********************
Previous best ppl:inf
Achieve Best ppl:inf
  ********************
BLEU file: ./data/tfix/2/validation.jsonl
  codebleu-4 = 56.14 	 Previous best codebleu 0
  ********************
 Achieve Best bleu:56.14
  ********************

***** Running evaluation *****
  Num examples = 104
  Batch size = 4
  epoch = 1
  eval_ppl = inf
  global_step = 273
  train_loss = 10.4448
  ********************
Previous best ppl:inf
BLEU file: ./data/tfix/2/validation.jsonl
  codebleu-4 = 59.3 	 Previous best codebleu 56.14
  ********************
 Achieve Best bleu:59.3
  ********************

***** Running evaluation *****
  Num examples = 104
  Batch size = 4
  epoch = 2
  eval_ppl = inf
  global_step = 409
  train_loss = 6.4578
  ********************
Previous best ppl:inf
BLEU file: ./data/tfix/2/validation.jsonl
  codebleu-4 = 59.83 	 Previous best codebleu 59.3
  ********************
 Achieve Best bleu:59.83
  ********************

***** Running evaluation *****
  Num examples = 104
  Batch size = 4
  epoch = 3
  eval_ppl = inf
  global_step = 545
  train_loss = 3.9991
  ********************
Previous best ppl:inf
BLEU file: ./data/tfix/2/validation.jsonl
  codebleu-4 = 61.81 	 Previous best codebleu 59.83
  ********************
 Achieve Best bleu:61.81
  ********************

***** Running evaluation *****
  Num examples = 104
  Batch size = 4
  epoch = 4
  eval_ppl = inf
  global_step = 681
  train_loss = 2.5836
  ********************
Previous best ppl:inf
BLEU file: ./data/tfix/2/validation.jsonl
  codebleu-4 = 62.72 	 Previous best codebleu 61.81
  ********************
 Achieve Best bleu:62.72
  ********************

***** Running evaluation *****
  Num examples = 104
  Batch size = 4
  epoch = 5
  eval_ppl = inf
  global_step = 817
  train_loss = 1.5258
  ********************
Previous best ppl:inf
BLEU file: ./data/tfix/2/validation.jsonl
  codebleu-4 = 62.15 	 Previous best codebleu 62.72
  ********************

***** Running evaluation *****
  Num examples = 104
  Batch size = 4
  epoch = 6
  eval_ppl = inf
  global_step = 953
  train_loss = 1.0181
  ********************
Previous best ppl:inf
BLEU file: ./data/tfix/2/validation.jsonl
  codebleu-4 = 62.68 	 Previous best codebleu 62.72
  ********************

***** Running evaluation *****
  Num examples = 104
  Batch size = 4
  epoch = 7
  eval_ppl = inf
  global_step = 1089
  train_loss = 0.738
  ********************
Previous best ppl:inf
BLEU file: ./data/tfix/2/validation.jsonl
  codebleu-4 = 62.05 	 Previous best codebleu 62.72
  ********************
early stopping!!!
reload model from tfix/2/soft8_codet5p_220m/checkpoint-best-bleu
BLEU file: ./data/tfix/2/test.jsonl
  codebleu = 63.3 
  Total = 102 
  Exact Fixed = 17 
[13, 14, 17, 20, 22, 25, 27, 31, 49, 53, 63, 72, 74, 89, 92, 98, 100]
  Syntax Fixed = 0 
[]
  Cleaned Fixed = 0 
[]
  ********************
  Total = 102 
  Exact Fixed = 17 
[13, 14, 17, 20, 22, 25, 27, 31, 49, 53, 63, 72, 74, 89, 92, 98, 100]
  Syntax Fixed = 0 
[]
  Cleaned Fixed = 0 
[]
  codebleu = 63.3 
[0.22619887519287302, 0.8420613586766155, 0.38626197666562845, 0.8076623491927839, 0.22556796225712933, 0.6495958255552015, 0.9198056304083349, 0.15, 0.8107617615708127, 0.6899766481408451, 0.6565149759825857, 0.8691441569283882, 1.0, 1.0, 0.660365940524203, 0.5718428761160813, 1.0, 0.204436274930823, 0.5468718116026199, 0.8114529051148651, 0.7667857383161394, 0.9891483218006352, 0.802713932743754, 0.8568274699818503, 0.919548114457609, 0.6618503204869636, 1.0, 0.28269688894370654, 0.7724384145327522, 0.8267470965743207, 0.8114529051148651, 0.5559525490792834, 0.566221018567181, 0.7156424393838232, 0.8399114554115357, 0.8353746106262074, 0.09999999999999999, 0.6265958401383632, 0.8676314291716003, 0.7184551582052519, 0.5793156229357315, 0.3629160719563411, 0.42900132829974075, 0.05540387552681966, 0.8019924721490199, 0.934336399011221, 0.4735874823650029, 0.39688026803980914, 1.0, 0.44713630035176843, 0.2573081641827963, 0.3037501958125861, 0.8249365300761395, 0.8342413207153518, 0.3599867812326072, 0.6747088903862744, 0.48066476735450636, 0.5129834344293507, 0.467913762972279, 0.6416532852733938, 0.45073477055028455, 0.2597925764777499, 1.0, 0.5850991740430667, 0.7102241494026018, 0.5427203069756095, 0.5027616393658039, 0.46557545970108716, 0.46738580972137844, 0.45956165096503154, 0.568158309009629, 1.0, 0.7049295406070389, 1.0, 0.4288378866864627, 0.47996086480687705, 0.5005725127561513, 0.8120385760411906, 0.41413939082855794, 0.39211329027742914, 0.46847240140405244, 0.3889423446181684, 0.22371280017048556, 0.18606856837889302, 0.8596354401872717, 0.9145980101874507, 0.8067815565982941, 0.5147391347384329, 1.0, 0.7952738864082955, 0.3998629023055338, 1.0, 0.6532260383851596, 0.6777780764825427, 0.7065543572766618, 0.4580097675218012, 0.30957310330555515, 1.0, 0.7376376136976128, 1.0, 0.45906361599859924, 0.8783259097532135]
Finish training and take 14m
