Namespace(log_name='./tfix/2/soft1_codet5p_770m.log', model_name='Salesforce/codet5p-770m', lang='javascript', output_dir='tfix/2/soft1_codet5p_770m', data_dir='./data/tfix/2', no_cuda=False, visible_gpu='0', num_train_epochs=10, num_test_epochs=1, train_batch_size=6, eval_batch_size=4, gradient_accumulation_steps=1, load_model_path=None, config_name='', tokenizer_name='', max_source_length=512, max_target_length=512, warm_up_ratio=0.1, do_train=True, do_eval=True, do_test=True, freeze=False, learning_rate=5e-05, beam_size=10, weight_decay=0.0, adam_epsilon=1e-08, local_rank=-1, seed=42, early_stop_threshold=3)
Process rank: -1, device: cuda, n_gpu: 1, distributed training: False
Model created!!
[[{'text': 'var rows = [   {', 'loss_ids': 0, 'shortenable_ids': 1}, {'text': 'the fixed version is', 'loss_ids': 0, 'shortenable_ids': 0}, {'text': '<mask>', 'loss_ids': 1, 'shortenable_ids': 0}], {'guid': 0, 'tgt_text': 'const rows2 = [   {'}]
***** Running training *****
  Num examples = 816
  Batch size = 6
  Num epoch = 10

***** Running evaluation *****
  Num examples = 104
  Batch size = 4
  epoch = 0
  eval_ppl = 1.8024557484853054e+301
  global_step = 137
  train_loss = 17.5496
  ********************
Previous best ppl:inf
Achieve Best ppl:1.8024557484853054e+301
  ********************
BLEU file: ./data/tfix/2/validation.jsonl
  codebleu-4 = 59.65 	 Previous best codebleu 0
  ********************
 Achieve Best bleu:59.65
  ********************

***** Running evaluation *****
  Num examples = 104
  Batch size = 4
  epoch = 1
  eval_ppl = inf
  global_step = 273
  train_loss = 8.5455
  ********************
Previous best ppl:1.8024557484853054e+301
BLEU file: ./data/tfix/2/validation.jsonl
  codebleu-4 = 57.96 	 Previous best codebleu 59.65
  ********************

***** Running evaluation *****
  Num examples = 104
  Batch size = 4
  epoch = 2
  eval_ppl = 2.060358454062453e+301
  global_step = 409
  train_loss = 4.311
  ********************
Previous best ppl:1.8024557484853054e+301
BLEU file: ./data/tfix/2/validation.jsonl
  codebleu-4 = 58.9 	 Previous best codebleu 59.65
  ********************

***** Running evaluation *****
  Num examples = 104
  Batch size = 4
  epoch = 3
  eval_ppl = inf
  global_step = 545
  train_loss = 2.3295
  ********************
Previous best ppl:1.8024557484853054e+301
BLEU file: ./data/tfix/2/validation.jsonl
  codebleu-4 = 60.85 	 Previous best codebleu 59.65
  ********************
 Achieve Best bleu:60.85
  ********************

***** Running evaluation *****
  Num examples = 104
  Batch size = 4
  epoch = 4
  eval_ppl = inf
  global_step = 681
  train_loss = 1.2038
  ********************
Previous best ppl:1.8024557484853054e+301
BLEU file: ./data/tfix/2/validation.jsonl
  codebleu-4 = 59.49 	 Previous best codebleu 60.85
  ********************

***** Running evaluation *****
  Num examples = 104
  Batch size = 4
  epoch = 5
  eval_ppl = inf
  global_step = 817
  train_loss = 0.6421
  ********************
Previous best ppl:1.8024557484853054e+301
BLEU file: ./data/tfix/2/validation.jsonl
  codebleu-4 = 61.83 	 Previous best codebleu 60.85
  ********************
 Achieve Best bleu:61.83
  ********************

***** Running evaluation *****
  Num examples = 104
  Batch size = 4
  epoch = 6
  eval_ppl = inf
  global_step = 953
  train_loss = 0.3866
  ********************
Previous best ppl:1.8024557484853054e+301
BLEU file: ./data/tfix/2/validation.jsonl
  codebleu-4 = 62.07 	 Previous best codebleu 61.83
  ********************
 Achieve Best bleu:62.07
  ********************

***** Running evaluation *****
  Num examples = 104
  Batch size = 4
  epoch = 7
  eval_ppl = inf
  global_step = 1089
  train_loss = 0.1687
  ********************
Previous best ppl:1.8024557484853054e+301
BLEU file: ./data/tfix/2/validation.jsonl
  codebleu-4 = 61.28 	 Previous best codebleu 62.07
  ********************

***** Running evaluation *****
  Num examples = 104
  Batch size = 4
  epoch = 8
  eval_ppl = inf
  global_step = 1225
  train_loss = 0.1725
  ********************
Previous best ppl:1.8024557484853054e+301
BLEU file: ./data/tfix/2/validation.jsonl
  codebleu-4 = 61.41 	 Previous best codebleu 62.07
  ********************

***** Running evaluation *****
  Num examples = 104
  Batch size = 4
  epoch = 9
  eval_ppl = inf
  global_step = 1361
  train_loss = 0.1274
  ********************
Previous best ppl:1.8024557484853054e+301
BLEU file: ./data/tfix/2/validation.jsonl
  codebleu-4 = 62.04 	 Previous best codebleu 62.07
  ********************
early stopping!!!
reload model from tfix/2/soft1_codet5p_770m/checkpoint-best-bleu
BLEU file: ./data/tfix/2/test.jsonl
  codebleu = 64.18 
  Total = 102 
  Exact Fixed = 19 
[7, 13, 14, 17, 20, 25, 27, 31, 49, 53, 62, 63, 70, 72, 74, 78, 89, 92, 100]
  Syntax Fixed = 0 
[]
  Cleaned Fixed = 0 
[]
  ********************
  Total = 102 
  Exact Fixed = 19 
[7, 13, 14, 17, 20, 25, 27, 31, 49, 53, 62, 63, 70, 72, 74, 78, 89, 92, 100]
  Syntax Fixed = 0 
[]
  Cleaned Fixed = 0 
[]
  codebleu = 64.18 
[0.22619887519287302, 0.8199535775114237, 0.38626197666562845, 0.8113311593777217, 0.22556796225712933, 0.7596762077491805, 0.9090204598744929, 0.15, 0.6685284869568747, 0.6899766481408451, 0.6281305065795061, 0.8691441569283882, 1.0, 1.0, 0.660365940524203, 0.5718428761160813, 1.0, 0.204436274930823, 0.6001912500950548, 0.8114529051148651, 0.8356658099532572, 0.5927200451626766, 0.802713932743754, 0.8568274699818503, 0.919548114457609, 0.6618503204869636, 1.0, 0.28269688894370654, 0.7724384145327522, 0.8267470965743207, 0.8114529051148651, 0.7855975357012536, 0.529281730824781, 0.709946360343789, 0.8399114554115357, 0.8353746106262074, 0.09999999999999999, 0.6265958401383632, 0.8676314291716003, 0.8048103351245981, 0.6176733077091023, 0.3629160719563411, 0.42900132829974075, 0.05540387552681966, 0.8019924721490199, 0.934336399011221, 0.4735874823650029, 0.39688026803980914, 1.0, 0.44713630035176843, 0.10859587955759917, 0.2966597993138361, 0.8249365300761395, 0.8342413207153518, 0.3599867812326072, 0.6747088903862744, 0.5827685982686784, 0.5129834344293507, 0.467913762972279, 0.6416532852733938, 0.4080877117267552, 0.8114529051148651, 1.0, 0.5850991740430667, 0.7102241494026018, 0.7682378900570572, 0.5027616393658039, 0.46557545970108716, 0.46738580972137844, 1.0, 0.568158309009629, 1.0, 0.7049295406070389, 1.0, 0.4288378866864627, 0.47996086480687705, 0.32457194343511286, 0.8516551101233703, 0.41413939082855794, 0.39211329027742914, 0.46847240140405244, 0.3889423446181684, 0.6764644690003574, 0.174436274930823, 0.8596354401872717, 0.8645980101874506, 0.7209635394255931, 0.5147391347384329, 1.0, 0.7952738864082955, 0.3998629023055338, 1.0, 0.6869082306429403, 0.6477780764825427, 0.7065543572766618, 0.4580097675218012, 0.2920847538048024, 0.570217217727603, 0.7376376136976128, 1.0, 0.45906361599859924, 0.8783259097532135]
Finish training and take 43m
