Namespace(log_name='./result/tfix/2/soft7_codet5p_220m.log', model_name='Salesforce/codet5p-220m', lang='javascript', output_dir='result/tfix/2/soft7_codet5p_220m', data_dir='./data/tfix/2', no_cuda=False, visible_gpu='0', num_train_epochs=10, num_test_epochs=1, train_batch_size=4, eval_batch_size=4, gradient_accumulation_steps=1, load_model_path=None, config_name='', tokenizer_name='', max_source_length=512, max_target_length=512, warm_up_ratio=0.1, do_train=True, do_eval=True, do_test=True, freeze=False, learning_rate=5e-05, beam_size=10, weight_decay=0.0, adam_epsilon=1e-08, local_rank=-1, seed=42, early_stop_threshold=3)
Process rank: -1, device: cuda, n_gpu: 1, distributed training: False
Model created!!
[[{'text': 'Please fix a buggy program', 'loss_ids': 0, 'shortenable_ids': 0}, {'text': ' var rows = [   {', 'loss_ids': 0, 'shortenable_ids': 1}, {'text': 'the bug type is', 'loss_ids': 0, 'shortenable_ids': 0}, {'text': ' no-redeclare', 'loss_ids': 0, 'shortenable_ids': 0}, {'text': '.', 'loss_ids': 0, 'shortenable_ids': 0}, {'text': '<mask>', 'loss_ids': 1, 'shortenable_ids': 0}, {'text': 'is the fixed version', 'loss_ids': 0, 'shortenable_ids': 0}], {'guid': 0, 'tgt_text': 'const rows2 = [   {'}]
***** Running training *****
  Num examples = 816
  Batch size = 4
  Num epoch = 10

***** Running evaluation *****
  Num examples = 104
  Batch size = 4
  epoch = 0
  eval_ppl = inf
  global_step = 205
  train_loss = 17.6819
  ********************
Previous best ppl:inf
Achieve Best ppl:inf
  ********************
BLEU file: ./data/tfix/2/validation.jsonl
  codebleu-4 = 55.01 	 Previous best codebleu 0
  ********************
 Achieve Best bleu:55.01
  ********************

***** Running evaluation *****
  Num examples = 104
  Batch size = 4
  epoch = 1
  eval_ppl = inf
  global_step = 409
  train_loss = 10.3686
  ********************
Previous best ppl:inf
Achieve Best ppl:inf
  ********************
BLEU file: ./data/tfix/2/validation.jsonl
  codebleu-4 = 61.87 	 Previous best codebleu 55.01
  ********************
 Achieve Best bleu:61.87
  ********************

***** Running evaluation *****
  Num examples = 104
  Batch size = 4
  epoch = 2
  eval_ppl = inf
  global_step = 613
  train_loss = 5.8871
  ********************
Previous best ppl:inf
BLEU file: ./data/tfix/2/validation.jsonl
  codebleu-4 = 61.92 	 Previous best codebleu 61.87
  ********************
 Achieve Best bleu:61.92
  ********************

***** Running evaluation *****
  Num examples = 104
  Batch size = 4
  epoch = 3
  eval_ppl = inf
  global_step = 817
  train_loss = 3.4971
  ********************
Previous best ppl:inf
BLEU file: ./data/tfix/2/validation.jsonl
  codebleu-4 = 62.28 	 Previous best codebleu 61.92
  ********************
 Achieve Best bleu:62.28
  ********************

***** Running evaluation *****
  Num examples = 104
  Batch size = 4
  epoch = 4
  eval_ppl = inf
  global_step = 1021
  train_loss = 2.2227
  ********************
Previous best ppl:inf
BLEU file: ./data/tfix/2/validation.jsonl
  codebleu-4 = 63.24 	 Previous best codebleu 62.28
  ********************
 Achieve Best bleu:63.24
  ********************

***** Running evaluation *****
  Num examples = 104
  Batch size = 4
  epoch = 5
  eval_ppl = inf
  global_step = 1225
  train_loss = 1.3568
  ********************
Previous best ppl:inf
BLEU file: ./data/tfix/2/validation.jsonl
  codebleu-4 = 60.74 	 Previous best codebleu 63.24
  ********************

***** Running evaluation *****
  Num examples = 104
  Batch size = 4
  epoch = 6
  eval_ppl = inf
  global_step = 1429
  train_loss = 0.9171
  ********************
Previous best ppl:inf
BLEU file: ./data/tfix/2/validation.jsonl
  codebleu-4 = 60.53 	 Previous best codebleu 63.24
  ********************

***** Running evaluation *****
  Num examples = 104
  Batch size = 4
  epoch = 7
  eval_ppl = inf
  global_step = 1633
  train_loss = 0.5618
  ********************
Previous best ppl:inf
BLEU file: ./data/tfix/2/validation.jsonl
  codebleu-4 = 60.13 	 Previous best codebleu 63.24
  ********************
early stopping!!!
reload model from result/tfix/2/soft7_codet5p_220m/checkpoint-best-bleu
BLEU file: ./data/tfix/2/test.jsonl
  codebleu = 64.7 
  Total = 102 
  Exact Fixed = 17 
[13, 14, 17, 20, 25, 27, 31, 44, 49, 53, 70, 72, 74, 78, 89, 92, 100]
  Syntax Fixed = 0 
[]
  Cleaned Fixed = 0 
[]
  ********************
  Total = 102 
  Exact Fixed = 17 
[13, 14, 17, 20, 25, 27, 31, 44, 49, 53, 70, 72, 74, 78, 89, 92, 100]
  Syntax Fixed = 0 
[]
  Cleaned Fixed = 0 
[]
  codebleu = 64.7 
[0.22619887519287302, 0.8199535775114237, 0.38626197666562845, 0.8241458656763003, 0.22556796225712933, 0.7596762077491805, 0.9198056304083349, 0.15, 0.6685284869568747, 0.6899766481408451, 0.6449918890815938, 0.8691441569283882, 1.0, 1.0, 0.660365940524203, 0.4837491043818279, 1.0, 0.204436274930823, 0.9056583090096291, 0.8114529051148651, 0.7636960603865672, 0.5927200451626766, 0.802713932743754, 0.8568274699818503, 0.919548114457609, 0.6618503204869636, 1.0, 0.28269688894370654, 0.7724384145327522, 0.8267470965743207, 0.8114529051148651, 0.7855975357012536, 0.566221018567181, 0.709946360343789, 0.47866375975693864, 0.8353746106262074, 0.09999999999999999, 0.6265958401383632, 0.8676314291716003, 0.8048103351245981, 0.6173479243452424, 0.3629160719563411, 0.42900132829974075, 0.7135428903906851, 0.8019924721490199, 0.934336399011221, 0.4735874823650029, 0.40924290540244646, 1.0, 0.44713630035176843, 0.10859587955759917, 0.2966597993138361, 0.8249365300761395, 0.8342413207153518, 0.3599867812326072, 0.6747088903862744, 0.5827685982686784, 0.44778290345194927, 0.467913762972279, 0.6416532852733938, 0.7729808431453671, 0.25908711331051354, 0.8686013831393846, 0.5850991740430667, 0.7102241494026018, 0.7682378900570572, 0.5564489589572095, 0.47761992320925506, 0.46738580972137844, 1.0, 0.568158309009629, 1.0, 0.7982255942378733, 1.0, 0.4288378866864627, 0.47996086480687705, 0.6082648204484591, 0.8516551101233703, 0.41413939082855794, 0.6706847188488577, 0.46847240140405244, 0.3889423446181684, 0.25228422874191414, 0.174436274930823, 0.8596354401872717, 0.8645980101874506, 0.7537207807848469, 0.5147391347384329, 1.0, 0.7537031551108371, 0.3998629023055338, 1.0, 0.6532260383851596, 0.6477780764825427, 0.7065543572766618, 0.4580097675218012, 0.26160856332861193, 0.7279095254199106, 0.7376376136976128, 1.0, 0.45906361599859924, 0.8783259097532135]
Finish training and take 11m
