Namespace(log_name='./tfix/2/soft9_codet5p_770m.log', model_name='Salesforce/codet5p-770m', lang='javascript', output_dir='tfix/2/soft9_codet5p_770m', data_dir='./data/tfix/2', no_cuda=False, visible_gpu='0', num_train_epochs=10, num_test_epochs=1, train_batch_size=6, eval_batch_size=4, gradient_accumulation_steps=1, load_model_path=None, config_name='', tokenizer_name='', max_source_length=512, max_target_length=512, warm_up_ratio=0.1, do_train=True, do_eval=True, do_test=True, freeze=False, learning_rate=5e-05, beam_size=10, weight_decay=0.0, adam_epsilon=1e-08, local_rank=-1, seed=42, early_stop_threshold=3)
Process rank: -1, device: cuda, n_gpu: 1, distributed training: False
Model created!!
[[{'text': 'Please fix a buggy program', 'loss_ids': 0, 'shortenable_ids': 0}, {'text': ' var rows = [   {', 'loss_ids': 0, 'shortenable_ids': 1}, {'text': 'the bug type is', 'loss_ids': 0, 'shortenable_ids': 0}, {'text': ' no-redeclare', 'loss_ids': 0, 'shortenable_ids': 0}, {'text': '.', 'loss_ids': 0, 'shortenable_ids': 0}, {'text': 'by taking repair actions', 'loss_ids': 0, 'shortenable_ids': 0}, {'text': ' Redeclaring variable.', 'loss_ids': 0, 'shortenable_ids': 0}, {'text': '<mask>', 'loss_ids': 1, 'shortenable_ids': 0}, {'text': 'is the fixed version', 'loss_ids': 0, 'shortenable_ids': 0}], {'guid': 0, 'tgt_text': 'const rows2 = [   {'}]
***** Running training *****
  Num examples = 816
  Batch size = 6
  Num epoch = 10

***** Running evaluation *****
  Num examples = 104
  Batch size = 4
  epoch = 0
  eval_ppl = inf
  global_step = 137
  train_loss = 16.458
  ********************
Previous best ppl:inf
Achieve Best ppl:inf
  ********************
BLEU file: ./data/tfix/2/validation.jsonl
  codebleu-4 = 61.0 	 Previous best codebleu 0
  ********************
 Achieve Best bleu:61.0
  ********************

***** Running evaluation *****
  Num examples = 104
  Batch size = 4
  epoch = 1
  eval_ppl = inf
  global_step = 273
  train_loss = 8.4324
  ********************
Previous best ppl:inf
BLEU file: ./data/tfix/2/validation.jsonl
  codebleu-4 = 59.29 	 Previous best codebleu 61.0
  ********************

***** Running evaluation *****
  Num examples = 104
  Batch size = 4
  epoch = 2
  eval_ppl = inf
  global_step = 409
  train_loss = 4.0118
  ********************
Previous best ppl:inf
BLEU file: ./data/tfix/2/validation.jsonl
  codebleu-4 = 58.98 	 Previous best codebleu 61.0
  ********************

***** Running evaluation *****
  Num examples = 104
  Batch size = 4
  epoch = 3
  eval_ppl = inf
  global_step = 545
  train_loss = 2.3345
  ********************
Previous best ppl:inf
BLEU file: ./data/tfix/2/validation.jsonl
  codebleu-4 = 61.5 	 Previous best codebleu 61.0
  ********************
 Achieve Best bleu:61.5
  ********************

***** Running evaluation *****
  Num examples = 104
  Batch size = 4
  epoch = 4
  eval_ppl = inf
  global_step = 681
  train_loss = 1.2414
  ********************
Previous best ppl:inf
BLEU file: ./data/tfix/2/validation.jsonl
  codebleu-4 = 62.81 	 Previous best codebleu 61.5
  ********************
 Achieve Best bleu:62.81
  ********************

***** Running evaluation *****
  Num examples = 104
  Batch size = 4
  epoch = 5
  eval_ppl = inf
  global_step = 817
  train_loss = 0.637
  ********************
Previous best ppl:inf
BLEU file: ./data/tfix/2/validation.jsonl
  codebleu-4 = 61.38 	 Previous best codebleu 62.81
  ********************

***** Running evaluation *****
  Num examples = 104
  Batch size = 4
  epoch = 6
  eval_ppl = inf
  global_step = 953
  train_loss = 0.3298
  ********************
Previous best ppl:inf
BLEU file: ./data/tfix/2/validation.jsonl
  codebleu-4 = 61.24 	 Previous best codebleu 62.81
  ********************

***** Running evaluation *****
  Num examples = 104
  Batch size = 4
  epoch = 7
  eval_ppl = inf
  global_step = 1089
  train_loss = 0.19
  ********************
Previous best ppl:inf
BLEU file: ./data/tfix/2/validation.jsonl
  codebleu-4 = 60.26 	 Previous best codebleu 62.81
  ********************
early stopping!!!
reload model from tfix/2/soft9_codet5p_770m/checkpoint-best-bleu
BLEU file: ./data/tfix/2/test.jsonl
  codebleu = 66.9 
  Total = 102 
  Exact Fixed = 20 
[13, 14, 17, 20, 22, 25, 27, 31, 49, 52, 53, 63, 70, 72, 74, 80, 89, 92, 98, 100]
  Syntax Fixed = 0 
[]
  Cleaned Fixed = 0 
[]
  ********************
  Total = 102 
  Exact Fixed = 20 
[13, 14, 17, 20, 22, 25, 27, 31, 49, 52, 53, 63, 70, 72, 74, 80, 89, 92, 98, 100]
  Syntax Fixed = 0 
[]
  Cleaned Fixed = 0 
[]
  codebleu = 66.9 
[0.22619887519287302, 0.8199535775114237, 0.38626197666562845, 0.8113311593777217, 0.22556796225712933, 0.7596762077491805, 0.9198056304083349, 0.15, 0.6685284869568747, 0.6899766481408451, 0.6449918890815938, 0.8691441569283882, 1.0, 1.0, 0.660365940524203, 0.5718428761160813, 1.0, 0.204436274930823, 0.9056583090096291, 0.8114529051148651, 0.8356658099532572, 0.9891483218006352, 0.802713932743754, 0.8568274699818503, 0.919548114457609, 0.6868503204869636, 1.0, 0.28269688894370654, 0.7724384145327522, 0.8267470965743207, 0.8114529051148651, 0.7855975357012536, 0.566221018567181, 0.709946360343789, 0.8399114554115357, 0.8353746106262074, 0.0857142857142857, 0.6265958401383632, 0.8676314291716003, 0.7594626873153323, 0.396376548721804, 0.3629160719563411, 0.42900132829974075, 0.04535576197454044, 0.8019924721490199, 0.934336399011221, 0.4735874823650029, 0.6210924678218244, 1.0, 0.3894439926594607, 0.2573081641827963, 1.0, 0.8249365300761395, 0.8342413207153518, 0.3599867812326072, 0.6747088903862744, 0.48066476735450636, 0.5129834344293507, 0.467913762972279, 0.6416532852733938, 0.7729808431453671, 0.6983535654700125, 1.0, 0.5850991740430667, 0.7102241494026018, 0.7682378900570572, 0.8288120051119818, 0.47761992320925506, 0.46738580972137844, 1.0, 0.568158309009629, 1.0, 0.7049295406070389, 1.0, 0.4288378866864627, 0.47996086480687705, 0.32457194343511286, 0.4766582037659872, 0.41413939082855794, 1.0, 0.7349373226733468, 0.3889423446181684, 0.6764644690003574, 0.174436274930823, 0.8596354401872717, 0.9145980101874507, 0.7537207807848469, 0.5147391347384329, 1.0, 0.7952738864082955, 0.3998629023055338, 1.0, 0.6532260383851596, 0.5567788325878475, 0.7065543572766618, 0.4580097675218012, 0.2920847538048024, 1.0, 0.7376376136976128, 1.0, 0.3415977412115768, 0.8783259097532135]
Finish training and take 35m
