Namespace(log_name='./RQ5/bugsinpy_32_3/codet5p_220m.log', model_name='Salesforce/codet5p-220m', lang='python', output_dir='RQ5/bugsinpy_32_3/codet5p_220m', data_dir='./data/RQ5/bugsinpy_32_3', choice=0, no_cuda=False, visible_gpu='0', num_train_epochs=10, num_test_epochs=1, train_batch_size=8, eval_batch_size=4, gradient_accumulation_steps=1, load_model_path=None, config_name='', tokenizer_name='', max_source_length=512, max_target_length=512, warm_up_ratio=0.1, do_train=True, do_eval=True, do_test=True, freeze=False, learning_rate=5e-05, beam_size=10, weight_decay=0.0, adam_epsilon=1e-08, local_rank=-1, seed=42, early_stop_threshold=3)
Process rank: -1, device: cuda, n_gpu: 1, distributed training: False
Model created!!
[[{'text': 'class FormRequest(Request):  def _get_form_url(form, url):      if url is None:         return urljoin(form.base_url, form.action)      return urljoin(form.base_url, url)', 'loss_ids': 0, 'shortenable_ids': 1}, {'text': '<mask>', 'loss_ids': 1, 'shortenable_ids': 0}, {'text': 'is the fixed version', 'loss_ids': 0, 'shortenable_ids': 0}], {'guid': 0, 'tgt_text': "class FormRequest(Request):  def _get_form_url(form, url):      if url is None:         action = form.get('action')         if action is None:             return form.base_url         return urljoin(form.base_url, strip_html5_whitespace(action))      return urljoin(form.base_url, url)"}]
***** Running training *****
  Num examples = 32
  Batch size = 8
  Num epoch = 10

***** Running evaluation *****
  Num examples = 100
  Batch size = 4
  epoch = 0
  eval_ppl = 7.448178171137317e+271
  global_step = 5
  train_loss = 95.4483
  ********************
Previous best ppl:inf
Achieve Best ppl:7.448178171137317e+271
  ********************
BLEU file: ./data/RQ5/bugsinpy_32_3/validation.jsonl
  codebleu-4 = 28.6 	 Previous best codebleu 0
  ********************
 Achieve Best bleu:28.6
  ********************

***** Running evaluation *****
  Num examples = 100
  Batch size = 4
  epoch = 1
  eval_ppl = 5.27540376734978e+292
  global_step = 9
  train_loss = 59.1778
  ********************
Previous best ppl:7.448178171137317e+271
BLEU file: ./data/RQ5/bugsinpy_32_3/validation.jsonl
  codebleu-4 = 63.6 	 Previous best codebleu 28.6
  ********************
 Achieve Best bleu:63.6
  ********************

***** Running evaluation *****
  Num examples = 100
  Batch size = 4
  epoch = 2
  eval_ppl = inf
  global_step = 13
  train_loss = 42.9511
  ********************
Previous best ppl:7.448178171137317e+271
BLEU file: ./data/RQ5/bugsinpy_32_3/validation.jsonl
  codebleu-4 = 75.43 	 Previous best codebleu 63.6
  ********************
 Achieve Best bleu:75.43
  ********************

***** Running evaluation *****
  Num examples = 100
  Batch size = 4
  epoch = 3
  eval_ppl = inf
  global_step = 17
  train_loss = 32.2017
  ********************
Previous best ppl:7.448178171137317e+271
BLEU file: ./data/RQ5/bugsinpy_32_3/validation.jsonl
  codebleu-4 = 75.55 	 Previous best codebleu 75.43
  ********************
 Achieve Best bleu:75.55
  ********************

***** Running evaluation *****
  Num examples = 100
  Batch size = 4
  epoch = 4
  eval_ppl = inf
  global_step = 21
  train_loss = 26.6494
  ********************
Previous best ppl:7.448178171137317e+271
BLEU file: ./data/RQ5/bugsinpy_32_3/validation.jsonl
  codebleu-4 = 75.54 	 Previous best codebleu 75.55
  ********************

***** Running evaluation *****
  Num examples = 100
  Batch size = 4
  epoch = 5
  eval_ppl = inf
  global_step = 25
  train_loss = 21.1439
  ********************
Previous best ppl:7.448178171137317e+271
BLEU file: ./data/RQ5/bugsinpy_32_3/validation.jsonl
  codebleu-4 = 76.06 	 Previous best codebleu 75.55
  ********************
 Achieve Best bleu:76.06
  ********************

***** Running evaluation *****
  Num examples = 100
  Batch size = 4
  epoch = 6
  eval_ppl = inf
  global_step = 29
  train_loss = 17.0839
  ********************
Previous best ppl:7.448178171137317e+271
BLEU file: ./data/RQ5/bugsinpy_32_3/validation.jsonl
  codebleu-4 = 76.06 	 Previous best codebleu 76.06
  ********************

***** Running evaluation *****
  Num examples = 100
  Batch size = 4
  epoch = 7
  eval_ppl = inf
  global_step = 33
  train_loss = 15.4064
  ********************
Previous best ppl:7.448178171137317e+271
BLEU file: ./data/RQ5/bugsinpy_32_3/validation.jsonl
  codebleu-4 = 75.82 	 Previous best codebleu 76.06
  ********************

***** Running evaluation *****
  Num examples = 100
  Batch size = 4
  epoch = 8
  eval_ppl = inf
  global_step = 37
  train_loss = 13.6801
  ********************
Previous best ppl:7.448178171137317e+271
BLEU file: ./data/RQ5/bugsinpy_32_3/validation.jsonl
  codebleu-4 = 75.82 	 Previous best codebleu 76.06
  ********************
early stopping!!!
reload model from RQ5/bugsinpy_32_3/codet5p_220m/checkpoint-best-bleu
BLEU file: ./data/RQ5/bugsinpy_32_3/test.jsonl
  codebleu = 75.8 
  Total = 117 
  Exact Fixed = 2 
[9, 85]
  Syntax Fixed = 0 
[]
  Cleaned Fixed = 0 
[]
  ********************
  Total = 117 
  Exact Fixed = 2 
[9, 85]
  Syntax Fixed = 0 
[]
  Cleaned Fixed = 0 
[]
  codebleu = 75.8 
[0.8856389378075658, 0.8736270526063763, 0.788050295413492, 0.7042953619649426, 0.8814955038434287, 0.9666856331752072, 0.8703246706459902, 0.8631855387221548, 0.909919608052175, 0.5037077119806818, 0.8962096929024133, 0.49150427670545643, 0.8068413656728535, 0.8853004704636518, 0.7093853536262804, 0.8808919461147899, 0.9056583090096291, 0.610067068626702, 0.8300101016746005, 0.9204219587780458, 0.8834124216164225, 0.8923125000332248, 0.8674433454759134, 0.6883720951974961, 0.9063467386633746, 0.8352894783834772, 0.8362747318435784, 0.8754861943073293, 0.8021170040829606, 0.7572098935987482, 0.8231560738418289, 0.6601281703247908, 0.6853803599169206, 0.7714650156104186, 0.7884485258508804, 0.7768711691119308, 0.8484585607242681, 0.9411542454583528, 0.26363208452768544, 0.8475864225311183, 0.8884573785188872, 0.878865255109752, 0.6493367645086796, 0.9142445273649933, 0.7443181170763433, 0.6441425627537012, 0.583933634540305, 0.39686614731832626, 0.782053171927164, 0.47166395418323315, 0.6508693332230462, 0.7225931341121177, 0.8398338728659691, 0.8188467459455739, 0.8385834949297515, 0.9474759345795825, 0.8077895563342797, 0.725598015348109, 0.48787113038398106, 0.5117566728908322, 0.8782734899756608, 0.860117164263619, 0.8234479137638847, 0.6356257812621184, 0.4545507520171642, 0.8441782169344423, 0.9472873156881443, 0.7715012035371895, 0.8086254987195756, 0.8871978499693505, 0.9178662308912058, 0.7449734989717058, 0.8611544762176193, 0.8594942629236695, 0.8358395384567638, 0.6513647900431214, 0.7531797171538064, 0.2909718763883706, 0.568803606953774, 0.6936199831009335, 0.8475332565755729, 0.7738279988463377, 0.7318286091585733, 0.8673208349360431, 1.0, 0.5750974938187585, 0.8807926879441415, 0.676525822803221, 0.7507982187182929, 0.6413921957402942, 0.621240758456996, 0.7896354401872717, 0.8096114788906146, 0.6374410208386678, 0.6939112308588368, 0.5571314709024371, 0.7420541780659815, 0.7419234892127716, 0.6439391185600173, 0.5911195501972704, 0.6530224530296921, 0.7639654153934541, 0.8399114554115357, 0.8548397899287874, 0.6728230800934798, 0.7953587603777192, 0.5936056097912514, 0.7332519354895861, 0.7711221670600811, 0.884250182279102, 0.8195330229945343, 0.4740532618616287, 0.8300638244826566, 0.8789801838086921, 0.5681295751079041, 0.848034624064077, 0.8052050509144788]
Finish training and take 16m
