Namespace(log_name='./RQ5/xcodeeval_700_2/codet5p_770m.log', model_name='Salesforce/codet5p-770m', lang='c', output_dir='RQ5/xcodeeval_700_2/codet5p_770m', data_dir='./data/RQ5/xcodeeval_700_2', choice=0, no_cuda=False, visible_gpu='0', num_train_epochs=10, num_test_epochs=1, train_batch_size=4, eval_batch_size=4, gradient_accumulation_steps=1, load_model_path=None, config_name='', tokenizer_name='', max_source_length=512, max_target_length=512, warm_up_ratio=0.1, do_train=True, do_eval=True, do_test=True, freeze=False, learning_rate=5e-05, beam_size=10, weight_decay=0.0, adam_epsilon=1e-08, local_rank=-1, seed=42, early_stop_threshold=3)
Process rank: -1, device: cuda, n_gpu: 1, distributed training: False
Model created!!
[[{'text': '#include <stdio.h> #include <stdlib.h> int main(void) {  long long int N, num, ans;  char c, *car;  int flag = 0;  scanf("%I64d\\n", &N);  car = (char*)malloc(sizeof(char)*N);  for (long int i=0;i<N;i++) {   scanf("%c", &car[i]);  }  scanf("%c", &c);  ans = 0;  for(long int i=0;i<N;i++) {   scanf("%I64d", &num);   if (car[i] == \'<\') {    ans = ans - num;    if (ans >= 0) {     flag = 1;     break;    } else if (ans < 0) {     flag = 0;     break;    }   } else {    ans = ans + num;    if (ans > N) {     flag = 0;     break;    }   }  }  if (flag == 1) {   printf("INFINITE");  } else {   printf("FINITE");  }  return 0; }', 'loss_ids': 0, 'shortenable_ids': 1}, {'text': '<mask>', 'loss_ids': 1, 'shortenable_ids': 0}, {'text': 'is the fixed version', 'loss_ids': 0, 'shortenable_ids': 0}], {'guid': 0, 'tgt_text': '#include <stdio.h> #include <stdlib.h> int main(void) {  long long int N, *num, ans, start = 0;  int *ind;  char c, *car;  int flag = 0;  scanf("%I64d\\n", &N);  car = (char*)malloc(sizeof(char)*N);  num = (long long int*)malloc(sizeof(long long int)*N);  ind = (int*)malloc(sizeof(int)*N);  for (long int i=0;i<N;i++) {   scanf("%c", &car[i]);  }  scanf("%c", &c);  ans = 0;  for(long int i=0;i<N;i++) {   scanf("%I64d", &num[i]);   ind[i] = 0;  }  flag = 0;  while (start >=0 && start < N) {   if (ind[start] == 1) {    flag = 1;    break;   } else {    ind[start] = 1;   }   if (car[start] == \'>\') {    start = start + num[start];    } else {    start = start - num[start];   }   if (start < 0 || start >= N) break;  }  if (flag == 1) {   printf("INFINITE");  } else {   printf("FINITE");  }  return 0; }'}]
***** Running training *****
  Num examples = 700
  Batch size = 4
  Num epoch = 10

***** Running evaluation *****
  Num examples = 100
  Batch size = 4
  epoch = 0
  eval_ppl = inf
  global_step = 176
  train_loss = 64.6049
  ********************
Previous best ppl:inf
Achieve Best ppl:inf
  ********************
BLEU file: ./data/RQ5/xcodeeval_700_2/validation.jsonl
  codebleu-4 = 77.04 	 Previous best codebleu 0
  ********************
 Achieve Best bleu:77.04
  ********************

***** Running evaluation *****
  Num examples = 100
  Batch size = 4
  epoch = 1
  eval_ppl = 1.99412364122395e+300
  global_step = 351
  train_loss = 51.1758
  ********************
Previous best ppl:inf
Achieve Best ppl:1.99412364122395e+300
  ********************
BLEU file: ./data/RQ5/xcodeeval_700_2/validation.jsonl
  codebleu-4 = 76.73 	 Previous best codebleu 77.04
  ********************

***** Running evaluation *****
  Num examples = 100
  Batch size = 4
  epoch = 2
  eval_ppl = inf
  global_step = 526
  train_loss = 35.896
  ********************
Previous best ppl:1.99412364122395e+300
BLEU file: ./data/RQ5/xcodeeval_700_2/validation.jsonl
  codebleu-4 = 77.17 	 Previous best codebleu 77.04
  ********************
 Achieve Best bleu:77.17
  ********************

***** Running evaluation *****
  Num examples = 100
  Batch size = 4
  epoch = 3
  eval_ppl = inf
  global_step = 701
  train_loss = 24.8611
  ********************
Previous best ppl:1.99412364122395e+300
BLEU file: ./data/RQ5/xcodeeval_700_2/validation.jsonl
  codebleu-4 = 77.32 	 Previous best codebleu 77.17
  ********************
 Achieve Best bleu:77.32
  ********************

***** Running evaluation *****
  Num examples = 100
  Batch size = 4
  epoch = 4
  eval_ppl = inf
  global_step = 876
  train_loss = 16.4512
  ********************
Previous best ppl:1.99412364122395e+300
BLEU file: ./data/RQ5/xcodeeval_700_2/validation.jsonl
  codebleu-4 = 76.74 	 Previous best codebleu 77.32
  ********************

***** Running evaluation *****
  Num examples = 100
  Batch size = 4
  epoch = 5
  eval_ppl = inf
  global_step = 1051
  train_loss = 11.0768
  ********************
Previous best ppl:1.99412364122395e+300
BLEU file: ./data/RQ5/xcodeeval_700_2/validation.jsonl
  codebleu-4 = 77.09 	 Previous best codebleu 77.32
  ********************

***** Running evaluation *****
  Num examples = 100
  Batch size = 4
  epoch = 6
  eval_ppl = inf
  global_step = 1226
  train_loss = 7.2164
  ********************
Previous best ppl:1.99412364122395e+300
BLEU file: ./data/RQ5/xcodeeval_700_2/validation.jsonl
  codebleu-4 = 76.5 	 Previous best codebleu 77.32
  ********************
early stopping!!!
reload model from RQ5/xcodeeval_700_2/codet5p_770m/checkpoint-best-bleu
BLEU file: ./data/RQ5/xcodeeval_700_2/test.jsonl
  codebleu = 74.74 
  Total = 500 
  Exact Fixed = 8 
[73, 77, 289, 314, 349, 359, 376, 391]
  Syntax Fixed = 2 
[122, 192]
  Cleaned Fixed = 1 
[355]
  ********************
  Total = 500 
  Exact Fixed = 8 
[73, 77, 289, 314, 349, 359, 376, 391]
  Syntax Fixed = 2 
[122, 192]
  Cleaned Fixed = 1 
[355]
  codebleu = 74.74 
[0.8822753435570665, 0.9791134139687718, 0.38230642541905163, 0.8285503011428544, 0.5240259477923144, 0.21679053483574018, 0.49007773220454587, 0.32150109544316796, 0.5722965788545334, 0.6717364058179986, 0.9486021234366251, 0.982653611198544, 0.7050736143053937, 0.7850806166932438, 0.8808375937505108, 0.4693955864510486, 0.5313357348360503, 0.9785699270907009, 0.7667733053736253, 0.9403863087164004, 0.8757845494319172, 0.5608637981998776, 0.959945180208001, 0.9194422946236107, 0.8596055360028632, 0.46678356460890147, 0.46581441309546434, 0.901175714210833, 0.9194633420202082, 0.24041604209738301, 0.7460250732072086, 0.8189939955289076, 0.8748336476451133, 0.9663119472598689, 0.5393913750037733, 0.8059663450023036, 0.6527764179246671, 0.9426787386209374, 0.9847813251545576, 0.6214028319131882, 0.38055604522674474, 0.9802578447391919, 0.9321918895830998, 0.2165962386378441, 0.7399102614361046, 0.9386210590467857, 0.8574290303367051, 0.7113199842059187, 0.6194178615287717, 0.8803828210815028, 0.42728670898141874, 0.9382702025626704, 0.790108255342182, 0.6131424394366902, 0.8705702138654792, 0.9247535154657887, 0.8675700280536951, 0.8931834746717269, 0.9771748654592214, 0.6449181547930165, 0.9029999223595668, 0.3321670864049434, 0.977929685147775, 0.663952114335559, 0.8927899452472845, 0.9299687695441708, 0.7924048855268875, 0.5338617744031935, 0.8995377367121644, 0.20429331224367825, 0.9338818208296811, 0.2690529321329123, 0.9674900184215338, 0.9717119879651379, 0.871143401314145, 0.586404697829096, 1.0, 0.9737915388152598, 0.9321212086381336, 0.3895038116127578, 0.6569804545204272, 0.9379551891165208, 0.6954887914307794, 0.8441882987189739, 0.44748444596182774, 0.4161562761815166, 0.8014139035130625, 0.8085386086430999, 0.43890738161489035, 0.39806555763771617, 0.9352829048891074, 0.8305048279578491, 0.9529223256974573, 0.6152166883991007, 0.6326608997800717, 0.9486052495001633, 0.9348200839674985, 0.3304581157501194, 0.5505450693049353, 0.8332321631831101, 0.9060561003826615, 0.948343184028229, 0.4636944731423779, 0.7763592102744433, 0.9857368328793006, 0.929608977441901, 0.8365809500852361, 0.4810010686280327, 0.9430889397206723, 0.9128846345685073, 0.6249954610889428, 0.6288249463727129, 0.8272347501737517, 0.6566376813197878, 0.6817132254112156, 0.8077897114293389, 0.6678107811875859, 0.9362801340504037, 0.3942797949408604, 0.854906905704294, 0.9027144378842089, 0.7971886413768894, 0.8257815238937638, 0.8744345587385776, 0.78946048013366, 0.584684973565248, 0.676126243442005, 0.43419770508491723, 0.4657333819352129, 0.8443840073818547, 0.3560328527895647, 0.6120229206037862, 0.3110090555266167, 0.956301548538977, 0.9617303176335186, 0.3085356854689776, 0.9368026696042517, 0.553376063289682, 0.9721595555198352, 0.805659266335392, 0.9242338290598, 0.8741647989058143, 0.9251375134812259, 0.7093950362121475, 0.928943235004591, 0.8233729810068096, 0.4982318233525185, 0.5688528764899601, 0.9521775318277603, 0.8960633679575345, 0.975255869034251, 0.8320476098374262, 0.9813483172696138, 0.9483831980682167, 0.799727690652417, 0.7710476401460834, 0.7202507328873297, 0.5488586128738006, 0.7091570039785193, 0.7628390121981768, 0.1361358187124771, 0.6777438912696802, 0.962102708701077, 0.902256552494433, 0.9021902095080698, 0.46124203184813023, 0.6246113794477428, 0.8392067093595759, 0.968639364262265, 0.8297713512550178, 0.5648214218491462, 0.7833624454787003, 0.8975978993714945, 0.9818251706356831, 0.7280873261576656, 0.8330297501813293, 0.8300820971250142, 0.8129579080601466, 0.30867861529725393, 0.9410067825194739, 0.5399191018302276, 0.5296247842238526, 0.25613546330440956, 0.7364469121089812, 0.8193636681060144, 0.6739155532953526, 0.32301796222457846, 0.945208493585485, 0.8658945472295025, 0.5591713503371152, 0.5905625913207864, 0.988723992351731, 0.7167958853235616, 0.5928108277067345, 0.6820327772354845, 0.195805705470289, 0.9301878353113742, 0.5430885679069021, 0.5233797321093481, 0.9642836546885394, 0.1427616762031343, 0.9508336769881993, 0.9441311059579389, 0.07714285714285714, 0.961472991307396, 0.39013478691113623, 0.6684903987689361, 0.9447313137718458, 0.5317588322123294, 0.9087123429574342, 0.9253109087939462, 0.9701007019297219, 0.8124892826539233, 0.953707845659838, 0.8090043314450341, 0.8916198680457144, 0.9520611043918519, 0.7669752623463025, 0.12695294117647057, 0.19832929234074576, 0.8055864673667326, 0.9477526452574314, 0.9324333440186039, 0.5282409716007119, 0.3281392576413608, 0.4822120322474115, 0.8769995423779695, 0.8942668643714475, 0.9232567135322138, 0.6221781999238016, 0.6234595852577036, 0.6559659558584913, 0.9468927039230404, 0.8861568600710625, 0.5085215178080368, 0.8911581665661752, 0.7803741792559828, 0.7826741503670085, 0.9634485800803125, 0.5462003970079841, 0.8695075881277006, 0.7901580927216791, 0.9861254102280717, 0.9327028990399184, 0.947573383205105, 0.9013388166447551, 0.6351531795376738, 0.9583676774082095, 0.9377858074101935, 0.9495937875206693, 0.9221927719632479, 0.9604527042523284, 0.7532671426418114, 0.7910038914122691, 0.943666571833899, 0.6815011985518565, 0.7562791074610632, 0.7015341116696883, 0.2412059707864596, 0.8832722721504642, 0.19752609894716355, 0.707850059682499, 0.9284243634590652, 0.695713048670164, 0.9562005086759873, 0.9176543852669206, 0.26289253457845224, 0.9860950428335316, 0.7443694749788052, 0.6304354583069092, 0.9692036989337549, 0.6365891247781525, 0.9425986064448988, 0.9617839620555828, 0.9143438160589661, 0.8750017087976389, 0.7481412556512403, 0.9498690706862425, 0.8277424644338935, 0.7565711923511311, 0.0968369622508172, 0.6818221484038003, 0.7919124516542234, 0.8434094165290678, 0.7748901690895643, 0.7807079788494218, 0.8988279604599121, 0.8852945092796116, 1.0, 0.6030407784548122, 0.9407613352737074, 0.7232043610871355, 0.6949070689739804, 0.5076730012609921, 0.8986557290877399, 0.6871088182955946, 0.46158825189644004, 0.9840970086239778, 0.9049996265971042, 0.9147509231273736, 0.5075905017189635, 0.849729607166194, 0.6262614975253027, 0.9732456940628658, 0.9668495847081082, 0.46192836465257714, 0.961309010760973, 0.9470279890319612, 0.8857658481998287, 0.19077672396674258, 0.7761717845434185, 0.8206082150573881, 0.940663678095734, 1.0, 0.8943767670150264, 0.6372760488740846, 0.9398939635294166, 0.30848076032047944, 0.637455335351989, 0.3454641283088835, 0.9655267507815484, 0.8397074882045157, 0.79908393484228, 0.8939721301684738, 0.6924354337443256, 0.6498389062539932, 0.9823448177520746, 0.7501255059004492, 0.7698459366315475, 0.9666856331752072, 0.8709279630555434, 0.9357982417496262, 0.9295976632675957, 0.6516235135434673, 0.9866981257943701, 0.570989795360499, 0.853963666419484, 0.7174071500330503, 0.8785117532819908, 0.9067124558663866, 0.6830631050329368, 0.802792334029212, 0.9105346103428551, 0.9582488725526279, 0.8788846428096109, 0.9094304925332901, 0.9283813677168311, 0.6216058374935409, 1.0, 0.845605645877975, 0.7567508883846331, 0.9629364535821479, 0.30228003420613947, 0.9578053096262269, 0.9393720392848304, 0.6682811401850861, 0.29119834125570104, 0.9312349008025642, 1.0, 0.940720679223622, 0.9498733743967636, 0.9262386824642832, 0.24523046909916346, 0.9130634810804314, 0.6272631541189376, 0.6070449868747402, 0.4328828981880556, 0.9731496374915098, 0.29399777482219386, 0.246656971808108, 0.8588892877802788, 0.3742924995543897, 0.8295843899197589, 0.42428373858678303, 0.4661937691043915, 0.9815931630248864, 0.28260341336864825, 0.8259108946799769, 0.9646055689051855, 0.9321730772821906, 0.867980815381816, 0.7552847912459166, 0.3676396705464462, 0.8961056193845135, 0.9839935011430094, 0.9200506209960793, 0.2954719472250509, 0.7243561152332358, 0.5898743279997497, 0.31764171070174957, 1.0, 0.7834572505209056, 0.8078579828142751, 0.8562515048247652, 0.6226908114170765, 0.9544248082184021, 0.9127782544487824, 0.8699110799666838, 0.3325195752446274, 0.9465224177706513, 0.7588277670675514, 0.962229839777732, 0.9482573744384641, 0.8238518141083319, 0.41222995207253776, 0.6562955803712851, 0.5550311710513609, 0.43808453932073843, 0.5864458370254797, 0.9735465142797541, 0.321597484442518, 0.8601254321511638, 0.9624306767024622, 0.9307762742678802, 0.967150116841063, 0.990108133691983, 0.7514114718545895, 0.8262694265872964, 0.6612191334623871, 0.7832059164639751, 0.5686526536420629, 0.944817116312316, 0.945897725871365, 0.6100220174806957, 0.895887649579229, 0.7420224029362863, 0.31443578868236866, 0.7489271481652363, 0.9232926862932371, 0.9516757686175951, 0.8601706721604159, 0.7628541847804483, 0.4692357328635892, 0.9557759455949837, 0.9571685208867404, 0.7246670782300332, 0.7331328454992438, 0.5761336941152942, 0.7239719919169629, 0.6362439585829495, 0.7611677828299435, 0.8601402886946303, 0.7786642529241632, 0.390945448375335, 0.6592136870095452, 0.9794987286009202, 0.5978112872134451, 0.8182521466978199, 0.8038306806820452, 0.8836863746511332, 0.7964726901713943, 0.7372800255788543, 0.8724907736260945, 0.5412219101899178, 0.8696331987786137, 0.8118756794025181, 0.6306087982257149, 0.7562934717237396, 0.9584914850947661, 0.9489885523091097, 0.8981602981015966, 0.36631315384655316, 0.9491812042948471, 0.026409040964554036, 0.9177843916565737, 0.9031355431153669, 0.9723407670151949, 0.7262546855990275, 0.9469679666767363, 0.9439887848825383, 0.9405088388791978, 0.9823448177520746, 0.43437168974836926, 0.8992156948231914, 0.43449863768167823, 0.9262112558154699, 0.8354059606910897, 0.8721694234656858, 0.25489934536355485, 0.8564822037598797, 0.777813096518481, 0.6810842044592471, 0.3353499829158347, 0.41562283009268225, 0.9207225522863047, 0.8633690715795768, 0.44949524080022113, 0.6099943883989547, 0.8296154213020983, 0.8389497416642955, 0.8438169686709567, 1.0, 0.9292619245050848, 0.8227600561608516, 0.959095521027233, 0.4927053152538463, 0.4129771429438506, 0.7975864535156777, 0.9271328028414589, 0.8457781931186075]
Finish training and take 1h7m
