Namespace(log_name='./RQ5/sstubs_100_1/codet5p_770m_f.log', model_name='Salesforce/codet5p-770m', lang='java', output_dir='RQ5/sstubs_100_1/codet5p_770m_f', data_dir='./data/RQ5/sstubs_100_1', no_cuda=False, visible_gpu='0', add_task_prefix=False, add_lang_ids=False, num_train_epochs=10, num_test_epochs=10, train_batch_size=4, eval_batch_size=4, gradient_accumulation_steps=2, load_model_path=None, config_name='', tokenizer_name='', max_source_length=512, max_target_length=512, warm_up_ratio=0.1, do_train=True, do_eval=True, do_test=True, do_lower_case=False, learning_rate=5e-05, beam_size=10, weight_decay=0.0, adam_epsilon=1e-08, max_grad_norm=1.0, max_steps=-1, eval_steps=-1, train_steps=-1, local_rank=-1, seed=42, early_stop_threshold=2)
Process rank: -1, device: cuda, n_gpu: 1, distributed training: False, model_name: Salesforce/codet5p-770m
model created!
Total 100 training instances 
***** Running training *****
  Num examples = 100
  Batch size = 4
  Num epoch = 10

***** Running evaluation *****
  Num examples = 100
  Batch size = 4
  epoch = 0
  eval_ppl = 1.00052
  global_step = 26
  train_loss = 0.5844
  ********************
Previous best ppl:inf
Achieve Best ppl:1.00052
  ********************
BLEU file: ./data/RQ5/sstubs_100_1/validation.jsonl
  codebleu-4 = 86.79 	 Previous best codebleu 0
  ********************
 Achieve Best bleu:86.79
  ********************

***** Running evaluation *****
  Num examples = 100
  Batch size = 4
  epoch = 1
  eval_ppl = 1.00041
  global_step = 51
  train_loss = 0.0939
  ********************
Previous best ppl:1.00052
Achieve Best ppl:1.00041
  ********************
BLEU file: ./data/RQ5/sstubs_100_1/validation.jsonl
  codebleu-4 = 92.87 	 Previous best codebleu 86.79
  ********************
 Achieve Best bleu:92.87
  ********************

***** Running evaluation *****
  Num examples = 100
  Batch size = 4
  epoch = 2
  eval_ppl = 1.00044
  global_step = 76
  train_loss = 0.0329
  ********************
Previous best ppl:1.00041
BLEU file: ./data/RQ5/sstubs_100_1/validation.jsonl
  codebleu-4 = 93.65 	 Previous best codebleu 92.87
  ********************
 Achieve Best bleu:93.65
  ********************

***** Running evaluation *****
  Num examples = 100
  Batch size = 4
  epoch = 3
  eval_ppl = 1.00046
  global_step = 101
  train_loss = 0.0187
  ********************
Previous best ppl:1.00041
BLEU file: ./data/RQ5/sstubs_100_1/validation.jsonl
  codebleu-4 = 93.43 	 Previous best codebleu 93.65
  ********************

***** Running evaluation *****
  Num examples = 100
  Batch size = 4
  epoch = 4
  eval_ppl = 1.00047
  global_step = 126
  train_loss = 0.0164
  ********************
Previous best ppl:1.00041
BLEU file: ./data/RQ5/sstubs_100_1/validation.jsonl
  codebleu-4 = 93.34 	 Previous best codebleu 93.65
  ********************
reload model from RQ5/sstubs_100_1/codet5p_770m_f/checkpoint-best-bleu
BLEU file: ./data/RQ5/sstubs_100_1/test.jsonl
  codebleu = 93.45 
  Total = 500 
  Exact Fixed = 256 
[1, 2, 3, 5, 6, 8, 9, 10, 11, 14, 15, 17, 18, 20, 21, 23, 24, 25, 27, 31, 32, 34, 35, 36, 37, 39, 42, 44, 45, 46, 47, 48, 49, 52, 55, 56, 58, 61, 62, 64, 65, 69, 70, 73, 75, 78, 80, 82, 83, 85, 87, 88, 90, 92, 93, 95, 96, 97, 99, 100, 101, 102, 103, 105, 106, 109, 110, 112, 113, 114, 116, 118, 120, 125, 126, 127, 128, 129, 130, 131, 135, 136, 138, 139, 140, 141, 144, 145, 148, 149, 152, 153, 154, 155, 156, 160, 165, 167, 169, 170, 172, 173, 174, 176, 177, 183, 186, 188, 189, 192, 196, 197, 198, 203, 204, 205, 209, 211, 214, 215, 218, 221, 226, 228, 229, 230, 232, 233, 237, 238, 239, 240, 241, 242, 246, 247, 248, 249, 252, 254, 255, 256, 259, 262, 263, 265, 266, 267, 268, 270, 278, 279, 280, 283, 286, 287, 288, 291, 295, 298, 302, 305, 306, 308, 309, 311, 312, 314, 316, 318, 319, 321, 322, 323, 327, 329, 330, 332, 333, 335, 336, 337, 339, 340, 341, 342, 343, 344, 345, 346, 347, 348, 350, 355, 359, 360, 361, 369, 370, 371, 375, 376, 379, 383, 385, 389, 391, 394, 400, 401, 404, 405, 406, 407, 409, 411, 414, 415, 416, 418, 422, 423, 425, 427, 428, 433, 434, 438, 442, 448, 451, 452, 454, 455, 458, 459, 462, 463, 465, 466, 467, 469, 470, 475, 477, 480, 482, 484, 486, 487, 488, 494, 496, 497, 498, 500]
  Syntax Fixed = 2 
[81, 151]
  Cleaned Fixed = 1 
[151]
  ********************
  Total = 500 
  Exact Fixed = 256 
[1, 2, 3, 5, 6, 8, 9, 10, 11, 14, 15, 17, 18, 20, 21, 23, 24, 25, 27, 31, 32, 34, 35, 36, 37, 39, 42, 44, 45, 46, 47, 48, 49, 52, 55, 56, 58, 61, 62, 64, 65, 69, 70, 73, 75, 78, 80, 82, 83, 85, 87, 88, 90, 92, 93, 95, 96, 97, 99, 100, 101, 102, 103, 105, 106, 109, 110, 112, 113, 114, 116, 118, 120, 125, 126, 127, 128, 129, 130, 131, 135, 136, 138, 139, 140, 141, 144, 145, 148, 149, 152, 153, 154, 155, 156, 160, 165, 167, 169, 170, 172, 173, 174, 176, 177, 183, 186, 188, 189, 192, 196, 197, 198, 203, 204, 205, 209, 211, 214, 215, 218, 221, 226, 228, 229, 230, 232, 233, 237, 238, 239, 240, 241, 242, 246, 247, 248, 249, 252, 254, 255, 256, 259, 262, 263, 265, 266, 267, 268, 270, 278, 279, 280, 283, 286, 287, 288, 291, 295, 298, 302, 305, 306, 308, 309, 311, 312, 314, 316, 318, 319, 321, 322, 323, 327, 329, 330, 332, 333, 335, 336, 337, 339, 340, 341, 342, 343, 344, 345, 346, 347, 348, 350, 355, 359, 360, 361, 369, 370, 371, 375, 376, 379, 383, 385, 389, 391, 394, 400, 401, 404, 405, 406, 407, 409, 411, 414, 415, 416, 418, 422, 423, 425, 427, 428, 433, 434, 438, 442, 448, 451, 452, 454, 455, 458, 459, 462, 463, 465, 466, 467, 469, 470, 475, 477, 480, 482, 484, 486, 487, 488, 494, 496, 497, 498, 500]
  Syntax Fixed = 2 
[81, 151]
  Cleaned Fixed = 1 
[151]
  codebleu = 93.45 
[1.0, 1.0, 1.0, 0.8947836446510709, 1.0, 1.0, 0.8852005472381914, 1.0, 1.0, 1.0, 1.0, 0.9498733743967636, 0.9167248063681421, 1.0, 1.0, 0.9485932253610538, 1.0, 1.0, 0.9176675865658077, 1.0, 1.0, 0.9147581010783108, 1.0, 1.0, 1.0, 0.7010984251778435, 1.0, 0.8892742146930692, 0.8665518607362566, 0.7112646518179702, 1.0, 1.0, 0.7099766481408452, 1.0, 1.0, 1.0, 1.0, 0.9272945586059962, 1.0, 0.9236426846280885, 0.9106965620392573, 1.0, 0.8641939857382575, 1.0, 1.0, 1.0, 1.0, 1.0, 1.0, 0.8472999580048346, 0.9261420415269246, 1.0, 0.8362511196423215, 0.9435321610524647, 1.0, 1.0, 0.776567448431031, 1.0, 0.8892742146930692, 0.7491375710149024, 1.0, 1.0, 0.8852005472381914, 1.0, 1.0, 0.8504938457951188, 0.9600948805844232, 0.8961079319106557, 1.0, 1.0, 0.9544887439837764, 0.9151340803413444, 1.0, 0.7503432335009788, 1.0, 0.9456202538775613, 0.3120073356811303, 1.0, 0.9498733743967636, 1.0, 0.9699899456986019, 1.0, 1.0, 0.8821296454239946, 1.0, 0.9371536898063453, 1.0, 1.0, 0.9629467492522685, 1.0, 0.8131726792272671, 1.0, 1.0, 0.8989289901708486, 1.0, 1.0, 1.0, 0.9323598782946632, 1.0, 1.0, 1.0, 1.0, 1.0, 0.9498733743967636, 1.0, 1.0, 0.8845572237610086, 0.970114879479065, 1.0, 1.0, 0.9498733743967636, 1.0, 1.0, 1.0, 0.8910871854638854, 1.0, 0.9364480358382332, 1.0, 0.936923058378295, 1.0, 0.6106880800400042, 0.9304862366048181, 0.8239071994563076, 0.8387796716807858, 1.0, 1.0, 1.0, 1.0, 1.0, 1.0, 1.0, 0.9427895563342799, 0.9297935652281943, 0.9469728550743763, 1.0, 1.0, 0.5222848320192541, 1.0, 1.0, 1.0, 1.0, 0.8544521143009387, 0.7764803856538303, 1.0, 1.0, 0.9019927469706532, 0.9375231838826312, 1.0, 1.0, 0.9357730833493334, 0.9723444328844495, 1.0, 1.0, 1.0, 1.0, 1.0, 0.8247277035887897, 0.909624266823112, 0.8806751756510949, 1.0, 0.8405001720109171, 0.5113054081968273, 0.9211131842675646, 0.8617520551076281, 1.0, 0.8199428644384265, 1.0, 0.9498733743967636, 1.0, 1.0, 0.9587753838819759, 1.0, 1.0, 1.0, 0.7876421850012838, 1.0, 1.0, 0.9584627887351178, 0.9466595714446484, 0.9267516766457782, 0.3915367361667559, 0.9044642401339957, 1.0, 0.760908080643411, 0.9530008025801151, 1.0, 0.9546221339246326, 1.0, 1.0, 0.9697350684883432, 0.24383877009685623, 1.0, 0.9146949531038087, 0.9439975336408695, 0.8665471473605286, 1.0, 1.0, 1.0, 0.7831318837364406, 0.8616715812772971, 0.9341435734498345, 0.942891989734737, 1.0, 1.0, 1.0, 0.8821296454239946, 0.9312991012532417, 0.9600948805844232, 1.0, 0.769122578011458, 1.0, 0.6842241230686438, 0.8298603920162009, 1.0, 1.0, 0.875669182039696, 0.9365276486140073, 1.0, 0.9583676774082095, 0.8846386294351021, 1.0, 0.9656973569421463, 0.9407613352737074, 0.8434927919506363, 0.7590096946794502, 1.0, 0.9521775318277603, 1.0, 1.0, 1.0, 0.8852005472381914, 1.0, 1.0, 0.884777214048037, 0.9725011474210121, 0.9498733743967636, 1.0, 1.0, 1.0, 1.0, 1.0, 1.0, 0.884137748772268, 0.8074305487814923, 0.9325400085710811, 1.0, 1.0, 1.0, 1.0, 0.8852005472381914, 0.9372561368734473, 1.0, 0.9600553834135903, 1.0, 1.0, 1.0, 0.8898459347494805, 0.8826794431973461, 1.0, 0.8531462888634065, 0.8404979526305214, 1.0, 1.0, 0.9517918920357142, 1.0, 1.0, 1.0, 1.0, 0.8212636043254029, 1.0, 0.916448680801808, 0.9382629815981882, 0.6106880800400042, 0.8679541563017923, 0.8989289901708486, 0.9213836287468253, 0.8821296454239946, 1.0, 1.0, 1.0, 0.8721212086381336, 0.8791028584168332, 1.0, 0.8648103351245982, 0.5572818568889559, 1.0, 1.0, 1.0, 0.8433252176332025, 0.7016265496309229, 1.0, 0.8947836446510709, 0.8626149393966556, 0.9497338034253828, 1.0, 0.8806209094636728, 0.9543920430664012, 1.0, 0.8698869964564975, 0.8128907423396801, 0.9601466755014141, 1.0, 0.9332624127367197, 0.9155105345510666, 1.0, 1.0, 0.9498733743967636, 1.0, 1.0, 0.7026615485512439, 1.0, 1.0, 0.7418554698250603, 1.0, 0.9647268293826727, 1.0, 0.8431562214105013, 1.0, 1.0, 0.8895342368991435, 1.0, 1.0, 1.0, 0.5850662816271308, 0.8989289901708486, 0.8953661348226227, 1.0, 0.9583676774082095, 1.0, 1.0, 0.9630476148256921, 1.0, 1.0, 0.8215803485831588, 1.0, 1.0, 1.0, 0.8665471473605286, 1.0, 1.0, 1.0, 1.0, 1.0, 1.0, 1.0, 1.0, 1.0, 0.9417343878768174, 0.966664755877954, 1.0, 0.8640040830519085, 0.9498733743967636, 0.7980775983039908, 0.9698138929646263, 1.0, 0.9493239030379825, 0.8826794431973461, 0.9407613352737074, 1.0, 1.0, 1.0, 0.8573835536643046, 0.9443755095409017, 0.9041734668686527, 0.9370576952964131, 0.9465864294209791, 0.8761569670973709, 0.8576767641936891, 1.0, 1.0, 1.0, 0.9472873156881443, 0.5572818568889559, 0.9287546369958737, 1.0, 1.0, 0.7292149374693833, 0.8433252176332025, 1.0, 0.7016265496309229, 0.9653175874774487, 0.9525078218537795, 1.0, 0.8472071561066068, 1.0, 0.8806751756510949, 0.8045788816545087, 0.8648103351245982, 1.0, 0.8656444435756712, 1.0, 0.6851513300845844, 0.9517918920357142, 1.0, 0.8852005472381914, 0.8083676774082095, 0.9207265089204273, 0.940598945729278, 0.9498733743967636, 1.0, 1.0, 0.9583676774082095, 0.773132684752508, 1.0, 1.0, 0.9417343878768174, 1.0, 0.9470228248649237, 1.0, 0.8821296454239946, 1.0, 0.8642470965743208, 0.7389453310657507, 1.0, 1.0, 1.0, 0.8852005472381914, 1.0, 0.9523104352365284, 0.673106131305089, 0.9500330416345475, 1.0, 1.0, 0.5565327779260459, 1.0, 0.9365809638486668, 1.0, 1.0, 0.557115595241456, 0.7810580026281693, 0.8535087661549325, 0.7877842946802818, 1.0, 1.0, 0.9215834056802388, 0.9584627887351178, 0.936752055107628, 1.0, 0.957982876787582, 0.9071313582793541, 0.9354021130737269, 1.0, 0.9085309210098864, 0.9546221339246326, 0.9583676774082095, 0.8949975756542023, 0.8283175006157586, 1.0, 0.9500330416345475, 0.9149336239632064, 1.0, 1.0, 0.8655056700329364, 1.0, 1.0, 0.7378414230005441, 0.9044642401339957, 1.0, 1.0, 0.8984375659602104, 0.5565327779260459, 1.0, 1.0, 0.8816015466501335, 1.0, 1.0, 1.0, 0.9509004453320677, 1.0, 1.0, 0.829922431649786, 0.8057124678082144, 0.9468351265733028, 0.862347908057336, 1.0, 0.9170576952964131, 1.0, 0.6882147297651939, 0.8648103351245982, 1.0, 0.7001129433458121, 1.0, 0.9546221339246326, 1.0, 0.8535087661549325, 1.0, 1.0, 1.0, 0.9207265089204273, 0.8311846501490564, 0.836233388492041, 0.8852005472381914, 0.9562237378841005, 1.0, 0.928067052222928, 1.0, 1.0, 1.0, 0.9213836287468253, 1.0]
Finish training and take 22m
