Namespace(log_name='./RQ5/sstubs_100_1/codet5p_220m_f.log', model_name='Salesforce/codet5p-220m', lang='java', output_dir='RQ5/sstubs_100_1/codet5p_220m_f', data_dir='./data/RQ5/sstubs_100_1', no_cuda=False, visible_gpu='0', add_task_prefix=False, add_lang_ids=False, num_train_epochs=10, num_test_epochs=10, train_batch_size=8, eval_batch_size=4, gradient_accumulation_steps=2, load_model_path=None, config_name='', tokenizer_name='', max_source_length=512, max_target_length=512, warm_up_ratio=0.1, do_train=True, do_eval=True, do_test=True, do_lower_case=False, learning_rate=5e-05, beam_size=10, weight_decay=0.0, adam_epsilon=1e-08, max_grad_norm=1.0, max_steps=-1, eval_steps=-1, train_steps=-1, local_rank=-1, seed=42, early_stop_threshold=3)
Process rank: -1, device: cuda, n_gpu: 1, distributed training: False, model_name: Salesforce/codet5p-220m
model created!
Total 100 training instances 
***** Running training *****
  Num examples = 100
  Batch size = 8
  Num epoch = 10

***** Running evaluation *****
  Num examples = 100
  Batch size = 4
  epoch = 0
  eval_ppl = 1.00085
  global_step = 13
  train_loss = 0.6205
  ********************
Previous best ppl:inf
Achieve Best ppl:1.00085
  ********************
BLEU file: ./data/RQ5/sstubs_100_1/validation.jsonl
  codebleu-4 = 85.83 	 Previous best codebleu 0
  ********************
 Achieve Best bleu:85.83
  ********************

***** Running evaluation *****
  Num examples = 100
  Batch size = 4
  epoch = 1
  eval_ppl = 1.00053
  global_step = 25
  train_loss = 0.1707
  ********************
Previous best ppl:1.00085
Achieve Best ppl:1.00053
  ********************
BLEU file: ./data/RQ5/sstubs_100_1/validation.jsonl
  codebleu-4 = 89.89 	 Previous best codebleu 85.83
  ********************
 Achieve Best bleu:89.89
  ********************

***** Running evaluation *****
  Num examples = 100
  Batch size = 4
  epoch = 2
  eval_ppl = 1.00043
  global_step = 37
  train_loss = 0.0827
  ********************
Previous best ppl:1.00053
Achieve Best ppl:1.00043
  ********************
BLEU file: ./data/RQ5/sstubs_100_1/validation.jsonl
  codebleu-4 = 92.9 	 Previous best codebleu 89.89
  ********************
 Achieve Best bleu:92.9
  ********************

***** Running evaluation *****
  Num examples = 100
  Batch size = 4
  epoch = 3
  eval_ppl = 1.00058
  global_step = 49
  train_loss = 0.07
  ********************
Previous best ppl:1.00043
BLEU file: ./data/RQ5/sstubs_100_1/validation.jsonl
  codebleu-4 = 90.77 	 Previous best codebleu 92.9
  ********************

***** Running evaluation *****
  Num examples = 100
  Batch size = 4
  epoch = 4
  eval_ppl = 1.00058
  global_step = 61
  train_loss = 0.0977
  ********************
Previous best ppl:1.00043
BLEU file: ./data/RQ5/sstubs_100_1/validation.jsonl
  codebleu-4 = 89.57 	 Previous best codebleu 92.9
  ********************

***** Running evaluation *****
  Num examples = 100
  Batch size = 4
  epoch = 5
  eval_ppl = 1.00051
  global_step = 73
  train_loss = 0.0684
  ********************
Previous best ppl:1.00043
BLEU file: ./data/RQ5/sstubs_100_1/validation.jsonl
  codebleu-4 = 91.44 	 Previous best codebleu 92.9
  ********************
reload model from RQ5/sstubs_100_1/codet5p_220m_f/checkpoint-best-bleu
BLEU file: ./data/RQ5/sstubs_100_1/test.jsonl
  codebleu = 93.78 
  Total = 500 
  Exact Fixed = 192 
[2, 3, 6, 7, 8, 9, 10, 11, 14, 15, 17, 18, 20, 21, 24, 32, 34, 35, 36, 37, 39, 45, 46, 47, 48, 49, 52, 56, 58, 61, 63, 64, 65, 69, 70, 75, 78, 80, 82, 85, 87, 88, 92, 93, 96, 97, 100, 101, 102, 103, 106, 109, 110, 112, 113, 114, 118, 120, 125, 127, 128, 130, 131, 138, 140, 141, 144, 148, 149, 152, 154, 155, 156, 160, 165, 167, 170, 172, 174, 176, 177, 183, 186, 196, 197, 203, 204, 205, 209, 211, 214, 215, 218, 226, 228, 229, 231, 232, 233, 237, 238, 239, 240, 241, 242, 246, 247, 248, 249, 250, 252, 255, 256, 262, 263, 265, 268, 278, 279, 283, 286, 287, 289, 291, 298, 305, 306, 308, 311, 312, 319, 321, 322, 323, 332, 333, 335, 337, 339, 340, 341, 342, 344, 345, 346, 350, 355, 360, 369, 370, 371, 375, 376, 378, 383, 389, 394, 395, 400, 401, 407, 411, 414, 416, 417, 422, 423, 425, 427, 428, 433, 434, 442, 448, 451, 454, 462, 463, 465, 466, 467, 469, 470, 475, 477, 487, 488, 492, 494, 496, 497, 498]
  Syntax Fixed = 1 
[81]
  Cleaned Fixed = 0 
[]
  ********************
  Total = 500 
  Exact Fixed = 192 
[2, 3, 6, 7, 8, 9, 10, 11, 14, 15, 17, 18, 20, 21, 24, 32, 34, 35, 36, 37, 39, 45, 46, 47, 48, 49, 52, 56, 58, 61, 63, 64, 65, 69, 70, 75, 78, 80, 82, 85, 87, 88, 92, 93, 96, 97, 100, 101, 102, 103, 106, 109, 110, 112, 113, 114, 118, 120, 125, 127, 128, 130, 131, 138, 140, 141, 144, 148, 149, 152, 154, 155, 156, 160, 165, 167, 170, 172, 174, 176, 177, 183, 186, 196, 197, 203, 204, 205, 209, 211, 214, 215, 218, 226, 228, 229, 231, 232, 233, 237, 238, 239, 240, 241, 242, 246, 247, 248, 249, 250, 252, 255, 256, 262, 263, 265, 268, 278, 279, 283, 286, 287, 289, 291, 298, 305, 306, 308, 311, 312, 319, 321, 322, 323, 332, 333, 335, 337, 339, 340, 341, 342, 344, 345, 346, 350, 355, 360, 369, 370, 371, 375, 376, 378, 383, 389, 394, 395, 400, 401, 407, 411, 414, 416, 417, 422, 423, 425, 427, 428, 433, 434, 442, 448, 451, 454, 462, 463, 465, 466, 467, 469, 470, 475, 477, 487, 488, 492, 494, 496, 497, 498]
  Syntax Fixed = 1 
[81]
  Cleaned Fixed = 0 
[]
  codebleu = 93.78 
[0.9814866681800039, 1.0, 1.0, 0.8947836446510709, 0.8394397942598091, 1.0, 1.0, 1.0, 1.0, 1.0, 1.0, 0.8748733743967635, 0.9167248063681421, 1.0, 1.0, 0.9485932253610538, 1.0, 1.0, 0.9176675865658077, 1.0, 1.0, 0.9147581010783108, 0.9431571237072573, 1.0, 0.9558104142545454, 0.7010984251778435, 0.9056583090096291, 0.8892742146930692, 0.8665518607362566, 0.7596309910435032, 0.8522142137521944, 1.0, 0.7099766481408452, 1.0, 1.0, 1.0, 1.0, 0.9272945586059962, 1.0, 0.9097612564056814, 0.9544887439837764, 0.9736596070124768, 0.8641939857382575, 0.9225510753875747, 1.0, 1.0, 1.0, 1.0, 1.0, 0.8472999580048346, 0.9261420415269246, 1.0, 0.8362511196423215, 0.9435321610524647, 0.9613758560746299, 1.0, 0.8746806556337734, 1.0, 0.8892742146930692, 0.7491375710149024, 1.0, 0.9579282063849641, 1.0, 1.0, 1.0, 0.8897268293826727, 0.9600948805844232, 0.8961079319106557, 1.0, 1.0, 0.9544887439837764, 0.9151340803413444, 0.9600553834135903, 0.7503432335009788, 1.0, 0.9783152785012215, 0.8348805422215138, 1.0, 0.8748733743967635, 1.0, 0.9699899456986019, 1.0, 0.9600553834135903, 0.8821296454239946, 1.0, 0.9557161384210198, 1.0, 1.0, 0.9629467492522685, 0.9028743010640048, 0.8131726792272671, 1.0, 1.0, 0.8989289901708486, 0.9225510753875747, 1.0, 1.0, 0.9323598782946632, 0.9339261075829457, 1.0, 1.0, 1.0, 1.0, 0.8748733743967635, 0.9431571237072573, 1.0, 0.8845572237610086, 0.970114879479065, 1.0, 1.0, 0.9498733743967636, 1.0, 1.0, 1.0, 0.9133094076861077, 0.8522142137521944, 0.9364480358382332, 1.0, 0.936923058378295, 1.0, 0.6106880800400042, 0.9689323767297664, 0.963531800540206, 0.8387796716807858, 1.0, 0.9317899201148767, 1.0, 1.0, 0.9537546369958738, 1.0, 1.0, 0.9427895563342799, 0.9613211546063425, 0.9469728550743763, 0.9540286538025624, 0.9514967635709539, 0.9524183912964097, 1.0, 0.9462412221016683, 1.0, 1.0, 0.8794064540059643, 0.8703511904239886, 1.0, 0.9493239030379825, 0.9019927469706532, 0.9375231838826312, 1.0, 1.0, 0.9357730833493334, 0.8825294735748568, 1.0, 0.9610055919835154, 1.0, 1.0, 1.0, 0.8629467492522684, 0.909624266823112, 0.8806751756510949, 1.0, 0.8897945268496268, 0.8840834056802387, 0.9211131842675646, 0.8617520551076281, 1.0, 0.7596309910435032, 1.0, 0.9498733743967636, 0.9028743010640048, 1.0, 0.9587753838819759, 1.0, 0.9317899201148767, 1.0, 0.7876421850012838, 1.0, 1.0, 0.9584627887351178, 0.9466595714446484, 0.9267516766457782, 0.4048271642991455, 0.9044642401339957, 1.0, 0.8722059305904497, 0.9530008025801151, 1.0, 0.9546221339246326, 0.9312991012532417, 0.8664266028701744, 0.9387616321274028, 0.8014447380383962, 0.9514967635709539, 0.9581095565874824, 0.8439975336408694, 0.8815471473605285, 1.0, 1.0, 0.9431571237072573, 0.7831318837364406, 0.9564084233825603, 0.9425989564545196, 0.942891989734737, 1.0, 1.0, 1.0, 0.8821296454239946, 0.9312991012532417, 0.9600948805844232, 1.0, 0.769122578011458, 1.0, 0.8803078606169892, 0.9215834056802388, 1.0, 1.0, 0.9141720281459855, 0.9365276486140073, 1.0, 0.9583676774082095, 0.8846386294351021, 0.9613758560746299, 0.9656973569421463, 0.9407613352737074, 0.8710309210098863, 0.7590096946794502, 1.0, 0.9188441984944269, 1.0, 1.0, 0.9468221277457924, 1.0, 1.0, 1.0, 0.884777214048037, 0.9725011474210121, 0.9498733743967636, 1.0, 1.0, 1.0, 1.0, 1.0, 1.0, 0.884137748772268, 0.8222725521291268, 0.9325400085710811, 1.0, 1.0, 1.0, 1.0, 1.0, 0.9372561368734473, 1.0, 0.9600553834135903, 0.8394397942598091, 1.0, 1.0, 0.8085577996505988, 0.9583676774082095, 0.9493239030379825, 0.8531462888634065, 0.8404979526305214, 1.0, 1.0, 0.9517918920357142, 1.0, 0.9558104142545454, 0.9558104142545454, 1.0, 0.8212636043254029, 0.9431571237072573, 0.949068802064335, 0.9616136179279984, 0.6106880800400042, 0.907357971193316, 0.8989289901708486, 0.9213836287468253, 0.8821296454239946, 1.0, 1.0, 0.9600553834135903, 0.8721212086381336, 0.9600553834135903, 1.0, 0.8648103351245982, 0.9466595714446484, 1.0, 1.0, 0.9565292378112795, 1.0, 0.7016265496309229, 1.0, 0.8947836446510709, 0.8626149393966556, 0.9497338034253828, 0.9610055919835154, 0.9439975336408695, 0.9543920430664012, 1.0, 0.8698869964564975, 0.8523636516116309, 0.9601466755014141, 0.9238877689380496, 0.9332624127367197, 0.9155105345510666, 1.0, 1.0, 0.8748733743967635, 1.0, 0.9056583090096291, 0.7026615485512439, 1.0, 1.0, 0.7944107194467429, 0.9637364956234171, 0.9647268293826727, 0.9431571237072573, 0.8784503390575601, 0.9493239030379825, 1.0, 0.9211131842675646, 1.0, 1.0, 1.0, 0.8056751756510949, 0.8989289901708486, 0.8953661348226227, 0.9610055919835154, 0.9583676774082095, 0.9810075923400849, 0.9468351265733028, 0.9630476148256921, 1.0, 1.0, 0.8215803485831588, 1.0, 0.9327938350960072, 1.0, 0.8815471473605285, 1.0, 1.0, 1.0, 1.0, 0.9704328316376207, 1.0, 1.0, 1.0, 0.8394397942598091, 0.8667343878768172, 0.966664755877954, 1.0, 0.9404330472606062, 0.8748733743967635, 0.9045508804845042, 0.9698138929646263, 1.0, 0.9493239030379825, 0.9583676774082095, 0.9407613352737074, 0.962474977395186, 1.0, 0.9370576952964131, 0.8573835536643046, 0.9443755095409017, 0.9543920430664012, 0.9370576952964131, 0.9465864294209791, 0.8761569670973709, 0.8576767641936891, 1.0, 1.0, 1.0, 0.9472873156881443, 0.9466595714446484, 0.9287546369958737, 1.0, 1.0, 0.7292149374693833, 1.0, 0.9704328316376207, 0.7016265496309229, 0.9653175874774487, 0.9525078218537795, 1.0, 0.8684929871970886, 0.9736596070124768, 0.8806751756510949, 0.8045788816545087, 0.8648103351245982, 1.0, 0.9680975247490764, 0.8215323955703762, 0.6851513300845844, 0.9517918920357142, 1.0, 1.0, 0.8083676774082095, 0.9207265089204273, 0.940598945729278, 0.8748733743967635, 1.0, 1.0, 0.9583676774082095, 0.9321212086381336, 0.940101844638672, 0.8535922152441364, 0.8667343878768172, 1.0, 0.9470228248649237, 0.9141000841539659, 0.8821296454239946, 1.0, 0.8642470965743208, 0.9309949427736264, 1.0, 0.9028743010640048, 1.0, 1.0, 0.9321212086381336, 0.9523104352365284, 0.6925131239952165, 0.9500330416345475, 1.0, 1.0, 0.8212347889887717, 1.0, 0.9365809638486668, 1.0, 1.0, 0.557115595241456, 0.7810580026281693, 0.8535087661549325, 0.7877842946802818, 1.0, 1.0, 0.9215834056802388, 0.9584627887351178, 0.936752055107628, 0.9576902216791403, 0.957982876787582, 0.9693261143428569, 0.9354021130737269, 1.0, 0.9085309210098864, 0.9546221339246326, 0.9583676774082095, 0.8949975756542023, 0.9215834056802388, 1.0, 0.9500330416345475, 0.9149336239632064, 1.0, 0.9493239030379825, 0.8655056700329364, 1.0, 0.9493239030379825, 0.7378414230005441, 0.9044642401339957, 0.9565292378112795, 0.9579282063849641, 0.8984375659602104, 0.8212347889887717, 1.0, 1.0, 0.8816015466501335, 1.0, 1.0, 1.0, 0.9509004453320677, 1.0, 1.0, 0.829922431649786, 0.8482106094153985, 0.9468351265733028, 0.862347908057336, 1.0, 0.9170576952964131, 1.0, 0.9099697272423548, 0.8648103351245982, 0.9537546369958738, 0.7486246705124127, 0.9141000841539659, 0.9546221339246326, 0.8215323955703762, 0.8535087661549325, 0.7345176572401336, 1.0, 1.0, 0.9207265089204273, 0.8311846501490564, 0.8871606681680837, 1.0, 0.9562237378841005, 1.0, 0.928067052222928, 1.0, 1.0, 1.0, 0.8463836287468253, 0.940101844638672]
Finish training and take 19m
