Namespace(log_name='./RQ5/sstubs_100_1/codet5p_220m.log', model_name='Salesforce/codet5p-220m', lang='java', output_dir='RQ5/sstubs_100_1/codet5p_220m', data_dir='./data/RQ5/sstubs_100_1', choice=0, no_cuda=False, visible_gpu='0', num_train_epochs=10, num_test_epochs=1, train_batch_size=8, eval_batch_size=4, gradient_accumulation_steps=1, load_model_path=None, config_name='', tokenizer_name='', max_source_length=512, max_target_length=512, warm_up_ratio=0.1, do_train=True, do_eval=True, do_test=True, freeze=False, learning_rate=5e-05, beam_size=10, weight_decay=0.0, adam_epsilon=1e-08, local_rank=-1, seed=42, early_stop_threshold=3)
Process rank: -1, device: cuda, n_gpu: 1, distributed training: False
Model created!!
[[{'text': 'public TaskServlet(Iterable<Task> tasks) {          final ImmutableMap.Builder<String, Task> builder = ImmutableMap.builder();          for (Task task : tasks) {             builder.put("/tasks/" + task.getName(), task);          }          this.tasks = builder.build();      }', 'loss_ids': 0, 'shortenable_ids': 1}, {'text': '<mask>', 'loss_ids': 1, 'shortenable_ids': 0}, {'text': 'is the fixed version', 'loss_ids': 0, 'shortenable_ids': 0}], {'guid': 0, 'tgt_text': 'public TaskServlet(Iterable<Task> tasks) {          final ImmutableMap.Builder<String, Task> builder = ImmutableMap.builder();          for (Task task : tasks) {             builder.put("/" + task.getName(), task);          }          this.tasks = builder.build();      }'}]
***** Running training *****
  Num examples = 100
  Batch size = 8
  Num epoch = 10

***** Running evaluation *****
  Num examples = 100
  Batch size = 4
  epoch = 0
  eval_ppl = 7.245987132541671e+255
  global_step = 14
  train_loss = 32.8155
  ********************
Previous best ppl:inf
Achieve Best ppl:7.245987132541671e+255
  ********************
BLEU file: ./data/RQ5/sstubs_100_1/validation.jsonl
  codebleu-4 = 86.0 	 Previous best codebleu 0
  ********************
 Achieve Best bleu:86.0
  ********************

***** Running evaluation *****
  Num examples = 100
  Batch size = 4
  epoch = 1
  eval_ppl = inf
  global_step = 27
  train_loss = 8.6199
  ********************
Previous best ppl:7.245987132541671e+255
BLEU file: ./data/RQ5/sstubs_100_1/validation.jsonl
  codebleu-4 = 92.18 	 Previous best codebleu 86.0
  ********************
 Achieve Best bleu:92.18
  ********************

***** Running evaluation *****
  Num examples = 100
  Batch size = 4
  epoch = 2
  eval_ppl = inf
  global_step = 40
  train_loss = 3.6839
  ********************
Previous best ppl:7.245987132541671e+255
BLEU file: ./data/RQ5/sstubs_100_1/validation.jsonl
  codebleu-4 = 92.98 	 Previous best codebleu 92.18
  ********************
 Achieve Best bleu:92.98
  ********************

***** Running evaluation *****
  Num examples = 100
  Batch size = 4
  epoch = 3
  eval_ppl = inf
  global_step = 53
  train_loss = 2.4264
  ********************
Previous best ppl:7.245987132541671e+255
BLEU file: ./data/RQ5/sstubs_100_1/validation.jsonl
  codebleu-4 = 93.97 	 Previous best codebleu 92.98
  ********************
 Achieve Best bleu:93.97
  ********************

***** Running evaluation *****
  Num examples = 100
  Batch size = 4
  epoch = 4
  eval_ppl = inf
  global_step = 66
  train_loss = 1.2825
  ********************
Previous best ppl:7.245987132541671e+255
BLEU file: ./data/RQ5/sstubs_100_1/validation.jsonl
  codebleu-4 = 93.03 	 Previous best codebleu 93.97
  ********************

***** Running evaluation *****
  Num examples = 100
  Batch size = 4
  epoch = 5
  eval_ppl = inf
  global_step = 79
  train_loss = 1.0158
  ********************
Previous best ppl:7.245987132541671e+255
BLEU file: ./data/RQ5/sstubs_100_1/validation.jsonl
  codebleu-4 = 94.51 	 Previous best codebleu 93.97
  ********************
 Achieve Best bleu:94.51
  ********************

***** Running evaluation *****
  Num examples = 100
  Batch size = 4
  epoch = 6
  eval_ppl = inf
  global_step = 92
  train_loss = 0.646
  ********************
Previous best ppl:7.245987132541671e+255
BLEU file: ./data/RQ5/sstubs_100_1/validation.jsonl
  codebleu-4 = 94.32 	 Previous best codebleu 94.51
  ********************

***** Running evaluation *****
  Num examples = 100
  Batch size = 4
  epoch = 7
  eval_ppl = inf
  global_step = 105
  train_loss = 0.5187
  ********************
Previous best ppl:7.245987132541671e+255
BLEU file: ./data/RQ5/sstubs_100_1/validation.jsonl
  codebleu-4 = 94.32 	 Previous best codebleu 94.51
  ********************

***** Running evaluation *****
  Num examples = 100
  Batch size = 4
  epoch = 8
  eval_ppl = inf
  global_step = 118
  train_loss = 0.4259
  ********************
Previous best ppl:7.245987132541671e+255
BLEU file: ./data/RQ5/sstubs_100_1/validation.jsonl
  codebleu-4 = 94.32 	 Previous best codebleu 94.51
  ********************
early stopping!!!
reload model from RQ5/sstubs_100_1/codet5p_220m/checkpoint-best-bleu
BLEU file: ./data/RQ5/sstubs_100_1/test.jsonl
  codebleu = 94.83 
  Total = 500 
  Exact Fixed = 266 
[1, 2, 3, 5, 6, 7, 8, 9, 10, 11, 14, 15, 17, 18, 20, 21, 23, 24, 25, 27, 31, 32, 34, 35, 36, 37, 39, 42, 44, 45, 46, 47, 48, 49, 52, 55, 56, 58, 61, 62, 63, 64, 65, 69, 70, 73, 75, 78, 80, 82, 83, 85, 87, 88, 90, 92, 93, 95, 96, 97, 99, 100, 101, 102, 103, 105, 106, 109, 110, 112, 113, 114, 116, 118, 120, 121, 125, 126, 127, 128, 129, 130, 131, 135, 136, 138, 139, 140, 141, 144, 145, 148, 149, 152, 153, 154, 155, 156, 160, 165, 167, 169, 170, 172, 173, 174, 176, 177, 183, 186, 188, 189, 192, 196, 197, 198, 201, 203, 204, 205, 209, 211, 214, 215, 218, 221, 226, 228, 229, 230, 231, 232, 233, 237, 238, 239, 240, 241, 242, 246, 247, 248, 249, 250, 252, 254, 255, 256, 259, 262, 263, 265, 266, 267, 268, 270, 273, 278, 279, 280, 283, 286, 287, 288, 289, 291, 295, 298, 302, 305, 306, 308, 311, 312, 314, 316, 318, 319, 321, 322, 323, 327, 330, 332, 333, 335, 336, 337, 339, 340, 341, 342, 343, 344, 345, 346, 347, 350, 355, 359, 360, 361, 369, 370, 371, 374, 375, 376, 378, 379, 383, 385, 389, 390, 391, 394, 395, 400, 401, 404, 405, 407, 409, 411, 414, 415, 416, 417, 418, 422, 423, 425, 427, 428, 433, 434, 438, 442, 448, 451, 452, 454, 455, 458, 459, 462, 463, 465, 466, 467, 469, 470, 475, 477, 480, 482, 484, 487, 488, 490, 492, 494, 496, 497, 498, 500]
  Syntax Fixed = 1 
[81]
  Cleaned Fixed = 0 
[]
  ********************
  Total = 500 
  Exact Fixed = 266 
[1, 2, 3, 5, 6, 7, 8, 9, 10, 11, 14, 15, 17, 18, 20, 21, 23, 24, 25, 27, 31, 32, 34, 35, 36, 37, 39, 42, 44, 45, 46, 47, 48, 49, 52, 55, 56, 58, 61, 62, 63, 64, 65, 69, 70, 73, 75, 78, 80, 82, 83, 85, 87, 88, 90, 92, 93, 95, 96, 97, 99, 100, 101, 102, 103, 105, 106, 109, 110, 112, 113, 114, 116, 118, 120, 121, 125, 126, 127, 128, 129, 130, 131, 135, 136, 138, 139, 140, 141, 144, 145, 148, 149, 152, 153, 154, 155, 156, 160, 165, 167, 169, 170, 172, 173, 174, 176, 177, 183, 186, 188, 189, 192, 196, 197, 198, 201, 203, 204, 205, 209, 211, 214, 215, 218, 221, 226, 228, 229, 230, 231, 232, 233, 237, 238, 239, 240, 241, 242, 246, 247, 248, 249, 250, 252, 254, 255, 256, 259, 262, 263, 265, 266, 267, 268, 270, 273, 278, 279, 280, 283, 286, 287, 288, 289, 291, 295, 298, 302, 305, 306, 308, 311, 312, 314, 316, 318, 319, 321, 322, 323, 327, 330, 332, 333, 335, 336, 337, 339, 340, 341, 342, 343, 344, 345, 346, 347, 350, 355, 359, 360, 361, 369, 370, 371, 374, 375, 376, 378, 379, 383, 385, 389, 390, 391, 394, 395, 400, 401, 404, 405, 407, 409, 411, 414, 415, 416, 417, 418, 422, 423, 425, 427, 428, 433, 434, 438, 442, 448, 451, 452, 454, 455, 458, 459, 462, 463, 465, 466, 467, 469, 470, 475, 477, 480, 482, 484, 487, 488, 490, 492, 494, 496, 497, 498, 500]
  Syntax Fixed = 1 
[81]
  Cleaned Fixed = 0 
[]
  codebleu = 94.83 
[1.0, 1.0, 1.0, 0.8947836446510709, 1.0, 1.0, 1.0, 1.0, 1.0, 1.0, 1.0, 0.9498733743967636, 0.9167248063681421, 1.0, 1.0, 0.9485932253610538, 1.0, 1.0, 0.9176675865658077, 1.0, 1.0, 0.9147581010783108, 1.0, 1.0, 1.0, 0.7010984251778435, 1.0, 0.8892742146930692, 0.8665518607362566, 0.7596309910435032, 1.0, 1.0, 0.7099766481408452, 1.0, 1.0, 1.0, 1.0, 0.9272945586059962, 1.0, 0.9236426846280885, 0.9257671218945684, 1.0, 0.803935721440832, 1.0, 1.0, 1.0, 1.0, 1.0, 1.0, 0.8472999580048346, 0.9261420415269246, 1.0, 0.8362511196423215, 0.9435321610524647, 1.0, 1.0, 0.8746806556337734, 1.0, 0.8892742146930692, 0.7491375710149024, 1.0, 1.0, 1.0, 1.0, 1.0, 0.8657511945821569, 0.9600948805844232, 0.8961079319106557, 1.0, 1.0, 0.9544887439837764, 0.9151340803413444, 1.0, 0.7503432335009788, 1.0, 0.9783152785012215, 0.8348805422215138, 1.0, 0.9498733743967636, 1.0, 0.9699899456986019, 1.0, 1.0, 0.8821296454239946, 1.0, 0.9557161384210198, 1.0, 1.0, 0.9629467492522685, 1.0, 0.7446226556026081, 1.0, 1.0, 0.8989289901708486, 1.0, 1.0, 1.0, 0.9323598782946632, 1.0, 1.0, 1.0, 1.0, 1.0, 0.9498733743967636, 1.0, 1.0, 0.8845572237610086, 0.970114879479065, 1.0, 1.0, 0.9498733743967636, 1.0, 1.0, 1.0, 0.9133094076861077, 1.0, 0.9027245358790694, 1.0, 0.936923058378295, 1.0, 1.0, 0.9689323767297664, 0.963531800540206, 0.8387796716807858, 1.0, 1.0, 1.0, 1.0, 1.0, 1.0, 1.0, 0.9427895563342799, 0.9613211546063425, 0.9469728550743763, 1.0, 1.0, 0.9524183912964097, 1.0, 1.0, 1.0, 1.0, 0.8794064540059643, 0.8139113648956017, 1.0, 1.0, 0.9019927469706532, 0.9375231838826312, 1.0, 1.0, 0.9357730833493334, 0.85041351003767, 1.0, 1.0, 1.0, 1.0, 1.0, 0.7967629523839908, 0.909624266823112, 0.8806751756510949, 1.0, 0.8470042806264737, 0.8840834056802387, 0.822395584879356, 0.8617520551076281, 1.0, 0.7596309910435032, 1.0, 0.9498733743967636, 1.0, 1.0, 0.9587753838819759, 1.0, 1.0, 1.0, 0.7876421850012838, 1.0, 1.0, 0.9584627887351178, 0.9466595714446484, 0.9267516766457782, 0.904775862258383, 0.9044642401339957, 1.0, 0.801180028968093, 0.9530008025801151, 1.0, 0.9546221339246326, 1.0, 1.0, 0.6716998581361318, 0.8014447380383962, 1.0, 0.9581095565874824, 0.9439975336408695, 0.8815471473605285, 1.0, 1.0, 1.0, 0.7831318837364406, 0.9564084233825603, 1.0, 0.942891989734737, 1.0, 1.0, 1.0, 0.8821296454239946, 0.9312991012532417, 0.9600948805844232, 1.0, 0.769122578011458, 1.0, 0.8803078606169892, 0.9215834056802388, 1.0, 1.0, 0.875669182039696, 0.9365276486140073, 1.0, 0.9583676774082095, 0.8846386294351021, 1.0, 0.9222862123570568, 0.9407613352737074, 0.9085309210098864, 0.7590096946794502, 1.0, 0.9188441984944269, 1.0, 1.0, 0.9680988793409613, 1.0, 1.0, 1.0, 0.884777214048037, 0.9725011474210121, 0.9498733743967636, 1.0, 1.0, 1.0, 1.0, 1.0, 1.0, 0.884137748772268, 0.8222725521291268, 0.9325400085710811, 1.0, 1.0, 1.0, 1.0, 1.0, 0.9372561368734473, 1.0, 0.9600553834135903, 1.0, 1.0, 1.0, 0.9495565333799167, 0.910233087519547, 1.0, 0.8531462888634065, 0.8404979526305214, 1.0, 1.0, 0.8755319098520675, 1.0, 1.0, 1.0, 1.0, 0.8212636043254029, 1.0, 0.949068802064335, 0.9259881201117277, 1.0, 0.907357971193316, 0.8989289901708486, 0.8509588599283562, 0.8821296454239946, 1.0, 1.0, 1.0, 0.9321212086381336, 0.9089670069930953, 1.0, 0.8648103351245982, 0.9466595714446484, 1.0, 1.0, 1.0, 1.0, 0.7016265496309229, 1.0, 0.8947836446510709, 0.8626149393966556, 0.9497338034253828, 1.0, 0.9439975336408695, 0.9119950221406494, 1.0, 0.8698869964564975, 0.7962718684980241, 0.9601466755014141, 1.0, 0.9332624127367197, 0.9155105345510666, 1.0, 1.0, 0.9498733743967636, 1.0, 0.9382665241871304, 0.7026615485512439, 1.0, 1.0, 0.7944107194467429, 1.0, 0.9647268293826727, 1.0, 0.8960973978810894, 1.0, 1.0, 0.9211131842675646, 1.0, 1.0, 1.0, 0.8056751756510949, 0.8989289901708486, 0.8953661348226227, 1.0, 0.9583676774082095, 0.9598988001907718, 0.9349697756418187, 0.9630476148256921, 1.0, 1.0, 0.8215803485831588, 1.0, 1.0, 1.0, 0.8815471473605285, 1.0, 1.0, 1.0, 1.0, 1.0, 1.0, 1.0, 1.0, 1.0, 0.8667343878768172, 0.966664755877954, 1.0, 0.9404330472606062, 0.9498733743967636, 0.9045508804845042, 0.9698138929646263, 1.0, 0.9493239030379825, 0.910233087519547, 0.9407613352737074, 1.0, 1.0, 1.0, 0.8573835536643046, 0.9443755095409017, 0.9543920430664012, 0.9370576952964131, 0.9465864294209791, 0.8761569670973709, 0.8576767641936891, 1.0, 1.0, 1.0, 0.9472873156881443, 0.9466595714446484, 1.0, 1.0, 1.0, 0.7292149374693833, 1.0, 1.0, 0.7016265496309229, 0.9653175874774487, 0.8969876166404993, 1.0, 0.8422237749567263, 1.0, 0.8806751756510949, 0.8045788816545087, 0.8648103351245982, 1.0, 1.0, 1.0, 0.6851513300845844, 0.8755319098520675, 1.0, 1.0, 0.8083676774082095, 0.9207265089204273, 0.940598945729278, 0.9498733743967636, 1.0, 1.0, 0.9583676774082095, 0.9321212086381336, 1.0, 1.0, 0.8667343878768172, 1.0, 0.9470228248649237, 1.0, 0.8821296454239946, 1.0, 0.8642470965743208, 0.9309949427736264, 1.0, 1.0, 1.0, 1.0, 1.0, 0.9523104352365284, 0.7032463562196102, 0.9500330416345475, 1.0, 1.0, 0.8212347889887717, 1.0, 0.9365809638486668, 1.0, 1.0, 0.534613777706259, 0.7810580026281693, 0.8535087661549325, 0.7877842946802818, 1.0, 1.0, 0.9215834056802388, 0.9584627887351178, 0.936752055107628, 1.0, 0.957982876787582, 0.9693261143428569, 0.9354021130737269, 1.0, 0.9085309210098864, 0.9546221339246326, 0.9583676774082095, 0.8394141655908587, 0.9215834056802388, 1.0, 0.9500330416345475, 0.9149336239632064, 1.0, 1.0, 0.8655056700329364, 1.0, 1.0, 0.7378414230005441, 0.9044642401339957, 1.0, 1.0, 0.8707360186992235, 0.8212347889887717, 1.0, 1.0, 0.8816015466501335, 1.0, 1.0, 1.0, 0.9509004453320677, 1.0, 1.0, 0.829922431649786, 0.8112458888495773, 0.9468351265733028, 0.862347908057336, 1.0, 0.8313412454774565, 1.0, 0.9099697272423548, 0.8648103351245982, 1.0, 0.7486246705124127, 1.0, 0.9546221339246326, 1.0, 0.8535087661549325, 0.7345176572401336, 1.0, 1.0, 0.9207265089204273, 1.0, 0.8871606681680837, 1.0, 0.9562237378841005, 1.0, 0.928067052222928, 1.0, 1.0, 1.0, 0.9213836287468253, 1.0]
Finish training and take 13m
