Namespace(log_name='./RQ5/sstubs_500_3/codet5p_220m_f.log', model_name='Salesforce/codet5p-220m', lang='java', output_dir='RQ5/sstubs_500_3/codet5p_220m_f', data_dir='./data/RQ5/sstubs_500_3', no_cuda=False, visible_gpu='0', add_task_prefix=False, add_lang_ids=False, num_train_epochs=10, num_test_epochs=10, train_batch_size=8, eval_batch_size=4, gradient_accumulation_steps=2, load_model_path=None, config_name='', tokenizer_name='', max_source_length=512, max_target_length=512, warm_up_ratio=0.1, do_train=True, do_eval=True, do_test=True, do_lower_case=False, learning_rate=5e-05, beam_size=10, weight_decay=0.0, adam_epsilon=1e-08, max_grad_norm=1.0, max_steps=-1, eval_steps=-1, train_steps=-1, local_rank=-1, seed=42, early_stop_threshold=3)
Process rank: -1, device: cuda, n_gpu: 1, distributed training: False, model_name: Salesforce/codet5p-220m
model created!
Total 500 training instances 
***** Running training *****
  Num examples = 500
  Batch size = 8
  Num epoch = 10

***** Running evaluation *****
  Num examples = 100
  Batch size = 4
  epoch = 0
  eval_ppl = 1.00041
  global_step = 63
  train_loss = 0.3443
  ********************
Previous best ppl:inf
Achieve Best ppl:1.00041
  ********************
BLEU file: ./data/RQ5/sstubs_500_3/validation.jsonl
  codebleu-4 = 92.66 	 Previous best codebleu 0
  ********************
 Achieve Best bleu:92.66
  ********************

***** Running evaluation *****
  Num examples = 100
  Batch size = 4
  epoch = 1
  eval_ppl = 1.00034
  global_step = 125
  train_loss = 0.0862
  ********************
Previous best ppl:1.00041
Achieve Best ppl:1.00034
  ********************
BLEU file: ./data/RQ5/sstubs_500_3/validation.jsonl
  codebleu-4 = 94.36 	 Previous best codebleu 92.66
  ********************
 Achieve Best bleu:94.36
  ********************

***** Running evaluation *****
  Num examples = 100
  Batch size = 4
  epoch = 2
  eval_ppl = 1.00036
  global_step = 187
  train_loss = 0.0445
  ********************
Previous best ppl:1.00034
BLEU file: ./data/RQ5/sstubs_500_3/validation.jsonl
  codebleu-4 = 94.56 	 Previous best codebleu 94.36
  ********************
 Achieve Best bleu:94.56
  ********************

***** Running evaluation *****
  Num examples = 100
  Batch size = 4
  epoch = 3
  eval_ppl = 1.00033
  global_step = 249
  train_loss = 0.0293
  ********************
Previous best ppl:1.00034
Achieve Best ppl:1.00033
  ********************
BLEU file: ./data/RQ5/sstubs_500_3/validation.jsonl
  codebleu-4 = 94.74 	 Previous best codebleu 94.56
  ********************
 Achieve Best bleu:94.74
  ********************

***** Running evaluation *****
  Num examples = 100
  Batch size = 4
  epoch = 4
  eval_ppl = 1.00038
  global_step = 311
  train_loss = 0.018
  ********************
Previous best ppl:1.00033
BLEU file: ./data/RQ5/sstubs_500_3/validation.jsonl
  codebleu-4 = 95.21 	 Previous best codebleu 94.74
  ********************
 Achieve Best bleu:95.21
  ********************

***** Running evaluation *****
  Num examples = 100
  Batch size = 4
  epoch = 5
  eval_ppl = 1.00038
  global_step = 373
  train_loss = 0.0149
  ********************
Previous best ppl:1.00033
BLEU file: ./data/RQ5/sstubs_500_3/validation.jsonl
  codebleu-4 = 95.4 	 Previous best codebleu 95.21
  ********************
 Achieve Best bleu:95.4
  ********************

***** Running evaluation *****
  Num examples = 100
  Batch size = 4
  epoch = 6
  eval_ppl = 1.00039
  global_step = 435
  train_loss = 0.0116
  ********************
Previous best ppl:1.00033
BLEU file: ./data/RQ5/sstubs_500_3/validation.jsonl
  codebleu-4 = 95.45 	 Previous best codebleu 95.4
  ********************
 Achieve Best bleu:95.45
  ********************

***** Running evaluation *****
  Num examples = 100
  Batch size = 4
  epoch = 7
  eval_ppl = 1.0004
  global_step = 497
  train_loss = 0.0076
  ********************
Previous best ppl:1.00033
BLEU file: ./data/RQ5/sstubs_500_3/validation.jsonl
  codebleu-4 = 95.58 	 Previous best codebleu 95.45
  ********************
 Achieve Best bleu:95.58
  ********************

***** Running evaluation *****
  Num examples = 100
  Batch size = 4
  epoch = 8
  eval_ppl = 1.0004
  global_step = 559
  train_loss = 0.0061
  ********************
Previous best ppl:1.00033
BLEU file: ./data/RQ5/sstubs_500_3/validation.jsonl
  codebleu-4 = 95.58 	 Previous best codebleu 95.58
  ********************

***** Running evaluation *****
  Num examples = 100
  Batch size = 4
  epoch = 9
  eval_ppl = 1.0004
  global_step = 621
  train_loss = 0.0054
  ********************
Previous best ppl:1.00033
BLEU file: ./data/RQ5/sstubs_500_3/validation.jsonl
  codebleu-4 = 95.49 	 Previous best codebleu 95.58
  ********************
reload model from RQ5/sstubs_500_3/codet5p_220m_f/checkpoint-best-bleu
BLEU file: ./data/RQ5/sstubs_500_3/test.jsonl
  codebleu = 95.44 
  Total = 500 
  Exact Fixed = 301 
[1, 2, 3, 5, 8, 10, 11, 12, 13, 16, 17, 18, 19, 20, 22, 24, 25, 26, 28, 30, 34, 35, 36, 37, 38, 39, 40, 49, 50, 53, 54, 56, 57, 59, 62, 63, 64, 66, 70, 72, 73, 75, 76, 80, 82, 86, 88, 89, 91, 92, 93, 94, 96, 97, 100, 102, 103, 104, 106, 108, 109, 110, 112, 114, 115, 116, 117, 120, 121, 123, 124, 126, 130, 131, 135, 137, 138, 139, 140, 141, 142, 144, 146, 147, 148, 152, 153, 154, 155, 156, 157, 159, 160, 161, 162, 164, 166, 167, 168, 171, 172, 173, 176, 178, 179, 180, 183, 184, 188, 189, 192, 193, 195, 196, 198, 199, 200, 202, 203, 205, 206, 207, 208, 209, 210, 213, 215, 216, 219, 223, 224, 227, 229, 231, 232, 235, 236, 238, 241, 243, 244, 245, 246, 247, 249, 250, 251, 253, 255, 256, 258, 259, 260, 265, 267, 269, 270, 272, 274, 276, 278, 281, 282, 283, 285, 288, 291, 292, 294, 295, 296, 298, 299, 301, 303, 304, 306, 307, 308, 309, 311, 312, 313, 314, 316, 318, 319, 320, 321, 324, 325, 327, 329, 330, 333, 334, 336, 337, 340, 341, 342, 343, 344, 346, 350, 352, 354, 355, 357, 359, 360, 362, 364, 365, 366, 367, 368, 369, 370, 372, 373, 374, 376, 377, 378, 379, 382, 383, 384, 386, 387, 388, 389, 390, 391, 392, 393, 398, 399, 401, 402, 404, 405, 407, 408, 410, 412, 413, 417, 418, 424, 425, 428, 430, 431, 432, 433, 436, 437, 439, 440, 442, 443, 444, 445, 446, 449, 450, 452, 453, 454, 457, 458, 459, 460, 462, 463, 465, 466, 467, 468, 469, 471, 474, 476, 477, 478, 479, 481, 482, 484, 486, 489, 490, 491, 493, 494, 495, 496, 497, 498]
  Syntax Fixed = 4 
[29, 90, 225, 420]
  Cleaned Fixed = 0 
[]
  ********************
  Total = 500 
  Exact Fixed = 301 
[1, 2, 3, 5, 8, 10, 11, 12, 13, 16, 17, 18, 19, 20, 22, 24, 25, 26, 28, 30, 34, 35, 36, 37, 38, 39, 40, 49, 50, 53, 54, 56, 57, 59, 62, 63, 64, 66, 70, 72, 73, 75, 76, 80, 82, 86, 88, 89, 91, 92, 93, 94, 96, 97, 100, 102, 103, 104, 106, 108, 109, 110, 112, 114, 115, 116, 117, 120, 121, 123, 124, 126, 130, 131, 135, 137, 138, 139, 140, 141, 142, 144, 146, 147, 148, 152, 153, 154, 155, 156, 157, 159, 160, 161, 162, 164, 166, 167, 168, 171, 172, 173, 176, 178, 179, 180, 183, 184, 188, 189, 192, 193, 195, 196, 198, 199, 200, 202, 203, 205, 206, 207, 208, 209, 210, 213, 215, 216, 219, 223, 224, 227, 229, 231, 232, 235, 236, 238, 241, 243, 244, 245, 246, 247, 249, 250, 251, 253, 255, 256, 258, 259, 260, 265, 267, 269, 270, 272, 274, 276, 278, 281, 282, 283, 285, 288, 291, 292, 294, 295, 296, 298, 299, 301, 303, 304, 306, 307, 308, 309, 311, 312, 313, 314, 316, 318, 319, 320, 321, 324, 325, 327, 329, 330, 333, 334, 336, 337, 340, 341, 342, 343, 344, 346, 350, 352, 354, 355, 357, 359, 360, 362, 364, 365, 366, 367, 368, 369, 370, 372, 373, 374, 376, 377, 378, 379, 382, 383, 384, 386, 387, 388, 389, 390, 391, 392, 393, 398, 399, 401, 402, 404, 405, 407, 408, 410, 412, 413, 417, 418, 424, 425, 428, 430, 431, 432, 433, 436, 437, 439, 440, 442, 443, 444, 445, 446, 449, 450, 452, 453, 454, 457, 458, 459, 460, 462, 463, 465, 466, 467, 468, 469, 471, 474, 476, 477, 478, 479, 481, 482, 484, 486, 489, 490, 491, 493, 494, 495, 496, 497, 498]
  Syntax Fixed = 4 
[29, 90, 225, 420]
  Cleaned Fixed = 0 
[]
  codebleu = 95.44 
[1.0, 1.0, 1.0, 0.9495565333799167, 1.0, 0.5565560801010174, 0.9211131842675646, 1.0, 0.557115595241456, 1.0, 1.0, 1.0, 1.0, 0.6766433148075119, 0.9073284209965369, 1.0, 1.0, 1.0, 1.0, 1.0, 0.8194907652001931, 1.0, 0.6577095841418729, 1.0, 1.0, 1.0, 0.8400553834135902, 1.0, 0.9699899456986019, 1.0, 0.881955507815954, 0.8853457989463581, 0.9372561368734473, 1.0, 1.0, 1.0, 1.0, 1.0, 1.0, 1.0, 0.8961079319106557, 0.9495565333799167, 0.9517918920357142, 0.8368293296348667, 0.8585848297465273, 0.9543920430664012, 0.936752055107628, 0.9012977329022187, 1.0, 1.0, 0.9642836546885394, 0.9523104352365284, 1.0, 1.0, 0.850084905673596, 1.0, 1.0, 0.9509004453320677, 1.0, 0.9830124435719327, 0.9495565333799167, 1.0, 1.0, 1.0, 0.6919044591507169, 1.0, 0.9403743010640047, 0.7491375710149024, 0.9325815531825292, 1.0, 0.8020772327457721, 1.0, 1.0, 0.805438392944647, 1.0, 1.0, 0.8566632780233401, 0.8133116091221643, 0.7130825083995453, 1.0, 0.9108242908590016, 1.0, 0.9441518237028776, 0.8676184836694505, 0.8674435206185069, 1.0, 0.9207265089204273, 1.0, 1.0, 0.9699899456986019, 1.0, 1.0, 1.0, 1.0, 0.8255195881312929, 1.0, 1.0, 0.9830124435719327, 0.9238877689380496, 1.0, 0.9207265089204273, 1.0, 1.0, 1.0, 0.8977573831682686, 1.0, 0.9026775857310148, 1.0, 1.0, 1.0, 0.9629467492522685, 1.0, 0.9026321368482364, 1.0, 1.0, 1.0, 1.0, 0.8629498377119638, 0.9422672588258918, 1.0, 1.0, 0.9141000841539659, 1.0, 1.0, 0.9327938350960072, 1.0, 0.8313123185424158, 0.9118239030379824, 0.9044642401339957, 1.0, 1.0, 0.9318351265733027, 0.8147166794810943, 0.987026696724848, 1.0, 0.9145980101874507, 1.0, 1.0, 1.0, 1.0, 1.0, 1.0, 0.8986766170158926, 1.0, 0.8016164190158708, 1.0, 1.0, 1.0, 0.9058089637441036, 0.8145980101874506, 0.9567814728909636, 1.0, 1.0, 1.0, 1.0, 1.0, 1.0, 0.9725011474210121, 1.0, 1.0, 1.0, 1.0, 0.9501570703145379, 1.0, 0.9352133283258579, 1.0, 1.0, 1.0, 0.956711228908929, 0.9616102999368312, 1.0, 1.0, 1.0, 0.9170576952964131, 0.8377253763997345, 1.0, 0.8762818337887306, 1.0, 1.0, 1.0, 0.9266829146927709, 0.8955980328281301, 1.0, 1.0, 0.9490051755223876, 0.8550920816519976, 0.8550920816519976, 1.0, 1.0, 0.772496321151799, 0.9321212086381336, 1.0, 1.0, 0.9354021130737269, 1.0, 1.0, 0.9219188985107609, 1.0, 1.0, 1.0, 0.9056583090096291, 1.0, 1.0, 0.8064626894135283, 1.0, 1.0, 1.0, 1.0, 1.0, 1.0, 0.8865561184422389, 0.8642470965743208, 1.0, 0.9725011474210121, 1.0, 1.0, 0.9830124435719327, 0.9104745446407605, 1.0, 0.892387748772268, 0.9427815239895609, 0.8947836446510709, 1.0, 1.0, 0.9699899456986019, 0.6502973371873174, 1.0, 0.7032349297460765, 1.0, 0.8933633833099063, 1.0, 1.0, 0.9830124435719327, 0.7942663828924112, 1.0, 1.0, 0.901672684198352, 1.0, 0.7016265496309229, 0.9675420713984233, 1.0, 0.7369342414615079, 1.0, 1.0, 1.0, 1.0, 1.0, 0.9361684767997713, 1.0, 1.0, 1.0, 0.9437985500759485, 1.0, 0.8655948908847075, 1.0, 1.0, 0.8816015466501335, 1.0, 1.0, 1.0, 0.9564084233825603, 0.8382738479048725, 0.8557768311681513, 0.9456972075000312, 1.0, 0.9104979088289846, 1.0, 0.9521775318277603, 1.0, 1.0, 0.9141000841539659, 1.0, 0.8211309068006624, 1.0, 0.9524183912964097, 1.0, 0.9331580236066618, 1.0, 0.8519348099950308, 0.9616136179279984, 1.0, 1.0, 1.0, 0.9143879239397519, 1.0, 0.936752055107628, 0.9470228248649237, 1.0, 0.9521775318277603, 0.8974634481857526, 1.0, 1.0, 0.9165239329369728, 1.0, 1.0, 1.0, 0.9245037448286011, 1.0, 1.0, 0.7016265496309229, 1.0, 0.9544887439837764, 1.0, 1.0, 0.9261944097793529, 1.0, 1.0, 1.0, 1.0, 0.7533050635111456, 1.0, 1.0, 1.0, 1.0, 0.6610506160908894, 1.0, 0.831256097916082, 1.0, 1.0, 1.0, 1.0, 0.9565292378112795, 0.924762622326577, 1.0, 1.0, 0.9665788286155268, 1.0, 0.9045508804845042, 1.0, 1.0, 0.9427895563342799, 0.8886420415269245, 1.0, 1.0, 0.8521105690558852, 1.0, 1.0, 0.8730911354138612, 0.9436140613395863, 1.0, 1.0, 1.0, 1.0, 1.0, 0.7825400085710811, 1.0, 0.8821296454239946, 0.9498733743967636, 0.6229661941006033, 1.0, 0.859279267136342, 1.0, 0.9076642269253836, 1.0, 1.0, 0.9583676774082095, 1.0, 0.8882024196149318, 1.0, 1.0, 0.9498733743967636, 1.0, 0.8907381942373906, 1.0, 1.0, 1.0, 1.0, 1.0, 1.0, 1.0, 0.9275497242895492, 1.0, 1.0, 1.0, 0.9572615927227479, 1.0, 1.0, 1.0, 1.0, 0.9372949510556283, 0.8, 1.0, 1.0, 1.0, 0.9013131827384397, 1.0, 1.0, 1.0, 1.0, 1.0, 1.0, 1.0, 1.0, 0.8712657414305676, 0.8821296454239946, 0.9141000841539659, 0.9261420415269246, 1.0, 1.0, 0.8173688659141947, 1.0, 1.0, 0.8768874158387014, 1.0, 1.0, 0.8846386294351021, 1.0, 1.0, 0.9497338034253828, 1.0, 0.797355414531276, 1.0, 1.0, 0.9546221339246326, 0.9090440252597953, 0.7941622718785454, 1.0, 1.0, 0.9357730833493334, 0.9699899456986019, 0.8882024196149318, 0.6004422095612587, 0.9746774581465578, 1.0, 1.0, 0.9800683463319189, 0.936752055107628, 1.0, 0.9357730833493334, 1.0, 1.0, 1.0, 1.0, 0.8431318837364405, 0.9307091932148608, 1.0, 1.0, 0.9165276486140073, 1.0, 1.0, 0.9631318837364407, 1.0, 1.0, 1.0, 1.0, 1.0, 0.9185321610524646, 0.9437985500759485, 1.0, 1.0, 0.9498733743967636, 1.0, 1.0, 1.0, 0.7377489646582042, 0.8965296466431494, 1.0, 1.0, 1.0, 1.0, 0.9407613352737074, 1.0, 1.0, 0.936752055107628, 1.0, 1.0, 1.0, 1.0, 1.0, 0.9330331470954285, 1.0, 0.8821296454239946, 0.9468351265733028, 1.0, 0.9090440252597953, 1.0, 1.0, 1.0, 1.0, 0.9272945586059962, 1.0, 1.0, 0.27385800439535674, 1.0, 0.9525078218537795, 1.0, 0.8998848301604019, 0.895040008571081, 1.0, 1.0, 1.0, 0.9583676774082095, 1.0, 1.0, 1.0, 1.0, 1.0, 1.0, 0.8821296454239946, 0.9404330472606062]
Finish training and take 17m
