Namespace(log_name='./RQ5/sstubs_500_3/codet5p_220m.log', model_name='Salesforce/codet5p-220m', lang='java', output_dir='RQ5/sstubs_500_3/codet5p_220m', data_dir='./data/RQ5/sstubs_500_3', choice=0, no_cuda=False, visible_gpu='0', num_train_epochs=10, num_test_epochs=1, train_batch_size=8, eval_batch_size=4, gradient_accumulation_steps=1, load_model_path=None, config_name='', tokenizer_name='', max_source_length=512, max_target_length=512, warm_up_ratio=0.1, do_train=True, do_eval=True, do_test=True, freeze=False, learning_rate=5e-05, beam_size=10, weight_decay=0.0, adam_epsilon=1e-08, local_rank=-1, seed=42, early_stop_threshold=3)
Process rank: -1, device: cuda, n_gpu: 1, distributed training: False
Model created!!
[[{'text': 'private final PassFactory removeUnreachableCode =        new PassFactory("removeUnreachableCode", false) {      @Override      protected CompilerPass createInternal(AbstractCompiler compiler) {', 'loss_ids': 0, 'shortenable_ids': 1}, {'text': '<mask>', 'loss_ids': 1, 'shortenable_ids': 0}, {'text': 'is the fixed version', 'loss_ids': 0, 'shortenable_ids': 0}], {'guid': 0, 'tgt_text': 'final PassFactory removeUnreachableCode =        new PassFactory("removeUnreachableCode", false) {      @Override      protected CompilerPass createInternal(AbstractCompiler compiler) {'}]
***** Running training *****
  Num examples = 500
  Batch size = 8
  Num epoch = 10

***** Running evaluation *****
  Num examples = 100
  Batch size = 4
  epoch = 0
  eval_ppl = inf
  global_step = 64
  train_loss = 18.6346
  ********************
Previous best ppl:inf
Achieve Best ppl:inf
  ********************
BLEU file: ./data/RQ5/sstubs_500_3/validation.jsonl
  codebleu-4 = 92.41 	 Previous best codebleu 0
  ********************
 Achieve Best bleu:92.41
  ********************

***** Running evaluation *****
  Num examples = 100
  Batch size = 4
  epoch = 1
  eval_ppl = inf
  global_step = 127
  train_loss = 4.4941
  ********************
Previous best ppl:inf
BLEU file: ./data/RQ5/sstubs_500_3/validation.jsonl
  codebleu-4 = 93.5 	 Previous best codebleu 92.41
  ********************
 Achieve Best bleu:93.5
  ********************

***** Running evaluation *****
  Num examples = 100
  Batch size = 4
  epoch = 2
  eval_ppl = inf
  global_step = 190
  train_loss = 2.4792
  ********************
Previous best ppl:inf
BLEU file: ./data/RQ5/sstubs_500_3/validation.jsonl
  codebleu-4 = 94.62 	 Previous best codebleu 93.5
  ********************
 Achieve Best bleu:94.62
  ********************

***** Running evaluation *****
  Num examples = 100
  Batch size = 4
  epoch = 3
  eval_ppl = inf
  global_step = 253
  train_loss = 1.289
  ********************
Previous best ppl:inf
BLEU file: ./data/RQ5/sstubs_500_3/validation.jsonl
  codebleu-4 = 94.27 	 Previous best codebleu 94.62
  ********************

***** Running evaluation *****
  Num examples = 100
  Batch size = 4
  epoch = 4
  eval_ppl = inf
  global_step = 316
  train_loss = 0.6818
  ********************
Previous best ppl:inf
BLEU file: ./data/RQ5/sstubs_500_3/validation.jsonl
  codebleu-4 = 94.49 	 Previous best codebleu 94.62
  ********************

***** Running evaluation *****
  Num examples = 100
  Batch size = 4
  epoch = 5
  eval_ppl = inf
  global_step = 379
  train_loss = 0.5555
  ********************
Previous best ppl:inf
BLEU file: ./data/RQ5/sstubs_500_3/validation.jsonl
  codebleu-4 = 94.65 	 Previous best codebleu 94.62
  ********************
 Achieve Best bleu:94.65
  ********************

***** Running evaluation *****
  Num examples = 100
  Batch size = 4
  epoch = 6
  eval_ppl = inf
  global_step = 442
  train_loss = 0.4081
  ********************
Previous best ppl:inf
BLEU file: ./data/RQ5/sstubs_500_3/validation.jsonl
  codebleu-4 = 94.5 	 Previous best codebleu 94.65
  ********************

***** Running evaluation *****
  Num examples = 100
  Batch size = 4
  epoch = 7
  eval_ppl = inf
  global_step = 505
  train_loss = 0.3186
  ********************
Previous best ppl:inf
BLEU file: ./data/RQ5/sstubs_500_3/validation.jsonl
  codebleu-4 = 94.8 	 Previous best codebleu 94.65
  ********************
 Achieve Best bleu:94.8
  ********************

***** Running evaluation *****
  Num examples = 100
  Batch size = 4
  epoch = 8
  eval_ppl = inf
  global_step = 568
  train_loss = 0.2563
  ********************
Previous best ppl:inf
BLEU file: ./data/RQ5/sstubs_500_3/validation.jsonl
  codebleu-4 = 94.92 	 Previous best codebleu 94.8
  ********************
 Achieve Best bleu:94.92
  ********************

***** Running evaluation *****
  Num examples = 100
  Batch size = 4
  epoch = 9
  eval_ppl = inf
  global_step = 631
  train_loss = 0.2119
  ********************
Previous best ppl:inf
BLEU file: ./data/RQ5/sstubs_500_3/validation.jsonl
  codebleu-4 = 94.92 	 Previous best codebleu 94.92
  ********************
reload model from RQ5/sstubs_500_3/codet5p_220m/checkpoint-best-bleu
BLEU file: ./data/RQ5/sstubs_500_3/test.jsonl
  codebleu = 95.09 
  Total = 500 
  Exact Fixed = 301 
[1, 2, 3, 5, 8, 10, 11, 12, 13, 16, 17, 18, 19, 20, 22, 24, 25, 26, 28, 30, 32, 34, 35, 36, 37, 38, 39, 40, 49, 50, 53, 54, 56, 57, 59, 62, 63, 64, 66, 67, 70, 72, 73, 75, 76, 80, 82, 86, 88, 89, 91, 92, 93, 94, 96, 97, 100, 102, 103, 104, 106, 108, 109, 110, 112, 114, 115, 116, 117, 120, 121, 123, 124, 126, 130, 131, 135, 138, 139, 140, 141, 142, 144, 146, 147, 148, 152, 153, 154, 155, 156, 157, 159, 160, 161, 162, 164, 166, 167, 168, 172, 173, 176, 178, 179, 180, 183, 184, 188, 189, 192, 193, 194, 195, 196, 198, 199, 200, 202, 203, 205, 207, 208, 209, 210, 213, 215, 216, 219, 223, 224, 227, 229, 231, 232, 235, 236, 238, 241, 243, 244, 245, 246, 247, 249, 250, 251, 253, 255, 256, 258, 259, 260, 264, 265, 267, 269, 270, 272, 274, 276, 278, 281, 282, 283, 285, 288, 291, 292, 294, 295, 296, 298, 299, 301, 303, 304, 306, 307, 308, 309, 311, 312, 313, 314, 316, 318, 319, 320, 321, 324, 325, 329, 330, 333, 334, 336, 337, 340, 341, 342, 343, 344, 346, 350, 352, 354, 355, 357, 359, 360, 362, 364, 365, 366, 367, 368, 369, 370, 372, 373, 374, 376, 377, 378, 379, 382, 383, 384, 386, 387, 388, 389, 390, 391, 392, 393, 398, 399, 401, 402, 404, 405, 407, 408, 410, 412, 413, 417, 418, 424, 425, 428, 430, 431, 432, 433, 436, 437, 439, 440, 442, 443, 444, 445, 446, 449, 450, 452, 453, 454, 457, 458, 459, 460, 462, 463, 465, 466, 467, 468, 469, 470, 471, 474, 476, 477, 478, 479, 481, 482, 484, 486, 489, 490, 491, 493, 494, 495, 496, 497]
  Syntax Fixed = 0 
[]
  Cleaned Fixed = 0 
[]
  ********************
  Total = 500 
  Exact Fixed = 301 
[1, 2, 3, 5, 8, 10, 11, 12, 13, 16, 17, 18, 19, 20, 22, 24, 25, 26, 28, 30, 32, 34, 35, 36, 37, 38, 39, 40, 49, 50, 53, 54, 56, 57, 59, 62, 63, 64, 66, 67, 70, 72, 73, 75, 76, 80, 82, 86, 88, 89, 91, 92, 93, 94, 96, 97, 100, 102, 103, 104, 106, 108, 109, 110, 112, 114, 115, 116, 117, 120, 121, 123, 124, 126, 130, 131, 135, 138, 139, 140, 141, 142, 144, 146, 147, 148, 152, 153, 154, 155, 156, 157, 159, 160, 161, 162, 164, 166, 167, 168, 172, 173, 176, 178, 179, 180, 183, 184, 188, 189, 192, 193, 194, 195, 196, 198, 199, 200, 202, 203, 205, 207, 208, 209, 210, 213, 215, 216, 219, 223, 224, 227, 229, 231, 232, 235, 236, 238, 241, 243, 244, 245, 246, 247, 249, 250, 251, 253, 255, 256, 258, 259, 260, 264, 265, 267, 269, 270, 272, 274, 276, 278, 281, 282, 283, 285, 288, 291, 292, 294, 295, 296, 298, 299, 301, 303, 304, 306, 307, 308, 309, 311, 312, 313, 314, 316, 318, 319, 320, 321, 324, 325, 329, 330, 333, 334, 336, 337, 340, 341, 342, 343, 344, 346, 350, 352, 354, 355, 357, 359, 360, 362, 364, 365, 366, 367, 368, 369, 370, 372, 373, 374, 376, 377, 378, 379, 382, 383, 384, 386, 387, 388, 389, 390, 391, 392, 393, 398, 399, 401, 402, 404, 405, 407, 408, 410, 412, 413, 417, 418, 424, 425, 428, 430, 431, 432, 433, 436, 437, 439, 440, 442, 443, 444, 445, 446, 449, 450, 452, 453, 454, 457, 458, 459, 460, 462, 463, 465, 466, 467, 468, 469, 470, 471, 474, 476, 477, 478, 479, 481, 482, 484, 486, 489, 490, 491, 493, 494, 495, 496, 497]
  Syntax Fixed = 0 
[]
  Cleaned Fixed = 0 
[]
  codebleu = 95.09 
[1.0, 1.0, 1.0, 0.890490591592302, 1.0, 0.5565560801010174, 0.8895342368991435, 1.0, 0.534613777706259, 1.0, 1.0, 1.0, 1.0, 0.6766433148075119, 0.7356102848714182, 1.0, 1.0, 1.0, 1.0, 1.0, 0.8194907652001931, 1.0, 0.6577095841418729, 1.0, 1.0, 1.0, 0.793992508705015, 1.0, 0.9324899456986018, 1.0, 0.881955507815954, 1.0, 0.9372561368734473, 1.0, 1.0, 1.0, 1.0, 1.0, 1.0, 1.0, 0.8961079319106557, 0.9495565333799167, 0.8755319098520675, 0.8368293296348667, 0.9546221339246326, 0.9543920430664012, 0.936752055107628, 0.9012977329022187, 1.0, 1.0, 0.9492836546885393, 0.9523104352365284, 1.0, 1.0, 0.850084905673596, 1.0, 1.0, 0.9509004453320677, 1.0, 0.9830124435719327, 0.9495565333799167, 1.0, 1.0, 1.0, 0.6919044591507169, 1.0, 1.0, 0.7491375710149024, 0.8279398471307313, 1.0, 0.8020772327457721, 1.0, 1.0, 0.805438392944647, 1.0, 1.0, 0.7859313812063606, 0.8133116091221643, 0.6040692180123179, 1.0, 0.9108242908590016, 1.0, 0.9441518237028776, 0.8676184836694505, 0.8674435206185069, 1.0, 0.9207265089204273, 1.0, 1.0, 0.9324899456986018, 1.0, 1.0, 1.0, 1.0, 0.7791113694407932, 1.0, 1.0, 0.9830124435719327, 0.9238877689380496, 1.0, 0.9207265089204273, 1.0, 1.0, 1.0, 0.8977573831682686, 1.0, 0.9019674110549458, 1.0, 1.0, 1.0, 0.9291467833782516, 1.0, 0.9026321368482364, 1.0, 1.0, 1.0, 1.0, 0.7569116179787079, 0.9422672588258918, 1.0, 1.0, 0.9141000841539659, 1.0, 1.0, 0.9327938350960072, 1.0, 0.8313123185424158, 0.8519794527032583, 0.9044642401339957, 1.0, 1.0, 0.9318351265733027, 0.7794837671257082, 0.987026696724848, 1.0, 0.9145980101874507, 0.9274843030447293, 1.0, 1.0, 1.0, 1.0, 1.0, 0.8986766170158926, 1.0, 0.8016164190158708, 1.0, 1.0, 1.0, 0.9058089637441036, 0.8145980101874506, 0.918131895727686, 1.0, 1.0, 1.0, 1.0, 1.0, 1.0, 0.9725011474210121, 1.0, 1.0, 1.0, 1.0, 0.9501570703145379, 1.0, 0.9352133283258579, 1.0, 1.0, 1.0, 0.9008396714911473, 0.9616102999368312, 0.8337841808515074, 1.0, 1.0, 0.8313412454774565, 0.8377253763997345, 1.0, 0.9120033353993269, 1.0, 1.0, 1.0, 0.9266829146927709, 0.8955980328281301, 1.0, 1.0, 0.9490051755223876, 0.8550920816519976, 0.8550920816519976, 1.0, 1.0, 0.775729444252817, 0.9321212086381336, 1.0, 1.0, 1.0, 1.0, 1.0, 0.9219188985107609, 1.0, 1.0, 1.0, 0.9056583090096291, 1.0, 0.972668710286829, 0.8064626894135283, 1.0, 0.8689975336408694, 1.0, 1.0, 1.0, 1.0, 0.8865561184422389, 0.8642470965743208, 1.0, 0.9725011474210121, 1.0, 1.0, 0.9830124435719327, 0.9104745446407605, 1.0, 0.726332468260181, 0.9427815239895609, 0.8947836446510709, 1.0, 1.0, 0.9324899456986018, 0.6642742735155721, 1.0, 0.7032349297460765, 1.0, 0.8933633833099063, 1.0, 1.0, 0.9830124435719327, 0.7808354890067706, 1.0, 1.0, 0.901672684198352, 1.0, 0.7016265496309229, 0.9675420713984233, 1.0, 0.5398180867960412, 1.0, 1.0, 1.0, 1.0, 1.0, 0.9203034645157981, 1.0, 1.0, 0.9475019272263487, 0.8019177091158687, 1.0, 0.8655948908847075, 1.0, 1.0, 0.8816015466501335, 1.0, 1.0, 1.0, 0.9002767007885455, 0.8540633215890829, 0.7854219053833142, 1.0, 1.0, 0.8815929744551174, 1.0, 0.9521775318277603, 1.0, 1.0, 0.8474334174872993, 1.0, 0.8544642401339957, 1.0, 0.9524183912964097, 1.0, 0.8887985956551486, 1.0, 0.8519348099950308, 0.9259881201117277, 1.0, 1.0, 1.0, 0.9143879239397519, 1.0, 0.936752055107628, 0.9470228248649237, 1.0, 0.9521775318277603, 0.8974634481857526, 1.0, 1.0, 0.9165239329369728, 1.0, 1.0, 1.0, 0.9245037448286011, 1.0, 0.9513403413335417, 0.7016265496309229, 1.0, 0.9544887439837764, 1.0, 1.0, 0.9261944097793529, 1.0, 1.0, 1.0, 1.0, 0.7533050635111456, 1.0, 1.0, 1.0, 1.0, 0.7663187022564415, 1.0, 0.804627845510314, 1.0, 1.0, 1.0, 1.0, 0.9565292378112795, 0.924762622326577, 1.0, 1.0, 0.9594214383213739, 0.9441518237028776, 0.9181872441208678, 1.0, 1.0, 0.9427895563342799, 0.8886420415269245, 1.0, 1.0, 0.7867260767553759, 1.0, 1.0, 0.8730911354138612, 0.9436140613395863, 1.0, 1.0, 1.0, 1.0, 1.0, 0.7825400085710811, 1.0, 0.8821296454239946, 0.9498733743967636, 0.6229661941006033, 1.0, 0.859279267136342, 0.9519682498738435, 0.9076642269253836, 1.0, 1.0, 0.9583676774082095, 1.0, 0.8289230998775745, 1.0, 1.0, 0.9498733743967636, 1.0, 0.8757381942373905, 1.0, 1.0, 1.0, 1.0, 1.0, 1.0, 1.0, 0.9472873156881443, 1.0, 1.0, 1.0, 0.9572615927227479, 1.0, 1.0, 1.0, 1.0, 0.9372949510556283, 0.8, 1.0, 1.0, 1.0, 0.9013131827384397, 1.0, 1.0, 1.0, 1.0, 1.0, 1.0, 1.0, 1.0, 0.8576293777942039, 0.8821296454239946, 0.9141000841539659, 0.9261420415269246, 1.0, 1.0, 0.8173688659141947, 1.0, 1.0, 0.8171145713462071, 1.0, 1.0, 0.8846386294351021, 1.0, 1.0, 0.9497338034253828, 1.0, 0.797355414531276, 1.0, 1.0, 0.9546221339246326, 0.9090440252597953, 0.7785698046385581, 1.0, 1.0, 0.9107730833493335, 0.9324899456986018, 0.8289230998775745, 0.8098590091001723, 0.9746774581465578, 1.0, 1.0, 0.9800683463319189, 0.936752055107628, 1.0, 0.9107730833493335, 1.0, 1.0, 1.0, 1.0, 0.6943856627185399, 0.9307091932148608, 1.0, 1.0, 0.9365276486140073, 1.0, 1.0, 0.9631318837364407, 1.0, 1.0, 1.0, 1.0, 1.0, 0.9435321610524647, 0.9437985500759485, 0.9532616077763247, 1.0, 0.9498733743967636, 1.0, 1.0, 1.0, 0.9468351265733028, 0.8965296466431494, 1.0, 1.0, 1.0, 1.0, 0.9407613352737074, 1.0, 1.0, 0.936752055107628, 1.0, 1.0, 1.0, 1.0, 1.0, 1.0, 1.0, 0.8821296454239946, 0.9468351265733028, 1.0, 0.9090440252597953, 1.0, 1.0, 0.9551231593744087, 1.0, 0.9272945586059962, 1.0, 0.9469745272836558, 0.9495565333799167, 1.0, 0.908089643481502, 1.0, 0.8998848301604019, 0.895040008571081, 1.0, 1.0, 1.0, 0.9583676774082095, 1.0, 1.0, 1.0, 1.0, 1.0, 0.852565642646234, 0.8821296454239946, 0.9404330472606062]
Finish training and take 14m
