Namespace(log_name='./RQ5/tfix_100_3/codet5p_770m.log', model_name='Salesforce/codet5p-770m', lang='javascript', output_dir='RQ5/tfix_100_3/codet5p_770m', data_dir='./data/RQ5/tfix_100_3', choice=0, no_cuda=False, visible_gpu='0', num_train_epochs=10, num_test_epochs=1, train_batch_size=4, eval_batch_size=4, gradient_accumulation_steps=1, load_model_path=None, config_name='', tokenizer_name='', max_source_length=512, max_target_length=512, warm_up_ratio=0.1, do_train=True, do_eval=True, do_test=True, freeze=False, learning_rate=5e-05, beam_size=10, weight_decay=0.0, adam_epsilon=1e-08, local_rank=-1, seed=42, early_stop_threshold=2)
Process rank: -1, device: cuda, n_gpu: 1, distributed training: False
Model created!!
[[{'text': 'if(!track.sps) {             var expGolombDecoder = new ExpGolomb(unit.data);             var config = expGolombDecoder.readSPS();', 'loss_ids': 0, 'shortenable_ids': 1}, {'text': '<mask>', 'loss_ids': 1, 'shortenable_ids': 0}, {'text': 'is the fixed version', 'loss_ids': 0, 'shortenable_ids': 0}], {'guid': 0, 'tgt_text': 'if(!track.sps) {             expGolombDecoder = new ExpGolomb(unit.data);             var config = expGolombDecoder.readSPS();'}]
***** Running training *****
  Num examples = 100
  Batch size = 4
  Num epoch = 10

***** Running evaluation *****
  Num examples = 100
  Batch size = 4
  epoch = 0
  eval_ppl = 1.2558496783674024e+301
  global_step = 26
  train_loss = 22.7561
  ********************
Previous best ppl:inf
Achieve Best ppl:1.2558496783674024e+301
  ********************
BLEU file: ./data/RQ5/tfix_100_3/validation.jsonl
  codebleu-4 = 56.18 	 Previous best codebleu 0
  ********************
 Achieve Best bleu:56.18
  ********************

***** Running evaluation *****
  Num examples = 100
  Batch size = 4
  epoch = 1
  eval_ppl = inf
  global_step = 51
  train_loss = 7.2117
  ********************
Previous best ppl:1.2558496783674024e+301
BLEU file: ./data/RQ5/tfix_100_3/validation.jsonl
  codebleu-4 = 58.33 	 Previous best codebleu 56.18
  ********************
 Achieve Best bleu:58.33
  ********************

***** Running evaluation *****
  Num examples = 100
  Batch size = 4
  epoch = 2
  eval_ppl = inf
  global_step = 76
  train_loss = 2.9982
  ********************
Previous best ppl:1.2558496783674024e+301
BLEU file: ./data/RQ5/tfix_100_3/validation.jsonl
  codebleu-4 = 57.73 	 Previous best codebleu 58.33
  ********************

***** Running evaluation *****
  Num examples = 100
  Batch size = 4
  epoch = 3
  eval_ppl = inf
  global_step = 101
  train_loss = 1.5165
  ********************
Previous best ppl:1.2558496783674024e+301
BLEU file: ./data/RQ5/tfix_100_3/validation.jsonl
  codebleu-4 = 59.1 	 Previous best codebleu 58.33
  ********************
 Achieve Best bleu:59.1
  ********************

***** Running evaluation *****
  Num examples = 100
  Batch size = 4
  epoch = 4
  eval_ppl = inf
  global_step = 126
  train_loss = 0.6781
  ********************
Previous best ppl:1.2558496783674024e+301
BLEU file: ./data/RQ5/tfix_100_3/validation.jsonl
  codebleu-4 = 59.36 	 Previous best codebleu 59.1
  ********************
 Achieve Best bleu:59.36
  ********************

***** Running evaluation *****
  Num examples = 100
  Batch size = 4
  epoch = 5
  eval_ppl = inf
  global_step = 151
  train_loss = 0.6349
  ********************
Previous best ppl:1.2558496783674024e+301
BLEU file: ./data/RQ5/tfix_100_3/validation.jsonl
  codebleu-4 = 58.15 	 Previous best codebleu 59.36
  ********************

***** Running evaluation *****
  Num examples = 100
  Batch size = 4
  epoch = 6
  eval_ppl = inf
  global_step = 176
  train_loss = 0.5066
  ********************
Previous best ppl:1.2558496783674024e+301
BLEU file: ./data/RQ5/tfix_100_3/validation.jsonl
  codebleu-4 = 58.89 	 Previous best codebleu 59.36
  ********************
early stopping!!!
reload model from RQ5/tfix_100_3/codet5p_770m/checkpoint-best-bleu
BLEU file: ./data/RQ5/tfix_100_3/test.jsonl
  codebleu = 59.22 
  Total = 500 
  Exact Fixed = 52 
[5, 19, 60, 62, 65, 85, 86, 93, 109, 111, 123, 129, 130, 146, 151, 153, 162, 170, 187, 188, 191, 197, 198, 199, 217, 226, 249, 252, 258, 262, 263, 310, 336, 343, 345, 353, 357, 359, 365, 403, 407, 418, 424, 428, 446, 449, 453, 465, 487, 488, 493, 497]
  Syntax Fixed = 1 
[411]
  Cleaned Fixed = 7 
[9, 120, 138, 159, 268, 417, 445]
  ********************
  Total = 500 
  Exact Fixed = 52 
[5, 19, 60, 62, 65, 85, 86, 93, 109, 111, 123, 129, 130, 146, 151, 153, 162, 170, 187, 188, 191, 197, 198, 199, 217, 226, 249, 252, 258, 262, 263, 310, 336, 343, 345, 353, 357, 359, 365, 403, 407, 418, 424, 428, 446, 449, 453, 465, 487, 488, 493, 497]
  Syntax Fixed = 1 
[411]
  Cleaned Fixed = 7 
[9, 120, 138, 159, 268, 417, 445]
  codebleu = 59.22 
[0.3852352687934718, 0.8170015046833874, 0.861672684198352, 0.3668284850162606, 0.7450395226130992, 0.8697471734123385, 0.7746940641071878, 0.11582292438020222, 0.6119613551150405, 0.6779253872262, 0.19726550033812454, 0.7067366858513033, 0.5274043937673059, 0.49718705940327845, 0.39323313167877133, 0.6321782328024446, 0.5333638986642796, 0.3951417837590342, 1.0, 0.9207265089204273, 0.832900393434221, 0.3743172882353815, 0.15, 0.5055188769352307, 0.5826136760976885, 0.2504033576162784, 0.7354417264253097, 0.15747669278081078, 0.5406130222063663, 0.110722640539825, 0.535133493667276, 0.6142482969348242, 0.7134655991716751, 0.4198769757196277, 0.3326555560719357, 0.8149139863647084, 0.8275841908785402, 0.6954704545438943, 0.6934531647858191, 0.41673766744658963, 0.763761398744189, 0.22267396568917747, 0.5494315807691689, 0.5229326815734496, 0.5481721142074378, 0.5952887122558812, 0.49930531945812784, 0.5961851509772491, 0.46877089663917104, 0.8951959058230954, 0.4041878417185295, 0.5266057619745405, 0.8223873319410013, 0.32435175818106565, 0.677190822574687, 0.861482988138697, 0.8968939355581875, 0.8581179629766709, 0.5227487836600859, 1.0, 0.7531010092416243, 1.0, 0.5610771314034941, 0.5897692121354159, 0.8229808431453671, 0.48289849585465594, 0.8303363603804119, 0.5970182644937875, 0.6168173810866084, 0.7539630945946609, 0.2752284068217509, 0.20369111792447886, 0.08978100888954238, 0.8917740712291482, 0.5007846217557572, 0.20613487118166404, 0.4887096364908238, 0.548663900608423, 0.643291057814614, 0.6724062327149246, 0.6530747837026651, 0.6387289085944345, 0.13846153846153847, 0.6953856477238599, 1.0, 1.0, 0.0, 0.2966597993138361, 0.0485646584311115, 0.5675986891240699, 0.4570583972426556, 0.7299948711471688, 1.0, 0.814064525684886, 0.4134404736596011, 0.4484520389345378, 0.7459627599846212, 0.016782765293716924, 0.6488884298635612, 0.483668171350054, 0.4326263272143769, 0.4690750900518629, 0.8199440232953434, 0.0, 0.07719082257468701, 0.30480616432215846, 0.48167268419835185, 0.467913762972279, 1.0, 0.5024101654079205, 1.0, 0.6785036503543816, 0.35473913473843294, 0.414297617187952, 0.2924537101693822, 0.5566638701334943, 0.638161672266765, 0.16950123401194037, 0.19999999999999998, 0.08953276868214524, 0.33036017439379955, 0.9068864709786153, 0.9472083239018387, 0.10906101778358473, 0.8840188084091536, 0.8150666162955742, 0.4118819918812901, 0.726624382466148, 1.0, 0.9891483218006352, 0.7923024832485084, 0.7386991709927695, 0.5172861674748389, 0.8771599274459239, 0.22619887519287302, 0.44196276172452564, 0.7853313927871439, 0.6290977791076333, 0.4650192378669725, 0.6937464703296872, 0.24161578968825664, 0.5960707868709735, 0.27528728007290226, 0.5440521407974296, 0.7442983529718357, 1.0, 0.27810543558529643, 0.523507649142383, 0.6060694567816493, 0.5063942770541421, 1.0, 0.7767788352354288, 1.0, 0.40135160729534664, 0.7728222909971192, 0.5632387151836264, 0.734603718873536, 0.8245957586820076, 0.7290594020931371, 0.5266057619745405, 0.5348435312891645, 0.7863340021370451, 0.5461243465154161, 0.5301818996067954, 0.7424282823720908, 0.6745836923955046, 0.6639648813321528, 0.41511870560120445, 0.6957231649810731, 0.7135428903906851, 0.6336131842675646, 0.4858412195420705, 0.4831458551130241, 0.5532531256091296, 0.6477517173276517, 0.7202172177276029, 0.5882210413806648, 0.6706847188488577, 0.8273136413238535, 0.510409269308891, 0.7269320077439674, 0.5726160404010894, 0.7302007404183433, 0.8426568563575418, 0.6814650334361707, 0.3812999423756144, 1.0, 1.0, 0.4231498701419104, 0.5609260915878896, 1.0, 0.5728633222115624, 0.7359097981643703, 0.49393424193861524, 0.3376480475289295, 0.4718765181257531, 1.0, 0.8114529051148651, 1.0, 0.39873667339437135, 0.15429293535427072, 0.6530550965302279, 0.7296508600957852, 0.1898355357735218, 0.4739790984471416, 0.6459247942853364, 0.9226212781081518, 0.0731716191316424, 0.4307250470563342, 0.31888879608349985, 0.21245371016938225, 0.24918872709654805, 0.9080331470954286, 0.35715141059137, 0.8249783514952764, 0.2067414939499072, 1.0, 0.6663998078842303, 0.42493877026999405, 0.619750295236949, 0.6487021300892772, 0.35624947398505524, 0.5960626227910577, 0.6072359854134853, 0.6387851138365109, 1.0, 0.6271806220068676, 0.46132529083669765, 0.8541030238941549, 0.5660528353107435, 0.32940158247728335, 0.7862551025473414, 0.4821379477582639, 0.47035576197454043, 0.7521271372862586, 0.5274151448167971, 0.6726527033303111, 0.7448443514503091, 0.3938266805419558, 0.6029055732198362, 0.3965630043849799, 0.7816396051000123, 0.0, 0.3538685674110905, 0.5944836924880659, 0.6208906511898491, 0.7080707346422974, 0.14720845675487215, 1.0, 0.8113118214155393, 0.04101911673989318, 1.0, 0.816419538880693, 0.6179144359460748, 0.4089903936086955, 0.3359986812986459, 0.0, 1.0, 0.7355980328281302, 0.09418181350952061, 0.5376172770255981, 0.834704902378399, 1.0, 0.604436274930823, 0.565895296523178, 0.6124900507484021, 0.0, 0.6993751196103626, 0.6310308074685265, 0.367641751923923, 0.9272945586059962, 0.7582416075216148, 0.6073331493909601, 0.177190822574687, 0.13636363636363635, 0.252083789074523, 0.7439654153934541, 0.8020701463285549, 0.11349072297901378, 0.7690345779940961, 0.6519830178464932, 0.6026532364548536, 0.6041077305454495, 0.45676707546873774, 0.8710525186025484, 0.7496237609482737, 0.29123935575300347, 0.6899766481408451, 0.6768986255548952, 0.6339165338717334, 0.6411324990278744, 0.29286074313859833, 0.8398078253515011, 0.8144831258437577, 0.5782030614679, 0.027660853979899265, 0.5550049310474542, 0.820109647033614, 0.5843539719797703, 0.5447856242749173, 0.2121398440078583, 0.7215433553637871, 0.15837703500732306, 0.32687507881999006, 0.7839520803542337, 0.3844698211793555, 0.6107000692160132, 0.49930531945812784, 0.40660822240095185, 0.8936825710002676, 0.8312424689833122, 0.3227886222566654, 0.7460474584273435, 0.8251411716151402, 0.46526859680566335, 0.7531697895341449, 0.5853377757733382, 0.5290092325728539, 0.6060574827359351, 0.5678911585054794, 0.5537998353931795, 0.8255980153481091, 0.5840819416647886, 0.5670384205142105, 0.32295704453236324, 0.6621875491343581, 0.6963038322446188, 0.5189589454524783, 0.5382922926202521, 0.4343002319965344, 0.6865490061448141, 0.7750950271331211, 0.4959953038804974, 0.72455988025806, 0.4707909983708979, 0.8114529051148651, 0.8140165767392193, 0.7144948346694379, 0.4709261928229648, 0.6540660710707717, 0.5578118308639523, 0.7329853689231081, 0.9220338824725971, 0.5942976171879519, 1.0, 0.6209070226208282, 0.4776873053131037, 0.8070894171538912, 0.38304611372110686, 0.47786341412302047, 0.6721193723777923, 0.6999214919756145, 1.0, 0.629920929034602, 0.6737569575259978, 0.3426136760976885, 1.0, 0.8193461763670171, 1.0, 0.5140913145175611, 0.4147896756607047, 0.8155450160863305, 0.5190854538169563, 0.370321911798854, 1.0, 0.7391886750930661, 0.4407283286877167, 0.5669580702376444, 0.34003623200632915, 0.3022109370915457, 0.6863884298635612, 0.42778187550634333, 0.4366371358026476, 0.6989171443189292, 0.3105028374306678, 0.11453360085481801, 0.536560588211956, 0.6892870539097846, 0.8102736261199102, 0.545545649326698, 0.8042470965743207, 0.5918446487675371, 0.5650407172771029, 0.2389028208581559, 0.41128250602224425, 0.6742613142686853, 0.5217365165784443, 0.7678137368502398, 0.8685222066525069, 0.6193453441662242, 0.8174230148919821, 0.4444597200395934, 0.5781687723560363, 0.34272438732934996, 0.3807256007926331, 0.8165273869902545, 0.7009116410097869, 0.7308835793300246, 0.35437970233785665, 0.5763240578218234, 0.11841238567827725, 0.5519698034749387, 1.0, 0.7313559408133775, 0.7017410285928236, 0.7787918207406566, 1.0, 0.4054183564853334, 0.34575990398983625, 0.8433369370338967, 0.9365276486140073, 0.6469184490594698, 0.5084373166195929, 0.4788668855903496, 0.40209781994840155, 0.40400364537321126, 0.6816015466501335, 1.0, 0.602487595382981, 0.24658767523161879, 0.23683637774429345, 0.664322380152994, 0.3372632052291401, 1.0, 0.7923043045126105, 0.43819881886061685, 0.19272438732935, 1.0, 0.5149139863647084, 0.5399727492914578, 0.36237943623077395, 0.8661547359011423, 0.15472876794829787, 0.688062756936776, 0.39999999999999997, 0.7023594991536818, 0.7429370522068693, 0.6847340670900772, 0.8742687840283396, 0.48861662650065896, 0.554739134738433, 0.7744515423179406, 0.8519938276459833, 0.48492549020055464, 0.6522551430667551, 1.0, 0.5316562756993463, 0.6901940524102714, 1.0, 0.6733027629890207, 0.42038175275163125, 0.8542712839031905, 1.0, 0.39206686043974615, 0.28890659929471596, 0.6578607431385983, 0.41080814539619515, 0.7988542022748455, 0.8334272760895116, 0.6903782274663947, 0.003996009641464269, 0.8253119306693903, 0.47102574599540464, 0.6943509330652489, 1.0, 0.34509049865171215, 0.5075783901825247, 0.22719082257468703, 0.4016265496309229, 0.45473913473843297, 0.3008557137029968, 0.7412242091620882, 0.6835302798798335, 0.7398815472813818, 0.4326263272143769, 0.643309301212212, 0.30215269230653224, 0.12, 0.8294519950448036, 0.7016265496309229, 0.766682914692771, 0.6028785751316023, 0.36393172467891854, 0.7451384298635613, 0.6137392159029667, 0.42880120128837773, 1.0, 1.0, 0.8180779662080888, 0.6254581948739375, 0.566221018567181, 0.6186389706521688, 1.0, 0.6988219320042083, 0.7396773803089467, 0.6492633713864637, 1.0, 0.8691371695837178, 0.20034796016239415, 0.7158229243802021]
Finish training and take 16m
