Namespace(log_name='./RQ5/tfix_100_3/codet5p_770m_f.log', model_name='Salesforce/codet5p-770m', lang='javascript', output_dir='RQ5/tfix_100_3/codet5p_770m_f', data_dir='./data/RQ5/tfix_100_3', no_cuda=False, visible_gpu='0', add_task_prefix=False, add_lang_ids=False, num_train_epochs=10, num_test_epochs=10, train_batch_size=4, eval_batch_size=4, gradient_accumulation_steps=2, load_model_path=None, config_name='', tokenizer_name='', max_source_length=512, max_target_length=512, warm_up_ratio=0.1, do_train=True, do_eval=True, do_test=True, do_lower_case=False, learning_rate=5e-05, beam_size=10, weight_decay=0.0, adam_epsilon=1e-08, max_grad_norm=1.0, max_steps=-1, eval_steps=-1, train_steps=-1, local_rank=-1, seed=42, early_stop_threshold=2)
Process rank: -1, device: cuda, n_gpu: 1, distributed training: False, model_name: Salesforce/codet5p-770m
model created!
Total 100 training instances 
***** Running training *****
  Num examples = 100
  Batch size = 4
  Num epoch = 10

***** Running evaluation *****
  Num examples = 100
  Batch size = 4
  epoch = 0
  eval_ppl = 1.00507
  global_step = 26
  train_loss = 1.1144
  ********************
Previous best ppl:inf
Achieve Best ppl:1.00507
  ********************
BLEU file: ./data/RQ5/tfix_100_3/validation.jsonl
  codebleu-4 = 46.73 	 Previous best codebleu 0
  ********************
 Achieve Best bleu:46.73
  ********************

***** Running evaluation *****
  Num examples = 100
  Batch size = 4
  epoch = 1
  eval_ppl = 1.00459
  global_step = 51
  train_loss = 0.3064
  ********************
Previous best ppl:1.00507
Achieve Best ppl:1.00459
  ********************
BLEU file: ./data/RQ5/tfix_100_3/validation.jsonl
  codebleu-4 = 59.12 	 Previous best codebleu 46.73
  ********************
 Achieve Best bleu:59.12
  ********************

***** Running evaluation *****
  Num examples = 100
  Batch size = 4
  epoch = 2
  eval_ppl = 1.00472
  global_step = 76
  train_loss = 0.1427
  ********************
Previous best ppl:1.00459
BLEU file: ./data/RQ5/tfix_100_3/validation.jsonl
  codebleu-4 = 58.74 	 Previous best codebleu 59.12
  ********************

***** Running evaluation *****
  Num examples = 100
  Batch size = 4
  epoch = 3
  eval_ppl = 1.00506
  global_step = 101
  train_loss = 0.0813
  ********************
Previous best ppl:1.00459
BLEU file: ./data/RQ5/tfix_100_3/validation.jsonl
  codebleu-4 = 60.28 	 Previous best codebleu 59.12
  ********************
 Achieve Best bleu:60.28
  ********************

***** Running evaluation *****
  Num examples = 100
  Batch size = 4
  epoch = 4
  eval_ppl = 1.00519
  global_step = 126
  train_loss = 0.0508
  ********************
Previous best ppl:1.00459
BLEU file: ./data/RQ5/tfix_100_3/validation.jsonl
  codebleu-4 = 61.06 	 Previous best codebleu 60.28
  ********************
 Achieve Best bleu:61.06
  ********************

***** Running evaluation *****
  Num examples = 100
  Batch size = 4
  epoch = 5
  eval_ppl = 1.00568
  global_step = 151
  train_loss = 0.0477
  ********************
Previous best ppl:1.00459
BLEU file: ./data/RQ5/tfix_100_3/validation.jsonl
  codebleu-4 = 59.67 	 Previous best codebleu 61.06
  ********************

***** Running evaluation *****
  Num examples = 100
  Batch size = 4
  epoch = 6
  eval_ppl = 1.00604
  global_step = 176
  train_loss = 0.0192
  ********************
Previous best ppl:1.00459
BLEU file: ./data/RQ5/tfix_100_3/validation.jsonl
  codebleu-4 = 59.68 	 Previous best codebleu 61.06
  ********************
reload model from RQ5/tfix_100_3/codet5p_770m_f/checkpoint-best-bleu
BLEU file: ./data/RQ5/tfix_100_3/test.jsonl
  codebleu = 59.13 
  Total = 500 
  Exact Fixed = 44 
[5, 19, 60, 65, 79, 85, 86, 93, 105, 109, 111, 123, 129, 130, 134, 139, 146, 151, 153, 162, 169, 182, 187, 188, 191, 197, 198, 199, 226, 252, 258, 263, 345, 353, 359, 403, 418, 424, 445, 449, 453, 487, 488, 493]
  Syntax Fixed = 4 
[43, 81, 238, 316]
  Cleaned Fixed = 7 
[9, 81, 120, 138, 159, 170, 268]
  ********************
  Total = 500 
  Exact Fixed = 44 
[5, 19, 60, 65, 79, 85, 86, 93, 105, 109, 111, 123, 129, 130, 134, 139, 146, 151, 153, 162, 169, 182, 187, 188, 191, 197, 198, 199, 226, 252, 258, 263, 345, 353, 359, 403, 418, 424, 445, 449, 453, 487, 488, 493]
  Syntax Fixed = 4 
[43, 81, 238, 316]
  Cleaned Fixed = 7 
[9, 81, 120, 138, 159, 170, 268]
  codebleu = 59.13 
[0.3852352687934718, 0.5559070226208283, 0.8214597355701927, 0.3668284850162606, 1.0, 0.940598945729278, 0.7130804239841513, 0.11582292438020222, 0.6119613551150405, 0.6779253872262, 0.19726550033812454, 0.7067366858513033, 0.7136400153424975, 0.49718705940327845, 0.39323313167877133, 0.6321782328024446, 0.5333638986642796, 0.3951417837590342, 1.0, 0.9207265089204273, 0.8706701274557684, 0.3743172882353815, 0.15, 0.6793670579146192, 0.5826136760976885, 0.2772943579237247, 0.7949680697811121, 0.14922155894028458, 0.5406130222063663, 0.110722640539825, 0.535133493667276, 0.6142482969348242, 0.7134655991716751, 0.4198769757196277, 0.3326555560719357, 0.7487076447163913, 0.6066551101233701, 0.6954704545438943, 0.6934531647858191, 0.44741111429303715, 0.763761398744189, 0.22267396568917747, 0.6302333034257401, 0.5229326815734496, 0.5481721142074378, 0.5952887122558812, 0.2949155125612237, 0.5961851509772491, 0.46877089663917104, 0.8951959058230954, 0.5123984208296868, 0.5266057619745405, 0.8223873319410013, 0.6895436738817247, 0.6734232449967186, 0.861482988138697, 0.8968939355581875, 0.8581179629766709, 0.5701899937966427, 1.0, 0.6598121354453399, 0.4585617401550842, 0.5610771314034941, 0.4803494323607689, 1.0, 0.502988841340978, 0.8303363603804119, 0.5970182644937875, 0.6168173810866084, 0.7539630945946609, 0.2752284068217509, 0.20369111792447886, 0.08978100888954238, 0.8917740712291482, 0.5007846217557572, 0.20613487118166404, 0.4887096364908238, 0.548663900608423, 1.0, 0.7328492172088266, 0.7632387151836264, 0.7265018183047776, 0.26090620551116817, 0.6821164884716848, 1.0, 1.0, 0.0, 0.2966597993138361, 0.0485646584311115, 0.5675986891240699, 0.2520847538048024, 0.7299948711471688, 1.0, 0.7285325926380868, 0.3915187569135013, 0.4484520389345378, 0.7459627599846212, 0.016782765293716924, 0.6068905886157229, 0.483668171350054, 0.4326263272143769, 0.5150788862839089, 0.8199440232953434, 0.0, 0.8249365300761395, 0.30480616432215846, 0.48167268419835185, 0.467913762972279, 1.0, 0.5024101654079205, 1.0, 0.6785036503543816, 0.4078507235649832, 0.2752973371873174, 0.2924537101693822, 0.5566638701334943, 0.6994853675077588, 0.16950123401194037, 0.19999999999999998, 0.08953276868214524, 0.33036017439379955, 0.9068864709786153, 1.0, 0.10906101778358473, 0.8840188084091536, 0.8150666162955742, 0.4118819918812901, 0.5196469067732046, 1.0, 0.9891483218006352, 0.7923024832485084, 0.7386991709927695, 0.5639528341415055, 1.0, 0.22619887519287302, 0.4544627617245256, 0.7853313927871439, 0.8382851365602284, 1.0, 0.6937464703296872, 0.45590150397397095, 0.5960707868709735, 0.33560958904485566, 0.5440521407974296, 0.8206722495022543, 1.0, 0.27810543558529643, 0.49271034653756274, 0.5760694567816493, 0.5063942770541421, 1.0, 0.7767788352354288, 1.0, 0.40135160729534664, 0.7728222909971192, 0.5552712586561727, 0.7028425048476072, 0.8245957586820076, 0.9215567956810036, 0.5266057619745405, 0.5348435312891645, 1.0, 0.5461243465154161, 0.5301818996067954, 0.6295976978911988, 0.6745836923955046, 0.44478640618236376, 0.41511870560120445, 1.0, 0.6806552176459515, 0.6040629296941564, 0.46766697226592346, 0.4831458551130241, 0.5532531256091296, 0.6477517173276517, 0.7202172177276029, 0.5882210413806648, 0.6706847188488577, 0.8273136413238535, 0.6190738228228467, 0.7269320077439674, 0.795720901409837, 0.7302007404183433, 0.8426568563575418, 0.7546391146496889, 0.03126528209192489, 1.0, 1.0, 0.4231498701419104, 0.5609260915878896, 1.0, 0.5728633222115624, 0.7359097981643703, 0.49393424193861524, 0.3376480475289295, 0.4718765181257531, 1.0, 0.8114529051148651, 1.0, 0.39873667339437135, 0.15429293535427072, 0.6863884298635612, 0.8201517014631392, 0.1898355357735218, 0.4739790984471416, 0.3242663937199117, 0.896459791592584, 0.0731716191316424, 0.4307250470563342, 0.31888879608349985, 0.21245371016938225, 0.3972934177879658, 0.9080331470954286, 0.35715141059137, 0.8249783514952764, 0.2067414939499072, 0.8837352944498882, 0.6663998078842303, 0.42493877026999405, 0.619750295236949, 0.6487021300892772, 0.35624947398505524, 0.5960626227910577, 0.6072359854134853, 0.6387851138365109, 1.0, 0.6271806220068676, 0.46132529083669765, 0.8541030238941549, 0.43016109313909, 0.39359500830217886, 0.7862551025473414, 0.4821379477582639, 0.47035576197454043, 0.7521271372862586, 0.5274151448167971, 0.6726527033303111, 0.8592906179772744, 0.3938266805419558, 0.6029055732198362, 0.3965630043849799, 0.7387824622428694, 0.0, 0.3538685674110905, 0.5944836924880659, 0.6952637111045539, 0.8407059481807464, 0.1588669502253369, 0.4435027248795795, 0.565629122056696, 0.04030522491224135, 1.0, 0.8599305805820563, 0.6179144359460748, 0.47535257334060044, 0.3359986812986459, 0.0, 1.0, 0.6181048663171085, 0.09418181350952061, 0.5376172770255981, 0.8476757297426298, 1.0, 0.604436274930823, 0.565895296523178, 0.6875131192847503, 0.0, 0.6993751196103626, 0.5616798194467534, 0.367641751923923, 0.4852710126205699, 0.8082416075216149, 0.6463338290119179, 0.177190822574687, 0.1636363636363636, 0.5058144125160369, 0.7439654153934541, 0.8020701463285549, 0.11349072297901378, 0.8212928138736779, 0.6519830178464932, 0.6372686210702381, 0.6041077305454495, 0.18650745771248028, 0.8710525186025484, 0.7496237609482737, 0.29123935575300347, 0.6899766481408451, 0.6768986255548952, 0.6553451053003048, 0.8244788648855748, 0.29286074313859833, 0.8398078253515011, 0.8144831258437577, 0.5782030614679, 0.027660853979899265, 0.5550049310474542, 0.8835687037030036, 0.5843539719797703, 0.5447856242749173, 0.21560504572026423, 0.7601650731090275, 0.07246041734311404, 0.3814205333654446, 0.7839520803542337, 0.3844698211793555, 0.6107000692160132, 0.49930531945812784, 0.40660822240095185, 0.8794984978839551, 0.8312424689833122, 0.3227886222566654, 0.8274001021378707, 0.8997846296433376, 0.5644004745782011, 0.801169789534145, 0.5853377757733382, 0.5290092325728539, 0.6060574827359351, 0.5678911585054794, 0.5537998353931795, 0.8255980153481091, 0.5565846047473397, 0.5019100417936252, 0.37549356386576216, 0.6463980754501475, 0.6963038322446188, 0.5189589454524783, 0.5322417687356839, 0.4343002319965344, 0.4953929387385405, 0.6742738870938194, 0.4959953038804974, 0.72455988025806, 0.4707909983708979, 0.5841414787295285, 0.9195522364276514, 0.7144948346694379, 0.4709261928229648, 0.6540660710707717, 0.5578118308639523, 0.7329853689231081, 0.8591190003999107, 0.5942976171879519, 1.0, 0.6209070226208282, 0.4776873053131037, 0.5471339509344864, 0.38304611372110686, 0.47786341412302047, 0.7135160729534664, 0.6999214919756145, 1.0, 0.629920929034602, 0.6737569575259978, 0.3426136760976885, 0.5883089748131176, 0.9608461673226849, 1.0, 0.5140913145175611, 0.4147896756607047, 0.8155450160863305, 0.5190854538169563, 0.370321911798854, 0.43554564932669804, 0.7391886750930661, 0.4729254579408031, 0.6655012758056489, 0.34003623200632915, 0.3022109370915457, 0.6863884298635612, 0.6149139863647084, 0.4366371358026476, 0.6989171443189292, 0.3105028374306678, 0.08, 0.536560588211956, 0.6892870539097846, 0.7965481359238318, 0.545545649326698, 0.8042470965743207, 0.6530367547828486, 0.5650407172771029, 0.04448415542647708, 0.2768781706347171, 0.6400373216188153, 0.5217365165784443, 0.7678137368502398, 0.8685222066525069, 0.6193453441662242, 0.8174230148919821, 0.4444597200395934, 0.5781687723560363, 0.3508081453961951, 0.3807256007926331, 0.8165273869902545, 0.6941813926327731, 0.7308835793300246, 0.35437970233785665, 0.5763240578218234, 0.14876254033718875, 0.5519698034749387, 1.0, 0.8007265089204272, 0.7017410285928236, 0.7787918207406566, 0.8604352575955447, 0.4054183564853334, 0.34575990398983625, 0.8433369370338967, 0.8420109019340112, 0.6469184490594698, 0.5084373166195929, 0.8214029683767206, 0.40209781994840155, 0.40400364537321126, 0.6367953537684857, 1.0, 0.602487595382981, 0.21948160223692786, 0.23683637774429345, 0.664322380152994, 0.3372632052291401, 1.0, 0.8657029465524806, 0.393843656263146, 0.19272438732935, 0.6418894161880858, 0.5149139863647084, 0.7233004498085515, 0.43161020546154316, 0.8661547359011423, 0.15472876794829787, 0.5791653447152093, 0.39999999999999997, 0.7023594991536818, 0.7429370522068693, 0.6847340670900772, 0.8742687840283396, 0.6937628353106088, 0.554739134738433, 0.7744515423179406, 0.8519938276459833, 0.48492549020055464, 1.0, 0.6375167201921692, 0.6151628493773373, 0.6901940524102714, 1.0, 0.6733027629890207, 0.42038175275163125, 0.8542712839031905, 1.0, 0.39206686043974615, 0.28890659929471596, 0.6498430034417109, 0.19272438732935, 0.7322642870443095, 0.8334272760895116, 0.7156824318881916, 0.003996009641464269, 0.8253119306693903, 0.523676722664651, 0.677288551000834, 0.859336399011221, 0.34509049865171215, 0.5075783901825247, 0.22719082257468703, 0.4016265496309229, 0.45473913473843297, 0.3008557137029968, 0.7412242091620882, 0.377643419004232, 0.7020875907084383, 0.4326263272143769, 0.643309301212212, 0.30215269230653224, 0.12, 0.8924270154069307, 0.3821712200197961, 0.6859894670707158, 0.6028785751316023, 0.36393172467891854, 0.7451384298635613, 0.6137392159029667, 0.42880120128837773, 1.0, 1.0, 0.8180779662080888, 0.6587382250761771, 0.7494203690984217, 0.6186389706521688, 1.0, 0.6988219320042083, 0.7396773803089467, 0.6492633713864637, 0.7279095254199106, 0.8691371695837178, 0.20034796016239415, 0.7158229243802021]
Finish training and take 17m
