Namespace(log_name='./coderefine/2/hard2_codet5p_220m.log', model_name='Salesforce/codet5p-220m', lang='java', output_dir='coderefine/2/hard2_codet5p_220m', data_dir='./data/coderefine/2', no_cuda=False, visible_gpu='0', num_train_epochs=10, num_test_epochs=1, train_batch_size=6, eval_batch_size=4, gradient_accumulation_steps=1, load_model_path=None, config_name='', tokenizer_name='', max_source_length=512, max_target_length=512, warm_up_ratio=0.1, do_train=True, do_eval=True, do_test=True, freeze=False, learning_rate=5e-05, beam_size=10, weight_decay=0.0, adam_epsilon=1e-08, local_rank=-1, seed=42, early_stop_threshold=3)
Process rank: -1, device: cuda, n_gpu: 1, distributed training: False
Model created!!
[[{'text': 'Fix the bug in', 'loss_ids': 0, 'shortenable_ids': 0}, {'text': ' public void METHOD_1 ( final TYPE_1 VAR_1 ) { this . VAR_1 = VAR_1 ; if ( ( ! ( VAR_2 . isEmpty ( ) ) ) && ( ( VAR_1 . METHOD_2 ( ) ) != null ) ) { for ( final TYPE_2 VAR_3 : VAR_1 . METHOD_2 ( ) ) { if ( ! ( this . VAR_1 . METHOD_2 ( ) . contains ( VAR_3 ) ) ) { VAR_2 . remove ( VAR_3 ) ; } } } }', 'loss_ids': 0, 'shortenable_ids': 1}, {'text': '<mask>', 'loss_ids': 1, 'shortenable_ids': 0}], {'guid': 0, 'tgt_text': 'public void METHOD_1 ( final TYPE_1 VAR_1 ) { if ( ( ! ( VAR_2 . isEmpty ( ) ) ) && ( ( VAR_1 . METHOD_2 ( ) ) != null ) ) { for ( final TYPE_2 VAR_3 : VAR_1 . METHOD_2 ( ) ) { if ( ! ( this . VAR_1 . METHOD_2 ( ) . contains ( VAR_3 ) ) ) { VAR_2 . remove ( VAR_3 ) ; } } } this . VAR_1 = VAR_1 ; }'}]
***** Running training *****
  Num examples = 523
  Batch size = 6
  Num epoch = 10

***** Running evaluation *****
  Num examples = 68
  Batch size = 4
  epoch = 0
  eval_ppl = 5.020442422258482e+248
  global_step = 89
  train_loss = 21.1722
  ********************
Previous best ppl:inf
Achieve Best ppl:5.020442422258482e+248
  ********************
BLEU file: ./data/coderefine/2/validation.jsonl
  codebleu-4 = 82.58 	 Previous best codebleu 0
  ********************
 Achieve Best bleu:82.58
  ********************

***** Running evaluation *****
  Num examples = 68
  Batch size = 4
  epoch = 1
  eval_ppl = 1.3444044490054034e+246
  global_step = 177
  train_loss = 15.1982
  ********************
Previous best ppl:5.020442422258482e+248
Achieve Best ppl:1.3444044490054034e+246
  ********************
BLEU file: ./data/coderefine/2/validation.jsonl
  codebleu-4 = 83.27 	 Previous best codebleu 82.58
  ********************
 Achieve Best bleu:83.27
  ********************

***** Running evaluation *****
  Num examples = 68
  Batch size = 4
  epoch = 2
  eval_ppl = 3.1881284323300105e+245
  global_step = 265
  train_loss = 10.501
  ********************
Previous best ppl:1.3444044490054034e+246
Achieve Best ppl:3.1881284323300105e+245
  ********************
BLEU file: ./data/coderefine/2/validation.jsonl
  codebleu-4 = 84.38 	 Previous best codebleu 83.27
  ********************
 Achieve Best bleu:84.38
  ********************

***** Running evaluation *****
  Num examples = 68
  Batch size = 4
  epoch = 3
  eval_ppl = 3.286366368310352e+250
  global_step = 353
  train_loss = 8.6663
  ********************
Previous best ppl:3.1881284323300105e+245
BLEU file: ./data/coderefine/2/validation.jsonl
  codebleu-4 = 84.06 	 Previous best codebleu 84.38
  ********************

***** Running evaluation *****
  Num examples = 68
  Batch size = 4
  epoch = 4
  eval_ppl = 8.641074979215722e+252
  global_step = 441
  train_loss = 6.6085
  ********************
Previous best ppl:3.1881284323300105e+245
BLEU file: ./data/coderefine/2/validation.jsonl
  codebleu-4 = 83.01 	 Previous best codebleu 84.38
  ********************

***** Running evaluation *****
  Num examples = 68
  Batch size = 4
  epoch = 5
  eval_ppl = 3.6348453153830335e+257
  global_step = 529
  train_loss = 4.7313
  ********************
Previous best ppl:3.1881284323300105e+245
BLEU file: ./data/coderefine/2/validation.jsonl
  codebleu-4 = 84.09 	 Previous best codebleu 84.38
  ********************
early stopping!!!
reload model from coderefine/2/hard2_codet5p_220m/checkpoint-best-bleu
BLEU file: ./data/coderefine/2/test.jsonl
  codebleu = 86.94 
  Total = 65 
  Exact Fixed = 0 
[]
  Syntax Fixed = 0 
[]
  Cleaned Fixed = 1 
[45]
  ********************
  Total = 65 
  Exact Fixed = 0 
[]
  Syntax Fixed = 0 
[]
  Cleaned Fixed = 1 
[45]
  codebleu = 86.94 
[0.974561592577996, 0.7800504804611205, 0.989310412154881, 0.9158219110632493, 0.7909116860917069, 0.7614320201110889, 0.9230655405084942, 0.9288050435889952, 0.8440896537679332, 0.922280013282837, 0.8802691274728712, 0.7008082096493281, 0.8651705366468426, 0.7214442588961294, 0.6813852958361807, 0.8814119980991142, 0.8882110232136834, 0.837110375724428, 0.9140835251369378, 0.7110903199480014, 0.934542853545171, 1.0, 0.8824391267250419, 0.9819400729018484, 0.8366391585396613, 0.9552973981415056, 0.6542069730451757, 0.9397671148398172, 0.9864954811310649, 0.7792235915160284, 0.8993644611430505, 0.8461250639493609, 0.9030406908423083, 0.8277865741381877, 0.7746170962173502, 0.9931999228851198, 0.8374682191758565, 0.9138009570203506, 0.9175688234132582, 0.8597687694634735, 0.934378575588243, 0.8778780869299587, 0.915369742715914, 0.9809905131005436, 0.9221557993275098, 0.8918501343788632, 0.7583556269641405, 0.906935406465484, 0.9256457314590425, 0.9743384295029116, 0.8275564641887483, 0.6199000097150247, 0.9829277991416243, 0.8364841891217798, 0.7299220384551639, 0.945929061225333, 0.9106502668410179, 0.774652015702356, 0.6801540738059678, 0.8664336345018628, 0.8879531526601372, 0.9166487297487674, 0.9773276007446154, 0.9532869695940651, 0.8815931491828888]
Finish training and take 10m
