Namespace(log_name='./result/coderefine/2/random4_codet5p_770m.log', model_name='Salesforce/codet5p-770m', lang='java', output_dir='result/coderefine/2/random4_codet5p_770m', data_dir='./data/coderefine/2', choice=4, no_cuda=False, visible_gpu='0', num_train_epochs=10, num_test_epochs=1, train_batch_size=4, eval_batch_size=4, gradient_accumulation_steps=1, load_model_path=None, config_name='', tokenizer_name='', max_source_length=512, max_target_length=512, warm_up_ratio=0.1, do_train=True, do_eval=True, do_test=True, freeze=False, learning_rate=5e-05, beam_size=10, weight_decay=0.0, adam_epsilon=1e-08, local_rank=-1, seed=42, early_stop_threshold=3)
Process rank: -1, device: cuda, n_gpu: 1, distributed training: False
Model created!!
[[{'text': 'Fix', 'loss_ids': 0, 'shortenable_ids': 0}, {'text': ' public void METHOD_1 ( final TYPE_1 VAR_1 ) { this . VAR_1 = VAR_1 ; if ( ( ! ( VAR_2 . isEmpty ( ) ) ) && ( ( VAR_1 . METHOD_2 ( ) ) != null ) ) { for ( final TYPE_2 VAR_3 : VAR_1 . METHOD_2 ( ) ) { if ( ! ( this . VAR_1 . METHOD_2 ( ) . contains ( VAR_3 ) ) ) { VAR_2 . remove ( VAR_3 ) ; } } } }', 'loss_ids': 0, 'shortenable_ids': 1}, {'text': '<mask>', 'loss_ids': 1, 'shortenable_ids': 0}, {'text': 'is fixed program', 'loss_ids': 0, 'shortenable_ids': 0}], {'guid': 0, 'tgt_text': 'public void METHOD_1 ( final TYPE_1 VAR_1 ) { if ( ( ! ( VAR_2 . isEmpty ( ) ) ) && ( ( VAR_1 . METHOD_2 ( ) ) != null ) ) { for ( final TYPE_2 VAR_3 : VAR_1 . METHOD_2 ( ) ) { if ( ! ( this . VAR_1 . METHOD_2 ( ) . contains ( VAR_3 ) ) ) { VAR_2 . remove ( VAR_3 ) ; } } } this . VAR_1 = VAR_1 ; }'}]
***** Running training *****
  Num examples = 523
  Batch size = 4
  Num epoch = 10

***** Running evaluation *****
  Num examples = 68
  Batch size = 4
  epoch = 0
  eval_ppl = 8.634218063899593e+240
  global_step = 132
  train_loss = 17.6666
  ********************
Previous best ppl:inf
Achieve Best ppl:8.634218063899593e+240
  ********************
BLEU file: ./data/coderefine/2/validation.jsonl
  codebleu-4 = 80.53 	 Previous best codebleu 0
  ********************
 Achieve Best bleu:80.53
  ********************

***** Running evaluation *****
  Num examples = 68
  Batch size = 4
  epoch = 1
  eval_ppl = 5.1160856344212275e+241
  global_step = 263
  train_loss = 11.9349
  ********************
Previous best ppl:8.634218063899593e+240
BLEU file: ./data/coderefine/2/validation.jsonl
  codebleu-4 = 84.84 	 Previous best codebleu 80.53
  ********************
 Achieve Best bleu:84.84
  ********************

***** Running evaluation *****
  Num examples = 68
  Batch size = 4
  epoch = 2
  eval_ppl = 3.6772147468651965e+242
  global_step = 394
  train_loss = 7.1032
  ********************
Previous best ppl:8.634218063899593e+240
BLEU file: ./data/coderefine/2/validation.jsonl
  codebleu-4 = 82.36 	 Previous best codebleu 84.84
  ********************

***** Running evaluation *****
  Num examples = 68
  Batch size = 4
  epoch = 3
  eval_ppl = 5.395068947600413e+254
  global_step = 525
  train_loss = 4.5797
  ********************
Previous best ppl:8.634218063899593e+240
BLEU file: ./data/coderefine/2/validation.jsonl
  codebleu-4 = 83.29 	 Previous best codebleu 84.84
  ********************

***** Running evaluation *****
  Num examples = 68
  Batch size = 4
  epoch = 4
  eval_ppl = 1.1165419979004566e+261
  global_step = 656
  train_loss = 3.1587
  ********************
Previous best ppl:8.634218063899593e+240
BLEU file: ./data/coderefine/2/validation.jsonl
  codebleu-4 = 82.88 	 Previous best codebleu 84.84
  ********************
early stopping!!!
reload model from result/coderefine/2/random4_codet5p_770m/checkpoint-best-bleu
BLEU file: ./data/coderefine/2/test.jsonl
  codebleu = 87.09 
  Total = 65 
  Exact Fixed = 1 
[32]
  Syntax Fixed = 0 
[]
  Cleaned Fixed = 1 
[45]
  ********************
  Total = 65 
  Exact Fixed = 1 
[32]
  Syntax Fixed = 0 
[]
  Cleaned Fixed = 1 
[45]
  codebleu = 87.09 
[0.963217153986974, 0.7794183760266984, 0.989310412154881, 0.8885494957659368, 0.7909116860917069, 0.7614320201110889, 0.961313257959808, 0.9288050435889952, 0.8440896537679332, 0.877350240374605, 0.8802691274728712, 0.7008082096493281, 0.8651705366468426, 0.7452002872503072, 0.6813852958361807, 0.8814119980991142, 0.854672184439199, 0.837110375724428, 0.9140835251369378, 0.7110903199480014, 0.934542853545171, 1.0, 0.8824391267250419, 0.9819400729018484, 0.8366391585396613, 0.9552973981415056, 0.6729569730451757, 0.9397671148398172, 0.9864954811310649, 0.7581844524045054, 0.9061826429612323, 1.0, 0.9030406908423083, 0.8633278206336704, 0.7746170962173502, 0.9931999228851198, 0.8374682191758565, 0.9138009570203506, 0.9175688234132582, 0.8597687694634735, 0.934378575588243, 0.8778780869299587, 0.9191759319588801, 0.9809905131005436, 0.9221557993275098, 0.8918501343788632, 0.7583556269641405, 0.906935406465484, 0.9256457314590425, 0.9482093418654862, 0.8044795411118251, 0.6199000097150247, 0.9829277991416243, 0.8364841891217798, 0.7299220384551639, 0.945929061225333, 0.9106502668410179, 0.774652015702356, 0.6801540738059678, 0.8664336345018628, 0.8879531526601372, 0.9166487297487674, 0.9773276007446154, 0.9532869695940651, 0.8815931491828888]
Finish training and take 15m
