Namespace(log_name='./coderefine/2/soft1_codet5p_220m.log', model_name='Salesforce/codet5p-220m', lang='java', output_dir='coderefine/2/soft1_codet5p_220m', data_dir='./data/coderefine/2', no_cuda=False, visible_gpu='0', num_train_epochs=10, num_test_epochs=1, train_batch_size=6, eval_batch_size=4, gradient_accumulation_steps=1, load_model_path=None, config_name='', tokenizer_name='', max_source_length=512, max_target_length=512, warm_up_ratio=0.1, do_train=True, do_eval=True, do_test=True, freeze=False, learning_rate=5e-05, beam_size=10, weight_decay=0.0, adam_epsilon=1e-08, local_rank=-1, seed=42, early_stop_threshold=3)
Process rank: -1, device: cuda, n_gpu: 1, distributed training: False
Model created!!
[[{'text': 'public void METHOD_1 ( final TYPE_1 VAR_1 ) { this . VAR_1 = VAR_1 ; if ( ( ! ( VAR_2 . isEmpty ( ) ) ) && ( ( VAR_1 . METHOD_2 ( ) ) != null ) ) { for ( final TYPE_2 VAR_3 : VAR_1 . METHOD_2 ( ) ) { if ( ! ( this . VAR_1 . METHOD_2 ( ) . contains ( VAR_3 ) ) ) { VAR_2 . remove ( VAR_3 ) ; } } } }', 'loss_ids': 0, 'shortenable_ids': 1}, {'text': 'the fixed version is', 'loss_ids': 0, 'shortenable_ids': 0}, {'text': '<mask>', 'loss_ids': 1, 'shortenable_ids': 0}], {'guid': 0, 'tgt_text': 'public void METHOD_1 ( final TYPE_1 VAR_1 ) { if ( ( ! ( VAR_2 . isEmpty ( ) ) ) && ( ( VAR_1 . METHOD_2 ( ) ) != null ) ) { for ( final TYPE_2 VAR_3 : VAR_1 . METHOD_2 ( ) ) { if ( ! ( this . VAR_1 . METHOD_2 ( ) . contains ( VAR_3 ) ) ) { VAR_2 . remove ( VAR_3 ) ; } } } this . VAR_1 = VAR_1 ; }'}]
***** Running training *****
  Num examples = 523
  Batch size = 6
  Num epoch = 10

***** Running evaluation *****
  Num examples = 68
  Batch size = 4
  epoch = 0
  eval_ppl = 3.7467753144032485e+220
  global_step = 89
  train_loss = 20.5335
  ********************
Previous best ppl:inf
Achieve Best ppl:3.7467753144032485e+220
  ********************
BLEU file: ./data/coderefine/2/validation.jsonl
  codebleu-4 = 83.31 	 Previous best codebleu 0
  ********************
 Achieve Best bleu:83.31
  ********************

***** Running evaluation *****
  Num examples = 68
  Batch size = 4
  epoch = 1
  eval_ppl = 2.407268703004962e+267
  global_step = 177
  train_loss = 13.7809
  ********************
Previous best ppl:3.7467753144032485e+220
BLEU file: ./data/coderefine/2/validation.jsonl
  codebleu-4 = 83.35 	 Previous best codebleu 83.31
  ********************
 Achieve Best bleu:83.35
  ********************

***** Running evaluation *****
  Num examples = 68
  Batch size = 4
  epoch = 2
  eval_ppl = 1.4777317693969042e+288
  global_step = 265
  train_loss = 9.4719
  ********************
Previous best ppl:3.7467753144032485e+220
BLEU file: ./data/coderefine/2/validation.jsonl
  codebleu-4 = 83.72 	 Previous best codebleu 83.35
  ********************
 Achieve Best bleu:83.72
  ********************

***** Running evaluation *****
  Num examples = 68
  Batch size = 4
  epoch = 3
  eval_ppl = 4.5710881551035524e+290
  global_step = 353
  train_loss = 6.6117
  ********************
Previous best ppl:3.7467753144032485e+220
BLEU file: ./data/coderefine/2/validation.jsonl
  codebleu-4 = 84.06 	 Previous best codebleu 83.72
  ********************
 Achieve Best bleu:84.06
  ********************

***** Running evaluation *****
  Num examples = 68
  Batch size = 4
  epoch = 4
  eval_ppl = 1.015679052626974e+287
  global_step = 441
  train_loss = 5.2677
  ********************
Previous best ppl:3.7467753144032485e+220
BLEU file: ./data/coderefine/2/validation.jsonl
  codebleu-4 = 83.43 	 Previous best codebleu 84.06
  ********************

***** Running evaluation *****
  Num examples = 68
  Batch size = 4
  epoch = 5
  eval_ppl = 2.8583962757684574e+289
  global_step = 529
  train_loss = 3.7981
  ********************
Previous best ppl:3.7467753144032485e+220
BLEU file: ./data/coderefine/2/validation.jsonl
  codebleu-4 = 84.27 	 Previous best codebleu 84.06
  ********************
 Achieve Best bleu:84.27
  ********************

***** Running evaluation *****
  Num examples = 68
  Batch size = 4
  epoch = 6
  eval_ppl = 1.3667990835700913e+289
  global_step = 617
  train_loss = 2.8529
  ********************
Previous best ppl:3.7467753144032485e+220
BLEU file: ./data/coderefine/2/validation.jsonl
  codebleu-4 = 83.32 	 Previous best codebleu 84.27
  ********************

***** Running evaluation *****
  Num examples = 68
  Batch size = 4
  epoch = 7
  eval_ppl = 8.664149187129698e+290
  global_step = 705
  train_loss = 2.0227
  ********************
Previous best ppl:3.7467753144032485e+220
BLEU file: ./data/coderefine/2/validation.jsonl
  codebleu-4 = 84.81 	 Previous best codebleu 84.27
  ********************
 Achieve Best bleu:84.81
  ********************

***** Running evaluation *****
  Num examples = 68
  Batch size = 4
  epoch = 8
  eval_ppl = 8.381315180097002e+288
  global_step = 793
  train_loss = 1.5097
  ********************
Previous best ppl:3.7467753144032485e+220
BLEU file: ./data/coderefine/2/validation.jsonl
  codebleu-4 = 84.58 	 Previous best codebleu 84.81
  ********************

***** Running evaluation *****
  Num examples = 68
  Batch size = 4
  epoch = 9
  eval_ppl = 1.7259654822044667e+290
  global_step = 881
  train_loss = 1.2797
  ********************
Previous best ppl:3.7467753144032485e+220
BLEU file: ./data/coderefine/2/validation.jsonl
  codebleu-4 = 84.62 	 Previous best codebleu 84.81
  ********************
reload model from coderefine/2/soft1_codet5p_220m/checkpoint-best-bleu
BLEU file: ./data/coderefine/2/test.jsonl
  codebleu = 87.15 
  Total = 65 
  Exact Fixed = 2 
[32, 47]
  Syntax Fixed = 0 
[]
  Cleaned Fixed = 1 
[45]
  ********************
  Total = 65 
  Exact Fixed = 2 
[32, 47]
  Syntax Fixed = 0 
[]
  Cleaned Fixed = 1 
[45]
  codebleu = 87.15 
[0.9468535176233377, 0.7800504804611205, 0.989310412154881, 0.9158219110632493, 0.7919892383848955, 0.7614320201110889, 0.961313257959808, 0.9288050435889952, 0.8440896537679332, 0.922280013282837, 0.8802691274728712, 0.6788381685054053, 0.8651705366468426, 0.7452002872503072, 0.6813852958361807, 0.8814119980991142, 0.8882110232136834, 0.837110375724428, 0.9304890334445721, 0.7110903199480014, 0.934542853545171, 1.0, 0.8824391267250419, 0.9819400729018484, 0.8366391585396613, 0.9552973981415056, 0.6729569730451757, 0.9397671148398172, 0.9864954811310649, 0.7823445859406792, 0.8993644611430505, 1.0, 0.9030406908423083, 0.835477344374215, 0.6503850647556535, 0.9931999228851198, 0.8374682191758565, 0.93144801584388, 0.9175688234132582, 0.8597687694634735, 0.934378575588243, 0.8778780869299587, 0.910207411261359, 0.9809905131005436, 0.9221557993275098, 0.8918501343788632, 1.0, 0.906935406465484, 0.9256457314590425, 0.9482093418654862, 0.8275564641887483, 0.6199000097150247, 0.9829277991416243, 0.8364841891217798, 0.7299220384551639, 0.945929061225333, 0.8865904149950883, 0.774652015702356, 0.6284640767126737, 0.7288465403298929, 0.8879531526601372, 0.9166487297487674, 0.9773276007446154, 0.9805596968667925, 0.8815931491828888]
Finish training and take 16m
