Namespace(log_name='./RQ5/tfix_500_1/codet5p_220m_f.log', model_name='Salesforce/codet5p-220m', lang='javascript', output_dir='RQ5/tfix_500_1/codet5p_220m_f', data_dir='./data/RQ5/tfix_500_1', no_cuda=False, visible_gpu='0', add_task_prefix=False, add_lang_ids=False, num_train_epochs=10, num_test_epochs=10, train_batch_size=8, eval_batch_size=4, gradient_accumulation_steps=2, load_model_path=None, config_name='', tokenizer_name='', max_source_length=512, max_target_length=512, warm_up_ratio=0.1, do_train=True, do_eval=True, do_test=True, do_lower_case=False, learning_rate=5e-05, beam_size=10, weight_decay=0.0, adam_epsilon=1e-08, max_grad_norm=1.0, max_steps=-1, eval_steps=-1, train_steps=-1, local_rank=-1, seed=42, early_stop_threshold=3)
Process rank: -1, device: cuda, n_gpu: 1, distributed training: False, model_name: Salesforce/codet5p-220m
model created!
Total 500 training instances 
***** Running training *****
  Num examples = 500
  Batch size = 8
  Num epoch = 10

***** Running evaluation *****
  Num examples = 100
  Batch size = 4
  epoch = 0
  eval_ppl = 1.00499
  global_step = 63
  train_loss = 0.8537
  ********************
Previous best ppl:inf
Achieve Best ppl:1.00499
  ********************
BLEU file: ./data/RQ5/tfix_500_1/validation.jsonl
Namespace(log_name='./RQ5/tfix_500_1/codet5p_220m_f.log', model_name='Salesforce/codet5p-220m', lang='javascript', output_dir='RQ5/tfix_500_1/codet5p_220m_f', data_dir='./data/RQ5/tfix_500_1', no_cuda=False, visible_gpu='0', add_task_prefix=False, add_lang_ids=False, num_train_epochs=10, num_test_epochs=10, train_batch_size=8, eval_batch_size=4, gradient_accumulation_steps=2, load_model_path=None, config_name='', tokenizer_name='', max_source_length=512, max_target_length=512, warm_up_ratio=0.1, do_train=True, do_eval=True, do_test=True, do_lower_case=False, learning_rate=5e-05, beam_size=10, weight_decay=0.0, adam_epsilon=1e-08, max_grad_norm=1.0, max_steps=-1, eval_steps=-1, train_steps=-1, local_rank=-1, seed=42, early_stop_threshold=3)
Process rank: -1, device: cuda, n_gpu: 1, distributed training: False, model_name: Salesforce/codet5p-220m
model created!
Total 500 training instances 
***** Running training *****
  Num examples = 500
  Batch size = 8
  Num epoch = 10

***** Running evaluation *****
  Num examples = 100
  Batch size = 4
  epoch = 0
  eval_ppl = 1.00497
  global_step = 63
  train_loss = 0.8571
  ********************
Previous best ppl:inf
Achieve Best ppl:1.00497
  ********************
BLEU file: ./data/RQ5/tfix_500_1/validation.jsonl
  codebleu-4 = 59.28 	 Previous best codebleu 0
  ********************
 Achieve Best bleu:59.28
  ********************

***** Running evaluation *****
  Num examples = 100
  Batch size = 4
  epoch = 1
  eval_ppl = 1.00582
  global_step = 125
  train_loss = 0.4578
  ********************
Previous best ppl:1.00497
BLEU file: ./data/RQ5/tfix_500_1/validation.jsonl
  codebleu-4 = 62.16 	 Previous best codebleu 59.28
  ********************
 Achieve Best bleu:62.16
  ********************

***** Running evaluation *****
  Num examples = 100
  Batch size = 4
  epoch = 2
  eval_ppl = 1.00475
  global_step = 187
  train_loss = 0.3186
  ********************
Previous best ppl:1.00497
Achieve Best ppl:1.00475
  ********************
BLEU file: ./data/RQ5/tfix_500_1/validation.jsonl
  codebleu-4 = 62.29 	 Previous best codebleu 62.16
  ********************
 Achieve Best bleu:62.29
  ********************

***** Running evaluation *****
  Num examples = 100
  Batch size = 4
  epoch = 3
  eval_ppl = 1.00497
  global_step = 249
  train_loss = 0.1982
  ********************
Previous best ppl:1.00475
BLEU file: ./data/RQ5/tfix_500_1/validation.jsonl
  codebleu-4 = 62.37 	 Previous best codebleu 62.29
  ********************
 Achieve Best bleu:62.37
  ********************

***** Running evaluation *****
  Num examples = 100
  Batch size = 4
  epoch = 4
  eval_ppl = 1.00496
  global_step = 311
  train_loss = 0.1317
  ********************
Previous best ppl:1.00475
BLEU file: ./data/RQ5/tfix_500_1/validation.jsonl
  codebleu-4 = 61.68 	 Previous best codebleu 62.37
  ********************

***** Running evaluation *****
  Num examples = 100
  Batch size = 4
  epoch = 5
  eval_ppl = 1.00521
  global_step = 373
  train_loss = 0.0895
  ********************
Previous best ppl:1.00475
BLEU file: ./data/RQ5/tfix_500_1/validation.jsonl
  codebleu-4 = 62.71 	 Previous best codebleu 62.37
  ********************
 Achieve Best bleu:62.71
  ********************

***** Running evaluation *****
  Num examples = 100
  Batch size = 4
  epoch = 6
  eval_ppl = 1.00544
  global_step = 435
  train_loss = 0.0633
  ********************
Previous best ppl:1.00475
BLEU file: ./data/RQ5/tfix_500_1/validation.jsonl
  codebleu-4 = 62.87 	 Previous best codebleu 62.71
  ********************
 Achieve Best bleu:62.87
  ********************

***** Running evaluation *****
  Num examples = 100
  Batch size = 4
  epoch = 7
  eval_ppl = 1.00557
  global_step = 497
  train_loss = 0.0457
  ********************
Previous best ppl:1.00475
BLEU file: ./data/RQ5/tfix_500_1/validation.jsonl
  codebleu-4 = 64.6 	 Previous best codebleu 62.87
  ********************
 Achieve Best bleu:64.6
  ********************

***** Running evaluation *****
  Num examples = 100
  Batch size = 4
  epoch = 8
  eval_ppl = 1.00577
  global_step = 559
  train_loss = 0.0412
  ********************
Previous best ppl:1.00475
BLEU file: ./data/RQ5/tfix_500_1/validation.jsonl
  codebleu-4 = 62.9 	 Previous best codebleu 64.6
  ********************

***** Running evaluation *****
  Num examples = 100
  Batch size = 4
  epoch = 9
  eval_ppl = 1.00577
  global_step = 621
  train_loss = 0.0374
  ********************
Previous best ppl:1.00475
BLEU file: ./data/RQ5/tfix_500_1/validation.jsonl
  codebleu-4 = 62.8 	 Previous best codebleu 64.6
  ********************
reload model from RQ5/tfix_500_1/codet5p_220m_f/checkpoint-best-bleu
BLEU file: ./data/RQ5/tfix_500_1/test.jsonl
  codebleu = 63.37 
  Total = 500 
  Exact Fixed = 88 
[1, 3, 14, 16, 17, 22, 23, 31, 49, 55, 58, 64, 67, 69, 70, 72, 76, 78, 83, 92, 93, 94, 101, 107, 108, 111, 115, 119, 121, 124, 126, 131, 143, 145, 156, 174, 184, 189, 201, 211, 213, 214, 218, 224, 236, 238, 255, 258, 260, 263, 265, 282, 300, 301, 303, 306, 307, 310, 314, 339, 343, 356, 367, 369, 371, 372, 379, 383, 385, 391, 399, 400, 404, 411, 416, 419, 421, 423, 432, 443, 446, 460, 464, 470, 472, 475, 483, 485]
  Syntax Fixed = 3 
[30, 127, 434]
  Cleaned Fixed = 1 
[278]
  ********************
  Total = 500 
  Exact Fixed = 88 
[1, 3, 14, 16, 17, 22, 23, 31, 49, 55, 58, 64, 67, 69, 70, 72, 76, 78, 83, 92, 93, 94, 101, 107, 108, 111, 115, 119, 121, 124, 126, 131, 143, 145, 156, 174, 184, 189, 201, 211, 213, 214, 218, 224, 236, 238, 255, 258, 260, 263, 265, 282, 300, 301, 303, 306, 307, 310, 314, 339, 343, 356, 367, 369, 371, 372, 379, 383, 385, 391, 399, 400, 404, 411, 416, 419, 421, 423, 432, 443, 446, 460, 464, 470, 472, 475, 483, 485]
  Syntax Fixed = 3 
[30, 127, 434]
  Cleaned Fixed = 1 
[278]
  codebleu = 63.37 
[1.0, 0.8789433149074164, 1.0, 0.5451417837590342, 0.3519980391978243, 0.8216460780407606, 0.3398382857983091, 0.7702953654705795, 0.794039094142812, 0.5092605543861164, 0.824425175651095, 0.414297617187952, 0.3121594417706924, 0.8114529051148651, 0.5055431170332984, 1.0, 1.0, 0.3416265496309229, 0.5701122864094044, 0.5375662033772942, 0.9097825010853771, 0.8249365300761395, 0.8114529051148651, 0.5058144125160369, 0.35933142821865177, 0.7906322192982298, 0.2932138529165887, 0.6287206814660993, 0.4136911179244788, 0.6371808959162841, 1.0, 0.7691225780114581, 0.7461273419647574, 0.621862347508016, 0.8170015046833874, 0.40376453366511944, 0.7349975480234779, 0.26493187938965956, 0.8853031368082722, 0.5596414762602546, 0.4302621823776636, 0.19606856837889303, 0.7122853668557851, 0.6785036503543816, 0.8356274376774735, 0.9431571237072573, 0.2558003592103332, 0.5131719780745918, 1.0, 0.5491888156140188, 0.6764153597097089, 0.18245026375358053, 0.5187897810598002, 0.895500606374912, 1.0, 0.396349572956634, 0.8191441569283882, 1.0, 0.45715804963968226, 0.6273520828335467, 0.8178607431385985, 0.5854978414909923, 0.8052607518236046, 0.9891483218006352, 0.7517070403538422, 0.9260406910477721, 1.0, 0.7341007521231433, 1.0, 1.0, 0.5129834344293507, 1.0, 0.28890659929471596, 0.5843871292056362, 0.6523132290596774, 1.0, 0.47433538990729357, 1.0, 0.6759395432065562, 0.6884734483714399, 0.8261420415269246, 0.5969402846271352, 1.0, 0.651535222322672, 0.7148321218614053, 0.6564216156096869, 0.588804774838485, 0.7750602332103611, 0.5295971223679855, 0.8630487585927691, 0.12370309962950071, 1.0, 0.8114529051148651, 1.0, 0.44375943570639337, 0.6745410470195684, 0.7887437726770301, 0.39873667339437135, 0.687675607714434, 0.9266829146927709, 0.9891483218006352, 0.6416532852733938, 0.7275723927836586, 0.7524099059094923, 0.7199840976712353, 0.6265958401383632, 1.0, 1.0, 0.04535576197454044, 0.5935508146548119, 1.0, 0.41205649100627917, 0.6555342747735904, 0.6245487261605229, 1.0, 0.6357741351064675, 0.8106720338983175, 0.6221584174428315, 0.8114529051148651, 0.7506656240001803, 1.0, 0.0731716191316424, 0.629920929034602, 1.0, 0.8990265449613299, 1.0, 0.6402562811128987, 0.556487662226795, 0.5523753896742678, 0.037180895916284235, 0.8114529051148651, 0.19870283119674087, 0.7245741928928766, 0.884411967378405, 0.45438169149982227, 0.25875142047146904, 0.6201281281538, 0.6713118214155392, 0.43235713841765855, 0.8591190003999107, 0.7264603256176001, 0.4901365436405146, 1.0, 0.5844496694137683, 1.0, 0.762178754714643, 0.5117910578875128, 0.36482184137761786, 0.2974610638433307, 0.5365573165566148, 0.8132623593969441, 0.04202520055807766, 0.6002569359025927, 0.6536911179244789, 0.2534424024864518, 1.0, 0.737896877118873, 0.5390272275654318, 0.3253313725311576, 0.596309309173441, 0.3265257036957706, 0.11367377306961232, 0.9002579146195044, 0.4471047149903593, 0.5142742735155721, 0.003517311591731468, 0.4771052192777594, 0.6307456993182354, 0.5264886858900315, 0.6625508357540224, 0.38333251237656163, 0.5009596020209375, 0.03126528209192489, 0.7135428903906851, 0.30986225997318195, 0.8695475294213804, 0.4142531454411046, 0.35586539345697804, 0.9039342742606371, 0.5852685371188103, 0.067198748621681, 0.35260703155848694, 0.571700750841684, 1.0, 0.5498833375654114, 0.6006394976554918, 0.5966881123495027, 0.7317955756505086, 1.0, 0.636964721661222, 0.7163791393142085, 0.10355282536317818, 0.44478640618236376, 0.597415144816797, 0.64272438732935, 0.16756612845215674, 0.8821296454239946, 0.4199236174034782, 0.5644392935955646, 0.4736728434913504, 1.0, 0.33660944616115085, 0.8387838840911439, 0.9130169160146575, 0.7021296454239947, 0.7636815104017958, 0.6915007184497834, 0.8301971233899816, 0.7623676872921671, 0.5575523755474183, 1.0, 0.6817027374009171, 1.0, 0.8818530940671161, 0.5571554333810027, 0.6583332549596508, 0.7423958127221755, 1.0, 0.22719082257468703, 0.8291884689534064, 0.21100892280323053, 0.5924424048742483, 0.0, 1.0, 0.45066219168465615, 0.6764521339583973, 0.7301961448188755, 0.0, 0.6092728765398896, 0.5354481856728994, 0.0, 0.5566984938224081, 0.8232148025904986, 0.3327818221527141, 0.6099825200182494, 1.0, 0.3032212220646428, 1.0, 0.5227886222566653, 0.09138854364080462, 0.5996874926360537, 0.980720400721969, 0.7420535535488095, 0.8845572237610086, 0.7302007404183433, 0.2594673832307821, 0.4531855447309179, 0.7896006392880524, 0.4432027101248005, 0.49355421767347835, 0.08152573352530099, 0.7170369693946632, 0.6983157796360075, 0.43096007508570255, 1.0, 0.6465085296294044, 0.4326263272143769, 1.0, 0.3703988534694904, 1.0, 0.5178989075058493, 0.9211131842675646, 1.0, 0.8300792809207385, 1.0, 0.29514178375903416, 0.38412587020318456, 0.503404575411008, 0.8513726633741598, 0.6661120443406857, 0.1724590891271846, 0.8134557045901138, 0.4237755479780052, 0.6924299284874438, 0.8736081095465102, 0.4992163272828595, 0.6060885969891239, 0.8994234715778149, 0.07153421598018944, 0.7383139646397308, 0.6196263559246291, 1.0, 0.9033331043272477, 0.35749864901624717, 0.03810543558529643, 0.3555157786026163, 0.7970182644937875, 0.29223826175635537, 0.6021070400262399, 0.6366159932299253, 0.6558003592103332, 0.9130169160146575, 0.34505477483848507, 0.39969884422068214, 0.31407610853279483, 0.5381429054415754, 0.8632148025904984, 0.8291884689534064, 0.47180509653022784, 1.0, 1.0, 0.0, 1.0, 0.7358502882945588, 0.6324794353697702, 1.0, 1.0, 0.8178607431385985, 0.5939025422058747, 1.0, 0.45222870310832236, 0.5383089748131177, 0.6573864448926988, 1.0, 0.6887796716807859, 0.5092272948800609, 0.882842712474619, 0.5765188209577117, 0.5342084433274925, 0.7715250551467709, 0.26347186640984777, 0.8322984946106791, 0.4714698407062744, 0.4964902913435728, 0.8475948805844231, 0.7431916688758325, 0.576907475658101, 0.593453164785819, 0.5365573165566148, 0.47786341412302047, 0.7456907908606256, 0.6892870539097846, 0.6054156230495836, 0.714297617187952, 0.55177654490031, 0.6490264366907621, 0.2405523411083482, 0.4092605543861164, 1.0, 0.5111556732259859, 0.4048126665159984, 0.351123788866289, 1.0, 0.5483858698628123, 0.7686443097434874, 0.6431227591816079, 0.8017397827309225, 0.06430709861041217, 0.8852276314853429, 0.19431575418362879, 0.6066855853913183, 0.5961439611994732, 0.3882203984945388, 0.5609260915878896, 0.6519266365055134, 1.0, 0.20034796016239415, 0.6125559617261662, 0.08869475457310907, 0.6793788456922385, 0.5422832190728318, 0.9092813183436577, 0.9237479530474457, 0.885801886423617, 0.4121673239558469, 0.15421129818718932, 0.9891483218006352, 0.7731012556269232, 1.0, 0.7970182644937875, 1.0, 1.0, 0.5774963429007336, 0.7451384298635613, 0.5519698034749387, 0.7982208584504902, 0.8525366466180964, 0.7883092393403118, 1.0, 0.3610202619925232, 0.6969247006410559, 0.5402233947178415, 1.0, 0.09999999999999999, 1.0, 0.40660822240095185, 0.31073389088669934, 0.47180509653022784, 0.9039342742606371, 0.3442917633190253, 1.0, 0.8357967156935899, 0.6289313661614635, 0.5845720003763292, 0.676275735434565, 0.3714764154580026, 0.09999999999999999, 0.29080814539619515, 1.0, 1.0, 0.6320615067866382, 0.39856647946770074, 0.593328204480502, 1.0, 0.7418205419054216, 0.0, 0.24396165484472304, 0.5705557495072049, 0.5796605122596801, 0.64272438732935, 1.0, 0.5025538442190352, 0.5927200451626766, 0.15, 0.7396270263254157, 1.0, 0.6020305474481882, 0.5992413083109663, 0.6922382617563554, 0.7969743810233871, 1.0, 0.0255577241698509, 1.0, 0.7144948346694379, 0.7543841330490832, 0.8609932142693941, 0.6607530176165711, 0.6793200369028839, 0.27108629126175077, 0.03115588878443292, 0.5745852221368928, 1.0, 0.38183354569032213, 0.9728592687718631, 0.8661547359011423, 0.3259403648918202, 0.5334147323445907, 0.5972737008435868, 0.6804859797458157, 0.9320894171538912, 0.6508081453961951, 0.8205326290822457, 1.0, 0.6870606775436042, 0.6995228788727517, 0.7135428903906851, 0.7916479842275448, 0.28605185738761973, 0.6983761581889011, 0.7401287898502638, 0.7965481359238318, 0.8386800272334847, 0.3339955250179895, 0.6838528189756714, 0.5470783037679993, 0.5149139863647084, 0.7065605978001186, 0.859655200961138, 0.5408401405239117, 1.0, 0.16571926744186097, 0.3831939362196469, 0.5561717321189377, 1.0, 0.617098062347059, 0.7076923076923076, 0.32321430740939866, 0.3166508010405151, 0.04362372606317965, 1.0, 0.07944994767545024, 0.8249365300761395, 0.31747481206286177, 0.7569706667451968, 1.0, 0.13337173484667555, 0.7776444295139451, 0.565671952352334, 0.8857441887419302, 0.5824710111837532, 0.8164562066675629, 0.8510406910477719, 1.0, 0.5602783237004767, 1.0, 0.644295712874323, 0.23349397773420089, 0.8586654659334061, 0.5943893444913173, 0.0, 0.33036017439379955, 0.4779413682263204, 0.3965193255633748, 0.5974634481857527, 0.6290960494103124, 0.8150666162955742, 0.5335665191868353, 0.6190128819697975, 0.6573831527026088, 0.26288137572470943]
Finish training and take 19m
