Namespace(log_name='./RQ5/tfix_500_1/codet5p_770m.log', model_name='Salesforce/codet5p-770m', lang='javascript', output_dir='RQ5/tfix_500_1/codet5p_770m', data_dir='./data/RQ5/tfix_500_1', choice=0, no_cuda=False, visible_gpu='0', num_train_epochs=10, num_test_epochs=1, train_batch_size=4, eval_batch_size=4, gradient_accumulation_steps=1, load_model_path=None, config_name='', tokenizer_name='', max_source_length=512, max_target_length=512, warm_up_ratio=0.1, do_train=True, do_eval=True, do_test=True, freeze=False, learning_rate=5e-05, beam_size=10, weight_decay=0.0, adam_epsilon=1e-08, local_rank=-1, seed=42, early_stop_threshold=2)
Process rank: -1, device: cuda, n_gpu: 1, distributed training: False
Model created!!
[[{'text': "'use strict'; var root    = require('../root')   , string  = require('../string'); module.exports = root.create('enum', function self(value) {  value = String(value);", 'loss_ids': 0, 'shortenable_ids': 1}, {'text': '<mask>', 'loss_ids': 1, 'shortenable_ids': 0}, {'text': 'is the fixed version', 'loss_ids': 0, 'shortenable_ids': 0}], {'guid': 0, 'tgt_text': "'use strict'; var string = require('../string'); module.exports = string.create('enum', function self(value) {  value = String(value);"}]
***** Running training *****
  Num examples = 500
  Batch size = 4
  Num epoch = 10

***** Running evaluation *****
  Num examples = 100
  Batch size = 4
  epoch = 0
  eval_ppl = inf
  global_step = 126
  train_loss = 16.8081
  ********************
Previous best ppl:inf
Achieve Best ppl:inf
  ********************
BLEU file: ./data/RQ5/tfix_500_1/validation.jsonl
  codebleu-4 = 62.61 	 Previous best codebleu 0
  ********************
 Achieve Best bleu:62.61
  ********************

***** Running evaluation *****
  Num examples = 100
  Batch size = 4
  epoch = 1
  eval_ppl = inf
  global_step = 251
  train_loss = 7.5889
  ********************
Previous best ppl:inf
BLEU file: ./data/RQ5/tfix_500_1/validation.jsonl
  codebleu-4 = 62.06 	 Previous best codebleu 62.61
  ********************

***** Running evaluation *****
  Num examples = 100
  Batch size = 4
  epoch = 2
  eval_ppl = 2.4379935609097136e+302
  global_step = 376
  train_loss = 3.5145
  ********************
Previous best ppl:inf
Achieve Best ppl:2.4379935609097136e+302
  ********************
BLEU file: ./data/RQ5/tfix_500_1/validation.jsonl
  codebleu-4 = 60.86 	 Previous best codebleu 62.61
  ********************

***** Running evaluation *****
  Num examples = 100
  Batch size = 4
  epoch = 3
  eval_ppl = inf
  global_step = 501
  train_loss = 1.94
  ********************
Previous best ppl:2.4379935609097136e+302
BLEU file: ./data/RQ5/tfix_500_1/validation.jsonl
  codebleu-4 = 61.2 	 Previous best codebleu 62.61
  ********************

***** Running evaluation *****
  Num examples = 100
  Batch size = 4
  epoch = 4
  eval_ppl = inf
  global_step = 626
  train_loss = 0.973
  ********************
Previous best ppl:2.4379935609097136e+302
BLEU file: ./data/RQ5/tfix_500_1/validation.jsonl
  codebleu-4 = 62.6 	 Previous best codebleu 62.61
  ********************
early stopping!!!
reload model from RQ5/tfix_500_1/codet5p_770m/checkpoint-best-bleu
BLEU file: ./data/RQ5/tfix_500_1/test.jsonl
  codebleu = 61.76 
  Total = 500 
  Exact Fixed = 74 
[1, 14, 16, 17, 18, 22, 23, 31, 49, 58, 64, 68, 69, 78, 83, 85, 86, 93, 101, 107, 110, 115, 119, 121, 131, 133, 143, 145, 149, 156, 157, 172, 175, 184, 200, 201, 212, 214, 224, 229, 236, 238, 243, 255, 260, 263, 265, 267, 300, 301, 309, 331, 341, 356, 369, 371, 374, 377, 399, 400, 404, 411, 416, 419, 423, 430, 434, 443, 446, 449, 465, 472, 482, 497]
  Syntax Fixed = 3 
[144, 218, 392]
  Cleaned Fixed = 1 
[432]
  ********************
  Total = 500 
  Exact Fixed = 74 
[1, 14, 16, 17, 18, 22, 23, 31, 49, 58, 64, 68, 69, 78, 83, 85, 86, 93, 101, 107, 110, 115, 119, 121, 131, 133, 143, 145, 149, 156, 157, 172, 175, 184, 200, 201, 212, 214, 224, 229, 236, 238, 243, 255, 260, 263, 265, 267, 300, 301, 309, 331, 341, 356, 369, 371, 374, 377, 399, 400, 404, 411, 416, 419, 423, 430, 434, 443, 446, 449, 465, 472, 482, 497]
  Syntax Fixed = 3 
[144, 218, 392]
  Cleaned Fixed = 1 
[432]
  codebleu = 61.76 
[0.8778769644385496, 0.8789433149074164, 0.8185961732176825, 0.5451417837590342, 0.3519980391978243, 0.8216460780407606, 0.3398382857983091, 0.828218881300387, 0.7924012535180505, 0.7377263511557299, 0.824425175651095, 0.36071425679443714, 0.3121594417706924, 0.8114529051148651, 0.18812414208909256, 1.0, 1.0, 1.0, 0.5701122864094044, 0.46956347168367374, 0.8387001883440655, 0.8249365300761395, 0.8114529051148651, 0.5058144125160369, 0.3857581307813625, 0.8301924337951765, 0.2932138529165887, 0.6287206814660993, 0.38702445125781215, 0.6459857482140212, 1.0, 0.598052424214174, 0.6908005346740018, 0.621862347508016, 0.30209781994840157, 0.45040497426175063, 0.8774634481857526, 0.22499999999999998, 0.8478031368082721, 0.5596414762602546, 0.4427200451626767, 0.3071336753117571, 0.7122853668557851, 0.6785036503543816, 0.8356274376774735, 0.9431571237072573, 0.2558003592103332, 0.5131719780745918, 1.0, 0.5205584248799071, 0.6764153597097089, 0.45575281036960824, 0.47688440250356284, 0.8696847134058581, 0.43685373227366575, 0.43021319008106473, 0.8191441569283882, 1.0, 0.45715804963968226, 0.6273520828335467, 0.8178607431385985, 0.5854978414909923, 0.8052607518236046, 0.9891483218006352, 0.7517070403538422, 0.9260406910477721, 0.49330171021453717, 0.8826936634588876, 1.0, 0.5189589454524783, 0.5129834344293507, 0.4172802645678128, 0.28890659929471596, 0.5465085296294044, 0.5865806248142346, 0.6383022364276514, 0.4037623295191844, 1.0, 0.6759395432065562, 0.6884734483714399, 0.8261420415269246, 0.6953602200025533, 1.0, 0.48832796181197424, 1.0, 1.0, 0.588804774838485, 0.6790909206213552, 0.5295971223679855, 0.8630487585927691, 0.0731716191316424, 0.31899981739790606, 0.8114529051148651, 0.506685711860645, 0.44375943570639337, 0.6745410470195684, 0.8231417981671627, 0.39873667339437135, 0.6738294538682802, 0.9266829146927709, 0.9891483218006352, 0.5885926413190037, 0.7275723927836586, 0.5207162366523784, 0.7263424719778115, 0.6265958401383632, 1.0, 0.8165273869902545, 0.05369111792447885, 0.8680732843655234, 0.8974634481857526, 0.7347169240849791, 0.6555342747735904, 0.5442862628913174, 1.0, 0.6357741351064675, 0.8255980153481091, 0.6221584174428315, 0.8114529051148651, 0.7506656240001803, 1.0, 0.0731716191316424, 0.629920929034602, 0.7118245266081078, 0.6322722651227868, 0.5774149680292889, 0.4531855447309179, 0.556487662226795, 0.5523753896742678, 0.02357226111775114, 0.8114529051148651, 0.5937060839588888, 1.0, 0.884411967378405, 0.45438169149982227, 0.2298355357735218, 0.6201281281538, 0.704138988439773, 0.42599664456047265, 0.7668758886842345, 0.7264603256176001, 0.4901365436405146, 1.0, 0.6755831472572245, 1.0, 0.762178754714643, 0.6261040401961506, 0.4326722828124171, 0.8114529051148651, 0.5365573165566148, 0.7622140386340444, 0.04202520055807766, 0.6253884207952959, 0.6536911179244789, 0.2534424024864518, 1.0, 0.9891483218006352, 0.5390272275654318, 0.3253313725311576, 0.4222827177663117, 0.5289052690315463, 0.047397277605823865, 0.9112182244663187, 0.4471047149903593, 0.521955614980073, 0.003157006751173676, 0.4771052192777594, 0.48074569931823535, 0.5264886858900315, 0.6625508357540224, 0.38333251237656163, 0.9891483218006352, 0.027660853979899265, 0.2820420788555261, 1.0, 0.5603706290417659, 0.46978313398707483, 0.35586539345697804, 0.9039342742606371, 0.6482732257737371, 0.06808859345352361, 0.35260703155848694, 0.571700750841684, 0.7450395226130992, 0.7674789818939842, 0.6536911179244789, 0.5372538589264478, 0.7797536762147326, 0.36857333884076315, 0.636964721661222, 0.6339262873537368, 0.10519979795067727, 0.4461500425460001, 0.4829570445323632, 0.0, 0.22577840381303949, 0.8821296454239946, 0.5334126180997758, 0.5081659055660961, 0.8114529051148651, 1.0, 0.30462367113656974, 0.7392597999593242, 0.7698924838781129, 0.6852401527153689, 0.6262890508561036, 0.7248340517831167, 0.8301971233899816, 0.7623676872921671, 0.7016265496309229, 0.5550049310474542, 1.0, 0.8034443090225696, 1.0, 0.625500606374912, 0.6901940524102714, 0.7423958127221755, 0.6888724788208753, 0.177190822574687, 0.8291884689534064, 0.21100892280323053, 0.5924424048742483, 0.0, 1.0, 0.45066219168465615, 0.5928976639559229, 0.7301961448188755, 0.0, 0.6607142567944371, 0.5362417578894834, 0.0, 0.5976435605147894, 0.7701527915539326, 0.5131501387427619, 0.7758054956615059, 1.0, 0.343544769427946, 1.0, 0.5227886222566653, 0.09138854364080462, 0.7954935638657621, 0.980720400721969, 0.6311843108055519, 0.8845572237610086, 0.7302007404183433, 0.2594673832307821, 0.32540087812465046, 0.7896006392880524, 0.3583507427572924, 0.41007593934497333, 0.08152573352530099, 0.7170369693946632, 0.6983157796360075, 0.46557545970108716, 1.0, 0.6903510788203177, 0.4326263272143769, 0.5818301427332783, 0.3703988534694904, 1.0, 0.5178989075058493, 0.9211131842675646, 1.0, 0.8300792809207385, 1.0, 0.29514178375903416, 1.0, 0.7433132998680456, 0.7216865196891183, 0.6661120443406857, 0.19192238765013264, 0.8134557045901138, 0.4237755479780052, 0.7648103351245981, 0.7916795920020299, 0.5542094142085958, 0.6592906179772744, 0.8643234750474205, 0.07153421598018944, 0.7383139646397308, 0.5769109913668085, 0.6830331470954286, 0.9033331043272477, 0.5847385307544747, 0.5334126180997758, 0.8604457071320422, 0.7970182644937875, 0.29223826175635537, 0.3400176238120711, 0.6489448749779825, 0.6558003592103332, 0.9130169160146575, 0.34505477483848507, 0.39969884422068214, 0.31407610853279483, 0.851626549630923, 0.6813738950704837, 0.8291884689534064, 0.6182924787290234, 1.0, 1.0, 0.0, 0.49812901135123744, 0.7358502882945588, 0.6324794353697702, 0.6929274344018911, 0.5984754970603989, 0.8178607431385985, 0.9133751888738384, 0.6355230163254099, 0.45222870310832236, 0.5383089748131177, 0.6573864448926988, 0.5763021068539383, 0.6887796716807859, 0.6582924787290233, 0.882842712474619, 0.5765188209577117, 0.5342084433274925, 0.8642470965743208, 0.26347186640984777, 0.8322984946106791, 0.4714698407062744, 0.4964902913435728, 0.8975948805844232, 0.7431916688758325, 0.576907475658101, 0.43732658824904136, 0.5365573165566148, 0.47786341412302047, 1.0, 0.6892870539097846, 0.5879792831098578, 0.714297617187952, 0.6517765449003101, 0.6490264366907621, 0.6999566173218232, 0.29140341152897353, 0.514529302035556, 0.6846354401872717, 0.8249365300761395, 0.5421867136374356, 0.5857892446781248, 0.45582062018706493, 0.7686443097434874, 0.5445795536136034, 0.8017397827309225, 0.06430709861041217, 0.7034527547086233, 0.3276490875169621, 0.433467983793827, 0.5961439611994732, 0.3882203984945388, 0.5609260915878896, 0.6519266365055134, 1.0, 0.20034796016239415, 0.6302733611924758, 0.08869475457310907, 0.6509106257652548, 0.41585825915406704, 0.6506983575580179, 0.9237479530474457, 0.7730288260771192, 0.3481567654857777, 0.1621787547146431, 0.3949005844802781, 0.6441840566053633, 1.0, 0.7970182644937875, 1.0, 0.5530199848772628, 0.5774963429007336, 1.0, 0.5519698034749387, 0.7553637155933474, 1.0, 0.6950746442974585, 0.5249883996044001, 0.3610202619925232, 0.6392333266349789, 0.3275887968144088, 0.6652544315760611, 0.06923076923076923, 0.6199219218484497, 0.40660822240095185, 0.36857333884076315, 0.47180509653022784, 0.9039342742606371, 0.34650852962940437, 0.557191109153072, 0.9735573680356353, 0.8379784880822061, 0.6274291432334721, 0.676275735434565, 0.3714764154580026, 0.09999999999999999, 0.29080814539619515, 1.0, 1.0, 0.6320615067866382, 0.2856539529718911, 0.593328204480502, 1.0, 0.7418205419054216, 0.0, 0.46761194211277957, 0.5705557495072049, 0.5796605122596801, 0.64272438732935, 1.0, 0.5027616393658039, 0.5927200451626766, 0.15, 0.7304885888713295, 1.0, 0.5935953316032341, 0.7416865196891184, 0.6922382617563554, 0.7969743810233871, 0.5147212473253818, 0.13601162290160312, 1.0, 0.7144948346694379, 0.7543841330490832, 0.18546686911058335, 0.6607530176165711, 0.6793200369028839, 0.3588491014511952, 0.7135428903906851, 0.5745852221368928, 0.7919953379147748, 0.38183354569032213, 1.0, 0.8661547359011423, 0.3259403648918202, 0.5334147323445907, 0.7216582827723056, 0.5482809733022559, 0.9320894171538912, 0.5827243873293501, 0.8205326290822457, 1.0, 0.47361941803632135, 0.6995228788727517, 0.7135428903906851, 0.7916479842275448, 0.28605185738761973, 1.0, 0.8603738717856269, 0.8103529851697227, 0.8386800272334847, 0.30773427050988034, 0.6838528189756714, 0.5470783037679993, 0.5149139863647084, 0.35993790722611996, 0.8172581800353864, 0.5466127647565298, 0.6304241997444744, 0.5801154532856382, 0.3831939362196469, 0.5030534500279102, 0.4940378154875154, 1.0, 0.7076923076923076, 0.7584926846523853, 0.3166508010405151, 0.04603121926729405, 0.8072438843453339, 0.07944994767545024, 0.8249365300761395, 0.26772438732935, 0.7569706667451968, 0.7191441569283882, 0.13337173484667555, 0.6619172171553045, 0.565671952352334, 0.8857441887419302, 0.5824710111837532, 0.806126732435826, 0.6406097721075377, 0.6622674750691923, 0.3652381199623105, 0.6324789691832559, 0.644295712874323, 0.3445683217133939, 0.8263872986211505, 0.5943893444913173, 0.6, 0.33036017439379955, 0.6628887558084715, 0.4002973371873174, 0.44493986268330243, 0.6290960494103124, 0.8150666162955742, 0.9891483218006352, 0.6113235238734058, 0.6573831527026088, 0.18658064019252368]
Finish training and take 15m
