Namespace(log_name='./RQ5/tfix_900_1/codet5p_220m_f.log', model_name='Salesforce/codet5p-220m', lang='javascript', output_dir='RQ5/tfix_900_1/codet5p_220m_f', data_dir='./data/RQ5/tfix_900_1', no_cuda=False, visible_gpu='0', add_task_prefix=False, add_lang_ids=False, num_train_epochs=10, num_test_epochs=10, train_batch_size=8, eval_batch_size=4, gradient_accumulation_steps=2, load_model_path=None, config_name='', tokenizer_name='', max_source_length=512, max_target_length=512, warm_up_ratio=0.1, do_train=True, do_eval=True, do_test=True, do_lower_case=False, learning_rate=5e-05, beam_size=10, weight_decay=0.0, adam_epsilon=1e-08, max_grad_norm=1.0, max_steps=-1, eval_steps=-1, train_steps=-1, local_rank=-1, seed=42, early_stop_threshold=3)
Process rank: -1, device: cuda, n_gpu: 1, distributed training: False, model_name: Salesforce/codet5p-220m
model created!
Total 900 training instances 
***** Running training *****
  Num examples = 900
  Batch size = 8
  Num epoch = 10

***** Running evaluation *****
  Num examples = 100
  Batch size = 4
  epoch = 0
  eval_ppl = 1.00463
  global_step = 113
  train_loss = 0.7721
  ********************
Previous best ppl:inf
Achieve Best ppl:1.00463
  ********************
BLEU file: ./data/RQ5/tfix_900_1/validation.jsonl
  codebleu-4 = 61.15 	 Previous best codebleu 0
  ********************
 Achieve Best bleu:61.15
  ********************

***** Running evaluation *****
  Num examples = 100
  Batch size = 4
  epoch = 1
  eval_ppl = 1.00429
  global_step = 225
  train_loss = 0.3895
  ********************
Previous best ppl:1.00463
Achieve Best ppl:1.00429
  ********************
BLEU file: ./data/RQ5/tfix_900_1/validation.jsonl
  codebleu-4 = 63.87 	 Previous best codebleu 61.15
  ********************
 Achieve Best bleu:63.87
  ********************

***** Running evaluation *****
  Num examples = 100
  Batch size = 4
  epoch = 2
  eval_ppl = 1.00438
  global_step = 337
  train_loss = 0.2522
  ********************
Previous best ppl:1.00429
BLEU file: ./data/RQ5/tfix_900_1/validation.jsonl
  codebleu-4 = 63.83 	 Previous best codebleu 63.87
  ********************

***** Running evaluation *****
  Num examples = 100
  Batch size = 4
  epoch = 3
  eval_ppl = 1.00453
  global_step = 449
  train_loss = 0.1723
  ********************
Previous best ppl:1.00429
BLEU file: ./data/RQ5/tfix_900_1/validation.jsonl
  codebleu-4 = 61.26 	 Previous best codebleu 63.87
  ********************

***** Running evaluation *****
  Num examples = 100
  Batch size = 4
  epoch = 4
  eval_ppl = 1.00487
  global_step = 561
  train_loss = 0.1124
  ********************
Previous best ppl:1.00429
BLEU file: ./data/RQ5/tfix_900_1/validation.jsonl
  codebleu-4 = 63.72 	 Previous best codebleu 63.87
  ********************
reload model from RQ5/tfix_900_1/codet5p_220m_f/checkpoint-best-bleu
BLEU file: ./data/RQ5/tfix_900_1/test.jsonl
  codebleu = 64.04 
  Total = 500 
  Exact Fixed = 84 
[3, 14, 16, 22, 23, 31, 32, 40, 42, 49, 57, 58, 64, 67, 69, 76, 78, 83, 86, 88, 93, 94, 101, 107, 117, 119, 121, 124, 125, 131, 133, 135, 143, 145, 162, 177, 184, 185, 201, 213, 224, 233, 235, 236, 238, 253, 258, 263, 265, 282, 289, 297, 306, 307, 313, 314, 316, 339, 343, 356, 367, 369, 371, 374, 383, 387, 399, 400, 404, 411, 416, 419, 432, 443, 444, 446, 470, 472, 475, 482, 483, 485, 489, 494]
  Syntax Fixed = 2 
[87, 434]
  Cleaned Fixed = 3 
[84, 175, 189]
  ********************
  Total = 500 
  Exact Fixed = 84 
[3, 14, 16, 22, 23, 31, 32, 40, 42, 49, 57, 58, 64, 67, 69, 76, 78, 83, 86, 88, 93, 94, 101, 107, 117, 119, 121, 124, 125, 131, 133, 135, 143, 145, 162, 177, 184, 185, 201, 213, 224, 233, 235, 236, 238, 253, 258, 263, 265, 282, 289, 297, 306, 307, 313, 314, 316, 339, 343, 356, 367, 369, 371, 374, 383, 387, 399, 400, 404, 411, 416, 419, 432, 443, 444, 446, 470, 472, 475, 482, 483, 485, 489, 494]
  Syntax Fixed = 2 
[87, 434]
  Cleaned Fixed = 3 
[84, 175, 189]
  codebleu = 64.04 
[0.36593621655465947, 0.8789433149074164, 1.0, 0.5451417837590342, 0.3519980391978243, 0.8216460780407606, 0.3398382857983091, 0.8961651645506219, 0.6341769909493646, 0.6964886858900314, 0.824425175651095, 0.414297617187952, 0.41098467419516377, 0.8114529051148651, 0.5055431170332984, 1.0, 0.792947845270083, 0.5404095184045611, 0.5701122864094044, 0.5525831514556421, 0.9097825010853771, 0.8249365300761395, 0.8114529051148651, 0.5058144125160369, 0.39933142821865175, 0.7906322192982298, 0.5428297584838295, 0.6281007241929347, 0.38702445125781215, 0.6459857482140212, 1.0, 1.0, 0.7461273419647574, 0.621862347508016, 0.6888724788208753, 0.45040497426175063, 0.7349975480234779, 0.26493187938965956, 0.8853031368082722, 0.7135428903906851, 0.4427200451626767, 0.9891483218006352, 0.7122853668557851, 0.7936657742154647, 0.8356274376774735, 0.9431571237072573, 0.2558003592103332, 0.5131719780745918, 1.0, 0.4892779831841828, 0.736415359709709, 0.5563385782378045, 0.8715580647670746, 0.8696847134058581, 0.7606234803934171, 0.43021319008106473, 1.0, 1.0, 0.45715804963968226, 0.6273520828335467, 0.4905880158658711, 0.5854978414909923, 0.8052607518236046, 0.9891483218006352, 0.7341765280314609, 0.9260406910477721, 1.0, 0.7341007521231433, 1.0, 0.5189589454524783, 0.5129834344293507, 0.6206334767740918, 0.17373852220816974, 0.5843871292056362, 0.6335632290596774, 1.0, 0.47433538990729357, 1.0, 0.7158229243802021, 0.6884734483714399, 0.8261420415269246, 0.7328602200025534, 1.0, 0.6169198377072875, 0.7148321218614053, 1.0, 0.6295443998237225, 1.0, 0.5295971223679855, 0.8630487585927691, 0.15356651918683534, 0.4315573034129083, 0.8114529051148651, 1.0, 0.44375943570639337, 0.6745410470195684, 0.7887437726770301, 0.39873667339437135, 0.6738294538682802, 0.9266829146927709, 0.9891483218006352, 0.6416532852733938, 0.7275723927836586, 0.43807459826413775, 0.7263424719778115, 0.6265958401383632, 1.0, 0.5652010091503564, 0.04535576197454044, 0.784257328861597, 0.8974634481857526, 0.7570894171538911, 0.6555342747735904, 0.6245487261605229, 0.8671965200155662, 0.6357741351064675, 0.8255980153481091, 0.6221584174428315, 0.8114529051148651, 0.7506656240001803, 1.0, 0.0731716191316424, 0.629920929034602, 1.0, 1.0, 0.5774149680292889, 0.4531855447309179, 0.556487662226795, 0.5523753896742678, 0.02357226111775114, 0.8114529051148651, 0.5811409219639153, 1.0, 0.884411967378405, 1.0, 0.30957310330555515, 0.6201281281538, 0.8952738864082956, 0.5540969931263233, 0.8471765286277897, 0.4077567033536382, 0.4901365436405146, 1.0, 0.5340106749112018, 1.0, 0.762178754714643, 0.6214114281586578, 0.3220441896378171, 0.5157990952074163, 0.5365573165566148, 0.8132623593969441, 0.7026136760976884, 0.6002569359025927, 0.6536911179244789, 0.2534424024864518, 0.8330693404648544, 0.737896877118873, 0.5390272275654318, 0.3253313725311576, 0.596309309173441, 0.5289052690315463, 0.8114529051148651, 0.9002579146195044, 0.4471047149903593, 0.5142742735155721, 0.003517311591731468, 0.47245646351861303, 0.6307456993182354, 0.5264886858900315, 0.6625508357540224, 0.38333251237656163, 0.5009596020209375, 0.027660853979899265, 0.2901671840680754, 0.48714185917448627, 0.8695475294213804, 1.0, 0.35586539345697804, 0.9039342742606371, 0.5214020325976854, 0.057484091205326424, 0.35260703155848694, 0.571700750841684, 1.0, 1.0, 0.6006394976554918, 0.5804636158827808, 0.7006428385900633, 0.4135910337438421, 0.636964721661222, 0.7163791393142085, 0.10594794902427805, 0.44478640618236376, 0.597415144816797, 0.0, 0.13825557556207113, 0.8821296454239946, 0.4199236174034782, 0.5960182409639856, 0.4736728434913504, 1.0, 0.33660944616115085, 0.8230950033528153, 0.9130169160146575, 0.5719641521010562, 0.7417094915222344, 0.6120804309520255, 0.8301971233899816, 0.7623676872921671, 0.5575523755474183, 0.5550049310474542, 0.6817027374009171, 1.0, 0.7370343074988237, 0.625500606374912, 0.7191441569283882, 0.7423958127221755, 0.5616798194467534, 0.22719082257468703, 0.8291884689534064, 0.21100892280323053, 0.5924424048742483, 0.0, 1.0, 0.45066219168465615, 0.6764521339583973, 0.7301961448188755, 0.0, 0.6092728765398896, 0.5354481856728994, 0.0, 0.5566984938224081, 1.0, 0.3327818221527141, 1.0, 1.0, 0.3305982337929354, 1.0, 0.5707889899003138, 0.09138854364080462, 0.7954935638657621, 0.980720400721969, 0.7435570753287064, 0.8845572237610086, 0.7302007404183433, 0.2505742404217245, 0.4113901422337669, 0.7834298712141025, 0.4432027101248005, 0.47480421767347836, 0.08152573352530099, 0.07434246244458743, 1.0, 0.46557545970108716, 0.5355299639839244, 0.6903510788203177, 0.5695939886293169, 1.0, 0.3703988534694904, 0.6324902811275372, 0.5178989075058493, 0.9211131842675646, 1.0, 0.8300792809207385, 1.0, 0.29514178375903416, 0.38412587020318456, 0.503404575411008, 0.8513726633741598, 0.6661120443406857, 0.42765093214011546, 0.8134557045901138, 0.4237755479780052, 0.7648103351245981, 0.8228353630397955, 0.8477687013973068, 0.6592906179772744, 0.8643234750474205, 0.07153421598018944, 0.2923083608934159, 0.6196263559246291, 1.0, 0.9033331043272477, 0.5399114554115356, 0.4199236174034782, 0.7027161519573151, 0.7944011675713525, 0.29223826175635537, 1.0, 0.669399420432528, 0.6558003592103332, 0.9130169160146575, 0.34505477483848507, 0.39969884422068214, 0.5030199848772627, 0.4687157007477412, 1.0, 0.8291884689534064, 0.47180509653022784, 0.645572933254816, 0.4887096364908238, 0.0, 0.6395594029973759, 0.6094226038504491, 0.6324794353697702, 1.0, 1.0, 0.8178607431385985, 0.620688256491589, 0.6488563496587432, 0.45222870310832236, 0.5383089748131177, 1.0, 1.0, 0.6887796716807859, 1.0, 0.882842712474619, 0.5765188209577117, 0.5342084433274925, 0.7715250551467709, 0.26347186640984777, 0.8038961967467184, 0.4714698407062744, 0.4964902913435728, 0.8975948805844232, 0.7963118214155394, 0.576907475658101, 0.386758161505804, 0.5365573165566148, 0.47786341412302047, 0.7456907908606256, 0.6892870539097846, 0.5879792831098578, 0.714297617187952, 0.5017765449003101, 0.6490264366907621, 0.6999566173218232, 0.3240905446161769, 1.0, 0.5111556732259859, 0.38315024898948147, 0.3683403311159409, 1.0, 0.5483858698628123, 0.7686443097434874, 0.6431227591816079, 0.8017397827309225, 0.06430709861041217, 0.8586064963566447, 0.19431575418362879, 0.6066855853913183, 0.9093279612505663, 0.3882203984945388, 0.5609260915878896, 0.6519266365055134, 1.0, 0.20034796016239415, 0.6125559617261662, 0.08869475457310907, 0.6793788456922385, 0.41585825915406704, 0.9092813183436577, 0.9237479530474457, 0.885801886423617, 0.2832792431456136, 0.15421129818718932, 0.9891483218006352, 0.7731012556269232, 1.0, 0.7970182644937875, 1.0, 0.5530199848772628, 0.5774963429007336, 1.0, 0.5519698034749387, 0.7553637155933474, 0.8525366466180964, 0.7883092393403118, 0.6628244028734973, 0.3610202619925232, 0.6392333266349789, 0.5402233947178415, 1.0, 0.075, 0.767477931967225, 0.40660822240095185, 1.0, 0.47180509653022784, 0.9039342742606371, 0.6903510788203177, 0.7541431361904901, 0.8357967156935899, 0.6289313661614635, 0.6274291432334721, 0.676275735434565, 0.3714764154580026, 0.09999999999999999, 0.29080814539619515, 1.0, 1.0, 0.6320615067866382, 0.12112167548949862, 0.593328204480502, 1.0, 0.7418205419054216, 0.0, 0.5704690849699224, 0.5705557495072049, 0.6129938455930134, 0.64272438732935, 1.0, 0.4750396208139368, 0.5927200451626766, 0.15, 0.6943374616428324, 1.0, 0.5935953316032341, 0.5992413083109663, 1.0, 0.7969743810233871, 0.49935498108571197, 0.13601162290160312, 0.6652135917851547, 0.7144948346694379, 0.7543841330490832, 0.6173480165831692, 0.6148576874551961, 0.8824709043482357, 0.23687288125023864, 0.03115588878443292, 0.5745852221368928, 1.0, 0.38183354569032213, 0.9728592687718631, 0.8661547359011423, 0.3259403648918202, 0.5334147323445907, 0.9292132304382279, 0.6376288368886729, 0.9320894171538912, 0.5827243873293501, 0.8205326290822457, 1.0, 1.0, 0.6995228788727517, 0.7135428903906851, 0.7811990674748787, 0.28605185738761973, 0.6983761581889011, 0.8603738717856269, 0.8102736261199102, 0.8386800272334847, 0.3339955250179895, 0.6838528189756714, 0.5470783037679993, 0.5149139863647084, 0.7065605978001186, 0.859655200961138, 0.5408401405239117, 0.6780323751412478, 0.5801154532856382, 0.3831939362196469, 0.5561717321189377, 0.4861819120064648, 0.617098062347059, 0.7076923076923076, 0.8642470965743208, 0.3166508010405151, 0.04362372606317965, 1.0, 0.07944994767545024, 0.8249365300761395, 0.30410225109429134, 0.7569706667451968, 1.0, 0.13337173484667555, 0.7776444295139451, 0.565671952352334, 0.8857441887419302, 0.5824710111837532, 0.8164562066675629, 1.0, 1.0, 0.5252887122558813, 1.0, 0.6162109760811862, 0.3445683217133939, 0.8586654659334061, 0.8113498738634284, 0.6, 0.33036017439379955, 0.48676489763808506, 0.3965193255633748, 1.0, 0.6290960494103124, 0.8150666162955742, 0.5335665191868353, 0.6190128819697975, 0.6573831527026088, 0.19794175949732912]
Finish training and take 15m
