Namespace(log_name='./RQ5/tfix_900_1/codet5p_770m_f.log', model_name='Salesforce/codet5p-770m', lang='javascript', output_dir='RQ5/tfix_900_1/codet5p_770m_f', data_dir='./data/RQ5/tfix_900_1', no_cuda=False, visible_gpu='0', add_task_prefix=False, add_lang_ids=False, num_train_epochs=10, num_test_epochs=10, train_batch_size=4, eval_batch_size=4, gradient_accumulation_steps=2, load_model_path=None, config_name='', tokenizer_name='', max_source_length=512, max_target_length=512, warm_up_ratio=0.1, do_train=True, do_eval=True, do_test=True, do_lower_case=False, learning_rate=5e-05, beam_size=10, weight_decay=0.0, adam_epsilon=1e-08, max_grad_norm=1.0, max_steps=-1, eval_steps=-1, train_steps=-1, local_rank=-1, seed=42, early_stop_threshold=2)
Process rank: -1, device: cuda, n_gpu: 1, distributed training: False, model_name: Salesforce/codet5p-770m
model created!
Total 900 training instances 
***** Running training *****
  Num examples = 900
  Batch size = 4
  Num epoch = 10

***** Running evaluation *****
  Num examples = 100
  Batch size = 4
  epoch = 0
  eval_ppl = 1.00435
  global_step = 226
  train_loss = 0.6806
  ********************
Previous best ppl:inf
Achieve Best ppl:1.00435
  ********************
BLEU file: ./data/RQ5/tfix_900_1/validation.jsonl
  codebleu-4 = 62.6 	 Previous best codebleu 0
  ********************
 Achieve Best bleu:62.6
  ********************

***** Running evaluation *****
  Num examples = 100
  Batch size = 4
  epoch = 1
  eval_ppl = 1.00449
  global_step = 451
  train_loss = 0.3322
  ********************
Previous best ppl:1.00435
BLEU file: ./data/RQ5/tfix_900_1/validation.jsonl
  codebleu-4 = 63.25 	 Previous best codebleu 62.6
  ********************
 Achieve Best bleu:63.25
  ********************

***** Running evaluation *****
  Num examples = 100
  Batch size = 4
  epoch = 2
  eval_ppl = 1.00534
  global_step = 676
  train_loss = 0.2406
  ********************
Previous best ppl:1.00435
BLEU file: ./data/RQ5/tfix_900_1/validation.jsonl
  codebleu-4 = 58.68 	 Previous best codebleu 63.25
  ********************

***** Running evaluation *****
  Num examples = 100
  Batch size = 4
  epoch = 3
  eval_ppl = 1.00571
  global_step = 901
  train_loss = 0.1385
  ********************
Previous best ppl:1.00435
BLEU file: ./data/RQ5/tfix_900_1/validation.jsonl
  codebleu-4 = 57.88 	 Previous best codebleu 63.25
  ********************
reload model from RQ5/tfix_900_1/codet5p_770m_f/checkpoint-best-bleu
BLEU file: ./data/RQ5/tfix_900_1/test.jsonl
  codebleu = 63.24 
  Total = 500 
  Exact Fixed = 83 
[14, 16, 21, 22, 31, 32, 42, 49, 53, 58, 64, 68, 69, 76, 78, 91, 92, 93, 101, 103, 107, 109, 117, 119, 121, 124, 131, 133, 135, 137, 140, 143, 145, 161, 162, 177, 184, 185, 200, 201, 205, 212, 219, 224, 233, 235, 236, 253, 260, 263, 265, 282, 289, 297, 306, 307, 310, 313, 314, 316, 333, 339, 343, 350, 356, 367, 371, 399, 400, 401, 404, 411, 416, 444, 446, 462, 472, 482, 483, 485, 489, 491, 494]
  Syntax Fixed = 8 
[30, 33, 127, 163, 180, 218, 369, 417]
  Cleaned Fixed = 2 
[70, 238]
  ********************
  Total = 500 
  Exact Fixed = 83 
[14, 16, 21, 22, 31, 32, 42, 49, 53, 58, 64, 68, 69, 76, 78, 91, 92, 93, 101, 103, 107, 109, 117, 119, 121, 124, 131, 133, 135, 137, 140, 143, 145, 161, 162, 177, 184, 185, 200, 201, 205, 212, 219, 224, 233, 235, 236, 253, 260, 263, 265, 282, 289, 297, 306, 307, 310, 313, 314, 316, 333, 339, 343, 350, 356, 367, 371, 399, 400, 401, 404, 411, 416, 444, 446, 462, 472, 482, 483, 485, 489, 491, 494]
  Syntax Fixed = 8 
[30, 33, 127, 163, 180, 218, 369, 417]
  Cleaned Fixed = 2 
[70, 238]
  codebleu = 63.24 
[0.36593621655465947, 0.6880842976544802, 0.8415580218210685, 0.5451417837590342, 0.3519980391978243, 0.8216460780407606, 0.4973931270915492, 0.9223646399080125, 0.794039094142812, 0.03614056426547217, 0.824425175651095, 0.07195561498007304, 0.41098467419516377, 0.8114529051148651, 0.5552663132771515, 1.0, 0.6769972928294736, 0.3416265496309229, 0.5701122864094044, 0.41764356051478946, 1.0, 0.8249365300761395, 0.5570177454869844, 0.5058144125160369, 0.35933142821865177, 0.8465532719298088, 0.5428297584838295, 0.6287206814660993, 0.3981394976554918, 0.6371808959162841, 1.0, 1.0, 0.9266829146927709, 0.621862347508016, 0.30209781994840157, 0.45040497426175063, 0.8774634481857526, 0.26493187938965956, 0.8853031368082722, 0.5596414762602546, 0.4427200451626767, 0.9891483218006352, 0.7122853668557851, 0.6785036503543816, 0.8356274376774735, 0.9431571237072573, 0.2558003592103332, 0.5131719780745918, 1.0, 0.5070852112103202, 0.6764153597097089, 0.5563385782378045, 1.0, 0.8696847134058581, 0.6972421855465254, 0.396349572956634, 0.8191441569283882, 1.0, 0.45715804963968226, 0.6273520828335467, 0.4905880158658711, 0.5854978414909923, 0.8120067835696363, 0.9891483218006352, 0.6584954809996141, 0.9260406910477721, 0.49330171021453717, 1.0, 1.0, 0.5419030125648916, 0.5129834344293507, 0.6206334767740918, 0.13351124948089702, 0.5843871292056362, 0.6523132290596774, 1.0, 0.4633952190026858, 1.0, 0.6033316275631087, 0.6884734483714399, 0.8261420415269246, 0.7328602200025534, 0.6901940524102714, 0.651535222322672, 0.7148321218614053, 0.6564216156096869, 0.588804774838485, 0.6193215043761717, 0.20454104701956843, 0.7477155961041466, 0.9891483218006352, 1.0, 0.8114529051148651, 0.7759778505057264, 0.4122631192408515, 0.6745410470195684, 0.7887437726770301, 0.3187366733943714, 0.6738294538682802, 0.9266829146927709, 0.9891483218006352, 0.6416532852733938, 1.0, 0.6619495444033419, 0.788657568025789, 0.6265958401383632, 1.0, 0.8165273869902545, 0.7135428903906851, 0.712525195562845, 0.8974634481857526, 0.7347169240849791, 0.6181634302376205, 0.6245487261605229, 0.5973322847739725, 0.6357741351064675, 0.8255980153481091, 0.6221584174428315, 0.8114529051148651, 0.7506656240001803, 1.0, 0.0731716191316424, 0.8027763266824628, 1.0, 0.6322722651227868, 0.5774149680292889, 0.6402562811128987, 0.556487662226795, 0.5523753896742678, 0.02357226111775114, 0.8114529051148651, 0.5811409219639153, 1.0, 0.884411967378405, 1.0, 0.2298355357735218, 1.0, 0.704138988439773, 0.42984444596533256, 1.0, 0.5342366061507683, 0.8210792559188957, 1.0, 0.5844496694137683, 1.0, 0.762178754714643, 0.6356366550955073, 0.3220441896378171, 0.5157990952074163, 0.5365573165566148, 0.8132623593969441, 0.7026136760976884, 0.5815599761296044, 0.6536911179244789, 0.22195561498007305, 0.8330693404648544, 0.6712302104522061, 0.5390272275654318, 0.3253313725311576, 0.37505464220041385, 1.0, 0.8114529051148651, 0.8309469264425191, 0.4471047149903593, 0.5142742735155721, 0.003157006751173676, 0.32933938036807797, 0.48074569931823535, 0.5264886858900315, 0.6625508357540224, 0.521955614980073, 0.5009596020209375, 0.027660853979899265, 0.28137597527686664, 0.6157132877459149, 0.7612632376061872, 1.0, 0.35586539345697804, 0.9039342742606371, 0.6147491771796385, 0.06808859345352361, 0.27195561498007303, 0.571700750841684, 1.0, 1.0, 0.6006394976554918, 0.30748037327168487, 0.5334567982413204, 0.36857333884076315, 0.636964721661222, 0.7163791393142085, 0.220561060490372, 0.44478640618236376, 0.597415144816797, 0.0, 0.11523607763797766, 0.8821296454239946, 0.4199236174034782, 0.47066590556609605, 0.8114529051148651, 1.0, 0.33660944616115085, 0.8387838840911439, 0.9130169160146575, 1.0, 0.7417094915222344, 0.40670333894751753, 0.8364888019480634, 0.7623676872921671, 0.5575523755474183, 0.5550049310474542, 1.0, 0.8034443090225696, 0.5193520535404479, 0.625500606374912, 0.7451384298635613, 0.7423958127221755, 0.6888724788208753, 0.8249365300761395, 0.8291884689534064, 0.21100892280323053, 0.5924424048742483, 0.0, 1.0, 0.5179941066816084, 0.6764521339583973, 0.7301961448188755, 0.0, 0.6092728765398896, 0.5354481856728994, 0.0, 0.5566984938224081, 1.0, 0.44495496280554436, 1.0, 1.0, 0.3305982337929354, 0.926999107548798, 0.5707889899003138, 0.11388854364080461, 0.7954935638657621, 0.980720400721969, 0.6816516540863148, 0.8845572237610086, 0.7302007404183433, 0.2505742404217245, 0.3449411645032098, 0.7896006392880524, 0.4432027101248005, 0.4880643436843766, 0.08233507301898058, 0.36226804990029327, 1.0, 0.43096007508570255, 0.6135266983738146, 0.6903510788203177, 0.5695939886293169, 0.6621972033110958, 0.3703988534694904, 1.0, 0.6661547359011424, 0.8255012633110868, 1.0, 0.8300792809207385, 1.0, 0.3479873921876942, 0.6176873053131037, 0.503404575411008, 0.8513726633741598, 0.6661120443406857, 0.2686440624833288, 0.8134557045901138, 0.4237755479780052, 0.5530961802727408, 0.8736081095465102, 0.8754885404711962, 0.6380494339604623, 0.8643234750474205, 0.07153421598018944, 0.2923083608934159, 0.6196263559246291, 1.0, 0.9033331043272477, 0.5847385307544747, 0.4199236174034782, 0.4920065612908803, 0.7970182644937875, 0.27685364637174004, 1.0, 0.6489448749779825, 0.6558003592103332, 0.9130169160146575, 0.34505477483848507, 0.39969884422068214, 0.5030199848772627, 0.5381429054415754, 1.0, 0.8291884689534064, 0.47180509653022784, 0.645572933254816, 0.4887096364908238, 0.0, 0.7240472661630808, 0.7358502882945588, 0.6324794353697702, 1.0, 1.0, 0.8178607431385985, 0.620688256491589, 1.0, 0.45222870310832236, 0.5383089748131177, 1.0, 1.0, 0.6887796716807859, 1.0, 0.11036502001078737, 0.5765188209577117, 0.5342084433274925, 0.8642470965743208, 0.26347186640984777, 0.8038961967467184, 0.4714698407062744, 0.4385024547780274, 0.8475948805844231, 0.7431916688758325, 0.48164043531806466, 0.43732658824904136, 0.5365573165566148, 0.6767665906446396, 0.7456907908606256, 0.6892870539097846, 1.0, 0.714297617187952, 0.6517765449003101, 0.70248174129905, 0.5791809210596278, 0.3240905446161769, 1.0, 0.5111556732259859, 0.38315024898948147, 0.04755780501774751, 1.0, 0.5483858698628123, 0.7686443097434874, 0.6431227591816079, 0.8017397827309225, 0.10175881749697105, 0.47027222037171634, 1.0, 0.6066855853913183, 0.5961439611994732, 0.3882203984945388, 0.5609260915878896, 0.6519266365055134, 1.0, 0.20034796016239415, 0.6125559617261662, 0.33985271067894746, 0.6793788456922385, 0.4079873921876942, 0.9092813183436577, 0.9237479530474457, 0.885801886423617, 0.4121673239558469, 0.15421129818718932, 0.9891483218006352, 0.590165142943764, 0.756047661202274, 0.6417820909228815, 1.0, 0.5530199848772628, 0.5774963429007336, 0.6440402062564252, 0.5519698034749387, 0.7553637155933474, 0.8525366466180964, 0.7883092393403118, 0.5038691631138189, 0.3610202619925232, 0.6392333266349789, 0.3035781748843951, 0.6479310761565501, 0.075, 0.767477931967225, 0.40660822240095185, 0.31073389088669934, 0.47180509653022784, 0.9039342742606371, 0.4807306109391572, 0.5419380269471383, 0.8357967156935899, 0.8379784880822061, 0.5845720003763292, 0.43985271067894743, 0.3714764154580026, 0.09999999999999999, 0.5353082743436026, 1.0, 1.0, 1.0, 0.1672690132839627, 0.5063834732536062, 1.0, 0.7418205419054216, 0.0, 0.5704690849699224, 0.5671035617046176, 0.5139489392271853, 0.64272438732935, 1.0, 0.43512351342372024, 0.5927200451626766, 0.15, 0.8274439404865632, 1.0, 0.6883445952773863, 0.5992413083109663, 0.3873601440153337, 0.7969743810233871, 0.5122121239428549, 0.27195561498007303, 0.7148321218614053, 0.7144948346694379, 0.7372412759062261, 0.7471768962130685, 0.6607530176165711, 0.7675814744411348, 0.23687288125023864, 0.03115588878443292, 0.5745852221368928, 0.37668959821497894, 0.38183354569032213, 0.8425480047968843, 0.8661547359011423, 0.3259403648918202, 0.5334147323445907, 0.7900907759992399, 0.6804859797458157, 0.9320894171538912, 0.5827243873293501, 0.8205326290822457, 0.6801359448960247, 1.0, 0.6995228788727517, 0.7135428903906851, 0.7811990674748787, 0.3348905998834895, 0.6983761581889011, 0.7401287898502638, 0.7539027915539327, 0.8386800272334847, 0.38778187550634335, 0.5901533455185206, 0.5470783037679993, 0.5149139863647084, 0.7065605978001186, 0.859655200961138, 0.519204530886987, 0.6780323751412478, 0.5801154532856382, 0.9891483218006352, 0.5561717321189377, 0.4861819120064648, 0.6545980623470591, 0.7076923076923076, 0.8642470965743208, 0.3166508010405151, 0.04362372606317965, 0.8072438843453339, 0.07944994767545024, 0.8249365300761395, 0.45530827434360255, 0.7188755156818893, 0.7191441569283882, 0.13337173484667555, 0.7776444295139451, 0.3407709876781475, 0.8857441887419302, 0.5824710111837532, 0.8164562066675629, 1.0, 1.0, 0.4952887122558812, 1.0, 0.6162109760811862, 0.3582211682752997, 0.8586654659334061, 0.8113498738634284, 0.0, 1.0, 0.48302155435731664, 0.41481275783721583, 1.0, 0.6290960494103124, 0.6330213220083067, 0.5335665191868353, 0.6190128819697975, 0.35508351850567155, 0.17775375390483888]
Finish training and take 25m
