Namespace(log_name='./RQ5/sstubs_700_2/codet5p_770m_f.log', model_name='Salesforce/codet5p-770m', lang='java', output_dir='RQ5/sstubs_700_2/codet5p_770m_f', data_dir='./data/RQ5/sstubs_700_2', no_cuda=False, visible_gpu='0', add_task_prefix=False, add_lang_ids=False, num_train_epochs=10, num_test_epochs=10, train_batch_size=4, eval_batch_size=4, gradient_accumulation_steps=2, load_model_path=None, config_name='', tokenizer_name='', max_source_length=512, max_target_length=512, warm_up_ratio=0.1, do_train=True, do_eval=True, do_test=True, do_lower_case=False, learning_rate=5e-05, beam_size=10, weight_decay=0.0, adam_epsilon=1e-08, max_grad_norm=1.0, max_steps=-1, eval_steps=-1, train_steps=-1, local_rank=-1, seed=42, early_stop_threshold=2)
Process rank: -1, device: cuda, n_gpu: 1, distributed training: False, model_name: Salesforce/codet5p-770m
model created!
Total 700 training instances 
***** Running training *****
  Num examples = 700
  Batch size = 4
  Num epoch = 10

***** Running evaluation *****
  Num examples = 100
  Batch size = 4
  epoch = 0
  eval_ppl = 1.0004
  global_step = 176
  train_loss = 0.2473
  ********************
Previous best ppl:inf
Achieve Best ppl:1.0004
  ********************
BLEU file: ./data/RQ5/sstubs_700_2/validation.jsonl
  codebleu-4 = 93.86 	 Previous best codebleu 0
  ********************
 Achieve Best bleu:93.86
  ********************

***** Running evaluation *****
  Num examples = 100
  Batch size = 4
  epoch = 1
  eval_ppl = 1.00036
  global_step = 351
  train_loss = 0.0516
  ********************
Previous best ppl:1.0004
Achieve Best ppl:1.00036
  ********************
BLEU file: ./data/RQ5/sstubs_700_2/validation.jsonl
  codebleu-4 = 93.68 	 Previous best codebleu 93.86
  ********************

***** Running evaluation *****
  Num examples = 100
  Batch size = 4
  epoch = 2
  eval_ppl = 1.00041
  global_step = 526
  train_loss = 0.0251
  ********************
Previous best ppl:1.00036
BLEU file: ./data/RQ5/sstubs_700_2/validation.jsonl
  codebleu-4 = 94.05 	 Previous best codebleu 93.86
  ********************
 Achieve Best bleu:94.05
  ********************

***** Running evaluation *****
  Num examples = 100
  Batch size = 4
  epoch = 3
  eval_ppl = 1.00043
  global_step = 701
  train_loss = 0.0122
  ********************
Previous best ppl:1.00036
BLEU file: ./data/RQ5/sstubs_700_2/validation.jsonl
  codebleu-4 = 93.17 	 Previous best codebleu 94.05
  ********************

***** Running evaluation *****
  Num examples = 100
  Batch size = 4
  epoch = 4
  eval_ppl = 1.00041
  global_step = 876
  train_loss = 0.018
  ********************
Previous best ppl:1.00036
BLEU file: ./data/RQ5/sstubs_700_2/validation.jsonl
  codebleu-4 = 94.45 	 Previous best codebleu 94.05
  ********************
 Achieve Best bleu:94.45
  ********************

***** Running evaluation *****
  Num examples = 100
  Batch size = 4
  epoch = 5
  eval_ppl = 1.00045
  global_step = 1051
  train_loss = 0.006
  ********************
Previous best ppl:1.00036
BLEU file: ./data/RQ5/sstubs_700_2/validation.jsonl
  codebleu-4 = 94.9 	 Previous best codebleu 94.45
  ********************
 Achieve Best bleu:94.9
  ********************

***** Running evaluation *****
  Num examples = 100
  Batch size = 4
  epoch = 6
  eval_ppl = 1.00047
  global_step = 1226
  train_loss = 0.0028
  ********************
Previous best ppl:1.00036
BLEU file: ./data/RQ5/sstubs_700_2/validation.jsonl
  codebleu-4 = 95.12 	 Previous best codebleu 94.9
  ********************
 Achieve Best bleu:95.12
  ********************

***** Running evaluation *****
  Num examples = 100
  Batch size = 4
  epoch = 7
  eval_ppl = 1.00046
  global_step = 1401
  train_loss = 0.0025
  ********************
Previous best ppl:1.00036
BLEU file: ./data/RQ5/sstubs_700_2/validation.jsonl
  codebleu-4 = 95.08 	 Previous best codebleu 95.12
  ********************

***** Running evaluation *****
  Num examples = 100
  Batch size = 4
  epoch = 8
  eval_ppl = 1.00047
  global_step = 1576
  train_loss = 0.0017
  ********************
Previous best ppl:1.00036
BLEU file: ./data/RQ5/sstubs_700_2/validation.jsonl
  codebleu-4 = 94.93 	 Previous best codebleu 95.12
  ********************
reload model from RQ5/sstubs_700_2/codet5p_770m_f/checkpoint-best-bleu
BLEU file: ./data/RQ5/sstubs_700_2/test.jsonl
  codebleu = 94.94 
  Total = 500 
  Exact Fixed = 317 
[2, 3, 5, 6, 7, 8, 9, 11, 14, 16, 17, 18, 19, 20, 22, 24, 25, 27, 28, 29, 34, 37, 38, 39, 40, 41, 42, 44, 49, 52, 55, 59, 60, 61, 63, 65, 66, 67, 68, 69, 72, 74, 76, 77, 78, 80, 81, 83, 85, 86, 87, 88, 89, 90, 91, 92, 93, 94, 95, 97, 98, 99, 100, 104, 105, 110, 111, 113, 114, 115, 116, 120, 122, 124, 126, 127, 128, 130, 131, 132, 133, 134, 135, 137, 139, 141, 142, 143, 144, 145, 146, 149, 150, 151, 153, 154, 155, 156, 157, 160, 163, 164, 165, 166, 167, 169, 171, 173, 174, 175, 177, 178, 181, 182, 184, 185, 189, 190, 191, 192, 194, 196, 198, 199, 200, 201, 202, 203, 204, 208, 209, 211, 215, 216, 217, 220, 221, 223, 224, 226, 227, 228, 233, 234, 236, 239, 240, 241, 242, 243, 244, 245, 248, 249, 250, 251, 252, 253, 254, 255, 256, 257, 258, 259, 262, 263, 265, 266, 268, 269, 270, 274, 276, 277, 280, 281, 283, 284, 287, 288, 291, 294, 295, 297, 298, 299, 300, 302, 303, 307, 308, 309, 310, 312, 313, 314, 317, 319, 322, 323, 324, 325, 326, 327, 328, 329, 332, 334, 338, 340, 341, 344, 345, 346, 347, 348, 350, 351, 353, 354, 355, 357, 361, 362, 363, 364, 366, 367, 368, 369, 370, 371, 374, 378, 379, 380, 382, 383, 385, 386, 387, 388, 389, 392, 394, 395, 398, 399, 400, 401, 402, 403, 406, 407, 408, 409, 411, 412, 413, 414, 415, 416, 420, 421, 424, 425, 426, 428, 430, 431, 432, 437, 438, 439, 442, 443, 444, 445, 447, 449, 450, 451, 453, 454, 455, 456, 458, 459, 460, 461, 462, 463, 464, 465, 466, 467, 468, 470, 471, 472, 474, 475, 478, 479, 480, 481, 482, 484, 485, 486, 488, 489, 490, 491, 493, 497, 500]
  Syntax Fixed = 1 
[48]
  Cleaned Fixed = 0 
[]
  ********************
  Total = 500 
  Exact Fixed = 317 
[2, 3, 5, 6, 7, 8, 9, 11, 14, 16, 17, 18, 19, 20, 22, 24, 25, 27, 28, 29, 34, 37, 38, 39, 40, 41, 42, 44, 49, 52, 55, 59, 60, 61, 63, 65, 66, 67, 68, 69, 72, 74, 76, 77, 78, 80, 81, 83, 85, 86, 87, 88, 89, 90, 91, 92, 93, 94, 95, 97, 98, 99, 100, 104, 105, 110, 111, 113, 114, 115, 116, 120, 122, 124, 126, 127, 128, 130, 131, 132, 133, 134, 135, 137, 139, 141, 142, 143, 144, 145, 146, 149, 150, 151, 153, 154, 155, 156, 157, 160, 163, 164, 165, 166, 167, 169, 171, 173, 174, 175, 177, 178, 181, 182, 184, 185, 189, 190, 191, 192, 194, 196, 198, 199, 200, 201, 202, 203, 204, 208, 209, 211, 215, 216, 217, 220, 221, 223, 224, 226, 227, 228, 233, 234, 236, 239, 240, 241, 242, 243, 244, 245, 248, 249, 250, 251, 252, 253, 254, 255, 256, 257, 258, 259, 262, 263, 265, 266, 268, 269, 270, 274, 276, 277, 280, 281, 283, 284, 287, 288, 291, 294, 295, 297, 298, 299, 300, 302, 303, 307, 308, 309, 310, 312, 313, 314, 317, 319, 322, 323, 324, 325, 326, 327, 328, 329, 332, 334, 338, 340, 341, 344, 345, 346, 347, 348, 350, 351, 353, 354, 355, 357, 361, 362, 363, 364, 366, 367, 368, 369, 370, 371, 374, 378, 379, 380, 382, 383, 385, 386, 387, 388, 389, 392, 394, 395, 398, 399, 400, 401, 402, 403, 406, 407, 408, 409, 411, 412, 413, 414, 415, 416, 420, 421, 424, 425, 426, 428, 430, 431, 432, 437, 438, 439, 442, 443, 444, 445, 447, 449, 450, 451, 453, 454, 455, 456, 458, 459, 460, 461, 462, 463, 464, 465, 466, 467, 468, 470, 471, 472, 474, 475, 478, 479, 480, 481, 482, 484, 485, 486, 488, 489, 490, 491, 493, 497, 500]
  Syntax Fixed = 1 
[48]
  Cleaned Fixed = 0 
[]
  codebleu = 94.94 
[0.7633002255730409, 1.0, 1.0, 0.9185731297936414, 1.0, 1.0, 1.0, 1.0, 1.0, 0.940598945729278, 1.0, 0.8222725521291268, 0.8056751756510949, 1.0, 0.9379000213102209, 1.0, 1.0, 1.0, 1.0, 1.0, 0.8158463815378669, 1.0, 0.8707360186992235, 1.0, 1.0, 0.9830124435719327, 1.0, 1.0, 1.0, 0.9472873156881443, 0.8965296466431494, 0.822851316815723, 0.9676665036259338, 1.0, 0.9141000841539659, 0.9497803698317798, 1.0, 1.0, 1.0, 1.0, 1.0, 1.0, 0.8186396203812509, 1.0, 0.9145980101874507, 0.7350948805844232, 0.8837596471648165, 0.9778171304985477, 1.0, 0.6861542078368468, 0.7700187099523877, 1.0, 0.8953661348226227, 0.896013967469204, 1.0, 0.9262222844116816, 0.6844970446989288, 0.8986766170158926, 1.0, 1.0, 1.0, 0.9213836287468253, 1.0, 0.9765440084058021, 1.0, 1.0, 1.0, 1.0, 1.0, 0.793975543926688, 0.9637364956234171, 1.0, 0.947461659207192, 1.0, 0.6731716191316424, 1.0, 1.0, 1.0, 0.8955980328281301, 1.0, 1.0, 0.8387796716807858, 1.0, 0.8509375537645314, 1.0, 1.0, 1.0, 1.0, 1.0, 1.0, 1.0, 1.0, 1.0, 1.0, 1.0, 0.8755729917407291, 1.0, 1.0, 1.0, 1.0, 0.8803078606169892, 0.6268736649990799, 0.8194184206145404, 1.0, 1.0, 0.9166076129557432, 0.900291645780765, 0.6731716191316424, 0.8952738864082956, 1.0, 1.0, 0.936923058378295, 1.0, 1.0, 1.0, 1.0, 0.9685775421736089, 0.6577095841418729, 0.8399114554115357, 1.0, 0.8665518607362566, 1.0, 0.9188441984944269, 1.0, 0.9631318837364407, 1.0, 1.0, 1.0, 0.8949975756542023, 1.0, 1.0, 1.0, 1.0, 1.0, 1.0, 0.5288056133514245, 1.0, 0.9500330416345475, 1.0, 0.5288056133514245, 1.0, 1.0, 1.0, 1.0, 1.0, 1.0, 0.33813904740865275, 0.9145980101874507, 1.0, 1.0, 1.0, 0.551623347703528, 1.0, 1.0, 1.0, 1.0, 1.0, 0.928067052222928, 0.9830124435719327, 1.0, 0.8194184206145404, 0.9437985500759485, 1.0, 1.0, 1.0, 1.0, 1.0, 0.7549491302505903, 1.0, 0.719859844317331, 1.0, 0.9274843030447293, 1.0, 1.0, 1.0, 0.8502922128002239, 1.0, 1.0, 0.8531462888634065, 0.9394161339970881, 1.0, 1.0, 0.9274183912964096, 1.0, 1.0, 0.8263400048588452, 0.8535087661549325, 0.9090440252597953, 1.0, 1.0, 1.0, 1.0, 0.9409971826312629, 1.0, 0.7893634042993762, 1.0, 0.936752055107628, 1.0, 1.0, 1.0, 1.0, 1.0, 1.0, 1.0, 0.681072945544059, 0.9535682301774412, 0.9072571488256155, 1.0, 1.0, 0.9423336766250601, 1.0, 0.7580872316433492, 0.9748004580725187, 0.8161370231471203, 1.0, 1.0, 1.0, 0.8689975336408694, 0.9468351265733028, 1.0, 1.0, 0.9711766444291812, 1.0, 1.0, 0.7130825083995453, 1.0, 1.0, 1.0, 0.9201281281538001, 0.956257978060336, 0.9830124435719327, 0.6229661941006033, 1.0, 1.0, 0.970114879479065, 1.0, 0.9648671636281552, 0.9433841701658863, 1.0, 1.0, 1.0, 1.0, 1.0, 1.0, 1.0, 0.9335768064861663, 0.9675420713984233, 1.0, 1.0, 1.0, 1.0, 1.0, 1.0, 1.0, 1.0, 1.0, 1.0, 1.0, 1.0, 0.7554783858090635, 0.7165518607362565, 1.0, 1.0, 0.7618988228386825, 1.0, 1.0, 0.776008572810357, 1.0, 1.0, 1.0, 0.8235575849230793, 0.8503702572357017, 0.957982876787582, 1.0, 0.8766838569604545, 1.0, 1.0, 0.6229661941006033, 0.9211131842675646, 1.0, 1.0, 0.9608514269956967, 1.0, 1.0, 0.8991143708627416, 0.9213836287468253, 1.0, 1.0, 0.9108242908590016, 0.8671763677889426, 1.0, 0.9059642451028274, 0.8131726792272671, 1.0, 1.0, 0.6731716191316424, 1.0, 1.0, 1.0, 1.0, 0.6925131239952165, 1.0, 1.0, 0.9267781561900292, 0.7486246705124127, 0.9355163382076239, 1.0, 1.0, 1.0, 1.0, 0.9090440252597953, 1.0, 1.0, 1.0, 0.9270405384522935, 0.8977185688720069, 1.0, 0.8848468039511168, 1.0, 0.9498733743967636, 0.9630476148256921, 1.0, 1.0, 1.0, 1.0, 1.0, 1.0, 1.0, 1.0, 0.9155105345510666, 0.954646559321255, 1.0, 0.6776464558458859, 1.0, 0.8545547583494355, 0.7491375710149024, 0.8845572237610086, 1.0, 0.5666302487737696, 1.0, 1.0, 0.8606751756510949, 0.9458437299692191, 0.8114529051148651, 1.0, 1.0, 1.0, 1.0, 0.6103531181632182, 1.0, 1.0, 0.8731838768910194, 1.0, 1.0, 1.0, 0.7026615485512439, 1.0, 0.8674435206185069, 0.9241497117221709, 0.892387748772268, 1.0, 1.0, 1.0, 1.0, 0.8750501938749425, 1.0, 1.0, 1.0, 1.0, 1.0, 1.0, 0.8149139863647084, 0.7383403869893825, 1.0, 0.8632148025904984, 0.9581095565874824, 0.9660210594050409, 1.0, 1.0, 1.0, 0.8045788816545087, 1.0, 1.0, 0.9266829146927709, 1.0, 1.0, 1.0, 1.0, 1.0, 0.9394161339970881, 0.8357712991769117, 1.0, 0.9471695160234401, 1.0, 1.0, 0.9656973569421463, 0.9471695160234401, 1.0, 1.0, 1.0, 1.0, 1.0, 1.0, 0.9330025176535663, 0.9524183912964097, 1.0, 1.0, 1.0, 1.0, 0.7877842946802818, 1.0, 1.0, 1.0, 1.0, 1.0, 1.0, 0.9711218088844558, 0.8707360186992235, 0.940598945729278, 1.0, 1.0, 0.9072596014466381, 0.9746774581465578, 1.0, 1.0, 1.0, 0.8400553834135902, 1.0, 0.9698138929646263, 1.0, 1.0, 1.0, 0.9473839944401292, 0.851862659420344, 0.882842712474619, 0.7980551848499416, 1.0, 1.0, 1.0, 0.8940816483943355, 0.9361684767997713, 1.0, 1.0, 1.0, 1.0, 0.8472367293037075, 1.0, 0.9427895563342799, 1.0, 1.0, 1.0, 0.9602891460062635, 1.0, 1.0, 1.0, 1.0, 0.9052050509144789, 1.0, 1.0, 1.0, 1.0, 1.0, 1.0, 1.0, 1.0, 1.0, 1.0, 1.0, 0.9523104352365284, 1.0, 1.0, 1.0, 0.9408900847454558, 1.0, 1.0, 0.9660493922322488, 0.7876421850012838, 1.0, 1.0, 1.0, 1.0, 1.0, 0.8803078606169892, 1.0, 1.0, 1.0, 0.9023338728659691, 1.0, 1.0, 1.0, 1.0, 0.8399567083153396, 1.0, 0.9270405384522935, 0.8667343878768172, 0.8954473676666768, 1.0, 0.7292149374693833, 0.9435321610524647, 1.0]
Finish training and take 37m
