Namespace(log_name='./RQ5/sstubs_100_3/codet5p_770m.log', model_name='Salesforce/codet5p-770m', lang='java', output_dir='RQ5/sstubs_100_3/codet5p_770m', data_dir='./data/RQ5/sstubs_100_3', choice=0, no_cuda=False, visible_gpu='0', num_train_epochs=10, num_test_epochs=1, train_batch_size=4, eval_batch_size=4, gradient_accumulation_steps=1, load_model_path=None, config_name='', tokenizer_name='', max_source_length=512, max_target_length=512, warm_up_ratio=0.1, do_train=True, do_eval=True, do_test=True, freeze=False, learning_rate=5e-05, beam_size=10, weight_decay=0.0, adam_epsilon=1e-08, local_rank=-1, seed=42, early_stop_threshold=3)
Process rank: -1, device: cuda, n_gpu: 1, distributed training: False
Model created!!
[[{'text': '}      @Override     public void mouseClick() {          if (vizConfig.isSelectionEnable() && rectangleSelection && !customSelection) {              Rectangle rectangle = (Rectangle) currentSelectionArea;', 'loss_ids': 0, 'shortenable_ids': 1}, {'text': '<mask>', 'loss_ids': 1, 'shortenable_ids': 0}, {'text': 'is the fixed version', 'loss_ids': 0, 'shortenable_ids': 0}], {'guid': 0, 'tgt_text': '}      @Override     public synchronized void mouseClick() {          if (vizConfig.isSelectionEnable() && rectangleSelection && !customSelection) {              Rectangle rectangle = (Rectangle) currentSelectionArea;'}]
***** Running training *****
  Num examples = 100
  Batch size = 4
  Num epoch = 10

***** Running evaluation *****
  Num examples = 100
  Batch size = 4
  epoch = 0
  eval_ppl = 7.924533954952194e+300
  global_step = 26
  train_loss = 23.0458
  ********************
Previous best ppl:inf
Achieve Best ppl:7.924533954952194e+300
  ********************
BLEU file: ./data/RQ5/sstubs_100_3/validation.jsonl
  codebleu-4 = 88.61 	 Previous best codebleu 0
  ********************
 Achieve Best bleu:88.61
  ********************

***** Running evaluation *****
  Num examples = 100
  Batch size = 4
  epoch = 1
  eval_ppl = inf
  global_step = 51
  train_loss = 4.2089
  ********************
Previous best ppl:7.924533954952194e+300
BLEU file: ./data/RQ5/sstubs_100_3/validation.jsonl
  codebleu-4 = 92.56 	 Previous best codebleu 88.61
  ********************
 Achieve Best bleu:92.56
  ********************

***** Running evaluation *****
  Num examples = 100
  Batch size = 4
  epoch = 2
  eval_ppl = inf
  global_step = 76
  train_loss = 1.6669
  ********************
Previous best ppl:7.924533954952194e+300
BLEU file: ./data/RQ5/sstubs_100_3/validation.jsonl
  codebleu-4 = 92.16 	 Previous best codebleu 92.56
  ********************

***** Running evaluation *****
  Num examples = 100
  Batch size = 4
  epoch = 3
  eval_ppl = inf
  global_step = 101
  train_loss = 0.7793
  ********************
Previous best ppl:7.924533954952194e+300
BLEU file: ./data/RQ5/sstubs_100_3/validation.jsonl
  codebleu-4 = 92.52 	 Previous best codebleu 92.56
  ********************

***** Running evaluation *****
  Num examples = 100
  Batch size = 4
  epoch = 4
  eval_ppl = inf
  global_step = 126
  train_loss = 0.6531
  ********************
Previous best ppl:7.924533954952194e+300
BLEU file: ./data/RQ5/sstubs_100_3/validation.jsonl
  codebleu-4 = 92.52 	 Previous best codebleu 92.56
  ********************
early stopping!!!
reload model from RQ5/sstubs_100_3/codet5p_770m/checkpoint-best-bleu
BLEU file: ./data/RQ5/sstubs_100_3/test.jsonl
  codebleu = 93.36 
  Total = 500 
  Exact Fixed = 229 
[1, 2, 3, 4, 6, 8, 10, 12, 13, 17, 18, 19, 20, 24, 25, 26, 28, 29, 30, 36, 37, 38, 39, 50, 53, 54, 56, 57, 59, 64, 70, 75, 76, 80, 82, 85, 86, 88, 89, 90, 91, 92, 96, 99, 100, 102, 104, 106, 108, 110, 112, 115, 117, 120, 122, 126, 130, 135, 138, 139, 140, 141, 142, 147, 152, 153, 154, 155, 156, 157, 159, 160, 162, 164, 166, 168, 172, 176, 180, 183, 184, 188, 189, 192, 193, 199, 200, 202, 205, 207, 210, 213, 219, 221, 223, 224, 225, 227, 229, 231, 232, 236, 238, 243, 244, 246, 247, 249, 253, 255, 257, 258, 259, 265, 269, 274, 276, 278, 281, 282, 285, 287, 288, 290, 291, 292, 294, 295, 296, 298, 301, 303, 308, 311, 312, 313, 316, 318, 320, 321, 324, 325, 329, 330, 334, 337, 340, 341, 342, 343, 344, 346, 350, 354, 355, 357, 359, 360, 362, 364, 366, 367, 368, 370, 373, 374, 376, 377, 378, 379, 382, 383, 384, 386, 387, 388, 390, 392, 393, 396, 398, 402, 404, 405, 407, 408, 410, 412, 413, 418, 420, 424, 425, 428, 431, 432, 436, 440, 442, 444, 445, 446, 449, 450, 452, 453, 454, 457, 459, 460, 462, 465, 466, 467, 468, 469, 470, 474, 476, 477, 479, 481, 484, 486, 489, 490, 494, 496, 497]
  Syntax Fixed = 1 
[261]
  Cleaned Fixed = 1 
[289]
  ********************
  Total = 500 
  Exact Fixed = 229 
[1, 2, 3, 4, 6, 8, 10, 12, 13, 17, 18, 19, 20, 24, 25, 26, 28, 29, 30, 36, 37, 38, 39, 50, 53, 54, 56, 57, 59, 64, 70, 75, 76, 80, 82, 85, 86, 88, 89, 90, 91, 92, 96, 99, 100, 102, 104, 106, 108, 110, 112, 115, 117, 120, 122, 126, 130, 135, 138, 139, 140, 141, 142, 147, 152, 153, 154, 155, 156, 157, 159, 160, 162, 164, 166, 168, 172, 176, 180, 183, 184, 188, 189, 192, 193, 199, 200, 202, 205, 207, 210, 213, 219, 221, 223, 224, 225, 227, 229, 231, 232, 236, 238, 243, 244, 246, 247, 249, 253, 255, 257, 258, 259, 265, 269, 274, 276, 278, 281, 282, 285, 287, 288, 290, 291, 292, 294, 295, 296, 298, 301, 303, 308, 311, 312, 313, 316, 318, 320, 321, 324, 325, 329, 330, 334, 337, 340, 341, 342, 343, 344, 346, 350, 354, 355, 357, 359, 360, 362, 364, 366, 367, 368, 370, 373, 374, 376, 377, 378, 379, 382, 383, 384, 386, 387, 388, 390, 392, 393, 396, 398, 402, 404, 405, 407, 408, 410, 412, 413, 418, 420, 424, 425, 428, 431, 432, 436, 440, 442, 444, 445, 446, 449, 450, 452, 453, 454, 457, 459, 460, 462, 465, 466, 467, 468, 469, 470, 474, 476, 477, 479, 481, 484, 486, 489, 490, 494, 496, 497]
  Syntax Fixed = 1 
[261]
  Cleaned Fixed = 1 
[289]
  codebleu = 93.36 
[1.0, 1.0, 1.0, 0.9383643249569027, 0.9097764756119819, 1.0, 0.9211131842675646, 1.0, 0.534613777706259, 1.0, 0.894726759864654, 1.0, 1.0, 0.6766433148075119, 0.7356102848714182, 0.8632148025904984, 1.0, 1.0, 1.0, 1.0, 0.8194907652001931, 0.8606751756510949, 0.4900459007030502, 1.0, 1.0, 1.0, 0.793992508705015, 1.0, 1.0, 1.0, 0.881955507815954, 0.8853457989463581, 0.9372561368734473, 0.7624486727710713, 0.8642470965743208, 1.0, 1.0, 1.0, 1.0, 0.9725011474210121, 0.8961079319106557, 0.9495565333799167, 0.8755319098520675, 0.8368293296348667, 0.9409857702882689, 0.9543920430664012, 0.936752055107628, 0.9012977329022187, 0.8807613352737074, 1.0, 0.824857970462928, 0.9523104352365284, 1.0, 1.0, 0.850084905673596, 1.0, 1.0, 0.9509004453320677, 1.0, 0.9830124435719327, 0.9495565333799167, 0.9468351265733028, 0.8606751756510949, 1.0, 0.6919044591507169, 0.9230629786392028, 0.9403743010640047, 0.6526670151860275, 0.8279398471307313, 1.0, 0.8020772327457721, 0.8748733743967635, 0.9517008915274616, 0.805438392944647, 1.0, 1.0, 0.7859313812063606, 0.8133116091221643, 0.6040692180123179, 1.0, 0.8443321487505178, 1.0, 0.9441518237028776, 0.8676184836694505, 1.0, 1.0, 0.8318639417237366, 1.0, 1.0, 1.0, 1.0, 1.0, 0.9680975247490764, 0.7974231527991973, 0.7791113694407932, 1.0, 0.9637364956234171, 0.9830124435719327, 1.0, 1.0, 0.9207265089204273, 1.0, 0.944274958466798, 1.0, 0.8977573831682686, 1.0, 0.9019674110549458, 1.0, 0.9406018863753673, 1.0, 0.9629467492522685, 1.0, 0.9026321368482364, 0.8819717329833632, 1.0, 0.9254148295157925, 1.0, 0.7569116179787079, 0.9422672588258918, 1.0, 0.8642470965743208, 1.0, 0.9199861168443408, 0.8446183457471304, 0.9327938350960072, 1.0, 0.8313123185424158, 0.8519794527032583, 0.9044642401339957, 1.0, 0.9254148295157925, 0.9318351265733027, 0.7794837671257082, 0.987026696724848, 1.0, 0.9145980101874507, 0.8230900380038979, 1.0, 1.0, 1.0, 1.0, 1.0, 0.8986766170158926, 0.6566893810288812, 0.8016164190158708, 0.9562237378841005, 1.0, 0.894726759864654, 0.9058089637441036, 0.8145980101874506, 0.9567814728909636, 1.0, 1.0, 1.0, 1.0, 1.0, 1.0, 0.9507760445560913, 1.0, 1.0, 0.8911348720165329, 1.0, 0.9501570703145379, 1.0, 0.9352133283258579, 1.0, 0.8947836446510709, 1.0, 0.9008396714911473, 0.9616102999368312, 0.8337841808515074, 1.0, 0.9097764756119819, 0.8313412454774565, 0.8377253763997345, 1.0, 0.9120033353993269, 0.9523104352365284, 0.8667343878768172, 1.0, 0.9266829146927709, 0.8955980328281301, 1.0, 1.0, 0.9490051755223876, 0.8550920816519976, 0.8550920816519976, 1.0, 1.0, 0.775729444252817, 0.9321212086381336, 1.0, 1.0, 0.9354021130737269, 0.891318859382493, 0.8370789139713242, 0.9219188985107609, 0.8861839690750297, 1.0, 1.0, 0.9056583090096291, 1.0, 0.9257671218945684, 0.8064626894135283, 1.0, 0.8689975336408694, 1.0, 0.8777538763403605, 0.8655056700329364, 1.0, 0.8550025435147457, 0.8642470965743208, 1.0, 0.9507760445560913, 0.9655267507815484, 0.5850662816271308, 0.9830124435719327, 0.9104745446407605, 1.0, 0.726332468260181, 1.0, 0.8194370443702987, 1.0, 1.0, 1.0, 0.6642742735155721, 1.0, 0.7032349297460765, 1.0, 0.8933633833099063, 1.0, 1.0, 0.9830124435719327, 0.7808354890067706, 0.8439975336408694, 1.0, 0.901672684198352, 1.0, 0.7016265496309229, 0.9675420713984233, 0.9517008915274616, 0.5183895153674698, 1.0, 1.0, 0.8839519845504367, 1.0, 1.0, 0.9361684767997713, 1.0, 0.9583676774082095, 0.8969876166404993, 0.8019177091158687, 1.0, 0.8655948908847075, 1.0, 0.944274958466798, 1.0, 1.0, 1.0, 0.9600948805844232, 0.8951113478466783, 0.8540633215890829, 0.7854219053833142, 0.9456972075000312, 1.0, 0.8815929744551174, 0.8397142137521943, 0.9521775318277603, 1.0, 0.8370789139713242, 0.9141000841539659, 0.8397142137521943, 0.9044642401339957, 1.0, 0.9524183912964097, 1.0, 0.8887985956551486, 1.0, 0.8519348099950308, 0.9259881201117277, 1.0, 1.0, 0.9297407244356433, 0.9143879239397519, 1.0, 0.936752055107628, 1.0, 1.0, 0.9906717870211936, 1.0, 1.0, 1.0, 0.9165239329369728, 1.0, 1.0, 1.0, 0.9245037448286011, 1.0, 0.8775938189123087, 0.7016265496309229, 1.0, 0.9774278780598358, 1.0, 0.8446183457471304, 0.9449216567144265, 0.8861839690750297, 0.5850662816271308, 1.0, 0.9191518237028775, 0.7533050635111456, 1.0, 1.0, 1.0, 0.9620033353993269, 0.7663187022564415, 1.0, 0.804627845510314, 1.0, 0.8397142137521943, 1.0, 1.0, 0.9565292378112795, 0.924762622326577, 1.0, 1.0, 0.7991525576013956, 0.9441518237028776, 0.9045508804845042, 1.0, 1.0, 0.9427895563342799, 0.8886420415269245, 0.9657517567313276, 1.0, 0.8521105690558852, 0.8320856318465295, 1.0, 0.8730911354138612, 0.9436140613395863, 1.0, 1.0, 1.0, 1.0, 1.0, 0.8043093371590795, 1.0, 0.8821296454239946, 0.9498733743967636, 0.6229661941006033, 1.0, 0.859279267136342, 0.9061219331660904, 0.9076642269253836, 1.0, 1.0, 0.9583676774082095, 1.0, 0.5288056133514245, 1.0, 1.0, 0.9498733743967636, 1.0, 0.9018351265733028, 1.0, 0.9254148295157925, 1.0, 1.0, 1.0, 0.9498733743967636, 1.0, 0.9472873156881443, 0.948939479110037, 1.0, 1.0, 0.9572615927227479, 1.0, 1.0, 1.0, 1.0, 0.9690470390182255, 0.8, 1.0, 1.0, 1.0, 0.9675420713984233, 1.0, 1.0, 1.0, 0.8945187036711082, 1.0, 0.862347908057336, 1.0, 1.0, 0.8439930141578402, 0.8821296454239946, 1.0, 0.9261420415269246, 1.0, 0.9364713827761666, 0.8578539444631554, 0.8531511596695294, 1.0, 0.8171145713462071, 1.0, 1.0, 0.8846386294351021, 1.0, 1.0, 0.9497338034253828, 1.0, 0.797355414531276, 1.0, 1.0, 0.9546221339246326, 0.9090440252597953, 0.7623535884223418, 0.940387748772268, 1.0, 0.9107730833493335, 1.0, 0.5288056133514245, 0.8098590091001723, 0.9746774581465578, 1.0, 1.0, 0.9800683463319189, 0.936752055107628, 1.0, 0.9107730833493335, 0.9498733743967636, 1.0, 1.0, 0.9498733743967636, 0.8431318837364405, 0.9307091932148608, 1.0, 0.940101844638672, 0.9165276486140073, 0.9498733743967636, 1.0, 0.9631318837364407, 1.0, 0.9493239030379825, 1.0, 1.0, 1.0, 0.9185321610524646, 0.9437985500759485, 0.8032616077763247, 1.0, 0.9498733743967636, 1.0, 1.0, 1.0, 0.9468351265733028, 0.8965296466431494, 1.0, 0.9141000841539659, 1.0, 1.0, 0.9407613352737074, 1.0, 0.7624486727710713, 0.936752055107628, 1.0, 1.0, 1.0, 1.0, 1.0, 1.0, 0.94236547382835, 0.8821296454239946, 0.9468351265733028, 1.0, 0.9090440252597953, 1.0, 1.0, 0.9075657345734165, 1.0, 0.9272945586059962, 1.0, 0.9005026293768383, 0.9146031111104389, 1.0, 0.908089643481502, 1.0, 0.8998848301604019, 0.895040008571081, 1.0, 1.0, 0.9498733743967636, 0.9583676774082095, 0.8535087661549325, 1.0, 0.9213836287468253, 1.0, 1.0, 0.852565642646234, 0.8821296454239946, 0.9214066151635063]
Finish training and take 16m
Namespace(log_name='./RQ5/sstubs_100_3/codet5p_770m.log', model_name='Salesforce/codet5p-770m', lang='java', output_dir='RQ5/sstubs_100_3/codet5p_770m', data_dir='./data/RQ5/sstubs_100_3', choice=0, no_cuda=False, visible_gpu='0', num_train_epochs=10, num_test_epochs=1, train_batch_size=4, eval_batch_size=4, gradient_accumulation_steps=1, load_model_path=None, config_name='', tokenizer_name='', max_source_length=512, max_target_length=512, warm_up_ratio=0.1, do_train=True, do_eval=True, do_test=True, freeze=False, learning_rate=5e-05, beam_size=10, weight_decay=0.0, adam_epsilon=1e-08, local_rank=-1, seed=42, early_stop_threshold=3)
Process rank: -1, device: cuda, n_gpu: 1, distributed training: False
Model created!!
[[{'text': '}      @Override     public void mouseClick() {          if (vizConfig.isSelectionEnable() && rectangleSelection && !customSelection) {              Rectangle rectangle = (Rectangle) currentSelectionArea;', 'loss_ids': 0, 'shortenable_ids': 1}, {'text': '<mask>', 'loss_ids': 1, 'shortenable_ids': 0}, {'text': 'is the fixed version', 'loss_ids': 0, 'shortenable_ids': 0}], {'guid': 0, 'tgt_text': '}      @Override     public synchronized void mouseClick() {          if (vizConfig.isSelectionEnable() && rectangleSelection && !customSelection) {              Rectangle rectangle = (Rectangle) currentSelectionArea;'}]
***** Running training *****
  Num examples = 100
  Batch size = 4
  Num epoch = 10

***** Running evaluation *****
  Num examples = 100
  Batch size = 4
  epoch = 0
  eval_ppl = inf
  global_step = 26
  train_loss = 23.0148
  ********************
Previous best ppl:inf
Achieve Best ppl:inf
  ********************
BLEU file: ./data/RQ5/sstubs_100_3/validation.jsonl
  codebleu-4 = 89.92 	 Previous best codebleu 0
  ********************
 Achieve Best bleu:89.92
  ********************

***** Running evaluation *****
  Num examples = 100
  Batch size = 4
  epoch = 1
  eval_ppl = inf
  global_step = 51
  train_loss = 3.8338
  ********************
Previous best ppl:inf
BLEU file: ./data/RQ5/sstubs_100_3/validation.jsonl
  codebleu-4 = 92.26 	 Previous best codebleu 89.92
  ********************
 Achieve Best bleu:92.26
  ********************

***** Running evaluation *****
  Num examples = 100
  Batch size = 4
  epoch = 2
  eval_ppl = inf
  global_step = 76
  train_loss = 1.794
  ********************
Previous best ppl:inf
BLEU file: ./data/RQ5/sstubs_100_3/validation.jsonl
  codebleu-4 = 92.89 	 Previous best codebleu 92.26
  ********************
 Achieve Best bleu:92.89
  ********************

***** Running evaluation *****
  Num examples = 100
  Batch size = 4
  epoch = 3
  eval_ppl = inf
  global_step = 101
  train_loss = 1.0738
  ********************
Previous best ppl:inf
BLEU file: ./data/RQ5/sstubs_100_3/validation.jsonl
  codebleu-4 = 93.05 	 Previous best codebleu 92.89
  ********************
 Achieve Best bleu:93.05
  ********************

***** Running evaluation *****
  Num examples = 100
  Batch size = 4
  epoch = 4
  eval_ppl = inf
  global_step = 126
  train_loss = 0.6121
  ********************
Previous best ppl:inf
BLEU file: ./data/RQ5/sstubs_100_3/validation.jsonl
  codebleu-4 = 93.57 	 Previous best codebleu 93.05
  ********************
 Achieve Best bleu:93.57
  ********************

***** Running evaluation *****
  Num examples = 100
  Batch size = 4
  epoch = 5
  eval_ppl = inf
  global_step = 151
  train_loss = 0.2737
  ********************
Previous best ppl:inf
BLEU file: ./data/RQ5/sstubs_100_3/validation.jsonl
  codebleu-4 = 93.69 	 Previous best codebleu 93.57
  ********************
 Achieve Best bleu:93.69
  ********************

***** Running evaluation *****
  Num examples = 100
  Batch size = 4
  epoch = 6
  eval_ppl = inf
  global_step = 176
  train_loss = 0.1702
  ********************
Previous best ppl:inf
BLEU file: ./data/RQ5/sstubs_100_3/validation.jsonl
  codebleu-4 = 93.69 	 Previous best codebleu 93.69
  ********************

***** Running evaluation *****
  Num examples = 100
  Batch size = 4
  epoch = 7
  eval_ppl = inf
  global_step = 201
  train_loss = 0.1687
  ********************
Previous best ppl:inf
BLEU file: ./data/RQ5/sstubs_100_3/validation.jsonl
  codebleu-4 = 93.69 	 Previous best codebleu 93.69
  ********************

***** Running evaluation *****
  Num examples = 100
  Batch size = 4
  epoch = 8
  eval_ppl = inf
  global_step = 226
  train_loss = 0.1937
  ********************
Previous best ppl:inf
BLEU file: ./data/RQ5/sstubs_100_3/validation.jsonl
  codebleu-4 = 93.69 	 Previous best codebleu 93.69
  ********************
early stopping!!!
reload model from RQ5/sstubs_100_3/codet5p_770m/checkpoint-best-bleu
BLEU file: ./data/RQ5/sstubs_100_3/test.jsonl
  codebleu = 94.16 
  Total = 500 
  Exact Fixed = 249 
[1, 2, 3, 4, 6, 8, 10, 12, 13, 17, 18, 19, 20, 24, 25, 26, 28, 29, 30, 32, 34, 36, 37, 38, 39, 49, 50, 53, 54, 56, 57, 59, 64, 70, 73, 75, 76, 80, 82, 86, 88, 89, 90, 91, 92, 95, 96, 100, 102, 103, 104, 106, 108, 110, 112, 115, 116, 117, 120, 122, 126, 130, 131, 133, 135, 138, 139, 140, 141, 142, 147, 152, 153, 154, 155, 156, 157, 159, 160, 161, 162, 164, 166, 168, 172, 176, 177, 180, 183, 184, 188, 189, 192, 193, 196, 198, 199, 200, 202, 205, 207, 210, 211, 213, 219, 223, 224, 225, 227, 229, 231, 232, 236, 241, 242, 243, 244, 246, 247, 249, 253, 255, 256, 257, 258, 259, 265, 269, 270, 273, 274, 276, 278, 281, 282, 283, 285, 288, 289, 290, 291, 292, 294, 295, 296, 298, 301, 302, 303, 306, 308, 311, 312, 313, 316, 318, 320, 321, 324, 325, 329, 330, 334, 337, 340, 341, 342, 343, 344, 346, 350, 354, 355, 357, 359, 360, 362, 364, 365, 366, 367, 368, 370, 373, 374, 376, 377, 378, 379, 382, 383, 384, 386, 387, 388, 390, 392, 393, 396, 398, 402, 404, 405, 407, 408, 410, 412, 413, 418, 420, 424, 425, 428, 431, 432, 436, 440, 442, 444, 445, 446, 449, 450, 452, 453, 454, 457, 459, 460, 462, 463, 465, 466, 467, 468, 469, 470, 474, 476, 477, 479, 481, 484, 486, 489, 490, 494, 496, 497]
  Syntax Fixed = 0 
[]
  Cleaned Fixed = 0 
[]
  ********************
  Total = 500 
  Exact Fixed = 249 
[1, 2, 3, 4, 6, 8, 10, 12, 13, 17, 18, 19, 20, 24, 25, 26, 28, 29, 30, 32, 34, 36, 37, 38, 39, 49, 50, 53, 54, 56, 57, 59, 64, 70, 73, 75, 76, 80, 82, 86, 88, 89, 90, 91, 92, 95, 96, 100, 102, 103, 104, 106, 108, 110, 112, 115, 116, 117, 120, 122, 126, 130, 131, 133, 135, 138, 139, 140, 141, 142, 147, 152, 153, 154, 155, 156, 157, 159, 160, 161, 162, 164, 166, 168, 172, 176, 177, 180, 183, 184, 188, 189, 192, 193, 196, 198, 199, 200, 202, 205, 207, 210, 211, 213, 219, 223, 224, 225, 227, 229, 231, 232, 236, 241, 242, 243, 244, 246, 247, 249, 253, 255, 256, 257, 258, 259, 265, 269, 270, 273, 274, 276, 278, 281, 282, 283, 285, 288, 289, 290, 291, 292, 294, 295, 296, 298, 301, 302, 303, 306, 308, 311, 312, 313, 316, 318, 320, 321, 324, 325, 329, 330, 334, 337, 340, 341, 342, 343, 344, 346, 350, 354, 355, 357, 359, 360, 362, 364, 365, 366, 367, 368, 370, 373, 374, 376, 377, 378, 379, 382, 383, 384, 386, 387, 388, 390, 392, 393, 396, 398, 402, 404, 405, 407, 408, 410, 412, 413, 418, 420, 424, 425, 428, 431, 432, 436, 440, 442, 444, 445, 446, 449, 450, 452, 453, 454, 457, 459, 460, 462, 463, 465, 466, 467, 468, 469, 470, 474, 476, 477, 479, 481, 484, 486, 489, 490, 494, 496, 497]
  Syntax Fixed = 0 
[]
  Cleaned Fixed = 0 
[]
  codebleu = 94.16 
[1.0, 1.0, 1.0, 0.9383643249569027, 0.9097764756119819, 1.0, 0.9211131842675646, 1.0, 0.534613777706259, 1.0, 0.894726759864654, 1.0, 1.0, 0.6766433148075119, 0.7356102848714182, 0.8632148025904984, 1.0, 1.0, 1.0, 1.0, 0.8194907652001931, 0.8606751756510949, 0.6577095841418729, 1.0, 1.0, 1.0, 0.793992508705015, 1.0, 1.0, 1.0, 0.881955507815954, 1.0, 0.9372561368734473, 1.0, 0.8642470965743208, 1.0, 1.0, 1.0, 1.0, 0.9725011474210121, 0.8961079319106557, 0.9495565333799167, 0.8755319098520675, 0.8368293296348667, 0.9546221339246326, 0.9543920430664012, 0.936752055107628, 0.9012977329022187, 1.0, 1.0, 0.9642836546885394, 0.9523104352365284, 1.0, 1.0, 0.850084905673596, 1.0, 1.0, 0.9509004453320677, 1.0, 0.9830124435719327, 0.9495565333799167, 0.9468351265733028, 0.8606751756510949, 1.0, 0.6919044591507169, 0.9545187036711082, 0.9403743010640047, 0.6526670151860275, 0.6526359237480973, 1.0, 0.8020772327457721, 0.8748733743967635, 1.0, 0.805438392944647, 1.0, 1.0, 0.7671813812063606, 0.8133116091221643, 0.6040692180123179, 1.0, 0.9108242908590016, 1.0, 0.9441518237028776, 0.8676184836694505, 0.8674435206185069, 1.0, 0.9207265089204273, 1.0, 1.0, 1.0, 1.0, 1.0, 0.9680975247490764, 0.8309401076758502, 0.9100055159882576, 1.0, 0.9637364956234171, 0.9830124435719327, 0.9238877689380496, 1.0, 0.9207265089204273, 1.0, 1.0, 1.0, 0.8712240942290348, 1.0, 0.9019674110549458, 1.0, 0.9406018863753673, 1.0, 0.9629467492522685, 1.0, 0.9026321368482364, 0.9098501992036327, 1.0, 1.0, 1.0, 0.7569116179787079, 0.9422672588258918, 1.0, 0.8642470965743208, 1.0, 0.9199861168443408, 0.8446183457471304, 0.9327938350960072, 1.0, 0.8313123185424158, 0.8519794527032583, 0.9044642401339957, 1.0, 1.0, 0.9318351265733027, 0.931383346147761, 0.987026696724848, 1.0, 0.9145980101874507, 0.9274843030447293, 1.0, 1.0, 1.0, 1.0, 1.0, 0.8986766170158926, 0.9330331470954285, 0.8016164190158708, 0.9562237378841005, 1.0, 0.894726759864654, 0.9058089637441036, 0.8145980101874506, 0.9567814728909636, 1.0, 1.0, 1.0, 1.0, 1.0, 1.0, 0.9507760445560913, 1.0, 1.0, 1.0, 1.0, 0.9501570703145379, 1.0, 0.9352133283258579, 1.0, 0.8947836446510709, 1.0, 0.9008396714911473, 0.9449436332701645, 0.8337841808515074, 1.0, 0.9097764756119819, 0.8313412454774565, 0.8377253763997345, 1.0, 1.0, 0.9523104352365284, 0.8667343878768172, 1.0, 0.9266829146927709, 0.8955980328281301, 1.0, 1.0, 0.9490051755223876, 0.8550920816519976, 0.8550920816519976, 1.0, 1.0, 0.775729444252817, 0.9321212086381336, 1.0, 1.0, 0.9354021130737269, 0.8433906385238499, 1.0, 0.9219188985107609, 1.0, 1.0, 1.0, 0.9056583090096291, 1.0, 0.9257671218945684, 0.8064626894135283, 1.0, 0.8689975336408694, 1.0, 0.8917317601325887, 0.8655056700329364, 1.0, 1.0, 0.8642470965743208, 1.0, 0.9507760445560913, 0.9655267507815484, 0.5850662816271308, 0.9830124435719327, 0.9104745446407605, 1.0, 0.726332468260181, 0.9584627887351178, 0.8947836446510709, 1.0, 1.0, 1.0, 0.6642742735155721, 1.0, 0.7032349297460765, 1.0, 0.8933633833099063, 1.0, 1.0, 0.9830124435719327, 0.7808354890067706, 0.8439975336408694, 1.0, 0.901672684198352, 0.9582523400106997, 0.7016265496309229, 0.9675420713984233, 1.0, 0.8651704051777762, 1.0, 1.0, 0.8839519845504367, 1.0, 1.0, 0.9248595259500312, 1.0, 0.9583676774082095, 0.8969876166404993, 0.8019177091158687, 1.0, 0.8655948908847075, 1.0, 1.0, 1.0, 1.0, 1.0, 0.9600948805844232, 0.9002767007885455, 0.8540633215890829, 0.7854219053833142, 0.9456972075000312, 1.0, 0.8815929744551174, 0.8397142137521943, 0.9521775318277603, 1.0, 1.0, 0.9141000841539659, 0.8397142137521943, 1.0, 1.0, 0.9524183912964097, 1.0, 0.8887985956551486, 1.0, 0.8519348099950308, 0.9259881201117277, 1.0, 1.0, 1.0, 0.9143879239397519, 1.0, 0.936752055107628, 0.9470228248649237, 1.0, 1.0, 1.0, 1.0, 1.0, 0.9165239329369728, 1.0, 1.0, 1.0, 0.9245037448286011, 1.0, 0.9089670069930953, 0.7016265496309229, 1.0, 1.0, 1.0, 0.8446183457471304, 0.9449216567144265, 1.0, 0.5850662816271308, 1.0, 0.9191518237028775, 0.7533050635111456, 1.0, 1.0, 1.0, 0.9620033353993269, 0.7663187022564415, 1.0, 0.804627845510314, 1.0, 0.8397142137521943, 1.0, 1.0, 0.9565292378112795, 0.924762622326577, 1.0, 1.0, 0.7991525576013956, 0.9441518237028776, 0.9181872441208678, 1.0, 1.0, 0.9427895563342799, 0.8886420415269245, 0.9693261143428569, 1.0, 0.8521105690558852, 0.8320856318465295, 1.0, 0.8730911354138612, 0.9436140613395863, 1.0, 1.0, 1.0, 1.0, 1.0, 0.9325400085710811, 1.0, 0.8821296454239946, 0.9498733743967636, 0.6229661941006033, 1.0, 0.859279267136342, 0.9061219331660904, 0.9076642269253836, 1.0, 1.0, 0.9583676774082095, 1.0, 0.9166167054362302, 1.0, 1.0, 0.9498733743967636, 1.0, 0.9468351265733028, 1.0, 1.0, 1.0, 1.0, 1.0, 0.9498733743967636, 1.0, 0.9472873156881443, 0.948939479110037, 1.0, 1.0, 0.9572615927227479, 1.0, 1.0, 1.0, 1.0, 0.9690470390182255, 0.8, 1.0, 1.0, 1.0, 0.6396795639383546, 1.0, 1.0, 1.0, 0.8945187036711082, 1.0, 0.862347908057336, 1.0, 1.0, 0.816720286885113, 0.8821296454239946, 1.0, 0.9261420415269246, 1.0, 0.9427895563342799, 0.8578539444631554, 0.8531511596695294, 1.0, 0.8171145713462071, 1.0, 1.0, 0.8846386294351021, 1.0, 1.0, 0.9497338034253828, 1.0, 0.797355414531276, 1.0, 1.0, 0.9546221339246326, 0.9090440252597953, 0.7680600223299148, 0.940387748772268, 1.0, 0.9357730833493334, 1.0, 0.9166167054362302, 0.8098590091001723, 0.9746774581465578, 1.0, 1.0, 0.9800683463319189, 0.936752055107628, 1.0, 0.9357730833493334, 0.9498733743967636, 1.0, 1.0, 0.9498733743967636, 0.7831318837364406, 0.9307091932148608, 1.0, 0.940101844638672, 0.9365276486140073, 0.9498733743967636, 1.0, 0.9631318837364407, 1.0, 0.9493239030379825, 1.0, 1.0, 1.0, 0.9185321610524646, 0.9437985500759485, 0.8032616077763247, 1.0, 0.9498733743967636, 1.0, 1.0, 1.0, 0.9468351265733028, 0.8965296466431494, 1.0, 0.9141000841539659, 1.0, 1.0, 0.9407613352737074, 1.0, 1.0, 0.936752055107628, 1.0, 1.0, 1.0, 1.0, 1.0, 1.0, 0.94236547382835, 0.8821296454239946, 0.9468351265733028, 1.0, 0.9090440252597953, 1.0, 1.0, 0.9408990679067499, 1.0, 0.9272945586059962, 1.0, 0.9005026293768383, 0.9495565333799167, 1.0, 0.908089643481502, 1.0, 0.8998848301604019, 0.895040008571081, 1.0, 1.0, 0.9498733743967636, 0.9583676774082095, 0.8535087661549325, 1.0, 0.9213836287468253, 1.0, 1.0, 0.7868320617745699, 0.8821296454239946, 0.9404330472606062]
Finish training and take 27m
