Namespace(log_name='./RQ5/xcodeeval_32_1/codet5p_220m.log', model_name='Salesforce/codet5p-220m', lang='c', output_dir='RQ5/xcodeeval_32_1/codet5p_220m', data_dir='./data/RQ5/xcodeeval_32_1', choice=0, no_cuda=False, visible_gpu='0', num_train_epochs=10, num_test_epochs=1, train_batch_size=8, eval_batch_size=4, gradient_accumulation_steps=1, load_model_path=None, config_name='', tokenizer_name='', max_source_length=512, max_target_length=512, warm_up_ratio=0.1, do_train=True, do_eval=True, do_test=True, freeze=False, learning_rate=5e-05, beam_size=10, weight_decay=0.0, adam_epsilon=1e-08, local_rank=-1, seed=42, early_stop_threshold=3)
Process rank: -1, device: cuda, n_gpu: 1, distributed training: False
Model created!!
[[{'text': '#include<stdio.h> #include<stdlib.h> void swap(int,int); int *ar; char c; int main(){  int n,**mat,i,j,k;  scanf("%d",&n);  ar=(int *)malloc(sizeof(int)*n);  mat=(int **)malloc(sizeof(int *)*n);  for(i=0;i<n;i++){   scanf("%d ",ar+i);   mat[i]=(int *)malloc(sizeof(int)*n);  }  for(i=0;i<n;i++){   for(j=0;j<n;j++){    c=getchar();    mat[i][j]=c-\'0\';   }   getchar();  }  for(i=0;i<n;i++){   for(j=0;j<n;j++){    if(mat[i][j]==1){     for(k=0;k<n;k++){      if(mat[j][k]==1){       mat[i][k]=1;      }     }    }   }  }  for(i=0;i<n;i++){   for(j=i+1;j<n;j++){    if(mat[i][j]&&ar[j]<ar[i]){     swap(i,j);    }   }  }  for(i=0;i<n;i++){   printf("%d ",ar[i]);  }  printf("\\n");  return 0;  }  void swap(int i,int j){  int t;  t=ar[i];  ar[i]=ar[j];  ar[j]=t; }', 'loss_ids': 0, 'shortenable_ids': 1}, {'text': '<mask>', 'loss_ids': 1, 'shortenable_ids': 0}, {'text': 'is the fixed version', 'loss_ids': 0, 'shortenable_ids': 0}], {'guid': 0, 'tgt_text': '#include<stdio.h> #include<stdlib.h> void swap(int,int); int *ar; char c; int main(){  int n,**mat,i,j,k;  scanf("%d",&n);  ar=(int *)malloc(sizeof(int)*n);  mat=(int **)malloc(sizeof(int *)*n);  for(i=0;i<n;i++){   scanf("%d ",ar+i);   mat[i]=(int *)malloc(sizeof(int)*n);  }  for(i=0;i<n;i++){   for(j=0;j<n;j++){    c=getchar();    mat[i][j]=c-\'0\';   }   getchar();  }  for(i=0;i<n;i++){   for(j=0;j<n;j++){    if(mat[i][j]==1){     for(k=0;k<n;k++){      if(mat[j][k]==1){       mat[i][k]=1;      }     }    }   }  }  for(i=0;i<n;i++){   for(j=0;j<n;j++){    if(mat[i][j]==1){     for(k=0;k<n;k++){      if(mat[j][k]==1){       mat[i][k]=1;      }     }    }   }  }  for(i=0;i<n;i++){   for(j=0;j<n;j++){    if(mat[i][j]==1){     for(k=0;k<n;k++){      if(mat[j][k]==1){       mat[i][k]=1;      }     }    }   }  }  for(i=0;i<n;i++){   for(j=i+1;j<n;j++){    if(mat[i][j]&&ar[j]<ar[i]){     swap(i,j);    }   }  }  for(i=0;i<n;i++){   printf("%d ",ar[i]);  }  printf("\\n");  return 0;  }  void swap(int i,int j){  int t;  t=ar[i];  ar[i]=ar[j];  ar[j]=t; }'}]
***** Running training *****
  Num examples = 32
  Batch size = 8
  Num epoch = 10

***** Running evaluation *****
  Num examples = 100
  Batch size = 4
  epoch = 0
  eval_ppl = 2.5635279871615884e+272
  global_step = 5
  train_loss = 99.6295
  ********************
Previous best ppl:inf
Achieve Best ppl:2.5635279871615884e+272
  ********************
BLEU file: ./data/RQ5/xcodeeval_32_1/validation.jsonl
  codebleu-4 = 69.26 	 Previous best codebleu 0
  ********************
 Achieve Best bleu:69.26
  ********************

***** Running evaluation *****
  Num examples = 100
  Batch size = 4
  epoch = 1
  eval_ppl = inf
  global_step = 9
  train_loss = 64.3572
  ********************
Previous best ppl:2.5635279871615884e+272
BLEU file: ./data/RQ5/xcodeeval_32_1/validation.jsonl
  codebleu-4 = 73.7 	 Previous best codebleu 69.26
  ********************
 Achieve Best bleu:73.7
  ********************

***** Running evaluation *****
  Num examples = 100
  Batch size = 4
  epoch = 2
  eval_ppl = inf
  global_step = 13
  train_loss = 49.2105
  ********************
Previous best ppl:2.5635279871615884e+272
BLEU file: ./data/RQ5/xcodeeval_32_1/validation.jsonl
  codebleu-4 = 74.28 	 Previous best codebleu 73.7
  ********************
 Achieve Best bleu:74.28
  ********************

***** Running evaluation *****
  Num examples = 100
  Batch size = 4
  epoch = 3
  eval_ppl = inf
  global_step = 17
  train_loss = 38.9287
  ********************
Previous best ppl:2.5635279871615884e+272
BLEU file: ./data/RQ5/xcodeeval_32_1/validation.jsonl
  codebleu-4 = 74.13 	 Previous best codebleu 74.28
  ********************

***** Running evaluation *****
  Num examples = 100
  Batch size = 4
  epoch = 4
  eval_ppl = inf
  global_step = 21
  train_loss = 31.53
  ********************
Previous best ppl:2.5635279871615884e+272
BLEU file: ./data/RQ5/xcodeeval_32_1/validation.jsonl
  codebleu-4 = 74.32 	 Previous best codebleu 74.28
  ********************
 Achieve Best bleu:74.32
  ********************

***** Running evaluation *****
  Num examples = 100
  Batch size = 4
  epoch = 5
  eval_ppl = inf
  global_step = 25
  train_loss = 25.903
  ********************
Previous best ppl:2.5635279871615884e+272
BLEU file: ./data/RQ5/xcodeeval_32_1/validation.jsonl
  codebleu-4 = 74.33 	 Previous best codebleu 74.32
  ********************
 Achieve Best bleu:74.33
  ********************

***** Running evaluation *****
  Num examples = 100
  Batch size = 4
  epoch = 6
  eval_ppl = inf
  global_step = 29
  train_loss = 22.7856
  ********************
Previous best ppl:2.5635279871615884e+272
BLEU file: ./data/RQ5/xcodeeval_32_1/validation.jsonl
  codebleu-4 = 74.16 	 Previous best codebleu 74.33
  ********************

***** Running evaluation *****
  Num examples = 100
  Batch size = 4
  epoch = 7
  eval_ppl = inf
  global_step = 33
  train_loss = 19.543
  ********************
Previous best ppl:2.5635279871615884e+272
BLEU file: ./data/RQ5/xcodeeval_32_1/validation.jsonl
  codebleu-4 = 74.01 	 Previous best codebleu 74.33
  ********************

***** Running evaluation *****
  Num examples = 100
  Batch size = 4
  epoch = 8
  eval_ppl = inf
  global_step = 37
  train_loss = 18.0273
  ********************
Previous best ppl:2.5635279871615884e+272
BLEU file: ./data/RQ5/xcodeeval_32_1/validation.jsonl
  codebleu-4 = 74.02 	 Previous best codebleu 74.33
  ********************
early stopping!!!
reload model from RQ5/xcodeeval_32_1/codet5p_220m/checkpoint-best-bleu
BLEU file: ./data/RQ5/xcodeeval_32_1/test.jsonl
  codebleu = 73.74 
  Total = 500 
  Exact Fixed = 6 
[54, 59, 63, 359, 386, 455]
  Syntax Fixed = 0 
[]
  Cleaned Fixed = 2 
[268, 276]
  ********************
  Total = 500 
  Exact Fixed = 6 
[54, 59, 63, 359, 386, 455]
  Syntax Fixed = 0 
[]
  Cleaned Fixed = 2 
[268, 276]
  codebleu = 73.74 
[0.6906751815123662, 0.4658094583130275, 0.8360786055940534, 0.9841559872486547, 0.9323764597381581, 0.9544741722900356, 0.9334580759528754, 0.2930837534053943, 0.28590084848815933, 0.5812499999999999, 0.33757627523685907, 0.8000265237106869, 0.8840280108223306, 0.9357255678321519, 0.8326454241433958, 0.9904619066549505, 0.8694464017012884, 0.8963231438706728, 0.8944958165491306, 0.8960614087063516, 0.7875197629632937, 0.896734987325442, 0.9888412502412365, 0.9326095336354461, 0.4011929009233417, 0.9657582590366391, 0.34393669628153556, 0.6809967366404501, 0.7057647226775547, 0.5800323580497375, 0.9609938513658753, 0.9540138870746515, 0.4669941875462229, 0.6766363498864804, 0.9644292762197995, 0.7480983802318328, 0.7810019348324313, 0.7958032019228529, 0.9513060711945898, 0.03914807619997354, 0.8036605977879999, 0.6439737215147783, 0.7343965648838109, 0.4262386448606621, 0.9226227924173891, 0.9673001684656128, 0.9722452161669002, 0.9591298101954204, 0.7693582389764291, 0.8458233745010357, 0.7860054491592668, 0.6932485940047782, 0.4096453519493349, 1.0, 0.035053425263124334, 0.2652100539123435, 0.8267820318104704, 0.8817623929694763, 0.9753396087264441, 0.8481153341699572, 0.9837171835242919, 0.9447089104540864, 1.0, 0.347162812695482, 0.9821809817650384, 0.4982318233525185, 0.31109151847105065, 0.934387097307501, 0.9076608348766924, 0.4936529526137271, 0.9006357204322055, 0.3791138183987829, 0.6463782423660047, 0.7784759480546787, 0.4284201796189373, 0.4080703027889234, 0.6666962650203826, 0.9421953806476688, 0.3885946899772229, 0.8691934016309899, 0.9564084233825603, 0.914310598406544, 0.751057511765648, 0.9809329721714535, 0.9105346103428551, 0.9295279223019721, 0.8859407157558806, 0.5871887329393648, 0.4299202460730849, 0.7507756672864224, 0.9168021557818813, 0.03281115469695418, 0.9106033686427741, 0.3532450248136815, 0.8375795025499561, 0.49519022709932214, 0.4420093605524046, 0.48670907292950416, 0.9659330238290955, 0.48795243922324283, 0.8370974599619434, 0.8884437011415969, 0.8203495978509039, 0.9193864599685562, 0.8947330957271415, 0.5961510984329409, 0.5003909451993059, 0.7833636144245735, 0.9168539881373812, 0.5609883778095345, 0.8324183912964096, 0.14992380558663324, 0.7914278759686615, 0.961472991307396, 0.9092903522106406, 0.9268555414820475, 0.2847963659663393, 0.9728421777783798, 0.41093966321126485, 0.7480407185735214, 0.9183782794156394, 0.9566283907946067, 0.4542071293267559, 0.9717916167891165, 0.7684232762284017, 0.7750695130262999, 0.7193332783785604, 0.9673349576458696, 0.9656770287836146, 0.33945728624618854, 0.9416744734511042, 0.8165996742814894, 0.9739901642593853, 0.9631318837364407, 0.9678539444631555, 0.9798800402828953, 0.9798219468937557, 0.2984600211190037, 0.9560322423864296, 0.5739579759923696, 0.9732129467715989, 0.9150833522873736, 0.7332328509698608, 0.4885502139893544, 0.3157691625069721, 0.7846138466894739, 0.27086338909565627, 0.46622047742046324, 0.68863759482569, 0.8862558352362215, 0.5010923309399078, 0.8267162447332495, 0.5031028066634594, 0.8624100358037953, 0.9435407234863082, 0.43205911501703176, 0.7223951844558967, 0.927982876787582, 0.9602403186628621, 0.9793040838341944, 0.7110307145936695, 0.6567874018519466, 0.7787797669196548, 0.3931548138311015, 0.3821796477166763, 0.408600022348932, 0.9654461577493623, 0.9598135790579945, 0.7942417816647632, 0.782794014430714, 0.8815079864399178, 0.8333899418829565, 0.5003935672023648, 0.9384697992732594, 0.9842551012740206, 0.3706598417143405, 0.8792228737352459, 0.9902911708211317, 0.3723443145512656, 0.7065722131859199, 0.8042710150175236, 0.7353958165902537, 0.5370318012864018, 0.8992562005799716, 0.9931785684115373, 0.9709756774276397, 0.8829948461632615, 0.837017385227736, 0.956301548538977, 0.9172004740789947, 0.9659102393274985, 0.8615056257419613, 0.6163950321676452, 0.8662102750218581, 0.9744119964056819, 0.8241047036645743, 0.8351548935552557, 0.41395796030346144, 0.3475222634058708, 0.9346720862236988, 0.9679884172683169, 0.4841195614277229, 0.8396431642664623, 0.9130555191813399, 0.8222560155713576, 0.825040224285887, 0.9048754517069983, 0.7207550074832697, 0.41474785475115006, 0.8712547010751163, 0.43419770508491723, 0.940598945729278, 0.522046098185854, 0.6895051363145968, 0.7945502142295664, 0.2632327198499751, 0.9589077111122837, 0.7507483205316109, 0.8905194921212278, 0.6386890640788627, 0.9699392701042773, 0.8099419487239318, 0.7557421300029522, 0.30629628128160413, 0.9425018741615083, 0.5313357348360503, 0.624163199852696, 0.8898733743967635, 0.5783107663389189, 0.20906455911542446, 0.7836353492903962, 0.5439420078074064, 0.42497916943931774, 0.9345121855559886, 0.6121051294344302, 0.578502292273178, 0.8207174296242723, 0.5831163274893049, 0.6916629272878606, 0.9533257646563149, 0.774674995957515, 0.6871897384788783, 0.27516721651477627, 0.2854336277000177, 0.5362395483988209, 0.9059801416992133, 0.4920928783231675, 0.9802031318403173, 0.938899487965138, 0.915465568076623, 0.9772597588062424, 0.9789628153220145, 0.4234097157305317, 0.9163819539750226, 0.6922592432779943, 0.9251375134812259, 0.9089815080638761, 0.737357448673426, 0.5177405757219062, 0.939230675483474, 0.38163008179290037, 0.41574277333701404, 0.6486630160206606, 0.8703232021938421, 0.6928192511783815, 0.9565497776625662, 0.37734919701699515, 0.9428491633077438, 0.9179853420852879, 0.8832119168550208, 0.8344780346578161, 0.9239858991360816, 0.9522217025290924, 0.23899729367746342, 0.2773229892089822, 0.9259714761461866, 0.914831901042849, 0.9143261256348318, 0.4155596630877777, 0.8533534577368376, 0.9414651779507988, 0.48228443707897417, 0.9352829048891074, 0.9596628528083495, 0.7253639326470425, 0.9322263155732342, 0.7729580558472922, 0.09240783929382662, 0.9770479547618027, 0.810126404694016, 0.8984188648676468, 0.9238932796791619, 0.9473491006263874, 0.9747232059340507, 0.9470722443623478, 0.8855808153415308, 0.1645276846716329, 0.9341110513082564, 0.5157443236412498, 0.5708915950859347, 0.7738062382871427, 0.5790261988125887, 0.8710393395645104, 0.849729607166194, 0.8121978155567737, 0.857366514241093, 0.9121176482601447, 0.6283052858442292, 0.8302530908052741, 0.7485066002648197, 0.7624146378614128, 0.7869982653557575, 0.9881263545755623, 0.7698315590133648, 0.9820653195195825, 0.9616102999368312, 0.5012143983741278, 0.051466049375048936, 0.9664437619662871, 0.9147509231273736, 0.8071763268259384, 0.8335967671595595, 0.938595895727768, 0.4070897140029712, 0.41243081325512787, 0.8861971446522757, 0.8025665922220764, 0.7015252862450747, 0.5812499999999999, 0.9707135589044302, 0.9079313948964696, 0.9660709266806573, 0.939821716744068, 0.9785132817927387, 0.8171220069513339, 0.8542311710040063, 0.97633392937918, 0.19832929234074576, 0.9706304665534506, 0.9887423993227424, 0.7299067104477033, 0.3776268460097124, 0.9829927321997591, 0.3273472980821144, 0.5074834355521683, 0.9596957984901457, 0.7772868173384335, 0.9332689017753089, 0.6688983661442429, 0.9784080121481948, 0.6516235135434673, 0.904647919869322, 0.8164468849403668, 0.45741812450524455, 0.7852033214625844, 0.9641580418034066, 0.9454632184934535, 0.27459370351787593, 0.9701742405810041, 0.7228979069226051, 0.6136084613959742, 0.4709753309767408, 0.8617675603039494, 0.4532830736687707, 0.8674701285162645, 0.06299812421396885, 0.56926112019934, 0.9239412941551246, 0.7852960010452446, 0.9728742867739708, 0.8242816812765809, 0.4966154218075377, 0.8437436803649183, 0.584684973565248, 0.7146371215272531, 0.3028445555596091, 0.9576736878812553, 0.933792626439619, 0.5507463552897676, 0.6567079107412255, 0.8936598047708784, 0.3723588344016272, 0.9731496374915098, 0.8250877060561935, 0.33295797590328613, 1.0, 0.8467013377193615, 0.9747348871931607, 0.8858102874808143, 0.3512649870044113, 0.8712420862261012, 0.4198136333318135, 0.9323453252450715, 0.9006848455688443, 0.461329065338275, 0.0864718984572822, 0.9176516704321582, 0.7900451252092993, 0.5135793600096521, 0.3902680246863285, 0.9686198599811506, 0.267125262228119, 0.8834217951950976, 0.6597338140559376, 0.7706648767181559, 0.8492121819843856, 0.8642224065245785, 0.9450342109279593, 0.5588208186817714, 0.9157728873149173, 0.5452287811589471, 0.30387397503062613, 0.4329395571954886, 0.8961704370267427, 0.9027309916196755, 0.25160207241540583, 0.9714552656085744, 0.9190922894214792, 0.9732456940628658, 0.2579343193335908, 0.9654855521209342, 0.9239943710759375, 0.9128071327141931, 0.35645956062126843, 0.9668495847081082, 0.8019711204854889, 0.7348529689836785, 0.41399244311108085, 0.7153099526991196, 0.5864458370254797, 0.687542465552887, 0.9469672199403614, 0.5587912679655723, 0.04402420196133548, 0.9630540715975315, 0.8807613352737074, 0.9590732370227437, 0.6912905988814966, 0.8144323897871283, 0.8114949304185517, 0.9685698290675941, 0.3487737235833769, 0.9286180138405511, 0.9582017829875438, 0.7141494776867402, 0.3752162382299256, 0.3403846153846154, 0.8055864673667326, 0.4547956707868356, 0.8905074545882428, 0.37333812510379816, 0.9117475844136459, 0.9574268827758958, 0.96804234407929, 0.9409121125706139, 0.36168412495357327, 0.7270998991360063, 0.9296835011666059, 0.5649828078733281, 0.9399257675249202, 0.9205724657465093, 0.8122136254293291, 0.9498733743967636, 0.9714834981320903, 0.7488923610303595, 0.8728375908477501, 0.2973434798199742, 0.9526474078906453, 0.7657538252330831, 0.796166197021682, 0.36837691026515706, 0.5833753791475811, 0.8804232565396799, 0.8896531297074333, 0.8581906816835889, 0.6575319963393351, 0.9086210618726622, 0.9078336364448021, 0.8664855589488811, 0.9417139803454657, 0.8295689486868598, 0.7752855690103572, 0.3824686492796324, 0.576816427634421, 0.5564171303161877, 0.5488568835485366, 0.7982616000108709, 0.9154854838904751, 0.9860013241305441, 0.9819992034986089, 0.9758294505908078, 0.9166795416411146, 0.6008587815258186, 0.9064913890104815, 0.9788598843598264, 0.8270021204349962, 0.5259210844305199, 0.9147216328473461, 0.7650648782054714, 0.3670829135778234]
Finish training and take 38m
