Namespace(log_name='./RQ5/javascript_1000/f1_codet5p_770m.log', model_name='Salesforce/codet5p-770m', lang='javascript', output_dir='RQ5/javascript_1000/f1_codet5p_770m', data_dir='./data/RQ5/javascript_1000_3', no_cuda=False, visible_gpu='0', add_task_prefix=False, add_lang_ids=False, num_train_epochs=10, num_test_epochs=10, train_batch_size=8, eval_batch_size=4, gradient_accumulation_steps=2, load_model_path=None, config_name='', tokenizer_name='', max_source_length=128, max_target_length=128, warm_up_ratio=0.1, do_train=True, do_eval=True, do_test=True, do_lower_case=False, learning_rate=5e-05, beam_size=10, weight_decay=0.0, adam_epsilon=1e-08, max_grad_norm=1.0, max_steps=-1, eval_steps=-1, train_steps=-1, local_rank=-1, seed=42, early_stop_threshold=3)
Process rank: -1, device: cuda, n_gpu: 1, distributed training: False, model_name: Salesforce/codet5p-770m
model created!
Total 1000 training instances 
***** Running training *****
  Num examples = 1000
  Batch size = 8
  Num epoch = 10

***** Running evaluation *****
  Num examples = 500
  Batch size = 4
  epoch = 0
  eval_ppl = 1.00399
  global_step = 126
  train_loss = 0.7788
  ********************
Previous best ppl:inf
Achieve Best ppl:1.00399
  ********************
BLEU file: ./data/RQ5/javascript_1000_3/validation.jsonl
  codebleu-4 = 62.2 	 Previous best codebleu 0
  ********************
 Achieve Best bleu:62.2
  ********************

***** Running evaluation *****
  Num examples = 500
  Batch size = 4
  epoch = 1
  eval_ppl = 1.00357
  global_step = 251
  train_loss = 0.316
  ********************
Previous best ppl:1.00399
Achieve Best ppl:1.00357
  ********************
BLEU file: ./data/RQ5/javascript_1000_3/validation.jsonl
  codebleu-4 = 65.39 	 Previous best codebleu 62.2
  ********************
 Achieve Best bleu:65.39
  ********************

***** Running evaluation *****
  Num examples = 500
  Batch size = 4
  epoch = 2
  eval_ppl = 1.004
  global_step = 376
  train_loss = 0.1522
  ********************
Previous best ppl:1.00357
BLEU file: ./data/RQ5/javascript_1000_3/validation.jsonl
  codebleu-4 = 65.1 	 Previous best codebleu 65.39
  ********************

***** Running evaluation *****
  Num examples = 500
  Batch size = 4
  epoch = 3
  eval_ppl = 1.00411
  global_step = 501
  train_loss = 0.0838
  ********************
Previous best ppl:1.00357
BLEU file: ./data/RQ5/javascript_1000_3/validation.jsonl
  codebleu-4 = 65.72 	 Previous best codebleu 65.39
  ********************
 Achieve Best bleu:65.72
  ********************

***** Running evaluation *****
  Num examples = 500
  Batch size = 4
  epoch = 4
  eval_ppl = 1.00451
  global_step = 626
  train_loss = 0.0969
  ********************
Previous best ppl:1.00357
BLEU file: ./data/RQ5/javascript_1000_3/validation.jsonl
  codebleu-4 = 63.59 	 Previous best codebleu 65.72
  ********************

***** Running evaluation *****
  Num examples = 500
  Batch size = 4
  epoch = 5
  eval_ppl = 1.00474
  global_step = 751
  train_loss = 0.0439
  ********************
Previous best ppl:1.00357
BLEU file: ./data/RQ5/javascript_1000_3/validation.jsonl
  codebleu-4 = 63.28 	 Previous best codebleu 65.72
  ********************

***** Running evaluation *****
  Num examples = 500
  Batch size = 4
  epoch = 6
  eval_ppl = 1.00496
  global_step = 876
  train_loss = 0.0268
  ********************
Previous best ppl:1.00357
BLEU file: ./data/RQ5/javascript_1000_3/validation.jsonl
  codebleu-4 = 63.88 	 Previous best codebleu 65.72
  ********************
reload model from RQ5/javascript_1000/f1_codet5p_770m/checkpoint-best-bleu
BLEU file: ./data/RQ5/javascript_1000_3/test.jsonl
  codebleu = 63.94 
  Total = 500 
  Exact Fixed = 91 
[1, 3, 7, 8, 9, 20, 21, 26, 30, 34, 35, 36, 38, 42, 50, 51, 60, 61, 78, 80, 95, 96, 104, 112, 119, 122, 133, 134, 142, 143, 151, 152, 168, 171, 176, 178, 186, 192, 195, 201, 202, 207, 208, 209, 220, 227, 231, 236, 238, 241, 242, 245, 249, 250, 262, 271, 278, 290, 301, 317, 322, 323, 326, 327, 341, 345, 350, 353, 356, 382, 383, 387, 393, 394, 409, 412, 420, 429, 431, 437, 452, 453, 454, 456, 471, 477, 481, 489, 497, 499, 500]
  Syntax Fixed = 6 
[86, 109, 311, 373, 402, 410]
  Cleaned Fixed = 3 
[29, 170, 328]
  ********************
  Total = 500 
  Exact Fixed = 91 
[1, 3, 7, 8, 9, 20, 21, 26, 30, 34, 35, 36, 38, 42, 50, 51, 60, 61, 78, 80, 95, 96, 104, 112, 119, 122, 133, 134, 142, 143, 151, 152, 168, 171, 176, 178, 186, 192, 195, 201, 202, 207, 208, 209, 220, 227, 231, 236, 238, 241, 242, 245, 249, 250, 262, 271, 278, 290, 301, 317, 322, 323, 326, 327, 341, 345, 350, 353, 356, 382, 383, 387, 393, 394, 409, 412, 420, 429, 431, 437, 452, 453, 454, 456, 471, 477, 481, 489, 497, 499, 500]
  Syntax Fixed = 6 
[86, 109, 311, 373, 402, 410]
  Cleaned Fixed = 3 
[29, 170, 328]
  codebleu = 63.94 
[0.9891483218006352, 0.6919266365055134, 1.0, 0.6896475098120338, 0.08436692013296332, 0.3114330635523529, 1.0, 1.0, 1.0, 0.591516286342532, 0.8955980328281301, 0.8696847134058581, 0.25255157651202054, 0.6329739871337788, 0.5408401405239117, 0.6452148813321528, 0.620688256491589, 0.6550835185056715, 0.0, 1.0, 1.0, 0.28178507258525926, 0.8329176472109259, 0.7158229243802021, 0.4777185731223784, 0.8249365300761395, 0.8597766350872547, 0.396349572956634, 0.6508081453961951, 0.7230619919314705, 0.8494413741851621, 0.7881136779802395, 0.7943817070456347, 1.0, 0.8114529051148651, 1.0, 0.7451384298635613, 0.9891483218006352, 0.3340047425620204, 0.634739134738433, 0.7471696119930195, 1.0, 0.4631413879293948, 0.8198293080551287, 0.717352101225173, 0.5840890027445279, 0.9068382385286933, 0.8178607431385985, 0.1577223617401811, 1.0, 1.0, 0.805453099521674, 0.54745080229273, 0.5264886858900315, 0.26420887639251495, 0.48717178175983145, 0.225226036889931, 0.5338054518326395, 0.712432895242584, 1.0, 1.0, 0.32719217235516845, 0.7419511383147508, 0.8321296454239947, 0.7158229243802021, 0.7076923076923076, 0.7922705995641981, 0.6983338153069474, 0.3992286298565113, 0.9616979821237088, 0.8301377689380496, 0.639544029461198, 0.714297617187952, 0.0, 0.6445931574752105, 0.13846153846153847, 0.5069117835177426, 1.0, 0.1495352051294258, 1.0, 0.7834298712141025, 0.5718336933369629, 0.5637946891611503, 0.4054183564853334, 0.20613487118166404, 0.8933439658245279, 0.4998908614631377, 0.5960203889580482, 0.47996086480687705, 0.6492561474202864, 0.06, 0.7054819616225767, 0.7775704770845409, 0.6492633713864637, 1.0, 1.0, 0.6980472624402649, 0.5350603680724215, 0.9321212086381336, 0.3245239665863914, 0.2799449403593628, 0.7819827494849558, 0.5627200451626766, 1.0, 0.7418506489774956, 0.8593981631857175, 0.6284996973575898, 0.5102043912123392, 0.9270606961251804, 0.8096354401872717, 0.5532136440138307, 1.0, 0.4536911179244788, 0.29891300180333663, 0.902887748772268, 0.8494781978987964, 0.5418035126585234, 0.9441518237028776, 1.0, 0.510980970646246, 0.7522712571363831, 1.0, 0.4470581748828688, 0.21168485254147001, 0.6544375845878311, 0.9491673847910091, 0.2974610638433307, 0.2894039371851951, 0.6996372991605209, 0.6618503204869636, 0.14224981392389122, 0.7422623816391947, 1.0, 1.0, 0.3079510025390523, 0.7136733367381837, 0.19348034809444703, 0.5242857383161393, 0.658535413687567, 0.4614069132492895, 0.4892227125150652, 1.0, 0.8729750254435045, 0.7014499169499973, 0.6753600779398393, 0.6086737860987872, 0.3632462232889623, 0.47429793407791465, 0.33602362337759467, 0.8601305921152989, 0.9891483218006352, 1.0, 0.2933192603414, 0.526797617187952, 0.7788143567999873, 0.4351680794975595, 0.94393416003725, 0.5865265109839976, 0.21170458518859758, 0.4638247163063489, 0.24657092899041877, 0.49358204019464635, 0.773553137645282, 0.15189466770624754, 0.45162654963092297, 0.4970818198712149, 0.39380852626508206, 1.0, 0.3544908721645896, 0.6577359353975811, 1.0, 0.4978210789085219, 0.8991129363138861, 0.561267769761279, 0.6084679196591697, 1.0, 0.5259572846439411, 1.0, 0.45508310949075587, 0.594064847556794, 0.6051294155160957, 0.050492779251189994, 0.9396769988489013, 0.2358114916555782, 0.5579873921876941, 0.907745404768207, 0.401706244308338, 0.5382841518266749, 0.7451384298635613, 0.855658309009629, 0.49454453297391177, 1.0, 0.5819798032395376, 0.6707350069254493, 1.0, 0.8257887556015677, 0.7504004004704901, 0.33183567216420956, 0.7226252770810941, 0.6357741351064675, 1.0, 1.0, 0.8433766349070695, 0.835810823595055, 0.8648103351245982, 0.7803034446230322, 1.0, 1.0, 1.0, 0.739532400808212, 0.8824709043482357, 0.7837952265212937, 0.006462586657983039, 0.26919155352810276, 0.7190907364295069, 0.56369994186322, 0.30462621654037875, 0.6512223502463547, 0.8304054224244419, 1.0, 0.37845791282076713, 0.58189415539785, 0.25704272418535706, 0.5761697895341449, 0.49351804990029324, 0.7385700028538295, 1.0, 0.7250616602316542, 0.6642742735155721, 0.9028613863364825, 1.0, 0.4528494378212512, 0.5537998353931795, 0.9105639359235915, 0.3508081453961951, 1.0, 0.9142445273649933, 1.0, 0.6429397336493281, 0.636964721661222, 1.0, 1.0, 0.3373940575497127, 0.27558314725722455, 1.0, 0.4168908160692684, 0.7158229243802021, 0.4920742135995943, 1.0, 1.0, 0.7118977233058527, 0.15997084006767517, 0.20866354767478065, 0.766682914692771, 0.6748885220437988, 0.2379911542742785, 0.556275735434565, 0.7737167429613258, 0.7591790791391035, 0.36016900549754294, 0.23669321919655517, 1.0, 0.7511200104643803, 0.8827895563342798, 0.893803854707065, 0.7127774792622994, 0.9009268392001792, 0.8222239341048219, 0.5347428106038496, 0.2015372100944879, 1.0, 0.7229132904585939, 0.66801956172107, 0.6793788456922385, 0.776554029901346, 0.4339213351685698, 0.778785113836511, 1.0, 0.706469885204883, 0.1965085296294044, 0.11666737327895797, 0.8439610348687525, 0.4903510788203176, 0.47711560659055585, 0.11582292438020222, 0.7341765280314609, 0.7545909332472028, 0.5822109370915456, 0.551080793943544, 1.0, 0.0857142857142857, 0.7965310924001736, 0.4667127418271009, 0.8464075798999238, 0.0, 0.7451974543165035, 0.8387796716807858, 0.7799696154227835, 0.5778985929855265, 0.8276851859011425, 1.0, 0.512283842723568, 0.6866411249144649, 0.6868474083243508, 0.0, 0.857658309009629, 0.7301961448188755, 0.3807256007926331, 0.5194637253863024, 0.38683567216420955, 0.9176675865658077, 0.41145898320123175, 0.634739134738433, 0.5488628862515236, 0.85, 0.6428070402646062, 1.0, 0.6259403648918203, 0.08152573352530099, 0.32641839065175154, 0.6869537185598044, 1.0, 0.7135428903906851, 0.656336811273905, 0.5106404500880432, 1.0, 1.0, 0.6119613551150405, 0.6138964093694763, 0.5625735889318473, 0.3319572907937111, 0.0, 0.40057251275615136, 0.714297617187952, 0.5326080313569397, 0.7125108877355164, 0.30831848424488534, 0.7328602200025534, 0.5780365272269377, 0.1759424130312673, 0.9891483218006352, 0.5274799788295772, 0.9299711370778252, 0.7328728653985972, 1.0, 0.5674364496822819, 0.6160391794642067, 0.465523972643262, 0.6630804239841512, 0.8933766349070695, 0.5969803377115616, 0.7170015046833873, 1.0, 0.7451384298635613, 0.0, 0.8249365300761395, 0.5674961219905689, 0.4606972076751621, 0.5307707065593111, 0.5272579010634381, 0.008694754573109073, 0.606514780687814, 0.41807263856718657, 0.808221529667446, 0.39809271739843455, 0.40289299814414176, 0.7710658705890923, 0.44518751425042724, 0.477096516758575, 0.4825400910724731, 0.34393366415687754, 0.2627166511815171, 0.9469728550743763, 0.32340833096900673, 0.8184276974159628, 0.12, 0.9701564725523897, 0.7504004004704901, 0.0031323668437758896, 0.7431351738566481, 0.24548027084905316, 1.0, 0.8249365300761395, 0.447298452667235, 0.6894253960277439, 0.5578607431385983, 1.0, 0.3508081453961951, 0.7285380935292984, 0.604739134738433, 0.2088017714661632, 0.7210658705890922, 1.0, 1.0, 0.7353746106262073, 0.4821379477582639, 0.5789207115002721, 0.8651650731090275, 0.8223873319410013, 0.4561469513015429, 0.1650567204976689, 0.7970182644937875, 0.3917384128764327, 0.10348801095303897, 0.7186038866504489, 0.731117687292167, 0.5155213451404349, 0.31977476369658997, 1.0, 0.9059642451028274, 0.4691441569283882, 1.0, 0.04535576197454044, 0.6530550965302279, 0.47875874704124055, 0.6549780845589401, 0.801169789534145, 0.29684740832435075, 0.554739134738433, 1.0, 0.3889379432495441, 0.05540387552681966, 0.030390470936082048, 0.4664355844276247, 0.8601527033303111, 0.8031160202429322, 0.5402233947178415, 0.6559327101364547, 0.9891483218006352, 0.729322874167972, 1.0, 0.6567389877523072, 0.7852451152245079, 0.6151187056012044, 0.6285833314736662, 0.9437836987242729, 1.0, 0.7218805953110237, 0.7905809813866465, 0.43996242707328115, 0.7477655797954694, 0.5528265488737891, 0.25311193401315524, 0.3502278939890302, 0.30085669140553134, 0.8856178946807474, 0.39478364465107074, 0.7498018405233149, 0.6310308074685265, 0.35624947398505524, 0.255903071453633, 1.0, 1.0, 1.0, 0.0857142857142857, 1.0, 0.5045234828882075, 0.7420554014474346, 0.6086145203178384, 0.45473913473843297, 0.0584902383192229, 0.662775442898248, 0.9024101654079206, 0.5523913421855372, 0.46575232448771275, 0.36905601805001587, 0.4616760548423344, 0.7340398687371076, 0.9495565333799167, 0.5181549779290909, 1.0, 0.4121831032184268, 0.5486780060731714, 0.7224171275474598, 0.5031078140108968, 0.6586275761728796, 1.0, 0.2382915953335315, 0.8502367699851867, 0.4878372832477157, 0.9891483218006352, 0.39675296426202156, 0.9039342742606371, 0.7115187153144993, 0.8774724087352062, 0.4399117880830822, 0.8165273869902545, 0.24090702262082825, 1.0, 0.25016079085323406, 0.5644129773172782, 0.537247623665976, 0.6574634481857526, 0.5744100321686132, 0.7130928202287643, 0.45759530908884194, 0.9891483218006352, 0.5416916021542233, 1.0, 1.0]
Finish training and take 27m
