Namespace(log_name='./RQ5/javascript_1000/f2_codet5p_770m.log', model_name='Salesforce/codet5p-770m', lang='javascript', output_dir='RQ5/javascript_1000/f2_codet5p_770m', data_dir='./data/RQ5/javascript_1000_2', no_cuda=False, visible_gpu='0', add_task_prefix=False, add_lang_ids=False, num_train_epochs=10, num_test_epochs=10, train_batch_size=8, eval_batch_size=4, gradient_accumulation_steps=2, load_model_path=None, config_name='', tokenizer_name='', max_source_length=128, max_target_length=128, warm_up_ratio=0.1, do_train=True, do_eval=True, do_test=True, do_lower_case=False, learning_rate=5e-05, beam_size=10, weight_decay=0.0, adam_epsilon=1e-08, max_grad_norm=1.0, max_steps=-1, eval_steps=-1, train_steps=-1, local_rank=-1, seed=42, early_stop_threshold=3)
Process rank: -1, device: cuda, n_gpu: 1, distributed training: False, model_name: Salesforce/codet5p-770m
model created!
Total 1000 training instances 
***** Running training *****
  Num examples = 1000
  Batch size = 8
  Num epoch = 10

***** Running evaluation *****
  Num examples = 500
  Batch size = 4
  epoch = 0
  eval_ppl = 1.00368
  global_step = 126
  train_loss = 0.7282
  ********************
Previous best ppl:inf
Achieve Best ppl:1.00368
  ********************
BLEU file: ./data/RQ5/javascript_1000_2/validation.jsonl
  codebleu-4 = 62.8 	 Previous best codebleu 0
  ********************
 Achieve Best bleu:62.8
  ********************

***** Running evaluation *****
  Num examples = 500
  Batch size = 4
  epoch = 1
  eval_ppl = 1.00361
  global_step = 251
  train_loss = 0.3225
  ********************
Previous best ppl:1.00368
Achieve Best ppl:1.00361
  ********************
BLEU file: ./data/RQ5/javascript_1000_2/validation.jsonl
  codebleu-4 = 64.04 	 Previous best codebleu 62.8
  ********************
 Achieve Best bleu:64.04
  ********************

***** Running evaluation *****
  Num examples = 500
  Batch size = 4
  epoch = 2
  eval_ppl = 1.00405
  global_step = 376
  train_loss = 0.1704
  ********************
Previous best ppl:1.00361
BLEU file: ./data/RQ5/javascript_1000_2/validation.jsonl
  codebleu-4 = 65.17 	 Previous best codebleu 64.04
  ********************
 Achieve Best bleu:65.17
  ********************

***** Running evaluation *****
  Num examples = 500
  Batch size = 4
  epoch = 3
  eval_ppl = 1.00409
  global_step = 501
  train_loss = 0.0888
  ********************
Previous best ppl:1.00361
BLEU file: ./data/RQ5/javascript_1000_2/validation.jsonl
  codebleu-4 = 64.77 	 Previous best codebleu 65.17
  ********************

***** Running evaluation *****
  Num examples = 500
  Batch size = 4
  epoch = 4
  eval_ppl = 1.0047
  global_step = 626
  train_loss = 0.0485
  ********************
Previous best ppl:1.00361
BLEU file: ./data/RQ5/javascript_1000_2/validation.jsonl
  codebleu-4 = 65.72 	 Previous best codebleu 65.17
  ********************
 Achieve Best bleu:65.72
  ********************

***** Running evaluation *****
  Num examples = 500
  Batch size = 4
  epoch = 5
  eval_ppl = 1.00499
  global_step = 751
  train_loss = 0.0318
  ********************
Previous best ppl:1.00361
BLEU file: ./data/RQ5/javascript_1000_2/validation.jsonl
  codebleu-4 = 65.29 	 Previous best codebleu 65.72
  ********************

***** Running evaluation *****
  Num examples = 500
  Batch size = 4
  epoch = 6
  eval_ppl = 1.00493
  global_step = 876
  train_loss = 0.019
  ********************
Previous best ppl:1.00361
BLEU file: ./data/RQ5/javascript_1000_2/validation.jsonl
  codebleu-4 = 66.11 	 Previous best codebleu 65.72
  ********************
 Achieve Best bleu:66.11
  ********************

***** Running evaluation *****
  Num examples = 500
  Batch size = 4
  epoch = 7
  eval_ppl = 1.00529
  global_step = 1001
  train_loss = 0.0128
  ********************
Previous best ppl:1.00361
BLEU file: ./data/RQ5/javascript_1000_2/validation.jsonl
  codebleu-4 = 65.77 	 Previous best codebleu 66.11
  ********************

***** Running evaluation *****
  Num examples = 500
  Batch size = 4
  epoch = 8
  eval_ppl = 1.00533
  global_step = 1126
  train_loss = 0.0079
  ********************
Previous best ppl:1.00361
BLEU file: ./data/RQ5/javascript_1000_2/validation.jsonl
  codebleu-4 = 65.81 	 Previous best codebleu 66.11
  ********************

***** Running evaluation *****
  Num examples = 500
  Batch size = 4
  epoch = 9
  eval_ppl = 1.00538
  global_step = 1251
  train_loss = 0.0068
  ********************
Previous best ppl:1.00361
BLEU file: ./data/RQ5/javascript_1000_2/validation.jsonl
  codebleu-4 = 65.73 	 Previous best codebleu 66.11
  ********************
Namespace(log_name='./RQ5/javascript_1000/f2_codet5p_770m.log', model_name='Salesforce/codet5p-770m', lang='javascript', output_dir='RQ5/javascript_1000/f2_codet5p_770m', data_dir='./data/RQ5/javascript_1000_2', no_cuda=False, visible_gpu='0', add_task_prefix=False, add_lang_ids=False, num_train_epochs=10, num_test_epochs=10, train_batch_size=8, eval_batch_size=4, gradient_accumulation_steps=2, load_model_path=None, config_name='', tokenizer_name='', max_source_length=128, max_target_length=128, warm_up_ratio=0.1, do_train=True, do_eval=True, do_test=True, do_lower_case=False, learning_rate=5e-05, beam_size=10, weight_decay=0.0, adam_epsilon=1e-08, max_grad_norm=1.0, max_steps=-1, eval_steps=-1, train_steps=-1, local_rank=-1, seed=42, early_stop_threshold=3)
Process rank: -1, device: cuda, n_gpu: 1, distributed training: False, model_name: Salesforce/codet5p-770m
model created!
Total 1000 training instances 
***** Running training *****
  Num examples = 1000
  Batch size = 8
  Num epoch = 10

***** Running evaluation *****
  Num examples = 500
  Batch size = 4
  epoch = 0
  eval_ppl = 1.00368
  global_step = 126
  train_loss = 0.7282
  ********************
Previous best ppl:inf
Achieve Best ppl:1.00368
  ********************
BLEU file: ./data/RQ5/javascript_1000_2/validation.jsonl
  codebleu-4 = 62.82 	 Previous best codebleu 0
  ********************
 Achieve Best bleu:62.82
  ********************

***** Running evaluation *****
  Num examples = 500
  Batch size = 4
  epoch = 1
  eval_ppl = 1.00361
  global_step = 251
  train_loss = 0.3225
  ********************
Previous best ppl:1.00368
Achieve Best ppl:1.00361
  ********************
BLEU file: ./data/RQ5/javascript_1000_2/validation.jsonl
  codebleu-4 = 64.07 	 Previous best codebleu 62.82
  ********************
 Achieve Best bleu:64.07
  ********************

***** Running evaluation *****
  Num examples = 500
  Batch size = 4
  epoch = 2
  eval_ppl = 1.00405
  global_step = 376
  train_loss = 0.1704
  ********************
Previous best ppl:1.00361
BLEU file: ./data/RQ5/javascript_1000_2/validation.jsonl
  codebleu-4 = 65.19 	 Previous best codebleu 64.07
  ********************
 Achieve Best bleu:65.19
  ********************

***** Running evaluation *****
  Num examples = 500
  Batch size = 4
  epoch = 3
  eval_ppl = 1.00409
  global_step = 501
  train_loss = 0.0888
  ********************
Previous best ppl:1.00361
BLEU file: ./data/RQ5/javascript_1000_2/validation.jsonl
  codebleu-4 = 64.8 	 Previous best codebleu 65.19
  ********************

***** Running evaluation *****
  Num examples = 500
  Batch size = 4
  epoch = 4
  eval_ppl = 1.0047
  global_step = 626
  train_loss = 0.0485
  ********************
Previous best ppl:1.00361
BLEU file: ./data/RQ5/javascript_1000_2/validation.jsonl
  codebleu-4 = 65.76 	 Previous best codebleu 65.19
  ********************
 Achieve Best bleu:65.76
  ********************

***** Running evaluation *****
  Num examples = 500
  Batch size = 4
  epoch = 5
  eval_ppl = 1.00499
  global_step = 751
  train_loss = 0.0318
  ********************
Previous best ppl:1.00361
BLEU file: ./data/RQ5/javascript_1000_2/validation.jsonl
  codebleu-4 = 65.33 	 Previous best codebleu 65.76
  ********************

***** Running evaluation *****
  Num examples = 500
  Batch size = 4
  epoch = 6
  eval_ppl = 1.00493
  global_step = 876
  train_loss = 0.019
  ********************
Previous best ppl:1.00361
BLEU file: ./data/RQ5/javascript_1000_2/validation.jsonl
  codebleu-4 = 66.14 	 Previous best codebleu 65.76
  ********************
 Achieve Best bleu:66.14
  ********************

***** Running evaluation *****
  Num examples = 500
  Batch size = 4
  epoch = 7
  eval_ppl = 1.00529
  global_step = 1001
  train_loss = 0.0128
  ********************
Previous best ppl:1.00361
BLEU file: ./data/RQ5/javascript_1000_2/validation.jsonl
  codebleu-4 = 65.81 	 Previous best codebleu 66.14
  ********************

***** Running evaluation *****
  Num examples = 500
  Batch size = 4
  epoch = 8
  eval_ppl = 1.00533
  global_step = 1126
  train_loss = 0.0079
  ********************
Previous best ppl:1.00361
BLEU file: ./data/RQ5/javascript_1000_2/validation.jsonl
  codebleu-4 = 65.84 	 Previous best codebleu 66.14
  ********************

***** Running evaluation *****
  Num examples = 500
  Batch size = 4
  epoch = 9
  eval_ppl = 1.00538
  global_step = 1251
  train_loss = 0.0068
  ********************
Previous best ppl:1.00361
BLEU file: ./data/RQ5/javascript_1000_2/validation.jsonl
  codebleu-4 = 65.76 	 Previous best codebleu 66.14
  ********************
reload model from RQ5/javascript_1000/f2_codet5p_770m/checkpoint-best-bleu
BLEU file: ./data/RQ5/javascript_1000_2/test.jsonl
  codebleu = 64.71 
  Total = 500 
  Exact Fixed = 89 
[1, 3, 17, 20, 21, 26, 29, 30, 38, 51, 53, 61, 69, 80, 90, 96, 97, 103, 104, 110, 112, 122, 130, 133, 134, 141, 143, 145, 151, 152, 163, 165, 168, 176, 178, 192, 195, 202, 204, 208, 212, 220, 222, 227, 236, 241, 250, 262, 271, 278, 301, 313, 317, 322, 327, 345, 353, 354, 356, 359, 383, 385, 387, 390, 392, 393, 394, 405, 409, 412, 413, 414, 415, 420, 429, 431, 434, 435, 443, 451, 452, 453, 454, 471, 481, 487, 495, 497, 500]
  Syntax Fixed = 6 
[71, 119, 351, 373, 402, 410]
  Cleaned Fixed = 3 
[230, 232, 294]
  ********************
  Total = 500 
  Exact Fixed = 89 
[1, 3, 17, 20, 21, 26, 29, 30, 38, 51, 53, 61, 69, 80, 90, 96, 97, 103, 104, 110, 112, 122, 130, 133, 134, 141, 143, 145, 151, 152, 163, 165, 168, 176, 178, 192, 195, 202, 204, 208, 212, 220, 222, 227, 236, 241, 250, 262, 271, 278, 301, 313, 317, 322, 327, 345, 353, 354, 356, 359, 383, 385, 387, 390, 392, 393, 394, 405, 409, 412, 413, 414, 415, 420, 429, 431, 434, 435, 443, 451, 452, 453, 454, 471, 481, 487, 495, 497, 500]
  Syntax Fixed = 6 
[71, 119, 351, 373, 402, 410]
  Cleaned Fixed = 3 
[230, 232, 294]
  codebleu = 64.71 
[0.9891483218006352, 0.6919266365055134, 1.0, 0.30393288999224705, 0.07029921835742681, 0.3114330635523529, 0.6530550965302279, 0.6670229742923897, 0.7955331470954285, 0.591516286342532, 0.8955980328281301, 0.8696847134058581, 0.25255157651202054, 0.6329739871337788, 0.5466127647565298, 0.6452148813321528, 1.0, 0.6057649027320717, 0.0, 1.0, 1.0, 0.28178507258525926, 0.7805765263563849, 0.5142322358777737, 0.4777185731223784, 0.8249365300761395, 0.8597766350872547, 0.3376323968592499, 0.8114529051148651, 0.7230619919314705, 0.8494413741851621, 0.7881136779802395, 0.5569233382345435, 0.8570961003195992, 0.5570177454869844, 0.5696431220857536, 0.7191441569283882, 0.9891483218006352, 0.3340047425620204, 0.634739134738433, 0.8573464528613979, 0.8292906179772745, 0.6684686576264115, 0.8198293080551287, 0.717352101225173, 0.595338884156193, 0.9068382385286933, 0.8178607431385985, 0.3053502366259113, 0.7026136760976884, 1.0, 0.805453099521674, 1.0, 0.5264886858900315, 0.3533755248262469, 0.5465085296294044, 0.225226036889931, 0.5338054518326395, 0.712432895242584, 0.8769671371303185, 1.0, 0.2605255056885018, 0.7419511383147508, 0.579342208411512, 0.7158229243802021, 0.7076923076923076, 0.7936754010709148, 0.6983338153069474, 0.8249365300761395, 0.9616979821237088, 0.9238877689380496, 0.639544029461198, 0.714297617187952, 0.37016971107762675, 0.6445931574752105, 0.13846153846153847, 0.7007761645654145, 0.6693279612505663, 0.11414032926785059, 1.0, 0.7834298712141025, 0.5718336933369629, 0.5637946891611503, 0.4054183564853334, 0.20613487118166404, 0.5115289887177313, 0.48211004236477467, 0.5960203889580482, 0.6105000222446973, 1.0, 0.06, 0.7762673059547192, 0.7541146311515832, 0.6492633713864637, 0.7886150441973765, 1.0, 1.0, 0.636116060033499, 0.9321212086381336, 0.3429136164996205, 0.2799449403593628, 0.792541755696136, 1.0, 1.0, 0.7418506489774956, 0.8593981631857175, 0.6284996973575898, 0.5102043912123392, 0.6755568064749966, 1.0, 0.5532136440138307, 1.0, 0.4536911179244788, 0.3285833314736663, 0.8433864730341443, 0.8494781978987964, 0.5418035126585234, 0.9441518237028776, 0.8328652716986997, 0.510980970646246, 0.7522712571363831, 1.0, 0.4470581748828688, 0.28515328647075866, 0.7423419728115106, 0.5202383358877665, 0.2974610638433307, 0.5959813808622627, 0.7106694541072518, 1.0, 0.14224981392389122, 0.7422623816391947, 1.0, 1.0, 0.22223671682476653, 0.788621161034652, 0.19348034809444703, 0.746924700641056, 0.5478601768024036, 0.5034565281322195, 1.0, 0.8895167143017912, 0.8729750254435045, 0.7014499169499973, 0.8651704051777762, 0.6086737860987872, 0.25261499872862503, 0.7052417265721136, 0.736830916576784, 0.821158185511117, 0.9891483218006352, 1.0, 0.2933192603414, 0.526797617187952, 0.6447493541549711, 0.5206446513715257, 0.94393416003725, 0.5865265109839976, 0.21170458518859758, 0.23049138297301558, 0.29157092899041875, 0.5774263257292502, 1.0, 0.15189466770624754, 1.0, 0.7119141101737263, 0.5907915119421392, 1.0, 0.3544908721645896, 0.763164063705378, 0.7860594922037922, 0.45241016540792056, 0.6326113951144225, 0.561267769761279, 0.5809475826393302, 1.0, 0.5429068818121541, 1.0, 0.45508310949075587, 0.594064847556794, 0.6051294155160957, 0.19035071477803323, 0.9396769988489013, 0.2617374951565433, 0.5507915119421392, 0.6970198862562978, 0.3680025992453323, 0.5382841518266749, 0.7191441569283882, 0.7214486926612427, 0.4885926413190037, 1.0, 0.5819798032395376, 0.6377108948961138, 1.0, 0.8257887556015677, 0.7504004004704901, 0.34414336447190186, 0.3897105619156626, 0.6373284485578412, 0.6390982360654051, 1.0, 0.8433766349070695, 1.0, 0.7437798335299273, 0.7389818793448713, 0.6426062098732228, 1.0, 0.5525381978884832, 0.642842712474619, 0.79675661863395, 0.8480747380382081, 0.0, 0.2600677332832448, 0.7190907364295069, 0.10432572807625493, 0.40864182130614674, 0.6512223502463547, 0.6745488340760462, 1.0, 0.5691230775634993, 1.0, 0.25704272418535706, 0.48008351850567155, 0.38421093443615684, 0.667497282233787, 1.0, 0.7250616602316542, 0.6642742735155721, 0.7759864346801086, 0.6893858380618342, 0.9036307963613739, 0.5537998353931795, 0.9105639359235915, 0.3508081453961951, 1.0, 0.9142445273649933, 0.5893949501703277, 0.6429397336493281, 0.636964721661222, 1.0, 0.7833273697099519, 0.364968013784138, 0.27558314725722455, 0.4453710621987834, 0.8877459225855626, 0.7158229243802021, 0.5843819059072867, 0.8605374879342913, 1.0, 0.7409858594047116, 0.15997084006767517, 0.20866354767478065, 0.766682914692771, 0.6748885220437988, 0.05826198148277789, 0.4118819918812901, 0.7737167429613258, 0.7591790791391035, 0.36016900549754294, 0.23669321919655517, 1.0, 0.7511200104643803, 0.8827895563342798, 0.893803854707065, 0.7127774792622994, 0.9009268392001792, 0.6001252633457674, 0.5347428106038496, 0.2158229243802022, 1.0, 0.7604979526305213, 0.6440993313853645, 0.684304298084699, 0.776554029901346, 0.4339213351685698, 0.778785113836511, 1.0, 0.706469885204883, 0.2179371010579758, 0.11666737327895797, 0.9542333350628116, 0.4903510788203176, 0.7183698417862214, 0.11582292438020222, 0.7341765280314609, 0.8496006392880524, 0.5822109370915456, 0.749925761713913, 0.8161547359011423, 0.09230769230769231, 0.8319390869638097, 0.8348098658044443, 0.8201781496971694, 0.0, 0.7451974543165035, 0.8387796716807858, 0.7602608097855714, 0.6742654297681573, 0.8276851859011425, 1.0, 0.512283842723568, 0.6866411249144649, 0.6868474083243508, 0.0, 0.6256901857447166, 0.7301961448188755, 0.3807256007926331, 0.5194637253863024, 0.38683567216420955, 0.786253686953794, 0.41145898320123175, 0.9891483218006352, 0.4984324668005956, 0.85, 0.5388223314197078, 1.0, 0.6259403648918203, 0.05908548416281499, 0.32641839065175154, 0.8387796716807858, 1.0, 0.5336911179244788, 0.666005991419756, 0.6730908208928771, 0.7642174218152427, 1.0, 0.6094129773172783, 0.7306660210271261, 0.6429507430290563, 0.3319572907937111, 0.0, 0.5261072559244404, 0.714297617187952, 0.5326080313569397, 0.7125108877355164, 0.30831848424488534, 0.6953602200025533, 0.5780365272269377, 0.1759424130312673, 0.40156651918683534, 0.5274799788295772, 0.9299711370778252, 0.7956991122779565, 1.0, 0.5378641307847696, 0.6160391794642067, 0.4439880235161811, 0.6630804239841512, 0.8176593989567298, 0.8377494272294752, 0.7170015046833873, 1.0, 1.0, 0.2141529587579214, 0.8249365300761395, 0.5674961219905689, 0.23981808679604116, 1.0, 0.515257901063438, 0.008694754573109073, 0.606514780687814, 0.41807263856718657, 0.808221529667446, 0.726589772102437, 0.39606856837889304, 0.7710658705890923, 0.4975910598226685, 0.477096516758575, 0.36587342440580645, 0.34393366415687754, 0.2627166511815171, 0.9469728550743763, 0.32340833096900673, 0.8184276974159628, 0.12, 0.9701564725523897, 0.7504004004704901, 0.0035670026709032432, 0.7431351738566481, 0.19604690891443288, 0.5848600111583886, 0.8249365300761395, 0.447298452667235, 1.0, 0.5578607431385983, 1.0, 0.3508081453961951, 0.7285380935292984, 0.9891483218006352, 0.2088017714661632, 1.0, 1.0, 1.0, 0.7353746106262073, 0.4821379477582639, 0.6530817392743746, 0.8651650731090275, 0.8223873319410013, 0.4561469513015429, 0.1650567204976689, 0.7970182644937875, 0.3917384128764327, 0.10348801095303897, 1.0, 0.731117687292167, 0.5155213451404349, 0.31977476369658997, 1.0, 0.9059642451028274, 0.8403116829613333, 1.0, 0.7135428903906851, 1.0, 1.0, 0.6549780845589401, 0.801169789534145, 0.4339058460894847, 0.554739134738433, 1.0, 0.3889379432495441, 0.05540387552681966, 0.030390470936082048, 0.4664355844276247, 0.8601527033303111, 0.8031160202429322, 0.6111302003323119, 0.6559327101364547, 0.9891483218006352, 0.729322874167972, 1.0, 0.6567389877523072, 0.7852451152245079, 0.9891483218006352, 1.0, 0.9437836987242729, 0.611555137324453, 0.8362062829761001, 0.6312773140081831, 0.5929330292933186, 0.8023971576601443, 0.3826556713691657, 1.0, 0.3502278939890302, 0.30085669140553134, 0.7553071103169158, 0.39478364465107074, 0.7498018405233149, 0.6310308074685265, 0.35624947398505524, 1.0, 1.0, 1.0, 1.0, 0.075, 0.43572033613596517, 0.6035124809436885, 0.7560081578877182, 0.5489718220056494, 0.45473913473843297, 0.13147527524878538, 0.662775442898248, 0.9024101654079206, 0.5523913421855372, 0.4062652820919249, 0.36905601805001587, 0.4616760548423344, 0.7340398687371076, 0.9495565333799167, 0.5181549779290909, 1.0, 0.40137247882087534, 0.8752050509144789, 0.7224171275474598, 0.7366289756845221, 0.6586275761728796, 0.22540416313119604, 0.2945102422011197, 0.8502367699851867, 0.4878372832477157, 0.9891483218006352, 0.39675296426202156, 0.9039342742606371, 0.5528761513747529, 0.918115627804579, 0.4399117880830822, 1.0, 0.24090702262082825, 0.8255980153481091, 0.25016079085323406, 0.5644129773172782, 0.537247623665976, 0.5071296454239946, 0.784596139622804, 1.0, 0.45759530908884194, 0.9891483218006352, 0.6222244648066615, 0.8873946414934641, 1.0]
Finish training and take 49m
