Namespace(log_name='./RQ5/javascript_1000/f2_codet5p_220m.log', model_name='Salesforce/codet5p-220m', lang='javascript', output_dir='RQ5/javascript_1000/f2_codet5p_220m', data_dir='./data/RQ5/javascript_1000_2', no_cuda=False, visible_gpu='0', add_task_prefix=False, add_lang_ids=False, num_train_epochs=10, num_test_epochs=10, train_batch_size=8, eval_batch_size=4, gradient_accumulation_steps=2, load_model_path=None, config_name='', tokenizer_name='', max_source_length=128, max_target_length=128, warm_up_ratio=0.1, do_train=True, do_eval=True, do_test=True, do_lower_case=False, learning_rate=5e-05, beam_size=10, weight_decay=0.0, adam_epsilon=1e-08, max_grad_norm=1.0, max_steps=-1, eval_steps=-1, train_steps=-1, local_rank=-1, seed=42, early_stop_threshold=3)
Process rank: -1, device: cuda, n_gpu: 1, distributed training: False, model_name: Salesforce/codet5p-220m
model created!
Total 1000 training instances 
***** Running training *****
  Num examples = 1000
  Batch size = 8
  Num epoch = 10

***** Running evaluation *****
  Num examples = 500
  Batch size = 4
  epoch = 0
  eval_ppl = 1.00412
  global_step = 126
  train_loss = 0.7555
  ********************
Previous best ppl:inf
Achieve Best ppl:1.00412
  ********************
BLEU file: ./data/RQ5/javascript_1000_2/validation.jsonl
  codebleu-4 = 60.95 	 Previous best codebleu 0
  ********************
 Achieve Best bleu:60.95
  ********************

***** Running evaluation *****
  Num examples = 500
  Batch size = 4
  epoch = 1
  eval_ppl = 1.0038
  global_step = 251
  train_loss = 0.4079
  ********************
Previous best ppl:1.00412
Achieve Best ppl:1.0038
  ********************
BLEU file: ./data/RQ5/javascript_1000_2/validation.jsonl
  codebleu-4 = 63.76 	 Previous best codebleu 60.95
  ********************
 Achieve Best bleu:63.76
  ********************

***** Running evaluation *****
  Num examples = 500
  Batch size = 4
  epoch = 2
  eval_ppl = 1.00403
  global_step = 376
  train_loss = 0.2629
  ********************
Previous best ppl:1.0038
BLEU file: ./data/RQ5/javascript_1000_2/validation.jsonl
  codebleu-4 = 63.39 	 Previous best codebleu 63.76
  ********************

***** Running evaluation *****
  Num examples = 500
  Batch size = 4
  epoch = 3
  eval_ppl = 1.0042
  global_step = 501
  train_loss = 0.1736
  ********************
Previous best ppl:1.0038
BLEU file: ./data/RQ5/javascript_1000_2/validation.jsonl
  codebleu-4 = 64.8 	 Previous best codebleu 63.76
  ********************
 Achieve Best bleu:64.8
  ********************

***** Running evaluation *****
  Num examples = 500
  Batch size = 4
  epoch = 4
  eval_ppl = 1.00428
  global_step = 626
  train_loss = 0.118
  ********************
Previous best ppl:1.0038
BLEU file: ./data/RQ5/javascript_1000_2/validation.jsonl
  codebleu-4 = 65.34 	 Previous best codebleu 64.8
  ********************
 Achieve Best bleu:65.34
  ********************

***** Running evaluation *****
  Num examples = 500
  Batch size = 4
  epoch = 5
  eval_ppl = 1.00455
  global_step = 751
  train_loss = 0.0821
  ********************
Previous best ppl:1.0038
BLEU file: ./data/RQ5/javascript_1000_2/validation.jsonl
  codebleu-4 = 65.37 	 Previous best codebleu 65.34
  ********************
 Achieve Best bleu:65.37
  ********************

***** Running evaluation *****
  Num examples = 500
  Batch size = 4
  epoch = 6
  eval_ppl = 1.00474
  global_step = 876
  train_loss = 0.0579
  ********************
Previous best ppl:1.0038
BLEU file: ./data/RQ5/javascript_1000_2/validation.jsonl
  codebleu-4 = 65.33 	 Previous best codebleu 65.37
  ********************

***** Running evaluation *****
  Num examples = 500
  Batch size = 4
  epoch = 7
  eval_ppl = 1.0049
  global_step = 1001
  train_loss = 0.0448
  ********************
Previous best ppl:1.0038
BLEU file: ./data/RQ5/javascript_1000_2/validation.jsonl
  codebleu-4 = 65.03 	 Previous best codebleu 65.37
  ********************

***** Running evaluation *****
  Num examples = 500
  Batch size = 4
  epoch = 8
  eval_ppl = 1.00495
  global_step = 1126
  train_loss = 0.0331
  ********************
Previous best ppl:1.0038
BLEU file: ./data/RQ5/javascript_1000_2/validation.jsonl
  codebleu-4 = 64.7 	 Previous best codebleu 65.37
  ********************
reload model from RQ5/javascript_1000/f2_codet5p_220m/checkpoint-best-bleu
BLEU file: ./data/RQ5/javascript_1000_2/test.jsonl
  codebleu = 64.33 
  Total = 500 
  Exact Fixed = 91 
[1, 3, 7, 9, 20, 21, 35, 38, 42, 51, 53, 60, 61, 69, 78, 80, 83, 90, 96, 104, 108, 110, 113, 119, 122, 133, 145, 150, 152, 163, 165, 168, 176, 178, 187, 189, 192, 195, 202, 204, 208, 209, 210, 220, 227, 230, 233, 241, 242, 249, 262, 271, 275, 293, 301, 317, 322, 327, 337, 341, 345, 353, 354, 356, 359, 367, 383, 385, 387, 393, 394, 405, 409, 412, 414, 415, 420, 429, 431, 434, 437, 451, 452, 454, 471, 477, 480, 481, 487, 497, 500]
  Syntax Fixed = 6 
[146, 173, 311, 373, 402, 410]
  Cleaned Fixed = 6 
[109, 129, 151, 170, 294, 328]
  ********************
  Total = 500 
  Exact Fixed = 91 
[1, 3, 7, 9, 20, 21, 35, 38, 42, 51, 53, 60, 61, 69, 78, 80, 83, 90, 96, 104, 108, 110, 113, 119, 122, 133, 145, 150, 152, 163, 165, 168, 176, 178, 187, 189, 192, 195, 202, 204, 208, 209, 210, 220, 227, 230, 233, 241, 242, 249, 262, 271, 275, 293, 301, 317, 322, 327, 337, 341, 345, 353, 354, 356, 359, 367, 383, 385, 387, 393, 394, 405, 409, 412, 414, 415, 420, 429, 431, 434, 437, 451, 452, 454, 471, 477, 480, 481, 487, 497, 500]
  Syntax Fixed = 6 
[146, 173, 311, 373, 402, 410]
  Cleaned Fixed = 6 
[109, 129, 151, 170, 294, 328]
  codebleu = 64.33 
[0.9891483218006352, 0.6919266365055134, 1.0, 0.5229808431453671, 0.07029921835742681, 0.3237057908250802, 1.0, 0.6295229742923897, 1.0, 0.591516286342532, 0.8955980328281301, 0.8696847134058581, 0.25255157651202054, 0.6329739871337788, 0.5466127647565298, 0.6452148813321528, 0.620688256491589, 0.6724315693987384, 0.0, 1.0, 1.0, 0.28178507258525926, 0.8708250323025346, 0.7158229243802021, 0.4777185731223784, 0.557190822574687, 0.8597766350872547, 0.5752284068217509, 0.6508081453961951, 0.46591913478861324, 0.8494413741851621, 0.7881136779802395, 0.5624682297615191, 0.8570961003195992, 0.8114529051148651, 0.5696431220857536, 0.7191441569283882, 0.9891483218006352, 0.3340047425620204, 0.634739134738433, 0.8573464528613979, 1.0, 0.6684686576264115, 0.8198293080551287, 0.717352101225173, 0.6082742323311118, 0.9068382385286933, 0.8178607431385985, 0.3053502366259113, 0.7026136760976884, 1.0, 0.7134368475808912, 1.0, 0.5264886858900315, 0.28057251275615136, 0.41080814539619515, 0.225226036889931, 0.5338054518326395, 0.6352900380997268, 1.0, 1.0, 0.32719217235516845, 0.7419511383147508, 0.5991952091552186, 0.7158229243802021, 0.7076923076923076, 0.520475743600805, 0.6983338153069474, 0.8249365300761395, 0.9616979821237088, 0.8301377689380496, 0.639544029461198, 0.714297617187952, 0.37016971107762675, 0.6445931574752105, 0.13636363636363635, 0.5069117835177426, 1.0, 0.1495352051294258, 1.0, 0.5668276635701768, 0.5718336933369629, 1.0, 0.4054183564853334, 0.20613487118166404, 0.5115289887177313, 0.48211004236477467, 0.5960203889580482, 0.6105000222446973, 1.0, 0.06, 0.7762673059547192, 0.6565560097887984, 0.6492633713864637, 0.7298304277609075, 1.0, 0.7274440918082995, 0.7420917166391208, 0.9321212086381336, 0.34361614777788374, 0.2799449403593628, 0.7819827494849558, 0.5627200451626766, 1.0, 0.6884282153100678, 0.7231768745952197, 0.6284996973575898, 1.0, 0.8521347462244511, 1.0, 0.5532136440138307, 0.6488884298635612, 0.7135428903906851, 0.29891300180333663, 0.6784649729311896, 0.8494781978987964, 0.5418035126585234, 0.8502961496218351, 1.0, 0.510980970646246, 0.7522712571363831, 1.0, 0.4470581748828688, 0.36217875471464306, 0.7667366858513032, 0.9491673847910091, 0.2974610638433307, 0.5959813808622627, 0.5335178544671608, 0.7916769534168779, 0.14224981392389122, 0.7422623816391947, 1.0, 0.7537105251378287, 0.3508081453961951, 0.68390320373081, 0.19348034809444703, 0.5242857383161393, 0.5978601768024037, 0.6094129773172783, 0.5871864727688051, 0.8261757460125112, 0.6885563956126466, 0.7014499169499973, 0.8651704051777762, 0.8149139863647084, 0.3632462232889623, 0.503191349857689, 0.736830916576784, 1.0, 0.8145082176095655, 1.0, 0.2933192603414, 0.526797617187952, 0.6447493541549711, 0.4559624050320348, 0.902700490932961, 0.5865265109839976, 0.21170458518859758, 0.23049138297301558, 0.29157092899041875, 0.5774263257292502, 1.0, 0.15189466770624754, 1.0, 0.4970818198712149, 0.5907915119421392, 1.0, 0.3544908721645896, 0.6577359353975811, 0.7860594922037922, 0.45241016540792056, 0.8983157796360077, 0.561267769761279, 0.5809475826393302, 1.0, 0.5259572846439411, 1.0, 0.45508310949075587, 0.5330903592369812, 0.6051294155160957, 0.19035071477803323, 0.9396769988489013, 0.10758390671207611, 0.5707915119421392, 0.6662517128137839, 0.8114529051148651, 0.5382841518266749, 1.0, 0.7464203428813994, 0.48025930798567035, 1.0, 0.5819798032395376, 0.6707350069254493, 1.0, 0.8257887556015677, 0.7504004004704901, 0.34414336447190186, 0.3897105619156626, 0.6357741351064675, 0.4626065739464229, 1.0, 0.8433766349070695, 1.0, 0.7437798335299273, 0.7803034446230322, 0.6426062098732228, 1.0, 1.0, 1.0, 0.8824709043482357, 0.853251435829042, 0.006462586657983039, 0.22419155352810277, 0.7190907364295069, 0.56369994186322, 0.33212621654037877, 0.6512223502463547, 0.8304054224244419, 1.0, 0.5691230775634993, 0.58189415539785, 0.25704272418535706, 0.5761697895341449, 0.38421093443615684, 0.3765250756683922, 1.0, 0.7250616602316542, 0.6642742735155721, 1.0, 0.6930428146435975, 0.4528494378212512, 1.0, 0.9105639359235915, 0.3508081453961951, 0.32351606303609787, 0.9142445273649933, 0.6515950349550133, 0.6429397336493281, 0.636964721661222, 1.0, 1.0, 0.3373940575497127, 0.27558314725722455, 0.4453710621987834, 0.8877459225855626, 0.7158229243802021, 0.4920742135995943, 1.0, 0.8576593989567298, 0.7541726725915248, 0.15997084006767517, 0.20866354767478065, 0.766682914692771, 0.6748885220437988, 0.2379911542742785, 0.4118819918812901, 0.6530133539766054, 0.9141000841539659, 0.36016900549754294, 0.1316932191965552, 1.0, 0.530062719015709, 0.8827895563342798, 0.8334368581583553, 0.7127774792622994, 0.9009268392001792, 0.8911681618460494, 0.5347428106038496, 0.2158229243802022, 1.0, 0.7229132904585939, 0.61801956172107, 0.6793788456922385, 1.0, 0.4075117576536669, 0.778785113836511, 0.33036017439379955, 0.664666498036079, 0.2179371010579758, 0.11666737327895797, 0.8439610348687525, 0.4903510788203176, 0.47711560659055585, 0.11582292438020222, 0.7035053503507767, 0.7905350201669267, 0.5822109370915456, 0.830168764298918, 0.8161547359011423, 0.09473684210526315, 0.8319390869638097, 1.0, 0.8201781496971694, 0.0, 0.7451974543165035, 0.8387796716807858, 0.7300656092802488, 0.6742654297681573, 0.8276851859011425, 1.0, 0.512283842723568, 0.6866411249144649, 0.6868474083243508, 0.6903510788203177, 0.6873247443252544, 0.7301961448188755, 0.3807256007926331, 0.5194637253863024, 0.38683567216420955, 0.9176675865658077, 0.41145898320123175, 0.634739134738433, 0.6614608437091956, 0.85, 0.5388223314197078, 1.0, 0.6259403648918203, 0.08233507301898058, 0.32641839065175154, 0.8387796716807858, 1.0, 0.5336911179244788, 0.944274958466798, 0.6730908208928771, 0.6925657080320967, 1.0, 0.6119613551150405, 0.8651617586216563, 0.5625735889318473, 0.3319572907937111, 0.0, 0.5261072559244404, 0.714297617187952, 0.5326080313569397, 0.7125108877355164, 0.9891483218006352, 0.6953602200025533, 0.5780365272269377, 0.1759424130312673, 0.9891483218006352, 0.4005326816439736, 0.9299711370778252, 0.9225934589608529, 1.0, 0.5377781264313635, 0.6160391794642067, 0.4439880235161811, 0.6630804239841512, 0.6528942107349146, 0.5969803377115616, 0.7170015046833873, 1.0, 1.0, 0.64272438732935, 0.8249365300761395, 0.5674961219905689, 0.4606972076751621, 1.0, 0.5272579010634381, 0.008694754573109073, 0.606514780687814, 0.41807263856718657, 0.808221529667446, 0.726589772102437, 0.40289299814414176, 1.0, 0.45076591901650565, 0.477096516758575, 0.36587342440580645, 0.34393366415687754, 0.2627166511815171, 0.9469728550743763, 0.32340833096900673, 0.602007580723576, 0.12, 0.5930295341311654, 0.7504004004704901, 0.0031323668437758896, 0.7431351738566481, 0.20461833748586147, 0.5027616393658039, 0.8249365300761395, 0.447298452667235, 1.0, 0.5578607431385983, 1.0, 0.3508081453961951, 0.7285380935292984, 0.604739134738433, 0.2088017714661632, 0.7210658705890922, 1.0, 1.0, 0.7353746106262073, 0.4821379477582639, 0.5789207115002721, 0.8651650731090275, 0.8223873319410013, 0.4561469513015429, 0.1650567204976689, 0.7970182644937875, 0.3917384128764327, 0.10348801095303897, 1.0, 0.731117687292167, 0.5155213451404349, 0.31977476369658997, 1.0, 0.9059642451028274, 0.11153808198081694, 1.0, 0.04535576197454044, 1.0, 1.0, 0.6549780845589401, 0.801169789534145, 0.4339058460894847, 0.554739134738433, 1.0, 0.3889379432495441, 0.05540387552681966, 0.030390470936082048, 0.4664355844276247, 0.8601527033303111, 0.8031160202429322, 0.5402233947178415, 0.6559327101364547, 0.9891483218006352, 0.6626791769304377, 1.0, 0.6567389877523072, 0.7685784485578413, 0.9891483218006352, 0.6285833314736662, 0.9437836987242729, 1.0, 0.4747262001981727, 0.8348591893331347, 0.6120862230985752, 0.8023971576601443, 0.3826556713691657, 0.25311193401315524, 0.3502278939890302, 0.30085669140553134, 0.7553071103169158, 0.39478364465107074, 0.7498018405233149, 0.6310308074685265, 0.35624947398505524, 1.0, 1.0, 0.6954734129482922, 1.0, 0.0857142857142857, 0.41037161862308164, 0.6035124809436885, 0.7560081578877182, 0.6386145203178383, 0.45473913473843297, 0.06480860858211873, 0.662775442898248, 0.9024101654079206, 0.5523913421855372, 0.4062652820919249, 0.36905601805001587, 0.4616760548423344, 0.7340398687371076, 0.9495565333799167, 0.5181549779290909, 1.0, 0.4121831032184268, 0.5486780060731714, 0.7224171275474598, 0.7366289756845221, 0.6586275761728796, 1.0, 0.2382915953335315, 0.8502367699851867, 1.0, 0.9891483218006352, 0.39675296426202156, 0.9039342742606371, 0.7115187153144993, 0.918115627804579, 0.4399117880830822, 1.0, 0.24090702262082825, 0.8255980153481091, 0.25016079085323406, 0.37317161913164243, 0.537247623665976, 0.5071296454239946, 0.7034015874984205, 0.6486474790872043, 0.4298814859959569, 0.9891483218006352, 0.6222244648066615, 0.5257525668097992, 1.0]
Finish training and take 20m
