Namespace(log_name='./RQ5/javascript_1000/f3_codet5p_220m.log', model_name='Salesforce/codet5p-220m', lang='javascript', output_dir='RQ5/javascript_1000/f3_codet5p_220m', data_dir='./data/RQ5/javascript_1000_3', no_cuda=False, visible_gpu='0', add_task_prefix=False, add_lang_ids=False, num_train_epochs=10, num_test_epochs=10, train_batch_size=8, eval_batch_size=4, gradient_accumulation_steps=2, load_model_path=None, config_name='', tokenizer_name='', max_source_length=128, max_target_length=128, warm_up_ratio=0.1, do_train=True, do_eval=True, do_test=True, do_lower_case=False, learning_rate=5e-05, beam_size=10, weight_decay=0.0, adam_epsilon=1e-08, max_grad_norm=1.0, max_steps=-1, eval_steps=-1, train_steps=-1, local_rank=-1, seed=42, early_stop_threshold=3)
Process rank: -1, device: cuda, n_gpu: 1, distributed training: False, model_name: Salesforce/codet5p-220m
model created!
Total 1000 training instances 
***** Running training *****
  Num examples = 1000
  Batch size = 8
  Num epoch = 10

***** Running evaluation *****
  Num examples = 500
  Batch size = 4
  epoch = 0
  eval_ppl = 1.00398
  global_step = 126
  train_loss = 0.7549
  ********************
Previous best ppl:inf
Achieve Best ppl:1.00398
  ********************
BLEU file: ./data/RQ5/javascript_1000_3/validation.jsonl
  codebleu-4 = 62.1 	 Previous best codebleu 0
  ********************
 Achieve Best bleu:62.1
  ********************

***** Running evaluation *****
  Num examples = 500
  Batch size = 4
  epoch = 1
  eval_ppl = 1.00418
  global_step = 251
  train_loss = 0.3934
  ********************
Previous best ppl:1.00398
BLEU file: ./data/RQ5/javascript_1000_3/validation.jsonl
  codebleu-4 = 60.85 	 Previous best codebleu 62.1
  ********************

***** Running evaluation *****
  Num examples = 500
  Batch size = 4
  epoch = 2
  eval_ppl = 1.00398
  global_step = 376
  train_loss = 0.2528
  ********************
Previous best ppl:1.00398
BLEU file: ./data/RQ5/javascript_1000_3/validation.jsonl
  codebleu-4 = 64.47 	 Previous best codebleu 62.1
  ********************
 Achieve Best bleu:64.47
  ********************

***** Running evaluation *****
  Num examples = 500
  Batch size = 4
  epoch = 3
  eval_ppl = 1.00418
  global_step = 501
  train_loss = 0.1693
  ********************
Previous best ppl:1.00398
BLEU file: ./data/RQ5/javascript_1000_3/validation.jsonl
  codebleu-4 = 64.52 	 Previous best codebleu 64.47
  ********************
 Achieve Best bleu:64.52
  ********************

***** Running evaluation *****
  Num examples = 500
  Batch size = 4
  epoch = 4
  eval_ppl = 1.00435
  global_step = 626
  train_loss = 0.1172
  ********************
Previous best ppl:1.00398
BLEU file: ./data/RQ5/javascript_1000_3/validation.jsonl
  codebleu-4 = 64.55 	 Previous best codebleu 64.52
  ********************
 Achieve Best bleu:64.55
  ********************

***** Running evaluation *****
  Num examples = 500
  Batch size = 4
  epoch = 5
  eval_ppl = 1.00452
  global_step = 751
  train_loss = 0.0771
  ********************
Previous best ppl:1.00398
BLEU file: ./data/RQ5/javascript_1000_3/validation.jsonl
  codebleu-4 = 64.8 	 Previous best codebleu 64.55
  ********************
 Achieve Best bleu:64.8
  ********************

***** Running evaluation *****
  Num examples = 500
  Batch size = 4
  epoch = 6
  eval_ppl = 1.00484
  global_step = 876
  train_loss = 0.055
  ********************
Previous best ppl:1.00398
BLEU file: ./data/RQ5/javascript_1000_3/validation.jsonl
  codebleu-4 = 64.91 	 Previous best codebleu 64.8
  ********************
 Achieve Best bleu:64.91
  ********************

***** Running evaluation *****
  Num examples = 500
  Batch size = 4
  epoch = 7
  eval_ppl = 1.00505
  global_step = 1001
  train_loss = 0.0411
  ********************
Previous best ppl:1.00398
BLEU file: ./data/RQ5/javascript_1000_3/validation.jsonl
  codebleu-4 = 64.43 	 Previous best codebleu 64.91
  ********************

***** Running evaluation *****
  Num examples = 500
  Batch size = 4
  epoch = 8
  eval_ppl = 1.0051
  global_step = 1126
  train_loss = 0.0314
  ********************
Previous best ppl:1.00398
BLEU file: ./data/RQ5/javascript_1000_3/validation.jsonl
  codebleu-4 = 65.04 	 Previous best codebleu 64.91
  ********************
 Achieve Best bleu:65.04
  ********************

***** Running evaluation *****
  Num examples = 500
  Batch size = 4
  epoch = 9
  eval_ppl = 1.00516
  global_step = 1251
  train_loss = 0.0283
  ********************
Previous best ppl:1.00398
BLEU file: ./data/RQ5/javascript_1000_3/validation.jsonl
  codebleu-4 = 64.64 	 Previous best codebleu 65.04
  ********************
reload model from RQ5/javascript_1000/f3_codet5p_220m/checkpoint-best-bleu
BLEU file: ./data/RQ5/javascript_1000_3/test.jsonl
  codebleu = 63.99 
  Total = 500 
  Exact Fixed = 96 
[1, 3, 7, 8, 9, 17, 21, 26, 34, 38, 40, 42, 50, 51, 60, 61, 69, 78, 80, 96, 104, 119, 122, 133, 134, 136, 142, 143, 152, 165, 168, 176, 178, 187, 188, 192, 195, 199, 201, 204, 208, 220, 227, 236, 238, 241, 242, 245, 246, 249, 250, 262, 271, 273, 275, 278, 294, 299, 301, 313, 317, 322, 327, 341, 345, 350, 353, 354, 356, 367, 387, 393, 394, 405, 409, 412, 414, 420, 429, 431, 435, 437, 453, 454, 456, 468, 471, 477, 480, 481, 489, 491, 495, 497, 499, 500]
  Syntax Fixed = 5 
[86, 109, 373, 402, 410]
  Cleaned Fixed = 3 
[170, 311, 328]
  ********************
  Total = 500 
  Exact Fixed = 96 
[1, 3, 7, 8, 9, 17, 21, 26, 34, 38, 40, 42, 50, 51, 60, 61, 69, 78, 80, 96, 104, 119, 122, 133, 134, 136, 142, 143, 152, 165, 168, 176, 178, 187, 188, 192, 195, 199, 201, 204, 208, 220, 227, 236, 238, 241, 242, 245, 246, 249, 250, 262, 271, 273, 275, 278, 294, 299, 301, 313, 317, 322, 327, 341, 345, 350, 353, 354, 356, 367, 387, 393, 394, 405, 409, 412, 414, 420, 429, 431, 435, 437, 453, 454, 456, 468, 471, 477, 480, 481, 489, 491, 495, 497, 499, 500]
  Syntax Fixed = 5 
[86, 109, 373, 402, 410]
  Cleaned Fixed = 3 
[170, 311, 328]
  codebleu = 63.99 
[0.9891483218006352, 0.6919266365055134, 1.0, 0.5229808431453671, 0.08436692013296332, 0.3114330635523529, 1.0, 1.0, 1.0, 0.591516286342532, 0.8955980328281301, 0.8696847134058581, 0.25255157651202054, 0.6329739871337788, 0.5466127647565298, 0.6452148813321528, 1.0, 0.5798485095727001, 0.0, 0.6448598858735686, 1.0, 0.28178507258525926, 0.6125263317428937, 0.7158229243802021, 0.4777185731223784, 0.8249365300761395, 0.8597766350872547, 0.396349572956634, 0.6508081453961951, 0.46591913478861324, 0.6980125488038366, 0.7881136779802395, 0.7943817070456347, 1.0, 0.5570177454869844, 0.5696431220857536, 0.7451384298635613, 0.9891483218006352, 0.3340047425620204, 0.9891483218006352, 0.8573464528613979, 1.0, 0.6684686576264115, 0.8198293080551287, 0.717352101225173, 0.6082742323311118, 0.9068382385286933, 0.8178607431385985, 0.1577223617401811, 1.0, 0.7980897550850155, 0.805453099521674, 0.5217365165784443, 0.5264886858900315, 0.26420887639251495, 0.48717178175983145, 0.225226036889931, 0.4311670978442186, 0.6352900380997268, 1.0, 1.0, 0.20296697618476528, 0.7419511383147508, 0.5991952091552186, 0.7158229243802021, 0.7076923076923076, 0.6193393799644413, 0.6983338153069474, 0.8249365300761395, 0.9616979821237088, 0.8301377689380496, 0.639544029461198, 0.714297617187952, 0.0, 0.6445931574752105, 0.13846153846153847, 0.5069117835177426, 1.0, 0.1495352051294258, 1.0, 0.7834298712141025, 0.5718336933369629, 0.5637946891611503, 0.4054183564853334, 0.20613487118166404, 0.8933439658245279, 0.38145324008082115, 0.5894027418992247, 0.47996086480687705, 0.6492561474202864, 0.06, 0.7054819616225767, 0.7315560097887983, 0.6492633713864637, 0.7298304277609075, 1.0, 0.6980472624402649, 0.49692083877985505, 0.9321212086381336, 0.27345032446975304, 0.2799449403593628, 0.7819827494849558, 0.5627200451626766, 1.0, 0.7418506489774956, 0.8593981631857175, 0.6284996973575898, 0.5102043912123392, 0.9270606961251804, 0.8096354401872717, 0.5532136440138307, 0.6488884298635612, 0.4536911179244788, 0.714297617187952, 0.940387748772268, 0.8494781978987964, 0.5418035126585234, 0.9441518237028776, 0.9309433898788251, 0.510980970646246, 0.7522712571363831, 1.0, 0.4470581748828688, 0.36217875471464306, 0.7123419728115106, 0.9491673847910091, 0.2974610638433307, 0.5959813808622627, 0.6996372991605209, 0.6618503204869636, 0.14224981392389122, 0.7422623816391947, 1.0, 1.0, 0.3079510025390523, 1.0, 0.19348034809444703, 0.6742857383161394, 0.5978601768024037, 0.4614069132492895, 0.5243381867290794, 1.0, 0.8729750254435045, 0.7014499169499973, 0.6753600779398393, 0.6086737860987872, 0.3632462232889623, 0.3947861840279352, 0.736830916576784, 0.8601305921152989, 0.6429326815734496, 1.0, 0.2933192603414, 0.526797617187952, 0.7331698335612487, 0.4619876199324784, 0.902700490932961, 0.5865265109839976, 0.21170458518859758, 0.23049138297301558, 0.29157092899041875, 0.4317896924346617, 0.773553137645282, 0.15189466770624754, 1.0, 0.4970818198712149, 0.5907915119421392, 1.0, 0.3544908721645896, 0.6577359353975811, 0.7860594922037922, 0.45241016540792056, 0.8991129363138861, 0.561267769761279, 0.5809475826393302, 1.0, 0.5592906179772744, 1.0, 0.45508310949075587, 0.5279905343601452, 0.6051294155160957, 0.19035071477803323, 0.9396769988489013, 0.10758390671207611, 0.5707915119421392, 0.6970198862562978, 0.8114529051148651, 1.0, 0.7451384298635613, 0.7214486926612427, 0.49454453297391177, 1.0, 0.5819798032395376, 0.6707350069254493, 1.0, 0.8257887556015677, 0.7504004004704901, 0.33183567216420956, 1.0, 0.6357741351064675, 1.0, 0.6965834056802387, 0.8433766349070695, 1.0, 0.8648103351245982, 0.7803034446230322, 0.4758229243802022, 1.0, 0.7328492172088266, 0.642842712474619, 0.79675661863395, 0.7837952265212937, 0.006462586657983039, 0.22419155352810277, 0.7190907364295069, 0.56369994186322, 0.30462621654037875, 0.6512223502463547, 0.8304054224244419, 1.0, 0.37845791282076713, 0.58189415539785, 0.25704272418535706, 0.5761697895341449, 0.38421093443615684, 0.46904473191093105, 1.0, 0.3883526761775949, 0.6642742735155721, 0.9028613863364825, 0.6893858380618342, 0.4528494378212512, 0.5537998353931795, 0.9105639359235915, 0.3508081453961951, 1.0, 0.9142445273649933, 1.0, 0.6429397336493281, 0.636964721661222, 1.0, 1.0, 0.3373940575497127, 0.27558314725722455, 1.0, 1.0, 0.7158229243802021, 0.4920742135995943, 1.0, 1.0, 0.5656833689055719, 0.15997084006767517, 0.20866354767478065, 0.766682914692771, 0.6748885220437988, 0.2379911542742785, 0.4118819918812901, 0.7737167429613258, 0.9141000841539659, 0.36016900549754294, 0.3138360763394123, 1.0, 0.7511200104643803, 0.8827895563342798, 0.886339042737776, 0.7127774792622994, 0.9009268392001792, 0.623907056870028, 0.5347428106038496, 0.2015372100944879, 1.0, 0.7604979526305213, 1.0, 0.6793788456922385, 1.0, 0.4339213351685698, 0.778785113836511, 1.0, 0.706469885204883, 0.12378714105580974, 0.11666737327895797, 0.8439610348687525, 0.4903510788203176, 0.47711560659055585, 0.11582292438020222, 0.7341765280314609, 0.7545909332472028, 0.3477023564157853, 0.7615527419172243, 0.8161547359011423, 0.09999999999999999, 0.8319390869638097, 0.4667127418271009, 1.0, 0.0, 0.7451974543165035, 0.8387796716807858, 0.8766575586569678, 1.0, 0.8276851859011425, 1.0, 0.512283842723568, 0.6866411249144649, 0.6868474083243508, 0.0, 0.6873247443252544, 0.7301961448188755, 0.3807256007926331, 0.5194637253863024, 0.38683567216420955, 0.8725356837831622, 0.41145898320123175, 0.9891483218006352, 0.5488628862515236, 0.85, 0.4969617815012778, 1.0, 0.6259403648918203, 0.08152573352530099, 0.32641839065175154, 0.8387796716807858, 1.0, 0.5870244512578122, 0.944274958466798, 0.5106404500880432, 0.7538024285875055, 1.0, 0.6119613551150405, 0.8651617586216563, 0.5625735889318473, 0.3319572907937111, 0.0, 0.40057251275615136, 0.714297617187952, 0.5409375983505724, 0.275462082749631, 0.30831848424488534, 0.6953602200025533, 0.5780365272269377, 0.1759424130312673, 0.9891483218006352, 0.4005326816439736, 0.9299711370778252, 0.7956991122779565, 1.0, 0.5377781264313635, 0.6160391794642067, 0.4439880235161811, 0.6630804239841512, 0.8933766349070695, 0.5969803377115616, 0.7170015046833873, 1.0, 1.0, 0.0, 0.8249365300761395, 0.5674961219905689, 0.4606972076751621, 0.5307707065593111, 0.5272579010634381, 0.008694754573109073, 0.5856521761140627, 0.41807263856718657, 0.808221529667446, 0.7696296454239946, 0.40289299814414176, 1.0, 0.45076591901650565, 0.5647785789898024, 0.36587342440580645, 0.34393366415687754, 0.2627166511815171, 0.9469728550743763, 0.32340833096900673, 0.8184276974159628, 0.12, 0.9701564725523897, 0.7504004004704901, 0.0035670026709032432, 0.7431351738566481, 0.24548027084905316, 0.5027616393658039, 0.07719082257468701, 0.447298452667235, 0.6359746250868159, 0.5578607431385983, 1.0, 0.3508081453961951, 0.7285380935292984, 0.604739134738433, 0.2088017714661632, 0.7210658705890922, 1.0, 1.0, 0.7353746106262073, 0.4821379477582639, 0.5789207115002721, 0.8651650731090275, 0.8223873319410013, 0.4561469513015429, 0.1650567204976689, 0.7970182644937875, 0.3917384128764327, 0.10348801095303897, 1.0, 0.731117687292167, 0.5155213451404349, 0.31977476369658997, 1.0, 0.9059642451028274, 0.334532400808212, 1.0, 0.04535576197454044, 1.0, 0.47875874704124055, 0.6549780845589401, 0.801169789534145, 0.4339058460894847, 0.554739134738433, 1.0, 0.3889379432495441, 0.05540387552681966, 0.030390470936082048, 0.4664355844276247, 0.8601527033303111, 0.8031160202429322, 0.5402233947178415, 0.6559327101364547, 0.9891483218006352, 0.6626791769304377, 1.0, 0.6567389877523072, 0.7685784485578413, 0.654739134738433, 1.0, 0.9437836987242729, 1.0, 0.8362062829761001, 0.7905809813866465, 0.6120862230985752, 0.7125770031534533, 0.5528265488737891, 0.25311193401315524, 0.3502278939890302, 0.21760610542170145, 0.8547805042101737, 0.39478364465107074, 0.7498018405233149, 0.6310308074685265, 0.35624947398505524, 0.3652331461343674, 0.822378125936329, 1.0, 1.0, 0.0857142857142857, 1.0, 0.5045234828882075, 0.7006113954656848, 0.527543250577078, 0.45473913473843297, 0.12515690498588955, 0.662775442898248, 0.9024101654079206, 0.5523913421855372, 0.4062652820919249, 0.36905601805001587, 0.4616760548423344, 1.0, 0.9495565333799167, 0.5181549779290909, 1.0, 0.4121831032184268, 0.5486780060731714, 0.7224171275474598, 0.5031078140108968, 0.5816399089170314, 1.0, 0.24934422691247887, 0.8502367699851867, 1.0, 0.9891483218006352, 0.39675296426202156, 0.5475641376147264, 0.7115187153144993, 0.918115627804579, 0.4399117880830822, 0.8165273869902545, 0.24090702262082825, 1.0, 0.25016079085323406, 0.9891483218006352, 0.537247623665976, 0.5071296454239946, 0.5994100321686132, 1.0, 0.45759530908884194, 0.9891483218006352, 0.4734432410120255, 1.0, 1.0]
Finish training and take 25m
