Namespace(log_name='./RQ5/javascript_1000/soft0_1_codet5p_770m.log', model_name='Salesforce/codet5p-770m', lang='javascript', output_dir='RQ5/javascript_1000/soft0_1_codet5p_770m', data_dir='./data/RQ5/javascript_1000_1', no_cuda=False, visible_gpu='0', num_train_epochs=10, num_test_epochs=1, train_batch_size=4, eval_batch_size=2, gradient_accumulation_steps=1, load_model_path=None, config_name='', tokenizer_name='', max_source_length=512, max_target_length=512, warm_up_ratio=0.1, do_train=True, do_eval=True, do_test=True, freeze=False, learning_rate=5e-05, beam_size=10, weight_decay=0.0, adam_epsilon=1e-08, local_rank=-1, seed=42, early_stop_threshold=3)
Process rank: -1, device: cuda, n_gpu: 1, distributed training: False
Model created!!
[[{'text': "require('update-notifier')({   pkg: cli.pkg", 'loss_ids': 0, 'shortenable_ids': 1}, {'text': '<mask>', 'loss_ids': 1, 'shortenable_ids': 0}, {'text': '', 'loss_ids': 0, 'shortenable_ids': 0}], {'guid': 0, 'tgt_text': "break } require('update-notifier')({   pkg: cli.pkg"}]
***** Running training *****
  Num examples = 1000
  Batch size = 4
  Num epoch = 10

***** Running evaluation *****
  Num examples = 100
  Batch size = 2
  epoch = 0
  eval_ppl = inf
  global_step = 251
  train_loss = 16.7445
  ********************
Previous best ppl:inf
Achieve Best ppl:inf
  ********************
BLEU file: ./data/RQ5/javascript_1000_1/validation.jsonl
  codebleu-4 = 67.48 	 Previous best codebleu 0
  ********************
 Achieve Best bleu:67.48
  ********************
Namespace(log_name='./RQ5/javascript_1000/soft0_1_codet5p_770m.log', model_name='Salesforce/codet5p-770m', lang='javascript', output_dir='RQ5/javascript_1000/soft0_1_codet5p_770m', data_dir='./data/RQ5/javascript_1000_1', no_cuda=False, visible_gpu='0', num_train_epochs=10, num_test_epochs=1, train_batch_size=4, eval_batch_size=2, gradient_accumulation_steps=1, load_model_path=None, config_name='', tokenizer_name='', max_source_length=512, max_target_length=512, warm_up_ratio=0.1, do_train=True, do_eval=True, do_test=True, freeze=False, learning_rate=5e-05, beam_size=10, weight_decay=0.0, adam_epsilon=1e-08, local_rank=-1, seed=42, early_stop_threshold=3)
Process rank: -1, device: cuda, n_gpu: 1, distributed training: False
Model created!!
[[{'text': "require('update-notifier')({   pkg: cli.pkg", 'loss_ids': 0, 'shortenable_ids': 1}, {'text': '<mask>', 'loss_ids': 1, 'shortenable_ids': 0}, {'text': '', 'loss_ids': 0, 'shortenable_ids': 0}], {'guid': 0, 'tgt_text': "break } require('update-notifier')({   pkg: cli.pkg"}]
***** Running training *****
  Num examples = 1000
  Batch size = 4
  Num epoch = 10

***** Running evaluation *****
  Num examples = 100
  Batch size = 2
  epoch = 0
  eval_ppl = inf
  global_step = 251
  train_loss = 16.7445
  ********************
Previous best ppl:inf
Achieve Best ppl:inf
  ********************
BLEU file: ./data/RQ5/javascript_1000_1/validation.jsonl
  codebleu-4 = 67.52 	 Previous best codebleu 0
  ********************
 Achieve Best bleu:67.52
  ********************

***** Running evaluation *****
  Num examples = 100
  Batch size = 2
  epoch = 1
  eval_ppl = inf
  global_step = 501
  train_loss = 8.6427
  ********************
Previous best ppl:inf
BLEU file: ./data/RQ5/javascript_1000_1/validation.jsonl
  codebleu-4 = 70.57 	 Previous best codebleu 67.52
  ********************
 Achieve Best bleu:70.57
  ********************

***** Running evaluation *****
  Num examples = 100
  Batch size = 2
  epoch = 2
  eval_ppl = inf
  global_step = 751
  train_loss = 4.1415
  ********************
Previous best ppl:inf
BLEU file: ./data/RQ5/javascript_1000_1/validation.jsonl
  codebleu-4 = 68.96 	 Previous best codebleu 70.57
  ********************

***** Running evaluation *****
  Num examples = 100
  Batch size = 2
  epoch = 3
  eval_ppl = inf
  global_step = 1001
  train_loss = 2.3385
  ********************
Previous best ppl:inf
BLEU file: ./data/RQ5/javascript_1000_1/validation.jsonl
  codebleu-4 = 70.09 	 Previous best codebleu 70.57
  ********************

***** Running evaluation *****
  Num examples = 100
  Batch size = 2
  epoch = 4
  eval_ppl = inf
  global_step = 1251
  train_loss = 1.5684
  ********************
Previous best ppl:inf
BLEU file: ./data/RQ5/javascript_1000_1/validation.jsonl
  codebleu-4 = 69.59 	 Previous best codebleu 70.57
  ********************
early stopping!!!
reload model from RQ5/javascript_1000/soft0_1_codet5p_770m/checkpoint-best-bleu
BLEU file: ./data/RQ5/javascript_1000_1/test.jsonl
  codebleu = 62.08 
  Total = 500 
  Exact Fixed = 92 
[1, 8, 10, 11, 21, 30, 31, 34, 35, 38, 40, 42, 50, 61, 63, 66, 69, 78, 80, 86, 90, 96, 97, 104, 106, 108, 110, 113, 118, 121, 122, 129, 134, 142, 152, 163, 165, 168, 176, 178, 192, 204, 211, 219, 220, 227, 230, 233, 236, 245, 249, 262, 271, 275, 278, 280, 293, 294, 313, 317, 323, 336, 337, 341, 345, 356, 367, 383, 387, 390, 393, 394, 405, 406, 408, 409, 412, 415, 420, 429, 431, 435, 454, 456, 457, 468, 471, 477, 481, 493, 497, 500]
  Syntax Fixed = 7 
[109, 112, 311, 373, 402, 410, 439]
  Cleaned Fixed = 1 
[232]
  ********************
  Total = 500 
  Exact Fixed = 92 
[1, 8, 10, 11, 21, 30, 31, 34, 35, 38, 40, 42, 50, 61, 63, 66, 69, 78, 80, 86, 90, 96, 97, 104, 106, 108, 110, 113, 118, 121, 122, 129, 134, 142, 152, 163, 165, 168, 176, 178, 192, 204, 211, 219, 220, 227, 230, 233, 236, 245, 249, 262, 271, 275, 278, 280, 293, 294, 313, 317, 323, 336, 337, 341, 345, 356, 367, 383, 387, 390, 393, 394, 405, 406, 408, 409, 412, 415, 420, 429, 431, 435, 454, 456, 457, 468, 471, 477, 481, 493, 497, 500]
  Syntax Fixed = 7 
[109, 112, 311, 373, 402, 410, 439]
  Cleaned Fixed = 1 
[232]
  codebleu = 62.08 
[0.9891483218006352, 0.6919266365055134, 0.4499615708051955, 0.6896475098120338, 0.08436692013296332, 0.3237057908250802, 0.6863884298635612, 1.0, 0.2581771557391589, 1.0, 1.0, 0.8696847134058581, 0.25255157651202054, 0.6329739871337788, 0.5408401405239117, 0.6452148813321528, 0.5315121910701347, 0.5277537539048389, 0.0, 0.6448598858735686, 1.0, 0.28178507258525926, 0.8708250323025346, 0.7158229243802021, 0.49038145152466306, 0.4992286298565113, 0.8597766350872547, 0.396349572956634, 0.6508081453961951, 0.7230619919314705, 1.0, 0.4340764315695067, 0.46977660810833616, 1.0, 0.8114529051148651, 0.5696431220857536, 0.7451384298635613, 0.9891483218006352, 0.3340047425620204, 0.9891483218006352, 0.8573464528613979, 1.0, 0.700590168990773, 0.7413033438528566, 0.6332527923879377, 0.6082742323311118, 0.8252074160406009, 0.8178607431385985, 0.3053502366259113, 0.6574138233688298, 0.7517692380063994, 0.805453099521674, 0.5084177428513625, 0.5264886858900315, 0.3533755248262469, 0.5465085296294044, 0.22724306087082163, 0.5338054518326395, 0.712432895242584, 0.6580241834790774, 1.0, 0.2605255056885018, 0.9349697756418187, 0.8321296454239947, 0.7158229243802021, 1.0, 0.5743280205426342, 0.6983338153069474, 0.8249365300761395, 0.9616979821237088, 0.6847482616910893, 0.6551486585921227, 0.234297617187952, 0.0, 0.6445931574752105, 0.13846153846153847, 0.503278993954009, 1.0, 0.1495352051294258, 1.0, 0.7896006392880524, 0.7256382553762157, 0.5637946891611503, 0.4054183564853334, 0.20613487118166404, 1.0, 0.5090053991612131, 0.43391990509709355, 0.6105000222446973, 1.0, 0.06, 0.5021287494162977, 0.5793435451110831, 0.5909395885250581, 0.7298304277609075, 1.0, 1.0, 0.761387008234645, 0.840238696687355, 0.33717823185424034, 0.2799449403593628, 0.7819827494849558, 0.5627200451626766, 0.2578010511749925, 0.7418506489774956, 0.9349697756418187, 0.42119622547442515, 1.0, 0.9270606961251804, 1.0, 0.5532136440138307, 0.8164329076215759, 0.7135428903906851, 0.714297617187952, 0.902887748772268, 0.8494781978987964, 0.5418035126585234, 1.0, 0.842133818192679, 0.510980970646246, 1.0, 1.0, 0.4470581748828688, 0.36217875471464306, 0.6544375845878311, 0.9491673847910091, 0.2974610638433307, 0.2894039371851951, 1.0, 0.7071377151388883, 0.14224981392389122, 0.6269940846421196, 0.6471411467957033, 1.0, 0.2508081453961951, 0.68390320373081, 0.19348034809444703, 0.7308835793300246, 0.5978601768024037, 0.5648527106789475, 0.43778675822089347, 0.9225934589608529, 0.6431513438830357, 0.7014499169499973, 0.6753600779398393, 0.5026610132484245, 0.4352205093306242, 0.371114877894489, 0.6140267069391506, 0.7537291529437711, 0.6429326815734496, 1.0, 0.2933192603414, 0.526797617187952, 0.5649063628096855, 0.4292164257980392, 0.902700490932961, 0.5865265109839976, 0.21170458518859758, 0.4638247163063489, 0.3237137861332759, 0.500212583581348, 1.0, 0.14417647429169284, 1.0, 0.4970818198712149, 0.5907915119421392, 1.0, 0.3544908721645896, 0.8020311540826717, 0.7860594922037922, 0.5071242045484599, 0.8991129363138861, 0.561267769761279, 0.5441070669348561, 0.9104757374009316, 0.38058318513755585, 1.0, 0.39989139212241454, 0.5230715783746728, 0.6051294155160957, 0.19035071477803323, 0.9396769988489013, 0.10758390671207611, 0.5579873921876941, 0.5159174523131494, 0.401706244308338, 0.5382841518266749, 0.7451384298635613, 0.7513670487950274, 0.4885926413190037, 1.0, 0.5293552443498337, 0.6707350069254493, 0.6887796716807859, 0.7734222805543705, 0.7504004004704901, 0.3382249347069631, 0.7014995993790445, 0.6357741351064675, 0.5277537539048389, 0.6965834056802387, 0.8433766349070695, 1.0, 0.8648103351245982, 0.7803034446230322, 0.6651320167833845, 0.6887796716807859, 0.6724062327149246, 0.642842712474619, 1.0, 0.853251435829042, 0.06552572456572223, 0.26919155352810276, 0.5686459180704551, 0.56369994186322, 0.16740462868180234, 0.6512223502463547, 1.0, 1.0, 0.3830828497178739, 0.58189415539785, 0.4478780842383735, 0.5761697895341449, 0.38421093443615684, 0.6419303598638295, 1.0, 0.7250616602316542, 0.6642742735155721, 1.0, 0.4738551248351254, 0.9036307963613739, 1.0, 0.48813816663313603, 0.3508081453961951, 1.0, 0.9142445273649933, 0.6765950349550134, 0.46053348630208313, 0.636964721661222, 0.6861441854425978, 0.802713932743754, 0.3373940575497127, 0.27558314725722455, 1.0, 0.4168908160692684, 0.7158229243802021, 0.4715869158278063, 1.0, 0.8141572281239757, 0.7155866361142, 0.15997084006767517, 0.20866354767478065, 0.766682914692771, 0.6748885220437988, 0.2379911542742785, 0.4118819918812901, 0.6431303389366008, 0.9141000841539659, 0.3665582680402964, 0.1316932191965552, 1.0, 0.7511200104643803, 0.8827895563342798, 0.893803854707065, 0.7127774792622994, 0.8149760688446992, 0.6001252633457674, 0.5347428106038496, 0.2015372100944879, 1.0, 0.7229132904585939, 0.5150050891901485, 0.6509106257652548, 1.0, 0.4339213351685698, 0.778785113836511, 1.0, 0.8008467617900312, 0.8114529051148651, 0.11666737327895797, 0.9542333350628116, 0.4903510788203176, 0.6559148291083154, 0.11582292438020222, 0.7341765280314609, 0.3381498551143461, 0.5916611852598926, 0.5570799573017173, 0.33715293092684573, 0.09999999999999999, 0.6139494144556128, 1.0, 1.0, 0.0, 0.7451974543165035, 0.8387796716807858, 0.7799696154227835, 0.542460003820342, 0.8276851859011425, 0.3806171345654032, 0.512283842723568, 0.6866411249144649, 0.6868474083243508, 0.0, 0.7678525946438988, 0.7301961448188755, 0.3807256007926331, 0.5194637253863024, 0.38611344661067604, 0.9176675865658077, 0.41145898320123175, 0.9891483218006352, 0.4984324668005956, 0.85, 0.5388223314197078, 0.8923725673979319, 0.6259403648918203, 0.08233507301898058, 0.32641839065175154, 0.8387796716807858, 0.5945836923955046, 0.7135428903906851, 0.5794025340499918, 0.6730908208928771, 0.7642174218152427, 0.8083325080431145, 0.5981716191316424, 0.8293834337892512, 0.48275794232794217, 0.3361519735310733, 0.0, 0.5261072559244404, 0.714297617187952, 0.5326080313569397, 1.0, 0.9891483218006352, 0.6578602200025533, 0.5780365272269377, 0.1759424130312673, 0.9891483218006352, 0.4005326816439736, 0.9299711370778252, 0.5323666730179283, 1.0, 0.5674364496822819, 0.6775776410026684, 0.465523972643262, 0.5569959843890482, 0.6506238713555632, 0.5969803377115616, 0.7170015046833873, 0.639674617514176, 0.6570865573743658, 0.0, 0.8249365300761395, 0.4290235869264976, 0.40558472106198573, 0.6633946307914341, 0.5272579010634381, 0.008694754573109073, 0.557719307720078, 0.41807263856718657, 0.808221529667446, 0.7279241325650598, 0.40289299814414176, 1.0, 0.45076591901650565, 0.5454272614803233, 0.4825400910724731, 0.3554835219725767, 0.2627166511815171, 0.9469728550743763, 0.32340833096900673, 0.602007580723576, 0.12, 0.9701564725523897, 0.7504004004704901, 0.0031323668437758896, 0.7431351738566481, 0.20461833748586147, 0.7374332444905056, 0.6720398231634966, 0.447298452667235, 0.6132773641856322, 0.5578607431385983, 0.8778769644385496, 0.3508081453961951, 0.6452047601959651, 0.9891483218006352, 0.2088017714661632, 0.7210658705890922, 0.7661179464121555, 1.0, 0.7353746106262073, 0.4777601556679766, 0.5789207115002721, 0.8651650731090275, 0.8223873319410013, 0.24378163713839862, 0.1650567204976689, 0.7518905716154174, 0.4039114800507836, 0.10348801095303897, 1.0, 1.0, 0.37923025609941297, 1.0, 1.0, 0.9059642451028274, 0.3365380819808169, 0.7824888488263595, 0.04535576197454044, 0.6863884298635612, 1.0, 0.5309537492920497, 0.801169789534145, 0.29684740832435075, 0.554739134738433, 1.0, 0.3446050036901012, 0.05540387552681966, 0.030390470936082048, 0.4664355844276247, 0.8601527033303111, 0.7300656691761418, 0.3275887968144088, 0.6559327101364547, 0.9891483218006352, 0.23780873319590465, 1.0, 0.6567389877523072, 0.7852451152245079, 0.654739134738433, 1.0, 0.6670852848948238, 0.6439654153934541, 0.3671874659723592, 0.9224526824055446, 0.5167899441813772, 0.7477655797954694, 0.26948765020586274, 0.25311193401315524, 0.3502278939890302, 0.1151976755840244, 0.7040321472003551, 0.39478364465107074, 0.7498018405233149, 0.6310308074685265, 0.35624947398505524, 0.255903071453633, 0.822378125936329, 0.7106391824574765, 1.0, 0.0857142857142857, 1.0, 1.0, 0.7420554014474346, 0.5704003934342209, 0.45473913473843297, 0.05476190476190476, 0.662775442898248, 0.9024101654079206, 0.5510585507100338, 0.46575232448771275, 0.36905601805001587, 0.4616760548423344, 1.0, 0.8288888253961533, 0.33274168824131195, 0.7708783243423232, 0.39196276172452565, 0.8452050509144788, 0.7224171275474598, 0.5031078140108968, 0.23154453975612924, 1.0, 0.22355980092381855, 0.8502367699851867, 0.41219121170202055, 0.9891483218006352, 0.39675296426202156, 0.9039342742606371, 0.7115187153144993, 0.7888424084106092, 0.31237328339586123, 0.8165273869902545, 0.24090702262082825, 0.6788869388950445, 0.25016079085323406, 0.5968523211452184, 0.537247623665976, 1.0, 0.5744100321686132, 0.754237295389593, 0.45759530908884194, 0.9891483218006352, 0.6222244648066615, 0.7940267073489322, 1.0]
Finish training and take 35m
