Namespace(log_name='./RQ5/javascript_1000/soft7_2_codet5p_770m.log', model_name='Salesforce/codet5p-770m', lang='javascript', output_dir='RQ5/javascript_1000/soft7_2_codet5p_770m', data_dir='./data/RQ5/javascript_1000_2', no_cuda=False, visible_gpu='0', num_train_epochs=10, num_test_epochs=1, train_batch_size=4, eval_batch_size=2, gradient_accumulation_steps=1, load_model_path=None, config_name='', tokenizer_name='', max_source_length=512, max_target_length=512, warm_up_ratio=0.1, do_train=True, do_eval=True, do_test=True, freeze=False, learning_rate=5e-05, beam_size=10, weight_decay=0.0, adam_epsilon=1e-08, local_rank=-1, seed=42, early_stop_threshold=3)
Process rank: -1, device: cuda, n_gpu: 1, distributed training: False
Model created!!
Namespace(log_name='./RQ5/javascript_1000/soft7_2_codet5p_770m.log', model_name='Salesforce/codet5p-770m', lang='javascript', output_dir='RQ5/javascript_1000/soft7_2_codet5p_770m', data_dir='./data/RQ5/javascript_1000_2', no_cuda=False, visible_gpu='0', num_train_epochs=10, num_test_epochs=1, train_batch_size=4, eval_batch_size=2, gradient_accumulation_steps=1, load_model_path=None, config_name='', tokenizer_name='', max_source_length=512, max_target_length=512, warm_up_ratio=0.1, do_train=True, do_eval=True, do_test=True, freeze=False, learning_rate=5e-05, beam_size=10, weight_decay=0.0, adam_epsilon=1e-08, local_rank=-1, seed=42, early_stop_threshold=3)
Process rank: -1, device: cuda, n_gpu: 1, distributed training: False
Model created!!
[[{'text': '', 'loss_ids': 0, 'shortenable_ids': 0}, {'text': " return true;   }   var next_state = (this[this.state]) ? this[this.state].apply(this, arguments) : 'done'   if (next_state) this.state = next_state;", 'loss_ids': 0, 'shortenable_ids': 1}, {'text': '', 'loss_ids': 0, 'shortenable_ids': 0}, {'text': ' prefer-spread', 'loss_ids': 0, 'shortenable_ids': 0}, {'text': '.', 'loss_ids': 0, 'shortenable_ids': 0}, {'text': '<mask>', 'loss_ids': 1, 'shortenable_ids': 0}, {'text': '', 'loss_ids': 0, 'shortenable_ids': 0}], {'guid': 0, 'tgt_text': "}      var next_state = (this[this.state]) ? this[this.state](r) : 'done'   if (next_state) this.state = next_state;"}]
***** Running training *****
  Num examples = 1000
  Batch size = 4
  Num epoch = 10

***** Running evaluation *****
  Num examples = 100
  Batch size = 2
  epoch = 0
  eval_ppl = inf
  global_step = 251
  train_loss = 16.4738
  ********************
Previous best ppl:inf
Achieve Best ppl:inf
  ********************
BLEU file: ./data/RQ5/javascript_1000_2/validation.jsonl
  codebleu-4 = 68.33 	 Previous best codebleu 0
  ********************
 Achieve Best bleu:68.33
  ********************

***** Running evaluation *****
  Num examples = 100
  Batch size = 2
  epoch = 1
  eval_ppl = inf
  global_step = 501
  train_loss = 8.4825
  ********************
Previous best ppl:inf
BLEU file: ./data/RQ5/javascript_1000_2/validation.jsonl
  codebleu-4 = 65.64 	 Previous best codebleu 68.33
  ********************

***** Running evaluation *****
  Num examples = 100
  Batch size = 2
  epoch = 2
  eval_ppl = inf
  global_step = 751
  train_loss = 4.6231
  ********************
Previous best ppl:inf
BLEU file: ./data/RQ5/javascript_1000_2/validation.jsonl
  codebleu-4 = 70.15 	 Previous best codebleu 68.33
  ********************
 Achieve Best bleu:70.15
  ********************

***** Running evaluation *****
  Num examples = 100
  Batch size = 2
  epoch = 3
  eval_ppl = inf
  global_step = 1001
  train_loss = 2.2753
  ********************
Previous best ppl:inf
Achieve Best ppl:inf
  ********************
BLEU file: ./data/RQ5/javascript_1000_2/validation.jsonl
  codebleu-4 = 69.69 	 Previous best codebleu 70.15
  ********************

***** Running evaluation *****
  Num examples = 100
  Batch size = 2
  epoch = 4
  eval_ppl = inf
  global_step = 1251
  train_loss = 1.2356
  ********************
Previous best ppl:inf
BLEU file: ./data/RQ5/javascript_1000_2/validation.jsonl
  codebleu-4 = 70.92 	 Previous best codebleu 70.15
  ********************
 Achieve Best bleu:70.92
  ********************

***** Running evaluation *****
  Num examples = 100
  Batch size = 2
  epoch = 5
  eval_ppl = inf
  global_step = 1501
  train_loss = 0.6189
  ********************
Previous best ppl:inf
BLEU file: ./data/RQ5/javascript_1000_2/validation.jsonl
  codebleu-4 = 68.67 	 Previous best codebleu 70.92
  ********************

***** Running evaluation *****
  Num examples = 100
  Batch size = 2
  epoch = 6
  eval_ppl = inf
  global_step = 1751
  train_loss = 0.3805
  ********************
Previous best ppl:inf
BLEU file: ./data/RQ5/javascript_1000_2/validation.jsonl
  codebleu-4 = 69.65 	 Previous best codebleu 70.92
  ********************

***** Running evaluation *****
  Num examples = 100
  Batch size = 2
  epoch = 7
  eval_ppl = inf
  global_step = 2001
  train_loss = 0.2357
  ********************
Previous best ppl:inf
BLEU file: ./data/RQ5/javascript_1000_2/validation.jsonl
  codebleu-4 = 69.55 	 Previous best codebleu 70.92
  ********************
early stopping!!!
reload model from RQ5/javascript_1000/soft7_2_codet5p_770m/checkpoint-best-bleu
BLEU file: ./data/RQ5/javascript_1000_2/test.jsonl
  codebleu = 64.83 
  Total = 500 
  Exact Fixed = 105 
[1, 9, 20, 21, 26, 30, 31, 35, 37, 38, 40, 42, 51, 53, 59, 61, 69, 78, 80, 90, 96, 97, 104, 110, 113, 122, 133, 134, 143, 145, 150, 152, 163, 168, 169, 174, 176, 178, 188, 192, 195, 202, 204, 208, 209, 210, 220, 222, 227, 230, 233, 236, 241, 242, 249, 250, 262, 269, 271, 275, 278, 287, 293, 294, 301, 313, 317, 322, 337, 341, 345, 350, 353, 354, 356, 359, 367, 383, 385, 387, 390, 392, 393, 394, 405, 408, 409, 412, 414, 415, 420, 429, 431, 434, 437, 443, 453, 454, 456, 468, 471, 477, 481, 497, 500]
  Syntax Fixed = 6 
[173, 311, 373, 397, 402, 410]
  Cleaned Fixed = 3 
[109, 215, 232]
  ********************
  Total = 500 
  Exact Fixed = 105 
[1, 9, 20, 21, 26, 30, 31, 35, 37, 38, 40, 42, 51, 53, 59, 61, 69, 78, 80, 90, 96, 97, 104, 110, 113, 122, 133, 134, 143, 145, 150, 152, 163, 168, 169, 174, 176, 178, 188, 192, 195, 202, 204, 208, 209, 210, 220, 222, 227, 230, 233, 236, 241, 242, 249, 250, 262, 269, 271, 275, 278, 287, 293, 294, 301, 313, 317, 322, 337, 341, 345, 350, 353, 354, 356, 359, 367, 383, 385, 387, 390, 392, 393, 394, 405, 408, 409, 412, 414, 415, 420, 429, 431, 434, 437, 443, 453, 454, 456, 468, 471, 477, 481, 497, 500]
  Syntax Fixed = 6 
[173, 311, 373, 397, 402, 410]
  Cleaned Fixed = 3 
[109, 215, 232]
  codebleu = 64.83 
[0.9891483218006352, 0.6919266365055134, 0.5654473178899494, 0.6896475098120338, 0.07029921835742681, 0.3114330635523529, 0.6530550965302279, 0.6670229742923897, 1.0, 0.591516286342532, 0.8955980328281301, 0.8696847134058581, 0.25255157651202054, 0.6329739871337788, 0.5466127647565298, 0.6452148813321528, 0.5631372993900048, 0.6724315693987384, 0.0, 1.0, 1.0, 0.28178507258525926, 0.8434828274226511, 0.7158229243802021, 0.49038145152466306, 0.8249365300761395, 0.8597766350872547, 0.396349572956634, 0.6508081453961951, 0.7230619919314705, 1.0, 0.7881136779802395, 0.5800872773805668, 0.8570961003195992, 0.8114529051148651, 0.5696431220857536, 1.0, 0.9891483218006352, 0.3340047425620204, 0.9891483218006352, 0.8573464528613979, 1.0, 0.700590168990773, 0.7413033438528566, 0.6332527923879377, 0.6082742323311118, 0.8252074160406009, 0.8178607431385985, 0.3053502366259113, 0.6574138233688298, 1.0, 0.805453099521674, 1.0, 0.5264886858900315, 0.3533755248262469, 0.5465085296294044, 0.225226036889931, 0.5338054518326395, 1.0, 0.6580241834790774, 1.0, 0.24071789128867366, 0.6420978076980255, 0.8321296454239947, 0.7158229243802021, 0.7076923076923076, 0.38728757300609495, 0.6983338153069474, 0.8249365300761395, 0.9616979821237088, 0.6847482616910893, 0.6551486585921227, 0.714297617187952, 0.0, 0.6445931574752105, 0.12, 0.7007761645654145, 1.0, 0.1495352051294258, 1.0, 0.7006877521928875, 0.5718336933369629, 0.5637946891611503, 0.38355628719913637, 0.20613487118166404, 0.7065485068370296, 0.6060345496474888, 0.5960203889580482, 0.47996086480687705, 1.0, 0.06, 0.5107618109619089, 0.5793435451110831, 0.6492633713864637, 0.7298304277609075, 1.0, 1.0, 0.6725445293466269, 0.8899929854363868, 0.27345032446975304, 0.2799449403593628, 0.7819827494849558, 0.5627200451626766, 0.2578010511749925, 0.7418506489774956, 0.8044054053869931, 0.5670081631742787, 0.5102043912123392, 0.8521347462244511, 1.0, 0.5532136440138307, 0.6488884298635612, 0.7135428903906851, 0.2580577871018364, 0.7185071091838895, 0.8494781978987964, 0.5418035126585234, 0.9441518237028776, 0.842133818192679, 0.510980970646246, 0.7522712571363831, 1.0, 0.4470581748828688, 0.36217875471464306, 0.7423419728115106, 0.9491673847910091, 0.2974610638433307, 0.5959813808622627, 0.7106694541072518, 0.7916769534168779, 0.14224981392389122, 0.6269940846421196, 1.0, 1.0, 0.22665344789927383, 0.7866507971556238, 0.19348034809444703, 0.7308835793300246, 0.5978601768024037, 0.636068568378893, 0.5871864727688051, 0.8019849957473764, 0.8729750254435045, 0.7014499169499973, 0.8651704051777762, 0.43677441180478616, 0.3632462232889623, 0.3947861840279352, 0.6785176006224589, 0.9584519390150779, 0.6429326815734496, 1.0, 0.2933192603414, 0.526797617187952, 0.5649063628096855, 0.2513033699476973, 0.902700490932961, 0.5865265109839976, 0.21170458518859758, 0.23049138297301558, 0.29157092899041875, 0.3337473725942955, 1.0, 0.15189466770624754, 0.48624193424630757, 0.4970818198712149, 0.5907915119421392, 1.0, 0.8249365300761395, 0.8020311540826717, 0.7860594922037922, 0.45241016540792056, 0.8983157796360077, 1.0, 0.5809475826393302, 0.9104757374009316, 0.573808526265082, 1.0, 0.45508310949075587, 0.594064847556794, 0.6051294155160957, 0.19035071477803323, 0.9396769988489013, 0.5963079408426792, 0.5507915119421392, 0.6970198862562978, 0.401706244308338, 1.0, 0.7451384298635613, 0.5675193208193761, 0.4885926413190037, 1.0, 0.5293552443498337, 0.6377108948961138, 1.0, 0.7734222805543705, 0.7504004004704901, 0.3505326270146554, 0.433241087131014, 0.6357741351064675, 0.6724315693987384, 1.0, 0.8433766349070695, 1.0, 0.7437798335299273, 0.7803034446230322, 0.6158229243802023, 1.0, 0.8503143105742339, 1.0, 0.8824709043482357, 0.853251435829042, 0.06552572456572223, 0.26919155352810276, 0.893077966208089, 0.3426136760976885, 0.36877422560718126, 0.6512223502463547, 0.8304054224244419, 1.0, 0.5691230775634993, 1.0, 0.27132843847107135, 0.3683895153674698, 0.40580184352706594, 0.6246226675561373, 1.0, 0.6030011940352838, 0.6642742735155721, 1.0, 0.812812273439955, 0.9036307963613739, 1.0, 0.9105639359235915, 0.3508081453961951, 1.0, 0.9142445273649933, 0.7015950349550133, 0.46053348630208313, 0.636964721661222, 1.0, 1.0, 0.3373940575497127, 0.27558314725722455, 0.4453710621987834, 0.8877459225855626, 0.7158229243802021, 0.4715869158278063, 1.0, 1.0, 0.7541726725915248, 0.15997084006767517, 0.20866354767478065, 0.766682914692771, 0.6748885220437988, 0.05826198148277789, 0.2661180216547285, 0.4421861408845411, 0.9141000841539659, 0.3665582680402964, 0.23669321919655517, 1.0, 0.7382312160616913, 0.8827895563342798, 0.893803854707065, 0.7127774792622994, 0.8149760688446992, 0.7850118660511431, 1.0, 0.1922382617563554, 1.0, 0.7229132904585939, 0.66801956172107, 0.6509106257652548, 1.0, 0.4339213351685698, 0.7016265496309229, 1.0, 0.706469885204883, 0.2179371010579758, 0.11666737327895797, 0.9542333350628116, 0.4903510788203176, 0.6424887757536142, 0.11582292438020222, 0.7517070403538422, 1.0, 0.5822109370915456, 0.551080793943544, 0.8161547359011423, 0.09999999999999999, 0.8319390869638097, 1.0, 1.0, 0.0, 0.7451974543165035, 0.8387796716807858, 0.7799696154227835, 0.6742654297681573, 0.8276851859011425, 1.0, 0.512283842723568, 0.6866411249144649, 0.6868474083243508, 0.6903510788203177, 0.6873247443252544, 0.7301961448188755, 0.3807256007926331, 0.4642725025882881, 0.38683567216420955, 0.9176675865658077, 0.41145898320123175, 0.9891483218006352, 0.4984324668005956, 0.85, 0.5388223314197078, 0.8923725673979319, 0.6259403648918203, 0.04942834381219237, 0.32641839065175154, 0.8387796716807858, 1.0, 0.3177705200576874, 0.878163401167724, 0.6730908208928771, 0.7538024285875055, 0.8083325080431145, 0.5981716191316424, 0.8293834337892512, 0.48275794232794217, 0.3361519735310733, 0.0, 0.5261072559244404, 0.714297617187952, 0.5326080313569397, 0.7125108877355164, 0.9891483218006352, 0.7328602200025534, 0.5780365272269377, 0.1759424130312673, 0.9891483218006352, 0.4005326816439736, 0.9299711370778252, 0.7328728653985972, 1.0, 0.5674364496822819, 0.6160391794642067, 0.4439880235161811, 0.6630804239841512, 0.8977421340324505, 0.5969803377115616, 0.7170015046833873, 1.0, 0.782115426602226, 0.64272438732935, 0.8249365300761395, 0.5674961219905689, 0.4606972076751621, 1.0, 0.5392579010634381, 0.008694754573109073, 0.606514780687814, 0.41807263856718657, 0.808221529667446, 0.7696296454239946, 0.40289299814414176, 1.0, 0.45076591901650565, 0.477096516758575, 0.4787581945893852, 0.3490403912695087, 0.2627166511815171, 0.9469728550743763, 0.32340833096900673, 0.8184276974159628, 0.12, 0.9701564725523897, 0.7504004004704901, 0.0035670026709032432, 0.7431351738566481, 0.24548027084905316, 0.5027616393658039, 0.8249365300761395, 0.447298452667235, 0.882688666737673, 0.5578607431385983, 0.8778769644385496, 0.3508081453961951, 0.7285380935292984, 0.9891483218006352, 0.2088017714661632, 1.0, 0.7661179464121555, 1.0, 0.7353746106262073, 0.4777601556679766, 0.801169789534145, 0.8651650731090275, 0.8223873319410013, 0.24378163713839862, 0.1650567204976689, 0.7970182644937875, 0.4039114800507836, 0.10348801095303897, 1.0, 0.5054517805031776, 0.37923025609941297, 1.0, 1.0, 0.9059642451028274, 0.8403116829613333, 0.7824888488263595, 0.04535576197454044, 1.0, 1.0, 0.5309537492920497, 0.801169789534145, 0.4339058460894847, 0.554739134738433, 1.0, 0.3889379432495441, 0.05540387552681966, 0.030390470936082048, 0.4664355844276247, 0.8601527033303111, 0.7300656691761418, 0.33587195517880347, 0.6559327101364547, 0.9891483218006352, 0.6626791769304377, 1.0, 0.6567389877523072, 0.7852451152245079, 0.9891483218006352, 0.6476309505212854, 0.9009945546583267, 1.0, 0.8362062829761001, 0.743345352381902, 0.503564603053851, 0.7477655797954694, 0.5528265488737891, 1.0, 0.3502278939890302, 0.307730249353226, 0.7040321472003551, 0.39478364465107074, 0.7498018405233149, 0.6310308074685265, 0.35624947398505524, 0.255903071453633, 0.822378125936329, 1.0, 1.0, 0.0857142857142857, 1.0, 0.6035124809436885, 0.7560081578877182, 0.6686145203178383, 0.45473913473843297, 0.08928571428571427, 0.662775442898248, 0.9024101654079206, 0.5510585507100338, 0.46575232448771275, 0.36905601805001587, 0.4616760548423344, 1.0, 0.9495565333799167, 0.32297825020392806, 0.7708783243423232, 0.27599784150238993, 0.5486780060731714, 0.7224171275474598, 0.7366289756845221, 0.6586275761728796, 1.0, 0.2945102422011197, 0.8051231260806146, 0.4878372832477157, 0.9891483218006352, 0.39675296426202156, 0.5475641376147264, 0.7115187153144993, 0.7888424084106092, 0.31237328339586123, 0.8165273869902545, 0.24090702262082825, 0.8255980153481091, 0.25016079085323406, 0.5644129773172782, 0.537247623665976, 0.5071296454239946, 0.784596139622804, 0.754237295389593, 0.45759530908884194, 0.9891483218006352, 0.6222244648066615, 0.8873946414934641, 1.0]
Finish training and take 25m
