Namespace(log_name='./RQ5/javascript_1000/soft7_2_codet5p_220m.log', model_name='Salesforce/codet5p-220m', lang='javascript', output_dir='RQ5/javascript_1000/soft7_2_codet5p_220m', data_dir='./data/RQ5/javascript_1000_2', no_cuda=False, visible_gpu='0', num_train_epochs=10, num_test_epochs=1, train_batch_size=16, eval_batch_size=2, gradient_accumulation_steps=1, load_model_path=None, config_name='', tokenizer_name='', max_source_length=512, max_target_length=512, warm_up_ratio=0.1, do_train=True, do_eval=True, do_test=True, freeze=False, learning_rate=5e-05, beam_size=10, weight_decay=0.0, adam_epsilon=1e-08, local_rank=-1, seed=42, early_stop_threshold=3)
Process rank: -1, device: cuda, n_gpu: 1, distributed training: False
Model created!!
[[{'text': '', 'loss_ids': 0, 'shortenable_ids': 0}, {'text': " return true;   }   var next_state = (this[this.state]) ? this[this.state].apply(this, arguments) : 'done'   if (next_state) this.state = next_state;", 'loss_ids': 0, 'shortenable_ids': 1}, {'text': '', 'loss_ids': 0, 'shortenable_ids': 0}, {'text': ' prefer-spread', 'loss_ids': 0, 'shortenable_ids': 0}, {'text': '.', 'loss_ids': 0, 'shortenable_ids': 0}, {'text': '<mask>', 'loss_ids': 1, 'shortenable_ids': 0}, {'text': '', 'loss_ids': 0, 'shortenable_ids': 0}], {'guid': 0, 'tgt_text': "}      var next_state = (this[this.state]) ? this[this.state](r) : 'done'   if (next_state) this.state = next_state;"}]
***** Running training *****
  Num examples = 1000
  Batch size = 16
  Num epoch = 10

***** Running evaluation *****
  Num examples = 500
  Batch size = 2
  epoch = 0
  eval_ppl = inf
  global_step = 64
  train_loss = 20.687
  ********************
Previous best ppl:inf
Achieve Best ppl:inf
  ********************
BLEU file: ./data/RQ5/javascript_1000_2/validation.jsonl
  codebleu-4 = 59.96 	 Previous best codebleu 0
  ********************
 Achieve Best bleu:59.96
  ********************

***** Running evaluation *****
  Num examples = 500
  Batch size = 2
  epoch = 1
  eval_ppl = inf
  global_step = 127
  train_loss = 10.5946
  ********************
Previous best ppl:inf
Achieve Best ppl:inf
  ********************
BLEU file: ./data/RQ5/javascript_1000_2/validation.jsonl
  codebleu-4 = 64.48 	 Previous best codebleu 59.96
  ********************
 Achieve Best bleu:64.48
  ********************

***** Running evaluation *****
  Num examples = 500
  Batch size = 2
  epoch = 2
  eval_ppl = inf
  global_step = 190
  train_loss = 7.3453
  ********************
Previous best ppl:inf
BLEU file: ./data/RQ5/javascript_1000_2/validation.jsonl
  codebleu-4 = 63.65 	 Previous best codebleu 64.48
  ********************

***** Running evaluation *****
  Num examples = 500
  Batch size = 2
  epoch = 3
  eval_ppl = inf
  global_step = 253
  train_loss = 4.9689
  ********************
Previous best ppl:inf
BLEU file: ./data/RQ5/javascript_1000_2/validation.jsonl
  codebleu-4 = 65.82 	 Previous best codebleu 64.48
  ********************
 Achieve Best bleu:65.82
  ********************

***** Running evaluation *****
  Num examples = 500
  Batch size = 2
  epoch = 4
  eval_ppl = inf
  global_step = 316
  train_loss = 3.5029
  ********************
Previous best ppl:inf
BLEU file: ./data/RQ5/javascript_1000_2/validation.jsonl
  codebleu-4 = 65.05 	 Previous best codebleu 65.82
  ********************

***** Running evaluation *****
  Num examples = 500
  Batch size = 2
  epoch = 5
  eval_ppl = inf
  global_step = 379
  train_loss = 2.4582
  ********************
Previous best ppl:inf
BLEU file: ./data/RQ5/javascript_1000_2/validation.jsonl
  codebleu-4 = 65.14 	 Previous best codebleu 65.82
  ********************

***** Running evaluation *****
  Num examples = 500
  Batch size = 2
  epoch = 6
  eval_ppl = inf
  global_step = 442
  train_loss = 1.7873
  ********************
Previous best ppl:inf
BLEU file: ./data/RQ5/javascript_1000_2/validation.jsonl
  codebleu-4 = 64.34 	 Previous best codebleu 65.82
  ********************
early stopping!!!
reload model from RQ5/javascript_1000/soft7_2_codet5p_220m/checkpoint-best-bleu
BLEU file: ./data/RQ5/javascript_1000_2/test.jsonl
  codebleu = 64.5 
  Total = 500 
  Exact Fixed = 105 
[1, 3, 7, 9, 20, 21, 26, 30, 31, 35, 36, 38, 40, 42, 51, 60, 61, 69, 78, 80, 83, 84, 90, 96, 97, 104, 108, 110, 119, 121, 122, 133, 134, 136, 145, 150, 152, 163, 165, 168, 176, 177, 178, 182, 192, 195, 199, 202, 204, 208, 210, 212, 220, 227, 230, 233, 236, 241, 242, 249, 262, 269, 271, 275, 277, 278, 280, 301, 313, 317, 322, 337, 341, 345, 356, 383, 385, 387, 390, 392, 393, 394, 405, 409, 412, 413, 415, 419, 420, 431, 434, 437, 451, 453, 454, 468, 471, 477, 481, 487, 494, 495, 497, 499, 500]
  Syntax Fixed = 10 
[18, 173, 237, 250, 273, 311, 373, 402, 410, 414]
  Cleaned Fixed = 7 
[129, 170, 232, 273, 294, 328, 456]
  ********************
  Total = 500 
  Exact Fixed = 105 
[1, 3, 7, 9, 20, 21, 26, 30, 31, 35, 36, 38, 40, 42, 51, 60, 61, 69, 78, 80, 83, 84, 90, 96, 97, 104, 108, 110, 119, 121, 122, 133, 134, 136, 145, 150, 152, 163, 165, 168, 176, 177, 178, 182, 192, 195, 199, 202, 204, 208, 210, 212, 220, 227, 230, 233, 236, 241, 242, 249, 262, 269, 271, 275, 277, 278, 280, 301, 313, 317, 322, 337, 341, 345, 356, 383, 385, 387, 390, 392, 393, 394, 405, 409, 412, 413, 415, 419, 420, 431, 434, 437, 451, 453, 454, 468, 471, 477, 481, 487, 494, 495, 497, 499, 500]
  Syntax Fixed = 10 
[18, 173, 237, 250, 273, 311, 373, 402, 410, 414]
  Cleaned Fixed = 7 
[129, 170, 232, 273, 294, 328, 456]
  codebleu = 64.5 
[0.9891483218006352, 0.6919266365055134, 1.0, 0.5076034217458815, 0.08436692013296332, 0.2921698416979993, 1.0, 0.6670229742923897, 1.0, 0.591516286342532, 0.8955980328281301, 0.8696847134058581, 0.25255157651202054, 0.6329739871337788, 0.5466127647565298, 0.6452148813321528, 0.5631372993900048, 0.7550835185056715, 0.0, 1.0, 1.0, 0.03494569883285414, 0.8708250323025346, 0.7158229243802021, 0.49038145152466306, 0.8249365300761395, 0.8597766350872547, 0.43021319008106473, 0.6508081453961951, 0.7230619919314705, 1.0, 0.4340764315695067, 0.7943817070456347, 0.8570961003195992, 0.8114529051148651, 1.0, 0.7191441569283882, 0.9891483218006352, 0.3340047425620204, 0.9891483218006352, 0.8573464528613979, 1.0, 0.4691812006789662, 0.7413033438528566, 0.6332527923879377, 0.6082742323311118, 0.8252074160406009, 0.8178607431385985, 0.3053502366259113, 0.6574138233688298, 1.0, 0.805453099521674, 0.7892647227570666, 0.5264886858900315, 0.3533755248262469, 0.5695939886293169, 0.13333333333333333, 0.5338054518326395, 0.6352900380997268, 1.0, 1.0, 0.32719217235516845, 0.7418700780523083, 0.5991952091552186, 0.7158229243802021, 0.7076923076923076, 0.5743280205426342, 0.6983338153069474, 0.8249365300761395, 0.9616979821237088, 0.6847482616910893, 0.31010604549741544, 0.714297617187952, 0.37016971107762675, 0.6445931574752105, 0.13636363636363635, 0.5069117835177426, 1.0, 0.1495352051294258, 1.0, 0.7896006392880524, 0.5718336933369629, 1.0, 0.9891483218006352, 0.20613487118166404, 0.8270631710091583, 0.48211004236477467, 0.2006793809884459, 0.47996086480687705, 1.0, 0.06, 0.5107618109619089, 0.5793435451110831, 0.6492633713864637, 0.7298304277609075, 1.0, 1.0, 0.636116060033499, 0.8899929854363868, 0.30903821197734205, 0.2799449403593628, 0.7819827494849558, 0.5627200451626766, 0.2578010511749925, 0.7907486083314552, 0.8044054053869931, 0.5670081631742787, 1.0, 0.6755568064749966, 1.0, 0.5532136440138307, 0.6488884298635612, 0.4536911179244788, 0.3379694287810409, 0.940387748772268, 0.8494781978987964, 0.5418035126585234, 0.8502961496218351, 1.0, 0.510980970646246, 1.0, 1.0, 0.4470581748828688, 0.28515328647075866, 0.6544375845878311, 0.5300175375332649, 0.2974610638433307, 0.5959813808622627, 0.5335178544671608, 0.6618503204869636, 0.08593279222191139, 0.6108023236163682, 1.0, 1.0, 0.3488893053747225, 1.0, 0.24875606856926585, 0.5242857383161393, 0.577753753904839, 0.41485271067894747, 0.4892227125150652, 0.6414435318113729, 0.6958728927330549, 0.7014499169499973, 0.8651704051777762, 0.6086737860987872, 0.3632462232889623, 0.503191349857689, 0.6785176006224589, 0.9584519390150779, 0.6429326815734496, 1.0, 0.2933192603414, 0.526797617187952, 0.5600564218987174, 0.4559624050320348, 0.902700490932961, 0.5865265109839976, 0.21170458518859758, 0.23049138297301558, 0.3237137861332759, 0.49358204019464635, 1.0, 0.16098557679715664, 1.0, 0.4970818198712149, 0.5907915119421392, 1.0, 0.3544908721645896, 0.6577359353975811, 0.7860594922037922, 0.45241016540792056, 0.8983157796360077, 0.561267769761279, 0.5809475826393302, 0.9104757374009316, 0.8778769644385496, 1.0, 0.45508310949075587, 0.594064847556794, 0.6051294155160957, 0.8249365300761395, 0.9396769988489013, 0.49442202058878887, 0.5707915119421392, 0.6970198862562978, 0.401706244308338, 0.5382841518266749, 0.7191441569283882, 0.5675193208193761, 0.4885926413190037, 1.0, 0.5293552443498337, 0.6377108948961138, 1.0, 0.8257887556015677, 0.7504004004704901, 0.3505326270146554, 0.8659764972871196, 0.6357741351064675, 0.5798485095727001, 1.0, 0.8433766349070695, 1.0, 0.8648103351245982, 0.6817010166027592, 0.6158229243802023, 1.0, 0.3600988738495229, 1.0, 0.8824709043482357, 0.8480747380382081, 0.006462586657983039, 0.22419155352810277, 0.7190907364295069, 0.56369994186322, 0.32173098023658764, 0.6512223502463547, 0.8304054224244419, 1.0, 0.5937898552968179, 0.58189415539785, 0.25704272418535706, 0.5761697895341449, 0.38421093443615684, 0.6419303598638295, 1.0, 0.7250616602316542, 0.6642742735155721, 1.0, 0.5242095214601551, 0.9036307963613739, 1.0, 0.9105639359235915, 0.2063607509657136, 1.0, 0.9142445273649933, 0.753934274260637, 0.46053348630208313, 0.636964721661222, 1.0, 1.0, 0.23120373106826186, 0.27558314725722455, 0.4453710621987834, 0.8877459225855626, 0.7158229243802021, 0.4920742135995943, 1.0, 0.9052213232755846, 0.7118977233058527, 0.15997084006767517, 0.20866354767478065, 0.766682914692771, 0.6748885220437988, 0.2379911542742785, 0.4118819918812901, 0.4421861408845411, 0.9141000841539659, 0.3665582680402964, 0.1316932191965552, 1.0, 0.7511200104643803, 0.8827895563342798, 0.893803854707065, 0.7058361638251169, 0.8149760688446992, 0.6001252633457674, 1.0, 0.2158229243802022, 1.0, 0.7229132904585939, 0.9367435553433501, 0.6509106257652548, 1.0, 0.4339213351685698, 1.0, 1.0, 0.706469885204883, 0.8114529051148651, 0.11666737327895797, 0.8439610348687525, 0.4903510788203176, 0.6559148291083154, 0.11582292438020222, 0.7517070403538422, 0.7545909332472028, 0.5822109370915456, 0.7754388907846601, 0.8161547359011423, 0.09999999999999999, 0.8319390869638097, 0.4667127418271009, 0.8201781496971694, 0.0, 0.7451974543165035, 0.8387796716807858, 0.7602608097855714, 0.6742654297681573, 0.6810173688016756, 1.0, 0.512283842723568, 0.6866411249144649, 0.6868474083243508, 0.6903510788203177, 0.7678525946438988, 0.7301961448188755, 0.3807256007926331, 0.5194637253863024, 0.5473931270915493, 0.9176675865658077, 0.41145898320123175, 0.9891483218006352, 0.7596041279955379, 0.85, 0.5388223314197078, 0.8923725673979319, 0.6259403648918203, 0.08152573352530099, 0.32641839065175154, 0.8387796716807858, 1.0, 0.5336911179244788, 0.878163401167724, 0.6730908208928771, 0.7538024285875055, 0.6628284669958653, 0.6119613551150405, 0.8293834337892512, 0.48275794232794217, 0.3361519735310733, 0.0, 0.5261072559244404, 0.714297617187952, 0.5127357469576059, 0.7125108877355164, 0.9891483218006352, 0.6953602200025533, 0.5780365272269377, 0.1759424130312673, 0.9891483218006352, 0.5484186395207964, 0.9299711370778252, 0.9225934589608529, 1.0, 0.3784878904958281, 0.6160391794642067, 0.4439880235161811, 0.5569959843890482, 0.8176593989567298, 0.5969803377115616, 0.7170015046833873, 0.639674617514176, 0.5129202997632146, 0.64272438732935, 0.8249365300761395, 0.5674961219905689, 0.4606972076751621, 0.5307707065593111, 0.5587997744897946, 0.008694754573109073, 0.557719307720078, 0.41807263856718657, 0.808221529667446, 0.7164034549418246, 0.40289299814414176, 0.7710658705890923, 0.45076591901650565, 0.5454272614803233, 0.36587342440580645, 0.3490403912695087, 0.2627166511815171, 0.9469728550743763, 0.32340833096900673, 0.602007580723576, 0.12, 0.4058276399439017, 0.7504004004704901, 0.0031323668437758896, 0.7431351738566481, 0.24548027084905316, 0.5027616393658039, 0.8249365300761395, 0.447298452667235, 0.882688666737673, 0.5578607431385983, 0.8778769644385496, 0.3508081453961951, 0.7285380935292984, 0.9891483218006352, 0.2088017714661632, 1.0, 0.7661179464121555, 1.0, 0.7353746106262073, 0.4777601556679766, 0.5789207115002721, 0.8651650731090275, 0.8223873319410013, 0.24378163713839862, 0.16982977325103105, 0.7970182644937875, 0.33880741055579394, 0.10348801095303897, 1.0, 0.731117687292167, 0.37923025609941297, 0.31977476369658997, 1.0, 0.9059642451028274, 0.373502164927321, 0.7824888488263595, 0.7135428903906851, 0.756047661202274, 1.0, 0.5309537492920497, 0.801169789534145, 0.4339058460894847, 0.9891483218006352, 1.0, 0.3889379432495441, 0.05540387552681966, 0.030390470936082048, 0.4664355844276247, 0.8601527033303111, 0.7300656691761418, 0.3275887968144088, 0.6559327101364547, 0.5237030996295007, 0.5712881297172863, 1.0, 0.6567389877523072, 0.7685784485578413, 0.9891483218006352, 0.6285833314736662, 0.9009945546583267, 1.0, 0.8362062829761001, 0.743345352381902, 0.6120862230985752, 0.8023971576601443, 0.5528265488737891, 0.25311193401315524, 0.3502278939890302, 0.21726861198836206, 0.6889214900451052, 0.39478364465107074, 0.7498018405233149, 0.6310308074685265, 0.48897284678550934, 1.0, 0.822378125936329, 1.0, 1.0, 0.0857142857142857, 0.8954450935705085, 0.6035124809436885, 0.7560081578877182, 0.5489718220056494, 0.45473913473843297, 0.06060606060606061, 0.662775442898248, 0.9024101654079206, 0.5510585507100338, 0.4062652820919249, 0.36905601805001587, 0.4616760548423344, 1.0, 0.9495565333799167, 0.3580468899723981, 0.7708783243423232, 0.4121831032184268, 0.5486780060731714, 0.7224171275474598, 0.7366289756845221, 0.6586275761728796, 1.0, 0.2945102422011197, 0.8502367699851867, 0.4878372832477157, 0.9891483218006352, 0.39675296426202156, 0.9039342742606371, 0.7115187153144993, 0.7518608039622263, 0.31237328339586123, 1.0, 0.24090702262082825, 0.8255980153481091, 0.25016079085323406, 0.5644129773172782, 0.537247623665976, 0.5071296454239946, 1.0, 1.0, 0.4298814859959569, 0.9891483218006352, 0.6222244648066615, 1.0, 1.0]
Finish training and take 28m
