Namespace(log_name='./RQ5/javascript_1000/soft7_3_codet5p_770m.log', model_name='Salesforce/codet5p-770m', lang='javascript', output_dir='RQ5/javascript_1000/soft7_3_codet5p_770m', data_dir='./data/RQ5/javascript_1000_3', no_cuda=False, visible_gpu='0', num_train_epochs=10, num_test_epochs=1, train_batch_size=4, eval_batch_size=2, gradient_accumulation_steps=1, load_model_path=None, config_name='', tokenizer_name='', max_source_length=512, max_target_length=512, warm_up_ratio=0.1, do_train=True, do_eval=True, do_test=True, freeze=False, learning_rate=5e-05, beam_size=10, weight_decay=0.0, adam_epsilon=1e-08, local_rank=-1, seed=42, early_stop_threshold=3)
Process rank: -1, device: cuda, n_gpu: 1, distributed training: False
Model created!!
Namespace(log_name='./RQ5/javascript_1000/soft7_3_codet5p_770m.log', model_name='Salesforce/codet5p-770m', lang='javascript', output_dir='RQ5/javascript_1000/soft7_3_codet5p_770m', data_dir='./data/RQ5/javascript_1000_3', no_cuda=False, visible_gpu='0', num_train_epochs=10, num_test_epochs=1, train_batch_size=4, eval_batch_size=2, gradient_accumulation_steps=1, load_model_path=None, config_name='', tokenizer_name='', max_source_length=512, max_target_length=512, warm_up_ratio=0.1, do_train=True, do_eval=True, do_test=True, freeze=False, learning_rate=5e-05, beam_size=10, weight_decay=0.0, adam_epsilon=1e-08, local_rank=-1, seed=42, early_stop_threshold=3)
Process rank: -1, device: cuda, n_gpu: 1, distributed training: False
Model created!!
[[{'text': '', 'loss_ids': 0, 'shortenable_ids': 0}, {'text': " if (data.code = 'suggested-change') {         this.set('values', data.values);", 'loss_ids': 0, 'shortenable_ids': 1}, {'text': '', 'loss_ids': 0, 'shortenable_ids': 0}, {'text': ' no-cond-assign', 'loss_ids': 0, 'shortenable_ids': 0}, {'text': '.', 'loss_ids': 0, 'shortenable_ids': 0}, {'text': '<mask>', 'loss_ids': 1, 'shortenable_ids': 0}, {'text': '', 'loss_ids': 0, 'shortenable_ids': 0}], {'guid': 0, 'tgt_text': "if (data.code === 'suggested-change') {         this.set('values', data.values);"}]
***** Running training *****
  Num examples = 1000
  Batch size = 4
  Num epoch = 10

***** Running evaluation *****
  Num examples = 100
  Batch size = 2
  epoch = 0
  eval_ppl = inf
  global_step = 251
  train_loss = 15.7366
  ********************
Previous best ppl:inf
Achieve Best ppl:inf
  ********************
BLEU file: ./data/RQ5/javascript_1000_3/validation.jsonl
  codebleu-4 = 67.59 	 Previous best codebleu 0
  ********************
 Achieve Best bleu:67.59
  ********************

***** Running evaluation *****
  Num examples = 100
  Batch size = 2
  epoch = 1
  eval_ppl = inf
  global_step = 501
  train_loss = 7.7462
  ********************
Previous best ppl:inf
BLEU file: ./data/RQ5/javascript_1000_3/validation.jsonl
  codebleu-4 = 69.78 	 Previous best codebleu 67.59
  ********************
 Achieve Best bleu:69.78
  ********************

***** Running evaluation *****
  Num examples = 100
  Batch size = 2
  epoch = 2
  eval_ppl = inf
  global_step = 751
  train_loss = 3.9258
  ********************
Previous best ppl:inf
BLEU file: ./data/RQ5/javascript_1000_3/validation.jsonl
  codebleu-4 = 70.67 	 Previous best codebleu 69.78
  ********************
 Achieve Best bleu:70.67
  ********************

***** Running evaluation *****
  Num examples = 100
  Batch size = 2
  epoch = 3
  eval_ppl = inf
  global_step = 1001
  train_loss = 1.9052
  ********************
Previous best ppl:inf
BLEU file: ./data/RQ5/javascript_1000_3/validation.jsonl
  codebleu-4 = 70.19 	 Previous best codebleu 70.67
  ********************

***** Running evaluation *****
  Num examples = 100
  Batch size = 2
  epoch = 4
  eval_ppl = inf
  global_step = 1251
  train_loss = 1.0075
  ********************
Previous best ppl:inf
BLEU file: ./data/RQ5/javascript_1000_3/validation.jsonl
  codebleu-4 = 70.67 	 Previous best codebleu 70.67
  ********************

***** Running evaluation *****
  Num examples = 100
  Batch size = 2
  epoch = 5
  eval_ppl = inf
  global_step = 1501
  train_loss = 0.6355
  ********************
Previous best ppl:inf
BLEU file: ./data/RQ5/javascript_1000_3/validation.jsonl
  codebleu-4 = 70.18 	 Previous best codebleu 70.67
  ********************
early stopping!!!
reload model from RQ5/javascript_1000/soft7_3_codet5p_770m/checkpoint-best-bleu
BLEU file: ./data/RQ5/javascript_1000_3/test.jsonl
  codebleu = 63.1 
  Total = 500 
  Exact Fixed = 100 
[1, 3, 7, 8, 20, 21, 26, 30, 34, 35, 36, 37, 38, 40, 42, 60, 61, 66, 69, 78, 80, 84, 96, 104, 122, 129, 133, 134, 140, 141, 152, 163, 168, 176, 178, 187, 188, 192, 195, 201, 208, 209, 210, 212, 220, 227, 231, 236, 239, 241, 242, 249, 262, 271, 273, 278, 280, 290, 294, 313, 317, 322, 326, 337, 341, 345, 350, 353, 354, 356, 367, 375, 383, 387, 390, 393, 394, 399, 405, 406, 409, 412, 414, 420, 429, 433, 435, 437, 449, 452, 453, 454, 456, 471, 477, 481, 495, 497, 499, 500]
  Syntax Fixed = 6 
[18, 211, 238, 373, 402, 410]
  Cleaned Fixed = 4 
[151, 232, 311, 419]
  ********************
  Total = 500 
  Exact Fixed = 100 
[1, 3, 7, 8, 20, 21, 26, 30, 34, 35, 36, 37, 38, 40, 42, 60, 61, 66, 69, 78, 80, 84, 96, 104, 122, 129, 133, 134, 140, 141, 152, 163, 168, 176, 178, 187, 188, 192, 195, 201, 208, 209, 210, 212, 220, 227, 231, 236, 239, 241, 242, 249, 262, 271, 273, 278, 280, 290, 294, 313, 317, 322, 326, 337, 341, 345, 350, 353, 354, 356, 367, 375, 383, 387, 390, 393, 394, 399, 405, 406, 409, 412, 414, 420, 429, 433, 435, 437, 449, 452, 453, 454, 456, 471, 477, 481, 495, 497, 499, 500]
  Syntax Fixed = 6 
[18, 211, 238, 373, 402, 410]
  Cleaned Fixed = 4 
[151, 232, 311, 419]
  codebleu = 63.1 
[0.9891483218006352, 0.6919266365055134, 1.0, 0.6896475098120338, 0.08436692013296332, 0.2694116280447687, 1.0, 1.0, 0.3924155443973892, 0.591516286342532, 0.8098837471138445, 0.8696847134058581, 0.25255157651202054, 0.6329739871337788, 0.5466127647565298, 0.6452148813321528, 0.5631372993900048, 0.7550835185056715, 0.0, 1.0, 1.0, 0.28178507258525926, 0.8012926565147358, 0.7158229243802021, 0.49038145152466306, 0.8249365300761395, 0.8597766350872547, 0.396349572956634, 0.6508081453961951, 0.7230619919314705, 0.8494413741851621, 0.7881136779802395, 0.7943817070456347, 1.0, 0.8114529051148651, 1.0, 1.0, 0.9891483218006352, 0.3340047425620204, 0.9891483218006352, 0.7471696119930195, 1.0, 0.700590168990773, 0.7413033438528566, 0.6332527923879377, 0.6082742323311118, 0.8252074160406009, 0.8178607431385985, 0.3053502366259113, 0.6574138233688298, 0.7517692380063994, 0.805453099521674, 0.54745080229273, 0.5264886858900315, 0.26420887639251495, 0.5465085296294044, 0.13333333333333333, 0.5338054518326395, 0.712432895242584, 1.0, 1.0, 0.20296697618476528, 0.7893658054561633, 0.8321296454239947, 0.7158229243802021, 1.0, 0.45781687644445757, 0.6983338153069474, 0.8249365300761395, 0.9616979821237088, 0.6847482616910893, 0.6551486585921227, 0.714297617187952, 0.0, 0.6445931574752105, 0.13846153846153847, 0.5069117835177426, 1.0, 0.1495352051294258, 1.0, 0.7834298712141025, 0.5718336933369629, 0.5637946891611503, 0.9891483218006352, 0.20613487118166404, 0.6426562326643259, 0.4998908614631377, 0.5960203889580482, 0.47996086480687705, 0.6492561474202864, 0.06, 0.5021287494162977, 0.5793435451110831, 0.6492633713864637, 0.7886150441973765, 1.0, 0.6980472624402649, 0.6871556640337352, 0.8899929854363868, 0.2711261798042264, 0.2799449403593628, 0.7819827494849558, 0.5627200451626766, 0.2578010511749925, 0.7418506489774956, 0.7341620529328736, 0.5670081631742787, 0.5102043912123392, 0.6755568064749966, 0.8096354401872717, 0.5532136440138307, 0.6488884298635612, 0.4536911179244788, 0.31429761718795196, 0.902887748772268, 0.8494781978987964, 0.5739463698013807, 0.8502961496218351, 0.842133818192679, 0.510980970646246, 0.7522712571363831, 1.0, 0.4470581748828688, 0.21168485254147001, 0.6487024878028848, 0.9491673847910091, 0.2974610638433307, 0.5959813808622627, 1.0, 0.6618503204869636, 0.14224981392389122, 0.6269940846421196, 1.0, 1.0, 0.3508081453961951, 0.36239422299400936, 0.19348034809444703, 0.7308835793300246, 0.7252020803542336, 0.676275735434565, 1.0, 0.8523657005051577, 0.5304531274128144, 0.7014499169499973, 0.6753600779398393, 0.6086737860987872, 0.3632462232889623, 0.3834276417146619, 0.6785176006224589, 0.8313560704120448, 0.8145082176095655, 1.0, 0.2933192603414, 0.526797617187952, 0.5945178483041882, 0.2694851881295155, 0.94393416003725, 0.5865265109839976, 0.21170458518859758, 0.23049138297301558, 0.29157092899041875, 0.5774263257292502, 1.0, 0.15189466770624754, 0.45162654963092297, 0.528559322517644, 0.5907915119421392, 1.0, 0.3544908721645896, 0.8020311540826717, 0.7860594922037922, 0.5071242045484599, 0.8991129363138861, 0.561267769761279, 0.5441070669348561, 0.9104757374009316, 0.38058318513755585, 1.0, 0.45508310949075587, 0.5279905343601452, 0.6051294155160957, 0.19035071477803323, 0.9396769988489013, 0.2963212898737588, 0.5507915119421392, 0.5317431695452299, 0.8114529051148651, 1.0, 0.8206847188488577, 0.5675193208193761, 0.4885926413190037, 1.0, 0.5293552443498337, 0.6707350069254493, 1.0, 0.7734222805543705, 0.7504004004704901, 0.3382249347069631, 0.433241087131014, 0.6357741351064675, 1.0, 0.6965834056802387, 0.7793642808214178, 0.6517397827309226, 0.7437798335299273, 0.7102743627109004, 0.6158229243802023, 1.0, 0.8503143105742339, 1.0, 0.8824709043482357, 0.8480747380382081, 0.06552572456572223, 0.004018971817754656, 0.49078898990031383, 0.4507132862214359, 0.32627945612776854, 0.6512223502463547, 0.8304054224244419, 1.0, 0.5937898552968179, 0.58189415539785, 0.25704272418535706, 0.5761697895341449, 0.49351804990029324, 0.6611122966503853, 1.0, 0.3883526761775949, 0.6642742735155721, 0.38245319782175086, 1.0, 0.9036307963613739, 0.5907501832860717, 0.9105639359235915, 0.3508081453961951, 1.0, 0.9142445273649933, 0.9039342742606371, 0.7403187370686143, 0.636964721661222, 1.0, 1.0, 0.3373940575497127, 0.27558314725722455, 0.4453710621987834, 0.8877459225855626, 0.7158229243802021, 0.4920742135995943, 1.0, 0.6256001483424818, 0.7118977233058527, 0.15997084006767517, 0.20866354767478065, 0.766682914692771, 0.6748885220437988, 0.2379911542742785, 0.4118819918812901, 0.6431303389366008, 0.7137232955494407, 0.3665582680402964, 0.23669321919655517, 1.0, 0.7511200104643803, 0.8827895563342798, 0.893803854707065, 0.7127774792622994, 0.8149760688446992, 0.7850118660511431, 0.5347428106038496, 0.2015372100944879, 1.0, 0.7604979526305213, 1.0, 0.6509106257652548, 0.776554029901346, 0.48392133516856983, 0.778785113836511, 1.0, 0.706469885204883, 0.8114529051148651, 0.11666737327895797, 0.8439610348687525, 0.4903510788203176, 0.47711560659055585, 0.11582292438020222, 0.7341765280314609, 0.7545909332472028, 0.5822109370915456, 0.7709825343908894, 1.0, 0.09999999999999999, 0.7965310924001736, 0.4667127418271009, 1.0, 0.0, 0.7451974543165035, 0.8387796716807858, 0.8766575586569678, 0.5016721603156543, 0.8276851859011425, 0.32226848557385973, 0.512283842723568, 0.6866411249144649, 0.36998241757052763, 0.0, 0.612835596652421, 0.7301961448188755, 0.3807256007926331, 0.5194637253863024, 0.38683567216420955, 0.8725356837831622, 0.41145898320123175, 0.9891483218006352, 0.7596041279955379, 0.85, 0.6060557340789965, 0.8923725673979319, 0.6259403648918203, 0.08152573352530099, 0.32641839065175154, 0.8387796716807858, 1.0, 0.5870244512578122, 0.878163401167724, 0.5106404500880432, 1.0, 0.8083325080431145, 0.5981716191316424, 0.8293834337892512, 0.5327799682741836, 0.3361519735310733, 0.0, 0.40057251275615136, 0.714297617187952, 0.5326080313569397, 0.7125108877355164, 0.9891483218006352, 0.7328602200025534, 0.5780365272269377, 0.1759424130312673, 0.9891483218006352, 0.4005326816439736, 0.9299711370778252, 0.66049209546247, 1.0, 0.5674364496822819, 0.6160391794642067, 0.465523972643262, 0.5569959843890482, 0.8933766349070695, 0.6627495320300727, 0.7170015046833873, 1.0, 0.782115426602226, 0.28272438732935, 0.8249365300761395, 0.5674961219905689, 0.4606972076751621, 0.5307707065593111, 0.5272579010634381, 0.008694754573109073, 0.606514780687814, 0.41807263856718657, 0.808221529667446, 0.45809271739843455, 0.40289299814414176, 1.0, 0.45076591901650565, 0.477096516758575, 0.36587342440580645, 0.3490403912695087, 0.2627166511815171, 0.9469728550743763, 0.32340833096900673, 1.0, 0.12, 0.9701564725523897, 0.7504004004704901, 0.0031323668437758896, 0.7431351738566481, 0.20461833748586147, 0.7550900824885661, 0.8249365300761395, 0.447298452667235, 0.6204339005632913, 0.5578607431385983, 0.8778769644385496, 0.3508081453961951, 0.7285380935292984, 0.9891483218006352, 0.2088017714661632, 0.7210658705890922, 0.7661179464121555, 1.0, 0.7353746106262073, 0.4777601556679766, 0.3399624270732811, 0.8651650731090275, 1.0, 0.24378163713839862, 0.1650567204976689, 0.7970182644937875, 0.4039114800507836, 0.10348801095303897, 1.0, 1.0, 0.2874761576355559, 0.31977476369658997, 1.0, 0.9059642451028274, 0.8403116829613333, 0.7824888488263595, 0.04535576197454044, 1.0, 0.47875874704124055, 0.5309537492920497, 0.801169789534145, 0.4339058460894847, 0.6285117129535003, 1.0, 0.3889379432495441, 0.05540387552681966, 0.030390470936082048, 0.4664355844276247, 0.8601527033303111, 0.7300656691761418, 0.3275887968144088, 0.6559327101364547, 0.9891483218006352, 0.6626791769304377, 0.6288405609996013, 0.6567389877523072, 1.0, 0.654739134738433, 1.0, 0.6870852848948238, 1.0, 0.31890515097234506, 0.7135836667601112, 0.5167899441813772, 0.8023971576601443, 0.6719213803039839, 0.25311193401315524, 0.3502278939890302, 0.307730249353226, 0.722618182509529, 0.40666554385424714, 0.7498018405233149, 1.0, 0.35624947398505524, 0.3652331461343674, 1.0, 1.0, 1.0, 0.0857142857142857, 1.0, 0.5045234828882075, 0.7420554014474346, 0.5489718220056494, 0.45473913473843297, 0.05476190476190476, 0.662775442898248, 0.9024101654079206, 0.5510585507100338, 0.46575232448771275, 0.36905601805001587, 0.4616760548423344, 0.7340398687371076, 0.9495565333799167, 0.33274168824131195, 0.7708783243423232, 0.4121831032184268, 0.5486780060731714, 0.7224171275474598, 0.7366289756845221, 0.6586275761728796, 1.0, 0.26848983011454464, 0.8502367699851867, 0.4878372832477157, 0.9891483218006352, 0.39675296426202156, 0.5475641376147264, 0.7115187153144993, 0.730967269400034, 0.31237328339586123, 0.8165273869902545, 0.24090702262082825, 0.35760072721677016, 0.25016079085323406, 0.5644129773172782, 0.537247623665976, 0.5071296454239946, 0.5994100321686132, 1.0, 0.45759530908884194, 0.9891483218006352, 0.2394857967249775, 1.0, 1.0]
Finish training and take 40m
