Namespace(log_name='./RQ5/tfix_32_1/codet5p_220m_f.log', model_name='Salesforce/codet5p-220m', lang='javascript', output_dir='RQ5/tfix_32_1/codet5p_220m_f', data_dir='./data/RQ5/tfix_32_1', no_cuda=False, visible_gpu='0', add_task_prefix=False, add_lang_ids=False, num_train_epochs=10, num_test_epochs=10, train_batch_size=8, eval_batch_size=4, gradient_accumulation_steps=2, load_model_path=None, config_name='', tokenizer_name='', max_source_length=512, max_target_length=512, warm_up_ratio=0.1, do_train=True, do_eval=True, do_test=True, do_lower_case=False, learning_rate=5e-05, beam_size=10, weight_decay=0.0, adam_epsilon=1e-08, max_grad_norm=1.0, max_steps=-1, eval_steps=-1, train_steps=-1, local_rank=-1, seed=42, early_stop_threshold=3)
Process rank: -1, device: cuda, n_gpu: 1, distributed training: False, model_name: Salesforce/codet5p-220m
model created!
Total 32 training instances 
***** Running training *****
  Num examples = 32
  Batch size = 8
  Num epoch = 10

***** Running evaluation *****
  Num examples = 100
  Batch size = 4
  epoch = 0
  eval_ppl = 1.0103
  global_step = 5
  train_loss = 1.4129
  ********************
Previous best ppl:inf
Achieve Best ppl:1.0103
  ********************
BLEU file: ./data/RQ5/tfix_32_1/validation.jsonl
  codebleu-4 = 17.23 	 Previous best codebleu 0
  ********************
 Achieve Best bleu:17.23
  ********************

***** Running evaluation *****
  Num examples = 100
  Batch size = 4
  epoch = 1
  eval_ppl = 1.0071
  global_step = 9
  train_loss = 0.669
  ********************
Previous best ppl:1.0103
Achieve Best ppl:1.0071
  ********************
BLEU file: ./data/RQ5/tfix_32_1/validation.jsonl
  codebleu-4 = 56.29 	 Previous best codebleu 17.23
  ********************
 Achieve Best bleu:56.29
  ********************

***** Running evaluation *****
  Num examples = 100
  Batch size = 4
  epoch = 2
  eval_ppl = 1.00664
  global_step = 13
  train_loss = 0.4602
  ********************
Previous best ppl:1.0071
Achieve Best ppl:1.00664
  ********************
BLEU file: ./data/RQ5/tfix_32_1/validation.jsonl
  codebleu-4 = 55.93 	 Previous best codebleu 56.29
  ********************

***** Running evaluation *****
  Num examples = 100
  Batch size = 4
  epoch = 3
  eval_ppl = 1.00649
  global_step = 17
  train_loss = 0.3003
  ********************
Previous best ppl:1.00664
Achieve Best ppl:1.00649
  ********************
BLEU file: ./data/RQ5/tfix_32_1/validation.jsonl
  codebleu-4 = 52.23 	 Previous best codebleu 56.29
  ********************

***** Running evaluation *****
  Num examples = 100
  Batch size = 4
  epoch = 4
  eval_ppl = 1.00642
  global_step = 21
  train_loss = 0.2368
  ********************
Previous best ppl:1.00649
Achieve Best ppl:1.00642
  ********************
BLEU file: ./data/RQ5/tfix_32_1/validation.jsonl
  codebleu-4 = 50.62 	 Previous best codebleu 56.29
  ********************

***** Running evaluation *****
  Num examples = 100
  Batch size = 4
  epoch = 5
  eval_ppl = 1.00633
  global_step = 25
  train_loss = 0.1468
  ********************
Previous best ppl:1.00642
Achieve Best ppl:1.00633
  ********************
BLEU file: ./data/RQ5/tfix_32_1/validation.jsonl
  codebleu-4 = 52.4 	 Previous best codebleu 56.29
  ********************

***** Running evaluation *****
  Num examples = 100
  Batch size = 4
  epoch = 6
  eval_ppl = 1.00628
  global_step = 29
  train_loss = 0.1438
  ********************
Previous best ppl:1.00633
Achieve Best ppl:1.00628
  ********************
BLEU file: ./data/RQ5/tfix_32_1/validation.jsonl
  codebleu-4 = 56.59 	 Previous best codebleu 56.29
  ********************
 Achieve Best bleu:56.59
  ********************

***** Running evaluation *****
  Num examples = 100
  Batch size = 4
  epoch = 7
  eval_ppl = 1.00634
  global_step = 33
  train_loss = 0.0981
  ********************
Previous best ppl:1.00628
BLEU file: ./data/RQ5/tfix_32_1/validation.jsonl
  codebleu-4 = 57.24 	 Previous best codebleu 56.59
  ********************
 Achieve Best bleu:57.24
  ********************

***** Running evaluation *****
  Num examples = 100
  Batch size = 4
  epoch = 8
  eval_ppl = 1.00642
  global_step = 37
  train_loss = 0.0821
  ********************
Previous best ppl:1.00628
BLEU file: ./data/RQ5/tfix_32_1/validation.jsonl
  codebleu-4 = 57.47 	 Previous best codebleu 57.24
  ********************
 Achieve Best bleu:57.47
  ********************

***** Running evaluation *****
  Num examples = 100
  Batch size = 4
  epoch = 9
  eval_ppl = 1.00646
  global_step = 41
  train_loss = 0.0871
  ********************
Previous best ppl:1.00628
BLEU file: ./data/RQ5/tfix_32_1/validation.jsonl
  codebleu-4 = 57.63 	 Previous best codebleu 57.47
  ********************
 Achieve Best bleu:57.63
  ********************
reload model from RQ5/tfix_32_1/codet5p_220m_f/checkpoint-best-bleu
BLEU file: ./data/RQ5/tfix_32_1/test.jsonl
  codebleu = 56.55 
  Total = 500 
  Exact Fixed = 6 
[22, 23, 131, 205, 427, 482]
  Syntax Fixed = 2 
[163, 180]
  Cleaned Fixed = 1 
[371]
  ********************
  Total = 500 
  Exact Fixed = 6 
[22, 23, 131, 205, 427, 482]
  Syntax Fixed = 2 
[163, 180]
  Cleaned Fixed = 1 
[371]
  codebleu = 56.55 
[0.36593621655465947, 0.8789433149074164, 0.8415580218210685, 0.5451417837590342, 0.3519980391978243, 0.8216460780407606, 0.3398382857983091, 0.31099957398169364, 0.7489935400021297, 0.5505831472572245, 0.824425175651095, 0.414297617187952, 0.3121594417706924, 0.541717236305286, 0.5055431170332984, 0.6993092824417293, 0.792947845270083, 0.5404095184045611, 0.16351384637564093, 0.464231961998615, 0.9097825010853771, 0.8249365300761395, 0.8114529051148651, 0.5058144125160369, 0.35933142821865177, 0.7716085560414976, 0.5428297584838295, 0.20456692255693043, 0.5536911179244788, 0.6459857482140212, 0.040444213028417955, 0.6606391824574767, 0.7461273419647574, 0.621862347508016, 0.6888724788208753, 0.45040497426175063, 0.5282528548450977, 0.26493187938965956, 0.8439376810693919, 0.5596414762602546, 0.4427200451626767, 0.27666535735640196, 0.7122853668557851, 0.6785036503543816, 0.8356274376774735, 0.9431571237072573, 0.03719173016926507, 0.5131719780745918, 0.9039342742606371, 0.5205584248799071, 0.41494193057548645, 0.45575281036960824, 0.7955136266162275, 0.8696847134058581, 0.8576593989567298, 0.396349572956634, 0.6530550965302279, 0.5642742735155721, 0.45715804963968226, 0.6273520828335467, 0.4905880158658711, 0.5854978414909923, 0.8052607518236046, 0.22242802984682342, 0.7517070403538422, 0.9260406910477721, 0.49330171021453717, 0.7341007521231433, 0.5050720368693571, 0.46253094342499124, 0.5129834344293507, 0.6206334767740918, 0.28890659929471596, 0.5843871292056362, 0.6016702090757367, 0.493447734789995, 0.4512584668303705, 0.7678559487964205, 0.7158229243802021, 0.5805198770357112, 0.6132366516010306, 0.6953602200025533, 0.6901940524102714, 0.5009302647113134, 0.6952135917851546, 0.6564216156096869, 0.588804774838485, 0.5936453851495643, 0.35449279658362304, 0.8630487585927691, 0.12110294159748969, 0.6902351923312436, 0.43706909478476685, 0.7465135647914407, 0.49818392611233764, 0.6745410470195684, 0.7887437726770301, 0.39873667339437135, 0.6266865967254232, 0.7249625453147603, 0.5229326815734496, 0.5683235428059559, 0.7275723927836586, 0.7524099059094923, 0.7309314375860153, 0.6265958401383632, 0.7903356967388899, 0.8165273869902545, 0.04535576197454044, 0.784257328861597, 0.8974634481857526, 0.7570894171538911, 0.6181634302376205, 0.6245487261605229, 0.6316585996401112, 0.6357741351064675, 0.7952148813321529, 0.6221584174428315, 0.3761737730696123, 0.7506656240001803, 0.46299057269136623, 0.0731716191316424, 0.629920929034602, 0.6967165256510812, 0.8990265449613299, 0.30931359857937624, 0.4531855447309179, 0.556487662226795, 0.5523753896742678, 0.02357226111775114, 0.8114529051148651, 0.5811409219639153, 0.7245741928928766, 0.884411967378405, 0.3290172889497498, 0.27733553577352177, 0.6201281281538, 0.8952738864082956, 0.5540969931263233, 0.8591190003999107, 0.6338914084275719, 0.4901365436405146, 0.6076390099325508, 0.5340106749112018, 0.5548295193530757, 0.762178754714643, 0.5249828567300865, 0.36482184137761786, 0.5157990952074163, 0.5365573165566148, 0.8132623593969441, 0.7026136760976884, 0.5553858682277547, 0.6536911179244789, 0.1589528341415056, 0.8330693404648544, 0.737896877118873, 0.23754599371220822, 0.3253313725311576, 0.596309309173441, 0.5289052690315463, 0.11367377306961232, 0.9002579146195044, 0.4471047149903593, 0.5142742735155721, 0.003157006751173676, 0.4771052192777594, 0.15557097987173873, 0.5264886858900315, 0.6625508357540224, 0.38333251237656163, 0.5009596020209375, 0.027660853979899265, 0.2901671840680754, 0.6157132877459149, 0.8695475294213804, 0.46978313398707483, 0.31931499599147634, 0.9039342742606371, 0.8045323569061116, 0.21056545775751523, 0.35260703155848694, 0.571700750841684, 0.7561984520017521, 0.7154170894739689, 0.6006394976554918, 0.6184762699712129, 0.7006428385900633, 0.377146793694639, 0.636964721661222, 0.41637913931420845, 0.3850581958489265, 0.44478640618236376, 0.597415144816797, 0.0, 0.11523607763797766, 0.8821296454239946, 0.5334126180997758, 0.5383640608656078, 0.4736728434913504, 0.45676707546873774, 0.3361966940838772, 0.8690442938396892, 0.9130169160146575, 1.0, 0.7417094915222344, 0.6915007184497834, 0.791407786926839, 0.7623676872921671, 0.7016265496309229, 0.5550049310474542, 0.6817027374009171, 0.8034443090225696, 0.5297241043652341, 0.625500606374912, 0.6395201224824882, 0.7423958127221755, 0.6499702347088693, 0.22719082257468703, 0.8291884689534064, 0.21100892280323053, 0.5924424048742483, 0.0, 0.2525381397200389, 0.45066219168465615, 0.484275626134433, 0.7301961448188755, 0.0, 0.6092728765398896, 0.5418455338416813, 0.0, 0.37384180996097194, 0.8232148025904986, 0.36819174898358564, 0.6532660911265038, 0.537930677467077, 0.3032212220646428, 0.7811753917342861, 0.5227886222566653, 0.09155723332574933, 0.7954935638657621, 0.980720400721969, 0.44577568138795753, 0.6445572237610087, 0.7302007404183433, 0.3604281563086096, 0.4531855447309179, 0.7896006392880524, 0.3583507427572924, 0.4637748059087725, 0.04310271587410342, 0.7170369693946632, 0.6983157796360075, 0.43096007508570255, 0.5355299639839244, 0.3272727272727272, 0.4326263272143769, 0.5499835331105016, 0.3703988534694904, 0.5066950592165548, 0.5178989075058493, 0.9211131842675646, 0.7686975521303816, 0.7752251888155339, 0.6518187340803612, 0.25456463735979495, 0.38412587020318456, 0.503404575411008, 0.8513726633741598, 0.5885221668571488, 0.3169165014017374, 0.8134557045901138, 0.4067900328493899, 0.7648103351245981, 0.8736081095465102, 0.7857384302911339, 0.6592906179772744, 0.8643234750474205, 0.07153421598018944, 0.2923083608934159, 0.6196263559246291, 0.6043938999758249, 0.9033331043272477, 0.5847385307544747, 0.5334126180997758, 0.4450440930163866, 0.7970182644937875, 0.2636668331849268, 0.4402830191580561, 0.669399420432528, 0.6558003592103332, 0.9130169160146575, 0.30342671660706916, 0.39969884422068214, 0.35603415049083675, 0.5381429054415754, 0.8632148025904984, 0.8291884689534064, 0.47180509653022784, 0.6301066508941007, 0.4887096364908238, 0.0, 0.5989702820409191, 0.7358502882945588, 0.6324794353697702, 0.3755170666459996, 0.6111824626395996, 0.8178607431385985, 0.5606891562047243, 0.6355230163254099, 0.45222870310832236, 0.46459392039551944, 0.5384982616910893, 0.4637360866549208, 0.6887796716807859, 0.5092272948800609, 0.582842712474619, 0.5765188209577117, 0.5116248646991514, 0.6642470965743206, 0.26347186640984777, 0.8038961967467184, 0.4580282826775408, 0.4964902913435728, 0.750722057146986, 0.6995780018676667, 0.576907475658101, 0.43732658824904136, 0.6690248490241473, 0.47786341412302047, 0.8434613529595205, 0.6892870539097846, 0.5879792831098578, 0.714297617187952, 0.6517765449003101, 0.6490264366907621, 0.6999566173218232, 0.29140341152897353, 0.3284982616910893, 0.586176316104594, 0.38315024898948147, 0.361636400769468, 0.4677820396003337, 0.5483858698628123, 0.7686443097434874, 0.6431227591816079, 0.8017397827309225, 0.06318453573472939, 0.9423331297992594, 0.19431575418362879, 0.6066855853913183, 0.9093279612505663, 0.4082203984945388, 0.49716968796987465, 0.6519266365055134, 0.7548295193530756, 0.18572023716540456, 0.3341255016526205, 0.08869475457310907, 0.6793788456922385, 0.41585825915406704, 0.8095785773605668, 0.8404619985667996, 0.885801886423617, 0.41034505741769906, 0.1621787547146431, 0.3949005844802781, 0.3726642022832921, 0.6863884298635612, 0.7970182644937875, 0.6179694287810409, 0.5530199848772628, 0.6974963429007335, 0.6583332549596508, 0.5519698034749387, 0.7533275196864174, 0.8525366466180964, 0.7883092393403118, 0.6628244028734973, 0.3610202619925232, 0.6392333266349789, 0.5402233947178415, 0.732236802097879, 0.06923076923076923, 0.591516286342532, 0.40660822240095185, 0.6685733388407632, 0.47180509653022784, 0.9039342742606371, 0.21178229269315577, 0.6540674839146357, 0.7478867460311109, 0.5900098250643101, 0.5845720003763292, 0.676275735434565, 0.3714764154580026, 0.09999999999999999, 0.29080814539619515, 0.6731093971662766, 0.7591116846422887, 0.6320615067866382, 0.367641751923923, 0.535820092956037, 0.4190545471347328, 0.704412072331663, 0.0, 0.27107577186759024, 0.5705557495072049, 0.6129938455930134, 0.64272438732935, 0.4922382617563553, 0.8288120051119818, 0.5927200451626766, 0.15, 0.7396270263254157, 0.4879767271001031, 0.6399729672943263, 0.5992413083109663, 0.46655222663292156, 0.7969743810233871, 0.49935498108571197, 0.0255577241698509, 0.544718340068702, 0.7144948346694379, 0.7543841330490832, 0.7941625761303395, 1.0, 0.8824709043482357, 0.17533441971177713, 0.03115588878443292, 0.5745852221368928, 0.3704211082436195, 0.38183354569032213, 0.8425480047968843, 0.8661547359011423, 0.3259403648918202, 0.5334147323445907, 0.761861426973314, 0.5851437806531152, 0.9320894171538912, 0.6508081453961951, 0.8205326290822457, 0.6801359448960247, 0.6870606775436042, 0.6995228788727517, 0.48535576197454045, 0.7916479842275448, 0.28605185738761973, 0.6983761581889011, 0.7502567313635018, 0.7965481359238318, 0.8386800272334847, 0.3339955250179895, 0.6838528189756714, 0.5470783037679993, 0.5149139863647084, 0.6721141590702997, 0.859655200961138, 0.5408401405239117, 0.6780323751412478, 0.5801154532856382, 0.3831939362196469, 0.5549192578530084, 0.4635455293697655, 0.6545980623470591, 0.7076923076923076, 0.8642470965743208, 0.3166508010405151, 0.04252634525625819, 0.7936596701765952, 0.07944994767545024, 0.33433367971754413, 0.30410225109429134, 0.7569706667451968, 0.7451384298635613, 0.13337173484667555, 0.7776444295139451, 0.565671952352334, 0.8857441887419302, 0.679367292167537, 0.8164562066675629, 1.0, 0.658009131829517, 0.3068566800491167, 0.74, 0.6391676509242572, 0.3445683217133939, 0.8586654659334061, 0.5943893444913173, 0.6, 0.33036017439379955, 0.7228922179236725, 0.2475891977778692, 0.4508285762477364, 0.6290960494103124, 0.8150666162955742, 0.5335665191868353, 0.6190128819697975, 0.6573831527026088, 0.26288137572470943]
Finish training and take 17m
