Namespace(log_name='./RQ5/tfix_32_1/codet5p_770m.log', model_name='Salesforce/codet5p-770m', lang='javascript', output_dir='RQ5/tfix_32_1/codet5p_770m', data_dir='./data/RQ5/tfix_32_1', choice=0, no_cuda=False, visible_gpu='0', num_train_epochs=10, num_test_epochs=1, train_batch_size=4, eval_batch_size=4, gradient_accumulation_steps=1, load_model_path=None, config_name='', tokenizer_name='', max_source_length=512, max_target_length=512, warm_up_ratio=0.1, do_train=True, do_eval=True, do_test=True, freeze=False, learning_rate=5e-05, beam_size=10, weight_decay=0.0, adam_epsilon=1e-08, local_rank=-1, seed=42, early_stop_threshold=2)
Process rank: -1, device: cuda, n_gpu: 1, distributed training: False
Model created!!
[[{'text': "this.$elem.children().each(function(e,f){           if ($(this).attr('rel') == 'bord')", 'loss_ids': 0, 'shortenable_ids': 1}, {'text': '<mask>', 'loss_ids': 1, 'shortenable_ids': 0}, {'text': 'is the fixed version', 'loss_ids': 0, 'shortenable_ids': 0}], {'guid': 0, 'tgt_text': "this.$elem.children().each(function(){           if ($(this).attr('rel') == 'bord')"}]
***** Running training *****
  Num examples = 32
  Batch size = 4
  Num epoch = 10

***** Running evaluation *****
  Num examples = 100
  Batch size = 4
  epoch = 0
  eval_ppl = 7.860567397905858e+228
  global_step = 9
  train_loss = 31.6767
  ********************
Previous best ppl:inf
Achieve Best ppl:7.860567397905858e+228
  ********************
BLEU file: ./data/RQ5/tfix_32_1/validation.jsonl
  codebleu-4 = 52.49 	 Previous best codebleu 0
  ********************
 Achieve Best bleu:52.49
  ********************

***** Running evaluation *****
  Num examples = 100
  Batch size = 4
  epoch = 1
  eval_ppl = 9.848594710102043e+300
  global_step = 17
  train_loss = 9.8256
  ********************
Previous best ppl:7.860567397905858e+228
BLEU file: ./data/RQ5/tfix_32_1/validation.jsonl
  codebleu-4 = 56.12 	 Previous best codebleu 52.49
  ********************
 Achieve Best bleu:56.12
  ********************

***** Running evaluation *****
  Num examples = 100
  Batch size = 4
  epoch = 2
  eval_ppl = 2.7865165914340896e+301
  global_step = 25
  train_loss = 3.7916
  ********************
Previous best ppl:7.860567397905858e+228
BLEU file: ./data/RQ5/tfix_32_1/validation.jsonl
  codebleu-4 = 56.63 	 Previous best codebleu 56.12
  ********************
 Achieve Best bleu:56.63
  ********************

***** Running evaluation *****
  Num examples = 100
  Batch size = 4
  epoch = 3
  eval_ppl = inf
  global_step = 33
  train_loss = 1.6191
  ********************
Previous best ppl:7.860567397905858e+228
BLEU file: ./data/RQ5/tfix_32_1/validation.jsonl
  codebleu-4 = 58.11 	 Previous best codebleu 56.63
  ********************
 Achieve Best bleu:58.11
  ********************

***** Running evaluation *****
  Num examples = 100
  Batch size = 4
  epoch = 4
  eval_ppl = inf
  global_step = 41
  train_loss = 0.478
  ********************
Previous best ppl:7.860567397905858e+228
BLEU file: ./data/RQ5/tfix_32_1/validation.jsonl
  codebleu-4 = 58.66 	 Previous best codebleu 58.11
  ********************
 Achieve Best bleu:58.66
  ********************

***** Running evaluation *****
  Num examples = 100
  Batch size = 4
  epoch = 5
  eval_ppl = inf
  global_step = 49
  train_loss = 0.2149
  ********************
Previous best ppl:7.860567397905858e+228
BLEU file: ./data/RQ5/tfix_32_1/validation.jsonl
  codebleu-4 = 57.74 	 Previous best codebleu 58.66
  ********************

***** Running evaluation *****
  Num examples = 100
  Batch size = 4
  epoch = 6
  eval_ppl = inf
  global_step = 57
  train_loss = 0.1001
  ********************
Previous best ppl:7.860567397905858e+228
BLEU file: ./data/RQ5/tfix_32_1/validation.jsonl
  codebleu-4 = 58.6 	 Previous best codebleu 58.66
  ********************
early stopping!!!
reload model from RQ5/tfix_32_1/codet5p_770m/checkpoint-best-bleu
BLEU file: ./data/RQ5/tfix_32_1/test.jsonl
  codebleu = 57.55 
  Total = 500 
  Exact Fixed = 20 
[14, 22, 23, 58, 78, 131, 176, 188, 205, 219, 253, 289, 371, 411, 416, 419, 427, 432, 482, 494]
  Syntax Fixed = 3 
[30, 57, 226]
  Cleaned Fixed = 0 
[]
  ********************
  Total = 500 
  Exact Fixed = 20 
[14, 22, 23, 58, 78, 131, 176, 188, 205, 219, 253, 289, 371, 411, 416, 419, 427, 432, 482, 494]
  Syntax Fixed = 3 
[30, 57, 226]
  Cleaned Fixed = 0 
[]
  codebleu = 57.55 
[0.3488152698595746, 0.8789433149074164, 0.8185961732176825, 0.5451417837590342, 0.3519980391978243, 0.8216460780407606, 0.2911180216547285, 0.828218881300387, 0.7489935400021297, 0.5505831472572245, 0.824425175651095, 0.36071425679443714, 0.3121594417706924, 0.8114529051148651, 0.5055431170332984, 0.6993092824417293, 0.792947845270083, 0.5404095184045611, 0.5701122864094044, 0.522583151455642, 0.8387001883440655, 0.8249365300761395, 0.8114529051148651, 0.5058144125160369, 0.3640820528136645, 0.8275296086730766, 0.5428297584838295, 0.6287206814660993, 0.38702445125781215, 0.6371808959162841, 0.7869237350272356, 0.5656286994696713, 0.6908005346740018, 0.621862347508016, 0.6888724788208753, 0.45040497426175063, 0.7349975480234779, 0.22499999999999998, 0.8478031368082721, 0.5596414762602546, 0.4427200451626767, 0.3071336753117571, 0.7122853668557851, 0.6785036503543816, 0.8356274376774735, 0.9431571237072573, 0.2558003592103332, 0.5131719780745918, 0.6000167201921691, 0.5205584248799071, 0.4749419305754864, 0.45575281036960824, 0.7388617049887232, 0.8696847134058581, 0.8141572281239757, 0.396349572956634, 0.8206847188488577, 1.0, 0.45715804963968226, 0.6273520828335467, 0.4905880158658711, 0.5854978414909923, 0.8052607518236046, 0.22242802984682342, 0.7517070403538422, 0.9260406910477721, 0.49330171021453717, 0.6314586912068489, 0.5050720368693571, 0.5189589454524783, 0.5129834344293507, 0.4172802645678128, 0.28890659929471596, 0.6192358023566771, 0.5678306248142346, 0.5373182377013049, 0.417562012506675, 1.0, 0.6142322358777736, 0.6884734483714399, 0.6132366516010306, 0.7328602200025534, 0.6901940524102714, 0.651535222322672, 0.7148321218614053, 0.6564216156096869, 0.588804774838485, 0.5936453851495643, 0.5295971223679855, 0.8630487585927691, 0.15356651918683534, 0.4902381199623105, 0.43706909478476685, 0.7553359752999136, 0.44375943570639337, 0.6745410470195684, 0.7887437726770301, 0.39873667339437135, 0.6266865967254232, 0.9266829146927709, 0.5229326815734496, 0.6416532852733938, 0.7275723927836586, 0.6667398994436676, 0.7335661407861309, 0.6265958401383632, 0.7903356967388899, 0.8165273869902545, 0.16535576197454044, 0.6345506179209857, 0.8974634481857526, 0.7347169240849791, 0.6181634302376205, 0.6245487261605229, 0.5420977020200168, 0.6357741351064675, 0.8255980153481091, 0.6221584174428315, 0.3761737730696123, 0.7506656240001803, 0.48049144966615476, 0.0731716191316424, 0.629920929034602, 0.5557485571882866, 0.6917477204275198, 0.5774149680292889, 0.46768505892447165, 0.556487662226795, 0.5523753896742678, 0.02357226111775114, 0.8114529051148651, 0.5811409219639153, 0.7245741928928766, 0.884411967378405, 0.45438169149982227, 0.2298355357735218, 0.6201281281538, 0.704138988439773, 0.4239778760362063, 0.7668758886842345, 0.5342366061507683, 0.4901365436405146, 0.6076390099325508, 0.3567509609653999, 0.5548295193530757, 0.762178754714643, 0.6261040401961506, 0.36482184137761786, 0.5157990952074163, 0.5365573165566148, 0.7622140386340444, 0.7026136760976884, 0.6002569359025927, 0.6536911179244789, 0.20167918995135747, 0.8330693404648544, 0.6712302104522061, 0.5390272275654318, 0.3253313725311576, 0.4222827177663117, 0.5289052690315463, 0.0891403292678506, 0.8860661084401269, 0.4471047149903593, 0.5142742735155721, 0.003157006751173676, 0.4771052192777594, 0.6307456993182354, 0.5264886858900315, 0.6625508357540224, 0.38333251237656163, 0.5009596020209375, 0.027660853979899265, 0.2820420788555261, 0.6157132877459149, 0.9169064540059644, 0.46978313398707483, 0.35586539345697804, 0.9039342742606371, 0.551935203785477, 0.21056545775751523, 0.35260703155848694, 0.571700750841684, 0.5642010748634618, 0.7154170894739689, 0.6006394976554918, 0.5966881123495027, 1.0, 0.7349516225628066, 0.636964721661222, 0.6339262873537368, 0.3478514980426143, 0.44478640618236376, 0.4829570445323632, 0.0, 0.11523607763797766, 0.8821296454239946, 0.5334126180997758, 0.49597763953984286, 0.4736728434913504, 0.45676707546873774, 0.30462367113656974, 0.7944964819871267, 0.7698924838781129, 1.0, 0.6262890508561036, 0.47121340217961055, 0.8301971233899816, 0.6828450349550134, 0.5575523755474183, 0.5550049310474542, 0.6817027374009171, 0.8707738730696388, 0.5297241043652341, 0.625500606374912, 0.6583332549596508, 0.7423958127221755, 0.5616798194467534, 0.8249365300761395, 0.8291884689534064, 0.21100892280323053, 0.5924424048742483, 0.0, 0.2525381397200389, 0.45066219168465615, 0.6761656063479223, 0.7301961448188755, 0.0, 0.5032296710516466, 0.4915562661624787, 0.0, 0.5566984938224081, 0.8232148025904986, 0.5131501387427619, 0.6754154193798256, 0.5987433254597354, 0.3115506147453164, 0.7281141000306541, 0.5227886222566653, 0.09138854364080462, 0.7954935638657621, 0.980720400721969, 0.4383850702885347, 0.8845572237610086, 0.7302007404183433, 0.3604281563086096, 0.3449411645032098, 0.7896006392880524, 0.3583507427572924, 0.2754867361277436, 0.08152573352530099, 0.7170369693946632, 1.0, 0.43096007508570255, 0.4808294148110796, 0.6903510788203177, 0.4326263272143769, 0.6027635093287687, 0.3703988534694904, 0.671225780303527, 0.5178989075058493, 0.9211131842675646, 0.7686975521303816, 0.7752251888155339, 0.6518187340803612, 0.29514178375903416, 0.38412587020318456, 0.503404575411008, 0.8513726633741598, 0.6661120443406857, 0.19192238765013264, 0.8134557045901138, 0.4237755479780052, 0.7648103351245981, 0.7040612978269989, 0.6828613511382454, 0.6319795729625858, 0.8643234750474205, 0.07153421598018944, 0.2923083608934159, 0.5283425916666737, 0.6043938999758249, 0.9033331043272477, 0.5847385307544747, 0.5334126180997758, 0.4450440930163866, 0.7970182644937875, 0.2636668331849268, 0.8113498738634284, 0.6489448749779825, 0.6558003592103332, 0.9130169160146575, 0.34505477483848507, 0.39969884422068214, 0.283306877763564, 0.29951295362996994, 0.6813738950704837, 0.8291884689534064, 0.47180509653022784, 0.5941315161823221, 0.5421737770198148, 0.0, 0.6174839565793364, 0.7358502882945588, 0.6324794353697702, 0.638161672266765, 0.4921783165925231, 0.8178607431385985, 0.5631372993900048, 0.6355230163254099, 0.45222870310832236, 0.5383089748131177, 0.5384982616910893, 0.4637360866549208, 0.6887796716807859, 0.5092272948800609, 0.882842712474619, 0.5716425062266219, 0.5342084433274925, 0.8642470965743208, 0.26347186640984777, 0.8038961967467184, 0.4714698407062744, 0.4964902913435728, 0.8475948805844231, 0.6995780018676667, 0.576907475658101, 0.43732658824904136, 0.6294044198869186, 0.47786341412302047, 0.8434613529595205, 0.6892870539097846, 0.5879792831098578, 0.714297617187952, 0.6517765449003101, 0.6490264366907621, 0.6999566173218232, 0.29140341152897353, 0.3284982616910893, 0.586176316104594, 0.38315024898948147, 0.3612682522907168, 0.4677820396003337, 0.32778187550634336, 0.7686443097434874, 0.5445795536136034, 0.8017397827309225, 0.06430709861041217, 0.7440674255796451, 0.3276490875169621, 0.6066855853913183, 0.7063774710144406, 0.28717032307240664, 0.49716968796987465, 0.6519266365055134, 0.7548295193530756, 0.20034796016239415, 0.6302733611924758, 0.08869475457310907, 0.6509106257652548, 0.41585825915406704, 0.9092813183436577, 0.9237479530474457, 0.7730288260771192, 0.19299924700136814, 0.1621787547146431, 0.3949005844802781, 0.7731012556269232, 0.6530550965302279, 0.7970182644937875, 1.0, 0.5528785751316022, 0.5774963429007336, 0.6434633351765572, 0.5519698034749387, 0.7553637155933474, 0.8525366466180964, 0.6950746442974585, 0.5249883996044001, 0.3610202619925232, 0.6392333266349789, 0.3275887968144088, 0.6400043786969354, 0.049999999999999996, 0.16655799641813684, 0.40660822240095185, 0.36857333884076315, 0.47180509653022784, 0.9039342742606371, 0.6903510788203177, 0.6214284196739419, 0.8357967156935899, 0.6289313661614635, 0.6274291432334721, 0.676275735434565, 0.3714764154580026, 0.09999999999999999, 0.29080814539619515, 0.6731093971662766, 0.7591116846422887, 0.6320615067866382, 0.367641751923923, 0.535820092956037, 0.4190545471347328, 0.7418205419054216, 0.0, 0.2956911564829749, 0.5705557495072049, 0.5796605122596801, 0.64272438732935, 1.0, 0.6837851069443528, 0.5927200451626766, 0.15, 0.7304885888713295, 1.0, 0.6058372371030102, 0.5992413083109663, 0.6922382617563554, 0.7969743810233871, 0.5147212473253818, 0.13601162290160312, 0.6443207346422974, 0.7144948346694379, 0.7543841330490832, 0.6907437555816495, 1.0, 0.8824709043482357, 0.23687288125023864, 0.03115588878443292, 0.5745852221368928, 1.0, 0.38183354569032213, 0.8425480047968843, 0.8661547359011423, 0.3259403648918202, 0.5334147323445907, 0.7075905528115117, 0.6804859797458157, 0.9320894171538912, 0.5827243873293501, 0.773282662130107, 0.6801359448960247, 0.47361941803632135, 0.6995228788727517, 0.48535576197454045, 0.7916479842275448, 0.28605185738761973, 0.5021666834216179, 0.8603738717856269, 0.7965481359238318, 0.8386800272334847, 0.3339955250179895, 0.5708727958761832, 0.5470783037679993, 0.5149139863647084, 0.7065605978001186, 0.8172581800353864, 0.5408401405239117, 0.6304241997444744, 0.5801154532856382, 0.3831939362196469, 0.5549192578530084, 0.46816852913482393, 0.617098062347059, 0.7076923076923076, 0.8642470965743208, 0.3091967901468555, 0.04603121926729405, 0.8072438843453339, 0.0793323844812198, 0.33433367971754413, 0.2564794487481174, 0.7569706667451968, 0.7451384298635613, 0.13337173484667555, 0.6619172171553045, 0.565671952352334, 0.8857441887419302, 0.6399520850864666, 0.8164562066675629, 0.6406097721075377, 0.5837758819112949, 0.5252887122558813, 0.74, 0.6162109760811862, 0.3445683217133939, 0.8586654659334061, 0.5943893444913173, 0.0, 0.33036017439379955, 0.7055680377532567, 0.3683458566180241, 0.8382867235893177, 0.6290960494103124, 0.8150666162955742, 0.5335665191868353, 0.6113235238734058, 0.6573831527026088, 0.6109308002123074]
Finish training and take 12m
