Namespace(log_name='./RQ5/tfix_100_2/codet5p_220m_f.log', model_name='Salesforce/codet5p-220m', lang='javascript', output_dir='RQ5/tfix_100_2/codet5p_220m_f', data_dir='./data/RQ5/tfix_100_2', no_cuda=False, visible_gpu='0', add_task_prefix=False, add_lang_ids=False, num_train_epochs=10, num_test_epochs=10, train_batch_size=8, eval_batch_size=4, gradient_accumulation_steps=2, load_model_path=None, config_name='', tokenizer_name='', max_source_length=512, max_target_length=512, warm_up_ratio=0.1, do_train=True, do_eval=True, do_test=True, do_lower_case=False, learning_rate=5e-05, beam_size=10, weight_decay=0.0, adam_epsilon=1e-08, max_grad_norm=1.0, max_steps=-1, eval_steps=-1, train_steps=-1, local_rank=-1, seed=42, early_stop_threshold=3)
Process rank: -1, device: cuda, n_gpu: 1, distributed training: False, model_name: Salesforce/codet5p-220m
model created!
Total 100 training instances 
***** Running training *****
  Num examples = 100
  Batch size = 8
  Num epoch = 10

***** Running evaluation *****
  Num examples = 100
  Batch size = 4
  epoch = 0
  eval_ppl = 1.00573
  global_step = 13
  train_loss = 1.1385
  ********************
Previous best ppl:inf
Achieve Best ppl:1.00573
  ********************
BLEU file: ./data/RQ5/tfix_100_2/validation.jsonl
  codebleu-4 = 57.14 	 Previous best codebleu 0
  ********************
 Achieve Best bleu:57.14
  ********************

***** Running evaluation *****
  Num examples = 100
  Batch size = 4
  epoch = 1
  eval_ppl = 1.00485
  global_step = 25
  train_loss = 0.4775
  ********************
Previous best ppl:1.00573
Achieve Best ppl:1.00485
  ********************
BLEU file: ./data/RQ5/tfix_100_2/validation.jsonl
  codebleu-4 = 54.77 	 Previous best codebleu 57.14
  ********************

***** Running evaluation *****
  Num examples = 100
  Batch size = 4
  epoch = 2
  eval_ppl = 1.00457
  global_step = 37
  train_loss = 0.2843
  ********************
Previous best ppl:1.00485
Achieve Best ppl:1.00457
  ********************
BLEU file: ./data/RQ5/tfix_100_2/validation.jsonl
  codebleu-4 = 60.64 	 Previous best codebleu 57.14
  ********************
 Achieve Best bleu:60.64
  ********************

***** Running evaluation *****
  Num examples = 100
  Batch size = 4
  epoch = 3
  eval_ppl = 1.00468
  global_step = 49
  train_loss = 0.1943
  ********************
Previous best ppl:1.00457
BLEU file: ./data/RQ5/tfix_100_2/validation.jsonl
  codebleu-4 = 60.66 	 Previous best codebleu 60.64
  ********************
 Achieve Best bleu:60.66
  ********************

***** Running evaluation *****
  Num examples = 100
  Batch size = 4
  epoch = 4
  eval_ppl = 1.0044
  global_step = 61
  train_loss = 0.1445
  ********************
Previous best ppl:1.00457
Achieve Best ppl:1.0044
  ********************
BLEU file: ./data/RQ5/tfix_100_2/validation.jsonl
  codebleu-4 = 60.19 	 Previous best codebleu 60.66
  ********************

***** Running evaluation *****
  Num examples = 100
  Batch size = 4
  epoch = 5
  eval_ppl = 1.00468
  global_step = 73
  train_loss = 0.1004
  ********************
Previous best ppl:1.0044
BLEU file: ./data/RQ5/tfix_100_2/validation.jsonl
  codebleu-4 = 61.27 	 Previous best codebleu 60.66
  ********************
 Achieve Best bleu:61.27
  ********************

***** Running evaluation *****
  Num examples = 100
  Batch size = 4
  epoch = 6
  eval_ppl = 1.0049
  global_step = 85
  train_loss = 0.072
  ********************
Previous best ppl:1.0044
BLEU file: ./data/RQ5/tfix_100_2/validation.jsonl
  codebleu-4 = 60.19 	 Previous best codebleu 61.27
  ********************

***** Running evaluation *****
  Num examples = 100
  Batch size = 4
  epoch = 7
  eval_ppl = 1.00499
  global_step = 97
  train_loss = 0.0615
  ********************
Previous best ppl:1.0044
BLEU file: ./data/RQ5/tfix_100_2/validation.jsonl
  codebleu-4 = 60.1 	 Previous best codebleu 61.27
  ********************

***** Running evaluation *****
  Num examples = 100
  Batch size = 4
  epoch = 8
  eval_ppl = 1.005
  global_step = 109
  train_loss = 0.0516
  ********************
Previous best ppl:1.0044
BLEU file: ./data/RQ5/tfix_100_2/validation.jsonl
  codebleu-4 = 60.28 	 Previous best codebleu 61.27
  ********************
reload model from RQ5/tfix_100_2/codet5p_220m_f/checkpoint-best-bleu
BLEU file: ./data/RQ5/tfix_100_2/test.jsonl
  codebleu = 60.21 
  Total = 500 
  Exact Fixed = 47 
[17, 54, 57, 109, 118, 128, 145, 153, 160, 167, 172, 184, 188, 191, 193, 198, 201, 202, 212, 228, 232, 238, 252, 268, 289, 303, 305, 327, 328, 330, 336, 348, 360, 367, 372, 374, 390, 393, 402, 417, 435, 439, 442, 457, 474, 491, 492]
  Syntax Fixed = 1 
[71]
  Cleaned Fixed = 5 
[3, 35, 126, 469, 475]
  ********************
  Total = 500 
  Exact Fixed = 47 
[17, 54, 57, 109, 118, 128, 145, 153, 160, 167, 172, 184, 188, 191, 193, 198, 201, 202, 212, 228, 232, 238, 252, 268, 289, 303, 305, 327, 328, 330, 336, 348, 360, 367, 372, 374, 390, 393, 402, 417, 435, 439, 442, 457, 474, 491, 492]
  Syntax Fixed = 1 
[71]
  Cleaned Fixed = 5 
[3, 35, 126, 469, 475]
  codebleu = 60.21 
[0.5670445241047504, 0.6932410335616551, 0.6816015466501335, 0.2122047676692162, 0.6058511595444083, 0.8821894623768516, 0.0, 0.5483719692837501, 0.4930978393785904, 0.12, 0.5368474083243506, 0.5638063820069366, 0.40537805984662106, 0.7569706667451968, 0.6179484048244397, 0.7315950349550133, 1.0, 0.7099766481408452, 0.6885240359080308, 0.2990979359026785, 0.7145082485446812, 0.39323313167877133, 0.24915625771353556, 0.4777968669989786, 0.5970182644937875, 0.006758238160278511, 0.9194711239895874, 0.32184467070784006, 0.6624101654079205, 0.2855072113105671, 0.7059323615142865, 0.0, 0.5654473178899494, 0.9113854927948712, 0.8790355083665293, 0.6068905779332499, 0.0, 0.10556510016615601, 0.7155056700329363, 0.6805453537684858, 0.5511412946838178, 0.35125137343938573, 0.10202520055807765, 0.6202064481033123, 0.7183643415906251, 0.3403395101580171, 0.6570057594483909, 0.274670867776058, 0.8208732553989724, 0.6135442041851549, 0.350381564995214, 0.6433348104458009, 0.2958003592103332, 1.0, 0.1297947365831559, 0.5194637253863024, 0.7135428903906851, 0.6395188779694462, 0.8360806917171377, 0.6052834268841005, 0.9315380507550484, 0.654297617187952, 0.5348435312891645, 0.7618233428889547, 0.8336815104017958, 0.6197233100748608, 0.6877745357134093, 0.4706502402815602, 0.4199748401004021, 0.28269688894370654, 0.9822263373938755, 0.714297617187952, 0.8508222909971193, 0.5077265232765378, 0.702664818575847, 0.29035107882031763, 0.15, 0.7202414726210397, 0.39718089591628425, 0.621238225076177, 0.591516286342532, 0.27344240248645174, 0.8522707448950243, 0.5174772567598086, 0.6359585563603126, 0.5451417837590342, 0.48115588878443294, 0.9264825893849112, 0.8053935031810717, 0.44058280681232764, 0.8550899856418173, 0.7402739997668998, 0.44517512468103604, 0.45579909520741635, 0.2725378786154891, 0.7470738524243741, 0.8349004181959196, 0.9475328509585859, 0.6094876502058627, 0.5688724788208753, 0.6989456359513437, 0.9164266028701744, 0.6847152499265157, 0.6445931574752105, 0.763923431830374, 0.0, 0.4593867118293433, 0.8399114554115357, 1.0, 0.05270446328111167, 0.2878852119582799, 0.5876935279546878, 0.39272004516267667, 0.3079510025390523, 0.7053031368082721, 0.8795723049113977, 0.6903510788203177, 1.0, 0.5143209096122012, 0.7017610307492962, 0.7302547136373172, 0.7532735635050831, 0.763761398744189, 0.3773869844754326, 0.14375606856926587, 0.8186530227858186, 0.2011770485941022, 1.0, 0.5246680028432865, 0.4976113387647193, 0.48213747809551644, 0.6485918913581522, 0.12869111792447885, 0.39089314466834374, 0.6667528334695118, 0.4460952454685818, 0.553492655520654, 0.753207079624809, 0.14876752225153467, 0.4136911179244788, 0.6368551910912801, 0.7245741928928766, 0.601625348216042, 0.47180509653022784, 0.8249365300761395, 0.6387218496729328, 0.3607039998273758, 0.37668959821497894, 0.5862322739141566, 0.26493187938965956, 0.4854183564853334, 0.6612091961731477, 0.8114529051148651, 0.8796531437200525, 0.40825339177238446, 0.7810169160146574, 0.604470354381817, 0.5869940359456796, 0.22499999999999998, 1.0, 0.39347209291868157, 0.5370116053397941, 0.7504004004704901, 0.7954279937030855, 0.45443627493082295, 0.6038653593066965, 1.0, 0.49215257204284135, 0.316689598214979, 0.4962220891418049, 0.8149139863647084, 0.7135428903906851, 0.45449078148809957, 0.805713166139514, 0.40693291435805307, 0.6734232449967186, 0.41996134394226886, 0.5745997086539989, 0.6278910313966588, 0.11453360085481801, 0.36686807121046905, 0.6780323751412478, 0.5164927712445991, 1.0, 0.629072265262878, 0.7892104820062856, 0.6768135707296309, 0.7135428903906851, 0.19535576197454044, 0.7725146668513112, 1.0, 0.94333927756915, 0.8249365300761395, 0.6875370381654706, 0.43648868589003154, 0.5758089748131177, 0.007044218708112843, 1.0, 0.49007095902260256, 0.5919953379147749, 1.0, 1.0, 0.40485075092622447, 0.7825255142177938, 0.40436432296800573, 0.6271806220068676, 0.4139240818757265, 0.6613122421311423, 0.4697300318922557, 0.6599223799332465, 0.6116850869767493, 1.0, 0.32627945612776854, 0.6192538700356924, 0.9548374691056617, 0.174436274930823, 0.5796605122596801, 0.44619887519287305, 0.9320894171538912, 0.7755969629986152, 0.4580200993563527, 0.644651672947828, 0.731117687292167, 0.15997084006767517, 0.691318859382493, 0.8212015472955612, 0.677288551000834, 1.0, 0.9414428605659417, 0.11558530246943605, 0.6307456993182354, 1.0, 0.0, 0.7416865196891184, 0.6844125934903402, 0.8083325080431145, 0.5038475625829508, 1.0, 0.3965193255633748, 0.7585119231776787, 0.7471765364160405, 0.4268169073526533, 0.6519585531485825, 0.7263487966630597, 0.9056583090096291, 0.6127572978503959, 0.37487890958867326, 0.7225371723695806, 0.474518199459927, 0.6350178817306947, 0.5073028085492076, 1.0, 0.6088783494196637, 0.6636363636363636, 0.22499999999999998, 0.7430779662080889, 0.3579872662040705, 0.836942030771336, 0.04007897605498842, 0.7299948711471688, 0.5017814354051087, 0.5585140118159326, 0.7473011293492238, 0.7503305249945151, 0.36522840682175095, 0.6624678525854575, 0.33372428676905674, 0.8249365300761395, 0.6876346520405138, 0.3714877971723338, 0.6848698374809952, 0.8630088443202819, 0.6844125934903402, 0.42534996479251164, 0.6381394976554917, 0.6463729364766281, 0.3866534478992738, 0.6174969094123448, 0.7142845202249919, 0.5551668790236555, 0.5600468038501167, 0.4785438531809256, 0.40732381855793504, 0.6877459225855624, 0.8470997505392659, 0.0, 0.5966289756845221, 0.8849384145327521, 1.0, 0.7853515848748065, 0.17818230393434137, 0.20413939082855792, 0.6366015466501336, 0.5908527155778469, 0.8232059780715621, 0.377190822574687, 0.7911679345786041, 0.573043959575943, 0.7212489793637704, 0.39687223536357985, 0.8374634481857526, 0.5761697895341449, 1.0, 0.44245571892563784, 1.0, 0.5885667747214658, 0.9238877689380496, 0.8356658099532572, 0.769581697257735, 0.7952148813321529, 0.3694683101653729, 0.1344057918034266, 0.22368441215365098, 0.6682556320550647, 0.5680054404199835, 0.6276136760976885, 0.714297617187952, 0.3502184077768308, 0.6516274875052652, 0.06666666666666667, 0.8378414230005442, 0.5174693084765555, 0.5702518310230941, 0.3869954644204655, 0.667887297922958, 0.9617868617067262, 1.0, 1.0, 0.4372429839446083, 1.0, 0.6681047322593968, 0.6273488306532815, 0.6870606775436042, 0.7189894209825303, 0.656468030647374, 0.6478852119582799, 0.8050241598897441, 0.8686125145982003, 0.5015372100944879, 0.7591116846422887, 0.6972943442663218, 0.5680524575325056, 0.3381394976554918, 0.8521964460866425, 0.6287796716807859, 0.5424094289706055, 0.5398855599662549, 1.0, 0.6319683101653729, 0.6625167201921691, 0.8069007178395178, 0.9176675865658077, 0.4147896756607047, 0.5652887122558813, 0.0, 0.4890714508161259, 0.5305242027189159, 0.6745228788727515, 0.5964858645175034, 1.0, 0.7451384298635613, 0.3057265995447144, 0.6980083797903092, 0.4614470406899055, 0.2950131691272353, 0.5932305781811854, 1.0, 0.8084374616749153, 0.2696847134058581, 0.8378414230005442, 0.444006594916457, 1.0, 0.32898762131831805, 1.0, 0.7700435930643703, 0.5700879883608101, 0.4335168884808399, 0.4129740706026147, 0.3053372331674803, 0.7905056700329363, 0.4621787547146431, 0.6398103351245982, 0.8184276974159628, 0.7305238266931104, 0.8272225623522547, 0.5627243873293499, 0.8233303578084277, 0.7530301180787049, 0.8619254788161215, 0.8114529051148651, 0.5654473178899494, 0.7756211334750283, 1.0, 0.17731538118686083, 0.4592493207167594, 0.7210821183929019, 0.7230706259860853, 0.12296711450648444, 0.5019774510104837, 0.31860139828537487, 0.5566984938224081, 1.0, 0.7433503156010464, 0.18585881606736232, 0.39969884422068214, 0.6567867859128023, 0.6354739770278475, 0.8600057888291379, 0.6754386750930661, 0.0857142857142857, 0.0, 0.823863323049132, 0.8655056700329364, 0.8, 0.709115943344826, 0.09713682208624577, 0.9891483218006352, 0.39753490965039084, 0.038139497655491794, 0.15529892970465703, 0.2815400648057302, 0.40862257240362104, 0.7054819616225767, 0.5383089748131177, 0.5621609692548745, 0.5282467529717347, 0.5786580151554076, 0.5092272948800609, 0.06808859345352361, 0.6183689771600134, 0.5646170798740607, 0.21151332797896238, 0.685303136808272, 0.7288312733021203, 1.0, 0.6829777303051304, 0.7511655122445988, 0.6275893856012176, 1.0, 0.08928571428571427, 0.40739727760582384, 0.7135428903906851, 0.7260484492137269, 0.8845572237610086, 0.8292906179772745, 0.6371808959162841, 0.6883329804487951, 0.7148321218614053, 0.19404871089985237, 0.5518505299283467, 0.6592906179772744, 0.8379283989138028, 0.8917028689549173, 0.24373379387306737, 0.8648103351245982, 0.0828714707479615, 1.0, 0.8326781496971694, 0.7387037834978107, 0.7845578251721461, 0.6099380655621088, 0.6842252267616028, 0.29371181369212096, 0.4714698407062744, 0.8677459225855626, 0.6745410470195684, 0.4432027101248005, 0.8177634541941249, 0.6807990952074163, 0.6809070226208283, 0.7316423857228858, 0.7195565989965169, 0.7645618670375556, 1.0, 0.8969369858475811, 0.3, 0.6875683764158214, 0.6893720612567699, 0.8127055158387791, 0.5025576722700457, 0.3305661021395756, 0.8955980328281301, 0.8115900311996962, 0.11582616733482173, 0.7936657742154647, 0.562520658360374, 0.6901940524102714, 0.5089439475762831, 0.23868348617790436, 0.5282087277319494, 1.0, 0.9891483218006352, 0.6986613814884177, 0.6580098924657095, 0.5527601049156348, 0.8632148025904984, 0.47073389088669926, 0.7533655306263078, 0.487966609042281, 0.6666057418239761]
Finish training and take 7m
