Namespace(log_name='./tfix/1/hard4_codet5p_770m.log', model_name='Salesforce/codet5p-770m', lang='javascript', output_dir='tfix/1/hard4_codet5p_770m', data_dir='./data/tfix/1', no_cuda=False, visible_gpu='0', num_train_epochs=10, num_test_epochs=1, train_batch_size=6, eval_batch_size=4, gradient_accumulation_steps=1, load_model_path=None, config_name='', tokenizer_name='', max_source_length=512, max_target_length=512, warm_up_ratio=0.1, do_train=True, do_eval=True, do_test=True, freeze=False, learning_rate=5e-05, beam_size=10, weight_decay=0.0, adam_epsilon=1e-08, local_rank=-1, seed=42, early_stop_threshold=3)
Process rank: -1, device: cuda, n_gpu: 1, distributed training: False
Model created!!
[[{'text': 'Fix', 'loss_ids': 0, 'shortenable_ids': 0}, {'text': " }             console.log('retry');             return setTimeout(function() {               return exports.stopReplication(newdoc, callback, options);", 'loss_ids': 0, 'shortenable_ids': 1}, {'text': '<mask>', 'loss_ids': 1, 'shortenable_ids': 0}, {'text': ' is fixed program', 'loss_ids': 0, 'shortenable_ids': 0}], {'guid': 0, 'tgt_text': '}             setTimeout(function() {               return exports.stopReplication(newdoc, callback, options);'}]
***** Running training *****
  Num examples = 816
  Batch size = 6
  Num epoch = 10

***** Running evaluation *****
  Num examples = 104
  Batch size = 4
  epoch = 0
  eval_ppl = inf
  global_step = 137
  train_loss = 17.7518
  ********************
Previous best ppl:inf
Achieve Best ppl:inf
  ********************
BLEU file: ./data/tfix/1/validation.jsonl
  codebleu-4 = 61.57 	 Previous best codebleu 0
  ********************
 Achieve Best bleu:61.57
  ********************

***** Running evaluation *****
  Num examples = 104
  Batch size = 4
  epoch = 1
  eval_ppl = inf
  global_step = 273
  train_loss = 8.5499
  ********************
Previous best ppl:inf
Achieve Best ppl:inf
  ********************
BLEU file: ./data/tfix/1/validation.jsonl
  codebleu-4 = 63.3 	 Previous best codebleu 61.57
  ********************
 Achieve Best bleu:63.3
  ********************

***** Running evaluation *****
  Num examples = 104
  Batch size = 4
  epoch = 2
  eval_ppl = inf
  global_step = 409
  train_loss = 4.2643
  ********************
Previous best ppl:inf
Achieve Best ppl:inf
  ********************
BLEU file: ./data/tfix/1/validation.jsonl
  codebleu-4 = 62.5 	 Previous best codebleu 63.3
  ********************

***** Running evaluation *****
  Num examples = 104
  Batch size = 4
  epoch = 3
  eval_ppl = inf
  global_step = 545
  train_loss = 2.3079
  ********************
Previous best ppl:inf
BLEU file: ./data/tfix/1/validation.jsonl
  codebleu-4 = 63.59 	 Previous best codebleu 63.3
  ********************
 Achieve Best bleu:63.59
  ********************

***** Running evaluation *****
  Num examples = 104
  Batch size = 4
  epoch = 4
  eval_ppl = inf
  global_step = 681
  train_loss = 1.3757
  ********************
Previous best ppl:inf
BLEU file: ./data/tfix/1/validation.jsonl
  codebleu-4 = 62.21 	 Previous best codebleu 63.59
  ********************

***** Running evaluation *****
  Num examples = 104
  Batch size = 4
  epoch = 5
  eval_ppl = inf
  global_step = 817
  train_loss = 0.6691
  ********************
Previous best ppl:inf
BLEU file: ./data/tfix/1/validation.jsonl
  codebleu-4 = 62.66 	 Previous best codebleu 63.59
  ********************

***** Running evaluation *****
  Num examples = 104
  Batch size = 4
  epoch = 6
  eval_ppl = inf
  global_step = 953
  train_loss = 0.4914
  ********************
Previous best ppl:inf
BLEU file: ./data/tfix/1/validation.jsonl
  codebleu-4 = 63.55 	 Previous best codebleu 63.59
  ********************
early stopping!!!
reload model from tfix/1/hard4_codet5p_770m/checkpoint-best-bleu
BLEU file: ./data/tfix/1/test.jsonl
  codebleu = 60.32 
  Total = 102 
  Exact Fixed = 15 
[13, 15, 18, 31, 48, 51, 61, 71, 80, 81, 87, 88, 91, 96, 98]
  Syntax Fixed = 3 
[1, 21, 74]
  Cleaned Fixed = 0 
[]
  ********************
  Total = 102 
  Exact Fixed = 15 
[13, 15, 18, 31, 48, 51, 61, 71, 80, 81, 87, 88, 91, 96, 98]
  Syntax Fixed = 3 
[1, 21, 74]
  Cleaned Fixed = 0 
[]
  codebleu = 60.32 
[0.8325722947872878, 0.7616839041624256, 0.7004836662820749, 0.15189466770624754, 0.29080814539619515, 0.2642742735155721, 0.3226968889437066, 0.10100550846996653, 0.22848416624964385, 0.8292906179772745, 0.3468834488862323, 0.2420128528564776, 1.0, 0.7939024427877673, 1.0, 0.7484889150381644, 0.3890893834374494, 1.0, 0.5865265109839976, 0.05722959928216871, 0.7026136760976884, 0.28178507258525926, 0.8445506565039518, 0.5534552264813655, 0.6887796716807859, 0.6760988306532816, 0.6475259120949215, 0.45797584845834727, 0.570765580121347, 0.8853031368082722, 1.0, 0.8191441569283882, 0.6818641785106228, 0.4632753181972571, 0.593077966208089, 0.5634793392274073, 0.6353031368082721, 0.18304611372110685, 0.16512629933745082, 0.8946995933494386, 0.5535505510609362, 0.2067757358197851, 0.9260406910477721, 0.6632483116950204, 0.7619728098941201, 0.9495565333799167, 0.8519671371303186, 1.0, 0.25261367609768853, 0.04535576197454044, 1.0, 0.6157132877459149, 0.3422897764577731, 0.44318582487514385, 0.25558314725722453, 0.6957460976726255, 0.7486220455892145, 0.8191441569283882, 0.6322779524395602, 0.6382428792534192, 1.0, 0.48819258579395686, 0.6812368942354099, 0.6438231263082419, 0.8191441569283882, 0.9030431039697613, 0.6666353826339045, 0.8536186510818744, 0.5418035126585234, 0.7990624648102627, 1.0, 0.20376503858638684, 0.36502800550645476, 0.9498733743967636, 0.23683637774429345, 0.5164329076215759, 0.5624691290169025, 0.44432121517125955, 0.7753505981191169, 0.9891483218006352, 1.0, 0.5264701811876389, 0.02734648719159255, 0.30777861100398507, 0.5119749810231251, 0.4356258328835842, 1.0, 0.6922382617563554, 0.0, 0.5226201535422986, 1.0, 0.32429671174355323, 0.8339326133501213, 0.5238967889031662, 0.3674344272962433, 1.0, 0.43605468697269356, 1.0, 0.5402447995950705, 0.477096516758575, 0.46678383433185494, 0.7308647096337427]
Finish training and take 20m
