Namespace(log_name='./tfix/1/hard7_codet5p_770m.log', model_name='Salesforce/codet5p-770m', lang='javascript', output_dir='tfix/1/hard7_codet5p_770m', data_dir='./data/tfix/1', no_cuda=False, visible_gpu='0', num_train_epochs=10, num_test_epochs=1, train_batch_size=6, eval_batch_size=4, gradient_accumulation_steps=1, load_model_path=None, config_name='', tokenizer_name='', max_source_length=512, max_target_length=512, warm_up_ratio=0.1, do_train=True, do_eval=True, do_test=True, freeze=False, learning_rate=5e-05, beam_size=10, weight_decay=0.0, adam_epsilon=1e-08, local_rank=-1, seed=42, early_stop_threshold=3)
Process rank: -1, device: cuda, n_gpu: 1, distributed training: False
Model created!!
[[{'text': 'Please fix a buggy program', 'loss_ids': 0, 'shortenable_ids': 0}, {'text': " }             console.log('retry');             return setTimeout(function() {               return exports.stopReplication(newdoc, callback, options);", 'loss_ids': 0, 'shortenable_ids': 1}, {'text': ' the bug type is', 'loss_ids': 0, 'shortenable_ids': 0}, {'text': ' no-console', 'loss_ids': 0, 'shortenable_ids': 0}, {'text': '<mask>', 'loss_ids': 1, 'shortenable_ids': 0}, {'text': ' is the fixed version', 'loss_ids': 0, 'shortenable_ids': 0}], {'guid': 0, 'tgt_text': '}             setTimeout(function() {               return exports.stopReplication(newdoc, callback, options);'}]
***** Running training *****
  Num examples = 816
  Batch size = 6
  Num epoch = 10

***** Running evaluation *****
  Num examples = 104
  Batch size = 4
  epoch = 0
  eval_ppl = inf
  global_step = 137
  train_loss = 17.0321
  ********************
Previous best ppl:inf
Achieve Best ppl:inf
  ********************
BLEU file: ./data/tfix/1/validation.jsonl
  codebleu-4 = 61.4 	 Previous best codebleu 0
  ********************
 Achieve Best bleu:61.4
  ********************

***** Running evaluation *****
  Num examples = 104
  Batch size = 4
  epoch = 1
  eval_ppl = inf
  global_step = 273
  train_loss = 8.2389
  ********************
Previous best ppl:inf
Achieve Best ppl:inf
  ********************
BLEU file: ./data/tfix/1/validation.jsonl
  codebleu-4 = 63.07 	 Previous best codebleu 61.4
  ********************
 Achieve Best bleu:63.07
  ********************

***** Running evaluation *****
  Num examples = 104
  Batch size = 4
  epoch = 2
  eval_ppl = inf
  global_step = 409
  train_loss = 4.0676
  ********************
Previous best ppl:inf
Achieve Best ppl:inf
  ********************
BLEU file: ./data/tfix/1/validation.jsonl
  codebleu-4 = 61.7 	 Previous best codebleu 63.07
  ********************

***** Running evaluation *****
  Num examples = 104
  Batch size = 4
  epoch = 3
  eval_ppl = inf
  global_step = 545
  train_loss = 2.1021
  ********************
Previous best ppl:inf
BLEU file: ./data/tfix/1/validation.jsonl
  codebleu-4 = 64.66 	 Previous best codebleu 63.07
  ********************
 Achieve Best bleu:64.66
  ********************

***** Running evaluation *****
  Num examples = 104
  Batch size = 4
  epoch = 4
  eval_ppl = inf
  global_step = 681
  train_loss = 1.0748
  ********************
Previous best ppl:inf
BLEU file: ./data/tfix/1/validation.jsonl
  codebleu-4 = 63.58 	 Previous best codebleu 64.66
  ********************

***** Running evaluation *****
  Num examples = 104
  Batch size = 4
  epoch = 5
  eval_ppl = inf
  global_step = 817
  train_loss = 0.6114
  ********************
Previous best ppl:inf
BLEU file: ./data/tfix/1/validation.jsonl
  codebleu-4 = 64.03 	 Previous best codebleu 64.66
  ********************

***** Running evaluation *****
  Num examples = 104
  Batch size = 4
  epoch = 6
  eval_ppl = inf
  global_step = 953
  train_loss = 0.3868
  ********************
Previous best ppl:inf
BLEU file: ./data/tfix/1/validation.jsonl
  codebleu-4 = 64.44 	 Previous best codebleu 64.66
  ********************
early stopping!!!
reload model from tfix/1/hard7_codet5p_770m/checkpoint-best-bleu
BLEU file: ./data/tfix/1/test.jsonl
  codebleu = 61.68 
  Total = 102 
  Exact Fixed = 20 
[1, 10, 13, 18, 31, 35, 38, 48, 51, 58, 61, 71, 74, 80, 87, 88, 91, 96, 98, 99]
  Syntax Fixed = 0 
[]
  Cleaned Fixed = 0 
[]
  ********************
  Total = 102 
  Exact Fixed = 20 
[1, 10, 13, 18, 31, 35, 38, 48, 51, 58, 61, 71, 74, 80, 87, 88, 91, 96, 98, 99]
  Syntax Fixed = 0 
[]
  Cleaned Fixed = 0 
[]
  codebleu = 61.68 
[1.0, 0.7616839041624256, 0.7004836662820749, 0.15189466770624754, 0.046508529629404424, 0.3442742735155721, 0.3226968889437066, 0.14303849388211864, 0.22456259762219288, 1.0, 0.3468834488862323, 0.2420128528564776, 1.0, 0.7939024427877673, 0.8135156937118506, 0.7484889150381644, 0.39675296426202156, 1.0, 0.44188182488281347, 0.08722959928216871, 0.4822624383769093, 0.28178507258525926, 0.8445506565039518, 0.8576705057568643, 0.6887796716807859, 0.6760988306532816, 0.6475259120949215, 0.45797584845834727, 0.570765580121347, 0.8206847188488577, 1.0, 0.8191441569283882, 0.7945104051684668, 0.5330600540857126, 1.0, 0.5634793392274073, 0.17985270659092473, 0.8249365300761395, 0.21697221568846098, 0.8946995933494386, 0.46021721772760293, 0.2067757358197851, 0.9260406910477721, 0.6632483116950204, 0.5879941066816083, 0.9304951198480196, 0.8519671371303186, 1.0, 0.23594700943102181, 0.04535576197454044, 1.0, 0.6157132877459149, 0.3422897764577731, 0.48492549020055464, 0.35079151194213914, 0.6957460976726255, 0.7486220455892145, 1.0, 0.6322779524395602, 0.7943177463241642, 1.0, 0.45485925246062353, 0.70282341775094, 0.6438231263082419, 0.6863884298635612, 0.9030431039697613, 0.6666353826339045, 0.8536186510818744, 0.5418035126585234, 0.6394217885492623, 1.0, 0.20376503858638684, 0.36502800550645476, 1.0, 0.23683637774429345, 0.5479955727207041, 0.5351964017441753, 0.5583139646397308, 0.729231473086406, 0.9891483218006352, 0.5776087116799649, 0.4961054545521633, 0.1726076513306138, 0.36883253656478365, 0.7302007404183433, 0.4356258328835842, 1.0, 1.0, 0.0, 0.5226201535422986, 1.0, 0.32429671174355323, 0.8339326133501213, 0.43833162756310856, 0.3674344272962433, 1.0, 0.43605468697269356, 1.0, 0.8454524645283339, 0.477096516758575, 0.6024371627712123, 0.7308647096337427]
Finish training and take 30m
