Namespace(log_name='./tfix/1/hard6_codet5p_770m.log', model_name='Salesforce/codet5p-770m', lang='javascript', output_dir='tfix/1/hard6_codet5p_770m', data_dir='./data/tfix/1', no_cuda=False, visible_gpu='0', num_train_epochs=10, num_test_epochs=1, train_batch_size=6, eval_batch_size=4, gradient_accumulation_steps=1, load_model_path=None, config_name='', tokenizer_name='', max_source_length=512, max_target_length=512, warm_up_ratio=0.1, do_train=True, do_eval=True, do_test=True, freeze=False, learning_rate=5e-05, beam_size=10, weight_decay=0.0, adam_epsilon=1e-08, local_rank=-1, seed=42, early_stop_threshold=3)
Process rank: -1, device: cuda, n_gpu: 1, distributed training: False
Model created!!
[[{'text': 'Fix', 'loss_ids': 0, 'shortenable_ids': 0}, {'text': " }             console.log('retry');             return setTimeout(function() {               return exports.stopReplication(newdoc, callback, options);", 'loss_ids': 0, 'shortenable_ids': 1}, {'text': ' is buggy program', 'loss_ids': 0, 'shortenable_ids': 0}, {'text': '<mask>', 'loss_ids': 1, 'shortenable_ids': 0}, {'text': ' is fixed program', 'loss_ids': 0, 'shortenable_ids': 0}], {'guid': 0, 'tgt_text': '}             setTimeout(function() {               return exports.stopReplication(newdoc, callback, options);'}]
***** Running training *****
  Num examples = 816
  Batch size = 6
  Num epoch = 10

***** Running evaluation *****
  Num examples = 104
  Batch size = 4
  epoch = 0
  eval_ppl = inf
  global_step = 137
  train_loss = 16.5441
  ********************
Previous best ppl:inf
Achieve Best ppl:inf
  ********************
BLEU file: ./data/tfix/1/validation.jsonl
  codebleu-4 = 61.3 	 Previous best codebleu 0
  ********************
 Achieve Best bleu:61.3
  ********************

***** Running evaluation *****
  Num examples = 104
  Batch size = 4
  epoch = 1
  eval_ppl = inf
  global_step = 273
  train_loss = 8.2292
  ********************
Previous best ppl:inf
Achieve Best ppl:inf
  ********************
BLEU file: ./data/tfix/1/validation.jsonl
  codebleu-4 = 64.84 	 Previous best codebleu 61.3
  ********************
 Achieve Best bleu:64.84
  ********************

***** Running evaluation *****
  Num examples = 104
  Batch size = 4
  epoch = 2
  eval_ppl = inf
  global_step = 409
  train_loss = 4.2603
  ********************
Previous best ppl:inf
BLEU file: ./data/tfix/1/validation.jsonl
  codebleu-4 = 62.94 	 Previous best codebleu 64.84
  ********************

***** Running evaluation *****
  Num examples = 104
  Batch size = 4
  epoch = 3
  eval_ppl = inf
  global_step = 545
  train_loss = 2.2812
  ********************
Previous best ppl:inf
BLEU file: ./data/tfix/1/validation.jsonl
  codebleu-4 = 64.23 	 Previous best codebleu 64.84
  ********************

***** Running evaluation *****
  Num examples = 104
  Batch size = 4
  epoch = 4
  eval_ppl = inf
  global_step = 681
  train_loss = 1.2297
  ********************
Previous best ppl:inf
BLEU file: ./data/tfix/1/validation.jsonl
  codebleu-4 = 63.25 	 Previous best codebleu 64.84
  ********************
early stopping!!!
reload model from tfix/1/hard6_codet5p_770m/checkpoint-best-bleu
BLEU file: ./data/tfix/1/test.jsonl
  codebleu = 62.2 
  Total = 102 
  Exact Fixed = 18 
[13, 31, 38, 48, 51, 58, 61, 71, 74, 77, 87, 88, 91, 94, 96, 98, 99, 101]
  Syntax Fixed = 2 
[63, 73]
  Cleaned Fixed = 0 
[]
  ********************
  Total = 102 
  Exact Fixed = 18 
[13, 31, 38, 48, 51, 58, 61, 71, 74, 77, 87, 88, 91, 94, 96, 98, 99, 101]
  Syntax Fixed = 2 
[63, 73]
  Cleaned Fixed = 0 
[]
  codebleu = 62.2 
[0.6629789808279482, 0.5190854538169563, 0.7004836662820749, 0.15189466770624754, 0.29080814539619515, 0.2642742735155721, 0.29475535030961264, 0.10100550846996653, 0.21100892280323053, 0.7687860553476404, 0.3468834488862323, 0.2420128528564776, 1.0, 0.7939024427877673, 0.8135156937118506, 0.7484889150381644, 0.39675296426202156, 0.7591116846422887, 0.5865265109839976, 0.08369475457310907, 0.44892910504357597, 0.28178507258525926, 0.8600057888291379, 0.8576705057568643, 0.6887796716807859, 0.6760988306532816, 0.6475259120949215, 0.45797584845834727, 0.570765580121347, 0.41967738030894663, 1.0, 0.8191441569283882, 0.7945104051684668, 0.6358448102139975, 0.593077966208089, 0.5634793392274073, 0.6353031368082721, 0.8249365300761395, 0.19604350080247962, 0.8946995933494386, 0.5535505510609362, 0.2067757358197851, 0.9260406910477721, 0.6632483116950204, 0.7619728098941201, 0.6977817763418712, 0.8519671371303186, 1.0, 0.23594700943102181, 0.04535576197454044, 1.0, 0.6157132877459149, 0.3739620910930766, 0.48492549020055464, 0.35079151194213914, 0.6957460976726255, 0.7486220455892145, 1.0, 0.6322779524395602, 0.7124468865008063, 1.0, 0.45485925246062353, 0.8408567954272137, 0.6438231263082419, 0.6530550965302279, 0.9030431039697613, 0.6666353826339045, 0.8536186510818744, 0.5418035126585234, 0.7584822640283992, 1.0, 0.20376503858638684, 0.6420252005580777, 1.0, 0.23683637774429345, 0.5479955727207041, 1.0, 0.44432121517125955, 0.7753505981191169, 0.42956336497580716, 0.6236663076766358, 0.4961054545521633, 0.1726076513306138, 0.5516738654524967, 0.7302007404183433, 0.4356258328835842, 1.0, 1.0, 0.0, 0.3726201535422986, 1.0, 0.32429671174355323, 0.8339326133501213, 1.0, 0.5696461788443421, 1.0, 0.43605468697269356, 1.0, 0.8454524645283339, 0.5647785789898024, 1.0, 0.7308647096337427]
Finish training and take 22m
