Namespace(log_name='./tfix/1/hard7_codet5p_220m.log', model_name='Salesforce/codet5p-220m', lang='javascript', output_dir='tfix/1/hard7_codet5p_220m', data_dir='./data/tfix/1', no_cuda=False, visible_gpu='0', num_train_epochs=10, num_test_epochs=1, train_batch_size=6, eval_batch_size=4, gradient_accumulation_steps=1, load_model_path=None, config_name='', tokenizer_name='', max_source_length=512, max_target_length=512, warm_up_ratio=0.1, do_train=True, do_eval=True, do_test=True, freeze=False, learning_rate=5e-05, beam_size=10, weight_decay=0.0, adam_epsilon=1e-08, local_rank=-1, seed=42, early_stop_threshold=3)
Process rank: -1, device: cuda, n_gpu: 1, distributed training: False
Model created!!
[[{'text': 'Please fix a buggy program', 'loss_ids': 0, 'shortenable_ids': 0}, {'text': " }             console.log('retry');             return setTimeout(function() {               return exports.stopReplication(newdoc, callback, options);", 'loss_ids': 0, 'shortenable_ids': 1}, {'text': ' the bug type is', 'loss_ids': 0, 'shortenable_ids': 0}, {'text': ' no-console', 'loss_ids': 0, 'shortenable_ids': 0}, {'text': '<mask>', 'loss_ids': 1, 'shortenable_ids': 0}, {'text': ' is the fixed version', 'loss_ids': 0, 'shortenable_ids': 0}], {'guid': 0, 'tgt_text': '}             setTimeout(function() {               return exports.stopReplication(newdoc, callback, options);'}]
***** Running training *****
  Num examples = 816
  Batch size = 6
  Num epoch = 10

***** Running evaluation *****
  Num examples = 104
  Batch size = 4
  epoch = 0
  eval_ppl = inf
  global_step = 137
  train_loss = 18.5103
  ********************
Previous best ppl:inf
Achieve Best ppl:inf
  ********************
BLEU file: ./data/tfix/1/validation.jsonl
  codebleu-4 = 60.54 	 Previous best codebleu 0
  ********************
 Achieve Best bleu:60.54
  ********************

***** Running evaluation *****
  Num examples = 104
  Batch size = 4
  epoch = 1
  eval_ppl = inf
  global_step = 273
  train_loss = 10.3085
  ********************
Previous best ppl:inf
BLEU file: ./data/tfix/1/validation.jsonl
  codebleu-4 = 63.22 	 Previous best codebleu 60.54
  ********************
 Achieve Best bleu:63.22
  ********************

***** Running evaluation *****
  Num examples = 104
  Batch size = 4
  epoch = 2
  eval_ppl = inf
  global_step = 409
  train_loss = 6.2728
  ********************
Previous best ppl:inf
BLEU file: ./data/tfix/1/validation.jsonl
  codebleu-4 = 64.68 	 Previous best codebleu 63.22
  ********************
 Achieve Best bleu:64.68
  ********************

***** Running evaluation *****
  Num examples = 104
  Batch size = 4
  epoch = 3
  eval_ppl = inf
  global_step = 545
  train_loss = 4.0298
  ********************
Previous best ppl:inf
BLEU file: ./data/tfix/1/validation.jsonl
  codebleu-4 = 64.44 	 Previous best codebleu 64.68
  ********************

***** Running evaluation *****
  Num examples = 104
  Batch size = 4
  epoch = 4
  eval_ppl = inf
  global_step = 681
  train_loss = 3.8025
  ********************
Previous best ppl:inf
BLEU file: ./data/tfix/1/validation.jsonl
  codebleu-4 = 64.63 	 Previous best codebleu 64.68
  ********************

***** Running evaluation *****
  Num examples = 104
  Batch size = 4
  epoch = 5
  eval_ppl = inf
  global_step = 817
  train_loss = 1.9845
  ********************
Previous best ppl:inf
BLEU file: ./data/tfix/1/validation.jsonl
  codebleu-4 = 63.45 	 Previous best codebleu 64.68
  ********************
early stopping!!!
reload model from tfix/1/hard7_codet5p_220m/checkpoint-best-bleu
BLEU file: ./data/tfix/1/test.jsonl
  codebleu = 62.52 
  Total = 102 
  Exact Fixed = 22 
[13, 14, 15, 18, 26, 31, 48, 51, 60, 61, 63, 71, 73, 74, 87, 88, 91, 94, 96, 98, 99, 101]
  Syntax Fixed = 0 
[]
  Cleaned Fixed = 0 
[]
  ********************
  Total = 102 
  Exact Fixed = 22 
[13, 14, 15, 18, 26, 31, 48, 51, 60, 61, 63, 71, 73, 74, 87, 88, 91, 94, 96, 98, 99, 101]
  Syntax Fixed = 0 
[]
  Cleaned Fixed = 0 
[]
  codebleu = 62.52 
[0.6148576874551961, 0.7616839041624256, 0.7004836662820749, 0.15189466770624754, 0.6508081453961951, 0.2642742735155721, 0.29475535030961264, 0.10100550846996653, 0.20750015087340595, 0.8292906179772745, 0.3468834488862323, 0.2420128528564776, 1.0, 1.0, 1.0, 0.7484889150381644, 0.39675296426202156, 1.0, 0.5865265109839976, 0.051551897430251924, 0.44892910504357597, 0.28178507258525926, 0.8600057888291379, 0.8576705057568643, 0.6887796716807859, 1.0, 0.5926239513106077, 0.45797584845834727, 0.570765580121347, 0.8206847188488577, 1.0, 0.6337131054697118, 0.7945104051684668, 0.6358448102139975, 0.593077966208089, 0.5634793392274073, 0.17985270659092473, 0.18304611372110685, 0.19604350080247962, 0.8946995933494386, 0.46021721772760293, 0.2067757358197851, 0.9260406910477721, 0.6632483116950204, 0.5879941066816083, 0.9495565333799167, 0.8519671371303186, 1.0, 0.23594700943102181, 0.04535576197454044, 1.0, 0.6157132877459149, 0.3739620910930766, 0.48492549020055464, 0.25558314725722453, 0.6957460976726255, 0.7486220455892145, 0.6863884298635612, 0.6803851539090413, 1.0, 1.0, 0.48819258579395686, 1.0, 0.6438231263082419, 0.6863884298635612, 0.9030431039697613, 0.6666353826339045, 0.8536186510818744, 0.5418035126585234, 0.6394217885492623, 1.0, 0.20376503858638684, 1.0, 1.0, 0.23683637774429345, 0.5479955727207041, 0.5624691290169025, 0.44432121517125955, 0.7753505981191169, 0.42956336497580716, 0.5477818755063433, 0.4961054545521633, 0.1726076513306138, 0.5506612535515883, 0.7302007404183433, 0.4356258328835842, 1.0, 1.0, 0.0, 0.3726201535422986, 1.0, 0.32429671174355323, 0.8339326133501213, 1.0, 0.5696461788443421, 1.0, 0.43605468697269356, 1.0, 0.8454524645283339, 0.5647785789898024, 1.0, 0.6013906561105834]
Finish training and take 10m
