Namespace(log_name='./result/tfix/1/random5_codet5p_220m.log', model_name='Salesforce/codet5p-220m', lang='javascript', output_dir='result/tfix/1/random5_codet5p_220m', data_dir='./data/tfix/1', no_cuda=False, visible_gpu='0', num_train_epochs=10, num_test_epochs=1, train_batch_size=4, eval_batch_size=4, gradient_accumulation_steps=1, load_model_path=None, config_name='', tokenizer_name='', max_source_length=512, max_target_length=512, warm_up_ratio=0.1, do_train=True, do_eval=True, do_test=True, freeze=False, learning_rate=5e-05, beam_size=10, weight_decay=0.0, adam_epsilon=1e-08, local_rank=-1, seed=42, early_stop_threshold=3)
Process rank: -1, device: cuda, n_gpu: 1, distributed training: False
Model created!!
[[{'text': "}             console.log('retry');             return setTimeout(function() {               return exports.stopReplication(newdoc, callback, options);", 'loss_ids': 0, 'shortenable_ids': 1}, {'text': 'is buggy program', 'loss_ids': 0, 'shortenable_ids': 0}, {'text': '<mask>', 'loss_ids': 1, 'shortenable_ids': 0}, {'text': 'is fixed program', 'loss_ids': 0, 'shortenable_ids': 0}], {'guid': 0, 'tgt_text': '}             setTimeout(function() {               return exports.stopReplication(newdoc, callback, options);'}]
***** Running training *****
  Num examples = 816
  Batch size = 4
  Num epoch = 10

***** Running evaluation *****
  Num examples = 104
  Batch size = 4
  epoch = 0
  eval_ppl = inf
  global_step = 205
  train_loss = 19.5019
  ********************
Previous best ppl:inf
Achieve Best ppl:inf
  ********************
BLEU file: ./data/tfix/1/validation.jsonl
  codebleu-4 = 59.76 	 Previous best codebleu 0
  ********************
 Achieve Best bleu:59.76
  ********************

***** Running evaluation *****
  Num examples = 104
  Batch size = 4
  epoch = 1
  eval_ppl = inf
  global_step = 409
  train_loss = 10.7083
  ********************
Previous best ppl:inf
BLEU file: ./data/tfix/1/validation.jsonl
  codebleu-4 = 62.65 	 Previous best codebleu 59.76
  ********************
 Achieve Best bleu:62.65
  ********************

***** Running evaluation *****
  Num examples = 104
  Batch size = 4
  epoch = 2
  eval_ppl = inf
  global_step = 613
  train_loss = 6.2471
  ********************
Previous best ppl:inf
BLEU file: ./data/tfix/1/validation.jsonl
  codebleu-4 = 63.64 	 Previous best codebleu 62.65
  ********************
 Achieve Best bleu:63.64
  ********************

***** Running evaluation *****
  Num examples = 104
  Batch size = 4
  epoch = 3
  eval_ppl = inf
  global_step = 817
  train_loss = 3.8964
  ********************
Previous best ppl:inf
BLEU file: ./data/tfix/1/validation.jsonl
  codebleu-4 = 63.29 	 Previous best codebleu 63.64
  ********************

***** Running evaluation *****
  Num examples = 104
  Batch size = 4
  epoch = 4
  eval_ppl = inf
  global_step = 1021
  train_loss = 2.5202
  ********************
Previous best ppl:inf
BLEU file: ./data/tfix/1/validation.jsonl
  codebleu-4 = 62.92 	 Previous best codebleu 63.64
  ********************

***** Running evaluation *****
  Num examples = 104
  Batch size = 4
  epoch = 5
  eval_ppl = inf
  global_step = 1225
  train_loss = 1.4134
  ********************
Previous best ppl:inf
BLEU file: ./data/tfix/1/validation.jsonl
  codebleu-4 = 64.9 	 Previous best codebleu 63.64
  ********************
 Achieve Best bleu:64.9
  ********************

***** Running evaluation *****
  Num examples = 104
  Batch size = 4
  epoch = 6
  eval_ppl = inf
  global_step = 1429
  train_loss = 0.9553
  ********************
Previous best ppl:inf
BLEU file: ./data/tfix/1/validation.jsonl
  codebleu-4 = 64.74 	 Previous best codebleu 64.9
  ********************

***** Running evaluation *****
  Num examples = 104
  Batch size = 4
  epoch = 7
  eval_ppl = inf
  global_step = 1633
  train_loss = 0.6372
  ********************
Previous best ppl:inf
BLEU file: ./data/tfix/1/validation.jsonl
  codebleu-4 = 64.18 	 Previous best codebleu 64.9
  ********************

***** Running evaluation *****
  Num examples = 104
  Batch size = 4
  epoch = 8
  eval_ppl = inf
  global_step = 1837
  train_loss = 0.4727
  ********************
Previous best ppl:inf
BLEU file: ./data/tfix/1/validation.jsonl
  codebleu-4 = 65.63 	 Previous best codebleu 64.9
  ********************
 Achieve Best bleu:65.63
  ********************

***** Running evaluation *****
  Num examples = 104
  Batch size = 4
  epoch = 9
  eval_ppl = inf
  global_step = 2041
  train_loss = 0.3545
  ********************
Previous best ppl:inf
BLEU file: ./data/tfix/1/validation.jsonl
  codebleu-4 = 65.3 	 Previous best codebleu 65.63
  ********************
reload model from result/tfix/1/random5_codet5p_220m/checkpoint-best-bleu
BLEU file: ./data/tfix/1/test.jsonl
  codebleu = 60.83 
  Total = 102 
  Exact Fixed = 18 
[1, 13, 15, 26, 31, 44, 48, 51, 61, 65, 71, 74, 87, 88, 91, 94, 96, 99]
  Syntax Fixed = 2 
[60, 73]
  Cleaned Fixed = 0 
[]
  ********************
  Total = 102 
  Exact Fixed = 18 
[1, 13, 15, 26, 31, 44, 48, 51, 61, 65, 71, 74, 87, 88, 91, 94, 96, 99]
  Syntax Fixed = 2 
[60, 73]
  Cleaned Fixed = 0 
[]
  codebleu = 60.83 
[1.0, 0.7616839041624256, 0.7004836662820749, 0.15189466770624754, 0.2553082743436026, 0.2642742735155721, 0.29475535030961264, 0.10100550846996653, 0.21100892280323053, 0.8292906179772745, 0.3468834488862323, 0.2420128528564776, 1.0, 0.7939024427877673, 1.0, 0.7484889150381644, 0.39675296426202156, 0.7591116846422887, 0.5865265109839976, 0.11058267573293427, 0.44892910504357597, 0.28178507258525926, 0.8445506565039518, 0.6340338824725971, 0.6887796716807859, 1.0, 0.6475259120949215, 0.45797584845834727, 0.570765580121347, 0.8206847188488577, 1.0, 0.8191441569283882, 0.7945104051684668, 0.4950124586800488, 0.593077966208089, 0.5634793392274073, 0.17985270659092473, 0.18304611372110685, 0.21697221568846098, 0.8946995933494386, 0.46021721772760293, 0.2067757358197851, 0.9260406910477721, 1.0, 0.5879941066816083, 0.9495565333799167, 0.8519671371303186, 1.0, 0.23594700943102181, 0.04535576197454044, 1.0, 0.6157132877459149, 0.3739620910930766, 0.48492549020055464, 0.25558314725722453, 0.6957460976726255, 0.5571742632727743, 0.6863884298635612, 0.6322779524395602, 0.9211131842675646, 1.0, 0.48819258579395686, 0.70282341775094, 0.6438231263082419, 1.0, 0.9030431039697613, 0.6666353826339045, 0.8536186510818744, 0.5418035126585234, 0.7990624648102627, 1.0, 0.20376503858638684, 0.6420252005580777, 1.0, 0.23683637774429345, 0.5479955727207041, 0.5624691290169025, 0.5583139646397308, 0.7753505981191169, 0.42956336497580716, 0.6236663076766358, 0.4961054545521633, 0.1726076513306138, 0.5506612535515883, 0.46450187841569407, 0.4356258328835842, 1.0, 1.0, 0.0, 0.3726201535422986, 1.0, 0.32429671174355323, 0.8339326133501213, 1.0, 0.3674344272962433, 1.0, 0.43605468697269356, 0.6241223232336472, 0.8454524645283339, 0.5647785789898024, 0.6024371627712123, 0.6013906561105834]
Finish training and take 10m
