Namespace(log_name='./result/tfix/1/random2_codet5p_770m.log', model_name='Salesforce/codet5p-770m', lang='javascript', output_dir='result/tfix/1/random2_codet5p_770m', data_dir='./data/tfix/1', no_cuda=False, visible_gpu='0', num_train_epochs=10, num_test_epochs=1, train_batch_size=4, eval_batch_size=4, gradient_accumulation_steps=1, load_model_path=None, config_name='', tokenizer_name='', max_source_length=512, max_target_length=512, warm_up_ratio=0.1, do_train=True, do_eval=True, do_test=True, freeze=False, learning_rate=5e-05, beam_size=10, weight_decay=0.0, adam_epsilon=1e-08, local_rank=-1, seed=42, early_stop_threshold=3)
Process rank: -1, device: cuda, n_gpu: 1, distributed training: False
Model created!!
[[{'text': 'Fix the bug in', 'loss_ids': 0, 'shortenable_ids': 0}, {'text': " }             console.log('retry');             return setTimeout(function() {               return exports.stopReplication(newdoc, callback, options);", 'loss_ids': 0, 'shortenable_ids': 1}, {'text': '<mask>', 'loss_ids': 1, 'shortenable_ids': 0}], {'guid': 0, 'tgt_text': '}             setTimeout(function() {               return exports.stopReplication(newdoc, callback, options);'}]
***** Running training *****
  Num examples = 816
  Batch size = 4
  Num epoch = 10

***** Running evaluation *****
  Num examples = 104
  Batch size = 4
  epoch = 0
  eval_ppl = inf
  global_step = 205
  train_loss = 17.004
  ********************
Previous best ppl:inf
Achieve Best ppl:inf
  ********************
BLEU file: ./data/tfix/1/validation.jsonl
  codebleu-4 = 60.49 	 Previous best codebleu 0
  ********************
 Achieve Best bleu:60.49
  ********************

***** Running evaluation *****
  Num examples = 104
  Batch size = 4
  epoch = 1
  eval_ppl = inf
  global_step = 409
  train_loss = 8.5958
  ********************
Previous best ppl:inf
BLEU file: ./data/tfix/1/validation.jsonl
  codebleu-4 = 62.83 	 Previous best codebleu 60.49
  ********************
 Achieve Best bleu:62.83
  ********************

***** Running evaluation *****
  Num examples = 104
  Batch size = 4
  epoch = 2
  eval_ppl = inf
  global_step = 613
  train_loss = 4.5351
  ********************
Previous best ppl:inf
BLEU file: ./data/tfix/1/validation.jsonl
  codebleu-4 = 62.14 	 Previous best codebleu 62.83
  ********************

***** Running evaluation *****
  Num examples = 104
  Batch size = 4
  epoch = 3
  eval_ppl = inf
  global_step = 817
  train_loss = 2.6202
  ********************
Previous best ppl:inf
BLEU file: ./data/tfix/1/validation.jsonl
  codebleu-4 = 64.47 	 Previous best codebleu 62.83
  ********************
 Achieve Best bleu:64.47
  ********************

***** Running evaluation *****
  Num examples = 104
  Batch size = 4
  epoch = 4
  eval_ppl = inf
  global_step = 1021
  train_loss = 1.3113
  ********************
Previous best ppl:inf
BLEU file: ./data/tfix/1/validation.jsonl
  codebleu-4 = 64.28 	 Previous best codebleu 64.47
  ********************

***** Running evaluation *****
  Num examples = 104
  Batch size = 4
  epoch = 5
  eval_ppl = inf
  global_step = 1225
  train_loss = 0.753
  ********************
Previous best ppl:inf
BLEU file: ./data/tfix/1/validation.jsonl
  codebleu-4 = 64.59 	 Previous best codebleu 64.47
  ********************
 Achieve Best bleu:64.59
  ********************

***** Running evaluation *****
  Num examples = 104
  Batch size = 4
  epoch = 6
  eval_ppl = inf
  global_step = 1429
  train_loss = 0.5093
  ********************
Previous best ppl:inf
BLEU file: ./data/tfix/1/validation.jsonl
  codebleu-4 = 64.47 	 Previous best codebleu 64.59
  ********************

***** Running evaluation *****
  Num examples = 104
  Batch size = 4
  epoch = 7
  eval_ppl = inf
  global_step = 1633
  train_loss = 0.2832
  ********************
Previous best ppl:inf
BLEU file: ./data/tfix/1/validation.jsonl
  codebleu-4 = 64.77 	 Previous best codebleu 64.59
  ********************
 Achieve Best bleu:64.77
  ********************

***** Running evaluation *****
  Num examples = 104
  Batch size = 4
  epoch = 8
  eval_ppl = inf
  global_step = 1837
  train_loss = 0.1475
  ********************
Previous best ppl:inf
BLEU file: ./data/tfix/1/validation.jsonl
  codebleu-4 = 64.86 	 Previous best codebleu 64.77
  ********************
 Achieve Best bleu:64.86
  ********************

***** Running evaluation *****
  Num examples = 104
  Batch size = 4
  epoch = 9
  eval_ppl = inf
  global_step = 2041
  train_loss = 0.1214
  ********************
Previous best ppl:inf
BLEU file: ./data/tfix/1/validation.jsonl
  codebleu-4 = 64.86 	 Previous best codebleu 64.86
  ********************
reload model from result/tfix/1/random2_codet5p_770m/checkpoint-best-bleu
BLEU file: ./data/tfix/1/test.jsonl
  codebleu = 61.87 
  Total = 102 
  Exact Fixed = 22 
[1, 10, 13, 14, 18, 31, 38, 48, 49, 50, 51, 58, 61, 63, 65, 71, 74, 87, 88, 91, 94, 96]
  Syntax Fixed = 1 
[21]
  Cleaned Fixed = 0 
[]
  ********************
  Total = 102 
  Exact Fixed = 22 
[1, 10, 13, 14, 18, 31, 38, 48, 49, 50, 51, 58, 61, 63, 65, 71, 74, 87, 88, 91, 94, 96]
  Syntax Fixed = 1 
[21]
  Cleaned Fixed = 0 
[]
  codebleu = 61.87 
[1.0, 0.5190854538169563, 0.7004836662820749, 0.15189466770624754, 0.29080814539619515, 0.2642742735155721, 0.3226968889437066, 0.10100550846996653, 0.21100892280323053, 1.0, 0.3468834488862323, 0.2420128528564776, 1.0, 1.0, 0.8135156937118506, 0.7484889150381644, 0.39675296426202156, 1.0, 0.5865265109839976, 0.08722959928216871, 0.7026136760976884, 0.28178507258525926, 0.6992466384018345, 0.8576705057568643, 0.6887796716807859, 0.6760988306532816, 0.6475259120949215, 0.45797584845834727, 0.570765580121347, 0.25851479452714665, 1.0, 0.8191441569283882, 0.7945104051684668, 0.43535701788878667, 0.49307796620808886, 0.5634793392274073, 0.6353031368082721, 0.8249365300761395, 0.19604350080247962, 0.7702930210774179, 0.4202172177276029, 0.2067757358197851, 0.9260406910477721, 0.6632483116950204, 0.5879941066816083, 0.9495565333799167, 0.8519671371303186, 1.0, 1.0, 0.7135428903906851, 1.0, 0.6157132877459149, 0.2834876416776654, 0.48492549020055464, 0.25558314725722453, 0.6957460976726255, 0.5571742632727743, 1.0, 0.6322779524395602, 0.6382428792534192, 1.0, 0.48819258579395686, 1.0, 0.6438231263082419, 1.0, 0.9030431039697613, 0.6826211484322393, 0.8536186510818744, 0.5418035126585234, 0.7990624648102627, 1.0, 0.20376503858638684, 0.4713916418700911, 1.0, 0.23683637774429345, 0.5164329076215759, 0.5351964017441753, 0.44432121517125955, 0.729231473086406, 0.42956336497580716, 0.6236663076766358, 0.4961054545521633, 0.1726076513306138, 0.4700889841720687, 0.7302007404183433, 0.4356258328835842, 1.0, 1.0, 0.0, 0.3726201535422986, 1.0, 0.32429671174355323, 0.8339326133501213, 1.0, 0.3674344272962433, 1.0, 0.43605468697269356, 0.19345795651282455, 0.6284843456411142, 0.5647785789898024, 0.6131514484854981, 0.7308647096337427]
Finish training and take 28m
