Namespace(log_name='./result/tfix/1/random6_codet5p_770m.log', model_name='Salesforce/codet5p-770m', lang='javascript', output_dir='result/tfix/1/random6_codet5p_770m', data_dir='./data/tfix/1', no_cuda=False, visible_gpu='0', num_train_epochs=10, num_test_epochs=1, train_batch_size=4, eval_batch_size=4, gradient_accumulation_steps=1, load_model_path=None, config_name='', tokenizer_name='', max_source_length=512, max_target_length=512, warm_up_ratio=0.1, do_train=True, do_eval=True, do_test=True, freeze=False, learning_rate=5e-05, beam_size=10, weight_decay=0.0, adam_epsilon=1e-08, local_rank=-1, seed=42, early_stop_threshold=3)
Process rank: -1, device: cuda, n_gpu: 1, distributed training: False
Model created!!
[[{'text': 'Fix', 'loss_ids': 0, 'shortenable_ids': 0}, {'text': " }             console.log('retry');             return setTimeout(function() {               return exports.stopReplication(newdoc, callback, options);", 'loss_ids': 0, 'shortenable_ids': 1}, {'text': 'is buggy program', 'loss_ids': 0, 'shortenable_ids': 0}, {'text': '<mask>', 'loss_ids': 1, 'shortenable_ids': 0}, {'text': 'is fixed program', 'loss_ids': 0, 'shortenable_ids': 0}], {'guid': 0, 'tgt_text': '}             setTimeout(function() {               return exports.stopReplication(newdoc, callback, options);'}]
***** Running training *****
  Num examples = 816
  Batch size = 4
  Num epoch = 10

***** Running evaluation *****
  Num examples = 104
  Batch size = 4
  epoch = 0
  eval_ppl = inf
  global_step = 205
  train_loss = 15.8619
  ********************
Previous best ppl:inf
Achieve Best ppl:inf
  ********************
BLEU file: ./data/tfix/1/validation.jsonl
  codebleu-4 = 61.29 	 Previous best codebleu 0
  ********************
 Achieve Best bleu:61.29
  ********************

***** Running evaluation *****
  Num examples = 104
  Batch size = 4
  epoch = 1
  eval_ppl = inf
  global_step = 409
  train_loss = 8.4684
  ********************
Previous best ppl:inf
BLEU file: ./data/tfix/1/validation.jsonl
  codebleu-4 = 64.25 	 Previous best codebleu 61.29
  ********************
 Achieve Best bleu:64.25
  ********************

***** Running evaluation *****
  Num examples = 104
  Batch size = 4
  epoch = 2
  eval_ppl = inf
  global_step = 613
  train_loss = 4.1057
  ********************
Previous best ppl:inf
BLEU file: ./data/tfix/1/validation.jsonl
  codebleu-4 = 63.42 	 Previous best codebleu 64.25
  ********************

***** Running evaluation *****
  Num examples = 104
  Batch size = 4
  epoch = 3
  eval_ppl = inf
  global_step = 817
  train_loss = 2.1705
  ********************
Previous best ppl:inf
BLEU file: ./data/tfix/1/validation.jsonl
  codebleu-4 = 64.4 	 Previous best codebleu 64.25
  ********************
 Achieve Best bleu:64.4
  ********************

***** Running evaluation *****
  Num examples = 104
  Batch size = 4
  epoch = 4
  eval_ppl = inf
  global_step = 1021
  train_loss = 1.3035
  ********************
Previous best ppl:inf
BLEU file: ./data/tfix/1/validation.jsonl
  codebleu-4 = 63.45 	 Previous best codebleu 64.4
  ********************

***** Running evaluation *****
  Num examples = 104
  Batch size = 4
  epoch = 5
  eval_ppl = inf
  global_step = 1225
  train_loss = 0.8569
  ********************
Previous best ppl:inf
BLEU file: ./data/tfix/1/validation.jsonl
  codebleu-4 = 63.17 	 Previous best codebleu 64.4
  ********************

***** Running evaluation *****
  Num examples = 104
  Batch size = 4
  epoch = 6
  eval_ppl = inf
  global_step = 1429
  train_loss = 0.4855
  ********************
Previous best ppl:inf
BLEU file: ./data/tfix/1/validation.jsonl
  codebleu-4 = 64.19 	 Previous best codebleu 64.4
  ********************
early stopping!!!
reload model from result/tfix/1/random6_codet5p_770m/checkpoint-best-bleu
BLEU file: ./data/tfix/1/test.jsonl
  codebleu = 61.15 
  Total = 102 
  Exact Fixed = 20 
[10, 13, 18, 31, 44, 48, 51, 58, 61, 65, 71, 74, 87, 88, 91, 94, 96, 98, 99, 101]
  Syntax Fixed = 0 
[]
  Cleaned Fixed = 0 
[]
  ********************
  Total = 102 
  Exact Fixed = 20 
[10, 13, 18, 31, 44, 48, 51, 58, 61, 65, 71, 74, 87, 88, 91, 94, 96, 98, 99, 101]
  Syntax Fixed = 0 
[]
  Cleaned Fixed = 0 
[]
  codebleu = 61.15 
[0.6629789808279482, 0.7616839041624256, 0.7004836662820749, 0.15189466770624754, 0.2553082743436026, 0.2642742735155721, 0.3554241616709793, 0.10100550846996653, 0.22456259762219288, 1.0, 0.3468834488862323, 0.2420128528564776, 1.0, 0.7939024427877673, 0.8135156937118506, 0.7484889150381644, 0.39675296426202156, 1.0, 0.5865265109839976, 0.08869475457310907, 0.44892910504357597, 0.28178507258525926, 0.5775720906730404, 0.6340338824725971, 0.6887796716807859, 0.6760988306532816, 0.14754685989039049, 0.45797584845834727, 0.570765580121347, 0.8853031368082722, 1.0, 0.8191441569283882, 0.7945104051684668, 0.6299881592708667, 0.21868348617790437, 0.5634793392274073, 0.6353031368082721, 0.18304611372110685, 0.21697221568846098, 0.8946995933494386, 0.46021721772760293, 0.19021319125983077, 0.9260406910477721, 1.0, 0.5879941066816083, 0.9495565333799167, 0.8519671371303186, 1.0, 0.23594700943102181, 0.04535576197454044, 1.0, 0.6157132877459149, 0.3739620910930766, 0.48492549020055464, 0.25558314725722453, 0.6957460976726255, 0.7486220455892145, 1.0, 0.6322779524395602, 0.7943177463241642, 1.0, 0.45485925246062353, 0.70282341775094, 0.6438231263082419, 1.0, 0.9030431039697613, 0.6666353826339045, 0.8536186510818744, 0.5418035126585234, 0.7990624648102627, 1.0, 0.20376503858638684, 0.4713916418700911, 1.0, 0.23683637774429345, 0.5479955727207041, 0.5624691290169025, 0.44432121517125955, 0.7753505981191169, 0.42956336497580716, 0.6236663076766358, 0.4961054545521633, 0.1726076513306138, 0.46347344613900576, 0.7302007404183433, 0.4356258328835842, 1.0, 1.0, 0.0, 0.3726201535422986, 1.0, 0.32429671174355323, 0.8339326133501213, 1.0, 0.5696461788443421, 1.0, 0.43605468697269356, 1.0, 0.8454524645283339, 0.5647785789898024, 1.0, 0.6013906561105834]
Finish training and take 20m
