Namespace(log_name='./result/tfix/1/random9_codet5p_770m.log', model_name='Salesforce/codet5p-770m', lang='javascript', output_dir='result/tfix/1/random9_codet5p_770m', data_dir='./data/tfix/1', no_cuda=False, visible_gpu='0', num_train_epochs=10, num_test_epochs=1, train_batch_size=4, eval_batch_size=4, gradient_accumulation_steps=1, load_model_path=None, config_name='', tokenizer_name='', max_source_length=512, max_target_length=512, warm_up_ratio=0.1, do_train=True, do_eval=True, do_test=True, freeze=False, learning_rate=5e-05, beam_size=10, weight_decay=0.0, adam_epsilon=1e-08, local_rank=-1, seed=42, early_stop_threshold=3)
Process rank: -1, device: cuda, n_gpu: 1, distributed training: False
Model created!!
[[{'text': 'Please fix a buggy program', 'loss_ids': 0, 'shortenable_ids': 0}, {'text': " }             console.log('retry');             return setTimeout(function() {               return exports.stopReplication(newdoc, callback, options);", 'loss_ids': 0, 'shortenable_ids': 1}, {'text': 'the bug type is', 'loss_ids': 0, 'shortenable_ids': 0}, {'text': ' no-console', 'loss_ids': 0, 'shortenable_ids': 0}, {'text': '.', 'loss_ids': 0, 'shortenable_ids': 0}, {'text': 'by taking repair actions', 'loss_ids': 0, 'shortenable_ids': 0}, {'text': ' Unexpected console statement.', 'loss_ids': 0, 'shortenable_ids': 0}, {'text': '<mask>', 'loss_ids': 1, 'shortenable_ids': 0}, {'text': 'is the fixed version', 'loss_ids': 0, 'shortenable_ids': 0}], {'guid': 0, 'tgt_text': '}             setTimeout(function() {               return exports.stopReplication(newdoc, callback, options);'}]
***** Running training *****
  Num examples = 816
  Batch size = 4
  Num epoch = 10

***** Running evaluation *****
  Num examples = 104
  Batch size = 4
  epoch = 0
  eval_ppl = inf
  global_step = 205
  train_loss = 15.9022
  ********************
Previous best ppl:inf
Achieve Best ppl:inf
  ********************
BLEU file: ./data/tfix/1/validation.jsonl
  codebleu-4 = 60.13 	 Previous best codebleu 0
  ********************
 Achieve Best bleu:60.13
  ********************

***** Running evaluation *****
  Num examples = 104
  Batch size = 4
  epoch = 1
  eval_ppl = inf
  global_step = 409
  train_loss = 8.249
  ********************
Previous best ppl:inf
BLEU file: ./data/tfix/1/validation.jsonl
  codebleu-4 = 63.14 	 Previous best codebleu 60.13
  ********************
 Achieve Best bleu:63.14
  ********************

***** Running evaluation *****
  Num examples = 104
  Batch size = 4
  epoch = 2
  eval_ppl = inf
  global_step = 613
  train_loss = 4.2862
  ********************
Previous best ppl:inf
BLEU file: ./data/tfix/1/validation.jsonl
  codebleu-4 = 64.69 	 Previous best codebleu 63.14
  ********************
 Achieve Best bleu:64.69
  ********************

***** Running evaluation *****
  Num examples = 104
  Batch size = 4
  epoch = 3
  eval_ppl = inf
  global_step = 817
  train_loss = 2.2415
  ********************
Previous best ppl:inf
BLEU file: ./data/tfix/1/validation.jsonl
  codebleu-4 = 65.07 	 Previous best codebleu 64.69
  ********************
 Achieve Best bleu:65.07
  ********************

***** Running evaluation *****
  Num examples = 104
  Batch size = 4
  epoch = 4
  eval_ppl = inf
  global_step = 1021
  train_loss = 1.123
  ********************
Previous best ppl:inf
BLEU file: ./data/tfix/1/validation.jsonl
  codebleu-4 = 64.74 	 Previous best codebleu 65.07
  ********************

***** Running evaluation *****
  Num examples = 104
  Batch size = 4
  epoch = 5
  eval_ppl = inf
  global_step = 1225
  train_loss = 0.7276
  ********************
Previous best ppl:inf
BLEU file: ./data/tfix/1/validation.jsonl
  codebleu-4 = 64.58 	 Previous best codebleu 65.07
  ********************

***** Running evaluation *****
  Num examples = 104
  Batch size = 4
  epoch = 6
  eval_ppl = inf
  global_step = 1429
  train_loss = 0.4388
  ********************
Previous best ppl:inf
BLEU file: ./data/tfix/1/validation.jsonl
  codebleu-4 = 65.08 	 Previous best codebleu 65.07
  ********************
 Achieve Best bleu:65.08
  ********************

***** Running evaluation *****
  Num examples = 104
  Batch size = 4
  epoch = 7
  eval_ppl = inf
  global_step = 1633
  train_loss = 0.2927
  ********************
Previous best ppl:inf
BLEU file: ./data/tfix/1/validation.jsonl
  codebleu-4 = 65.46 	 Previous best codebleu 65.08
  ********************
 Achieve Best bleu:65.46
  ********************

***** Running evaluation *****
  Num examples = 104
  Batch size = 4
  epoch = 8
  eval_ppl = inf
  global_step = 1837
  train_loss = 0.1714
  ********************
Previous best ppl:inf
BLEU file: ./data/tfix/1/validation.jsonl
  codebleu-4 = 65.77 	 Previous best codebleu 65.46
  ********************
 Achieve Best bleu:65.77
  ********************

***** Running evaluation *****
  Num examples = 104
  Batch size = 4
  epoch = 9
  eval_ppl = inf
  global_step = 2041
  train_loss = 0.1216
  ********************
Previous best ppl:inf
BLEU file: ./data/tfix/1/validation.jsonl
  codebleu-4 = 65.41 	 Previous best codebleu 65.77
  ********************
reload model from result/tfix/1/random9_codet5p_770m/checkpoint-best-bleu
BLEU file: ./data/tfix/1/test.jsonl
  codebleu = 64.55 
  Total = 102 
  Exact Fixed = 27 
[7, 13, 14, 15, 18, 26, 31, 35, 38, 48, 49, 50, 51, 58, 60, 61, 65, 71, 74, 77, 81, 87, 91, 94, 96, 98, 101]
  Syntax Fixed = 0 
[]
  Cleaned Fixed = 0 
[]
  ********************
  Total = 102 
  Exact Fixed = 27 
[7, 13, 14, 15, 18, 26, 31, 35, 38, 48, 49, 50, 51, 58, 60, 61, 65, 71, 74, 77, 81, 87, 91, 94, 96, 98, 101]
  Syntax Fixed = 0 
[]
  Cleaned Fixed = 0 
[]
  codebleu = 64.55 
[0.6629789808279482, 0.5190854538169563, 0.7004836662820749, 0.15189466770624754, 0.2553082743436026, 0.2642742735155721, 1.0, 0.10100550846996653, 0.24836598550215197, 0.8292906179772745, 0.3468834488862323, 0.2561834861779044, 1.0, 1.0, 1.0, 0.7484889150381644, 0.39675296426202156, 1.0, 0.44188182488281347, 0.05722959928216871, 0.44892910504357597, 0.28178507258525926, 0.8600057888291379, 0.8576705057568643, 0.6887796716807859, 1.0, 0.6475259120949215, 0.45797584845834727, 0.570765580121347, 0.8853031368082722, 1.0, 0.8191441569283882, 0.7945104051684668, 0.4950124586800488, 1.0, 0.5634793392274073, 0.6353031368082721, 0.8249365300761395, 0.19604350080247962, 0.8946995933494386, 0.4202172177276029, 0.19021319125983077, 0.9260406910477721, 0.6632483116950204, 0.5879941066816083, 0.9495565333799167, 0.8519671371303186, 1.0, 1.0, 0.7135428903906851, 1.0, 0.6157132877459149, 0.26220972285349836, 0.48492549020055464, 0.25558314725722453, 0.6957460976726255, 0.7486220455892145, 1.0, 0.6322779524395602, 1.0, 1.0, 0.45485925246062353, 0.6812368942354099, 0.6438231263082419, 1.0, 0.9030431039697613, 0.6666353826339045, 0.8536186510818744, 0.5418035126585234, 0.7584822640283992, 1.0, 0.20376503858638684, 0.5220252005580777, 1.0, 0.23683637774429345, 0.5479955727207041, 1.0, 0.44432121517125955, 0.6167304568831686, 0.42956336497580716, 1.0, 0.4961054545521633, 0.1726076513306138, 0.514297617187952, 0.46450187841569407, 0.4356258328835842, 1.0, 0.11582292438020222, 0.0, 0.3726201535422986, 1.0, 0.32429671174355323, 0.8339326133501213, 1.0, 0.3674344272962433, 1.0, 0.43605468697269356, 1.0, 0.608627152536247, 0.5647785789898024, 1.0, 0.7308647096337427]
Finish training and take 30m
