Namespace(log_name='./result/tfix/1/random2_codet5p_220m.log', model_name='Salesforce/codet5p-220m', lang='javascript', output_dir='result/tfix/1/random2_codet5p_220m', data_dir='./data/tfix/1', no_cuda=False, visible_gpu='0', num_train_epochs=10, num_test_epochs=1, train_batch_size=4, eval_batch_size=4, gradient_accumulation_steps=1, load_model_path=None, config_name='', tokenizer_name='', max_source_length=512, max_target_length=512, warm_up_ratio=0.1, do_train=True, do_eval=True, do_test=True, freeze=False, learning_rate=5e-05, beam_size=10, weight_decay=0.0, adam_epsilon=1e-08, local_rank=-1, seed=42, early_stop_threshold=3)
Process rank: -1, device: cuda, n_gpu: 1, distributed training: False
Model created!!
[[{'text': 'Fix the bug in', 'loss_ids': 0, 'shortenable_ids': 0}, {'text': " }             console.log('retry');             return setTimeout(function() {               return exports.stopReplication(newdoc, callback, options);", 'loss_ids': 0, 'shortenable_ids': 1}, {'text': '<mask>', 'loss_ids': 1, 'shortenable_ids': 0}], {'guid': 0, 'tgt_text': '}             setTimeout(function() {               return exports.stopReplication(newdoc, callback, options);'}]
***** Running training *****
  Num examples = 816
  Batch size = 4
  Num epoch = 10

***** Running evaluation *****
  Num examples = 104
  Batch size = 4
  epoch = 0
  eval_ppl = inf
  global_step = 205
  train_loss = 18.4594
  ********************
Previous best ppl:inf
Achieve Best ppl:inf
  ********************
BLEU file: ./data/tfix/1/validation.jsonl
  codebleu-4 = 60.66 	 Previous best codebleu 0
  ********************
 Achieve Best bleu:60.66
  ********************

***** Running evaluation *****
  Num examples = 104
  Batch size = 4
  epoch = 1
  eval_ppl = inf
  global_step = 409
  train_loss = 10.7115
  ********************
Previous best ppl:inf
BLEU file: ./data/tfix/1/validation.jsonl
  codebleu-4 = 63.76 	 Previous best codebleu 60.66
  ********************
 Achieve Best bleu:63.76
  ********************

***** Running evaluation *****
  Num examples = 104
  Batch size = 4
  epoch = 2
  eval_ppl = inf
  global_step = 613
  train_loss = 6.1711
  ********************
Previous best ppl:inf
BLEU file: ./data/tfix/1/validation.jsonl
  codebleu-4 = 65.14 	 Previous best codebleu 63.76
  ********************
 Achieve Best bleu:65.14
  ********************

***** Running evaluation *****
  Num examples = 104
  Batch size = 4
  epoch = 3
  eval_ppl = inf
  global_step = 817
  train_loss = 3.7744
  ********************
Previous best ppl:inf
BLEU file: ./data/tfix/1/validation.jsonl
  codebleu-4 = 65.14 	 Previous best codebleu 65.14
  ********************

***** Running evaluation *****
  Num examples = 104
  Batch size = 4
  epoch = 4
  eval_ppl = inf
  global_step = 1021
  train_loss = 2.2701
  ********************
Previous best ppl:inf
BLEU file: ./data/tfix/1/validation.jsonl
  codebleu-4 = 65.81 	 Previous best codebleu 65.14
  ********************
 Achieve Best bleu:65.81
  ********************

***** Running evaluation *****
  Num examples = 104
  Batch size = 4
  epoch = 5
  eval_ppl = inf
  global_step = 1225
  train_loss = 1.4239
  ********************
Previous best ppl:inf
BLEU file: ./data/tfix/1/validation.jsonl
  codebleu-4 = 64.97 	 Previous best codebleu 65.81
  ********************

***** Running evaluation *****
  Num examples = 104
  Batch size = 4
  epoch = 6
  eval_ppl = inf
  global_step = 1429
  train_loss = 0.9075
  ********************
Previous best ppl:inf
BLEU file: ./data/tfix/1/validation.jsonl
  codebleu-4 = 65.67 	 Previous best codebleu 65.81
  ********************

***** Running evaluation *****
  Num examples = 104
  Batch size = 4
  epoch = 7
  eval_ppl = inf
  global_step = 1633
  train_loss = 0.6528
  ********************
Previous best ppl:inf
BLEU file: ./data/tfix/1/validation.jsonl
  codebleu-4 = 65.38 	 Previous best codebleu 65.81
  ********************
early stopping!!!
reload model from result/tfix/1/random2_codet5p_220m/checkpoint-best-bleu
BLEU file: ./data/tfix/1/test.jsonl
  codebleu = 60.73 
  Total = 102 
  Exact Fixed = 20 
[1, 10, 13, 14, 15, 18, 26, 31, 48, 51, 60, 61, 71, 87, 88, 91, 94, 96, 98, 99]
  Syntax Fixed = 1 
[73]
  Cleaned Fixed = 0 
[]
  ********************
  Total = 102 
  Exact Fixed = 20 
[1, 10, 13, 14, 15, 18, 26, 31, 48, 51, 60, 61, 71, 87, 88, 91, 94, 96, 98, 99]
  Syntax Fixed = 1 
[73]
  Cleaned Fixed = 0 
[]
  codebleu = 60.73 
[1.0, 0.7616839041624256, 0.7004836662820749, 0.15189466770624754, 0.29080814539619515, 0.2642742735155721, 0.29475535030961264, 0.10100550846996653, 0.22456259762219288, 1.0, 0.1671737770198149, 0.2420128528564776, 1.0, 1.0, 1.0, 0.7484889150381644, 0.39675296426202156, 1.0, 0.44188182488281347, 0.053439818590077126, 0.44892910504357597, 0.28178507258525926, 0.8445506565039518, 0.8576705057568643, 0.6887796716807859, 1.0, 0.6475259120949215, 0.45797584845834727, 0.570765580121347, 0.25851479452714665, 1.0, 0.8191441569283882, 0.7945104051684668, 0.35325152880061195, 0.49307796620808886, 0.5634793392274073, 0.17985270659092473, 0.18304611372110685, 0.19604350080247962, 0.8946995933494386, 0.4007495485106082, 0.2067757358197851, 0.9260406910477721, 0.6632483116950204, 0.7619728098941201, 0.9495565333799167, 0.8519671371303186, 1.0, 0.23594700943102181, 0.04535576197454044, 1.0, 0.6157132877459149, 0.3739620910930766, 0.48492549020055464, 0.2142605543861164, 0.6957460976726255, 0.7486220455892145, 0.6530550965302279, 0.6322779524395602, 1.0, 1.0, 0.45485925246062353, 0.70282341775094, 0.6438231263082419, 0.7706847188488577, 0.9030431039697613, 0.6826211484322393, 0.8536186510818744, 0.5418035126585234, 0.7990624648102627, 1.0, 0.20376503858638684, 0.6420252005580777, 0.8291333889199157, 0.23683637774429345, 0.5164329076215759, 0.5624691290169025, 0.44432121517125955, 0.7753505981191169, 0.42956336497580716, 0.6236663076766358, 0.4961054545521633, 0.1726076513306138, 0.5506612535515883, 0.7302007404183433, 0.4356258328835842, 1.0, 1.0, 0.0, 0.3726201535422986, 1.0, 0.32429671174355323, 0.8339326133501213, 1.0, 0.5696461788443421, 1.0, 0.3931975441155507, 1.0, 0.8454524645283339, 0.5647785789898024, 0.6024371627712123, 0.6013906561105834]
Finish training and take 8m
