Namespace(log_name='./result/tfix/1/random3_codet5p_770m.log', model_name='Salesforce/codet5p-770m', lang='javascript', output_dir='result/tfix/1/random3_codet5p_770m', data_dir='./data/tfix/1', no_cuda=False, visible_gpu='0', num_train_epochs=10, num_test_epochs=1, train_batch_size=4, eval_batch_size=4, gradient_accumulation_steps=1, load_model_path=None, config_name='', tokenizer_name='', max_source_length=512, max_target_length=512, warm_up_ratio=0.1, do_train=True, do_eval=True, do_test=True, freeze=False, learning_rate=5e-05, beam_size=10, weight_decay=0.0, adam_epsilon=1e-08, local_rank=-1, seed=42, early_stop_threshold=3)
Process rank: -1, device: cuda, n_gpu: 1, distributed training: False
Model created!!
[[{'text': 'Fix', 'loss_ids': 0, 'shortenable_ids': 0}, {'text': " }             console.log('retry');             return setTimeout(function() {               return exports.stopReplication(newdoc, callback, options);", 'loss_ids': 0, 'shortenable_ids': 1}, {'text': 'fixed program is', 'loss_ids': 0, 'shortenable_ids': 0}, {'text': '<mask>', 'loss_ids': 1, 'shortenable_ids': 0}], {'guid': 0, 'tgt_text': '}             setTimeout(function() {               return exports.stopReplication(newdoc, callback, options);'}]
***** Running training *****
  Num examples = 816
  Batch size = 4
  Num epoch = 10

***** Running evaluation *****
  Num examples = 104
  Batch size = 4
  epoch = 0
  eval_ppl = inf
  global_step = 205
  train_loss = 16.3989
  ********************
Previous best ppl:inf
Achieve Best ppl:inf
  ********************
BLEU file: ./data/tfix/1/validation.jsonl
  codebleu-4 = 62.62 	 Previous best codebleu 0
  ********************
 Achieve Best bleu:62.62
  ********************

***** Running evaluation *****
  Num examples = 104
  Batch size = 4
  epoch = 1
  eval_ppl = inf
  global_step = 409
  train_loss = 8.5821
  ********************
Previous best ppl:inf
BLEU file: ./data/tfix/1/validation.jsonl
  codebleu-4 = 63.15 	 Previous best codebleu 62.62
  ********************
 Achieve Best bleu:63.15
  ********************

***** Running evaluation *****
  Num examples = 104
  Batch size = 4
  epoch = 2
  eval_ppl = inf
  global_step = 613
  train_loss = 4.1198
  ********************
Previous best ppl:inf
BLEU file: ./data/tfix/1/validation.jsonl
  codebleu-4 = 63.87 	 Previous best codebleu 63.15
  ********************
 Achieve Best bleu:63.87
  ********************

***** Running evaluation *****
  Num examples = 104
  Batch size = 4
  epoch = 3
  eval_ppl = inf
  global_step = 817
  train_loss = 2.3716
  ********************
Previous best ppl:inf
BLEU file: ./data/tfix/1/validation.jsonl
  codebleu-4 = 61.85 	 Previous best codebleu 63.87
  ********************

***** Running evaluation *****
  Num examples = 104
  Batch size = 4
  epoch = 4
  eval_ppl = inf
  global_step = 1021
  train_loss = 1.2311
  ********************
Previous best ppl:inf
BLEU file: ./data/tfix/1/validation.jsonl
  codebleu-4 = 64.47 	 Previous best codebleu 63.87
  ********************
 Achieve Best bleu:64.47
  ********************

***** Running evaluation *****
  Num examples = 104
  Batch size = 4
  epoch = 5
  eval_ppl = inf
  global_step = 1225
  train_loss = 0.7087
  ********************
Previous best ppl:inf
BLEU file: ./data/tfix/1/validation.jsonl
  codebleu-4 = 65.45 	 Previous best codebleu 64.47
  ********************
 Achieve Best bleu:65.45
  ********************

***** Running evaluation *****
  Num examples = 104
  Batch size = 4
  epoch = 6
  eval_ppl = inf
  global_step = 1429
  train_loss = 0.4685
  ********************
Previous best ppl:inf
BLEU file: ./data/tfix/1/validation.jsonl
  codebleu-4 = 65.08 	 Previous best codebleu 65.45
  ********************

***** Running evaluation *****
  Num examples = 104
  Batch size = 4
  epoch = 7
  eval_ppl = inf
  global_step = 1633
  train_loss = 0.2556
  ********************
Previous best ppl:inf
BLEU file: ./data/tfix/1/validation.jsonl
  codebleu-4 = 64.72 	 Previous best codebleu 65.45
  ********************

***** Running evaluation *****
  Num examples = 104
  Batch size = 4
  epoch = 8
  eval_ppl = inf
  global_step = 1837
  train_loss = 0.1537
  ********************
Previous best ppl:inf
BLEU file: ./data/tfix/1/validation.jsonl
  codebleu-4 = 65.1 	 Previous best codebleu 65.45
  ********************
early stopping!!!
reload model from result/tfix/1/random3_codet5p_770m/checkpoint-best-bleu
BLEU file: ./data/tfix/1/test.jsonl
  codebleu = 61.92 
  Total = 102 
  Exact Fixed = 19 
[10, 14, 18, 31, 38, 48, 51, 58, 61, 63, 71, 73, 74, 87, 88, 94, 96, 98, 99]
  Syntax Fixed = 1 
[21]
  Cleaned Fixed = 0 
[]
  ********************
  Total = 102 
  Exact Fixed = 19 
[10, 14, 18, 31, 38, 48, 51, 58, 61, 63, 71, 73, 74, 87, 88, 94, 96, 98, 99]
  Syntax Fixed = 1 
[21]
  Cleaned Fixed = 0 
[]
  codebleu = 61.92 
[0.6629789808279482, 0.5190854538169563, 0.7004836662820749, 0.15189466770624754, 0.2553082743436026, 0.2642742735155721, 0.3226968889437066, 0.14303849388211864, 0.21100892280323053, 1.0, 0.3468834488862323, 0.2420128528564776, 0.8717541569588265, 1.0, 0.8135156937118506, 0.7484889150381644, 0.39675296426202156, 1.0, 0.5865265109839976, 0.1197295992821687, 0.7026136760976884, 0.28178507258525926, 0.6992466384018345, 0.6340338824725971, 0.6887796716807859, 0.6760988306532816, 0.6475259120949215, 0.45797584845834727, 0.570765580121347, 0.8206847188488577, 1.0, 0.8191441569283882, 0.7945104051684668, 0.6579452435980097, 0.593077966208089, 0.5634793392274073, 0.6353031368082721, 0.8249365300761395, 0.19604350080247962, 0.8946995933494386, 0.4574162151772749, 0.2067757358197851, 0.6661762859011315, 0.6632483116950204, 0.5879941066816083, 0.9304951198480196, 0.8519671371303186, 1.0, 0.23594700943102181, 0.04535576197454044, 1.0, 0.6157132877459149, 0.3739620910930766, 0.5122386000562149, 0.25558314725722453, 0.6957460976726255, 0.7486220455892145, 1.0, 0.6322779524395602, 0.6164246974352374, 1.0, 0.45485925246062353, 1.0, 0.6438231263082419, 0.6863884298635612, 0.9030431039697613, 0.6826211484322393, 0.8536186510818744, 0.5418035126585234, 0.7990624648102627, 1.0, 0.20376503858638684, 1.0, 1.0, 0.23683637774429345, 0.5479955727207041, 0.5624691290169025, 0.44432121517125955, 0.7753505981191169, 0.42956336497580716, 0.6236663076766358, 0.4961054545521633, 0.1726076513306138, 0.514297617187952, 0.6002003221506513, 0.4356258328835842, 1.0, 1.0, 0.0, 0.5226201535422986, 0.7016265496309229, 0.32429671174355323, 0.8339326133501213, 1.0, 0.3674344272962433, 1.0, 0.43605468697269356, 1.0, 0.8454524645283339, 0.5647785789898024, 0.6131514484854981, 0.7308647096337427]
Finish training and take 25m
