Namespace(log_name='./result/tfix/1/random9_codet5p_220m.log', model_name='Salesforce/codet5p-220m', lang='javascript', output_dir='result/tfix/1/random9_codet5p_220m', data_dir='./data/tfix/1', no_cuda=False, visible_gpu='0', num_train_epochs=10, num_test_epochs=1, train_batch_size=4, eval_batch_size=4, gradient_accumulation_steps=1, load_model_path=None, config_name='', tokenizer_name='', max_source_length=512, max_target_length=512, warm_up_ratio=0.1, do_train=True, do_eval=True, do_test=True, freeze=False, learning_rate=5e-05, beam_size=10, weight_decay=0.0, adam_epsilon=1e-08, local_rank=-1, seed=42, early_stop_threshold=3)
Process rank: -1, device: cuda, n_gpu: 1, distributed training: False
Model created!!
[[{'text': 'Please fix a buggy program', 'loss_ids': 0, 'shortenable_ids': 0}, {'text': " }             console.log('retry');             return setTimeout(function() {               return exports.stopReplication(newdoc, callback, options);", 'loss_ids': 0, 'shortenable_ids': 1}, {'text': 'the bug type is', 'loss_ids': 0, 'shortenable_ids': 0}, {'text': ' no-console', 'loss_ids': 0, 'shortenable_ids': 0}, {'text': '.', 'loss_ids': 0, 'shortenable_ids': 0}, {'text': 'by taking repair actions', 'loss_ids': 0, 'shortenable_ids': 0}, {'text': ' Unexpected console statement.', 'loss_ids': 0, 'shortenable_ids': 0}, {'text': '<mask>', 'loss_ids': 1, 'shortenable_ids': 0}, {'text': 'is the fixed version', 'loss_ids': 0, 'shortenable_ids': 0}], {'guid': 0, 'tgt_text': '}             setTimeout(function() {               return exports.stopReplication(newdoc, callback, options);'}]
***** Running training *****
  Num examples = 816
  Batch size = 4
  Num epoch = 10

***** Running evaluation *****
  Num examples = 104
  Batch size = 4
  epoch = 0
  eval_ppl = inf
  global_step = 205
  train_loss = 17.7707
  ********************
Previous best ppl:inf
Achieve Best ppl:inf
  ********************
BLEU file: ./data/tfix/1/validation.jsonl
  codebleu-4 = 61.03 	 Previous best codebleu 0
  ********************
 Achieve Best bleu:61.03
  ********************

***** Running evaluation *****
  Num examples = 104
  Batch size = 4
  epoch = 1
  eval_ppl = inf
  global_step = 409
  train_loss = 10.0064
  ********************
Previous best ppl:inf
BLEU file: ./data/tfix/1/validation.jsonl
  codebleu-4 = 62.48 	 Previous best codebleu 61.03
  ********************
 Achieve Best bleu:62.48
  ********************

***** Running evaluation *****
  Num examples = 104
  Batch size = 4
  epoch = 2
  eval_ppl = inf
  global_step = 613
  train_loss = 5.9615
  ********************
Previous best ppl:inf
BLEU file: ./data/tfix/1/validation.jsonl
  codebleu-4 = 63.4 	 Previous best codebleu 62.48
  ********************
 Achieve Best bleu:63.4
  ********************

***** Running evaluation *****
  Num examples = 104
  Batch size = 4
  epoch = 3
  eval_ppl = inf
  global_step = 817
  train_loss = 3.553
  ********************
Previous best ppl:inf
BLEU file: ./data/tfix/1/validation.jsonl
  codebleu-4 = 64.5 	 Previous best codebleu 63.4
  ********************
 Achieve Best bleu:64.5
  ********************

***** Running evaluation *****
  Num examples = 104
  Batch size = 4
  epoch = 4
  eval_ppl = inf
  global_step = 1021
  train_loss = 2.0728
  ********************
Previous best ppl:inf
BLEU file: ./data/tfix/1/validation.jsonl
  codebleu-4 = 65.07 	 Previous best codebleu 64.5
  ********************
 Achieve Best bleu:65.07
  ********************

***** Running evaluation *****
  Num examples = 104
  Batch size = 4
  epoch = 5
  eval_ppl = inf
  global_step = 1225
  train_loss = 1.2317
  ********************
Previous best ppl:inf
BLEU file: ./data/tfix/1/validation.jsonl
  codebleu-4 = 65.49 	 Previous best codebleu 65.07
  ********************
 Achieve Best bleu:65.49
  ********************

***** Running evaluation *****
  Num examples = 104
  Batch size = 4
  epoch = 6
  eval_ppl = inf
  global_step = 1429
  train_loss = 0.8544
  ********************
Previous best ppl:inf
BLEU file: ./data/tfix/1/validation.jsonl
  codebleu-4 = 66.13 	 Previous best codebleu 65.49
  ********************
 Achieve Best bleu:66.13
  ********************

***** Running evaluation *****
  Num examples = 104
  Batch size = 4
  epoch = 7
  eval_ppl = inf
  global_step = 1633
  train_loss = 0.6144
  ********************
Previous best ppl:inf
BLEU file: ./data/tfix/1/validation.jsonl
  codebleu-4 = 66.42 	 Previous best codebleu 66.13
  ********************
 Achieve Best bleu:66.42
  ********************

***** Running evaluation *****
  Num examples = 104
  Batch size = 4
  epoch = 8
  eval_ppl = inf
  global_step = 1837
  train_loss = 0.4545
  ********************
Previous best ppl:inf
BLEU file: ./data/tfix/1/validation.jsonl
  codebleu-4 = 66.0 	 Previous best codebleu 66.42
  ********************

***** Running evaluation *****
  Num examples = 104
  Batch size = 4
  epoch = 9
  eval_ppl = inf
  global_step = 2041
  train_loss = 0.3476
  ********************
Previous best ppl:inf
BLEU file: ./data/tfix/1/validation.jsonl
  codebleu-4 = 65.61 	 Previous best codebleu 66.42
  ********************
reload model from result/tfix/1/random9_codet5p_220m/checkpoint-best-bleu
BLEU file: ./data/tfix/1/test.jsonl
  codebleu = 62.5 
  Total = 102 
  Exact Fixed = 23 
[1, 10, 13, 18, 22, 26, 31, 35, 48, 49, 51, 60, 61, 71, 73, 77, 87, 88, 91, 94, 96, 99, 101]
  Syntax Fixed = 1 
[21]
  Cleaned Fixed = 0 
[]
  ********************
  Total = 102 
  Exact Fixed = 23 
[1, 10, 13, 18, 22, 26, 31, 35, 48, 49, 51, 60, 61, 71, 73, 77, 87, 88, 91, 94, 96, 99, 101]
  Syntax Fixed = 1 
[21]
  Cleaned Fixed = 0 
[]
  codebleu = 62.5 
[1.0, 0.5190854538169563, 0.7004836662820749, 0.15189466770624754, 0.2553082743436026, 0.2642742735155721, 0.29475535030961264, 0.10100550846996653, 0.21100892280323053, 1.0, 0.3468834488862323, 0.2420128528564776, 1.0, 0.7939024427877673, 0.5735168884808399, 0.7484889150381644, 0.39675296426202156, 1.0, 0.44188182488281347, 0.09058267573293428, 0.7026136760976884, 0.8114529051148651, 0.8600057888291379, 0.6340338824725971, 0.6887796716807859, 1.0, 0.6475259120949215, 0.45797584845834727, 0.570765580121347, 0.8206847188488577, 1.0, 0.6337131054697118, 0.7945104051684668, 0.5788165823610487, 1.0, 0.5634793392274073, 0.17985270659092473, 0.18304611372110685, 0.19604350080247962, 0.8946995933494386, 0.46021721772760293, 0.19021319125983077, 0.9260406910477721, 0.6632483116950204, 0.5879941066816083, 0.9495565333799167, 0.8519671371303186, 1.0, 1.0, 0.04535576197454044, 1.0, 0.6157132877459149, 0.3739620910930766, 0.48492549020055464, 0.35079151194213914, 0.6957460976726255, 0.5571742632727743, 0.6530550965302279, 0.6322779524395602, 1.0, 1.0, 0.45485925246062353, 0.6812368942354099, 0.6438231263082419, 0.6530550965302279, 0.9030431039697613, 0.6826211484322393, 0.8536186510818744, 0.5418035126585234, 0.6394217885492623, 1.0, 0.20376503858638684, 1.0, 0.899419465863101, 0.23683637774429345, 0.5164329076215759, 1.0, 0.44432121517125955, 0.7753505981191169, 0.42956336497580716, 0.5726924095283796, 0.4961054545521633, 0.1726076513306138, 0.5506612535515883, 0.46450187841569407, 0.4356258328835842, 1.0, 1.0, 0.0, 0.5226201535422986, 1.0, 0.32429671174355323, 0.8339326133501213, 1.0, 0.3674344272962433, 1.0, 0.43605468697269356, 0.6241223232336472, 0.8454524645283339, 0.552096516758575, 1.0, 0.6013906561105834]
Finish training and take 10m
