Namespace(log_name='./result/tfix/1/random7_codet5p_770m.log', model_name='Salesforce/codet5p-770m', lang='javascript', output_dir='result/tfix/1/random7_codet5p_770m', data_dir='./data/tfix/1', no_cuda=False, visible_gpu='0', num_train_epochs=10, num_test_epochs=1, train_batch_size=4, eval_batch_size=4, gradient_accumulation_steps=1, load_model_path=None, config_name='', tokenizer_name='', max_source_length=512, max_target_length=512, warm_up_ratio=0.1, do_train=True, do_eval=True, do_test=True, freeze=False, learning_rate=5e-05, beam_size=10, weight_decay=0.0, adam_epsilon=1e-08, local_rank=-1, seed=42, early_stop_threshold=3)
Process rank: -1, device: cuda, n_gpu: 1, distributed training: False
Model created!!
[[{'text': 'Please fix a buggy program', 'loss_ids': 0, 'shortenable_ids': 0}, {'text': " }             console.log('retry');             return setTimeout(function() {               return exports.stopReplication(newdoc, callback, options);", 'loss_ids': 0, 'shortenable_ids': 1}, {'text': 'the bug type is', 'loss_ids': 0, 'shortenable_ids': 0}, {'text': ' no-console', 'loss_ids': 0, 'shortenable_ids': 0}, {'text': '.', 'loss_ids': 0, 'shortenable_ids': 0}, {'text': '<mask>', 'loss_ids': 1, 'shortenable_ids': 0}, {'text': 'is the fixed version', 'loss_ids': 0, 'shortenable_ids': 0}], {'guid': 0, 'tgt_text': '}             setTimeout(function() {               return exports.stopReplication(newdoc, callback, options);'}]
***** Running training *****
  Num examples = 816
  Batch size = 4
  Num epoch = 10

***** Running evaluation *****
  Num examples = 104
  Batch size = 4
  epoch = 0
  eval_ppl = inf
  global_step = 205
  train_loss = 16.2321
  ********************
Previous best ppl:inf
Achieve Best ppl:inf
  ********************
BLEU file: ./data/tfix/1/validation.jsonl
  codebleu-4 = 57.68 	 Previous best codebleu 0
  ********************
 Achieve Best bleu:57.68
  ********************

***** Running evaluation *****
  Num examples = 104
  Batch size = 4
  epoch = 1
  eval_ppl = inf
  global_step = 409
  train_loss = 8.8994
  ********************
Previous best ppl:inf
BLEU file: ./data/tfix/1/validation.jsonl
  codebleu-4 = 62.03 	 Previous best codebleu 57.68
  ********************
 Achieve Best bleu:62.03
  ********************

***** Running evaluation *****
  Num examples = 104
  Batch size = 4
  epoch = 2
  eval_ppl = inf
  global_step = 613
  train_loss = 4.0402
  ********************
Previous best ppl:inf
BLEU file: ./data/tfix/1/validation.jsonl
  codebleu-4 = 64.02 	 Previous best codebleu 62.03
  ********************
 Achieve Best bleu:64.02
  ********************

***** Running evaluation *****
  Num examples = 104
  Batch size = 4
  epoch = 3
  eval_ppl = inf
  global_step = 817
  train_loss = 2.012
  ********************
Previous best ppl:inf
BLEU file: ./data/tfix/1/validation.jsonl
  codebleu-4 = 64.26 	 Previous best codebleu 64.02
  ********************
 Achieve Best bleu:64.26
  ********************

***** Running evaluation *****
  Num examples = 104
  Batch size = 4
  epoch = 4
  eval_ppl = inf
  global_step = 1021
  train_loss = 1.2131
  ********************
Previous best ppl:inf
BLEU file: ./data/tfix/1/validation.jsonl
  codebleu-4 = 63.73 	 Previous best codebleu 64.26
  ********************

***** Running evaluation *****
  Num examples = 104
  Batch size = 4
  epoch = 5
  eval_ppl = inf
  global_step = 1225
  train_loss = 0.6433
  ********************
Previous best ppl:inf
BLEU file: ./data/tfix/1/validation.jsonl
  codebleu-4 = 64.61 	 Previous best codebleu 64.26
  ********************
 Achieve Best bleu:64.61
  ********************

***** Running evaluation *****
  Num examples = 104
  Batch size = 4
  epoch = 6
  eval_ppl = inf
  global_step = 1429
  train_loss = 0.5339
  ********************
Previous best ppl:inf
BLEU file: ./data/tfix/1/validation.jsonl
  codebleu-4 = 64.15 	 Previous best codebleu 64.61
  ********************

***** Running evaluation *****
  Num examples = 104
  Batch size = 4
  epoch = 7
  eval_ppl = inf
  global_step = 1633
  train_loss = 0.2078
  ********************
Previous best ppl:inf
BLEU file: ./data/tfix/1/validation.jsonl
  codebleu-4 = 65.31 	 Previous best codebleu 64.61
  ********************
 Achieve Best bleu:65.31
  ********************

***** Running evaluation *****
  Num examples = 104
  Batch size = 4
  epoch = 8
  eval_ppl = inf
  global_step = 1837
  train_loss = 0.1229
  ********************
Previous best ppl:inf
BLEU file: ./data/tfix/1/validation.jsonl
  codebleu-4 = 65.42 	 Previous best codebleu 65.31
  ********************
 Achieve Best bleu:65.42
  ********************

***** Running evaluation *****
  Num examples = 104
  Batch size = 4
  epoch = 9
  eval_ppl = inf
  global_step = 2041
  train_loss = 0.1097
  ********************
Previous best ppl:inf
BLEU file: ./data/tfix/1/validation.jsonl
  codebleu-4 = 65.39 	 Previous best codebleu 65.42
  ********************
reload model from result/tfix/1/random7_codet5p_770m/checkpoint-best-bleu
BLEU file: ./data/tfix/1/test.jsonl
  codebleu = 63.44 
  Total = 102 
  Exact Fixed = 22 
[10, 13, 15, 18, 31, 38, 48, 49, 50, 51, 58, 60, 61, 71, 74, 87, 88, 91, 94, 96, 98, 101]
  Syntax Fixed = 3 
[1, 21, 65]
  Cleaned Fixed = 0 
[]
  ********************
  Total = 102 
  Exact Fixed = 22 
[10, 13, 15, 18, 31, 38, 48, 49, 50, 51, 58, 60, 61, 71, 74, 87, 88, 91, 94, 96, 98, 101]
  Syntax Fixed = 3 
[1, 21, 65]
  Cleaned Fixed = 0 
[]
  codebleu = 63.44 
[0.8325722947872878, 0.7616839041624256, 0.7004836662820749, 0.15189466770624754, 0.06666666666666667, 0.2642742735155721, 0.636298418742067, 0.10100550846996653, 0.22456259762219288, 1.0, 0.3468834488862323, 0.2420128528564776, 1.0, 0.7939024427877673, 1.0, 0.7484889150381644, 0.39675296426202156, 1.0, 0.5865265109839976, 0.08722959928216871, 0.7026136760976884, 0.28178507258525926, 0.5775720906730404, 0.8576705057568643, 0.6887796716807859, 0.7923141985918629, 0.5592906179772744, 0.45797584845834727, 0.570765580121347, 0.8206847188488577, 1.0, 0.8191441569283882, 0.7945104051684668, 0.4950124586800488, 0.23811236520025386, 0.5634793392274073, 0.6353031368082721, 0.8249365300761395, 0.19604350080247962, 0.8946995933494386, 0.46021721772760293, 0.2067757358197851, 0.9260406910477721, 0.6632483116950204, 0.5879941066816083, 0.9304951198480196, 0.8519671371303186, 1.0, 1.0, 0.7135428903906851, 1.0, 0.6157132877459149, 0.3739620910930766, 0.48492549020055464, 0.35079151194213914, 0.6957460976726255, 0.7486220455892145, 1.0, 0.6322779524395602, 1.0, 1.0, 0.45485925246062353, 0.70282341775094, 0.6438231263082419, 0.8206847188488577, 0.9030431039697613, 0.7201190716494728, 0.8536186510818744, 0.5418035126585234, 0.6394217885492623, 1.0, 0.20376503858638684, 0.6172706589844645, 1.0, 0.23683637774429345, 0.5164329076215759, 0.5624691290169025, 0.5583139646397308, 0.7753505981191169, 0.42956336497580716, 0.6236663076766358, 0.38179922752414186, 0.1726076513306138, 0.4272632052291402, 0.7302007404183433, 0.4356258328835842, 1.0, 0.6922382617563554, 0.0, 0.3726201535422986, 1.0, 0.32429671174355323, 0.8339326133501213, 1.0, 0.3674344272962433, 1.0, 0.43605468697269356, 1.0, 0.5677144345980492, 0.477096516758575, 1.0, 0.7308647096337427]
Finish training and take 30m
