Namespace(log_name='./tfix/1/soft3_codet5p_770m.log', model_name='Salesforce/codet5p-770m', lang='javascript', output_dir='tfix/1/soft3_codet5p_770m', data_dir='./data/tfix/1', no_cuda=False, visible_gpu='0', num_train_epochs=10, num_test_epochs=1, train_batch_size=6, eval_batch_size=4, gradient_accumulation_steps=1, load_model_path=None, config_name='', tokenizer_name='', max_source_length=512, max_target_length=512, warm_up_ratio=0.1, do_train=True, do_eval=True, do_test=True, freeze=False, learning_rate=5e-05, beam_size=10, weight_decay=0.0, adam_epsilon=1e-08, local_rank=-1, seed=42, early_stop_threshold=3)
Process rank: -1, device: cuda, n_gpu: 1, distributed training: False
Model created!!
[[{'text': 'Fix', 'loss_ids': 0, 'shortenable_ids': 0}, {'text': " }             console.log('retry');             return setTimeout(function() {               return exports.stopReplication(newdoc, callback, options);", 'loss_ids': 0, 'shortenable_ids': 1}, {'text': 'fixed program is', 'loss_ids': 0, 'shortenable_ids': 0}, {'text': '<mask>', 'loss_ids': 1, 'shortenable_ids': 0}], {'guid': 0, 'tgt_text': '}             setTimeout(function() {               return exports.stopReplication(newdoc, callback, options);'}]
***** Running training *****
  Num examples = 816
  Batch size = 6
  Num epoch = 10

***** Running evaluation *****
  Num examples = 104
  Batch size = 4
  epoch = 0
  eval_ppl = inf
  global_step = 137
  train_loss = 16.3892
  ********************
Previous best ppl:inf
Achieve Best ppl:inf
  ********************
BLEU file: ./data/tfix/1/validation.jsonl
  codebleu-4 = 61.19 	 Previous best codebleu 0
  ********************
 Achieve Best bleu:61.19
  ********************

***** Running evaluation *****
  Num examples = 104
  Batch size = 4
  epoch = 1
  eval_ppl = inf
  global_step = 273
  train_loss = 8.7826
  ********************
Previous best ppl:inf
Achieve Best ppl:inf
  ********************
BLEU file: ./data/tfix/1/validation.jsonl
  codebleu-4 = 64.33 	 Previous best codebleu 61.19
  ********************
 Achieve Best bleu:64.33
  ********************

***** Running evaluation *****
  Num examples = 104
  Batch size = 4
  epoch = 2
  eval_ppl = 4.5319777168221416e+297
  global_step = 409
  train_loss = 4.3031
  ********************
Previous best ppl:inf
Achieve Best ppl:4.5319777168221416e+297
  ********************
BLEU file: ./data/tfix/1/validation.jsonl
  codebleu-4 = 62.91 	 Previous best codebleu 64.33
  ********************

***** Running evaluation *****
  Num examples = 104
  Batch size = 4
  epoch = 3
  eval_ppl = inf
  global_step = 545
  train_loss = 2.1982
  ********************
Previous best ppl:4.5319777168221416e+297
BLEU file: ./data/tfix/1/validation.jsonl
  codebleu-4 = 64.52 	 Previous best codebleu 64.33
  ********************
 Achieve Best bleu:64.52
  ********************

***** Running evaluation *****
  Num examples = 104
  Batch size = 4
  epoch = 4
  eval_ppl = inf
  global_step = 681
  train_loss = 1.1586
  ********************
Previous best ppl:4.5319777168221416e+297
BLEU file: ./data/tfix/1/validation.jsonl
  codebleu-4 = 63.8 	 Previous best codebleu 64.52
  ********************

***** Running evaluation *****
  Num examples = 104
  Batch size = 4
  epoch = 5
  eval_ppl = inf
  global_step = 817
  train_loss = 0.7043
  ********************
Previous best ppl:4.5319777168221416e+297
BLEU file: ./data/tfix/1/validation.jsonl
  codebleu-4 = 64.54 	 Previous best codebleu 64.52
  ********************
 Achieve Best bleu:64.54
  ********************

***** Running evaluation *****
  Num examples = 104
  Batch size = 4
  epoch = 6
  eval_ppl = inf
  global_step = 953
  train_loss = 0.4764
  ********************
Previous best ppl:4.5319777168221416e+297
BLEU file: ./data/tfix/1/validation.jsonl
  codebleu-4 = 65.69 	 Previous best codebleu 64.54
  ********************
 Achieve Best bleu:65.69
  ********************

***** Running evaluation *****
  Num examples = 104
  Batch size = 4
  epoch = 7
  eval_ppl = inf
  global_step = 1089
  train_loss = 0.2605
  ********************
Previous best ppl:4.5319777168221416e+297
BLEU file: ./data/tfix/1/validation.jsonl
  codebleu-4 = 65.6 	 Previous best codebleu 65.69
  ********************

***** Running evaluation *****
  Num examples = 104
  Batch size = 4
  epoch = 8
  eval_ppl = inf
  global_step = 1225
  train_loss = 0.1635
  ********************
Previous best ppl:4.5319777168221416e+297
BLEU file: ./data/tfix/1/validation.jsonl
  codebleu-4 = 64.96 	 Previous best codebleu 65.69
  ********************

***** Running evaluation *****
  Num examples = 104
  Batch size = 4
  epoch = 9
  eval_ppl = inf
  global_step = 1361
  train_loss = 0.1198
  ********************
Previous best ppl:4.5319777168221416e+297
BLEU file: ./data/tfix/1/validation.jsonl
  codebleu-4 = 65.01 	 Previous best codebleu 65.69
  ********************
early stopping!!!
reload model from tfix/1/soft3_codet5p_770m/checkpoint-best-bleu
BLEU file: ./data/tfix/1/test.jsonl
  codebleu = 62.06 
  Total = 102 
  Exact Fixed = 19 
[10, 13, 18, 31, 48, 49, 51, 58, 61, 65, 71, 80, 81, 87, 91, 94, 96, 98, 101]
  Syntax Fixed = 2 
[1, 21]
  Cleaned Fixed = 0 
[]
  ********************
  Total = 102 
  Exact Fixed = 19 
[10, 13, 18, 31, 48, 49, 51, 58, 61, 65, 71, 80, 81, 87, 91, 94, 96, 98, 101]
  Syntax Fixed = 2 
[1, 21]
  Cleaned Fixed = 0 
[]
  codebleu = 62.06 
[0.8325722947872878, 0.5190854538169563, 0.7004836662820749, 0.15189466770624754, 0.29080814539619515, 0.2642742735155721, 0.17819473053998586, 0.10100550846996653, 0.21100892280323053, 1.0, 0.3468834488862323, 0.2420128528564776, 1.0, 0.7939024427877673, 0.8135156937118506, 0.7484889150381644, 0.39675296426202156, 1.0, 0.5865265109839976, 0.11058267573293427, 0.7026136760976884, 0.28178507258525926, 0.8445506565039518, 0.8576705057568643, 0.6887796716807859, 0.7421377151388884, 0.26762376045876557, 0.45797584845834727, 0.570765580121347, 0.8853031368082722, 1.0, 0.6337131054697118, 0.7945104051684668, 0.5865277876997441, 0.30161304378995174, 0.5634793392274073, 0.6353031368082721, 0.18304611372110685, 0.19604350080247962, 0.8503737191458391, 0.46021721772760293, 0.2067757358197851, 0.9260406910477721, 0.6632483116950204, 0.5879941066816083, 0.9495565333799167, 0.8519671371303186, 1.0, 1.0, 0.04535576197454044, 1.0, 0.6157132877459149, 0.3739620910930766, 0.48492549020055464, 0.35079151194213914, 0.6957460976726255, 0.7486220455892145, 1.0, 0.6679783858090633, 0.7124468865008063, 1.0, 0.48275522335035304, 0.6812368942354099, 0.6438231263082419, 1.0, 0.9030431039697613, 0.6826211484322393, 0.8536186510818744, 0.5418035126585234, 0.7990624648102627, 1.0, 0.20376503858638684, 0.375358533891411, 0.8873946414934641, 0.23683637774429345, 0.5164329076215759, 0.5351964017441753, 0.5583139646397308, 0.7753505981191169, 0.9891483218006352, 1.0, 0.4961054545521633, 0.1726076513306138, 0.5506612535515883, 0.7302007404183433, 0.4356258328835842, 1.0, 0.11582292438020222, 0.0, 0.3726201535422986, 1.0, 0.32429671174355323, 0.8339326133501213, 1.0, 0.5696461788443421, 1.0, 0.43605468697269356, 1.0, 0.6334583736266683, 0.5647785789898024, 1.0, 0.7308647096337427]
Finish training and take 42m
