Namespace(log_name='./tfix/1/soft5_codet5p_770m.log', model_name='Salesforce/codet5p-770m', lang='javascript', output_dir='tfix/1/soft5_codet5p_770m', data_dir='./data/tfix/1', no_cuda=False, visible_gpu='0', num_train_epochs=10, num_test_epochs=1, train_batch_size=6, eval_batch_size=4, gradient_accumulation_steps=1, load_model_path=None, config_name='', tokenizer_name='', max_source_length=512, max_target_length=512, warm_up_ratio=0.1, do_train=True, do_eval=True, do_test=True, freeze=False, learning_rate=5e-05, beam_size=10, weight_decay=0.0, adam_epsilon=1e-08, local_rank=-1, seed=42, early_stop_threshold=3)
Process rank: -1, device: cuda, n_gpu: 1, distributed training: False
Model created!!
[[{'text': "}             console.log('retry');             return setTimeout(function() {               return exports.stopReplication(newdoc, callback, options);", 'loss_ids': 0, 'shortenable_ids': 1}, {'text': 'is buggy program', 'loss_ids': 0, 'shortenable_ids': 0}, {'text': '<mask>', 'loss_ids': 1, 'shortenable_ids': 0}, {'text': 'is fixed program', 'loss_ids': 0, 'shortenable_ids': 0}], {'guid': 0, 'tgt_text': '}             setTimeout(function() {               return exports.stopReplication(newdoc, callback, options);'}]
***** Running training *****
  Num examples = 816
  Batch size = 6
  Num epoch = 10

***** Running evaluation *****
  Num examples = 104
  Batch size = 4
  epoch = 0
  eval_ppl = inf
  global_step = 137
  train_loss = 17.1004
  ********************
Previous best ppl:inf
Achieve Best ppl:inf
  ********************
BLEU file: ./data/tfix/1/validation.jsonl
  codebleu-4 = 61.25 	 Previous best codebleu 0
  ********************
 Achieve Best bleu:61.25
  ********************

***** Running evaluation *****
  Num examples = 104
  Batch size = 4
  epoch = 1
  eval_ppl = inf
  global_step = 273
  train_loss = 8.1126
  ********************
Previous best ppl:inf
Achieve Best ppl:inf
  ********************
BLEU file: ./data/tfix/1/validation.jsonl
  codebleu-4 = 63.81 	 Previous best codebleu 61.25
  ********************
 Achieve Best bleu:63.81
  ********************

***** Running evaluation *****
  Num examples = 104
  Batch size = 4
  epoch = 2
  eval_ppl = inf
  global_step = 409
  train_loss = 3.995
  ********************
Previous best ppl:inf
Achieve Best ppl:inf
  ********************
BLEU file: ./data/tfix/1/validation.jsonl
  codebleu-4 = 63.7 	 Previous best codebleu 63.81
  ********************

***** Running evaluation *****
  Num examples = 104
  Batch size = 4
  epoch = 3
  eval_ppl = inf
  global_step = 545
  train_loss = 2.0712
  ********************
Previous best ppl:inf
BLEU file: ./data/tfix/1/validation.jsonl
  codebleu-4 = 63.91 	 Previous best codebleu 63.81
  ********************
 Achieve Best bleu:63.91
  ********************

***** Running evaluation *****
  Num examples = 104
  Batch size = 4
  epoch = 4
  eval_ppl = inf
  global_step = 681
  train_loss = 1.2053
  ********************
Previous best ppl:inf
BLEU file: ./data/tfix/1/validation.jsonl
  codebleu-4 = 65.33 	 Previous best codebleu 63.91
  ********************
 Achieve Best bleu:65.33
  ********************

***** Running evaluation *****
  Num examples = 104
  Batch size = 4
  epoch = 5
  eval_ppl = inf
  global_step = 817
  train_loss = 0.6963
  ********************
Previous best ppl:inf
BLEU file: ./data/tfix/1/validation.jsonl
  codebleu-4 = 64.46 	 Previous best codebleu 65.33
  ********************

***** Running evaluation *****
  Num examples = 104
  Batch size = 4
  epoch = 6
  eval_ppl = inf
  global_step = 953
  train_loss = 0.3667
  ********************
Previous best ppl:inf
BLEU file: ./data/tfix/1/validation.jsonl
  codebleu-4 = 65.32 	 Previous best codebleu 65.33
  ********************

***** Running evaluation *****
  Num examples = 104
  Batch size = 4
  epoch = 7
  eval_ppl = inf
  global_step = 1089
  train_loss = 0.175
  ********************
Previous best ppl:inf
BLEU file: ./data/tfix/1/validation.jsonl
  codebleu-4 = 65.57 	 Previous best codebleu 65.33
  ********************
 Achieve Best bleu:65.57
  ********************

***** Running evaluation *****
  Num examples = 104
  Batch size = 4
  epoch = 8
  eval_ppl = inf
  global_step = 1225
  train_loss = 0.1339
  ********************
Previous best ppl:inf
BLEU file: ./data/tfix/1/validation.jsonl
  codebleu-4 = 65.54 	 Previous best codebleu 65.57
  ********************

***** Running evaluation *****
  Num examples = 104
  Batch size = 4
  epoch = 9
  eval_ppl = inf
  global_step = 1361
  train_loss = 0.1165
  ********************
Previous best ppl:inf
BLEU file: ./data/tfix/1/validation.jsonl
  codebleu-4 = 65.31 	 Previous best codebleu 65.57
  ********************
reload model from tfix/1/soft5_codet5p_770m/checkpoint-best-bleu
BLEU file: ./data/tfix/1/test.jsonl
  codebleu = 60.52 
  Total = 102 
  Exact Fixed = 19 
[13, 15, 18, 31, 38, 48, 51, 58, 61, 63, 71, 74, 87, 91, 94, 96, 98, 99, 101]
  Syntax Fixed = 1 
[1]
  Cleaned Fixed = 0 
[]
  ********************
  Total = 102 
  Exact Fixed = 19 
[13, 15, 18, 31, 38, 48, 51, 58, 61, 63, 71, 74, 87, 91, 94, 96, 98, 99, 101]
  Syntax Fixed = 1 
[1]
  Cleaned Fixed = 0 
[]
  codebleu = 60.52 
[0.8325722947872878, 0.5190854538169563, 0.7004836662820749, 0.15189466770624754, 0.29080814539619515, 0.2642742735155721, 0.3226968889437066, 0.10100550846996653, 0.21100892280323053, 0.8292906179772745, 0.3468834488862323, 0.2420128528564776, 1.0, 0.7939024427877673, 1.0, 0.7484889150381644, 0.39675296426202156, 1.0, 0.5865265109839976, 0.08722959928216871, 0.44892910504357597, 0.28178507258525926, 0.6441996138157199, 0.8576705057568643, 0.6887796716807859, 0.6760988306532816, 0.6475259120949215, 0.45797584845834727, 0.570765580121347, 0.8206847188488577, 1.0, 0.8191441569283882, 0.7945104051684668, 0.4950124586800488, 0.26804661022351817, 0.5634793392274073, 0.17985270659092473, 0.8249365300761395, 0.19604350080247962, 0.8946995933494386, 0.5275293914149405, 0.2067757358197851, 0.9260406910477721, 0.6632483116950204, 0.5879941066816083, 0.9495565333799167, 0.8519671371303186, 1.0, 0.25261367609768853, 0.04535576197454044, 1.0, 0.6157132877459149, 0.3422897764577731, 0.48492549020055464, 0.25558314725722453, 0.6957460976726255, 0.5571742632727743, 1.0, 0.6322779524395602, 0.6382428792534192, 1.0, 0.48819258579395686, 1.0, 0.6438231263082419, 0.7706847188488577, 0.9030431039697613, 0.6666353826339045, 0.8536186510818744, 0.5418035126585234, 0.7990624648102627, 1.0, 0.20376503858638684, 0.4713916418700911, 1.0, 0.23683637774429345, 0.5479955727207041, 0.5351964017441753, 0.44432121517125955, 0.7753505981191169, 0.42956336497580716, 0.6236663076766358, 0.4961054545521633, 0.1726076513306138, 0.514297617187952, 0.7302007404183433, 0.4356258328835842, 1.0, 0.11582292438020222, 0.0, 0.5226201535422986, 1.0, 0.32429671174355323, 0.8339326133501213, 1.0, 0.3674344272962433, 1.0, 0.43605468697269356, 1.0, 0.8454524645283339, 0.477096516758575, 1.0, 0.7308647096337427]
Finish training and take 43m
