Namespace(log_name='./tfix/1/soft3_codet5p_220m.log', model_name='Salesforce/codet5p-220m', lang='javascript', output_dir='tfix/1/soft3_codet5p_220m', data_dir='./data/tfix/1', no_cuda=False, visible_gpu='0', num_train_epochs=10, num_test_epochs=1, train_batch_size=6, eval_batch_size=4, gradient_accumulation_steps=1, load_model_path=None, config_name='', tokenizer_name='', max_source_length=512, max_target_length=512, warm_up_ratio=0.1, do_train=True, do_eval=True, do_test=True, freeze=False, learning_rate=5e-05, beam_size=10, weight_decay=0.0, adam_epsilon=1e-08, local_rank=-1, seed=42, early_stop_threshold=3)
Process rank: -1, device: cuda, n_gpu: 1, distributed training: False
Model created!!
[[{'text': 'Fix', 'loss_ids': 0, 'shortenable_ids': 0}, {'text': " }             console.log('retry');             return setTimeout(function() {               return exports.stopReplication(newdoc, callback, options);", 'loss_ids': 0, 'shortenable_ids': 1}, {'text': 'fixed program is', 'loss_ids': 0, 'shortenable_ids': 0}, {'text': '<mask>', 'loss_ids': 1, 'shortenable_ids': 0}], {'guid': 0, 'tgt_text': '}             setTimeout(function() {               return exports.stopReplication(newdoc, callback, options);'}]
***** Running training *****
  Num examples = 816
  Batch size = 6
  Num epoch = 10

***** Running evaluation *****
  Num examples = 104
  Batch size = 4
  epoch = 0
  eval_ppl = inf
  global_step = 137
  train_loss = 17.8437
  ********************
Previous best ppl:inf
Achieve Best ppl:inf
  ********************
BLEU file: ./data/tfix/1/validation.jsonl
  codebleu-4 = 59.63 	 Previous best codebleu 0
  ********************
 Achieve Best bleu:59.63
  ********************

***** Running evaluation *****
  Num examples = 104
  Batch size = 4
  epoch = 1
  eval_ppl = inf
  global_step = 273
  train_loss = 10.1757
  ********************
Previous best ppl:inf
BLEU file: ./data/tfix/1/validation.jsonl
  codebleu-4 = 63.45 	 Previous best codebleu 59.63
  ********************
 Achieve Best bleu:63.45
  ********************

***** Running evaluation *****
  Num examples = 104
  Batch size = 4
  epoch = 2
  eval_ppl = inf
  global_step = 409
  train_loss = 5.8035
  ********************
Previous best ppl:inf
BLEU file: ./data/tfix/1/validation.jsonl
  codebleu-4 = 63.1 	 Previous best codebleu 63.45
  ********************

***** Running evaluation *****
  Num examples = 104
  Batch size = 4
  epoch = 3
  eval_ppl = inf
  global_step = 545
  train_loss = 3.7773
  ********************
Previous best ppl:inf
BLEU file: ./data/tfix/1/validation.jsonl
  codebleu-4 = 63.45 	 Previous best codebleu 63.45
  ********************

***** Running evaluation *****
  Num examples = 104
  Batch size = 4
  epoch = 4
  eval_ppl = inf
  global_step = 681
  train_loss = 2.4342
  ********************
Previous best ppl:inf
BLEU file: ./data/tfix/1/validation.jsonl
  codebleu-4 = 63.96 	 Previous best codebleu 63.45
  ********************
 Achieve Best bleu:63.96
  ********************

***** Running evaluation *****
  Num examples = 104
  Batch size = 4
  epoch = 5
  eval_ppl = inf
  global_step = 817
  train_loss = 1.3938
  ********************
Previous best ppl:inf
BLEU file: ./data/tfix/1/validation.jsonl
  codebleu-4 = 64.76 	 Previous best codebleu 63.96
  ********************
 Achieve Best bleu:64.76
  ********************

***** Running evaluation *****
  Num examples = 104
  Batch size = 4
  epoch = 6
  eval_ppl = inf
  global_step = 953
  train_loss = 0.8847
  ********************
Previous best ppl:inf
BLEU file: ./data/tfix/1/validation.jsonl
  codebleu-4 = 65.4 	 Previous best codebleu 64.76
  ********************
 Achieve Best bleu:65.4
  ********************

***** Running evaluation *****
  Num examples = 104
  Batch size = 4
  epoch = 7
  eval_ppl = inf
  global_step = 1089
  train_loss = 0.6462
  ********************
Previous best ppl:inf
BLEU file: ./data/tfix/1/validation.jsonl
  codebleu-4 = 64.72 	 Previous best codebleu 65.4
  ********************

***** Running evaluation *****
  Num examples = 104
  Batch size = 4
  epoch = 8
  eval_ppl = inf
  global_step = 1225
  train_loss = 0.4601
  ********************
Previous best ppl:inf
BLEU file: ./data/tfix/1/validation.jsonl
  codebleu-4 = 65.36 	 Previous best codebleu 65.4
  ********************

***** Running evaluation *****
  Num examples = 104
  Batch size = 4
  epoch = 9
  eval_ppl = inf
  global_step = 1361
  train_loss = 0.3759
  ********************
Previous best ppl:inf
BLEU file: ./data/tfix/1/validation.jsonl
  codebleu-4 = 65.04 	 Previous best codebleu 65.4
  ********************
early stopping!!!
reload model from tfix/1/soft3_codet5p_220m/checkpoint-best-bleu
BLEU file: ./data/tfix/1/test.jsonl
  codebleu = 59.4 
  Total = 102 
  Exact Fixed = 16 
[13, 18, 26, 31, 48, 51, 61, 71, 87, 88, 91, 94, 96, 98, 99, 101]
  Syntax Fixed = 1 
[73]
  Cleaned Fixed = 0 
[]
  ********************
  Total = 102 
  Exact Fixed = 16 
[13, 18, 26, 31, 48, 51, 61, 71, 87, 88, 91, 94, 96, 98, 99, 101]
  Syntax Fixed = 1 
[73]
  Cleaned Fixed = 0 
[]
  codebleu = 59.4 
[0.6148576874551961, 0.7616839041624256, 0.7004836662820749, 0.15189466770624754, 0.20080814539619513, 0.2642742735155721, 0.29475535030961264, 0.10100550846996653, 0.21100892280323053, 0.8292906179772745, 0.3468834488862323, 0.2420128528564776, 1.0, 0.7939024427877673, 0.8135156937118506, 0.7484889150381644, 0.39675296426202156, 1.0, 0.5865265109839976, 0.08722959928216871, 0.44892910504357597, 0.28178507258525926, 0.8600057888291379, 0.6340338824725971, 0.6887796716807859, 1.0, 0.6475259120949215, 0.45797584845834727, 0.570765580121347, 0.4796773803089467, 1.0, 0.8191441569283882, 0.7945104051684668, 0.4950124586800488, 0.49307796620808886, 0.5634793392274073, 0.17985270659092473, 0.18304611372110685, 0.21697221568846098, 0.8946995933494386, 0.46021721772760293, 0.2067757358197851, 0.9260406910477721, 0.6632483116950204, 0.7619728098941201, 0.9495565333799167, 0.8519671371303186, 1.0, 0.23594700943102181, 0.04535576197454044, 1.0, 0.06, 0.3739620910930766, 0.48492549020055464, 0.25558314725722453, 0.6957460976726255, 0.7486220455892145, 0.6530550965302279, 0.6322779524395602, 0.5687200050839125, 1.0, 0.45485925246062353, 0.70282341775094, 0.5652629132672866, 0.6530550965302279, 0.9030431039697613, 0.6666353826339045, 0.8536186510818744, 0.5418035126585234, 0.6394217885492623, 1.0, 0.20376503858638684, 0.6420252005580777, 0.8873946414934641, 0.23683637774429345, 0.5479955727207041, 0.5351964017441753, 0.44432121517125955, 0.7753505981191169, 0.42956336497580716, 0.5477818755063433, 0.4961054545521633, 0.1726076513306138, 0.5506612535515883, 0.7302007404183433, 0.4356258328835842, 1.0, 1.0, 0.0, 0.3726201535422986, 1.0, 0.32429671174355323, 0.8339326133501213, 1.0, 0.5696461788443421, 1.0, 0.43605468697269356, 1.0, 0.8454524645283339, 0.5647785789898024, 1.0, 0.6013906561105834]
Finish training and take 16m
Namespace(log_name='./tfix/1/soft3_codet5p_220m.log', model_name='Salesforce/codet5p-220m', lang='javascript', output_dir='tfix/1/soft3_codet5p_220m', data_dir='./data/tfix/1', no_cuda=False, visible_gpu='0', num_train_epochs=10, num_test_epochs=1, train_batch_size=6, eval_batch_size=4, gradient_accumulation_steps=1, load_model_path=None, config_name='', tokenizer_name='', max_source_length=512, max_target_length=512, warm_up_ratio=0.1, do_train=True, do_eval=True, do_test=True, freeze=False, learning_rate=5e-05, beam_size=10, weight_decay=0.0, adam_epsilon=1e-08, local_rank=-1, seed=42, early_stop_threshold=3)
Process rank: -1, device: cuda, n_gpu: 1, distributed training: False
Model created!!
[[{'text': 'Fix', 'loss_ids': 0, 'shortenable_ids': 0}, {'text': " }             console.log('retry');             return setTimeout(function() {               return exports.stopReplication(newdoc, callback, options);", 'loss_ids': 0, 'shortenable_ids': 1}, {'text': 'fixed program is', 'loss_ids': 0, 'shortenable_ids': 0}, {'text': '<mask>', 'loss_ids': 1, 'shortenable_ids': 0}], {'guid': 0, 'tgt_text': '}             setTimeout(function() {               return exports.stopReplication(newdoc, callback, options);'}]
***** Running training *****
  Num examples = 816
  Batch size = 6
  Num epoch = 10

***** Running evaluation *****
  Num examples = 104
  Batch size = 4
  epoch = 0
  eval_ppl = inf
  global_step = 137
  train_loss = 17.8437
  ********************
Previous best ppl:inf
Achieve Best ppl:inf
  ********************
BLEU file: ./data/tfix/1/validation.jsonl
  codebleu-4 = 59.67 	 Previous best codebleu 0
  ********************
 Achieve Best bleu:59.67
  ********************

***** Running evaluation *****
  Num examples = 104
  Batch size = 4
  epoch = 1
  eval_ppl = inf
  global_step = 273
  train_loss = 10.1757
  ********************
Previous best ppl:inf
BLEU file: ./data/tfix/1/validation.jsonl
  codebleu-4 = 63.49 	 Previous best codebleu 59.67
  ********************
 Achieve Best bleu:63.49
  ********************

***** Running evaluation *****
  Num examples = 104
  Batch size = 4
  epoch = 2
  eval_ppl = inf
  global_step = 409
  train_loss = 5.8035
  ********************
Previous best ppl:inf
BLEU file: ./data/tfix/1/validation.jsonl
  codebleu-4 = 63.14 	 Previous best codebleu 63.49
  ********************

***** Running evaluation *****
  Num examples = 104
  Batch size = 4
  epoch = 3
  eval_ppl = inf
  global_step = 545
  train_loss = 3.7773
  ********************
Previous best ppl:inf
BLEU file: ./data/tfix/1/validation.jsonl
  codebleu-4 = 63.49 	 Previous best codebleu 63.49
  ********************

***** Running evaluation *****
  Num examples = 104
  Batch size = 4
  epoch = 4
  eval_ppl = inf
  global_step = 681
  train_loss = 2.4342
  ********************
Previous best ppl:inf
BLEU file: ./data/tfix/1/validation.jsonl
  codebleu-4 = 64.0 	 Previous best codebleu 63.49
  ********************
 Achieve Best bleu:64.0
  ********************

***** Running evaluation *****
  Num examples = 104
  Batch size = 4
  epoch = 5
  eval_ppl = inf
  global_step = 817
  train_loss = 1.3938
  ********************
Previous best ppl:inf
BLEU file: ./data/tfix/1/validation.jsonl
  codebleu-4 = 64.8 	 Previous best codebleu 64.0
  ********************
 Achieve Best bleu:64.8
  ********************

***** Running evaluation *****
  Num examples = 104
  Batch size = 4
  epoch = 6
  eval_ppl = inf
  global_step = 953
  train_loss = 0.8847
  ********************
Previous best ppl:inf
BLEU file: ./data/tfix/1/validation.jsonl
  codebleu-4 = 65.43 	 Previous best codebleu 64.8
  ********************
 Achieve Best bleu:65.43
  ********************

***** Running evaluation *****
  Num examples = 104
  Batch size = 4
  epoch = 7
  eval_ppl = inf
  global_step = 1089
  train_loss = 0.6462
  ********************
Previous best ppl:inf
BLEU file: ./data/tfix/1/validation.jsonl
  codebleu-4 = 64.76 	 Previous best codebleu 65.43
  ********************

***** Running evaluation *****
  Num examples = 104
  Batch size = 4
  epoch = 8
  eval_ppl = inf
  global_step = 1225
  train_loss = 0.4601
  ********************
Previous best ppl:inf
BLEU file: ./data/tfix/1/validation.jsonl
  codebleu-4 = 65.4 	 Previous best codebleu 65.43
  ********************

***** Running evaluation *****
  Num examples = 104
  Batch size = 4
  epoch = 9
  eval_ppl = inf
  global_step = 1361
  train_loss = 0.3759
  ********************
Previous best ppl:inf
BLEU file: ./data/tfix/1/validation.jsonl
  codebleu-4 = 65.08 	 Previous best codebleu 65.43
  ********************
early stopping!!!
reload model from tfix/1/soft3_codet5p_220m/checkpoint-best-bleu
BLEU file: ./data/tfix/1/test.jsonl
  codebleu = 59.46 
  Total = 102 
  Exact Fixed = 16 
[13, 18, 26, 31, 48, 51, 61, 71, 87, 88, 91, 94, 96, 98, 99, 101]
  Syntax Fixed = 1 
[73]
  Cleaned Fixed = 0 
[]
  ********************
  Total = 102 
  Exact Fixed = 16 
[13, 18, 26, 31, 48, 51, 61, 71, 87, 88, 91, 94, 96, 98, 99, 101]
  Syntax Fixed = 1 
[73]
  Cleaned Fixed = 0 
[]
  codebleu = 59.46 
[0.6148576874551961, 0.7616839041624256, 0.7004836662820749, 0.15189466770624754, 0.20080814539619513, 0.2642742735155721, 0.29475535030961264, 0.10100550846996653, 0.21100892280323053, 0.8292906179772745, 0.3468834488862323, 0.2420128528564776, 1.0, 0.7939024427877673, 0.8135156937118506, 0.7484889150381644, 0.39675296426202156, 1.0, 0.5865265109839976, 0.08722959928216871, 0.44892910504357597, 0.28178507258525926, 0.8600057888291379, 0.6340338824725971, 0.6887796716807859, 1.0, 0.6475259120949215, 0.45797584845834727, 0.570765580121347, 0.4796773803089467, 1.0, 0.8191441569283882, 0.7945104051684668, 0.4950124586800488, 0.49307796620808886, 0.5634793392274073, 0.17985270659092473, 0.18304611372110685, 0.21697221568846098, 0.8946995933494386, 0.46021721772760293, 0.2067757358197851, 0.9260406910477721, 0.6632483116950204, 0.7619728098941201, 0.9495565333799167, 0.8519671371303186, 1.0, 0.23594700943102181, 0.04535576197454044, 1.0, 0.06, 0.3739620910930766, 0.48492549020055464, 0.25558314725722453, 0.6957460976726255, 0.7486220455892145, 0.6530550965302279, 0.6322779524395602, 0.5687200050839125, 1.0, 0.45485925246062353, 0.70282341775094, 0.5652629132672866, 0.6863884298635612, 0.9030431039697613, 0.6666353826339045, 0.8536186510818744, 0.5418035126585234, 0.6394217885492623, 1.0, 0.20376503858638684, 0.6420252005580777, 0.8873946414934641, 0.23683637774429345, 0.5479955727207041, 0.5624691290169025, 0.44432121517125955, 0.7753505981191169, 0.42956336497580716, 0.5477818755063433, 0.4961054545521633, 0.1726076513306138, 0.5506612535515883, 0.7302007404183433, 0.4356258328835842, 1.0, 1.0, 0.0, 0.3726201535422986, 1.0, 0.32429671174355323, 0.8339326133501213, 1.0, 0.5696461788443421, 1.0, 0.43605468697269356, 1.0, 0.8454524645283339, 0.5647785789898024, 1.0, 0.6013906561105834]
Finish training and take 16m
