Namespace(log_name='./tfix/1/soft0_codet5p_770m.log', model_name='Salesforce/codet5p-770m', lang='javascript', output_dir='tfix/1/soft0_codet5p_770m', data_dir='./data/tfix/1', no_cuda=False, visible_gpu='0', num_train_epochs=10, num_test_epochs=1, train_batch_size=6, eval_batch_size=4, gradient_accumulation_steps=1, load_model_path=None, config_name='', tokenizer_name='', max_source_length=512, max_target_length=512, warm_up_ratio=0.1, do_train=True, do_eval=True, do_test=True, freeze=False, learning_rate=5e-05, beam_size=10, weight_decay=0.0, adam_epsilon=1e-08, local_rank=-1, seed=42, early_stop_threshold=3)
Process rank: -1, device: cuda, n_gpu: 1, distributed training: False
Model created!!
[[{'text': "}             console.log('retry');             return setTimeout(function() {               return exports.stopReplication(newdoc, callback, options);", 'loss_ids': 0, 'shortenable_ids': 1}, {'text': '<mask>', 'loss_ids': 1, 'shortenable_ids': 0}, {'text': 'is the fixed version', 'loss_ids': 0, 'shortenable_ids': 0}], {'guid': 0, 'tgt_text': '}             setTimeout(function() {               return exports.stopReplication(newdoc, callback, options);'}]
***** Running training *****
  Num examples = 816
  Batch size = 6
  Num epoch = 10

***** Running evaluation *****
  Num examples = 104
  Batch size = 4
  epoch = 0
  eval_ppl = inf
  global_step = 137
  train_loss = 16.8327
  ********************
Previous best ppl:inf
Achieve Best ppl:inf
  ********************
BLEU file: ./data/tfix/1/validation.jsonl
  codebleu-4 = 60.46 	 Previous best codebleu 0
  ********************
 Achieve Best bleu:60.46
  ********************

***** Running evaluation *****
  Num examples = 104
  Batch size = 4
  epoch = 1
  eval_ppl = inf
  global_step = 273
  train_loss = 8.4129
  ********************
Previous best ppl:inf
Achieve Best ppl:inf
  ********************
BLEU file: ./data/tfix/1/validation.jsonl
  codebleu-4 = 62.4 	 Previous best codebleu 60.46
  ********************
 Achieve Best bleu:62.4
  ********************

***** Running evaluation *****
  Num examples = 104
  Batch size = 4
  epoch = 2
  eval_ppl = inf
  global_step = 409
  train_loss = 4.3062
  ********************
Previous best ppl:inf
Achieve Best ppl:inf
  ********************
BLEU file: ./data/tfix/1/validation.jsonl
  codebleu-4 = 63.65 	 Previous best codebleu 62.4
  ********************
 Achieve Best bleu:63.65
  ********************

***** Running evaluation *****
  Num examples = 104
  Batch size = 4
  epoch = 3
  eval_ppl = inf
  global_step = 545
  train_loss = 2.151
  ********************
Previous best ppl:inf
BLEU file: ./data/tfix/1/validation.jsonl
  codebleu-4 = 63.92 	 Previous best codebleu 63.65
  ********************
 Achieve Best bleu:63.92
  ********************

***** Running evaluation *****
  Num examples = 104
  Batch size = 4
  epoch = 4
  eval_ppl = inf
  global_step = 681
  train_loss = 1.1472
  ********************
Previous best ppl:inf
BLEU file: ./data/tfix/1/validation.jsonl
  codebleu-4 = 63.96 	 Previous best codebleu 63.92
  ********************
 Achieve Best bleu:63.96
  ********************

***** Running evaluation *****
  Num examples = 104
  Batch size = 4
  epoch = 5
  eval_ppl = inf
  global_step = 817
  train_loss = 0.6568
  ********************
Previous best ppl:inf
BLEU file: ./data/tfix/1/validation.jsonl
  codebleu-4 = 64.13 	 Previous best codebleu 63.96
  ********************
 Achieve Best bleu:64.13
  ********************

***** Running evaluation *****
  Num examples = 104
  Batch size = 4
  epoch = 6
  eval_ppl = inf
  global_step = 953
  train_loss = 0.4165
  ********************
Previous best ppl:inf
BLEU file: ./data/tfix/1/validation.jsonl
  codebleu-4 = 64.76 	 Previous best codebleu 64.13
  ********************
 Achieve Best bleu:64.76
  ********************

***** Running evaluation *****
  Num examples = 104
  Batch size = 4
  epoch = 7
  eval_ppl = inf
  global_step = 1089
  train_loss = 0.2275
  ********************
Previous best ppl:inf
BLEU file: ./data/tfix/1/validation.jsonl
  codebleu-4 = 65.17 	 Previous best codebleu 64.76
  ********************
 Achieve Best bleu:65.17
  ********************

***** Running evaluation *****
  Num examples = 104
  Batch size = 4
  epoch = 8
  eval_ppl = inf
  global_step = 1225
  train_loss = 0.1623
  ********************
Previous best ppl:inf
BLEU file: ./data/tfix/1/validation.jsonl
  codebleu-4 = 65.21 	 Previous best codebleu 65.17
  ********************
 Achieve Best bleu:65.21
  ********************

***** Running evaluation *****
  Num examples = 104
  Batch size = 4
  epoch = 9
  eval_ppl = inf
  global_step = 1361
  train_loss = 0.1123
  ********************
Previous best ppl:inf
BLEU file: ./data/tfix/1/validation.jsonl
  codebleu-4 = 65.34 	 Previous best codebleu 65.21
  ********************
 Achieve Best bleu:65.34
  ********************
reload model from tfix/1/soft0_codet5p_770m/checkpoint-best-bleu
BLEU file: ./data/tfix/1/test.jsonl
  codebleu = 61.27 
  Total = 102 
  Exact Fixed = 20 
[10, 13, 15, 18, 31, 38, 44, 48, 51, 61, 63, 65, 71, 87, 88, 91, 94, 96, 99, 101]
  Syntax Fixed = 3 
[1, 58, 73]
  Cleaned Fixed = 0 
[]
  ********************
  Total = 102 
  Exact Fixed = 20 
[10, 13, 15, 18, 31, 38, 44, 48, 51, 61, 63, 65, 71, 87, 88, 91, 94, 96, 99, 101]
  Syntax Fixed = 3 
[1, 58, 73]
  Cleaned Fixed = 0 
[]
  codebleu = 61.27 
[0.8325722947872878, 0.5190854538169563, 0.7004836662820749, 0.15189466770624754, 0.29080814539619515, 0.2642742735155721, 0.3226968889437066, 0.10100550846996653, 0.22456259762219288, 1.0, 0.3468834488862323, 0.2420128528564776, 1.0, 0.7939024427877673, 1.0, 0.7484889150381644, 0.39675296426202156, 1.0, 0.44653198184115295, 0.08869475457310907, 0.44892910504357597, 0.28178507258525926, 0.8445506565039518, 0.8576705057568643, 0.6887796716807859, 0.6760988306532816, 0.6475259120949215, 0.45797584845834727, 0.570765580121347, 0.8853031368082722, 1.0, 0.8191441569283882, 0.7945104051684668, 0.4950124586800488, 0.3786453510000537, 0.5634793392274073, 0.6353031368082721, 0.8249365300761395, 0.19604350080247962, 0.8946995933494386, 0.46021721772760293, 0.2067757358197851, 0.9260406910477721, 1.0, 0.5879941066816083, 0.9495565333799167, 0.8519671371303186, 1.0, 0.23594700943102181, 0.04535576197454044, 1.0, 0.6157132877459149, 0.26220972285349836, 0.48492549020055464, 0.25558314725722453, 0.6957460976726255, 0.7486220455892145, 0.8399103850027161, 0.6322779524395602, 0.6210898728267559, 1.0, 0.45485925246062353, 1.0, 0.6438231263082419, 1.0, 0.9030431039697613, 0.6826211484322393, 0.8536186510818744, 0.5418035126585234, 0.7990624648102627, 1.0, 0.20376503858638684, 0.6420252005580777, 0.9284331676110746, 0.23683637774429345, 0.5164329076215759, 0.5351964017441753, 0.44432121517125955, 0.7753505981191169, 0.42956336497580716, 0.6236663076766358, 0.4961054545521633, 0.1726076513306138, 0.4260674746672657, 0.7302007404183433, 0.4356258328835842, 1.0, 0.6922382617563554, 0.0, 0.3726201535422986, 1.0, 0.32429671174355323, 0.8339326133501213, 1.0, 0.3674344272962433, 1.0, 0.43605468697269356, 0.21785841885431054, 0.8454524645283339, 0.477096516758575, 1.0, 0.6013906561105834]
Finish training and take 29m
