Namespace(log_name='./RQ5/bugsinpy_300_1/codet5p_770m.log', model_name='Salesforce/codet5p-770m', lang='python', output_dir='RQ5/bugsinpy_300_1/codet5p_770m', data_dir='./data/RQ5/bugsinpy_300_1', choice=0, no_cuda=False, visible_gpu='0', num_train_epochs=10, num_test_epochs=1, train_batch_size=4, eval_batch_size=4, gradient_accumulation_steps=1, load_model_path=None, config_name='', tokenizer_name='', max_source_length=512, max_target_length=512, warm_up_ratio=0.1, do_train=True, do_eval=True, do_test=True, freeze=False, learning_rate=5e-05, beam_size=10, weight_decay=0.0, adam_epsilon=1e-08, local_rank=-1, seed=42, early_stop_threshold=3)
Process rank: -1, device: cuda, n_gpu: 1, distributed training: False
Model created!!
[[{'text': 'from pandas.core.dtypes.generic import ABCIndex, ABCIndexClass, ABCSeries  from pandas.core import algorithms  from pandas.core.accessor import PandasDelegate from pandas.core.arrays import ExtensionArray, ExtensionOpsMixin  from pandas.core.arrays.datetimelike import (      DatetimeLikeArrayMixin,      _ensure_datetimelike_to_i8,', 'loss_ids': 0, 'shortenable_ids': 1}, {'text': '<mask>', 'loss_ids': 1, 'shortenable_ids': 0}, {'text': 'is the fixed version', 'loss_ids': 0, 'shortenable_ids': 0}], {'guid': 0, 'tgt_text': 'from pandas.core.dtypes.generic import ABCIndex, ABCIndexClass, ABCSeries  from pandas.core import algorithms  from pandas.core.accessor import PandasDelegate from pandas.core.arrays import (     DatetimeArray,     ExtensionArray,     ExtensionOpsMixin,     TimedeltaArray, )  from pandas.core.arrays.datetimelike import (      DatetimeLikeArrayMixin,      _ensure_datetimelike_to_i8,'}]
***** Running training *****
  Num examples = 300
  Batch size = 4
  Num epoch = 10

***** Running evaluation *****
  Num examples = 100
  Batch size = 4
  epoch = 0
  eval_ppl = inf
  global_step = 76
  train_loss = 55.535
  ********************
Previous best ppl:inf
Achieve Best ppl:inf
  ********************
BLEU file: ./data/RQ5/bugsinpy_300_1/validation.jsonl
  codebleu-4 = 74.25 	 Previous best codebleu 0
  ********************
 Achieve Best bleu:74.25
  ********************

***** Running evaluation *****
  Num examples = 100
  Batch size = 4
  epoch = 1
  eval_ppl = inf
  global_step = 151
  train_loss = 30.3692
  ********************
Previous best ppl:inf
Achieve Best ppl:inf
  ********************
BLEU file: ./data/RQ5/bugsinpy_300_1/validation.jsonl
  codebleu-4 = 75.32 	 Previous best codebleu 74.25
  ********************
 Achieve Best bleu:75.32
  ********************

***** Running evaluation *****
  Num examples = 100
  Batch size = 4
  epoch = 2
  eval_ppl = inf
  global_step = 226
  train_loss = 16.8015
  ********************
Previous best ppl:inf
Achieve Best ppl:inf
  ********************
BLEU file: ./data/RQ5/bugsinpy_300_1/validation.jsonl
  codebleu-4 = 77.12 	 Previous best codebleu 75.32
  ********************
 Achieve Best bleu:77.12
  ********************

***** Running evaluation *****
  Num examples = 100
  Batch size = 4
  epoch = 3
  eval_ppl = inf
  global_step = 301
  train_loss = 9.9591
  ********************
Previous best ppl:inf
BLEU file: ./data/RQ5/bugsinpy_300_1/validation.jsonl
  codebleu-4 = 75.51 	 Previous best codebleu 77.12
  ********************

***** Running evaluation *****
  Num examples = 100
  Batch size = 4
  epoch = 4
  eval_ppl = inf
  global_step = 376
  train_loss = 5.1172
  ********************
Previous best ppl:inf
BLEU file: ./data/RQ5/bugsinpy_300_1/validation.jsonl
  codebleu-4 = 75.96 	 Previous best codebleu 77.12
  ********************

***** Running evaluation *****
  Num examples = 100
  Batch size = 4
  epoch = 5
  eval_ppl = inf
  global_step = 451
  train_loss = 2.7011
  ********************
Previous best ppl:inf
BLEU file: ./data/RQ5/bugsinpy_300_1/validation.jsonl
  codebleu-4 = 77.18 	 Previous best codebleu 77.12
  ********************
 Achieve Best bleu:77.18
  ********************

***** Running evaluation *****
  Num examples = 100
  Batch size = 4
  epoch = 6
  eval_ppl = inf
  global_step = 526
  train_loss = 1.8336
  ********************
Previous best ppl:inf
BLEU file: ./data/RQ5/bugsinpy_300_1/validation.jsonl
  codebleu-4 = 76.54 	 Previous best codebleu 77.18
  ********************

***** Running evaluation *****
  Num examples = 100
  Batch size = 4
  epoch = 7
  eval_ppl = inf
  global_step = 601
  train_loss = 1.6496
  ********************
Previous best ppl:inf
BLEU file: ./data/RQ5/bugsinpy_300_1/validation.jsonl
  codebleu-4 = 75.71 	 Previous best codebleu 77.18
  ********************

***** Running evaluation *****
  Num examples = 100
  Batch size = 4
  epoch = 8
  eval_ppl = inf
  global_step = 676
  train_loss = 0.8837
  ********************
Previous best ppl:inf
BLEU file: ./data/RQ5/bugsinpy_300_1/validation.jsonl
  codebleu-4 = 76.45 	 Previous best codebleu 77.18
  ********************
early stopping!!!
reload model from RQ5/bugsinpy_300_1/codet5p_770m/checkpoint-best-bleu
BLEU file: ./data/RQ5/bugsinpy_300_1/test.jsonl
  codebleu = 76.28 
  Total = 117 
  Exact Fixed = 7 
[17, 22, 29, 50, 57, 60, 66]
  Syntax Fixed = 1 
[87]
  Cleaned Fixed = 0 
[]
  ********************
  Total = 117 
  Exact Fixed = 7 
[17, 22, 29, 50, 57, 60, 66]
  Syntax Fixed = 1 
[87]
  Cleaned Fixed = 0 
[]
  codebleu = 76.28 
[0.7768711691119308, 0.7585846389475988, 0.3031200238102166, 0.878865255109752, 0.9063467386633746, 0.782053171927164, 0.8096114788906146, 0.6883720951974961, 0.8385758515572472, 0.8573638305228279, 0.6728230800934798, 0.8703246706459902, 0.9472873156881443, 0.8884573785188872, 0.7715012035371895, 0.7332519354895861, 0.9399649879642329, 0.7449734989717058, 0.8871978499693505, 0.568803606953774, 0.5788961671278472, 1.0, 0.8674433454759134, 0.7318286091585733, 0.7225931341121177, 0.8856389378075658, 0.8077895563342797, 0.7905679992780926, 1.0, 0.7507982187182929, 0.8448388018779174, 0.6441425627537012, 0.9474759345795825, 0.8358395384567638, 0.6853803599169206, 0.7837699490689872, 0.7884485258508804, 0.6936199831009335, 0.676525822803221, 0.8300101016746005, 0.5117566728908322, 0.7896354401872717, 0.20544964878674782, 0.49150427670545643, 0.7521070400262398, 0.583933634540305, 0.7042953619649426, 0.8061434593731014, 0.4545507520171642, 1.0, 0.884250182279102, 0.8086254987195756, 0.9056583090096291, 0.7443181170763433, 0.9666856331752072, 0.7531797171538064, 1.0, 0.8231560738418289, 0.6939112308588368, 1.0, 0.6374410208386678, 0.6356257812621184, 0.8107806147142924, 0.47166395418323315, 0.9309470682699423, 0.9847962409659572, 0.8362747318435784, 0.7093853536262804, 0.6379087592365784, 0.8834124216164225, 0.8814955038434287, 0.8594942629236695, 0.8475864225311183, 0.8853004704636518, 0.5911195501972704, 0.8631855387221548, 0.6502002482190439, 0.5750974938187585, 0.2211883574242336, 0.8736270526063763, 0.8193188593824932, 0.788050295413492, 0.9411542454583528, 0.6508693332230462, 0.621240758456996, 0.8808919461147899, 0.947533256575573, 0.9204219587780458, 0.8300638244826566, 0.8548397899287874, 0.7549669674736412, 0.8754861943073293, 0.7205089220380079, 0.7420541780659815, 0.8068413656728535, 0.7164493834577911, 0.9178662308912058, 0.8782734899756608, 0.43212963466685317, 0.8962096929024133, 0.6413921957402942, 0.5906911079082992, 0.8052050509144788, 0.8021170040829606, 0.5571314709024371, 0.9142445273649933, 0.6530224530296921, 0.8434652034268404, 0.4740532618616287, 0.7243849758480987, 0.736275645595394, 0.8807926879441415, 0.5153866696354059, 0.7714650156104186, 0.7738279988463377, 0.610067068626702, 0.8004480464058408]
Finish training and take 38m
