Namespace(log_name='./RQ5/sstubs_32_3/codet5p_220m_f.log', model_name='Salesforce/codet5p-220m', lang='java', output_dir='RQ5/sstubs_32_3/codet5p_220m_f', data_dir='./data/RQ5/sstubs_32_3', no_cuda=False, visible_gpu='0', add_task_prefix=False, add_lang_ids=False, num_train_epochs=10, num_test_epochs=10, train_batch_size=8, eval_batch_size=4, gradient_accumulation_steps=2, load_model_path=None, config_name='', tokenizer_name='', max_source_length=512, max_target_length=512, warm_up_ratio=0.1, do_train=True, do_eval=True, do_test=True, do_lower_case=False, learning_rate=5e-05, beam_size=10, weight_decay=0.0, adam_epsilon=1e-08, max_grad_norm=1.0, max_steps=-1, eval_steps=-1, train_steps=-1, local_rank=-1, seed=42, early_stop_threshold=3)
Process rank: -1, device: cuda, n_gpu: 1, distributed training: False, model_name: Salesforce/codet5p-220m
model created!
Total 32 training instances 
***** Running training *****
  Num examples = 32
  Batch size = 8
  Num epoch = 10

***** Running evaluation *****
  Num examples = 100
  Batch size = 4
  epoch = 0
  eval_ppl = 1.00186
  global_step = 5
  train_loss = 0.9695
  ********************
Previous best ppl:inf
Achieve Best ppl:1.00186
  ********************
BLEU file: ./data/RQ5/sstubs_32_3/validation.jsonl
  codebleu-4 = 18.32 	 Previous best codebleu 0
  ********************
 Achieve Best bleu:18.32
  ********************

***** Running evaluation *****
  Num examples = 100
  Batch size = 4
  epoch = 1
  eval_ppl = 1.00099
  global_step = 9
  train_loss = 0.4504
  ********************
Previous best ppl:1.00186
Achieve Best ppl:1.00099
  ********************
BLEU file: ./data/RQ5/sstubs_32_3/validation.jsonl
  codebleu-4 = 84.71 	 Previous best codebleu 18.32
  ********************
 Achieve Best bleu:84.71
  ********************

***** Running evaluation *****
  Num examples = 100
  Batch size = 4
  epoch = 2
  eval_ppl = 1.00083
  global_step = 13
  train_loss = 0.2481
  ********************
Previous best ppl:1.00099
Achieve Best ppl:1.00083
  ********************
BLEU file: ./data/RQ5/sstubs_32_3/validation.jsonl
  codebleu-4 = 89.96 	 Previous best codebleu 84.71
  ********************
 Achieve Best bleu:89.96
  ********************

***** Running evaluation *****
  Num examples = 100
  Batch size = 4
  epoch = 3
  eval_ppl = 1.00075
  global_step = 17
  train_loss = 0.136
  ********************
Previous best ppl:1.00083
Achieve Best ppl:1.00075
  ********************
BLEU file: ./data/RQ5/sstubs_32_3/validation.jsonl
  codebleu-4 = 88.89 	 Previous best codebleu 89.96
  ********************

***** Running evaluation *****
  Num examples = 100
  Batch size = 4
  epoch = 4
  eval_ppl = 1.00071
  global_step = 21
  train_loss = 0.0977
  ********************
Previous best ppl:1.00075
Achieve Best ppl:1.00071
  ********************
BLEU file: ./data/RQ5/sstubs_32_3/validation.jsonl
  codebleu-4 = 87.43 	 Previous best codebleu 89.96
  ********************

***** Running evaluation *****
  Num examples = 100
  Batch size = 4
  epoch = 5
  eval_ppl = 1.00067
  global_step = 25
  train_loss = 0.0696
  ********************
Previous best ppl:1.00071
Achieve Best ppl:1.00067
  ********************
BLEU file: ./data/RQ5/sstubs_32_3/validation.jsonl
  codebleu-4 = 91.69 	 Previous best codebleu 89.96
  ********************
 Achieve Best bleu:91.69
  ********************

***** Running evaluation *****
  Num examples = 100
  Batch size = 4
  epoch = 6
  eval_ppl = 1.00066
  global_step = 29
  train_loss = 0.0435
  ********************
Previous best ppl:1.00067
Achieve Best ppl:1.00066
  ********************
BLEU file: ./data/RQ5/sstubs_32_3/validation.jsonl
  codebleu-4 = 92.09 	 Previous best codebleu 91.69
  ********************
 Achieve Best bleu:92.09
  ********************

***** Running evaluation *****
  Num examples = 100
  Batch size = 4
  epoch = 7
  eval_ppl = 1.00068
  global_step = 33
  train_loss = 0.0392
  ********************
Previous best ppl:1.00066
BLEU file: ./data/RQ5/sstubs_32_3/validation.jsonl
  codebleu-4 = 92.4 	 Previous best codebleu 92.09
  ********************
 Achieve Best bleu:92.4
  ********************

***** Running evaluation *****
  Num examples = 100
  Batch size = 4
  epoch = 8
  eval_ppl = 1.00068
  global_step = 37
  train_loss = 0.039
  ********************
Previous best ppl:1.00066
BLEU file: ./data/RQ5/sstubs_32_3/validation.jsonl
  codebleu-4 = 92.44 	 Previous best codebleu 92.4
  ********************
 Achieve Best bleu:92.44
  ********************

***** Running evaluation *****
  Num examples = 100
  Batch size = 4
  epoch = 9
  eval_ppl = 1.00068
  global_step = 41
  train_loss = 0.0703
  ********************
Previous best ppl:1.00066
BLEU file: ./data/RQ5/sstubs_32_3/validation.jsonl
  codebleu-4 = 92.44 	 Previous best codebleu 92.44
  ********************
reload model from RQ5/sstubs_32_3/codet5p_220m_f/checkpoint-best-bleu
BLEU file: ./data/RQ5/sstubs_32_3/test.jsonl
  codebleu = 92.87 
  Total = 500 
  Exact Fixed = 204 
[3, 8, 12, 17, 18, 20, 26, 28, 29, 30, 32, 36, 37, 38, 39, 49, 50, 53, 54, 56, 57, 59, 64, 73, 75, 76, 80, 82, 86, 88, 89, 90, 91, 92, 96, 102, 103, 104, 106, 108, 110, 112, 115, 116, 120, 126, 130, 131, 135, 138, 140, 141, 142, 147, 152, 153, 154, 155, 156, 157, 158, 159, 160, 161, 162, 164, 166, 168, 172, 176, 180, 183, 184, 188, 192, 193, 196, 198, 199, 200, 202, 207, 210, 213, 214, 219, 223, 224, 225, 227, 232, 236, 241, 249, 253, 255, 256, 258, 259, 265, 269, 270, 274, 276, 278, 281, 282, 283, 285, 288, 291, 294, 296, 298, 301, 306, 308, 313, 316, 318, 320, 321, 324, 325, 329, 330, 334, 337, 340, 341, 342, 343, 344, 346, 350, 354, 355, 357, 359, 360, 362, 364, 365, 366, 367, 368, 370, 373, 374, 376, 377, 379, 382, 383, 384, 386, 387, 388, 390, 392, 393, 398, 402, 404, 405, 407, 408, 410, 412, 413, 418, 420, 424, 425, 428, 431, 432, 436, 440, 442, 444, 445, 450, 452, 453, 454, 457, 459, 460, 462, 465, 466, 467, 468, 474, 476, 477, 479, 481, 484, 486, 489, 494, 496]
  Syntax Fixed = 0 
[]
  Cleaned Fixed = 0 
[]
  ********************
  Total = 500 
  Exact Fixed = 204 
[3, 8, 12, 17, 18, 20, 26, 28, 29, 30, 32, 36, 37, 38, 39, 49, 50, 53, 54, 56, 57, 59, 64, 73, 75, 76, 80, 82, 86, 88, 89, 90, 91, 92, 96, 102, 103, 104, 106, 108, 110, 112, 115, 116, 120, 126, 130, 131, 135, 138, 140, 141, 142, 147, 152, 153, 154, 155, 156, 157, 158, 159, 160, 161, 162, 164, 166, 168, 172, 176, 180, 183, 184, 188, 192, 193, 196, 198, 199, 200, 202, 207, 210, 213, 214, 219, 223, 224, 225, 227, 232, 236, 241, 249, 253, 255, 256, 258, 259, 265, 269, 270, 274, 276, 278, 281, 282, 283, 285, 288, 291, 294, 296, 298, 301, 306, 308, 313, 316, 318, 320, 321, 324, 325, 329, 330, 334, 337, 340, 341, 342, 343, 344, 346, 350, 354, 355, 357, 359, 360, 362, 364, 365, 366, 367, 368, 370, 373, 374, 376, 377, 379, 382, 383, 384, 386, 387, 388, 390, 392, 393, 398, 402, 404, 405, 407, 408, 410, 412, 413, 418, 420, 424, 425, 428, 431, 432, 436, 440, 442, 444, 445, 450, 452, 453, 454, 457, 459, 460, 462, 465, 466, 467, 468, 474, 476, 477, 479, 481, 484, 486, 489, 494, 496]
  Syntax Fixed = 0 
[]
  Cleaned Fixed = 0 
[]
  codebleu = 92.87 
[0.9321212086381336, 0.9272945586059962, 1.0, 0.9495565333799167, 0.9097764756119819, 0.7016265496309229, 0.9211131842675646, 1.0, 0.557115595241456, 0.10426840604944265, 0.894726759864654, 1.0, 0.8665518607362566, 0.6766433148075119, 0.9073284209965369, 0.8632148025904984, 1.0, 1.0, 0.9225510753875747, 1.0, 0.8194907652001931, 0.8606751756510949, 0.6577095841418729, 0.9470228248649237, 0.9616102999368312, 1.0, 0.8400553834135902, 1.0, 1.0, 1.0, 0.881955507815954, 1.0, 0.9019082921484527, 0.6106880800400042, 0.8642470965743208, 1.0, 1.0, 1.0, 1.0, 0.3615519828897176, 0.8961079319106557, 0.9495565333799167, 0.9517918920357142, 0.8368293296348667, 0.9546221339246326, 0.9543920430664012, 0.936752055107628, 0.9012977329022187, 1.0, 1.0, 0.9492836546885393, 0.9523104352365284, 1.0, 1.0, 0.850084905673596, 1.0, 1.0, 0.9509004453320677, 1.0, 0.9477454832552463, 0.9495565333799167, 0.9468351265733028, 0.8606751756510949, 1.0, 0.6919044591507169, 0.595766034277632, 0.9403743010640047, 0.7491375710149024, 0.9325815531825292, 0.8910871854638854, 0.8020772327457721, 0.8748733743967635, 1.0, 0.805438392944647, 1.0, 1.0, 0.8754132780233401, 0.8704544662650214, 0.7130825083995453, 1.0, 0.9108242908590016, 1.0, 0.9441518237028776, 0.8676184836694505, 0.8674435206185069, 1.0, 0.9207265089204273, 1.0, 1.0, 1.0, 1.0, 1.0, 0.9680975247490764, 0.8309401076758502, 0.7212846693570436, 1.0, 0.9637364956234171, 0.9477454832552463, 0.9238877689380496, 0.10426840604944265, 0.9207265089204273, 1.0, 1.0, 1.0, 0.8977573831682686, 1.0, 0.9026775857310148, 1.0, 0.8134658863594189, 1.0, 0.9629467492522685, 1.0, 0.9026321368482364, 0.9098501992036327, 1.0, 1.0, 0.9323598782946632, 0.898610628990282, 0.9422672588258918, 1.0, 0.8642470965743208, 0.9141000841539659, 0.9199861168443408, 0.8446183457471304, 0.9327938350960072, 1.0, 0.8313123185424158, 0.9118239030379824, 0.9044642401339957, 1.0, 1.0, 0.9318351265733027, 0.8147166794810943, 0.987026696724848, 1.0, 0.9145980101874507, 0.9274843030447293, 1.0, 0.9600553834135903, 1.0, 1.0, 1.0, 0.8986766170158926, 0.9330331470954285, 0.8016164190158708, 0.9562237378841005, 1.0, 0.894726759864654, 0.9058089637441036, 0.8145980101874506, 0.9567814728909636, 1.0, 1.0, 1.0, 1.0, 1.0, 1.0, 1.0, 1.0, 1.0, 1.0, 1.0, 0.9501570703145379, 1.0, 0.9352133283258579, 1.0, 0.8947836446510709, 1.0, 0.956711228908929, 0.9449436332701645, 0.8337841808515074, 1.0, 0.9097764756119819, 0.9170576952964131, 0.8377253763997345, 1.0, 0.9120033353993269, 0.9523104352365284, 0.8667343878768172, 1.0, 0.9266829146927709, 0.8955980328281301, 1.0, 1.0, 0.9490051755223876, 0.7526011619539674, 0.7526011619539674, 1.0, 0.909624266823112, 0.772496321151799, 0.9321212086381336, 1.0, 1.0, 0.9354021130737269, 0.8772305378564504, 1.0, 0.9219188985107609, 1.0, 1.0, 1.0, 0.9056583090096291, 1.0, 0.9544887439837764, 0.8064626894135283, 0.9736596070124768, 0.8689975336408694, 1.0, 0.8917317601325887, 0.8655056700329364, 1.0, 0.9606359704752518, 0.8642470965743208, 1.0, 1.0, 0.9655267507815484, 0.8056751756510949, 0.9477454832552463, 0.9104745446407605, 1.0, 0.892387748772268, 0.9584627887351178, 0.8947836446510709, 1.0, 1.0, 1.0, 0.6642742735155721, 1.0, 0.7032349297460765, 0.9497338034253828, 0.8933633833099063, 0.9497338034253828, 1.0, 0.9477454832552463, 0.7942663828924112, 0.8439975336408694, 1.0, 0.901672684198352, 0.9582523400106997, 0.7016265496309229, 0.9675420713984233, 1.0, 0.7369342414615079, 0.9490051755223876, 0.9689347101697146, 0.8839519845504367, 0.8910871854638854, 0.9600553834135903, 0.9248595259500312, 1.0, 0.9583676774082095, 0.9525078218537795, 0.9437985500759485, 1.0, 0.8655948908847075, 1.0, 1.0, 0.8816015466501335, 1.0, 1.0, 0.9600948805844232, 0.9564084233825603, 0.8382738479048725, 0.8557768311681513, 0.9456972075000312, 1.0, 0.9104979088289846, 0.8397142137521943, 0.9521775318277603, 1.0, 1.0, 0.9141000841539659, 0.8397142137521943, 0.8711309068006623, 1.0, 0.9524183912964097, 1.0, 0.9331580236066618, 1.0, 0.23161977790308258, 0.8917262344526931, 1.0, 1.0, 1.0, 0.9143879239397519, 1.0, 0.936752055107628, 0.9470228248649237, 1.0, 0.9521775318277603, 0.8974634481857526, 1.0, 0.936752055107628, 0.9165239329369728, 1.0, 0.9600553834135903, 1.0, 0.9245037448286011, 1.0, 0.9600553834135903, 0.7016265496309229, 1.0, 0.9544887439837764, 0.9225510753875747, 0.8446183457471304, 0.9073813368139694, 1.0, 0.8056751756510949, 1.0, 0.9191518237028775, 0.7533050635111456, 0.9323598782946632, 0.9576902216791403, 1.0, 0.9620033353993269, 0.7663187022564415, 1.0, 0.7661447240209784, 1.0, 0.8397142137521943, 1.0, 1.0, 0.9565292378112795, 0.924762622326577, 1.0, 1.0, 0.3683508638118963, 0.9441518237028776, 0.9045508804845042, 1.0, 1.0, 0.9427895563342799, 0.8886420415269245, 0.9693261143428569, 1.0, 0.8521105690558852, 0.8470856318465295, 1.0, 0.8730911354138612, 0.9436140613395863, 1.0, 1.0, 1.0, 1.0, 1.0, 0.9325400085710811, 1.0, 0.8821296454239946, 0.9498733743967636, 0.6229661941006033, 1.0, 0.859279267136342, 0.9565292378112795, 0.9076642269253836, 1.0, 1.0, 0.9583676774082095, 1.0, 0.8289230998775745, 1.0, 1.0, 0.9498733743967636, 1.0, 0.9468351265733028, 1.0, 1.0, 1.0, 1.0, 1.0, 0.9498733743967636, 1.0, 0.9472873156881443, 0.948939479110037, 1.0, 1.0, 0.9572615927227479, 1.0, 1.0, 0.909624266823112, 1.0, 0.9690470390182255, 0.8, 1.0, 1.0, 1.0, 0.8602392659951604, 1.0, 1.0, 1.0, 0.8945187036711082, 1.0, 0.862347908057336, 1.0, 1.0, 0.9439664040171851, 0.8821296454239946, 0.9141000841539659, 0.9261420415269246, 1.0, 0.9427895563342799, 0.7821411805480895, 0.8531511596695294, 1.0, 0.8768874158387014, 1.0, 1.0, 0.8846386294351021, 1.0, 1.0, 0.9497338034253828, 1.0, 0.797355414531276, 1.0, 1.0, 0.9546221339246326, 0.9090440252597953, 0.8022703799866535, 0.940387748772268, 1.0, 0.9107730833493335, 1.0, 0.8289230998775745, 0.9052050509144789, 0.319882644205197, 1.0, 1.0, 0.9800683463319189, 0.936752055107628, 1.0, 0.9107730833493335, 0.9498733743967636, 1.0, 1.0, 0.9498733743967636, 0.7831318837364406, 0.9307091932148608, 1.0, 0.940101844638672, 0.9365276486140073, 0.9498733743967636, 1.0, 0.9631318837364407, 1.0, 0.9493239030379825, 1.0, 1.0, 0.909624266823112, 0.9435321610524647, 0.9437985500759485, 0.9616102999368312, 1.0, 0.9498733743967636, 1.0, 1.0, 1.0, 0.9468351265733028, 0.8965296466431494, 1.0, 0.9141000841539659, 1.0, 1.0, 0.9407613352737074, 1.0, 0.6106880800400042, 0.936752055107628, 1.0, 1.0, 1.0, 1.0, 0.9685667308405901, 0.9330331470954285, 0.94236547382835, 0.8821296454239946, 0.9266684096158422, 1.0, 0.9090440252597953, 1.0, 1.0, 0.9631318837364407, 1.0, 0.9272945586059962, 1.0, 0.9565292378112795, 0.9495565333799167, 1.0, 0.9525078218537795, 1.0, 0.3685370954914068, 0.895040008571081, 1.0, 0.9546221339246326, 0.9498733743967636, 0.9583676774082095, 0.8535087661549325, 1.0, 0.9213836287468253, 1.0, 0.9689347101697146, 0.847313480980378, 0.8821296454239946, 0.9404330472606062]
Finish training and take 40m
