Namespace(log_name='./RQ5/sstubs_32_3/codet5p_770m.log', model_name='Salesforce/codet5p-770m', lang='java', output_dir='RQ5/sstubs_32_3/codet5p_770m', data_dir='./data/RQ5/sstubs_32_3', choice=0, no_cuda=False, visible_gpu='0', num_train_epochs=10, num_test_epochs=1, train_batch_size=4, eval_batch_size=4, gradient_accumulation_steps=1, load_model_path=None, config_name='', tokenizer_name='', max_source_length=512, max_target_length=512, warm_up_ratio=0.1, do_train=True, do_eval=True, do_test=True, freeze=False, learning_rate=5e-05, beam_size=10, weight_decay=0.0, adam_epsilon=1e-08, local_rank=-1, seed=42, early_stop_threshold=3)
Process rank: -1, device: cuda, n_gpu: 1, distributed training: False
Model created!!
[[{'text': 'closeable.close();       }      } catch (Exception e) {      collectedExceptions = ExceptionUtils.firstOrSuppressed(collectedExceptions, e);      }     }', 'loss_ids': 0, 'shortenable_ids': 1}, {'text': '<mask>', 'loss_ids': 1, 'shortenable_ids': 0}, {'text': 'is the fixed version', 'loss_ids': 0, 'shortenable_ids': 0}], {'guid': 0, 'tgt_text': 'closeable.close();       }      } catch (Exception e) {      collectedExceptions = ExceptionUtils.firstOrSuppressed(e, collectedExceptions);      }     }'}]
***** Running training *****
  Num examples = 32
  Batch size = 4
  Num epoch = 10

***** Running evaluation *****
  Num examples = 100
  Batch size = 4
  epoch = 0
  eval_ppl = 4.2622555875138205e+236
  global_step = 9
  train_loss = 31.6648
  ********************
Previous best ppl:inf
Achieve Best ppl:4.2622555875138205e+236
  ********************
BLEU file: ./data/RQ5/sstubs_32_3/validation.jsonl
  codebleu-4 = 86.0 	 Previous best codebleu 0
  ********************
 Achieve Best bleu:86.0
  ********************

***** Running evaluation *****
  Num examples = 100
  Batch size = 4
  epoch = 1
  eval_ppl = inf
  global_step = 17
  train_loss = 8.7511
  ********************
Previous best ppl:4.2622555875138205e+236
BLEU file: ./data/RQ5/sstubs_32_3/validation.jsonl
  codebleu-4 = 91.08 	 Previous best codebleu 86.0
  ********************
 Achieve Best bleu:91.08
  ********************

***** Running evaluation *****
  Num examples = 100
  Batch size = 4
  epoch = 2
  eval_ppl = inf
  global_step = 25
  train_loss = 4.1691
  ********************
Previous best ppl:4.2622555875138205e+236
BLEU file: ./data/RQ5/sstubs_32_3/validation.jsonl
  codebleu-4 = 92.57 	 Previous best codebleu 91.08
  ********************
 Achieve Best bleu:92.57
  ********************

***** Running evaluation *****
  Num examples = 100
  Batch size = 4
  epoch = 3
  eval_ppl = inf
  global_step = 33
  train_loss = 1.2451
  ********************
Previous best ppl:4.2622555875138205e+236
BLEU file: ./data/RQ5/sstubs_32_3/validation.jsonl
  codebleu-4 = 92.98 	 Previous best codebleu 92.57
  ********************
 Achieve Best bleu:92.98
  ********************

***** Running evaluation *****
  Num examples = 100
  Batch size = 4
  epoch = 4
  eval_ppl = inf
  global_step = 41
  train_loss = 0.8324
  ********************
Previous best ppl:4.2622555875138205e+236
BLEU file: ./data/RQ5/sstubs_32_3/validation.jsonl
  codebleu-4 = 93.19 	 Previous best codebleu 92.98
  ********************
 Achieve Best bleu:93.19
  ********************

***** Running evaluation *****
  Num examples = 100
  Batch size = 4
  epoch = 5
  eval_ppl = inf
  global_step = 49
  train_loss = 0.5505
  ********************
Previous best ppl:4.2622555875138205e+236
BLEU file: ./data/RQ5/sstubs_32_3/validation.jsonl
  codebleu-4 = 93.17 	 Previous best codebleu 93.19
  ********************

***** Running evaluation *****
  Num examples = 100
  Batch size = 4
  epoch = 6
  eval_ppl = inf
  global_step = 57
  train_loss = 0.5702
  ********************
Previous best ppl:4.2622555875138205e+236
BLEU file: ./data/RQ5/sstubs_32_3/validation.jsonl
  codebleu-4 = 92.9 	 Previous best codebleu 93.19
  ********************

***** Running evaluation *****
  Num examples = 100
  Batch size = 4
  epoch = 7
  eval_ppl = inf
  global_step = 65
  train_loss = 0.3558
  ********************
Previous best ppl:4.2622555875138205e+236
BLEU file: ./data/RQ5/sstubs_32_3/validation.jsonl
  codebleu-4 = 93.1 	 Previous best codebleu 93.19
  ********************
early stopping!!!
reload model from RQ5/sstubs_32_3/codet5p_770m/checkpoint-best-bleu
BLEU file: ./data/RQ5/sstubs_32_3/test.jsonl
  codebleu = 93.36 
  Total = 500 
  Exact Fixed = 203 
[3, 8, 12, 17, 18, 19, 20, 26, 28, 29, 30, 32, 34, 36, 37, 38, 39, 42, 50, 53, 54, 57, 59, 64, 73, 75, 76, 80, 82, 86, 88, 89, 90, 91, 92, 96, 102, 103, 104, 106, 108, 110, 112, 115, 116, 120, 126, 130, 131, 135, 138, 140, 142, 147, 152, 153, 154, 155, 156, 157, 158, 159, 160, 161, 162, 164, 166, 168, 172, 176, 180, 183, 184, 188, 192, 193, 196, 198, 199, 200, 202, 207, 210, 213, 214, 219, 223, 224, 225, 227, 232, 236, 238, 241, 249, 253, 255, 256, 259, 265, 269, 270, 274, 276, 278, 281, 282, 283, 285, 288, 291, 294, 296, 301, 303, 306, 308, 313, 318, 320, 321, 324, 325, 329, 330, 334, 337, 340, 341, 342, 343, 344, 346, 350, 354, 355, 357, 359, 360, 362, 364, 365, 366, 367, 368, 370, 373, 374, 376, 377, 379, 382, 383, 384, 386, 387, 388, 390, 392, 393, 398, 404, 405, 407, 408, 410, 412, 413, 418, 420, 424, 425, 428, 431, 432, 436, 440, 442, 444, 445, 450, 452, 453, 454, 459, 460, 462, 463, 465, 466, 467, 468, 474, 476, 477, 479, 481, 483, 484, 486, 489, 494, 496]
  Syntax Fixed = 0 
[]
  Cleaned Fixed = 0 
[]
  ********************
  Total = 500 
  Exact Fixed = 203 
[3, 8, 12, 17, 18, 19, 20, 26, 28, 29, 30, 32, 34, 36, 37, 38, 39, 42, 50, 53, 54, 57, 59, 64, 73, 75, 76, 80, 82, 86, 88, 89, 90, 91, 92, 96, 102, 103, 104, 106, 108, 110, 112, 115, 116, 120, 126, 130, 131, 135, 138, 140, 142, 147, 152, 153, 154, 155, 156, 157, 158, 159, 160, 161, 162, 164, 166, 168, 172, 176, 180, 183, 184, 188, 192, 193, 196, 198, 199, 200, 202, 207, 210, 213, 214, 219, 223, 224, 225, 227, 232, 236, 238, 241, 249, 253, 255, 256, 259, 265, 269, 270, 274, 276, 278, 281, 282, 283, 285, 288, 291, 294, 296, 301, 303, 306, 308, 313, 318, 320, 321, 324, 325, 329, 330, 334, 337, 340, 341, 342, 343, 344, 346, 350, 354, 355, 357, 359, 360, 362, 364, 365, 366, 367, 368, 370, 373, 374, 376, 377, 379, 382, 383, 384, 386, 387, 388, 390, 392, 393, 398, 404, 405, 407, 408, 410, 412, 413, 418, 420, 424, 425, 428, 431, 432, 436, 440, 442, 444, 445, 450, 452, 453, 454, 459, 460, 462, 463, 465, 466, 467, 468, 474, 476, 477, 479, 481, 483, 484, 486, 489, 494, 496]
  Syntax Fixed = 0 
[]
  Cleaned Fixed = 0 
[]
  codebleu = 93.36 
[0.9321212086381336, 0.9272945586059962, 1.0, 0.890490591592302, 0.9097764756119819, 0.7016265496309229, 0.9211131842675646, 1.0, 0.534613777706259, 0.9067749584667979, 0.894726759864654, 1.0, 0.8665518607362566, 0.6766433148075119, 0.7356102848714182, 0.8632148025904984, 1.0, 1.0, 1.0, 1.0, 0.8194907652001931, 0.8606751756510949, 0.6577095841418729, 0.9470228248649237, 0.9616102999368312, 1.0, 0.793992508705015, 1.0, 1.0, 1.0, 0.881955507815954, 1.0, 0.9372561368734473, 1.0, 0.8642470965743208, 1.0, 1.0, 1.0, 1.0, 0.9725011474210121, 0.8961079319106557, 1.0, 0.8755319098520675, 0.8368293296348667, 0.9546221339246326, 0.9543920430664012, 0.936752055107628, 0.9012977329022187, 0.8807613352737074, 1.0, 0.9492836546885393, 0.9523104352365284, 1.0, 1.0, 0.850084905673596, 0.9610055919835154, 1.0, 0.9509004453320677, 1.0, 0.9830124435719327, 0.9495565333799167, 0.9468351265733028, 0.8606751756510949, 1.0, 0.6919044591507169, 0.9545187036711082, 0.7569279034161525, 0.7246761848215385, 0.8279398471307313, 0.9133094076861077, 0.8020772327457721, 0.8748733743967635, 1.0, 0.805438392944647, 1.0, 1.0, 0.7859313812063606, 0.8704544662650214, 0.6040692180123179, 1.0, 0.9108242908590016, 1.0, 0.9441518237028776, 0.8676184836694505, 0.8674435206185069, 1.0, 0.9207265089204273, 1.0, 1.0, 1.0, 1.0, 1.0, 0.9680975247490764, 0.8309401076758502, 0.7791113694407932, 1.0, 0.9637364956234171, 0.9830124435719327, 0.9238877689380496, 0.9067749584667979, 0.9207265089204273, 1.0, 1.0, 1.0, 0.8977573831682686, 1.0, 0.9019674110549458, 1.0, 0.9406018863753673, 1.0, 0.9629467492522685, 1.0, 0.9026321368482364, 0.9098501992036327, 1.0, 1.0, 0.9323598782946632, 0.7569116179787079, 0.9422672588258918, 1.0, 0.8642470965743208, 0.9141000841539659, 0.9499861168443409, 0.8446183457471304, 0.9327938350960072, 1.0, 0.8313123185424158, 0.8519794527032583, 0.9044642401339957, 1.0, 1.0, 0.9318351265733027, 0.7794837671257082, 0.987026696724848, 1.0, 0.9145980101874507, 0.9274843030447293, 1.0, 0.9600553834135903, 1.0, 0.971284912875797, 1.0, 0.8986766170158926, 0.9330331470954285, 0.5737834719919692, 0.9562237378841005, 1.0, 0.894726759864654, 0.9058089637441036, 0.8145980101874506, 0.9567814728909636, 1.0, 1.0, 1.0, 1.0, 1.0, 1.0, 1.0, 1.0, 1.0, 1.0, 1.0, 0.9501570703145379, 1.0, 0.9352133283258579, 1.0, 0.8947836446510709, 1.0, 0.9008396714911473, 0.9449436332701645, 0.8337841808515074, 1.0, 0.9097764756119819, 0.8313412454774565, 0.8377253763997345, 1.0, 0.9120033353993269, 0.9523104352365284, 0.8667343878768172, 1.0, 0.9266829146927709, 0.8955980328281301, 1.0, 1.0, 0.929299618868868, 0.7526011619539674, 0.7526011619539674, 1.0, 0.909624266823112, 0.775729444252817, 0.9321212086381336, 1.0, 1.0, 0.9354021130737269, 0.8772305378564504, 1.0, 0.9219188985107609, 1.0, 1.0, 1.0, 0.9056583090096291, 1.0, 0.9257671218945684, 0.8064626894135283, 0.9736596070124768, 0.8689975336408694, 1.0, 0.8917317601325887, 0.8655056700329364, 1.0, 0.8865561184422389, 0.8642470965743208, 1.0, 1.0, 0.9655267507815484, 0.8056751756510949, 0.9830124435719327, 0.9104745446407605, 1.0, 0.726332468260181, 0.9584627887351178, 0.8947836446510709, 1.0, 1.0, 1.0, 0.6642742735155721, 1.0, 0.7032349297460765, 0.9497338034253828, 0.8933633833099063, 0.9497338034253828, 1.0, 0.9830124435719327, 0.8183354890067704, 0.8439975336408694, 1.0, 0.901672684198352, 1.0, 0.7016265496309229, 0.9675420713984233, 1.0, 0.5398180867960412, 0.9490051755223876, 0.9689347101697146, 0.8839519845504367, 0.9133094076861077, 0.9600553834135903, 0.9248595259500312, 1.0, 0.9583676774082095, 0.8969876166404993, 0.8019177091158687, 1.0, 0.8655948908847075, 1.0, 1.0, 0.8816015466501335, 0.971284912875797, 1.0, 0.9600948805844232, 0.8836100341218788, 0.8540633215890829, 0.7854219053833142, 0.9456972075000312, 1.0, 0.8815929744551174, 0.5960353465252389, 0.9521775318277603, 1.0, 1.0, 0.9141000841539659, 0.5960353465252389, 0.9044642401339957, 1.0, 0.9524183912964097, 1.0, 0.8887985956551486, 1.0, 0.8519348099950308, 0.9259881201117277, 1.0, 1.0, 1.0, 0.9143879239397519, 1.0, 0.936752055107628, 0.9470228248649237, 1.0, 0.9521775318277603, 0.8974634481857526, 1.0, 0.936752055107628, 0.9165239329369728, 1.0, 0.9600553834135903, 1.0, 0.9245037448286011, 0.9493239030379825, 0.9089670069930953, 0.7016265496309229, 1.0, 0.9544887439837764, 1.0, 0.8446183457471304, 0.9449216567144265, 1.0, 0.8056751756510949, 1.0, 0.9441518237028776, 0.7533050635111456, 0.9323598782946632, 0.9576902216791403, 1.0, 0.9620033353993269, 0.7663187022564415, 0.9493239030379825, 0.7835877262645052, 1.0, 0.5960353465252389, 1.0, 1.0, 0.9565292378112795, 0.924762622326577, 1.0, 1.0, 0.9594214383213739, 0.9441518237028776, 0.888334664268288, 1.0, 1.0, 0.9427895563342799, 0.8886420415269245, 0.9693261143428569, 1.0, 0.8521105690558852, 0.8620856318465295, 1.0, 0.8730911354138612, 0.9436140613395863, 1.0, 1.0, 1.0, 1.0, 1.0, 0.9325400085710811, 1.0, 0.8821296454239946, 0.9498733743967636, 0.6229661941006033, 1.0, 0.859279267136342, 0.9061219331660904, 0.9076642269253836, 1.0, 1.0, 0.9583676774082095, 1.0, 0.802694616514928, 1.0, 1.0, 0.9498733743967636, 1.0, 0.9318351265733027, 1.0, 1.0, 1.0, 1.0, 1.0, 0.9498733743967636, 1.0, 0.9472873156881443, 0.948939479110037, 1.0, 1.0, 0.9572615927227479, 1.0, 1.0, 0.909624266823112, 1.0, 0.9690470390182255, 0.8, 1.0, 1.0, 1.0, 0.9675420713984233, 1.0, 1.0, 1.0, 0.8945187036711082, 1.0, 0.862347908057336, 1.0, 1.0, 0.9439664040171851, 0.8821296454239946, 0.9141000841539659, 0.9261420415269246, 1.0, 0.9427895563342799, 0.7821411805480895, 0.8531511596695294, 0.9540286538025624, 0.8171145713462071, 1.0, 1.0, 0.8846386294351021, 1.0, 1.0, 0.9497338034253828, 1.0, 0.797355414531276, 1.0, 1.0, 0.9546221339246326, 0.9090440252597953, 0.7680600223299148, 0.940387748772268, 1.0, 0.9107730833493335, 1.0, 0.802694616514928, 0.8098590091001723, 0.9746774581465578, 1.0, 1.0, 0.9800683463319189, 0.936752055107628, 1.0, 0.9107730833493335, 0.9498733743967636, 1.0, 1.0, 0.9498733743967636, 0.7691559470359518, 0.9307091932148608, 1.0, 0.940101844638672, 0.9365276486140073, 0.9498733743967636, 1.0, 0.9631318837364407, 1.0, 0.8688918550727496, 1.0, 1.0, 0.909624266823112, 0.9435321610524647, 0.9437985500759485, 0.9126692932312239, 1.0, 0.9498733743967636, 1.0, 1.0, 1.0, 0.9468351265733028, 0.8965296466431494, 0.8165703294643682, 0.9141000841539659, 1.0, 1.0, 0.9407613352737074, 1.0, 1.0, 0.936752055107628, 1.0, 1.0, 1.0, 1.0, 0.9685667308405901, 0.9330331470954285, 0.94236547382835, 0.8821296454239946, 0.9468351265733028, 1.0, 0.9090440252597953, 1.0, 1.0, 0.9242324012400832, 1.0, 0.9272945586059962, 1.0, 0.9005026293768383, 1.0, 1.0, 0.908089643481502, 1.0, 0.8998848301604019, 0.895040008571081, 1.0, 0.9546221339246326, 0.9498733743967636, 0.9583676774082095, 0.8535087661549325, 1.0, 0.9213836287468253, 1.0, 0.9689347101697146, 0.847313480980378, 0.8821296454239946, 0.9404330472606062]
Finish training and take 18m
