Namespace(log_name='./sstubs/3/finetune_codet5p_220m.log', model_name='Salesforce/codet5p-220m', lang='java', output_dir='sstubs/3/finetune_codet5p_220m', data_dir='./data/sstubs/3', no_cuda=False, visible_gpu='0', add_task_prefix=False, add_lang_ids=False, num_train_epochs=10, num_test_epochs=10, train_batch_size=8, eval_batch_size=4, gradient_accumulation_steps=2, load_model_path=None, config_name='', tokenizer_name='', max_source_length=512, max_target_length=512, warm_up_ratio=0.1, do_train=True, do_eval=True, do_test=True, do_lower_case=False, learning_rate=5e-05, beam_size=10, weight_decay=0.0, adam_epsilon=1e-08, max_grad_norm=1.0, max_steps=-1, eval_steps=-1, train_steps=-1, local_rank=-1, seed=42, early_stop_threshold=3)
Process rank: -1, device: cuda, n_gpu: 1, distributed training: False, model_name: Salesforce/codet5p-220m
model created!
Total 260 training instances 
***** Running training *****
  Num examples = 260
  Batch size = 8
  Num epoch = 10

***** Running evaluation *****
  Num examples = 32
  Batch size = 4
  epoch = 0
  eval_ppl = 1.00048
  global_step = 33
  train_loss = 0.4741
  ********************
Previous best ppl:inf
Achieve Best ppl:1.00048
  ********************
BLEU file: ./data/sstubs/3/validation.jsonl
  codebleu-4 = 92.64 	 Previous best codebleu 0
  ********************
 Achieve Best bleu:92.64
  ********************

***** Running evaluation *****
  Num examples = 32
  Batch size = 4
  epoch = 1
  eval_ppl = 1.00038
  global_step = 65
  train_loss = 0.0994
  ********************
Previous best ppl:1.00048
Achieve Best ppl:1.00038
  ********************
BLEU file: ./data/sstubs/3/validation.jsonl
  codebleu-4 = 94.43 	 Previous best codebleu 92.64
  ********************
 Achieve Best bleu:94.43
  ********************

***** Running evaluation *****
  Num examples = 32
  Batch size = 4
  epoch = 2
  eval_ppl = 1.00036
  global_step = 97
  train_loss = 0.0487
  ********************
Previous best ppl:1.00038
Achieve Best ppl:1.00036
  ********************
BLEU file: ./data/sstubs/3/validation.jsonl
  codebleu-4 = 95.0 	 Previous best codebleu 94.43
  ********************
 Achieve Best bleu:95.0
  ********************

***** Running evaluation *****
  Num examples = 32
  Batch size = 4
  epoch = 3
  eval_ppl = 1.00037
  global_step = 129
  train_loss = 0.031
  ********************
Previous best ppl:1.00036
BLEU file: ./data/sstubs/3/validation.jsonl
  codebleu-4 = 96.02 	 Previous best codebleu 95.0
  ********************
 Achieve Best bleu:96.02
  ********************

***** Running evaluation *****
  Num examples = 32
  Batch size = 4
  epoch = 4
  eval_ppl = 1.00039
  global_step = 161
  train_loss = 0.0202
  ********************
Previous best ppl:1.00036
BLEU file: ./data/sstubs/3/validation.jsonl
  codebleu-4 = 93.91 	 Previous best codebleu 96.02
  ********************

***** Running evaluation *****
  Num examples = 32
  Batch size = 4
  epoch = 5
  eval_ppl = 1.00038
  global_step = 193
  train_loss = 0.0132
  ********************
Previous best ppl:1.00036
BLEU file: ./data/sstubs/3/validation.jsonl
  codebleu-4 = 93.63 	 Previous best codebleu 96.02
  ********************

***** Running evaluation *****
  Num examples = 32
  Batch size = 4
  epoch = 6
  eval_ppl = 1.00039
  global_step = 225
  train_loss = 0.0115
  ********************
Previous best ppl:1.00036
BLEU file: ./data/sstubs/3/validation.jsonl
  codebleu-4 = 93.6 	 Previous best codebleu 96.02
  ********************
reload model from sstubs/3/finetune_codet5p_220m/checkpoint-best-bleu
BLEU file: ./data/sstubs/3/test.jsonl
  codebleu = 93.83 
  Total = 32 
  Exact Fixed = 13 
[2, 3, 4, 5, 7, 9, 10, 20, 22, 23, 25, 29, 31]
  Syntax Fixed = 0 
[]
  Cleaned Fixed = 0 
[]
  ********************
  Total = 32 
  Exact Fixed = 13 
[2, 3, 4, 5, 7, 9, 10, 20, 22, 23, 25, 29, 31]
  Syntax Fixed = 0 
[]
  Cleaned Fixed = 0 
[]
  codebleu = 93.83 
[0.9096354401872717, 1.0, 1.0, 1.0, 1.0, 0.681072945544059, 1.0, 0.7071227299905347, 1.0, 1.0, 0.9583676774082095, 0.9383022364276514, 0.8580551848499416, 0.9675420713984233, 0.8642531454411047, 0.9211131842675646, 0.959945180208001, 0.920101844638672, 0.9520099029923956, 1.0, 0.9556325881310865, 1.0, 1.0, 0.8619090595729861, 1.0, 0.9498733743967636, 0.9362201886171708, 0.8885383842478122, 1.0, 0.8293897313556879, 1.0, 0.9658213973211704]
Finish training and take 7m
