Namespace(log_name='./sstubs/3/finetune_codet5p_770m.log', model_name='Salesforce/codet5p-770m', lang='java', output_dir='sstubs/3/finetune_codet5p_770m', data_dir='./data/sstubs/3', no_cuda=False, visible_gpu='0', add_task_prefix=False, add_lang_ids=False, num_train_epochs=10, num_test_epochs=10, train_batch_size=8, eval_batch_size=4, gradient_accumulation_steps=2, load_model_path=None, config_name='', tokenizer_name='', max_source_length=512, max_target_length=512, warm_up_ratio=0.1, do_train=True, do_eval=True, do_test=True, do_lower_case=False, learning_rate=5e-05, beam_size=10, weight_decay=0.0, adam_epsilon=1e-08, max_grad_norm=1.0, max_steps=-1, eval_steps=-1, train_steps=-1, local_rank=-1, seed=42, early_stop_threshold=3)
Process rank: -1, device: cuda, n_gpu: 1, distributed training: False, model_name: Salesforce/codet5p-770m
model created!
Total 260 training instances 
***** Running training *****
  Num examples = 260
  Batch size = 8
  Num epoch = 10

***** Running evaluation *****
  Num examples = 32
  Batch size = 4
  epoch = 0
  eval_ppl = 1.00046
  global_step = 33
  train_loss = 0.4641
  ********************
Previous best ppl:inf
Achieve Best ppl:1.00046
  ********************
BLEU file: ./data/sstubs/3/validation.jsonl
  codebleu-4 = 93.64 	 Previous best codebleu 0
  ********************
 Achieve Best bleu:93.64
  ********************

***** Running evaluation *****
  Num examples = 32
  Batch size = 4
  epoch = 1
  eval_ppl = 1.00036
  global_step = 65
  train_loss = 0.0776
  ********************
Previous best ppl:1.00046
Achieve Best ppl:1.00036
  ********************
BLEU file: ./data/sstubs/3/validation.jsonl
  codebleu-4 = 94.45 	 Previous best codebleu 93.64
  ********************
 Achieve Best bleu:94.45
  ********************

***** Running evaluation *****
  Num examples = 32
  Batch size = 4
  epoch = 2
  eval_ppl = 1.00037
  global_step = 97
  train_loss = 0.03
  ********************
Previous best ppl:1.00036
BLEU file: ./data/sstubs/3/validation.jsonl
  codebleu-4 = 94.05 	 Previous best codebleu 94.45
  ********************

***** Running evaluation *****
  Num examples = 32
  Batch size = 4
  epoch = 3
  eval_ppl = 1.00052
  global_step = 129
  train_loss = 0.0263
  ********************
Previous best ppl:1.00036
BLEU file: ./data/sstubs/3/validation.jsonl
  codebleu-4 = 93.23 	 Previous best codebleu 94.45
  ********************

***** Running evaluation *****
  Num examples = 32
  Batch size = 4
  epoch = 4
  eval_ppl = 1.00047
  global_step = 161
  train_loss = 0.0499
  ********************
Previous best ppl:1.00036
BLEU file: ./data/sstubs/3/validation.jsonl
  codebleu-4 = 93.74 	 Previous best codebleu 94.45
  ********************
reload model from sstubs/3/finetune_codet5p_770m/checkpoint-best-bleu
BLEU file: ./data/sstubs/3/test.jsonl
  codebleu = 90.03 
  Total = 32 
  Exact Fixed = 10 
[2, 3, 4, 5, 9, 10, 21, 22, 23, 31]
  Syntax Fixed = 0 
[]
  Cleaned Fixed = 0 
[]
  ********************
  Total = 32 
  Exact Fixed = 10 
[2, 3, 4, 5, 9, 10, 21, 22, 23, 31]
  Syntax Fixed = 0 
[]
  Cleaned Fixed = 0 
[]
  codebleu = 90.03 
[0.9096354401872717, 1.0, 1.0, 1.0, 1.0, 0.681072945544059, 0.8707835960391124, 0.7071227299905347, 1.0, 1.0, 0.8137240812390398, 0.9383022364276514, 0.3341160547844997, 0.9675420713984233, 0.8642531454411047, 0.8550547519455223, 0.959945180208001, 0.920101844638672, 0.9520099029923956, 0.8707835960391124, 1.0, 1.0, 1.0, 0.9259520853518541, 0.7132880005197816, 0.9498733743967636, 0.9362201886171708, 0.9052050509144789, 0.9521775318277603, 0.8293897313556879, 1.0, 0.9515356830354562]
Finish training and take 7m
