Namespace(log_name='./sstubs/3/hard8_codet5p_770m.log', model_name='Salesforce/codet5p-770m', lang='java', output_dir='sstubs/3/hard8_codet5p_770m', data_dir='./data/sstubs/3', no_cuda=False, visible_gpu='0', num_train_epochs=10, num_test_epochs=1, train_batch_size=4, eval_batch_size=4, gradient_accumulation_steps=1, load_model_path=None, config_name='', tokenizer_name='', max_source_length=512, max_target_length=512, warm_up_ratio=0.1, do_train=True, do_eval=True, do_test=True, freeze=False, learning_rate=5e-05, beam_size=10, weight_decay=0.0, adam_epsilon=1e-08, local_rank=-1, seed=42, early_stop_threshold=3)
Process rank: -1, device: cuda, n_gpu: 1, distributed training: False
Model created!!
[[{'text': 'Please fix an buggy program', 'loss_ids': 0, 'shortenable_ids': 0}, {'text': ' grammarBuilder.append("}\\n");    grammarBuilder.append("  : r=a ;\\n");    grammarBuilder.append("a : \'x\' { \\n");   grammarBuilder.append("fmt.Println(p.GetRuleInvocationStack(nil))\\n");    grammarBuilder.append("} ;");    String grammar = grammarBuilder.toString();    String input ="x";', 'loss_ids': 0, 'shortenable_ids': 1}, {'text': ' the abstract syntax tree of bug line before fixing is', 'loss_ids': 0, 'shortenable_ids': 0}, {'text': ' new StringBuilder(167)', 'loss_ids': 0, 'shortenable_ids': 0}, {'text': '<mask>', 'loss_ids': 1, 'shortenable_ids': 0}, {'text': ' is the fixed version', 'loss_ids': 0, 'shortenable_ids': 0}], {'guid': 0, 'tgt_text': 'grammarBuilder.append("}\\n");    grammarBuilder.append("  : r=a ;\\n");    grammarBuilder.append("a : \'x\' { \\n");   grammarBuilder.append("fmt.Println(antlr.PrintArrayJavaStyle(p.GetRuleInvocationStack(nil)))\\n");    grammarBuilder.append("} ;");    String grammar = grammarBuilder.toString();    String input ="x";'}]
***** Running training *****
  Num examples = 223
  Batch size = 4
  Num epoch = 10

***** Running evaluation *****
  Num examples = 28
  Batch size = 4
  epoch = 0
  eval_ppl = 2.320963528334022e+91
  global_step = 57
  train_loss = 16.1276
  ********************
Previous best ppl:inf
Achieve Best ppl:2.320963528334022e+91
  ********************
BLEU file: ./data/sstubs/3/validation.jsonl
  codebleu-4 = 89.41 	 Previous best codebleu 0
  ********************
 Achieve Best bleu:89.41
  ********************

***** Running evaluation *****
  Num examples = 28
  Batch size = 4
  epoch = 1
  eval_ppl = 1.4190820061105549e+83
  global_step = 113
  train_loss = 3.6798
  ********************
Previous best ppl:2.320963528334022e+91
Achieve Best ppl:1.4190820061105549e+83
  ********************
BLEU file: ./data/sstubs/3/validation.jsonl
  codebleu-4 = 94.55 	 Previous best codebleu 89.41
  ********************
 Achieve Best bleu:94.55
  ********************

***** Running evaluation *****
  Num examples = 28
  Batch size = 4
  epoch = 2
  eval_ppl = 1.5279256749013729e+88
  global_step = 169
  train_loss = 1.6991
  ********************
Previous best ppl:1.4190820061105549e+83
BLEU file: ./data/sstubs/3/validation.jsonl
  codebleu-4 = 94.55 	 Previous best codebleu 94.55
  ********************

***** Running evaluation *****
  Num examples = 28
  Batch size = 4
  epoch = 3
  eval_ppl = 4.10144127328622e+93
  global_step = 225
  train_loss = 0.7343
  ********************
Previous best ppl:1.4190820061105549e+83
BLEU file: ./data/sstubs/3/validation.jsonl
  codebleu-4 = 94.58 	 Previous best codebleu 94.55
  ********************
 Achieve Best bleu:94.58
  ********************

***** Running evaluation *****
  Num examples = 28
  Batch size = 4
  epoch = 4
  eval_ppl = 4.5494363629453274e+94
  global_step = 281
  train_loss = 0.5297
  ********************
Previous best ppl:1.4190820061105549e+83
BLEU file: ./data/sstubs/3/validation.jsonl
  codebleu-4 = 94.15 	 Previous best codebleu 94.58
  ********************

***** Running evaluation *****
  Num examples = 28
  Batch size = 4
  epoch = 5
  eval_ppl = 3.168067282848209e+97
  global_step = 337
  train_loss = 0.6231
  ********************
Previous best ppl:1.4190820061105549e+83
BLEU file: ./data/sstubs/3/validation.jsonl
  codebleu-4 = 94.56 	 Previous best codebleu 94.58
  ********************

***** Running evaluation *****
  Num examples = 28
  Batch size = 4
  epoch = 6
  eval_ppl = 4.0682203172641215e+97
  global_step = 393
  train_loss = 0.2614
  ********************
Previous best ppl:1.4190820061105549e+83
BLEU file: ./data/sstubs/3/validation.jsonl
  codebleu-4 = 93.49 	 Previous best codebleu 94.58
  ********************
early stopping!!!
reload model from sstubs/3/hard8_codet5p_770m/checkpoint-best-bleu
BLEU file: ./data/sstubs/3/test.jsonl
  codebleu = 95.04 
  Total = 27 
  Exact Fixed = 14 
[4, 5, 6, 7, 8, 10, 11, 12, 16, 22, 23, 25, 26, 27]
  Syntax Fixed = 0 
[]
  Cleaned Fixed = 0 
[]
  ********************
  Total = 27 
  Exact Fixed = 14 
[4, 5, 6, 7, 8, 10, 11, 12, 16, 22, 23, 25, 26, 27]
  Syntax Fixed = 0 
[]
  Cleaned Fixed = 0 
[]
  codebleu = 95.04 
[0.9270405384522935, 0.881869732718652, 0.9548431641738979, 1.0, 1.0, 1.0, 1.0, 1.0, 0.936752055107628, 1.0, 1.0, 1.0, 0.8977573831682686, 0.963531800540206, 0.7888431522760508, 1.0, 0.8648103351245982, 0.8186995567252285, 0.9490051755223876, 0.9543920430664012, 0.8459152611805056, 1.0, 1.0, 0.8772724139191397, 1.0, 1.0, 1.0]
Finish training and take 6m
Namespace(log_name='./result/sstubs/3/hard8_codet5p_770m.log', model_name='Salesforce/codet5p-770m', lang='java', output_dir='result/sstubs/3/hard8_codet5p_770m', data_dir='./data/sstubs/3', no_cuda=False, visible_gpu='0', num_train_epochs=10, num_test_epochs=1, train_batch_size=4, eval_batch_size=4, gradient_accumulation_steps=1, load_model_path=None, config_name='', tokenizer_name='', max_source_length=512, max_target_length=512, warm_up_ratio=0.1, do_train=True, do_eval=True, do_test=True, freeze=False, learning_rate=5e-05, beam_size=10, weight_decay=0.0, adam_epsilon=1e-08, local_rank=-1, seed=42, early_stop_threshold=3)
Process rank: -1, device: cuda, n_gpu: 1, distributed training: False
Model created!!
[[{'text': 'Fix', 'loss_ids': 0, 'shortenable_ids': 0}, {'text': ' @ConditionalOnMissingBean    RSocketServerBootstrap rSocketServerBootstrap(RSocketServerFactory rSocketServerFactory,      RSocketMessageHandler rSocketMessageHandler) {    return new RSocketServerBootstrap(rSocketServerFactory, rSocketMessageHandler.serverAcceptor());    }   }', 'loss_ids': 0, 'shortenable_ids': 1}, {'text': '<mask>', 'loss_ids': 1, 'shortenable_ids': 0}, {'text': ' is fixed program', 'loss_ids': 0, 'shortenable_ids': 0}], {'guid': 0, 'tgt_text': '@ConditionalOnMissingBean    RSocketServerBootstrap rSocketServerBootstrap(RSocketServerFactory rSocketServerFactory,      RSocketMessageHandler rSocketMessageHandler) {    return new RSocketServerBootstrap(rSocketServerFactory, rSocketMessageHandler.serverResponder());    }   }'}]
***** Running training *****
  Num examples = 260
  Batch size = 4
  Num epoch = 10

***** Running evaluation *****
  Num examples = 32
  Batch size = 4
  epoch = 0
  eval_ppl = 1.7522385815270143e+109
  global_step = 66
  train_loss = 15.8273
  ********************
Previous best ppl:inf
Achieve Best ppl:1.7522385815270143e+109
  ********************
BLEU file: ./data/sstubs/3/validation.jsonl
  codebleu-4 = 94.59 	 Previous best codebleu 0
  ********************
 Achieve Best bleu:94.59
  ********************

***** Running evaluation *****
  Num examples = 32
  Batch size = 4
  epoch = 1
  eval_ppl = 2.1422152538336402e+108
  global_step = 131
  train_loss = 3.6475
  ********************
Previous best ppl:1.7522385815270143e+109
Achieve Best ppl:2.1422152538336402e+108
  ********************
BLEU file: ./data/sstubs/3/validation.jsonl
  codebleu-4 = 87.76 	 Previous best codebleu 94.59
  ********************

***** Running evaluation *****
  Num examples = 32
  Batch size = 4
  epoch = 2
  eval_ppl = 2.1259203905566214e+107
  global_step = 196
  train_loss = 2.7616
  ********************
Previous best ppl:2.1422152538336402e+108
Achieve Best ppl:2.1259203905566214e+107
  ********************
BLEU file: ./data/sstubs/3/validation.jsonl
  codebleu-4 = 91.85 	 Previous best codebleu 94.59
  ********************

***** Running evaluation *****
  Num examples = 32
  Batch size = 4
  epoch = 3
  eval_ppl = 1.2219009629000301e+114
  global_step = 261
  train_loss = 1.0764
  ********************
Previous best ppl:2.1259203905566214e+107
BLEU file: ./data/sstubs/3/validation.jsonl
  codebleu-4 = 93.97 	 Previous best codebleu 94.59
  ********************

***** Running evaluation *****
  Num examples = 32
  Batch size = 4
  epoch = 4
  eval_ppl = 2.064094572037959e+113
  global_step = 326
  train_loss = 0.6252
  ********************
Previous best ppl:2.1259203905566214e+107
BLEU file: ./data/sstubs/3/validation.jsonl
  codebleu-4 = 95.18 	 Previous best codebleu 94.59
  ********************
 Achieve Best bleu:95.18
  ********************

***** Running evaluation *****
  Num examples = 32
  Batch size = 4
  epoch = 5
  eval_ppl = 8.294781204965572e+111
  global_step = 391
  train_loss = 0.3715
  ********************
Previous best ppl:2.1259203905566214e+107
BLEU file: ./data/sstubs/3/validation.jsonl
  codebleu-4 = 95.18 	 Previous best codebleu 95.18
  ********************

***** Running evaluation *****
  Num examples = 32
  Batch size = 4
  epoch = 6
  eval_ppl = 1.0272318879313932e+114
  global_step = 456
  train_loss = 0.2003
  ********************
Previous best ppl:2.1259203905566214e+107
BLEU file: ./data/sstubs/3/validation.jsonl
  codebleu-4 = 95.32 	 Previous best codebleu 95.18
  ********************
 Achieve Best bleu:95.32
  ********************

***** Running evaluation *****
  Num examples = 32
  Batch size = 4
  epoch = 7
  eval_ppl = 8.098160467258782e+113
  global_step = 521
  train_loss = 0.1303
  ********************
Previous best ppl:2.1259203905566214e+107
BLEU file: ./data/sstubs/3/validation.jsonl
  codebleu-4 = 95.38 	 Previous best codebleu 95.32
  ********************
 Achieve Best bleu:95.38
  ********************

***** Running evaluation *****
  Num examples = 32
  Batch size = 4
  epoch = 8
  eval_ppl = 1.7269963544191576e+114
  global_step = 586
  train_loss = 0.1033
  ********************
Previous best ppl:2.1259203905566214e+107
BLEU file: ./data/sstubs/3/validation.jsonl
  codebleu-4 = 95.38 	 Previous best codebleu 95.38
  ********************

***** Running evaluation *****
  Num examples = 32
  Batch size = 4
  epoch = 9
  eval_ppl = 3.212937455563671e+114
  global_step = 651
  train_loss = 0.1
  ********************
Previous best ppl:2.1259203905566214e+107
BLEU file: ./data/sstubs/3/validation.jsonl
  codebleu-4 = 95.38 	 Previous best codebleu 95.38
  ********************
reload model from result/sstubs/3/hard8_codet5p_770m/checkpoint-best-bleu
BLEU file: ./data/sstubs/3/test.jsonl
  codebleu = 93.74 
  Total = 32 
  Exact Fixed = 15 
[2, 3, 4, 5, 7, 9, 10, 20, 21, 22, 23, 25, 26, 29, 31]
  Syntax Fixed = 0 
[]
  Cleaned Fixed = 0 
[]
  ********************
  Total = 32 
  Exact Fixed = 15 
[2, 3, 4, 5, 7, 9, 10, 20, 21, 22, 23, 25, 26, 29, 31]
  Syntax Fixed = 0 
[]
  Cleaned Fixed = 0 
[]
  codebleu = 93.74 
[0.9096354401872717, 1.0, 1.0, 1.0, 1.0, 0.681072945544059, 1.0, 0.6571227299905348, 1.0, 1.0, 0.9583676774082095, 0.9383022364276514, 0.8380551848499416, 0.9675420713984233, 0.8642531454411047, 0.9211131842675646, 0.9087584599564476, 0.920101844638672, 0.9520099029923956, 1.0, 1.0, 1.0, 1.0, 0.8619090595729861, 1.0, 1.0, 0.9362201886171708, 0.8885383842478122, 1.0, 0.8293897313556879, 1.0, 0.9658213973211704]
Finish training and take 17m
