Namespace(log_name='./sstubs/3/hard1_codet5p_220m.log', model_name='Salesforce/codet5p-220m', lang='java', output_dir='sstubs/3/hard1_codet5p_220m', data_dir='./data/sstubs/3', no_cuda=False, visible_gpu='0', num_train_epochs=10, num_test_epochs=1, train_batch_size=4, eval_batch_size=4, gradient_accumulation_steps=1, load_model_path=None, config_name='', tokenizer_name='', max_source_length=512, max_target_length=512, warm_up_ratio=0.1, do_train=True, do_eval=True, do_test=True, freeze=False, learning_rate=5e-05, beam_size=10, weight_decay=0.0, adam_epsilon=1e-08, local_rank=-1, seed=42, early_stop_threshold=3)
Process rank: -1, device: cuda, n_gpu: 1, distributed training: False
Model created!!
[[{'text': 'grammarBuilder.append("}\\n");    grammarBuilder.append("  : r=a ;\\n");    grammarBuilder.append("a : \'x\' { \\n");   grammarBuilder.append("fmt.Println(p.GetRuleInvocationStack(nil))\\n");    grammarBuilder.append("} ;");    String grammar = grammarBuilder.toString();    String input ="x";', 'loss_ids': 0, 'shortenable_ids': 1}, {'text': ' the fixed version is', 'loss_ids': 0, 'shortenable_ids': 0}, {'text': '<mask>', 'loss_ids': 1, 'shortenable_ids': 0}], {'guid': 0, 'tgt_text': 'grammarBuilder.append("}\\n");    grammarBuilder.append("  : r=a ;\\n");    grammarBuilder.append("a : \'x\' { \\n");   grammarBuilder.append("fmt.Println(antlr.PrintArrayJavaStyle(p.GetRuleInvocationStack(nil)))\\n");    grammarBuilder.append("} ;");    String grammar = grammarBuilder.toString();    String input ="x";'}]
***** Running training *****
  Num examples = 223
  Batch size = 4
  Num epoch = 10

***** Running evaluation *****
  Num examples = 28
  Batch size = 4
  epoch = 0
  eval_ppl = 2.3499953961110387e+100
  global_step = 57
  train_loss = 19.9391
  ********************
Previous best ppl:inf
Achieve Best ppl:2.3499953961110387e+100
  ********************
BLEU file: ./data/sstubs/3/validation.jsonl
  codebleu-4 = 93.92 	 Previous best codebleu 0
  ********************
 Achieve Best bleu:93.92
  ********************

***** Running evaluation *****
  Num examples = 28
  Batch size = 4
  epoch = 1
  eval_ppl = 7.014482621754566e+101
  global_step = 113
  train_loss = 5.2489
  ********************
Previous best ppl:2.3499953961110387e+100
BLEU file: ./data/sstubs/3/validation.jsonl
  codebleu-4 = 93.23 	 Previous best codebleu 93.92
  ********************

***** Running evaluation *****
  Num examples = 28
  Batch size = 4
  epoch = 2
  eval_ppl = 2.506846128890855e+105
  global_step = 169
  train_loss = 2.6264
  ********************
Previous best ppl:2.3499953961110387e+100
BLEU file: ./data/sstubs/3/validation.jsonl
  codebleu-4 = 92.28 	 Previous best codebleu 93.92
  ********************

***** Running evaluation *****
  Num examples = 28
  Batch size = 4
  epoch = 3
  eval_ppl = 3.750511808894497e+106
  global_step = 225
  train_loss = 1.3217
  ********************
Previous best ppl:2.3499953961110387e+100
BLEU file: ./data/sstubs/3/validation.jsonl
  codebleu-4 = 93.58 	 Previous best codebleu 93.92
  ********************
early stopping!!!
reload model from sstubs/3/hard1_codet5p_220m/checkpoint-best-bleu
BLEU file: ./data/sstubs/3/test.jsonl
  codebleu = 93.65 
  Total = 27 
  Exact Fixed = 8 
[4, 6, 8, 10, 11, 12, 22, 27]
  Syntax Fixed = 0 
[]
  Cleaned Fixed = 0 
[]
  ********************
  Total = 27 
  Exact Fixed = 8 
[4, 6, 8, 10, 11, 12, 22, 27]
  Syntax Fixed = 0 
[]
  Cleaned Fixed = 0 
[]
  codebleu = 93.65 
[0.9270405384522935, 0.881869732718652, 0.9548431641738979, 1.0, 0.9141000841539659, 1.0, 0.9324899456986018, 1.0, 0.936752055107628, 1.0, 1.0, 1.0, 0.8977573831682686, 0.963531800540206, 0.7888431522760508, 0.936752055107628, 0.8648103351245982, 0.8086995567252285, 0.9490051755223876, 0.9543920430664012, 0.8573835536643046, 1.0, 0.936752055107628, 0.8772724139191397, 0.936752055107628, 0.966410184624177, 1.0]
Finish training and take 1m
Namespace(log_name='./result/sstubs/3/hard1_codet5p_220m.log', model_name='Salesforce/codet5p-220m', lang='java', output_dir='result/sstubs/3/hard1_codet5p_220m', data_dir='./data/sstubs/3', no_cuda=False, visible_gpu='0', num_train_epochs=10, num_test_epochs=1, train_batch_size=4, eval_batch_size=4, gradient_accumulation_steps=1, load_model_path=None, config_name='', tokenizer_name='', max_source_length=512, max_target_length=512, warm_up_ratio=0.1, do_train=True, do_eval=True, do_test=True, freeze=False, learning_rate=5e-05, beam_size=10, weight_decay=0.0, adam_epsilon=1e-08, local_rank=-1, seed=42, early_stop_threshold=3)
Process rank: -1, device: cuda, n_gpu: 1, distributed training: False
Model created!!
[[{'text': '@ConditionalOnMissingBean    RSocketServerBootstrap rSocketServerBootstrap(RSocketServerFactory rSocketServerFactory,      RSocketMessageHandler rSocketMessageHandler) {    return new RSocketServerBootstrap(rSocketServerFactory, rSocketMessageHandler.serverAcceptor());    }   }', 'loss_ids': 0, 'shortenable_ids': 1}, {'text': ' the fixed version is', 'loss_ids': 0, 'shortenable_ids': 0}, {'text': '<mask>', 'loss_ids': 1, 'shortenable_ids': 0}], {'guid': 0, 'tgt_text': '@ConditionalOnMissingBean    RSocketServerBootstrap rSocketServerBootstrap(RSocketServerFactory rSocketServerFactory,      RSocketMessageHandler rSocketMessageHandler) {    return new RSocketServerBootstrap(rSocketServerFactory, rSocketMessageHandler.serverResponder());    }   }'}]
***** Running training *****
  Num examples = 260
  Batch size = 4
  Num epoch = 10

***** Running evaluation *****
  Num examples = 32
  Batch size = 4
  epoch = 0
  eval_ppl = 1.4219634031909864e+111
  global_step = 66
  train_loss = 18.9438
  ********************
Previous best ppl:inf
Achieve Best ppl:1.4219634031909864e+111
  ********************
BLEU file: ./data/sstubs/3/validation.jsonl
  codebleu-4 = 94.03 	 Previous best codebleu 0
  ********************
 Achieve Best bleu:94.03
  ********************

***** Running evaluation *****
  Num examples = 32
  Batch size = 4
  epoch = 1
  eval_ppl = 1.2290432680668593e+124
  global_step = 131
  train_loss = 4.4685
  ********************
Previous best ppl:1.4219634031909864e+111
BLEU file: ./data/sstubs/3/validation.jsonl
  codebleu-4 = 95.58 	 Previous best codebleu 94.03
  ********************
 Achieve Best bleu:95.58
  ********************

***** Running evaluation *****
  Num examples = 32
  Batch size = 4
  epoch = 2
  eval_ppl = 1.0304480589277899e+125
  global_step = 196
  train_loss = 2.2982
  ********************
Previous best ppl:1.4219634031909864e+111
BLEU file: ./data/sstubs/3/validation.jsonl
  codebleu-4 = 95.32 	 Previous best codebleu 95.58
  ********************

***** Running evaluation *****
  Num examples = 32
  Batch size = 4
  epoch = 3
  eval_ppl = 4.843016714958732e+128
  global_step = 261
  train_loss = 2.1488
  ********************
Previous best ppl:1.4219634031909864e+111
BLEU file: ./data/sstubs/3/validation.jsonl
  codebleu-4 = 94.8 	 Previous best codebleu 95.58
  ********************

***** Running evaluation *****
  Num examples = 32
  Batch size = 4
  epoch = 4
  eval_ppl = 9.93685612503742e+130
  global_step = 326
  train_loss = 0.952
  ********************
Previous best ppl:1.4219634031909864e+111
BLEU file: ./data/sstubs/3/validation.jsonl
  codebleu-4 = 95.38 	 Previous best codebleu 95.58
  ********************
early stopping!!!
reload model from result/sstubs/3/hard1_codet5p_220m/checkpoint-best-bleu
BLEU file: ./data/sstubs/3/test.jsonl
  codebleu = 92.91 
  Total = 32 
  Exact Fixed = 9 
[2, 3, 4, 5, 9, 10, 22, 23, 31]
  Syntax Fixed = 0 
[]
  Cleaned Fixed = 0 
[]
  ********************
  Total = 32 
  Exact Fixed = 9 
[2, 3, 4, 5, 9, 10, 22, 23, 31]
  Syntax Fixed = 0 
[]
  Cleaned Fixed = 0 
[]
  codebleu = 92.91 
[0.9096354401872717, 1.0, 1.0, 1.0, 1.0, 0.681072945544059, 0.9394161339970881, 0.6571227299905348, 1.0, 1.0, 0.9583676774082095, 0.9383022364276514, 0.8580551848499416, 0.9675420713984233, 0.8642531454411047, 0.9211131842675646, 0.9087584599564476, 0.920101844638672, 0.9520099029923956, 0.9394161339970881, 0.9556325881310865, 1.0, 1.0, 0.9269395879040604, 0.8954157051952711, 0.9498733743967636, 0.9362201886171708, 0.9052050509144789, 0.9521775318277603, 0.8293897313556879, 1.0, 0.9658213973211704]
Finish training and take 3m
