Namespace(log_name='./sstubs/3/hard0_codet5p_770m.log', model_name='Salesforce/codet5p-770m', lang='java', output_dir='sstubs/3/hard0_codet5p_770m', data_dir='./data/sstubs/3', no_cuda=False, visible_gpu='0', num_train_epochs=10, num_test_epochs=1, train_batch_size=4, eval_batch_size=4, gradient_accumulation_steps=1, load_model_path=None, config_name='', tokenizer_name='', max_source_length=512, max_target_length=512, warm_up_ratio=0.1, do_train=True, do_eval=True, do_test=True, freeze=False, learning_rate=5e-05, beam_size=10, weight_decay=0.0, adam_epsilon=1e-08, local_rank=-1, seed=42, early_stop_threshold=3)
Process rank: -1, device: cuda, n_gpu: 1, distributed training: False
Model created!!
[[{'text': 'grammarBuilder.append("}\\n");    grammarBuilder.append("  : r=a ;\\n");    grammarBuilder.append("a : \'x\' { \\n");   grammarBuilder.append("fmt.Println(p.GetRuleInvocationStack(nil))\\n");    grammarBuilder.append("} ;");    String grammar = grammarBuilder.toString();    String input ="x";', 'loss_ids': 0, 'shortenable_ids': 1}, {'text': '<mask>', 'loss_ids': 1, 'shortenable_ids': 0}, {'text': ' is the fixed version', 'loss_ids': 0, 'shortenable_ids': 0}], {'guid': 0, 'tgt_text': 'grammarBuilder.append("}\\n");    grammarBuilder.append("  : r=a ;\\n");    grammarBuilder.append("a : \'x\' { \\n");   grammarBuilder.append("fmt.Println(antlr.PrintArrayJavaStyle(p.GetRuleInvocationStack(nil)))\\n");    grammarBuilder.append("} ;");    String grammar = grammarBuilder.toString();    String input ="x";'}]
***** Running training *****
  Num examples = 223
  Batch size = 4
  Num epoch = 10

***** Running evaluation *****
  Num examples = 28
  Batch size = 4
  epoch = 0
  eval_ppl = 2.1906429625772703e+94
  global_step = 57
  train_loss = 18.9694
  ********************
Previous best ppl:inf
Achieve Best ppl:2.1906429625772703e+94
  ********************
BLEU file: ./data/sstubs/3/validation.jsonl
  codebleu-4 = 93.78 	 Previous best codebleu 0
  ********************
 Achieve Best bleu:93.78
  ********************

***** Running evaluation *****
  Num examples = 28
  Batch size = 4
  epoch = 1
  eval_ppl = 2.5536080105962348e+93
  global_step = 113
  train_loss = 3.6552
  ********************
Previous best ppl:2.1906429625772703e+94
Achieve Best ppl:2.5536080105962348e+93
  ********************
BLEU file: ./data/sstubs/3/validation.jsonl
  codebleu-4 = 94.63 	 Previous best codebleu 93.78
  ********************
 Achieve Best bleu:94.63
  ********************

***** Running evaluation *****
  Num examples = 28
  Batch size = 4
  epoch = 2
  eval_ppl = 1.007453218789508e+98
  global_step = 169
  train_loss = 1.7818
  ********************
Previous best ppl:2.5536080105962348e+93
BLEU file: ./data/sstubs/3/validation.jsonl
  codebleu-4 = 94.74 	 Previous best codebleu 94.63
  ********************
 Achieve Best bleu:94.74
  ********************

***** Running evaluation *****
  Num examples = 28
  Batch size = 4
  epoch = 3
  eval_ppl = 5.402965833307402e+96
  global_step = 225
  train_loss = 0.9105
  ********************
Previous best ppl:2.5536080105962348e+93
BLEU file: ./data/sstubs/3/validation.jsonl
  codebleu-4 = 95.03 	 Previous best codebleu 94.74
  ********************
 Achieve Best bleu:95.03
  ********************

***** Running evaluation *****
  Num examples = 28
  Batch size = 4
  epoch = 4
  eval_ppl = 5.482714972923751e+100
  global_step = 281
  train_loss = 1.0684
  ********************
Previous best ppl:2.5536080105962348e+93
BLEU file: ./data/sstubs/3/validation.jsonl
  codebleu-4 = 94.53 	 Previous best codebleu 95.03
  ********************

***** Running evaluation *****
  Num examples = 28
  Batch size = 4
  epoch = 5
  eval_ppl = 4.6118042094208664e+100
  global_step = 337
  train_loss = 0.6943
  ********************
Previous best ppl:2.5536080105962348e+93
BLEU file: ./data/sstubs/3/validation.jsonl
  codebleu-4 = 95.1 	 Previous best codebleu 95.03
  ********************
 Achieve Best bleu:95.1
  ********************

***** Running evaluation *****
  Num examples = 28
  Batch size = 4
  epoch = 6
  eval_ppl = 8.995413188646094e+102
  global_step = 393
  train_loss = 0.5325
  ********************
Previous best ppl:2.5536080105962348e+93
BLEU file: ./data/sstubs/3/validation.jsonl
  codebleu-4 = 95.1 	 Previous best codebleu 95.1
  ********************

***** Running evaluation *****
  Num examples = 28
  Batch size = 4
  epoch = 7
  eval_ppl = 1.4802562867508146e+104
  global_step = 449
  train_loss = 0.438
  ********************
Previous best ppl:2.5536080105962348e+93
BLEU file: ./data/sstubs/3/validation.jsonl
  codebleu-4 = 95.1 	 Previous best codebleu 95.1
  ********************

***** Running evaluation *****
  Num examples = 28
  Batch size = 4
  epoch = 8
  eval_ppl = 2.001377558892218e+104
  global_step = 505
  train_loss = 0.1869
  ********************
Previous best ppl:2.5536080105962348e+93
BLEU file: ./data/sstubs/3/validation.jsonl
  codebleu-4 = 95.1 	 Previous best codebleu 95.1
  ********************
early stopping!!!
reload model from sstubs/3/hard0_codet5p_770m/checkpoint-best-bleu
BLEU file: ./data/sstubs/3/test.jsonl
  codebleu = 95.31 
  Total = 27 
  Exact Fixed = 15 
[1, 4, 5, 6, 7, 8, 10, 11, 12, 16, 22, 23, 25, 26, 27]
  Syntax Fixed = 0 
[]
  Cleaned Fixed = 0 
[]
  ********************
  Total = 27 
  Exact Fixed = 15 
[1, 4, 5, 6, 7, 8, 10, 11, 12, 16, 22, 23, 25, 26, 27]
  Syntax Fixed = 0 
[]
  Cleaned Fixed = 0 
[]
  codebleu = 95.31 
[1.0, 0.881869732718652, 0.9548431641738979, 1.0, 1.0, 1.0, 1.0, 1.0, 0.936752055107628, 1.0, 1.0, 1.0, 0.8977573831682686, 0.963531800540206, 0.7888431522760508, 1.0, 0.8648103351245982, 0.8186995567252285, 0.9490051755223876, 0.9543920430664012, 0.8459152611805056, 1.0, 1.0, 0.8772724139191397, 1.0, 1.0, 1.0]
Finish training and take 13m
Namespace(log_name='./result/sstubs/3/hard0_codet5p_770m.log', model_name='Salesforce/codet5p-770m', lang='java', output_dir='result/sstubs/3/hard0_codet5p_770m', data_dir='./data/sstubs/3', no_cuda=False, visible_gpu='0', num_train_epochs=10, num_test_epochs=1, train_batch_size=4, eval_batch_size=4, gradient_accumulation_steps=1, load_model_path=None, config_name='', tokenizer_name='', max_source_length=512, max_target_length=512, warm_up_ratio=0.1, do_train=True, do_eval=True, do_test=True, freeze=False, learning_rate=5e-05, beam_size=10, weight_decay=0.0, adam_epsilon=1e-08, local_rank=-1, seed=42, early_stop_threshold=3)
Process rank: -1, device: cuda, n_gpu: 1, distributed training: False
Model created!!
[[{'text': '@ConditionalOnMissingBean    RSocketServerBootstrap rSocketServerBootstrap(RSocketServerFactory rSocketServerFactory,      RSocketMessageHandler rSocketMessageHandler) {    return new RSocketServerBootstrap(rSocketServerFactory, rSocketMessageHandler.serverAcceptor());    }   }', 'loss_ids': 0, 'shortenable_ids': 1}, {'text': '<mask>', 'loss_ids': 1, 'shortenable_ids': 0}, {'text': ' is the fixed version', 'loss_ids': 0, 'shortenable_ids': 0}], {'guid': 0, 'tgt_text': '@ConditionalOnMissingBean    RSocketServerBootstrap rSocketServerBootstrap(RSocketServerFactory rSocketServerFactory,      RSocketMessageHandler rSocketMessageHandler) {    return new RSocketServerBootstrap(rSocketServerFactory, rSocketMessageHandler.serverResponder());    }   }'}]
***** Running training *****
  Num examples = 260
  Batch size = 4
  Num epoch = 10

***** Running evaluation *****
  Num examples = 32
  Batch size = 4
  epoch = 0
  eval_ppl = 7.453543217699545e+108
  global_step = 66
  train_loss = 16.6462
  ********************
Previous best ppl:inf
Achieve Best ppl:7.453543217699545e+108
  ********************
BLEU file: ./data/sstubs/3/validation.jsonl
  codebleu-4 = 93.62 	 Previous best codebleu 0
  ********************
 Achieve Best bleu:93.62
  ********************

***** Running evaluation *****
  Num examples = 32
  Batch size = 4
  epoch = 1
  eval_ppl = 2.4748173740449554e+106
  global_step = 131
  train_loss = 3.5662
  ********************
Previous best ppl:7.453543217699545e+108
Achieve Best ppl:2.4748173740449554e+106
  ********************
BLEU file: ./data/sstubs/3/validation.jsonl
  codebleu-4 = 93.69 	 Previous best codebleu 93.62
  ********************
 Achieve Best bleu:93.69
  ********************

***** Running evaluation *****
  Num examples = 32
  Batch size = 4
  epoch = 2
  eval_ppl = 3.0956929360492406e+111
  global_step = 196
  train_loss = 1.6477
  ********************
Previous best ppl:2.4748173740449554e+106
BLEU file: ./data/sstubs/3/validation.jsonl
  codebleu-4 = 94.64 	 Previous best codebleu 93.69
  ********************
 Achieve Best bleu:94.64
  ********************

***** Running evaluation *****
  Num examples = 32
  Batch size = 4
  epoch = 3
  eval_ppl = 5.247679988200918e+110
  global_step = 261
  train_loss = 0.8361
  ********************
Previous best ppl:2.4748173740449554e+106
BLEU file: ./data/sstubs/3/validation.jsonl
  codebleu-4 = 95.04 	 Previous best codebleu 94.64
  ********************
 Achieve Best bleu:95.04
  ********************

***** Running evaluation *****
  Num examples = 32
  Batch size = 4
  epoch = 4
  eval_ppl = 6.697117534965505e+107
  global_step = 326
  train_loss = 0.6751
  ********************
Previous best ppl:2.4748173740449554e+106
BLEU file: ./data/sstubs/3/validation.jsonl
  codebleu-4 = 95.38 	 Previous best codebleu 95.04
  ********************
 Achieve Best bleu:95.38
  ********************

***** Running evaluation *****
  Num examples = 32
  Batch size = 4
  epoch = 5
  eval_ppl = 8.97536027755461e+98
  global_step = 391
  train_loss = 0.87
  ********************
Previous best ppl:2.4748173740449554e+106
Achieve Best ppl:8.97536027755461e+98
  ********************
BLEU file: ./data/sstubs/3/validation.jsonl
  codebleu-4 = 95.38 	 Previous best codebleu 95.38
  ********************

***** Running evaluation *****
  Num examples = 32
  Batch size = 4
  epoch = 6
  eval_ppl = 5.274230481863788e+106
  global_step = 456
  train_loss = 0.2684
  ********************
Previous best ppl:8.97536027755461e+98
BLEU file: ./data/sstubs/3/validation.jsonl
  codebleu-4 = 95.05 	 Previous best codebleu 95.38
  ********************

***** Running evaluation *****
  Num examples = 32
  Batch size = 4
  epoch = 7
  eval_ppl = 3.4575299547460967e+108
  global_step = 521
  train_loss = 0.0885
  ********************
Previous best ppl:8.97536027755461e+98
BLEU file: ./data/sstubs/3/validation.jsonl
  codebleu-4 = 95.38 	 Previous best codebleu 95.38
  ********************

***** Running evaluation *****
  Num examples = 32
  Batch size = 4
  epoch = 8
  eval_ppl = 3.457234964389185e+109
  global_step = 586
  train_loss = 0.0836
  ********************
Previous best ppl:8.97536027755461e+98
BLEU file: ./data/sstubs/3/validation.jsonl
  codebleu-4 = 94.87 	 Previous best codebleu 95.38
  ********************
early stopping!!!
reload model from result/sstubs/3/hard0_codet5p_770m/checkpoint-best-bleu
BLEU file: ./data/sstubs/3/test.jsonl
  codebleu = 93.05 
  Total = 32 
  Exact Fixed = 14 
[2, 3, 4, 5, 7, 9, 10, 20, 21, 22, 23, 26, 29, 31]
  Syntax Fixed = 0 
[]
  Cleaned Fixed = 0 
[]
  ********************
  Total = 32 
  Exact Fixed = 14 
[2, 3, 4, 5, 7, 9, 10, 20, 21, 22, 23, 26, 29, 31]
  Syntax Fixed = 0 
[]
  Cleaned Fixed = 0 
[]
  codebleu = 93.05 
[0.9096354401872717, 1.0, 1.0, 1.0, 1.0, 0.681072945544059, 1.0, 0.6571227299905348, 1.0, 1.0, 0.9583676774082095, 0.9383022364276514, 0.7980551848499416, 0.9675420713984233, 0.8642531454411047, 0.9211131842675646, 0.7818545269756302, 0.920101844638672, 0.9520099029923956, 1.0, 1.0, 1.0, 1.0, 0.9259520853518541, 0.8954157051952711, 1.0, 0.9362201886171708, 0.8885383842478122, 1.0, 0.8293897313556879, 1.0, 0.9515356830354562]
Finish training and take 11m
