Namespace(log_name='./sstubs/3/hard1_codet5p_770m.log', model_name='Salesforce/codet5p-770m', lang='java', output_dir='sstubs/3/hard1_codet5p_770m', data_dir='./data/sstubs/3', no_cuda=False, visible_gpu='0', num_train_epochs=10, num_test_epochs=1, train_batch_size=4, eval_batch_size=4, gradient_accumulation_steps=1, load_model_path=None, config_name='', tokenizer_name='', max_source_length=512, max_target_length=512, warm_up_ratio=0.1, do_train=True, do_eval=True, do_test=True, freeze=False, learning_rate=5e-05, beam_size=10, weight_decay=0.0, adam_epsilon=1e-08, local_rank=-1, seed=42, early_stop_threshold=3)
Process rank: -1, device: cuda, n_gpu: 1, distributed training: False
Model created!!
[[{'text': 'grammarBuilder.append("}\\n");    grammarBuilder.append("  : r=a ;\\n");    grammarBuilder.append("a : \'x\' { \\n");   grammarBuilder.append("fmt.Println(p.GetRuleInvocationStack(nil))\\n");    grammarBuilder.append("} ;");    String grammar = grammarBuilder.toString();    String input ="x";', 'loss_ids': 0, 'shortenable_ids': 1}, {'text': ' the fixed version is', 'loss_ids': 0, 'shortenable_ids': 0}, {'text': '<mask>', 'loss_ids': 1, 'shortenable_ids': 0}], {'guid': 0, 'tgt_text': 'grammarBuilder.append("}\\n");    grammarBuilder.append("  : r=a ;\\n");    grammarBuilder.append("a : \'x\' { \\n");   grammarBuilder.append("fmt.Println(antlr.PrintArrayJavaStyle(p.GetRuleInvocationStack(nil)))\\n");    grammarBuilder.append("} ;");    String grammar = grammarBuilder.toString();    String input ="x";'}]
***** Running training *****
  Num examples = 223
  Batch size = 4
  Num epoch = 10

***** Running evaluation *****
  Num examples = 28
  Batch size = 4
  epoch = 0
  eval_ppl = 5.171559980599503e+96
  global_step = 57
  train_loss = 19.4031
  ********************
Previous best ppl:inf
Achieve Best ppl:5.171559980599503e+96
  ********************
BLEU file: ./data/sstubs/3/validation.jsonl
  codebleu-4 = 93.78 	 Previous best codebleu 0
  ********************
 Achieve Best bleu:93.78
  ********************

***** Running evaluation *****
  Num examples = 28
  Batch size = 4
  epoch = 1
  eval_ppl = 1.7746905862987716e+91
  global_step = 113
  train_loss = 3.7485
  ********************
Previous best ppl:5.171559980599503e+96
Achieve Best ppl:1.7746905862987716e+91
  ********************
BLEU file: ./data/sstubs/3/validation.jsonl
  codebleu-4 = 94.58 	 Previous best codebleu 93.78
  ********************
 Achieve Best bleu:94.58
  ********************

***** Running evaluation *****
  Num examples = 28
  Batch size = 4
  epoch = 2
  eval_ppl = 2.7543432625754246e+96
  global_step = 169
  train_loss = 3.9056
  ********************
Previous best ppl:1.7746905862987716e+91
BLEU file: ./data/sstubs/3/validation.jsonl
  codebleu-4 = 91.95 	 Previous best codebleu 94.58
  ********************

***** Running evaluation *****
  Num examples = 28
  Batch size = 4
  epoch = 3
  eval_ppl = 5.618472002958196e+99
  global_step = 225
  train_loss = 2.8279
  ********************
Previous best ppl:1.7746905862987716e+91
BLEU file: ./data/sstubs/3/validation.jsonl
  codebleu-4 = 92.4 	 Previous best codebleu 94.58
  ********************

***** Running evaluation *****
  Num examples = 28
  Batch size = 4
  epoch = 4
  eval_ppl = 2.5121303887137413e+105
  global_step = 281
  train_loss = 1.2486
  ********************
Previous best ppl:1.7746905862987716e+91
BLEU file: ./data/sstubs/3/validation.jsonl
  codebleu-4 = 93.28 	 Previous best codebleu 94.58
  ********************
early stopping!!!
reload model from sstubs/3/hard1_codet5p_770m/checkpoint-best-bleu
BLEU file: ./data/sstubs/3/test.jsonl
  codebleu = 94.51 
  Total = 27 
  Exact Fixed = 13 
[4, 5, 6, 8, 10, 11, 12, 16, 22, 23, 25, 26, 27]
  Syntax Fixed = 1 
[7]
  Cleaned Fixed = 0 
[]
  ********************
  Total = 27 
  Exact Fixed = 13 
[4, 5, 6, 8, 10, 11, 12, 16, 22, 23, 25, 26, 27]
  Syntax Fixed = 1 
[7]
  Cleaned Fixed = 0 
[]
  codebleu = 94.51 
[0.9270405384522935, 0.881869732718652, 0.9548431641738979, 1.0, 1.0, 1.0, 0.9699899456986019, 1.0, 0.936752055107628, 1.0, 1.0, 1.0, 0.8977573831682686, 0.963531800540206, 0.7888431522760508, 1.0, 0.8648103351245982, 0.7065972958401762, 0.9490051755223876, 0.9543920430664012, 0.8459152611805056, 1.0, 1.0, 0.8772724139191397, 1.0, 1.0, 1.0]
Finish training and take 4m
Namespace(log_name='./result/sstubs/3/hard1_codet5p_770m.log', model_name='Salesforce/codet5p-770m', lang='java', output_dir='result/sstubs/3/hard1_codet5p_770m', data_dir='./data/sstubs/3', no_cuda=False, visible_gpu='0', num_train_epochs=10, num_test_epochs=1, train_batch_size=4, eval_batch_size=4, gradient_accumulation_steps=1, load_model_path=None, config_name='', tokenizer_name='', max_source_length=512, max_target_length=512, warm_up_ratio=0.1, do_train=True, do_eval=True, do_test=True, freeze=False, learning_rate=5e-05, beam_size=10, weight_decay=0.0, adam_epsilon=1e-08, local_rank=-1, seed=42, early_stop_threshold=3)
Process rank: -1, device: cuda, n_gpu: 1, distributed training: False
Model created!!
[[{'text': '@ConditionalOnMissingBean    RSocketServerBootstrap rSocketServerBootstrap(RSocketServerFactory rSocketServerFactory,      RSocketMessageHandler rSocketMessageHandler) {    return new RSocketServerBootstrap(rSocketServerFactory, rSocketMessageHandler.serverAcceptor());    }   }', 'loss_ids': 0, 'shortenable_ids': 1}, {'text': ' the fixed version is', 'loss_ids': 0, 'shortenable_ids': 0}, {'text': '<mask>', 'loss_ids': 1, 'shortenable_ids': 0}], {'guid': 0, 'tgt_text': '@ConditionalOnMissingBean    RSocketServerBootstrap rSocketServerBootstrap(RSocketServerFactory rSocketServerFactory,      RSocketMessageHandler rSocketMessageHandler) {    return new RSocketServerBootstrap(rSocketServerFactory, rSocketMessageHandler.serverResponder());    }   }'}]
***** Running training *****
  Num examples = 260
  Batch size = 4
  Num epoch = 10

***** Running evaluation *****
  Num examples = 32
  Batch size = 4
  epoch = 0
  eval_ppl = 5.684940771785826e+107
  global_step = 66
  train_loss = 17.8715
  ********************
Previous best ppl:inf
Achieve Best ppl:5.684940771785826e+107
  ********************
BLEU file: ./data/sstubs/3/validation.jsonl
  codebleu-4 = 92.5 	 Previous best codebleu 0
  ********************
 Achieve Best bleu:92.5
  ********************

***** Running evaluation *****
  Num examples = 32
  Batch size = 4
  epoch = 1
  eval_ppl = 1.0741617597858083e+112
  global_step = 131
  train_loss = 3.6614
  ********************
Previous best ppl:5.684940771785826e+107
BLEU file: ./data/sstubs/3/validation.jsonl
  codebleu-4 = 94.0 	 Previous best codebleu 92.5
  ********************
 Achieve Best bleu:94.0
  ********************

***** Running evaluation *****
  Num examples = 32
  Batch size = 4
  epoch = 2
  eval_ppl = 5.252514636985072e+113
  global_step = 196
  train_loss = 1.6947
  ********************
Previous best ppl:5.684940771785826e+107
BLEU file: ./data/sstubs/3/validation.jsonl
  codebleu-4 = 94.22 	 Previous best codebleu 94.0
  ********************
 Achieve Best bleu:94.22
  ********************

***** Running evaluation *****
  Num examples = 32
  Batch size = 4
  epoch = 3
  eval_ppl = 1.6483632693388174e+113
  global_step = 261
  train_loss = 0.5733
  ********************
Previous best ppl:5.684940771785826e+107
BLEU file: ./data/sstubs/3/validation.jsonl
  codebleu-4 = 94.86 	 Previous best codebleu 94.22
  ********************
 Achieve Best bleu:94.86
  ********************

***** Running evaluation *****
  Num examples = 32
  Batch size = 4
  epoch = 4
  eval_ppl = 1.0067876838530394e+115
  global_step = 326
  train_loss = 0.4684
  ********************
Previous best ppl:5.684940771785826e+107
BLEU file: ./data/sstubs/3/validation.jsonl
  codebleu-4 = 95.05 	 Previous best codebleu 94.86
  ********************
 Achieve Best bleu:95.05
  ********************

***** Running evaluation *****
  Num examples = 32
  Batch size = 4
  epoch = 5
  eval_ppl = 1.1604694090354077e+116
  global_step = 391
  train_loss = 0.2073
  ********************
Previous best ppl:5.684940771785826e+107
BLEU file: ./data/sstubs/3/validation.jsonl
  codebleu-4 = 94.33 	 Previous best codebleu 95.05
  ********************

***** Running evaluation *****
  Num examples = 32
  Batch size = 4
  epoch = 6
  eval_ppl = 6.504114777811949e+117
  global_step = 456
  train_loss = 0.2304
  ********************
Previous best ppl:5.684940771785826e+107
BLEU file: ./data/sstubs/3/validation.jsonl
  codebleu-4 = 94.42 	 Previous best codebleu 95.05
  ********************

***** Running evaluation *****
  Num examples = 32
  Batch size = 4
  epoch = 7
  eval_ppl = 3.9206990216758896e+116
  global_step = 521
  train_loss = 0.2295
  ********************
Previous best ppl:5.684940771785826e+107
BLEU file: ./data/sstubs/3/validation.jsonl
  codebleu-4 = 94.85 	 Previous best codebleu 95.05
  ********************
early stopping!!!
reload model from result/sstubs/3/hard1_codet5p_770m/checkpoint-best-bleu
BLEU file: ./data/sstubs/3/test.jsonl
  codebleu = 92.04 
  Total = 32 
  Exact Fixed = 13 
[2, 3, 4, 7, 9, 10, 20, 21, 22, 23, 26, 29, 31]
  Syntax Fixed = 0 
[]
  Cleaned Fixed = 0 
[]
  ********************
  Total = 32 
  Exact Fixed = 13 
[2, 3, 4, 7, 9, 10, 20, 21, 22, 23, 26, 29, 31]
  Syntax Fixed = 0 
[]
  Cleaned Fixed = 0 
[]
  codebleu = 92.04 
[0.9096354401872717, 1.0, 1.0, 1.0, 0.8350144936786728, 0.681072945544059, 1.0, 0.6571227299905348, 1.0, 1.0, 0.9583676774082095, 0.9383022364276514, 0.8580551848499416, 0.9675420713984233, 0.8642531454411047, 0.9211131842675646, 0.8639135239426803, 0.940101844638672, 0.9520099029923956, 1.0, 1.0, 1.0, 1.0, 0.7872265748096233, 0.7132880005197816, 1.0, 0.9362201886171708, 0.8885383842478122, 1.0, 0.8293897313556879, 1.0, 0.9515356830354562]
Finish training and take 9m
