Namespace(log_name='./sstubs/3/hard3_codet5p_220m.log', model_name='Salesforce/codet5p-220m', lang='java', output_dir='sstubs/3/hard3_codet5p_220m', data_dir='./data/sstubs/3', no_cuda=False, visible_gpu='0', num_train_epochs=10, num_test_epochs=1, train_batch_size=4, eval_batch_size=4, gradient_accumulation_steps=1, load_model_path=None, config_name='', tokenizer_name='', max_source_length=512, max_target_length=512, warm_up_ratio=0.1, do_train=True, do_eval=True, do_test=True, freeze=False, learning_rate=5e-05, beam_size=10, weight_decay=0.0, adam_epsilon=1e-08, local_rank=-1, seed=42, early_stop_threshold=3)
Process rank: -1, device: cuda, n_gpu: 1, distributed training: False
Model created!!
[[{'text': 'Fix', 'loss_ids': 0, 'shortenable_ids': 0}, {'text': ' grammarBuilder.append("}\\n");    grammarBuilder.append("  : r=a ;\\n");    grammarBuilder.append("a : \'x\' { \\n");   grammarBuilder.append("fmt.Println(p.GetRuleInvocationStack(nil))\\n");    grammarBuilder.append("} ;");    String grammar = grammarBuilder.toString();    String input ="x";', 'loss_ids': 0, 'shortenable_ids': 1}, {'text': ' fixed program is', 'loss_ids': 0, 'shortenable_ids': 0}, {'text': '<mask>', 'loss_ids': 1, 'shortenable_ids': 0}], {'guid': 0, 'tgt_text': 'grammarBuilder.append("}\\n");    grammarBuilder.append("  : r=a ;\\n");    grammarBuilder.append("a : \'x\' { \\n");   grammarBuilder.append("fmt.Println(antlr.PrintArrayJavaStyle(p.GetRuleInvocationStack(nil)))\\n");    grammarBuilder.append("} ;");    String grammar = grammarBuilder.toString();    String input ="x";'}]
***** Running training *****
  Num examples = 223
  Batch size = 4
  Num epoch = 10

***** Running evaluation *****
  Num examples = 28
  Batch size = 4
  epoch = 0
  eval_ppl = 1.8240463913486947e+98
  global_step = 57
  train_loss = 17.908
  ********************
Previous best ppl:inf
Achieve Best ppl:1.8240463913486947e+98
  ********************
BLEU file: ./data/sstubs/3/validation.jsonl
  codebleu-4 = 92.49 	 Previous best codebleu 0
  ********************
 Achieve Best bleu:92.49
  ********************

***** Running evaluation *****
  Num examples = 28
  Batch size = 4
  epoch = 1
  eval_ppl = 2.24250673631494e+105
  global_step = 113
  train_loss = 4.9875
  ********************
Previous best ppl:1.8240463913486947e+98
BLEU file: ./data/sstubs/3/validation.jsonl
  codebleu-4 = 93.02 	 Previous best codebleu 92.49
  ********************
 Achieve Best bleu:93.02
  ********************

***** Running evaluation *****
  Num examples = 28
  Batch size = 4
  epoch = 2
  eval_ppl = 2.06772263566814e+112
  global_step = 169
  train_loss = 2.6267
  ********************
Previous best ppl:1.8240463913486947e+98
BLEU file: ./data/sstubs/3/validation.jsonl
  codebleu-4 = 94.08 	 Previous best codebleu 93.02
  ********************
 Achieve Best bleu:94.08
  ********************

***** Running evaluation *****
  Num examples = 28
  Batch size = 4
  epoch = 3
  eval_ppl = 7.722065648851029e+111
  global_step = 225
  train_loss = 1.3278
  ********************
Previous best ppl:1.8240463913486947e+98
BLEU file: ./data/sstubs/3/validation.jsonl
  codebleu-4 = 93.65 	 Previous best codebleu 94.08
  ********************

***** Running evaluation *****
  Num examples = 28
  Batch size = 4
  epoch = 4
  eval_ppl = 2.3873685196655614e+109
  global_step = 281
  train_loss = 0.9596
  ********************
Previous best ppl:1.8240463913486947e+98
BLEU file: ./data/sstubs/3/validation.jsonl
  codebleu-4 = 94.31 	 Previous best codebleu 94.08
  ********************
 Achieve Best bleu:94.31
  ********************

***** Running evaluation *****
  Num examples = 28
  Batch size = 4
  epoch = 5
  eval_ppl = 1.0217054146741154e+113
  global_step = 337
  train_loss = 0.5849
  ********************
Previous best ppl:1.8240463913486947e+98
BLEU file: ./data/sstubs/3/validation.jsonl
  codebleu-4 = 94.27 	 Previous best codebleu 94.31
  ********************

***** Running evaluation *****
  Num examples = 28
  Batch size = 4
  epoch = 6
  eval_ppl = 5.963264724867575e+113
  global_step = 393
  train_loss = 0.4265
  ********************
Previous best ppl:1.8240463913486947e+98
BLEU file: ./data/sstubs/3/validation.jsonl
  codebleu-4 = 94.27 	 Previous best codebleu 94.31
  ********************

***** Running evaluation *****
  Num examples = 28
  Batch size = 4
  epoch = 7
  eval_ppl = 1.3574806443267254e+114
  global_step = 449
  train_loss = 0.3292
  ********************
Previous best ppl:1.8240463913486947e+98
BLEU file: ./data/sstubs/3/validation.jsonl
  codebleu-4 = 94.27 	 Previous best codebleu 94.31
  ********************
early stopping!!!
reload model from sstubs/3/hard3_codet5p_220m/checkpoint-best-bleu
BLEU file: ./data/sstubs/3/test.jsonl
  codebleu = 95.27 
  Total = 27 
  Exact Fixed = 15 
[1, 4, 5, 6, 7, 8, 10, 11, 12, 16, 22, 23, 25, 26, 27]
  Syntax Fixed = 0 
[]
  Cleaned Fixed = 0 
[]
  ********************
  Total = 27 
  Exact Fixed = 15 
[1, 4, 5, 6, 7, 8, 10, 11, 12, 16, 22, 23, 25, 26, 27]
  Syntax Fixed = 0 
[]
  Cleaned Fixed = 0 
[]
  codebleu = 95.27 
[1.0, 0.881869732718652, 0.9548431641738979, 1.0, 1.0, 1.0, 1.0, 1.0, 0.936752055107628, 1.0, 1.0, 1.0, 0.8977573831682686, 0.963531800540206, 0.7888431522760508, 1.0, 0.8648103351245982, 0.8086995567252285, 0.9490051755223876, 0.9543920430664012, 0.8459152611805056, 1.0, 1.0, 0.8772724139191397, 1.0, 1.0, 1.0]
Finish training and take 2m
Namespace(log_name='./result/sstubs/3/hard3_codet5p_220m.log', model_name='Salesforce/codet5p-220m', lang='java', output_dir='result/sstubs/3/hard3_codet5p_220m', data_dir='./data/sstubs/3', no_cuda=False, visible_gpu='0', num_train_epochs=10, num_test_epochs=1, train_batch_size=4, eval_batch_size=4, gradient_accumulation_steps=1, load_model_path=None, config_name='', tokenizer_name='', max_source_length=512, max_target_length=512, warm_up_ratio=0.1, do_train=True, do_eval=True, do_test=True, freeze=False, learning_rate=5e-05, beam_size=10, weight_decay=0.0, adam_epsilon=1e-08, local_rank=-1, seed=42, early_stop_threshold=3)
Process rank: -1, device: cuda, n_gpu: 1, distributed training: False
Model created!!
[[{'text': 'Fix', 'loss_ids': 0, 'shortenable_ids': 0}, {'text': ' @ConditionalOnMissingBean    RSocketServerBootstrap rSocketServerBootstrap(RSocketServerFactory rSocketServerFactory,      RSocketMessageHandler rSocketMessageHandler) {    return new RSocketServerBootstrap(rSocketServerFactory, rSocketMessageHandler.serverAcceptor());    }   }', 'loss_ids': 0, 'shortenable_ids': 1}, {'text': ' fixed program is', 'loss_ids': 0, 'shortenable_ids': 0}, {'text': '<mask>', 'loss_ids': 1, 'shortenable_ids': 0}], {'guid': 0, 'tgt_text': '@ConditionalOnMissingBean    RSocketServerBootstrap rSocketServerBootstrap(RSocketServerFactory rSocketServerFactory,      RSocketMessageHandler rSocketMessageHandler) {    return new RSocketServerBootstrap(rSocketServerFactory, rSocketMessageHandler.serverResponder());    }   }'}]
***** Running training *****
  Num examples = 260
  Batch size = 4
  Num epoch = 10

***** Running evaluation *****
  Num examples = 32
  Batch size = 4
  epoch = 0
  eval_ppl = 5.2580931597591804e+115
  global_step = 66
  train_loss = 17.3462
  ********************
Previous best ppl:inf
Achieve Best ppl:5.2580931597591804e+115
  ********************
BLEU file: ./data/sstubs/3/validation.jsonl
  codebleu-4 = 94.85 	 Previous best codebleu 0
  ********************
 Achieve Best bleu:94.85
  ********************

***** Running evaluation *****
  Num examples = 32
  Batch size = 4
  epoch = 1
  eval_ppl = 6.4982239665268995e+128
  global_step = 131
  train_loss = 4.0249
  ********************
Previous best ppl:5.2580931597591804e+115
BLEU file: ./data/sstubs/3/validation.jsonl
  codebleu-4 = 95.48 	 Previous best codebleu 94.85
  ********************
 Achieve Best bleu:95.48
  ********************

***** Running evaluation *****
  Num examples = 32
  Batch size = 4
  epoch = 2
  eval_ppl = 1.5441313062207326e+131
  global_step = 196
  train_loss = 1.9363
  ********************
Previous best ppl:5.2580931597591804e+115
BLEU file: ./data/sstubs/3/validation.jsonl
  codebleu-4 = 94.51 	 Previous best codebleu 95.48
  ********************

***** Running evaluation *****
  Num examples = 32
  Batch size = 4
  epoch = 3
  eval_ppl = 4.2903051166815185e+131
  global_step = 261
  train_loss = 1.2554
  ********************
Previous best ppl:5.2580931597591804e+115
BLEU file: ./data/sstubs/3/validation.jsonl
  codebleu-4 = 95.45 	 Previous best codebleu 95.48
  ********************

***** Running evaluation *****
  Num examples = 32
  Batch size = 4
  epoch = 4
  eval_ppl = 5.113906671564615e+131
  global_step = 326
  train_loss = 0.6443
  ********************
Previous best ppl:5.2580931597591804e+115
BLEU file: ./data/sstubs/3/validation.jsonl
  codebleu-4 = 95.38 	 Previous best codebleu 95.48
  ********************
early stopping!!!
reload model from result/sstubs/3/hard3_codet5p_220m/checkpoint-best-bleu
BLEU file: ./data/sstubs/3/test.jsonl
  codebleu = 93.96 
  Total = 32 
  Exact Fixed = 14 
[2, 3, 4, 5, 7, 9, 10, 12, 20, 21, 22, 23, 25, 31]
  Syntax Fixed = 0 
[]
  Cleaned Fixed = 0 
[]
  ********************
  Total = 32 
  Exact Fixed = 14 
[2, 3, 4, 5, 7, 9, 10, 12, 20, 21, 22, 23, 25, 31]
  Syntax Fixed = 0 
[]
  Cleaned Fixed = 0 
[]
  codebleu = 93.96 
[0.9096354401872717, 1.0, 1.0, 1.0, 1.0, 0.681072945544059, 1.0, 0.6571227299905348, 1.0, 1.0, 0.9583676774082095, 1.0, 0.8580551848499416, 0.9675420713984233, 0.8642531454411047, 0.9211131842675646, 0.9087584599564476, 0.940101844638672, 0.9520099029923956, 1.0, 1.0, 1.0, 1.0, 0.9269395879040604, 1.0, 0.9498733743967636, 0.9362201886171708, 0.8885383842478122, 0.9521775318277603, 0.8293897313556879, 1.0, 0.9658213973211704]
Finish training and take 3m
