Namespace(log_name='./sstubs/3/hard4_codet5p_770m.log', model_name='Salesforce/codet5p-770m', lang='java', output_dir='sstubs/3/hard4_codet5p_770m', data_dir='./data/sstubs/3', no_cuda=False, visible_gpu='0', num_train_epochs=10, num_test_epochs=1, train_batch_size=4, eval_batch_size=4, gradient_accumulation_steps=1, load_model_path=None, config_name='', tokenizer_name='', max_source_length=512, max_target_length=512, warm_up_ratio=0.1, do_train=True, do_eval=True, do_test=True, freeze=False, learning_rate=5e-05, beam_size=10, weight_decay=0.0, adam_epsilon=1e-08, local_rank=-1, seed=42, early_stop_threshold=3)
Process rank: -1, device: cuda, n_gpu: 1, distributed training: False
Model created!!
[[{'text': 'Fix', 'loss_ids': 0, 'shortenable_ids': 0}, {'text': ' grammarBuilder.append("}\\n");    grammarBuilder.append("  : r=a ;\\n");    grammarBuilder.append("a : \'x\' { \\n");   grammarBuilder.append("fmt.Println(p.GetRuleInvocationStack(nil))\\n");    grammarBuilder.append("} ;");    String grammar = grammarBuilder.toString();    String input ="x";', 'loss_ids': 0, 'shortenable_ids': 1}, {'text': '<mask>', 'loss_ids': 1, 'shortenable_ids': 0}, {'text': ' is fixed program', 'loss_ids': 0, 'shortenable_ids': 0}], {'guid': 0, 'tgt_text': 'grammarBuilder.append("}\\n");    grammarBuilder.append("  : r=a ;\\n");    grammarBuilder.append("a : \'x\' { \\n");   grammarBuilder.append("fmt.Println(antlr.PrintArrayJavaStyle(p.GetRuleInvocationStack(nil)))\\n");    grammarBuilder.append("} ;");    String grammar = grammarBuilder.toString();    String input ="x";'}]
***** Running training *****
  Num examples = 223
  Batch size = 4
  Num epoch = 10

***** Running evaluation *****
  Num examples = 28
  Batch size = 4
  epoch = 0
  eval_ppl = 1.6895017523291318e+106
  global_step = 57
  train_loss = 16.6367
  ********************
Previous best ppl:inf
Achieve Best ppl:1.6895017523291318e+106
  ********************
BLEU file: ./data/sstubs/3/validation.jsonl
  codebleu-4 = 92.89 	 Previous best codebleu 0
  ********************
 Achieve Best bleu:92.89
  ********************

***** Running evaluation *****
  Num examples = 28
  Batch size = 4
  epoch = 1
  eval_ppl = 1.0831514703723268e+99
  global_step = 113
  train_loss = 3.6278
  ********************
Previous best ppl:1.6895017523291318e+106
Achieve Best ppl:1.0831514703723268e+99
  ********************
BLEU file: ./data/sstubs/3/validation.jsonl
  codebleu-4 = 93.85 	 Previous best codebleu 92.89
  ********************
 Achieve Best bleu:93.85
  ********************

***** Running evaluation *****
  Num examples = 28
  Batch size = 4
  epoch = 2
  eval_ppl = 2.9094052472040165e+100
  global_step = 169
  train_loss = 1.8597
  ********************
Previous best ppl:1.0831514703723268e+99
BLEU file: ./data/sstubs/3/validation.jsonl
  codebleu-4 = 89.77 	 Previous best codebleu 93.85
  ********************

***** Running evaluation *****
  Num examples = 28
  Batch size = 4
  epoch = 3
  eval_ppl = 1.0651116163364732e+97
  global_step = 225
  train_loss = 0.927
  ********************
Previous best ppl:1.0831514703723268e+99
Achieve Best ppl:1.0651116163364732e+97
  ********************
BLEU file: ./data/sstubs/3/validation.jsonl
Namespace(log_name='./sstubs/3/hard4_codet5p_770m.log', model_name='Salesforce/codet5p-770m', lang='java', output_dir='sstubs/3/hard4_codet5p_770m', data_dir='./data/sstubs/3', no_cuda=False, visible_gpu='0', num_train_epochs=10, num_test_epochs=1, train_batch_size=4, eval_batch_size=4, gradient_accumulation_steps=1, load_model_path=None, config_name='', tokenizer_name='', max_source_length=512, max_target_length=512, warm_up_ratio=0.1, do_train=True, do_eval=True, do_test=True, freeze=False, learning_rate=5e-05, beam_size=10, weight_decay=0.0, adam_epsilon=1e-08, local_rank=-1, seed=42, early_stop_threshold=3)
Process rank: -1, device: cuda, n_gpu: 1, distributed training: False
Model created!!
[[{'text': 'Fix', 'loss_ids': 0, 'shortenable_ids': 0}, {'text': ' grammarBuilder.append("}\\n");    grammarBuilder.append("  : r=a ;\\n");    grammarBuilder.append("a : \'x\' { \\n");   grammarBuilder.append("fmt.Println(p.GetRuleInvocationStack(nil))\\n");    grammarBuilder.append("} ;");    String grammar = grammarBuilder.toString();    String input ="x";', 'loss_ids': 0, 'shortenable_ids': 1}, {'text': '<mask>', 'loss_ids': 1, 'shortenable_ids': 0}, {'text': ' is fixed program', 'loss_ids': 0, 'shortenable_ids': 0}], {'guid': 0, 'tgt_text': 'grammarBuilder.append("}\\n");    grammarBuilder.append("  : r=a ;\\n");    grammarBuilder.append("a : \'x\' { \\n");   grammarBuilder.append("fmt.Println(antlr.PrintArrayJavaStyle(p.GetRuleInvocationStack(nil)))\\n");    grammarBuilder.append("} ;");    String grammar = grammarBuilder.toString();    String input ="x";'}]
***** Running training *****
  Num examples = 223
  Batch size = 4
  Num epoch = 10

***** Running evaluation *****
  Num examples = 28
  Batch size = 4
  epoch = 0
  eval_ppl = 1.6895017523291318e+106
  global_step = 57
  train_loss = 16.6367
  ********************
Previous best ppl:inf
Achieve Best ppl:1.6895017523291318e+106
  ********************
BLEU file: ./data/sstubs/3/validation.jsonl
  codebleu-4 = 93.17 	 Previous best codebleu 0
  ********************
 Achieve Best bleu:93.17
  ********************

***** Running evaluation *****
  Num examples = 28
  Batch size = 4
  epoch = 1
  eval_ppl = 1.0831514703723268e+99
  global_step = 113
  train_loss = 3.6278
  ********************
Previous best ppl:1.6895017523291318e+106
Achieve Best ppl:1.0831514703723268e+99
  ********************
BLEU file: ./data/sstubs/3/validation.jsonl
  codebleu-4 = 94.13 	 Previous best codebleu 93.17
  ********************
 Achieve Best bleu:94.13
  ********************

***** Running evaluation *****
  Num examples = 28
  Batch size = 4
  epoch = 2
  eval_ppl = 2.9094052472040165e+100
  global_step = 169
  train_loss = 1.8597
  ********************
Previous best ppl:1.0831514703723268e+99
BLEU file: ./data/sstubs/3/validation.jsonl
  codebleu-4 = 90.05 	 Previous best codebleu 94.13
  ********************

***** Running evaluation *****
  Num examples = 28
  Batch size = 4
  epoch = 3
  eval_ppl = 1.0651116163364732e+97
  global_step = 225
  train_loss = 0.927
  ********************
Previous best ppl:1.0831514703723268e+99
Achieve Best ppl:1.0651116163364732e+97
  ********************
BLEU file: ./data/sstubs/3/validation.jsonl
  codebleu-4 = 94.3 	 Previous best codebleu 94.13
  ********************
 Achieve Best bleu:94.3
  ********************

***** Running evaluation *****
  Num examples = 28
  Batch size = 4
  epoch = 4
  eval_ppl = 1.87935989427179e+100
  global_step = 281
  train_loss = 0.6628
  ********************
Previous best ppl:1.0651116163364732e+97
BLEU file: ./data/sstubs/3/validation.jsonl
  codebleu-4 = 93.75 	 Previous best codebleu 94.3
  ********************

***** Running evaluation *****
  Num examples = 28
  Batch size = 4
  epoch = 5
  eval_ppl = 5.394880140034219e+99
  global_step = 337
  train_loss = 0.4436
  ********************
Previous best ppl:1.0651116163364732e+97
BLEU file: ./data/sstubs/3/validation.jsonl
  codebleu-4 = 94.86 	 Previous best codebleu 94.3
  ********************
 Achieve Best bleu:94.86
  ********************

***** Running evaluation *****
  Num examples = 28
  Batch size = 4
  epoch = 6
  eval_ppl = 5.595288266036902e+92
  global_step = 393
  train_loss = 0.3664
  ********************
Previous best ppl:1.0651116163364732e+97
Achieve Best ppl:5.595288266036902e+92
  ********************
BLEU file: ./data/sstubs/3/validation.jsonl
  codebleu-4 = 94.86 	 Previous best codebleu 94.86
  ********************

***** Running evaluation *****
  Num examples = 28
  Batch size = 4
  epoch = 7
  eval_ppl = 7.231011643266667e+95
  global_step = 449
  train_loss = 0.2213
  ********************
Previous best ppl:5.595288266036902e+92
BLEU file: ./data/sstubs/3/validation.jsonl
  codebleu-4 = 94.86 	 Previous best codebleu 94.86
  ********************

***** Running evaluation *****
  Num examples = 28
  Batch size = 4
  epoch = 8
  eval_ppl = 3.931583316460653e+99
  global_step = 505
  train_loss = 0.1695
  ********************
Previous best ppl:5.595288266036902e+92
BLEU file: ./data/sstubs/3/validation.jsonl
  codebleu-4 = 94.86 	 Previous best codebleu 94.86
  ********************

***** Running evaluation *****
  Num examples = 28
  Batch size = 4
  epoch = 9
  eval_ppl = 7.330133523934202e+99
  global_step = 561
  train_loss = 0.1245
  ********************
Previous best ppl:5.595288266036902e+92
BLEU file: ./data/sstubs/3/validation.jsonl
  codebleu-4 = 94.86 	 Previous best codebleu 94.86
  ********************
early stopping!!!
reload model from sstubs/3/hard4_codet5p_770m/checkpoint-best-bleu
BLEU file: ./data/sstubs/3/test.jsonl
  codebleu = 95.0 
  Total = 27 
  Exact Fixed = 15 
[1, 4, 5, 6, 7, 8, 10, 11, 12, 16, 22, 23, 25, 26, 27]
  Syntax Fixed = 0 
[]
  Cleaned Fixed = 0 
[]
  ********************
  Total = 27 
  Exact Fixed = 15 
[1, 4, 5, 6, 7, 8, 10, 11, 12, 16, 22, 23, 25, 26, 27]
  Syntax Fixed = 0 
[]
  Cleaned Fixed = 0 
[]
  codebleu = 95.0 
[1.0, 0.881869732718652, 0.9548431641738979, 1.0, 1.0, 1.0, 1.0, 1.0, 0.936752055107628, 1.0, 1.0, 1.0, 0.8977573831682686, 0.963531800540206, 0.7143779115279977, 1.0, 0.8648103351245982, 0.8086995567252285, 0.9490051755223876, 0.9543920430664012, 0.8459152611805056, 1.0, 1.0, 0.8772724139191397, 1.0, 1.0, 1.0]
Finish training and take 9m
Namespace(log_name='./result/sstubs/3/hard4_codet5p_770m.log', model_name='Salesforce/codet5p-770m', lang='java', output_dir='result/sstubs/3/hard4_codet5p_770m', data_dir='./data/sstubs/3', no_cuda=False, visible_gpu='0', num_train_epochs=10, num_test_epochs=1, train_batch_size=4, eval_batch_size=4, gradient_accumulation_steps=1, load_model_path=None, config_name='', tokenizer_name='', max_source_length=512, max_target_length=512, warm_up_ratio=0.1, do_train=True, do_eval=True, do_test=True, freeze=False, learning_rate=5e-05, beam_size=10, weight_decay=0.0, adam_epsilon=1e-08, local_rank=-1, seed=42, early_stop_threshold=3)
Process rank: -1, device: cuda, n_gpu: 1, distributed training: False
Model created!!
[[{'text': 'Fix', 'loss_ids': 0, 'shortenable_ids': 0}, {'text': ' @ConditionalOnMissingBean    RSocketServerBootstrap rSocketServerBootstrap(RSocketServerFactory rSocketServerFactory,      RSocketMessageHandler rSocketMessageHandler) {    return new RSocketServerBootstrap(rSocketServerFactory, rSocketMessageHandler.serverAcceptor());    }   }', 'loss_ids': 0, 'shortenable_ids': 1}, {'text': '<mask>', 'loss_ids': 1, 'shortenable_ids': 0}, {'text': ' is fixed program', 'loss_ids': 0, 'shortenable_ids': 0}], {'guid': 0, 'tgt_text': '@ConditionalOnMissingBean    RSocketServerBootstrap rSocketServerBootstrap(RSocketServerFactory rSocketServerFactory,      RSocketMessageHandler rSocketMessageHandler) {    return new RSocketServerBootstrap(rSocketServerFactory, rSocketMessageHandler.serverResponder());    }   }'}]
***** Running training *****
  Num examples = 260
  Batch size = 4
  Num epoch = 10

***** Running evaluation *****
  Num examples = 32
  Batch size = 4
  epoch = 0
  eval_ppl = 1.0607683997717145e+111
  global_step = 66
  train_loss = 15.5689
  ********************
Previous best ppl:inf
Achieve Best ppl:1.0607683997717145e+111
  ********************
BLEU file: ./data/sstubs/3/validation.jsonl
  codebleu-4 = 94.74 	 Previous best codebleu 0
  ********************
 Achieve Best bleu:94.74
  ********************

***** Running evaluation *****
  Num examples = 32
  Batch size = 4
  epoch = 1
  eval_ppl = 3.65261319966261e+113
  global_step = 131
  train_loss = 3.3583
  ********************
Previous best ppl:1.0607683997717145e+111
BLEU file: ./data/sstubs/3/validation.jsonl
  codebleu-4 = 93.93 	 Previous best codebleu 94.74
  ********************

***** Running evaluation *****
  Num examples = 32
  Batch size = 4
  epoch = 2
  eval_ppl = 2.5882100531507805e+110
  global_step = 196
  train_loss = 1.7152
  ********************
Previous best ppl:1.0607683997717145e+111
Achieve Best ppl:2.5882100531507805e+110
  ********************
BLEU file: ./data/sstubs/3/validation.jsonl
  codebleu-4 = 94.3 	 Previous best codebleu 94.74
  ********************

***** Running evaluation *****
  Num examples = 32
  Batch size = 4
  epoch = 3
  eval_ppl = 7.085743181633757e+110
  global_step = 261
  train_loss = 2.4974
  ********************
Previous best ppl:2.5882100531507805e+110
BLEU file: ./data/sstubs/3/validation.jsonl
  codebleu-4 = 94.68 	 Previous best codebleu 94.74
  ********************

***** Running evaluation *****
  Num examples = 32
  Batch size = 4
  epoch = 4
  eval_ppl = 2.2197584811746949e+114
  global_step = 326
  train_loss = 0.7237
  ********************
Previous best ppl:2.5882100531507805e+110
BLEU file: ./data/sstubs/3/validation.jsonl
  codebleu-4 = 94.21 	 Previous best codebleu 94.74
  ********************

***** Running evaluation *****
  Num examples = 32
  Batch size = 4
  epoch = 5
  eval_ppl = 2.7876087372106106e+119
  global_step = 391
  train_loss = 0.3918
  ********************
Previous best ppl:2.5882100531507805e+110
BLEU file: ./data/sstubs/3/validation.jsonl
  codebleu-4 = 95.31 	 Previous best codebleu 94.74
  ********************
 Achieve Best bleu:95.31
  ********************

***** Running evaluation *****
  Num examples = 32
  Batch size = 4
  epoch = 6
  eval_ppl = 5.505736111442496e+118
  global_step = 456
  train_loss = 0.2312
  ********************
Previous best ppl:2.5882100531507805e+110
BLEU file: ./data/sstubs/3/validation.jsonl
  codebleu-4 = 95.31 	 Previous best codebleu 95.31
  ********************

***** Running evaluation *****
  Num examples = 32
  Batch size = 4
  epoch = 7
  eval_ppl = 6.395554735644971e+118
  global_step = 521
  train_loss = 0.1497
  ********************
Previous best ppl:2.5882100531507805e+110
BLEU file: ./data/sstubs/3/validation.jsonl
  codebleu-4 = 95.31 	 Previous best codebleu 95.31
  ********************

***** Running evaluation *****
  Num examples = 32
  Batch size = 4
  epoch = 8
  eval_ppl = 1.9673636220108335e+119
  global_step = 586
  train_loss = 0.1584
  ********************
Previous best ppl:2.5882100531507805e+110
BLEU file: ./data/sstubs/3/validation.jsonl
  codebleu-4 = 95.31 	 Previous best codebleu 95.31
  ********************
early stopping!!!
reload model from result/sstubs/3/hard4_codet5p_770m/checkpoint-best-bleu
BLEU file: ./data/sstubs/3/test.jsonl
  codebleu = 94.01 
  Total = 32 
  Exact Fixed = 15 
[2, 3, 4, 5, 7, 9, 10, 20, 21, 22, 23, 24, 26, 29, 31]
  Syntax Fixed = 0 
[]
  Cleaned Fixed = 0 
[]
  ********************
  Total = 32 
  Exact Fixed = 15 
[2, 3, 4, 5, 7, 9, 10, 20, 21, 22, 23, 24, 26, 29, 31]
  Syntax Fixed = 0 
[]
  Cleaned Fixed = 0 
[]
  codebleu = 94.01 
[0.9096354401872717, 1.0, 1.0, 1.0, 1.0, 0.681072945544059, 1.0, 0.7071227299905347, 1.0, 1.0, 0.9583676774082095, 0.9383022364276514, 0.8180551848499417, 0.9675420713984233, 0.8642531454411047, 0.9211131842675646, 0.9087584599564476, 0.940101844638672, 0.9520099029923956, 1.0, 1.0, 1.0, 1.0, 1.0, 0.8954157051952711, 1.0, 0.9362201886171708, 0.8885383842478122, 1.0, 0.8293897313556879, 1.0, 0.9658213973211704]
Finish training and take 9m
