Namespace(log_name='./result/sstubs/3/random4_codet5p_770m.log', model_name='Salesforce/codet5p-770m', lang='java', output_dir='result/sstubs/3/random4_codet5p_770m', data_dir='./data/sstubs/3', no_cuda=False, visible_gpu='0', num_train_epochs=10, num_test_epochs=1, train_batch_size=4, eval_batch_size=4, gradient_accumulation_steps=1, load_model_path=None, config_name='', tokenizer_name='', max_source_length=512, max_target_length=512, warm_up_ratio=0.1, do_train=True, do_eval=True, do_test=True, freeze=False, learning_rate=5e-05, beam_size=10, weight_decay=0.0, adam_epsilon=1e-08, local_rank=-1, seed=42, early_stop_threshold=3)
Process rank: -1, device: cuda, n_gpu: 1, distributed training: False
Model created!!
[[{'text': 'Fix', 'loss_ids': 0, 'shortenable_ids': 0}, {'text': ' @ConditionalOnMissingBean    RSocketServerBootstrap rSocketServerBootstrap(RSocketServerFactory rSocketServerFactory,      RSocketMessageHandler rSocketMessageHandler) {    return new RSocketServerBootstrap(rSocketServerFactory, rSocketMessageHandler.serverAcceptor());    }   }', 'loss_ids': 0, 'shortenable_ids': 1}, {'text': '<mask>', 'loss_ids': 1, 'shortenable_ids': 0}, {'text': 'is fixed program', 'loss_ids': 0, 'shortenable_ids': 0}], {'guid': 0, 'tgt_text': '@ConditionalOnMissingBean    RSocketServerBootstrap rSocketServerBootstrap(RSocketServerFactory rSocketServerFactory,      RSocketMessageHandler rSocketMessageHandler) {    return new RSocketServerBootstrap(rSocketServerFactory, rSocketMessageHandler.serverResponder());    }   }'}]
***** Running training *****
  Num examples = 260
  Batch size = 4
  Num epoch = 10

***** Running evaluation *****
  Num examples = 32
  Batch size = 4
  epoch = 0
  eval_ppl = 1.029082859931267e+106
  global_step = 66
  train_loss = 16.1426
  ********************
Previous best ppl:inf
Achieve Best ppl:1.029082859931267e+106
  ********************
BLEU file: ./data/sstubs/3/validation.jsonl
  codebleu-4 = 92.16 	 Previous best codebleu 0
  ********************
 Achieve Best bleu:92.16
  ********************

***** Running evaluation *****
  Num examples = 32
  Batch size = 4
  epoch = 1
  eval_ppl = 1.8924515391068438e+117
  global_step = 131
  train_loss = 2.9787
  ********************
Previous best ppl:1.029082859931267e+106
BLEU file: ./data/sstubs/3/validation.jsonl
  codebleu-4 = 94.06 	 Previous best codebleu 92.16
  ********************
 Achieve Best bleu:94.06
  ********************

***** Running evaluation *****
  Num examples = 32
  Batch size = 4
  epoch = 2
  eval_ppl = 7.609160454128516e+110
  global_step = 196
  train_loss = 1.6722
  ********************
Previous best ppl:1.029082859931267e+106
BLEU file: ./data/sstubs/3/validation.jsonl
  codebleu-4 = 95.42 	 Previous best codebleu 94.06
  ********************
 Achieve Best bleu:95.42
  ********************

***** Running evaluation *****
  Num examples = 32
  Batch size = 4
  epoch = 3
  eval_ppl = 8.039828087816351e+116
  global_step = 261
  train_loss = 0.9439
  ********************
Previous best ppl:1.029082859931267e+106
BLEU file: ./data/sstubs/3/validation.jsonl
  codebleu-4 = 95.36 	 Previous best codebleu 95.42
  ********************

***** Running evaluation *****
  Num examples = 32
  Batch size = 4
  epoch = 4
  eval_ppl = 4.325546404359349e+116
  global_step = 326
  train_loss = 0.439
  ********************
Previous best ppl:1.029082859931267e+106
BLEU file: ./data/sstubs/3/validation.jsonl
  codebleu-4 = 95.38 	 Previous best codebleu 95.42
  ********************

***** Running evaluation *****
  Num examples = 32
  Batch size = 4
  epoch = 5
  eval_ppl = 2.424458156335594e+115
  global_step = 391
  train_loss = 0.2326
  ********************
Previous best ppl:1.029082859931267e+106
BLEU file: ./data/sstubs/3/validation.jsonl
  codebleu-4 = 95.38 	 Previous best codebleu 95.42
  ********************
early stopping!!!
reload model from result/sstubs/3/random4_codet5p_770m/checkpoint-best-bleu
BLEU file: ./data/sstubs/3/test.jsonl
  codebleu = 93.65 
  Total = 32 
  Exact Fixed = 14 
[2, 3, 4, 5, 7, 9, 10, 20, 21, 22, 23, 26, 29, 31]
  Syntax Fixed = 0 
[]
  Cleaned Fixed = 0 
[]
  ********************
  Total = 32 
  Exact Fixed = 14 
[2, 3, 4, 5, 7, 9, 10, 20, 21, 22, 23, 26, 29, 31]
  Syntax Fixed = 0 
[]
  Cleaned Fixed = 0 
[]
  codebleu = 93.65 
[0.9096354401872717, 1.0, 1.0, 1.0, 1.0, 0.681072945544059, 1.0, 0.7071227299905347, 1.0, 1.0, 0.9583676774082095, 0.9383022364276514, 0.8580551848499416, 0.9675420713984233, 0.8642531454411047, 0.8457910177707118, 0.9087584599564476, 0.920101844638672, 0.9520099029923956, 1.0, 1.0, 1.0, 1.0, 0.9259520853518541, 0.8954157051952711, 1.0, 0.9362201886171708, 0.9052050509144789, 1.0, 0.8293897313556879, 1.0, 0.9658213973211704]
Finish training and take 7m
