Namespace(log_name='./result/sstubs/3/random1_codet5p_220m.log', model_name='Salesforce/codet5p-220m', lang='java', output_dir='result/sstubs/3/random1_codet5p_220m', data_dir='./data/sstubs/3', no_cuda=False, visible_gpu='0', num_train_epochs=10, num_test_epochs=1, train_batch_size=4, eval_batch_size=4, gradient_accumulation_steps=1, load_model_path=None, config_name='', tokenizer_name='', max_source_length=512, max_target_length=512, warm_up_ratio=0.1, do_train=True, do_eval=True, do_test=True, freeze=False, learning_rate=5e-05, beam_size=10, weight_decay=0.0, adam_epsilon=1e-08, local_rank=-1, seed=42, early_stop_threshold=3)
Process rank: -1, device: cuda, n_gpu: 1, distributed training: False
Model created!!
[[{'text': '@ConditionalOnMissingBean    RSocketServerBootstrap rSocketServerBootstrap(RSocketServerFactory rSocketServerFactory,      RSocketMessageHandler rSocketMessageHandler) {    return new RSocketServerBootstrap(rSocketServerFactory, rSocketMessageHandler.serverAcceptor());    }   }', 'loss_ids': 0, 'shortenable_ids': 1}, {'text': 'the fixed version is', 'loss_ids': 0, 'shortenable_ids': 0}, {'text': '<mask>', 'loss_ids': 1, 'shortenable_ids': 0}], {'guid': 0, 'tgt_text': '@ConditionalOnMissingBean    RSocketServerBootstrap rSocketServerBootstrap(RSocketServerFactory rSocketServerFactory,      RSocketMessageHandler rSocketMessageHandler) {    return new RSocketServerBootstrap(rSocketServerFactory, rSocketMessageHandler.serverResponder());    }   }'}]
***** Running training *****
  Num examples = 260
  Batch size = 4
  Num epoch = 10

***** Running evaluation *****
  Num examples = 32
  Batch size = 4
  epoch = 0
  eval_ppl = 9.078728647188116e+123
  global_step = 66
  train_loss = 17.6535
  ********************
Previous best ppl:inf
Achieve Best ppl:9.078728647188116e+123
  ********************
BLEU file: ./data/sstubs/3/validation.jsonl
  codebleu-4 = 93.76 	 Previous best codebleu 0
  ********************
 Achieve Best bleu:93.76
  ********************

***** Running evaluation *****
  Num examples = 32
  Batch size = 4
  epoch = 1
  eval_ppl = 1.3983988945506905e+129
  global_step = 131
  train_loss = 4.3137
  ********************
Previous best ppl:9.078728647188116e+123
BLEU file: ./data/sstubs/3/validation.jsonl
  codebleu-4 = 94.71 	 Previous best codebleu 93.76
  ********************
 Achieve Best bleu:94.71
  ********************

***** Running evaluation *****
  Num examples = 32
  Batch size = 4
  epoch = 2
  eval_ppl = 9.82562249287187e+130
  global_step = 196
  train_loss = 2.3414
  ********************
Previous best ppl:9.078728647188116e+123
BLEU file: ./data/sstubs/3/validation.jsonl
  codebleu-4 = 95.17 	 Previous best codebleu 94.71
  ********************
 Achieve Best bleu:95.17
  ********************

***** Running evaluation *****
  Num examples = 32
  Batch size = 4
  epoch = 3
  eval_ppl = 5.488558951716838e+132
  global_step = 261
  train_loss = 1.2958
  ********************
Previous best ppl:9.078728647188116e+123
BLEU file: ./data/sstubs/3/validation.jsonl
  codebleu-4 = 95.23 	 Previous best codebleu 95.17
  ********************
 Achieve Best bleu:95.23
  ********************

***** Running evaluation *****
  Num examples = 32
  Batch size = 4
  epoch = 4
  eval_ppl = 7.257113732905803e+133
  global_step = 326
  train_loss = 0.8747
  ********************
Previous best ppl:9.078728647188116e+123
BLEU file: ./data/sstubs/3/validation.jsonl
  codebleu-4 = 95.18 	 Previous best codebleu 95.23
  ********************

***** Running evaluation *****
  Num examples = 32
  Batch size = 4
  epoch = 5
  eval_ppl = 2.4098001973588954e+136
  global_step = 391
  train_loss = 0.6307
  ********************
Previous best ppl:9.078728647188116e+123
BLEU file: ./data/sstubs/3/validation.jsonl
  codebleu-4 = 95.03 	 Previous best codebleu 95.23
  ********************

***** Running evaluation *****
  Num examples = 32
  Batch size = 4
  epoch = 6
  eval_ppl = 5.151064610017873e+130
  global_step = 456
  train_loss = 0.3979
  ********************
Previous best ppl:9.078728647188116e+123
BLEU file: ./data/sstubs/3/validation.jsonl
  codebleu-4 = 94.66 	 Previous best codebleu 95.23
  ********************
early stopping!!!
reload model from result/sstubs/3/random1_codet5p_220m/checkpoint-best-bleu
BLEU file: ./data/sstubs/3/test.jsonl
  codebleu = 93.88 
  Total = 32 
  Exact Fixed = 15 
[2, 3, 4, 5, 7, 9, 10, 20, 21, 22, 23, 24, 26, 29, 31]
  Syntax Fixed = 0 
[]
  Cleaned Fixed = 0 
[]
  ********************
  Total = 32 
  Exact Fixed = 15 
[2, 3, 4, 5, 7, 9, 10, 20, 21, 22, 23, 24, 26, 29, 31]
  Syntax Fixed = 0 
[]
  Cleaned Fixed = 0 
[]
  codebleu = 93.88 
[0.9096354401872717, 1.0, 1.0, 1.0, 1.0, 0.681072945544059, 1.0, 0.7071227299905347, 1.0, 1.0, 0.9583676774082095, 0.9383022364276514, 0.7980551848499416, 0.9675420713984233, 0.8642531454411047, 0.9211131842675646, 0.9087584599564476, 0.920101844638672, 0.9520099029923956, 1.0, 1.0, 1.0, 1.0, 1.0, 0.8954157051952711, 1.0, 0.9362201886171708, 0.8885383842478122, 1.0, 0.8293897313556879, 1.0, 0.9658213973211704]
Finish training and take 4m
