Namespace(log_name='./result/sstubs/3/random3_codet5p_770m.log', model_name='Salesforce/codet5p-770m', lang='java', output_dir='result/sstubs/3/random3_codet5p_770m', data_dir='./data/sstubs/3', no_cuda=False, visible_gpu='0', num_train_epochs=10, num_test_epochs=1, train_batch_size=4, eval_batch_size=4, gradient_accumulation_steps=1, load_model_path=None, config_name='', tokenizer_name='', max_source_length=1024, max_target_length=1024, warm_up_ratio=0.1, do_train=True, do_eval=True, do_test=True, freeze=False, learning_rate=5e-05, beam_size=10, weight_decay=0.0, adam_epsilon=1e-08, local_rank=-1, seed=42, early_stop_threshold=3)
Process rank: -1, device: cuda, n_gpu: 1, distributed training: False
Model created!!
Namespace(log_name='./result/sstubs/3/random3_codet5p_770m.log', model_name='Salesforce/codet5p-770m', lang='java', output_dir='result/sstubs/3/random3_codet5p_770m', data_dir='./data/sstubs/3', no_cuda=False, visible_gpu='0', num_train_epochs=10, num_test_epochs=1, train_batch_size=4, eval_batch_size=4, gradient_accumulation_steps=1, load_model_path=None, config_name='', tokenizer_name='', max_source_length=512, max_target_length=512, warm_up_ratio=0.1, do_train=True, do_eval=True, do_test=True, freeze=False, learning_rate=5e-05, beam_size=10, weight_decay=0.0, adam_epsilon=1e-08, local_rank=-1, seed=42, early_stop_threshold=3)
Process rank: -1, device: cuda, n_gpu: 1, distributed training: False
Model created!!
[[{'text': 'Fix the bug in', 'loss_ids': 0, 'shortenable_ids': 0}, {'text': ' @ConditionalOnMissingBean    RSocketServerBootstrap rSocketServerBootstrap(RSocketServerFactory rSocketServerFactory,      RSocketMessageHandler rSocketMessageHandler) {    return new RSocketServerBootstrap(rSocketServerFactory, rSocketMessageHandler.serverAcceptor());    }   }', 'loss_ids': 0, 'shortenable_ids': 1}, {'text': '<mask>', 'loss_ids': 1, 'shortenable_ids': 0}], {'guid': 0, 'tgt_text': '@ConditionalOnMissingBean    RSocketServerBootstrap rSocketServerBootstrap(RSocketServerFactory rSocketServerFactory,      RSocketMessageHandler rSocketMessageHandler) {    return new RSocketServerBootstrap(rSocketServerFactory, rSocketMessageHandler.serverResponder());    }   }'}]
***** Running training *****
  Num examples = 260
  Batch size = 4
  Num epoch = 10

***** Running evaluation *****
  Num examples = 32
  Batch size = 4
  epoch = 0
  eval_ppl = 8.397155005203106e+104
  global_step = 66
  train_loss = 15.7163
  ********************
Previous best ppl:inf
Achieve Best ppl:8.397155005203106e+104
  ********************
BLEU file: ./data/sstubs/3/validation.jsonl
  codebleu-4 = 95.18 	 Previous best codebleu 0
  ********************
 Achieve Best bleu:95.18
  ********************

***** Running evaluation *****
  Num examples = 32
  Batch size = 4
  epoch = 1
  eval_ppl = 4.241972293348581e+105
  global_step = 131
  train_loss = 3.1879
  ********************
Previous best ppl:8.397155005203106e+104
BLEU file: ./data/sstubs/3/validation.jsonl
  codebleu-4 = 95.04 	 Previous best codebleu 95.18
  ********************

***** Running evaluation *****
  Num examples = 32
  Batch size = 4
  epoch = 2
  eval_ppl = 5.404284401681068e+107
  global_step = 196
  train_loss = 1.5618
  ********************
Previous best ppl:8.397155005203106e+104
BLEU file: ./data/sstubs/3/validation.jsonl
  codebleu-4 = 95.27 	 Previous best codebleu 95.18
  ********************
 Achieve Best bleu:95.27
  ********************

***** Running evaluation *****
  Num examples = 32
  Batch size = 4
  epoch = 3
  eval_ppl = 1.4245923038093294e+105
  global_step = 261
  train_loss = 0.6482
  ********************
Previous best ppl:8.397155005203106e+104
BLEU file: ./data/sstubs/3/validation.jsonl
  codebleu-4 = 95.31 	 Previous best codebleu 95.27
  ********************
 Achieve Best bleu:95.31
  ********************

***** Running evaluation *****
  Num examples = 32
  Batch size = 4
  epoch = 4
  eval_ppl = 7.3337061221815815e+112
  global_step = 326
  train_loss = 0.9514
  ********************
Previous best ppl:8.397155005203106e+104
BLEU file: ./data/sstubs/3/validation.jsonl
  codebleu-4 = 94.78 	 Previous best codebleu 95.31
  ********************

***** Running evaluation *****
  Num examples = 32
  Batch size = 4
  epoch = 5
  eval_ppl = 2.99979613752847e+111
  global_step = 391
  train_loss = 0.5993
  ********************
Previous best ppl:8.397155005203106e+104
BLEU file: ./data/sstubs/3/validation.jsonl
  codebleu-4 = 94.8 	 Previous best codebleu 95.31
  ********************

***** Running evaluation *****
  Num examples = 32
  Batch size = 4
  epoch = 6
  eval_ppl = 1.0364323924310763e+110
  global_step = 456
  train_loss = 0.245
  ********************
Previous best ppl:8.397155005203106e+104
BLEU file: ./data/sstubs/3/validation.jsonl
  codebleu-4 = 95.74 	 Previous best codebleu 95.31
  ********************
 Achieve Best bleu:95.74
  ********************

***** Running evaluation *****
  Num examples = 32
  Batch size = 4
  epoch = 7
  eval_ppl = 3.9140540963088146e+111
  global_step = 521
  train_loss = 0.1754
  ********************
Previous best ppl:8.397155005203106e+104
BLEU file: ./data/sstubs/3/validation.jsonl
  codebleu-4 = 95.79 	 Previous best codebleu 95.74
  ********************
 Achieve Best bleu:95.79
  ********************

***** Running evaluation *****
  Num examples = 32
  Batch size = 4
  epoch = 8
  eval_ppl = 5.307758602467728e+111
  global_step = 586
  train_loss = 0.1033
  ********************
Previous best ppl:8.397155005203106e+104
BLEU file: ./data/sstubs/3/validation.jsonl
  codebleu-4 = 95.46 	 Previous best codebleu 95.79
  ********************

***** Running evaluation *****
  Num examples = 32
  Batch size = 4
  epoch = 9
  eval_ppl = 9.69636101033237e+111
  global_step = 651
  train_loss = 0.1095
  ********************
Previous best ppl:8.397155005203106e+104
BLEU file: ./data/sstubs/3/validation.jsonl
  codebleu-4 = 95.46 	 Previous best codebleu 95.79
  ********************
reload model from result/sstubs/3/random3_codet5p_770m/checkpoint-best-bleu
BLEU file: ./data/sstubs/3/test.jsonl
  codebleu = 93.84 
  Total = 32 
  Exact Fixed = 15 
[2, 3, 4, 5, 7, 9, 10, 20, 21, 22, 23, 24, 26, 29, 31]
  Syntax Fixed = 0 
[]
  Cleaned Fixed = 0 
[]
  ********************
  Total = 32 
  Exact Fixed = 15 
[2, 3, 4, 5, 7, 9, 10, 20, 21, 22, 23, 24, 26, 29, 31]
  Syntax Fixed = 0 
[]
  Cleaned Fixed = 0 
[]
  codebleu = 93.84 
[0.9096354401872717, 1.0, 1.0, 1.0, 1.0, 0.681072945544059, 1.0, 0.7071227299905347, 1.0, 1.0, 0.9583676774082095, 0.9383022364276514, 0.7980551848499416, 0.9675420713984233, 0.8642531454411047, 0.9211131842675646, 0.9087584599564476, 0.920101844638672, 0.9520099029923956, 1.0, 1.0, 1.0, 1.0, 1.0, 0.8954157051952711, 1.0, 0.9362201886171708, 0.8885383842478122, 1.0, 0.8293897313556879, 1.0, 0.9515356830354562]
Finish training and take 10m
Namespace(log_name='./result/sstubs/3/random3_codet5p_770m.log', model_name='Salesforce/codet5p-770m', lang='java', output_dir='result/sstubs/3/random3_codet5p_770m', data_dir='./data/sstubs/3', no_cuda=False, visible_gpu='0', num_train_epochs=10, num_test_epochs=1, train_batch_size=4, eval_batch_size=4, gradient_accumulation_steps=1, load_model_path=None, config_name='', tokenizer_name='', max_source_length=512, max_target_length=512, warm_up_ratio=0.1, do_train=True, do_eval=True, do_test=True, freeze=False, learning_rate=5e-05, beam_size=10, weight_decay=0.0, adam_epsilon=1e-08, local_rank=-1, seed=42, early_stop_threshold=3)
Process rank: -1, device: cuda, n_gpu: 1, distributed training: False
Model created!!
[[{'text': 'Fix', 'loss_ids': 0, 'shortenable_ids': 0}, {'text': ' @ConditionalOnMissingBean    RSocketServerBootstrap rSocketServerBootstrap(RSocketServerFactory rSocketServerFactory,      RSocketMessageHandler rSocketMessageHandler) {    return new RSocketServerBootstrap(rSocketServerFactory, rSocketMessageHandler.serverAcceptor());    }   }', 'loss_ids': 0, 'shortenable_ids': 1}, {'text': 'fixed program is', 'loss_ids': 0, 'shortenable_ids': 0}, {'text': '<mask>', 'loss_ids': 1, 'shortenable_ids': 0}], {'guid': 0, 'tgt_text': '@ConditionalOnMissingBean    RSocketServerBootstrap rSocketServerBootstrap(RSocketServerFactory rSocketServerFactory,      RSocketMessageHandler rSocketMessageHandler) {    return new RSocketServerBootstrap(rSocketServerFactory, rSocketMessageHandler.serverResponder());    }   }'}]
***** Running training *****
  Num examples = 260
  Batch size = 4
  Num epoch = 10

***** Running evaluation *****
  Num examples = 32
  Batch size = 4
  epoch = 0
  eval_ppl = 2.7185162467577334e+117
  global_step = 66
  train_loss = 14.7961
  ********************
Previous best ppl:inf
Achieve Best ppl:2.7185162467577334e+117
  ********************
BLEU file: ./data/sstubs/3/validation.jsonl
  codebleu-4 = 95.07 	 Previous best codebleu 0
  ********************
 Achieve Best bleu:95.07
  ********************

***** Running evaluation *****
  Num examples = 32
  Batch size = 4
  epoch = 1
  eval_ppl = 2.48032742168102e+121
  global_step = 131
  train_loss = 2.9795
  ********************
Previous best ppl:2.7185162467577334e+117
BLEU file: ./data/sstubs/3/validation.jsonl
  codebleu-4 = 95.28 	 Previous best codebleu 95.07
  ********************
 Achieve Best bleu:95.28
  ********************

***** Running evaluation *****
  Num examples = 32
  Batch size = 4
  epoch = 2
  eval_ppl = 5.471239156738417e+113
  global_step = 196
  train_loss = 1.5123
  ********************
Previous best ppl:2.7185162467577334e+117
Achieve Best ppl:5.471239156738417e+113
  ********************
BLEU file: ./data/sstubs/3/validation.jsonl
  codebleu-4 = 93.32 	 Previous best codebleu 95.28
  ********************

***** Running evaluation *****
  Num examples = 32
  Batch size = 4
  epoch = 3
  eval_ppl = 1.2513288380189679e+122
  global_step = 261
  train_loss = 1.7323
  ********************
Previous best ppl:5.471239156738417e+113
BLEU file: ./data/sstubs/3/validation.jsonl
  codebleu-4 = 94.6 	 Previous best codebleu 95.28
  ********************

***** Running evaluation *****
  Num examples = 32
  Batch size = 4
  epoch = 4
  eval_ppl = 2.1409250298950292e+116
  global_step = 326
  train_loss = 0.7422
  ********************
Previous best ppl:5.471239156738417e+113
BLEU file: ./data/sstubs/3/validation.jsonl
  codebleu-4 = 95.05 	 Previous best codebleu 95.28
  ********************

***** Running evaluation *****
  Num examples = 32
  Batch size = 4
  epoch = 5
  eval_ppl = 8.924645453016084e+121
  global_step = 391
  train_loss = 0.353
  ********************
Previous best ppl:5.471239156738417e+113
BLEU file: ./data/sstubs/3/validation.jsonl
  codebleu-4 = 95.79 	 Previous best codebleu 95.28
  ********************
 Achieve Best bleu:95.79
  ********************

***** Running evaluation *****
  Num examples = 32
  Batch size = 4
  epoch = 6
  eval_ppl = 1.575211773179632e+124
  global_step = 456
  train_loss = 0.2782
  ********************
Previous best ppl:5.471239156738417e+113
BLEU file: ./data/sstubs/3/validation.jsonl
  codebleu-4 = 95.46 	 Previous best codebleu 95.79
  ********************

***** Running evaluation *****
  Num examples = 32
  Batch size = 4
  epoch = 7
  eval_ppl = 8.4253643115400495e+124
  global_step = 521
  train_loss = 0.2204
  ********************
Previous best ppl:5.471239156738417e+113
BLEU file: ./data/sstubs/3/validation.jsonl
  codebleu-4 = 95.79 	 Previous best codebleu 95.79
  ********************

***** Running evaluation *****
  Num examples = 32
  Batch size = 4
  epoch = 8
  eval_ppl = 3.447754177116323e+125
  global_step = 586
  train_loss = 0.0993
  ********************
Previous best ppl:5.471239156738417e+113
BLEU file: ./data/sstubs/3/validation.jsonl
  codebleu-4 = 95.79 	 Previous best codebleu 95.79
  ********************
early stopping!!!
reload model from result/sstubs/3/random3_codet5p_770m/checkpoint-best-bleu
BLEU file: ./data/sstubs/3/test.jsonl
  codebleu = 93.98 
  Total = 32 
  Exact Fixed = 15 
[2, 3, 4, 5, 7, 9, 10, 20, 21, 22, 23, 24, 26, 29, 31]
  Syntax Fixed = 0 
[]
  Cleaned Fixed = 0 
[]
  ********************
  Total = 32 
  Exact Fixed = 15 
[2, 3, 4, 5, 7, 9, 10, 20, 21, 22, 23, 24, 26, 29, 31]
  Syntax Fixed = 0 
[]
  Cleaned Fixed = 0 
[]
  codebleu = 93.98 
[0.9096354401872717, 1.0, 1.0, 1.0, 1.0, 0.681072945544059, 1.0, 0.7071227299905347, 1.0, 1.0, 0.9583676774082095, 0.9383022364276514, 0.8580551848499416, 0.9675420713984233, 0.8642531454411047, 0.9211131842675646, 0.8639135239426803, 0.920101844638672, 0.9520099029923956, 1.0, 1.0, 1.0, 1.0, 1.0, 0.8954157051952711, 1.0, 0.9362201886171708, 0.9052050509144789, 1.0, 0.8293897313556879, 1.0, 0.9658213973211704]
Finish training and take 10m
