Namespace(log_name='./result/sstubs/3/random5_codet5p_770m.log', model_name='Salesforce/codet5p-770m', lang='java', output_dir='result/sstubs/3/random5_codet5p_770m', data_dir='./data/sstubs/3', no_cuda=False, visible_gpu='0', num_train_epochs=10, num_test_epochs=1, train_batch_size=4, eval_batch_size=4, gradient_accumulation_steps=1, load_model_path=None, config_name='', tokenizer_name='', max_source_length=512, max_target_length=512, warm_up_ratio=0.1, do_train=True, do_eval=True, do_test=True, freeze=False, learning_rate=5e-05, beam_size=10, weight_decay=0.0, adam_epsilon=1e-08, local_rank=-1, seed=42, early_stop_threshold=3)
Process rank: -1, device: cuda, n_gpu: 1, distributed training: False
Model created!!
[[{'text': '@ConditionalOnMissingBean    RSocketServerBootstrap rSocketServerBootstrap(RSocketServerFactory rSocketServerFactory,      RSocketMessageHandler rSocketMessageHandler) {    return new RSocketServerBootstrap(rSocketServerFactory, rSocketMessageHandler.serverAcceptor());    }   }', 'loss_ids': 0, 'shortenable_ids': 1}, {'text': 'is buggy program', 'loss_ids': 0, 'shortenable_ids': 0}, {'text': '<mask>', 'loss_ids': 1, 'shortenable_ids': 0}, {'text': 'is fixed program', 'loss_ids': 0, 'shortenable_ids': 0}], {'guid': 0, 'tgt_text': '@ConditionalOnMissingBean    RSocketServerBootstrap rSocketServerBootstrap(RSocketServerFactory rSocketServerFactory,      RSocketMessageHandler rSocketMessageHandler) {    return new RSocketServerBootstrap(rSocketServerFactory, rSocketMessageHandler.serverResponder());    }   }'}]
***** Running training *****
  Num examples = 260
  Batch size = 4
  Num epoch = 10

***** Running evaluation *****
  Num examples = 32
  Batch size = 4
  epoch = 0
  eval_ppl = 1.4408905403616782e+113
  global_step = 66
  train_loss = 15.4323
  ********************
Previous best ppl:inf
Achieve Best ppl:1.4408905403616782e+113
  ********************
BLEU file: ./data/sstubs/3/validation.jsonl
  codebleu-4 = 95.07 	 Previous best codebleu 0
  ********************
 Achieve Best bleu:95.07
  ********************

***** Running evaluation *****
  Num examples = 32
  Batch size = 4
  epoch = 1
  eval_ppl = 1.0338538550231306e+110
  global_step = 131
  train_loss = 2.9823
  ********************
Previous best ppl:1.4408905403616782e+113
Achieve Best ppl:1.0338538550231306e+110
  ********************
BLEU file: ./data/sstubs/3/validation.jsonl
  codebleu-4 = 94.5 	 Previous best codebleu 95.07
  ********************

***** Running evaluation *****
  Num examples = 32
  Batch size = 4
  epoch = 2
  eval_ppl = 3.752907578895208e+109
  global_step = 196
  train_loss = 1.3724
  ********************
Previous best ppl:1.0338538550231306e+110
Achieve Best ppl:3.752907578895208e+109
  ********************
BLEU file: ./data/sstubs/3/validation.jsonl
  codebleu-4 = 94.85 	 Previous best codebleu 95.07
  ********************

***** Running evaluation *****
  Num examples = 32
  Batch size = 4
  epoch = 3
  eval_ppl = 4.122460274489274e+108
  global_step = 261
  train_loss = 0.7461
  ********************
Previous best ppl:3.752907578895208e+109
Achieve Best ppl:4.122460274489274e+108
  ********************
BLEU file: ./data/sstubs/3/validation.jsonl
  codebleu-4 = 94.6 	 Previous best codebleu 95.07
  ********************

***** Running evaluation *****
  Num examples = 32
  Batch size = 4
  epoch = 4
  eval_ppl = 1.0679753274135283e+111
  global_step = 326
  train_loss = 0.6527
  ********************
Previous best ppl:4.122460274489274e+108
BLEU file: ./data/sstubs/3/validation.jsonl
  codebleu-4 = 95.38 	 Previous best codebleu 95.07
  ********************
 Achieve Best bleu:95.38
  ********************

***** Running evaluation *****
  Num examples = 32
  Batch size = 4
  epoch = 5
  eval_ppl = 1.5651788548104938e+109
  global_step = 391
  train_loss = 0.4726
  ********************
Previous best ppl:4.122460274489274e+108
BLEU file: ./data/sstubs/3/validation.jsonl
  codebleu-4 = 95.28 	 Previous best codebleu 95.38
  ********************

***** Running evaluation *****
  Num examples = 32
  Batch size = 4
  epoch = 6
  eval_ppl = 2.706662273554603e+109
  global_step = 456
  train_loss = 0.2894
  ********************
Previous best ppl:4.122460274489274e+108
BLEU file: ./data/sstubs/3/validation.jsonl
  codebleu-4 = 93.97 	 Previous best codebleu 95.38
  ********************

***** Running evaluation *****
  Num examples = 32
  Batch size = 4
  epoch = 7
  eval_ppl = 1.0600958129140681e+109
  global_step = 521
  train_loss = 0.2457
  ********************
Previous best ppl:4.122460274489274e+108
BLEU file: ./data/sstubs/3/validation.jsonl
  codebleu-4 = 94.14 	 Previous best codebleu 95.38
  ********************
early stopping!!!
reload model from result/sstubs/3/random5_codet5p_770m/checkpoint-best-bleu
BLEU file: ./data/sstubs/3/test.jsonl
  codebleu = 92.88 
  Total = 32 
  Exact Fixed = 13 
[2, 3, 4, 5, 9, 10, 21, 22, 23, 25, 26, 29, 31]
  Syntax Fixed = 0 
[]
  Cleaned Fixed = 0 
[]
  ********************
  Total = 32 
  Exact Fixed = 13 
[2, 3, 4, 5, 9, 10, 21, 22, 23, 25, 26, 29, 31]
  Syntax Fixed = 0 
[]
  Cleaned Fixed = 0 
[]
  codebleu = 92.88 
[0.9096354401872717, 1.0, 1.0, 1.0, 1.0, 0.681072945544059, 0.9394161339970881, 0.6571227299905348, 1.0, 1.0, 0.9583676774082095, 0.9383022364276514, 0.8380551848499416, 0.9675420713984233, 0.8642531454411047, 0.9211131842675646, 0.7324891430984023, 0.940101844638672, 0.9520099029923956, 0.9394161339970881, 1.0, 1.0, 1.0, 0.8619090595729861, 1.0, 1.0, 0.9362201886171708, 0.8885383842478122, 1.0, 0.8293897313556879, 1.0, 0.9658213973211704]
Finish training and take 12m
