Namespace(log_name='./sstubs/3/soft6_codet5p_220m.log', model_name='Salesforce/codet5p-220m', lang='java', output_dir='sstubs/3/soft6_codet5p_220m', data_dir='./data/sstubs/3', no_cuda=False, visible_gpu='0', num_train_epochs=10, num_test_epochs=1, train_batch_size=4, eval_batch_size=4, gradient_accumulation_steps=1, load_model_path=None, config_name='', tokenizer_name='', max_source_length=512, max_target_length=512, warm_up_ratio=0.1, do_train=True, do_eval=True, do_test=True, freeze=False, learning_rate=5e-05, beam_size=10, weight_decay=0.0, adam_epsilon=1e-08, local_rank=-1, seed=42, early_stop_threshold=3)
Process rank: -1, device: cuda, n_gpu: 1, distributed training: False
Model created!!
[[{'text': 'Fix', 'loss_ids': 0, 'shortenable_ids': 0}, {'text': ' grammarBuilder.append("}\\n");    grammarBuilder.append("  : r=a ;\\n");    grammarBuilder.append("a : \'x\' { \\n");   grammarBuilder.append("fmt.Println(p.GetRuleInvocationStack(nil))\\n");    grammarBuilder.append("} ;");    String grammar = grammarBuilder.toString();    String input ="x";', 'loss_ids': 0, 'shortenable_ids': 1}, {'text': 'is buggy program', 'loss_ids': 0, 'shortenable_ids': 0}, {'text': '<mask>', 'loss_ids': 1, 'shortenable_ids': 0}, {'text': 'is fixed program', 'loss_ids': 0, 'shortenable_ids': 0}], {'guid': 0, 'tgt_text': 'grammarBuilder.append("}\\n");    grammarBuilder.append("  : r=a ;\\n");    grammarBuilder.append("a : \'x\' { \\n");   grammarBuilder.append("fmt.Println(antlr.PrintArrayJavaStyle(p.GetRuleInvocationStack(nil)))\\n");    grammarBuilder.append("} ;");    String grammar = grammarBuilder.toString();    String input ="x";'}]
***** Running training *****
  Num examples = 223
  Batch size = 4
  Num epoch = 10

***** Running evaluation *****
  Num examples = 28
  Batch size = 4
  epoch = 0
  eval_ppl = 2.766748343308069e+96
  global_step = 57
  train_loss = 17.5074
  ********************
Previous best ppl:inf
Achieve Best ppl:2.766748343308069e+96
  ********************
BLEU file: ./data/sstubs/3/validation.jsonl
  codebleu-4 = 93.15 	 Previous best codebleu 0
  ********************
 Achieve Best bleu:93.15
  ********************

***** Running evaluation *****
  Num examples = 28
  Batch size = 4
  epoch = 1
  eval_ppl = 2.398238511641685e+93
  global_step = 113
  train_loss = 4.8862
  ********************
Previous best ppl:2.766748343308069e+96
Achieve Best ppl:2.398238511641685e+93
  ********************
BLEU file: ./data/sstubs/3/validation.jsonl
  codebleu-4 = 92.53 	 Previous best codebleu 93.15
  ********************

***** Running evaluation *****
  Num examples = 28
  Batch size = 4
  epoch = 2
  eval_ppl = 3.966504393170639e+100
  global_step = 169
  train_loss = 2.3614
  ********************
Previous best ppl:2.398238511641685e+93
BLEU file: ./data/sstubs/3/validation.jsonl
  codebleu-4 = 93.68 	 Previous best codebleu 93.15
  ********************
 Achieve Best bleu:93.68
  ********************

***** Running evaluation *****
  Num examples = 28
  Batch size = 4
  epoch = 3
  eval_ppl = 4.935283579681291e+100
  global_step = 225
  train_loss = 1.3006
  ********************
Previous best ppl:2.398238511641685e+93
BLEU file: ./data/sstubs/3/validation.jsonl
  codebleu-4 = 94.25 	 Previous best codebleu 93.68
  ********************
 Achieve Best bleu:94.25
  ********************

***** Running evaluation *****
  Num examples = 28
  Batch size = 4
  epoch = 4
  eval_ppl = 7.963996704661025e+99
  global_step = 281
  train_loss = 0.8162
  ********************
Previous best ppl:2.398238511641685e+93
BLEU file: ./data/sstubs/3/validation.jsonl
  codebleu-4 = 94.55 	 Previous best codebleu 94.25
  ********************
 Achieve Best bleu:94.55
  ********************

***** Running evaluation *****
  Num examples = 28
  Batch size = 4
  epoch = 5
  eval_ppl = 1.055205058068653e+100
  global_step = 337
  train_loss = 0.719
  ********************
Previous best ppl:2.398238511641685e+93
BLEU file: ./data/sstubs/3/validation.jsonl
  codebleu-4 = 94.55 	 Previous best codebleu 94.55
  ********************

***** Running evaluation *****
  Num examples = 28
  Batch size = 4
  epoch = 6
  eval_ppl = 1.0077872426270543e+101
  global_step = 393
  train_loss = 0.4855
  ********************
Previous best ppl:2.398238511641685e+93
BLEU file: ./data/sstubs/3/validation.jsonl
  codebleu-4 = 93.89 	 Previous best codebleu 94.55
  ********************

***** Running evaluation *****
  Num examples = 28
  Batch size = 4
  epoch = 7
  eval_ppl = 3.53289189303284e+100
  global_step = 449
  train_loss = 0.4064
  ********************
Previous best ppl:2.398238511641685e+93
BLEU file: ./data/sstubs/3/validation.jsonl
  codebleu-4 = 94.55 	 Previous best codebleu 94.55
  ********************
early stopping!!!
reload model from sstubs/3/soft6_codet5p_220m/checkpoint-best-bleu
BLEU file: ./data/sstubs/3/test.jsonl
  codebleu = 92.53 
  Total = 27 
  Exact Fixed = 15 
[1, 4, 5, 6, 7, 8, 10, 11, 12, 16, 22, 23, 25, 26, 27]
  Syntax Fixed = 0 
[]
  Cleaned Fixed = 0 
[]
  ********************
  Total = 27 
  Exact Fixed = 15 
[1, 4, 5, 6, 7, 8, 10, 11, 12, 16, 22, 23, 25, 26, 27]
  Syntax Fixed = 0 
[]
  Cleaned Fixed = 0 
[]
  codebleu = 92.53 
[1.0, 0.881869732718652, 0.9548431641738979, 1.0, 1.0, 1.0, 1.0, 1.0, 0.30679792449882715, 1.0, 1.0, 1.0, 0.8977573831682686, 0.963531800540206, 0.7888431522760508, 1.0, 0.8648103351245982, 0.697506386749267, 0.9490051755223876, 0.9543920430664012, 0.8459152611805056, 1.0, 1.0, 0.8772724139191397, 1.0, 1.0, 1.0]
Finish training and take 3m
Namespace(log_name='./result/sstubs/3/soft6_codet5p_220m.log', model_name='Salesforce/codet5p-220m', lang='java', output_dir='result/sstubs/3/soft6_codet5p_220m', data_dir='./data/sstubs/3', no_cuda=False, visible_gpu='0', num_train_epochs=10, num_test_epochs=1, train_batch_size=4, eval_batch_size=4, gradient_accumulation_steps=1, load_model_path=None, config_name='', tokenizer_name='', max_source_length=512, max_target_length=512, warm_up_ratio=0.1, do_train=True, do_eval=True, do_test=True, freeze=False, learning_rate=5e-05, beam_size=10, weight_decay=0.0, adam_epsilon=1e-08, local_rank=-1, seed=42, early_stop_threshold=3)
Process rank: -1, device: cuda, n_gpu: 1, distributed training: False
Model created!!
[[{'text': 'Fix', 'loss_ids': 0, 'shortenable_ids': 0}, {'text': ' @ConditionalOnMissingBean    RSocketServerBootstrap rSocketServerBootstrap(RSocketServerFactory rSocketServerFactory,      RSocketMessageHandler rSocketMessageHandler) {    return new RSocketServerBootstrap(rSocketServerFactory, rSocketMessageHandler.serverAcceptor());    }   }', 'loss_ids': 0, 'shortenable_ids': 1}, {'text': 'is buggy program', 'loss_ids': 0, 'shortenable_ids': 0}, {'text': '<mask>', 'loss_ids': 1, 'shortenable_ids': 0}, {'text': 'is fixed program', 'loss_ids': 0, 'shortenable_ids': 0}], {'guid': 0, 'tgt_text': '@ConditionalOnMissingBean    RSocketServerBootstrap rSocketServerBootstrap(RSocketServerFactory rSocketServerFactory,      RSocketMessageHandler rSocketMessageHandler) {    return new RSocketServerBootstrap(rSocketServerFactory, rSocketMessageHandler.serverResponder());    }   }'}]
***** Running training *****
  Num examples = 260
  Batch size = 4
  Num epoch = 10

***** Running evaluation *****
  Num examples = 32
  Batch size = 4
  epoch = 0
  eval_ppl = 4.7231575066267814e+110
  global_step = 66
  train_loss = 16.4557
  ********************
Previous best ppl:inf
Achieve Best ppl:4.7231575066267814e+110
  ********************
BLEU file: ./data/sstubs/3/validation.jsonl
  codebleu-4 = 94.78 	 Previous best codebleu 0
  ********************
 Achieve Best bleu:94.78
  ********************

***** Running evaluation *****
  Num examples = 32
  Batch size = 4
  epoch = 1
  eval_ppl = 5.074071207697292e+116
  global_step = 131
  train_loss = 3.6384
  ********************
Previous best ppl:4.7231575066267814e+110
BLEU file: ./data/sstubs/3/validation.jsonl
  codebleu-4 = 95.58 	 Previous best codebleu 94.78
  ********************
 Achieve Best bleu:95.58
  ********************

***** Running evaluation *****
  Num examples = 32
  Batch size = 4
  epoch = 2
  eval_ppl = 1.1362546382325586e+117
  global_step = 196
  train_loss = 1.7118
  ********************
Previous best ppl:4.7231575066267814e+110
BLEU file: ./data/sstubs/3/validation.jsonl
  codebleu-4 = 93.83 	 Previous best codebleu 95.58
  ********************

***** Running evaluation *****
  Num examples = 32
  Batch size = 4
  epoch = 3
  eval_ppl = 8.795984582172908e+116
  global_step = 261
  train_loss = 1.52
  ********************
Previous best ppl:4.7231575066267814e+110
BLEU file: ./data/sstubs/3/validation.jsonl
  codebleu-4 = 95.14 	 Previous best codebleu 95.58
  ********************

***** Running evaluation *****
  Num examples = 32
  Batch size = 4
  epoch = 4
  eval_ppl = 1.0195871168552639e+120
  global_step = 326
  train_loss = 1.1509
  ********************
Previous best ppl:4.7231575066267814e+110
BLEU file: ./data/sstubs/3/validation.jsonl
  codebleu-4 = 95.73 	 Previous best codebleu 95.58
  ********************
 Achieve Best bleu:95.73
  ********************

***** Running evaluation *****
  Num examples = 32
  Batch size = 4
  epoch = 5
  eval_ppl = 8.56198254413714e+121
  global_step = 391
  train_loss = 0.4641
  ********************
Previous best ppl:4.7231575066267814e+110
BLEU file: ./data/sstubs/3/validation.jsonl
  codebleu-4 = 95.73 	 Previous best codebleu 95.73
  ********************

***** Running evaluation *****
  Num examples = 32
  Batch size = 4
  epoch = 6
  eval_ppl = 9.752201499681806e+121
  global_step = 456
  train_loss = 0.4011
  ********************
Previous best ppl:4.7231575066267814e+110
BLEU file: ./data/sstubs/3/validation.jsonl
  codebleu-4 = 95.73 	 Previous best codebleu 95.73
  ********************

***** Running evaluation *****
  Num examples = 32
  Batch size = 4
  epoch = 7
  eval_ppl = 1.2492779410426864e+122
  global_step = 521
  train_loss = 0.2649
  ********************
Previous best ppl:4.7231575066267814e+110
BLEU file: ./data/sstubs/3/validation.jsonl
  codebleu-4 = 95.67 	 Previous best codebleu 95.73
  ********************
early stopping!!!
reload model from result/sstubs/3/soft6_codet5p_220m/checkpoint-best-bleu
BLEU file: ./data/sstubs/3/test.jsonl
  codebleu = 93.5 
  Total = 32 
  Exact Fixed = 14 
[2, 3, 4, 5, 7, 9, 10, 20, 21, 22, 23, 26, 29, 31]
  Syntax Fixed = 0 
[]
  Cleaned Fixed = 0 
[]
  ********************
  Total = 32 
  Exact Fixed = 14 
[2, 3, 4, 5, 7, 9, 10, 20, 21, 22, 23, 26, 29, 31]
  Syntax Fixed = 0 
[]
  Cleaned Fixed = 0 
[]
  codebleu = 93.5 
[0.8633578174188632, 1.0, 1.0, 1.0, 1.0, 0.681072945544059, 1.0, 0.7071227299905347, 1.0, 1.0, 0.9583676774082095, 0.9383022364276514, 0.8380551848499416, 0.9675420713984233, 0.8642531454411047, 0.9211131842675646, 0.9087584599564476, 0.940101844638672, 0.9520099029923956, 1.0, 1.0, 1.0, 1.0, 0.8619090595729861, 0.8954157051952711, 1.0, 0.9362201886171708, 0.9052050509144789, 1.0, 0.8293897313556879, 1.0, 0.9515356830354562]
Finish training and take 5m
