Namespace(log_name='./sstubs/3/soft0_codet5p_770m.log', model_name='Salesforce/codet5p-770m', lang='java', output_dir='sstubs/3/soft0_codet5p_770m', data_dir='./data/sstubs/3', no_cuda=False, visible_gpu='0', num_train_epochs=10, num_test_epochs=1, train_batch_size=4, eval_batch_size=4, gradient_accumulation_steps=1, load_model_path=None, config_name='', tokenizer_name='', max_source_length=512, max_target_length=512, warm_up_ratio=0.1, do_train=True, do_eval=True, do_test=True, freeze=False, learning_rate=5e-05, beam_size=10, weight_decay=0.0, adam_epsilon=1e-08, local_rank=-1, seed=42, early_stop_threshold=3)
Process rank: -1, device: cuda, n_gpu: 1, distributed training: False
Model created!!
[[{'text': 'grammarBuilder.append("}\\n");    grammarBuilder.append("  : r=a ;\\n");    grammarBuilder.append("a : \'x\' { \\n");   grammarBuilder.append("fmt.Println(p.GetRuleInvocationStack(nil))\\n");    grammarBuilder.append("} ;");    String grammar = grammarBuilder.toString();    String input ="x";', 'loss_ids': 0, 'shortenable_ids': 1}, {'text': '<mask>', 'loss_ids': 1, 'shortenable_ids': 0}, {'text': 'is the fixed version', 'loss_ids': 0, 'shortenable_ids': 0}], {'guid': 0, 'tgt_text': 'grammarBuilder.append("}\\n");    grammarBuilder.append("  : r=a ;\\n");    grammarBuilder.append("a : \'x\' { \\n");   grammarBuilder.append("fmt.Println(antlr.PrintArrayJavaStyle(p.GetRuleInvocationStack(nil)))\\n");    grammarBuilder.append("} ;");    String grammar = grammarBuilder.toString();    String input ="x";'}]
***** Running training *****
  Num examples = 223
  Batch size = 4
  Num epoch = 10

***** Running evaluation *****
  Num examples = 28
  Batch size = 4
  epoch = 0
  eval_ppl = 6.530716193805508e+98
  global_step = 57
  train_loss = 17.2543
  ********************
Previous best ppl:inf
Achieve Best ppl:6.530716193805508e+98
  ********************
BLEU file: ./data/sstubs/3/validation.jsonl
  codebleu-4 = 93.73 	 Previous best codebleu 0
  ********************
 Achieve Best bleu:93.73
  ********************

***** Running evaluation *****
  Num examples = 28
  Batch size = 4
  epoch = 1
  eval_ppl = 1.596484012190525e+97
  global_step = 113
  train_loss = 3.3541
  ********************
Previous best ppl:6.530716193805508e+98
Achieve Best ppl:1.596484012190525e+97
  ********************
BLEU file: ./data/sstubs/3/validation.jsonl
  codebleu-4 = 92.23 	 Previous best codebleu 93.73
  ********************

***** Running evaluation *****
  Num examples = 28
  Batch size = 4
  epoch = 2
  eval_ppl = 3.6059294741235595e+94
  global_step = 169
  train_loss = 2.0489
  ********************
Previous best ppl:1.596484012190525e+97
Achieve Best ppl:3.6059294741235595e+94
  ********************
BLEU file: ./data/sstubs/3/validation.jsonl
  codebleu-4 = 93.77 	 Previous best codebleu 93.73
  ********************
 Achieve Best bleu:93.77
  ********************

***** Running evaluation *****
  Num examples = 28
  Batch size = 4
  epoch = 3
  eval_ppl = 1.0388638488131273e+97
  global_step = 225
  train_loss = 1.114
  ********************
Previous best ppl:3.6059294741235595e+94
BLEU file: ./data/sstubs/3/validation.jsonl
  codebleu-4 = 94.08 	 Previous best codebleu 93.77
  ********************
 Achieve Best bleu:94.08
  ********************

***** Running evaluation *****
  Num examples = 28
  Batch size = 4
  epoch = 4
  eval_ppl = 4.572854150819549e+97
  global_step = 281
  train_loss = 0.5371
  ********************
Previous best ppl:3.6059294741235595e+94
BLEU file: ./data/sstubs/3/validation.jsonl
  codebleu-4 = 94.27 	 Previous best codebleu 94.08
  ********************
 Achieve Best bleu:94.27
  ********************

***** Running evaluation *****
  Num examples = 28
  Batch size = 4
  epoch = 5
  eval_ppl = 3.809617849884535e+95
  global_step = 337
  train_loss = 0.3729
  ********************
Previous best ppl:3.6059294741235595e+94
BLEU file: ./data/sstubs/3/validation.jsonl
  codebleu-4 = 94.31 	 Previous best codebleu 94.27
  ********************
 Achieve Best bleu:94.31
  ********************

***** Running evaluation *****
  Num examples = 28
  Batch size = 4
  epoch = 6
  eval_ppl = 2.8991380571772804e+102
  global_step = 393
  train_loss = 0.5465
  ********************
Previous best ppl:3.6059294741235595e+94
BLEU file: ./data/sstubs/3/validation.jsonl
  codebleu-4 = 93.62 	 Previous best codebleu 94.31
  ********************

***** Running evaluation *****
  Num examples = 28
  Batch size = 4
  epoch = 7
  eval_ppl = 3.490847241096936e+104
  global_step = 449
  train_loss = 0.3847
  ********************
Previous best ppl:3.6059294741235595e+94
BLEU file: ./data/sstubs/3/validation.jsonl
  codebleu-4 = 93.12 	 Previous best codebleu 94.31
  ********************

***** Running evaluation *****
  Num examples = 28
  Batch size = 4
  epoch = 8
  eval_ppl = 1.6586189189877616e+105
  global_step = 505
  train_loss = 0.1655
  ********************
Previous best ppl:3.6059294741235595e+94
BLEU file: ./data/sstubs/3/validation.jsonl
  codebleu-4 = 93.62 	 Previous best codebleu 94.31
  ********************
early stopping!!!
reload model from sstubs/3/soft0_codet5p_770m/checkpoint-best-bleu
BLEU file: ./data/sstubs/3/test.jsonl
  codebleu = 95.24 
  Total = 27 
  Exact Fixed = 15 
[1, 4, 5, 6, 7, 8, 10, 11, 12, 16, 22, 23, 25, 26, 27]
  Syntax Fixed = 0 
[]
  Cleaned Fixed = 0 
[]
  ********************
  Total = 27 
  Exact Fixed = 15 
[1, 4, 5, 6, 7, 8, 10, 11, 12, 16, 22, 23, 25, 26, 27]
  Syntax Fixed = 0 
[]
  Cleaned Fixed = 0 
[]
  codebleu = 95.24 
[1.0, 0.881869732718652, 0.9548431641738979, 1.0, 1.0, 1.0, 1.0, 1.0, 0.936752055107628, 1.0, 1.0, 1.0, 0.8977573831682686, 0.963531800540206, 0.7888431522760508, 1.0, 0.8648103351245982, 0.7986995567252285, 0.9490051755223876, 0.9543920430664012, 0.8459152611805056, 1.0, 1.0, 0.8772724139191397, 1.0, 1.0, 1.0]
Finish training and take 13m
Namespace(log_name='./result/sstubs/3/soft0_codet5p_770m.log', model_name='Salesforce/codet5p-770m', lang='java', output_dir='result/sstubs/3/soft0_codet5p_770m', data_dir='./data/sstubs/3', no_cuda=False, visible_gpu='0', num_train_epochs=10, num_test_epochs=1, train_batch_size=4, eval_batch_size=4, gradient_accumulation_steps=1, load_model_path=None, config_name='', tokenizer_name='', max_source_length=512, max_target_length=512, warm_up_ratio=0.1, do_train=True, do_eval=True, do_test=True, freeze=False, learning_rate=5e-05, beam_size=10, weight_decay=0.0, adam_epsilon=1e-08, local_rank=-1, seed=42, early_stop_threshold=3)
Process rank: -1, device: cuda, n_gpu: 1, distributed training: False
Model created!!
[[{'text': '@ConditionalOnMissingBean    RSocketServerBootstrap rSocketServerBootstrap(RSocketServerFactory rSocketServerFactory,      RSocketMessageHandler rSocketMessageHandler) {    return new RSocketServerBootstrap(rSocketServerFactory, rSocketMessageHandler.serverAcceptor());    }   }', 'loss_ids': 0, 'shortenable_ids': 1}, {'text': '<mask>', 'loss_ids': 1, 'shortenable_ids': 0}, {'text': 'is the fixed version', 'loss_ids': 0, 'shortenable_ids': 0}], {'guid': 0, 'tgt_text': '@ConditionalOnMissingBean    RSocketServerBootstrap rSocketServerBootstrap(RSocketServerFactory rSocketServerFactory,      RSocketMessageHandler rSocketMessageHandler) {    return new RSocketServerBootstrap(rSocketServerFactory, rSocketMessageHandler.serverResponder());    }   }'}]
***** Running training *****
  Num examples = 260
  Batch size = 4
  Num epoch = 10

***** Running evaluation *****
  Num examples = 32
  Batch size = 4
  epoch = 0
  eval_ppl = 1.5293549341136528e+115
  global_step = 66
  train_loss = 15.4773
  ********************
Previous best ppl:inf
Achieve Best ppl:1.5293549341136528e+115
  ********************
BLEU file: ./data/sstubs/3/validation.jsonl
  codebleu-4 = 94.97 	 Previous best codebleu 0
  ********************
 Achieve Best bleu:94.97
  ********************

***** Running evaluation *****
  Num examples = 32
  Batch size = 4
  epoch = 1
  eval_ppl = 1.8694308456472016e+114
  global_step = 131
  train_loss = 3.0847
  ********************
Previous best ppl:1.5293549341136528e+115
Achieve Best ppl:1.8694308456472016e+114
  ********************
BLEU file: ./data/sstubs/3/validation.jsonl
  codebleu-4 = 87.42 	 Previous best codebleu 94.97
  ********************

***** Running evaluation *****
  Num examples = 32
  Batch size = 4
  epoch = 2
  eval_ppl = 1.7983637226805955e+115
  global_step = 196
  train_loss = 1.5192
  ********************
Previous best ppl:1.8694308456472016e+114
BLEU file: ./data/sstubs/3/validation.jsonl
  codebleu-4 = 91.46 	 Previous best codebleu 94.97
  ********************

***** Running evaluation *****
  Num examples = 32
  Batch size = 4
  epoch = 3
  eval_ppl = 5.621221803375853e+116
  global_step = 261
  train_loss = 0.9659
  ********************
Previous best ppl:1.8694308456472016e+114
BLEU file: ./data/sstubs/3/validation.jsonl
  codebleu-4 = 94.77 	 Previous best codebleu 94.97
  ********************

***** Running evaluation *****
  Num examples = 32
  Batch size = 4
  epoch = 4
  eval_ppl = 6.545450406569803e+115
  global_step = 326
  train_loss = 0.8407
  ********************
Previous best ppl:1.8694308456472016e+114
BLEU file: ./data/sstubs/3/validation.jsonl
  codebleu-4 = 94.77 	 Previous best codebleu 94.97
  ********************
early stopping!!!
reload model from result/sstubs/3/soft0_codet5p_770m/checkpoint-best-bleu
BLEU file: ./data/sstubs/3/test.jsonl
  codebleu = 92.02 
  Total = 32 
  Exact Fixed = 9 
[2, 3, 4, 5, 9, 10, 22, 23, 29]
  Syntax Fixed = 0 
[]
  Cleaned Fixed = 0 
[]
  ********************
  Total = 32 
  Exact Fixed = 9 
[2, 3, 4, 5, 9, 10, 22, 23, 29]
  Syntax Fixed = 0 
[]
  Cleaned Fixed = 0 
[]
  codebleu = 92.02 
[0.9096354401872717, 1.0, 1.0, 1.0, 1.0, 0.6412796215044829, 0.8448249047172172, 0.6571227299905348, 1.0, 1.0, 0.9583676774082095, 0.9383022364276514, 0.8380551848499416, 0.9675420713984233, 0.8642531454411047, 0.9211131842675646, 0.9087584599564476, 0.940101844638672, 0.9520099029923956, 0.8448249047172172, 0.9556325881310865, 1.0, 1.0, 0.8619090595729861, 0.8954157051952711, 0.9498733743967636, 0.9362201886171708, 0.9052050509144789, 1.0, 0.8293897313556879, 0.9610055919835154, 0.9658213973211704]
Finish training and take 9m
