Namespace(log_name='./sstubs/3/soft5_codet5p_220m.log', model_name='Salesforce/codet5p-220m', lang='java', output_dir='sstubs/3/soft5_codet5p_220m', data_dir='./data/sstubs/3', no_cuda=False, visible_gpu='0', num_train_epochs=10, num_test_epochs=1, train_batch_size=4, eval_batch_size=4, gradient_accumulation_steps=1, load_model_path=None, config_name='', tokenizer_name='', max_source_length=512, max_target_length=512, warm_up_ratio=0.1, do_train=True, do_eval=True, do_test=True, freeze=False, learning_rate=5e-05, beam_size=10, weight_decay=0.0, adam_epsilon=1e-08, local_rank=-1, seed=42, early_stop_threshold=3)
Process rank: -1, device: cuda, n_gpu: 1, distributed training: False
Model created!!
[[{'text': 'grammarBuilder.append("}\\n");    grammarBuilder.append("  : r=a ;\\n");    grammarBuilder.append("a : \'x\' { \\n");   grammarBuilder.append("fmt.Println(p.GetRuleInvocationStack(nil))\\n");    grammarBuilder.append("} ;");    String grammar = grammarBuilder.toString();    String input ="x";', 'loss_ids': 0, 'shortenable_ids': 1}, {'text': 'is buggy program', 'loss_ids': 0, 'shortenable_ids': 0}, {'text': '<mask>', 'loss_ids': 1, 'shortenable_ids': 0}, {'text': 'is fixed program', 'loss_ids': 0, 'shortenable_ids': 0}], {'guid': 0, 'tgt_text': 'grammarBuilder.append("}\\n");    grammarBuilder.append("  : r=a ;\\n");    grammarBuilder.append("a : \'x\' { \\n");   grammarBuilder.append("fmt.Println(antlr.PrintArrayJavaStyle(p.GetRuleInvocationStack(nil)))\\n");    grammarBuilder.append("} ;");    String grammar = grammarBuilder.toString();    String input ="x";'}]
***** Running training *****
  Num examples = 223
  Batch size = 4
  Num epoch = 10

***** Running evaluation *****
  Num examples = 28
  Batch size = 4
  epoch = 0
  eval_ppl = 6.574496893213151e+98
  global_step = 57
  train_loss = 20.037
  ********************
Previous best ppl:inf
Achieve Best ppl:6.574496893213151e+98
  ********************
BLEU file: ./data/sstubs/3/validation.jsonl
  codebleu-4 = 93.07 	 Previous best codebleu 0
  ********************
 Achieve Best bleu:93.07
  ********************

***** Running evaluation *****
  Num examples = 28
  Batch size = 4
  epoch = 1
  eval_ppl = 6.710641522232479e+102
  global_step = 113
  train_loss = 4.9704
  ********************
Previous best ppl:6.574496893213151e+98
BLEU file: ./data/sstubs/3/validation.jsonl
  codebleu-4 = 93.98 	 Previous best codebleu 93.07
  ********************
 Achieve Best bleu:93.98
  ********************

***** Running evaluation *****
  Num examples = 28
  Batch size = 4
  epoch = 2
  eval_ppl = 8.300223305216629e+103
  global_step = 169
  train_loss = 2.3518
  ********************
Previous best ppl:6.574496893213151e+98
BLEU file: ./data/sstubs/3/validation.jsonl
  codebleu-4 = 94.13 	 Previous best codebleu 93.98
  ********************
 Achieve Best bleu:94.13
  ********************

***** Running evaluation *****
  Num examples = 28
  Batch size = 4
  epoch = 3
  eval_ppl = 7.955910568901186e+108
  global_step = 225
  train_loss = 1.3548
  ********************
Previous best ppl:6.574496893213151e+98
BLEU file: ./data/sstubs/3/validation.jsonl
  codebleu-4 = 94.17 	 Previous best codebleu 94.13
  ********************
 Achieve Best bleu:94.17
  ********************

***** Running evaluation *****
  Num examples = 28
  Batch size = 4
  epoch = 4
  eval_ppl = 1.2558648045136134e+111
  global_step = 281
  train_loss = 0.8711
  ********************
Previous best ppl:6.574496893213151e+98
BLEU file: ./data/sstubs/3/validation.jsonl
  codebleu-4 = 94.82 	 Previous best codebleu 94.17
  ********************
 Achieve Best bleu:94.82
  ********************

***** Running evaluation *****
  Num examples = 28
  Batch size = 4
  epoch = 5
  eval_ppl = 9.388888317038112e+109
  global_step = 337
  train_loss = 0.687
  ********************
Previous best ppl:6.574496893213151e+98
BLEU file: ./data/sstubs/3/validation.jsonl
  codebleu-4 = 94.64 	 Previous best codebleu 94.82
  ********************

***** Running evaluation *****
  Num examples = 28
  Batch size = 4
  epoch = 6
  eval_ppl = 5.881473779012101e+110
  global_step = 393
  train_loss = 0.3903
  ********************
Previous best ppl:6.574496893213151e+98
BLEU file: ./data/sstubs/3/validation.jsonl
  codebleu-4 = 94.32 	 Previous best codebleu 94.82
  ********************

***** Running evaluation *****
  Num examples = 28
  Batch size = 4
  epoch = 7
  eval_ppl = 5.227881953013766e+111
  global_step = 449
  train_loss = 0.2877
  ********************
Previous best ppl:6.574496893213151e+98
BLEU file: ./data/sstubs/3/validation.jsonl
  codebleu-4 = 94.82 	 Previous best codebleu 94.82
  ********************
early stopping!!!
reload model from sstubs/3/soft5_codet5p_220m/checkpoint-best-bleu
BLEU file: ./data/sstubs/3/test.jsonl
  codebleu = 94.9 
  Total = 27 
  Exact Fixed = 15 
[1, 4, 5, 6, 7, 8, 10, 11, 12, 16, 22, 23, 25, 26, 27]
  Syntax Fixed = 0 
[]
  Cleaned Fixed = 0 
[]
  ********************
  Total = 27 
  Exact Fixed = 15 
[1, 4, 5, 6, 7, 8, 10, 11, 12, 16, 22, 23, 25, 26, 27]
  Syntax Fixed = 0 
[]
  Cleaned Fixed = 0 
[]
  codebleu = 94.9 
[1.0, 0.881869732718652, 0.9548431641738979, 1.0, 1.0, 1.0, 1.0, 1.0, 0.936752055107628, 1.0, 1.0, 1.0, 0.8977573831682686, 0.963531800540206, 0.7888431522760508, 1.0, 0.8648103351245982, 0.7091754017934974, 0.9490051755223876, 0.9543920430664012, 0.8459152611805056, 1.0, 1.0, 0.8772724139191397, 1.0, 1.0, 1.0]
Finish training and take 4m
Namespace(log_name='./result/sstubs/3/soft5_codet5p_220m.log', model_name='Salesforce/codet5p-220m', lang='java', output_dir='result/sstubs/3/soft5_codet5p_220m', data_dir='./data/sstubs/3', no_cuda=False, visible_gpu='0', num_train_epochs=10, num_test_epochs=1, train_batch_size=4, eval_batch_size=4, gradient_accumulation_steps=1, load_model_path=None, config_name='', tokenizer_name='', max_source_length=512, max_target_length=512, warm_up_ratio=0.1, do_train=True, do_eval=True, do_test=True, freeze=False, learning_rate=5e-05, beam_size=10, weight_decay=0.0, adam_epsilon=1e-08, local_rank=-1, seed=42, early_stop_threshold=3)
Process rank: -1, device: cuda, n_gpu: 1, distributed training: False
Model created!!
[[{'text': '@ConditionalOnMissingBean    RSocketServerBootstrap rSocketServerBootstrap(RSocketServerFactory rSocketServerFactory,      RSocketMessageHandler rSocketMessageHandler) {    return new RSocketServerBootstrap(rSocketServerFactory, rSocketMessageHandler.serverAcceptor());    }   }', 'loss_ids': 0, 'shortenable_ids': 1}, {'text': 'is buggy program', 'loss_ids': 0, 'shortenable_ids': 0}, {'text': '<mask>', 'loss_ids': 1, 'shortenable_ids': 0}, {'text': 'is fixed program', 'loss_ids': 0, 'shortenable_ids': 0}], {'guid': 0, 'tgt_text': '@ConditionalOnMissingBean    RSocketServerBootstrap rSocketServerBootstrap(RSocketServerFactory rSocketServerFactory,      RSocketMessageHandler rSocketMessageHandler) {    return new RSocketServerBootstrap(rSocketServerFactory, rSocketMessageHandler.serverResponder());    }   }'}]
***** Running training *****
  Num examples = 260
  Batch size = 4
  Num epoch = 10

***** Running evaluation *****
  Num examples = 32
  Batch size = 4
  epoch = 0
  eval_ppl = 6.398243036322994e+108
  global_step = 66
  train_loss = 18.1801
  ********************
Previous best ppl:inf
Achieve Best ppl:6.398243036322994e+108
  ********************
BLEU file: ./data/sstubs/3/validation.jsonl
  codebleu-4 = 94.85 	 Previous best codebleu 0
  ********************
 Achieve Best bleu:94.85
  ********************

***** Running evaluation *****
  Num examples = 32
  Batch size = 4
  epoch = 1
  eval_ppl = 7.086283801559306e+110
  global_step = 131
  train_loss = 3.7113
  ********************
Previous best ppl:6.398243036322994e+108
BLEU file: ./data/sstubs/3/validation.jsonl
  codebleu-4 = 95.24 	 Previous best codebleu 94.85
  ********************
 Achieve Best bleu:95.24
  ********************

***** Running evaluation *****
  Num examples = 32
  Batch size = 4
  epoch = 2
  eval_ppl = 1.630653967483339e+116
  global_step = 196
  train_loss = 2.128
  ********************
Previous best ppl:6.398243036322994e+108
BLEU file: ./data/sstubs/3/validation.jsonl
  codebleu-4 = 95.38 	 Previous best codebleu 95.24
  ********************
 Achieve Best bleu:95.38
  ********************

***** Running evaluation *****
  Num examples = 32
  Batch size = 4
  epoch = 3
  eval_ppl = 1.4612538414259945e+119
  global_step = 261
  train_loss = 1.0507
  ********************
Previous best ppl:6.398243036322994e+108
BLEU file: ./data/sstubs/3/validation.jsonl
  codebleu-4 = 95.79 	 Previous best codebleu 95.38
  ********************
 Achieve Best bleu:95.79
  ********************

***** Running evaluation *****
  Num examples = 32
  Batch size = 4
  epoch = 4
  eval_ppl = 5.371868304027815e+121
  global_step = 326
  train_loss = 0.7411
  ********************
Previous best ppl:6.398243036322994e+108
BLEU file: ./data/sstubs/3/validation.jsonl
  codebleu-4 = 95.38 	 Previous best codebleu 95.79
  ********************

***** Running evaluation *****
  Num examples = 32
  Batch size = 4
  epoch = 5
  eval_ppl = 3.3709281191882634e+122
  global_step = 391
  train_loss = 0.3558
  ********************
Previous best ppl:6.398243036322994e+108
BLEU file: ./data/sstubs/3/validation.jsonl
  codebleu-4 = 95.79 	 Previous best codebleu 95.79
  ********************

***** Running evaluation *****
  Num examples = 32
  Batch size = 4
  epoch = 6
  eval_ppl = 6.991046090607887e+121
  global_step = 456
  train_loss = 0.475
  ********************
Previous best ppl:6.398243036322994e+108
BLEU file: ./data/sstubs/3/validation.jsonl
  codebleu-4 = 95.79 	 Previous best codebleu 95.79
  ********************
early stopping!!!
reload model from result/sstubs/3/soft5_codet5p_220m/checkpoint-best-bleu
BLEU file: ./data/sstubs/3/test.jsonl
  codebleu = 93.67 
  Total = 32 
  Exact Fixed = 14 
[2, 3, 4, 5, 7, 9, 10, 20, 21, 22, 23, 26, 29, 31]
  Syntax Fixed = 0 
[]
  Cleaned Fixed = 0 
[]
  ********************
  Total = 32 
  Exact Fixed = 14 
[2, 3, 4, 5, 7, 9, 10, 20, 21, 22, 23, 26, 29, 31]
  Syntax Fixed = 0 
[]
  Cleaned Fixed = 0 
[]
  codebleu = 93.67 
[0.9096354401872717, 1.0, 1.0, 1.0, 1.0, 0.681072945544059, 1.0, 0.6571227299905348, 1.0, 1.0, 0.9583676774082095, 0.9383022364276514, 0.8380551848499416, 0.9675420713984233, 0.8642531454411047, 0.9211131842675646, 0.9087584599564476, 0.920101844638672, 0.9520099029923956, 1.0, 1.0, 1.0, 1.0, 0.9269395879040604, 0.8954157051952711, 1.0, 0.9362201886171708, 0.9052050509144789, 1.0, 0.8293897313556879, 1.0, 0.9658213973211704]
Finish training and take 3m
