Namespace(log_name='./sstubs/3/soft9_codet5p_770m.log', model_name='Salesforce/codet5p-770m', lang='java', output_dir='sstubs/3/soft9_codet5p_770m', data_dir='./data/sstubs/3', no_cuda=False, visible_gpu='0', num_train_epochs=10, num_test_epochs=1, train_batch_size=4, eval_batch_size=4, gradient_accumulation_steps=1, load_model_path=None, config_name='', tokenizer_name='', max_source_length=1024, max_target_length=512, warm_up_ratio=0.1, do_train=True, do_eval=True, do_test=True, freeze=False, learning_rate=5e-05, beam_size=10, weight_decay=0.0, adam_epsilon=1e-08, local_rank=-1, seed=42, early_stop_threshold=3)
Process rank: -1, device: cuda, n_gpu: 1, distributed training: False
Model created!!
[[{'text': 'Please fix an buggy program', 'loss_ids': 0, 'shortenable_ids': 0}, {'text': ' grammarBuilder.append("}\\n");    grammarBuilder.append("  : r=a ;\\n");    grammarBuilder.append("a : \'x\' { \\n");   grammarBuilder.append("fmt.Println(p.GetRuleInvocationStack(nil))\\n");    grammarBuilder.append("} ;");    String grammar = grammarBuilder.toString();    String input ="x";', 'loss_ids': 0, 'shortenable_ids': 1}, {'text': 'the bug type is', 'loss_ids': 0, 'shortenable_ids': 0}, {'text': ' Change Numeric Literal', 'loss_ids': 0, 'shortenable_ids': 1}, {'text': '.', 'loss_ids': 0, 'shortenable_ids': 0}, {'text': 'the abstract syntax tree of bug line before fixing is', 'loss_ids': 0, 'shortenable_ids': 0}, {'text': ' new StringBuilder(167)', 'loss_ids': 0, 'shortenable_ids': 0}, {'text': '<mask>', 'loss_ids': 1, 'shortenable_ids': 0}, {'text': 'is the fixed version', 'loss_ids': 0, 'shortenable_ids': 0}], {'guid': 0, 'tgt_text': 'grammarBuilder.append("}\\n");    grammarBuilder.append("  : r=a ;\\n");    grammarBuilder.append("a : \'x\' { \\n");   grammarBuilder.append("fmt.Println(antlr.PrintArrayJavaStyle(p.GetRuleInvocationStack(nil)))\\n");    grammarBuilder.append("} ;");    String grammar = grammarBuilder.toString();    String input ="x";'}]
***** Running training *****
  Num examples = 223
  Batch size = 4
  Num epoch = 10
Namespace(log_name='./sstubs/3/soft9_codet5p_770m.log', model_name='Salesforce/codet5p-770m', lang='java', output_dir='sstubs/3/soft9_codet5p_770m', data_dir='./data/sstubs/3', no_cuda=False, visible_gpu='0', num_train_epochs=10, num_test_epochs=1, train_batch_size=4, eval_batch_size=4, gradient_accumulation_steps=1, load_model_path=None, config_name='', tokenizer_name='', max_source_length=512, max_target_length=512, warm_up_ratio=0.1, do_train=True, do_eval=True, do_test=True, freeze=False, learning_rate=5e-05, beam_size=10, weight_decay=0.0, adam_epsilon=1e-08, local_rank=-1, seed=42, early_stop_threshold=3)
Process rank: -1, device: cuda, n_gpu: 1, distributed training: False
Model created!!
[[{'text': 'Please fix an buggy program', 'loss_ids': 0, 'shortenable_ids': 0}, {'text': ' grammarBuilder.append("}\\n");    grammarBuilder.append("  : r=a ;\\n");    grammarBuilder.append("a : \'x\' { \\n");   grammarBuilder.append("fmt.Println(p.GetRuleInvocationStack(nil))\\n");    grammarBuilder.append("} ;");    String grammar = grammarBuilder.toString();    String input ="x";', 'loss_ids': 0, 'shortenable_ids': 1}, {'text': 'the bug type is', 'loss_ids': 0, 'shortenable_ids': 0}, {'text': ' Change Numeric Literal', 'loss_ids': 0, 'shortenable_ids': 1}, {'text': '.', 'loss_ids': 0, 'shortenable_ids': 0}, {'text': 'the abstract syntax tree of bug line before fixing is', 'loss_ids': 0, 'shortenable_ids': 0}, {'text': ' new StringBuilder(167)', 'loss_ids': 0, 'shortenable_ids': 0}, {'text': '<mask>', 'loss_ids': 1, 'shortenable_ids': 0}, {'text': 'is the fixed version', 'loss_ids': 0, 'shortenable_ids': 0}], {'guid': 0, 'tgt_text': 'grammarBuilder.append("}\\n");    grammarBuilder.append("  : r=a ;\\n");    grammarBuilder.append("a : \'x\' { \\n");   grammarBuilder.append("fmt.Println(antlr.PrintArrayJavaStyle(p.GetRuleInvocationStack(nil)))\\n");    grammarBuilder.append("} ;");    String grammar = grammarBuilder.toString();    String input ="x";'}]
***** Running training *****
  Num examples = 223
  Batch size = 4
  Num epoch = 10

***** Running evaluation *****
  Num examples = 28
  Batch size = 4
  epoch = 0
  eval_ppl = 1.668008064915006e+92
  global_step = 57
  train_loss = 15.6666
  ********************
Previous best ppl:inf
Achieve Best ppl:1.668008064915006e+92
  ********************
BLEU file: ./data/sstubs/3/validation.jsonl
  codebleu-4 = 92.16 	 Previous best codebleu 0
  ********************
 Achieve Best bleu:92.16
  ********************

***** Running evaluation *****
  Num examples = 28
  Batch size = 4
  epoch = 1
  eval_ppl = 1.4694319346293843e+93
  global_step = 113
  train_loss = 3.0681
  ********************
Previous best ppl:1.668008064915006e+92
BLEU file: ./data/sstubs/3/validation.jsonl
  codebleu-4 = 92.17 	 Previous best codebleu 92.16
  ********************
 Achieve Best bleu:92.17
  ********************

***** Running evaluation *****
  Num examples = 28
  Batch size = 4
  epoch = 2
  eval_ppl = 1.281019690651653e+91
  global_step = 169
  train_loss = 1.5758
  ********************
Previous best ppl:1.668008064915006e+92
Achieve Best ppl:1.281019690651653e+91
  ********************
BLEU file: ./data/sstubs/3/validation.jsonl
  codebleu-4 = 94.27 	 Previous best codebleu 92.17
  ********************
 Achieve Best bleu:94.27
  ********************

***** Running evaluation *****
  Num examples = 28
  Batch size = 4
  epoch = 3
  eval_ppl = 3.824910051612569e+100
  global_step = 225
  train_loss = 1.3734
  ********************
Previous best ppl:1.281019690651653e+91
BLEU file: ./data/sstubs/3/validation.jsonl
  codebleu-4 = 94.27 	 Previous best codebleu 94.27
  ********************

***** Running evaluation *****
  Num examples = 28
  Batch size = 4
  epoch = 4
  eval_ppl = 2.5142056472807463e+101
  global_step = 281
  train_loss = 0.7002
  ********************
Previous best ppl:1.281019690651653e+91
BLEU file: ./data/sstubs/3/validation.jsonl
  codebleu-4 = 94.27 	 Previous best codebleu 94.27
  ********************

***** Running evaluation *****
  Num examples = 28
  Batch size = 4
  epoch = 5
  eval_ppl = 3.4353451452514186e+101
  global_step = 337
  train_loss = 0.4978
  ********************
Previous best ppl:1.281019690651653e+91
BLEU file: ./data/sstubs/3/validation.jsonl
  codebleu-4 = 93.62 	 Previous best codebleu 94.27
  ********************
early stopping!!!
reload model from sstubs/3/soft9_codet5p_770m/checkpoint-best-bleu
BLEU file: ./data/sstubs/3/test.jsonl
  codebleu = 94.68 
  Total = 27 
  Exact Fixed = 13 
[1, 4, 5, 6, 8, 10, 11, 12, 22, 23, 25, 26, 27]
  Syntax Fixed = 1 
[7]
  Cleaned Fixed = 0 
[]
  ********************
  Total = 27 
  Exact Fixed = 13 
[1, 4, 5, 6, 8, 10, 11, 12, 22, 23, 25, 26, 27]
  Syntax Fixed = 1 
[7]
  Cleaned Fixed = 0 
[]
  codebleu = 94.68 
[1.0, 0.881869732718652, 0.9548431641738979, 1.0, 1.0, 1.0, 0.9599706449129699, 1.0, 0.936752055107628, 1.0, 1.0, 1.0, 0.8977573831682686, 0.963531800540206, 0.7888431522760508, 0.8685492273229867, 0.8648103351245982, 0.8086995567252285, 0.9490051755223876, 0.9543920430664012, 0.8573835536643046, 1.0, 1.0, 0.8772724139191397, 1.0, 1.0, 1.0]
Finish training and take 8m
Namespace(log_name='./result/sstubs/3/soft9_codet5p_770m.log', model_name='Salesforce/codet5p-770m', lang='java', output_dir='result/sstubs/3/soft9_codet5p_770m', data_dir='./data/sstubs/3', no_cuda=False, visible_gpu='0', num_train_epochs=10, num_test_epochs=1, train_batch_size=4, eval_batch_size=4, gradient_accumulation_steps=1, load_model_path=None, config_name='', tokenizer_name='', max_source_length=512, max_target_length=512, warm_up_ratio=0.1, do_train=True, do_eval=True, do_test=True, freeze=False, learning_rate=5e-05, beam_size=10, weight_decay=0.0, adam_epsilon=1e-08, local_rank=-1, seed=42, early_stop_threshold=3)
Process rank: -1, device: cuda, n_gpu: 1, distributed training: False
Model created!!
[[{'text': 'Please fix a buggy program', 'loss_ids': 0, 'shortenable_ids': 0}, {'text': ' @ConditionalOnMissingBean    RSocketServerBootstrap rSocketServerBootstrap(RSocketServerFactory rSocketServerFactory,      RSocketMessageHandler rSocketMessageHandler) {    return new RSocketServerBootstrap(rSocketServerFactory, rSocketMessageHandler.serverAcceptor());    }   }', 'loss_ids': 0, 'shortenable_ids': 1}, {'text': 'the bug type is', 'loss_ids': 0, 'shortenable_ids': 0}, {'text': ' Wrong Function Name', 'loss_ids': 0, 'shortenable_ids': 0}, {'text': '.', 'loss_ids': 0, 'shortenable_ids': 0}, {'text': 'the abstract syntax tree of bug line before fixing is', 'loss_ids': 0, 'shortenable_ids': 0}, {'text': ' rSocketMessageHandler.serverAcceptor()', 'loss_ids': 0, 'shortenable_ids': 1}, {'text': '<mask>', 'loss_ids': 1, 'shortenable_ids': 0}, {'text': 'is the fixed version', 'loss_ids': 0, 'shortenable_ids': 0}], {'guid': 0, 'tgt_text': '@ConditionalOnMissingBean    RSocketServerBootstrap rSocketServerBootstrap(RSocketServerFactory rSocketServerFactory,      RSocketMessageHandler rSocketMessageHandler) {    return new RSocketServerBootstrap(rSocketServerFactory, rSocketMessageHandler.serverResponder());    }   }'}]
***** Running training *****
  Num examples = 260
  Batch size = 4
  Num epoch = 10

***** Running evaluation *****
  Num examples = 32
  Batch size = 4
  epoch = 0
  eval_ppl = 1.8927939946538424e+109
  global_step = 66
  train_loss = 13.8144
  ********************
Previous best ppl:inf
Achieve Best ppl:1.8927939946538424e+109
  ********************
BLEU file: ./data/sstubs/3/validation.jsonl
  codebleu-4 = 94.59 	 Previous best codebleu 0
  ********************
 Achieve Best bleu:94.59
  ********************

***** Running evaluation *****
  Num examples = 32
  Batch size = 4
  epoch = 1
  eval_ppl = 2.859836948623156e+106
  global_step = 131
  train_loss = 2.9914
  ********************
Previous best ppl:1.8927939946538424e+109
Achieve Best ppl:2.859836948623156e+106
  ********************
BLEU file: ./data/sstubs/3/validation.jsonl
  codebleu-4 = 93.1 	 Previous best codebleu 94.59
  ********************

***** Running evaluation *****
  Num examples = 32
  Batch size = 4
  epoch = 2
  eval_ppl = 1.1581407207902197e+108
  global_step = 196
  train_loss = 1.3712
  ********************
Previous best ppl:2.859836948623156e+106
BLEU file: ./data/sstubs/3/validation.jsonl
  codebleu-4 = 94.83 	 Previous best codebleu 94.59
  ********************
 Achieve Best bleu:94.83
  ********************

***** Running evaluation *****
  Num examples = 32
  Batch size = 4
  epoch = 3
  eval_ppl = 7.060376019055969e+105
  global_step = 261
  train_loss = 0.747
  ********************
Previous best ppl:2.859836948623156e+106
Achieve Best ppl:7.060376019055969e+105
  ********************
BLEU file: ./data/sstubs/3/validation.jsonl
  codebleu-4 = 95.24 	 Previous best codebleu 94.83
  ********************
 Achieve Best bleu:95.24
  ********************

***** Running evaluation *****
  Num examples = 32
  Batch size = 4
  epoch = 4
  eval_ppl = 5.590925068106475e+107
  global_step = 326
  train_loss = 0.2482
  ********************
Previous best ppl:7.060376019055969e+105
BLEU file: ./data/sstubs/3/validation.jsonl
  codebleu-4 = 95.15 	 Previous best codebleu 95.24
  ********************

***** Running evaluation *****
  Num examples = 32
  Batch size = 4
  epoch = 5
  eval_ppl = 3.3661239592934834e+108
  global_step = 391
  train_loss = 0.1116
  ********************
Previous best ppl:7.060376019055969e+105
BLEU file: ./data/sstubs/3/validation.jsonl
  codebleu-4 = 94.49 	 Previous best codebleu 95.24
  ********************

***** Running evaluation *****
  Num examples = 32
  Batch size = 4
  epoch = 6
  eval_ppl = 6.114779063810287e+108
  global_step = 456
  train_loss = 0.3011
  ********************
Previous best ppl:7.060376019055969e+105
BLEU file: ./data/sstubs/3/validation.jsonl
  codebleu-4 = 95.24 	 Previous best codebleu 95.24
  ********************
early stopping!!!
reload model from result/sstubs/3/soft9_codet5p_770m/checkpoint-best-bleu
BLEU file: ./data/sstubs/3/test.jsonl
  codebleu = 93.3 
  Total = 32 
  Exact Fixed = 13 
[2, 3, 4, 5, 7, 9, 10, 20, 22, 23, 26, 29, 31]
  Syntax Fixed = 0 
[]
  Cleaned Fixed = 0 
[]
  ********************
  Total = 32 
  Exact Fixed = 13 
[2, 3, 4, 5, 7, 9, 10, 20, 22, 23, 26, 29, 31]
  Syntax Fixed = 0 
[]
  Cleaned Fixed = 0 
[]
  codebleu = 93.3 
[0.9096354401872717, 1.0, 1.0, 1.0, 1.0, 0.662037494903182, 1.0, 0.7071227299905347, 1.0, 1.0, 0.9583676774082095, 0.9383022364276514, 0.7980551848499416, 0.9675420713984233, 0.8642531454411047, 0.9211131842675646, 0.9087584599564476, 0.920101844638672, 0.9520099029923956, 1.0, 0.9556325881310865, 1.0, 1.0, 0.8619090595729861, 0.8954157051952711, 1.0, 0.9362201886171708, 0.9052050509144789, 1.0, 0.8293897313556879, 1.0, 0.9658213973211704]
Finish training and take 7m
