Namespace(log_name='./result/sstubs/3/soft9_codet5p_220m.log', model_name='Salesforce/codet5p-220m', lang='java', output_dir='result/sstubs/3/soft9_codet5p_220m', data_dir='./data/sstubs/3', no_cuda=False, visible_gpu='0', choice=9, num_train_epochs=10, num_test_epochs=1, train_batch_size=4, eval_batch_size=4, gradient_accumulation_steps=1, load_model_path=None, config_name='', tokenizer_name='', max_source_length=512, max_target_length=512, warm_up_ratio=0.1, do_train=True, do_eval=True, do_test=True, freeze=False, learning_rate=5e-05, beam_size=10, weight_decay=0.0, adam_epsilon=1e-08, local_rank=-1, seed=42, early_stop_threshold=3)
Process rank: -1, device: cuda, n_gpu: 1, distributed training: False
Model created!!
[[{'text': 'Please fix a buggy program', 'loss_ids': 0, 'shortenable_ids': 0}, {'text': ' @ConditionalOnMissingBean    RSocketServerBootstrap rSocketServerBootstrap(RSocketServerFactory rSocketServerFactory,      RSocketMessageHandler rSocketMessageHandler) {    return new RSocketServerBootstrap(rSocketServerFactory, rSocketMessageHandler.serverAcceptor());    }   }', 'loss_ids': 0, 'shortenable_ids': 1}, {'text': 'the bug type is', 'loss_ids': 0, 'shortenable_ids': 0}, {'text': ' Wrong Function Name', 'loss_ids': 0, 'shortenable_ids': 0}, {'text': '.', 'loss_ids': 0, 'shortenable_ids': 0}, {'text': 'the abstract syntax tree of bug line before fixing is', 'loss_ids': 0, 'shortenable_ids': 0}, {'text': ' rSocketMessageHandler.serverAcceptor()', 'loss_ids': 0, 'shortenable_ids': 1}, {'text': '<mask>', 'loss_ids': 1, 'shortenable_ids': 0}, {'text': 'is the fixed version', 'loss_ids': 0, 'shortenable_ids': 0}], {'guid': 0, 'tgt_text': '@ConditionalOnMissingBean    RSocketServerBootstrap rSocketServerBootstrap(RSocketServerFactory rSocketServerFactory,      RSocketMessageHandler rSocketMessageHandler) {    return new RSocketServerBootstrap(rSocketServerFactory, rSocketMessageHandler.serverResponder());    }   }'}]
***** Running training *****
  Num examples = 260
  Batch size = 4
  Num epoch = 10

***** Running evaluation *****
  Num examples = 32
  Batch size = 4
  epoch = 0
  eval_ppl = 4.374738536818793e+104
  global_step = 66
  train_loss = 17.3752
  ********************
Previous best ppl:inf
Achieve Best ppl:4.374738536818793e+104
  ********************
BLEU file: ./data/sstubs/3/validation.jsonl
  codebleu-4 = 93.17 	 Previous best codebleu 0
  ********************
 Achieve Best bleu:93.17
  ********************

***** Running evaluation *****
  Num examples = 32
  Batch size = 4
  epoch = 1
  eval_ppl = 2.5160023590537168e+118
  global_step = 131
  train_loss = 3.6721
  ********************
Previous best ppl:4.374738536818793e+104
BLEU file: ./data/sstubs/3/validation.jsonl
  codebleu-4 = 94.87 	 Previous best codebleu 93.17
  ********************
 Achieve Best bleu:94.87
  ********************

***** Running evaluation *****
  Num examples = 32
  Batch size = 4
  epoch = 2
  eval_ppl = 1.1888624484491e+117
  global_step = 196
  train_loss = 1.7265
  ********************
Previous best ppl:4.374738536818793e+104
BLEU file: ./data/sstubs/3/validation.jsonl
  codebleu-4 = 95.79 	 Previous best codebleu 94.87
  ********************
 Achieve Best bleu:95.79
  ********************

***** Running evaluation *****
  Num examples = 32
  Batch size = 4
  epoch = 3
  eval_ppl = 2.2060168947930727e+115
  global_step = 261
  train_loss = 0.8829
  ********************
Previous best ppl:4.374738536818793e+104
BLEU file: ./data/sstubs/3/validation.jsonl
  codebleu-4 = 95.74 	 Previous best codebleu 95.79
  ********************

***** Running evaluation *****
  Num examples = 32
  Batch size = 4
  epoch = 4
  eval_ppl = 9.42909499944293e+118
  global_step = 326
  train_loss = 0.5725
  ********************
Previous best ppl:4.374738536818793e+104
BLEU file: ./data/sstubs/3/validation.jsonl
  codebleu-4 = 94.97 	 Previous best codebleu 95.79
  ********************

***** Running evaluation *****
  Num examples = 32
  Batch size = 4
  epoch = 5
  eval_ppl = 1.5161574952704845e+119
  global_step = 391
  train_loss = 0.444
  ********************
Previous best ppl:4.374738536818793e+104
BLEU file: ./data/sstubs/3/validation.jsonl
  codebleu-4 = 95.74 	 Previous best codebleu 95.79
  ********************
early stopping!!!
reload model from result/sstubs/3/soft9_codet5p_220m/checkpoint-best-bleu
BLEU file: ./data/sstubs/3/test.jsonl
  codebleu = 93.88 
  Total = 32 
  Exact Fixed = 15 
[2, 3, 4, 5, 7, 9, 10, 12, 20, 22, 23, 25, 26, 29, 31]
  Syntax Fixed = 0 
[]
  Cleaned Fixed = 0 
[]
  ********************
  Total = 32 
  Exact Fixed = 15 
[2, 3, 4, 5, 7, 9, 10, 12, 20, 22, 23, 25, 26, 29, 31]
  Syntax Fixed = 0 
[]
  Cleaned Fixed = 0 
[]
  codebleu = 93.88 
[0.9096354401872717, 1.0, 1.0, 1.0, 1.0, 0.681072945544059, 1.0, 0.7071227299905347, 1.0, 1.0, 0.9583676774082095, 1.0, 0.8380551848499416, 0.9675420713984233, 0.8642531454411047, 0.9211131842675646, 0.8639135239426803, 0.940101844638672, 0.9520099029923956, 1.0, 0.9556325881310865, 1.0, 1.0, 0.8619090595729861, 1.0, 1.0, 0.9362201886171708, 0.8885383842478122, 1.0, 0.8293897313556879, 1.0, 0.9658213973211704]
Finish training and take 2m
