Namespace(log_name='./sstubs/3/soft0_codet5p_220m.log', model_name='Salesforce/codet5p-220m', lang='java', output_dir='sstubs/3/soft0_codet5p_220m', data_dir='./data/sstubs/3', no_cuda=False, visible_gpu='0', num_train_epochs=10, num_test_epochs=1, train_batch_size=4, eval_batch_size=4, gradient_accumulation_steps=1, load_model_path=None, config_name='', tokenizer_name='', max_source_length=512, max_target_length=512, warm_up_ratio=0.1, do_train=True, do_eval=True, do_test=True, freeze=False, learning_rate=5e-05, beam_size=10, weight_decay=0.0, adam_epsilon=1e-08, local_rank=-1, seed=42, early_stop_threshold=3)
Process rank: -1, device: cuda, n_gpu: 1, distributed training: False
Model created!!
[[{'text': 'grammarBuilder.append("}\\n");    grammarBuilder.append("  : r=a ;\\n");    grammarBuilder.append("a : \'x\' { \\n");   grammarBuilder.append("fmt.Println(p.GetRuleInvocationStack(nil))\\n");    grammarBuilder.append("} ;");    String grammar = grammarBuilder.toString();    String input ="x";', 'loss_ids': 0, 'shortenable_ids': 1}, {'text': '<mask>', 'loss_ids': 1, 'shortenable_ids': 0}, {'text': 'is the fixed version', 'loss_ids': 0, 'shortenable_ids': 0}], {'guid': 0, 'tgt_text': 'grammarBuilder.append("}\\n");    grammarBuilder.append("  : r=a ;\\n");    grammarBuilder.append("a : \'x\' { \\n");   grammarBuilder.append("fmt.Println(antlr.PrintArrayJavaStyle(p.GetRuleInvocationStack(nil)))\\n");    grammarBuilder.append("} ;");    String grammar = grammarBuilder.toString();    String input ="x";'}]
***** Running training *****
  Num examples = 223
  Batch size = 4
  Num epoch = 10

***** Running evaluation *****
  Num examples = 28
  Batch size = 4
  epoch = 0
  eval_ppl = 1.7006200257750683e+87
  global_step = 57
  train_loss = 21.254
  ********************
Previous best ppl:inf
Achieve Best ppl:1.7006200257750683e+87
  ********************
BLEU file: ./data/sstubs/3/validation.jsonl
  codebleu-4 = 92.94 	 Previous best codebleu 0
  ********************
 Achieve Best bleu:92.94
  ********************

***** Running evaluation *****
  Num examples = 28
  Batch size = 4
  epoch = 1
  eval_ppl = 3.235178924202099e+91
  global_step = 113
  train_loss = 5.02
  ********************
Previous best ppl:1.7006200257750683e+87
BLEU file: ./data/sstubs/3/validation.jsonl
  codebleu-4 = 93.12 	 Previous best codebleu 92.94
  ********************
 Achieve Best bleu:93.12
  ********************

***** Running evaluation *****
  Num examples = 28
  Batch size = 4
  epoch = 2
  eval_ppl = 1.8738832196473451e+96
  global_step = 169
  train_loss = 2.5007
  ********************
Previous best ppl:1.7006200257750683e+87
BLEU file: ./data/sstubs/3/validation.jsonl
  codebleu-4 = 94.36 	 Previous best codebleu 93.12
  ********************
 Achieve Best bleu:94.36
  ********************

***** Running evaluation *****
  Num examples = 28
  Batch size = 4
  epoch = 3
  eval_ppl = 2.93264049905098e+98
  global_step = 225
  train_loss = 1.1964
  ********************
Previous best ppl:1.7006200257750683e+87
BLEU file: ./data/sstubs/3/validation.jsonl
  codebleu-4 = 94.78 	 Previous best codebleu 94.36
  ********************
 Achieve Best bleu:94.78
  ********************

***** Running evaluation *****
  Num examples = 28
  Batch size = 4
  epoch = 4
  eval_ppl = 1.8875289653148543e+100
  global_step = 281
  train_loss = 0.7355
  ********************
Previous best ppl:1.7006200257750683e+87
BLEU file: ./data/sstubs/3/validation.jsonl
  codebleu-4 = 94.55 	 Previous best codebleu 94.78
  ********************

***** Running evaluation *****
  Num examples = 28
  Batch size = 4
  epoch = 5
  eval_ppl = 1.1372991433630379e+101
  global_step = 337
  train_loss = 0.5762
  ********************
Previous best ppl:1.7006200257750683e+87
BLEU file: ./data/sstubs/3/validation.jsonl
  codebleu-4 = 94.55 	 Previous best codebleu 94.78
  ********************

***** Running evaluation *****
  Num examples = 28
  Batch size = 4
  epoch = 6
  eval_ppl = 7.693065467179503e+101
  global_step = 393
  train_loss = 0.393
  ********************
Previous best ppl:1.7006200257750683e+87
BLEU file: ./data/sstubs/3/validation.jsonl
  codebleu-4 = 94.55 	 Previous best codebleu 94.78
  ********************
early stopping!!!
reload model from sstubs/3/soft0_codet5p_220m/checkpoint-best-bleu
BLEU file: ./data/sstubs/3/test.jsonl
  codebleu = 95.35 
  Total = 27 
  Exact Fixed = 15 
[1, 4, 5, 6, 7, 8, 10, 11, 12, 16, 22, 23, 25, 26, 27]
  Syntax Fixed = 0 
[]
  Cleaned Fixed = 0 
[]
  ********************
  Total = 27 
  Exact Fixed = 15 
[1, 4, 5, 6, 7, 8, 10, 11, 12, 16, 22, 23, 25, 26, 27]
  Syntax Fixed = 0 
[]
  Cleaned Fixed = 0 
[]
  codebleu = 95.35 
[1.0, 0.881869732718652, 0.9548431641738979, 1.0, 1.0, 1.0, 1.0, 1.0, 0.936752055107628, 1.0, 1.0, 1.0, 0.8977573831682686, 0.963531800540206, 0.7888431522760508, 1.0, 0.8648103351245982, 0.8286995567252285, 0.9490051755223876, 0.9543920430664012, 0.8459152611805056, 1.0, 1.0, 0.8772724139191397, 1.0, 1.0, 1.0]
Finish training and take 3m
Namespace(log_name='./result/sstubs/3/soft0_codet5p_220m.log', model_name='Salesforce/codet5p-220m', lang='java', output_dir='result/sstubs/3/soft0_codet5p_220m', data_dir='./data/sstubs/3', no_cuda=False, visible_gpu='0', num_train_epochs=10, num_test_epochs=1, train_batch_size=4, eval_batch_size=4, gradient_accumulation_steps=1, load_model_path=None, config_name='', tokenizer_name='', max_source_length=512, max_target_length=512, warm_up_ratio=0.1, do_train=True, do_eval=True, do_test=True, freeze=False, learning_rate=5e-05, beam_size=10, weight_decay=0.0, adam_epsilon=1e-08, local_rank=-1, seed=42, early_stop_threshold=3)
Process rank: -1, device: cuda, n_gpu: 1, distributed training: False
Model created!!
[[{'text': '@ConditionalOnMissingBean    RSocketServerBootstrap rSocketServerBootstrap(RSocketServerFactory rSocketServerFactory,      RSocketMessageHandler rSocketMessageHandler) {    return new RSocketServerBootstrap(rSocketServerFactory, rSocketMessageHandler.serverAcceptor());    }   }', 'loss_ids': 0, 'shortenable_ids': 1}, {'text': '<mask>', 'loss_ids': 1, 'shortenable_ids': 0}, {'text': 'is the fixed version', 'loss_ids': 0, 'shortenable_ids': 0}], {'guid': 0, 'tgt_text': '@ConditionalOnMissingBean    RSocketServerBootstrap rSocketServerBootstrap(RSocketServerFactory rSocketServerFactory,      RSocketMessageHandler rSocketMessageHandler) {    return new RSocketServerBootstrap(rSocketServerFactory, rSocketMessageHandler.serverResponder());    }   }'}]
***** Running training *****
  Num examples = 260
  Batch size = 4
  Num epoch = 10

***** Running evaluation *****
  Num examples = 32
  Batch size = 4
  epoch = 0
  eval_ppl = 2.8007248396488084e+108
  global_step = 66
  train_loss = 19.3292
  ********************
Previous best ppl:inf
Achieve Best ppl:2.8007248396488084e+108
  ********************
BLEU file: ./data/sstubs/3/validation.jsonl
  codebleu-4 = 94.85 	 Previous best codebleu 0
  ********************
 Achieve Best bleu:94.85
  ********************

***** Running evaluation *****
  Num examples = 32
  Batch size = 4
  epoch = 1
  eval_ppl = 7.967265310123966e+122
  global_step = 131
  train_loss = 3.751
  ********************
Previous best ppl:2.8007248396488084e+108
BLEU file: ./data/sstubs/3/validation.jsonl
  codebleu-4 = 95.16 	 Previous best codebleu 94.85
  ********************
 Achieve Best bleu:95.16
  ********************

***** Running evaluation *****
  Num examples = 32
  Batch size = 4
  epoch = 2
  eval_ppl = 5.4758995838906346e+122
  global_step = 196
  train_loss = 2.1699
  ********************
Previous best ppl:2.8007248396488084e+108
BLEU file: ./data/sstubs/3/validation.jsonl
  codebleu-4 = 95.08 	 Previous best codebleu 95.16
  ********************

***** Running evaluation *****
  Num examples = 32
  Batch size = 4
  epoch = 3
  eval_ppl = 3.824357595155772e+116
  global_step = 261
  train_loss = 1.6106
  ********************
Previous best ppl:2.8007248396488084e+108
BLEU file: ./data/sstubs/3/validation.jsonl
  codebleu-4 = 95.79 	 Previous best codebleu 95.16
  ********************
 Achieve Best bleu:95.79
  ********************

***** Running evaluation *****
  Num examples = 32
  Batch size = 4
  epoch = 4
  eval_ppl = 1.4694037279796233e+119
  global_step = 326
  train_loss = 0.6522
  ********************
Previous best ppl:2.8007248396488084e+108
BLEU file: ./data/sstubs/3/validation.jsonl
  codebleu-4 = 95.79 	 Previous best codebleu 95.79
  ********************

***** Running evaluation *****
  Num examples = 32
  Batch size = 4
  epoch = 5
  eval_ppl = 1.530291973460582e+123
  global_step = 391
  train_loss = 0.5347
  ********************
Previous best ppl:2.8007248396488084e+108
BLEU file: ./data/sstubs/3/validation.jsonl
  codebleu-4 = 95.79 	 Previous best codebleu 95.79
  ********************

***** Running evaluation *****
  Num examples = 32
  Batch size = 4
  epoch = 6
  eval_ppl = 3.892710514276209e+123
  global_step = 456
  train_loss = 0.3356
  ********************
Previous best ppl:2.8007248396488084e+108
BLEU file: ./data/sstubs/3/validation.jsonl
  codebleu-4 = 95.79 	 Previous best codebleu 95.79
  ********************
early stopping!!!
reload model from result/sstubs/3/soft0_codet5p_220m/checkpoint-best-bleu
BLEU file: ./data/sstubs/3/test.jsonl
  codebleu = 93.97 
  Total = 32 
  Exact Fixed = 15 
[2, 3, 4, 5, 7, 9, 10, 12, 20, 22, 23, 25, 26, 29, 31]
  Syntax Fixed = 0 
[]
  Cleaned Fixed = 0 
[]
  ********************
  Total = 32 
  Exact Fixed = 15 
[2, 3, 4, 5, 7, 9, 10, 12, 20, 22, 23, 25, 26, 29, 31]
  Syntax Fixed = 0 
[]
  Cleaned Fixed = 0 
[]
  codebleu = 93.97 
[0.9096354401872717, 1.0, 1.0, 1.0, 1.0, 0.681072945544059, 1.0, 0.7071227299905347, 1.0, 1.0, 0.9583676774082095, 1.0, 0.8380551848499416, 0.9675420713984233, 0.8642531454411047, 0.9211131842675646, 0.9087584599564476, 0.940101844638672, 0.9520099029923956, 1.0, 0.9556325881310865, 1.0, 1.0, 0.8619090595729861, 1.0, 1.0, 0.9362201886171708, 0.8885383842478122, 1.0, 0.8293897313556879, 1.0, 0.9515356830354562]
Finish training and take 3m
