Namespace(log_name='./sstubs/3/soft5_codet5p_770m.log', model_name='Salesforce/codet5p-770m', lang='java', output_dir='sstubs/3/soft5_codet5p_770m', data_dir='./data/sstubs/3', no_cuda=False, visible_gpu='0', num_train_epochs=10, num_test_epochs=1, train_batch_size=4, eval_batch_size=4, gradient_accumulation_steps=1, load_model_path=None, config_name='', tokenizer_name='', max_source_length=512, max_target_length=512, warm_up_ratio=0.1, do_train=True, do_eval=True, do_test=True, freeze=False, learning_rate=5e-05, beam_size=10, weight_decay=0.0, adam_epsilon=1e-08, local_rank=-1, seed=42, early_stop_threshold=3)
Process rank: -1, device: cuda, n_gpu: 1, distributed training: False
Model created!!
[[{'text': 'grammarBuilder.append("}\\n");    grammarBuilder.append("  : r=a ;\\n");    grammarBuilder.append("a : \'x\' { \\n");   grammarBuilder.append("fmt.Println(p.GetRuleInvocationStack(nil))\\n");    grammarBuilder.append("} ;");    String grammar = grammarBuilder.toString();    String input ="x";', 'loss_ids': 0, 'shortenable_ids': 1}, {'text': 'is buggy program', 'loss_ids': 0, 'shortenable_ids': 0}, {'text': '<mask>', 'loss_ids': 1, 'shortenable_ids': 0}, {'text': 'is fixed program', 'loss_ids': 0, 'shortenable_ids': 0}], {'guid': 0, 'tgt_text': 'grammarBuilder.append("}\\n");    grammarBuilder.append("  : r=a ;\\n");    grammarBuilder.append("a : \'x\' { \\n");   grammarBuilder.append("fmt.Println(antlr.PrintArrayJavaStyle(p.GetRuleInvocationStack(nil)))\\n");    grammarBuilder.append("} ;");    String grammar = grammarBuilder.toString();    String input ="x";'}]
***** Running training *****
  Num examples = 223
  Batch size = 4
  Num epoch = 10

***** Running evaluation *****
  Num examples = 28
  Batch size = 4
  epoch = 0
  eval_ppl = 2.404502154111273e+95
  global_step = 57
  train_loss = 16.2901
  ********************
Previous best ppl:inf
Achieve Best ppl:2.404502154111273e+95
  ********************
BLEU file: ./data/sstubs/3/validation.jsonl
  codebleu-4 = 92.2 	 Previous best codebleu 0
  ********************
 Achieve Best bleu:92.2
  ********************

***** Running evaluation *****
  Num examples = 28
  Batch size = 4
  epoch = 1
  eval_ppl = 1.6317653131429473e+98
  global_step = 113
  train_loss = 3.1372
  ********************
Previous best ppl:2.404502154111273e+95
BLEU file: ./data/sstubs/3/validation.jsonl
  codebleu-4 = 91.98 	 Previous best codebleu 92.2
  ********************

***** Running evaluation *****
  Num examples = 28
  Batch size = 4
  epoch = 2
  eval_ppl = 1.1688572989174928e+97
  global_step = 169
  train_loss = 1.5345
  ********************
Previous best ppl:2.404502154111273e+95
BLEU file: ./data/sstubs/3/validation.jsonl
  codebleu-4 = 94.62 	 Previous best codebleu 92.2
  ********************
 Achieve Best bleu:94.62
  ********************

***** Running evaluation *****
  Num examples = 28
  Batch size = 4
  epoch = 3
  eval_ppl = 4.616895392847025e+98
  global_step = 225
  train_loss = 1.4797
  ********************
Previous best ppl:2.404502154111273e+95
BLEU file: ./data/sstubs/3/validation.jsonl
  codebleu-4 = 95.1 	 Previous best codebleu 94.62
  ********************
 Achieve Best bleu:95.1
  ********************

***** Running evaluation *****
  Num examples = 28
  Batch size = 4
  epoch = 4
  eval_ppl = 6.838618215745189e+96
  global_step = 281
  train_loss = 0.6966
  ********************
Previous best ppl:2.404502154111273e+95
BLEU file: ./data/sstubs/3/validation.jsonl
  codebleu-4 = 95.1 	 Previous best codebleu 95.1
  ********************

***** Running evaluation *****
  Num examples = 28
  Batch size = 4
  epoch = 5
  eval_ppl = 4.599167754181955e+98
  global_step = 337
  train_loss = 0.517
  ********************
Previous best ppl:2.404502154111273e+95
BLEU file: ./data/sstubs/3/validation.jsonl
  codebleu-4 = 94.78 	 Previous best codebleu 95.1
  ********************

***** Running evaluation *****
  Num examples = 28
  Batch size = 4
  epoch = 6
  eval_ppl = 1.506335973129395e+99
  global_step = 393
  train_loss = 0.3096
  ********************
Previous best ppl:2.404502154111273e+95
BLEU file: ./data/sstubs/3/validation.jsonl
  codebleu-4 = 95.1 	 Previous best codebleu 95.1
  ********************
early stopping!!!
reload model from sstubs/3/soft5_codet5p_770m/checkpoint-best-bleu
BLEU file: ./data/sstubs/3/test.jsonl
  codebleu = 94.84 
  Total = 27 
  Exact Fixed = 15 
[1, 4, 5, 6, 7, 8, 10, 11, 12, 16, 22, 23, 25, 26, 27]
  Syntax Fixed = 0 
[]
  Cleaned Fixed = 0 
[]
  ********************
  Total = 27 
  Exact Fixed = 15 
[1, 4, 5, 6, 7, 8, 10, 11, 12, 16, 22, 23, 25, 26, 27]
  Syntax Fixed = 0 
[]
  Cleaned Fixed = 0 
[]
  codebleu = 94.84 
[1.0, 0.881869732718652, 0.9548431641738979, 1.0, 1.0, 1.0, 1.0, 1.0, 0.936752055107628, 1.0, 1.0, 1.0, 0.8977573831682686, 0.963531800540206, 0.7888431522760508, 1.0, 0.8648103351245982, 0.7091754017934974, 0.9490051755223876, 0.9543920430664012, 0.8275563466679399, 1.0, 1.0, 0.8772724139191397, 1.0, 1.0, 1.0]
Finish training and take 7m
Namespace(log_name='./result/sstubs/3/soft5_codet5p_770m.log', model_name='Salesforce/codet5p-770m', lang='java', output_dir='result/sstubs/3/soft5_codet5p_770m', data_dir='./data/sstubs/3', no_cuda=False, visible_gpu='0', num_train_epochs=10, num_test_epochs=1, train_batch_size=4, eval_batch_size=4, gradient_accumulation_steps=1, load_model_path=None, config_name='', tokenizer_name='', max_source_length=512, max_target_length=512, warm_up_ratio=0.1, do_train=True, do_eval=True, do_test=True, freeze=False, learning_rate=5e-05, beam_size=10, weight_decay=0.0, adam_epsilon=1e-08, local_rank=-1, seed=42, early_stop_threshold=3)
Process rank: -1, device: cuda, n_gpu: 1, distributed training: False
Model created!!
[[{'text': '@ConditionalOnMissingBean    RSocketServerBootstrap rSocketServerBootstrap(RSocketServerFactory rSocketServerFactory,      RSocketMessageHandler rSocketMessageHandler) {    return new RSocketServerBootstrap(rSocketServerFactory, rSocketMessageHandler.serverAcceptor());    }   }', 'loss_ids': 0, 'shortenable_ids': 1}, {'text': 'is buggy program', 'loss_ids': 0, 'shortenable_ids': 0}, {'text': '<mask>', 'loss_ids': 1, 'shortenable_ids': 0}, {'text': 'is fixed program', 'loss_ids': 0, 'shortenable_ids': 0}], {'guid': 0, 'tgt_text': '@ConditionalOnMissingBean    RSocketServerBootstrap rSocketServerBootstrap(RSocketServerFactory rSocketServerFactory,      RSocketMessageHandler rSocketMessageHandler) {    return new RSocketServerBootstrap(rSocketServerFactory, rSocketMessageHandler.serverResponder());    }   }'}]
***** Running training *****
  Num examples = 260
  Batch size = 4
  Num epoch = 10

***** Running evaluation *****
  Num examples = 32
  Batch size = 4
  epoch = 0
  eval_ppl = 6.408605030863181e+117
  global_step = 66
  train_loss = 15.1149
  ********************
Previous best ppl:inf
Achieve Best ppl:6.408605030863181e+117
  ********************
BLEU file: ./data/sstubs/3/validation.jsonl
  codebleu-4 = 94.94 	 Previous best codebleu 0
  ********************
 Achieve Best bleu:94.94
  ********************

***** Running evaluation *****
  Num examples = 32
  Batch size = 4
  epoch = 1
  eval_ppl = 9.237600222259406e+113
  global_step = 131
  train_loss = 3.0484
  ********************
Previous best ppl:6.408605030863181e+117
Achieve Best ppl:9.237600222259406e+113
  ********************
BLEU file: ./data/sstubs/3/validation.jsonl
  codebleu-4 = 92.38 	 Previous best codebleu 94.94
  ********************

***** Running evaluation *****
  Num examples = 32
  Batch size = 4
  epoch = 2
  eval_ppl = 3.929977895974604e+121
  global_step = 196
  train_loss = 1.6008
  ********************
Previous best ppl:9.237600222259406e+113
BLEU file: ./data/sstubs/3/validation.jsonl
  codebleu-4 = 94.34 	 Previous best codebleu 94.94
  ********************

***** Running evaluation *****
  Num examples = 32
  Batch size = 4
  epoch = 3
  eval_ppl = 2.0036468473131765e+112
  global_step = 261
  train_loss = 0.7871
  ********************
Previous best ppl:9.237600222259406e+113
Achieve Best ppl:2.0036468473131765e+112
  ********************
BLEU file: ./data/sstubs/3/validation.jsonl
  codebleu-4 = 90.8 	 Previous best codebleu 94.94
  ********************

***** Running evaluation *****
  Num examples = 32
  Batch size = 4
  epoch = 4
  eval_ppl = 7.643603795459287e+117
  global_step = 326
  train_loss = 0.5475
  ********************
Previous best ppl:2.0036468473131765e+112
BLEU file: ./data/sstubs/3/validation.jsonl
  codebleu-4 = 92.93 	 Previous best codebleu 94.94
  ********************

***** Running evaluation *****
  Num examples = 32
  Batch size = 4
  epoch = 5
  eval_ppl = 1.1586462459294772e+111
  global_step = 391
  train_loss = 0.3575
  ********************
Previous best ppl:2.0036468473131765e+112
Achieve Best ppl:1.1586462459294772e+111
  ********************
BLEU file: ./data/sstubs/3/validation.jsonl
  codebleu-4 = 95.2 	 Previous best codebleu 94.94
  ********************
 Achieve Best bleu:95.2
  ********************

***** Running evaluation *****
  Num examples = 32
  Batch size = 4
  epoch = 6
  eval_ppl = 2.55244226014935e+114
  global_step = 456
  train_loss = 0.2579
  ********************
Previous best ppl:1.1586462459294772e+111
BLEU file: ./data/sstubs/3/validation.jsonl
  codebleu-4 = 94.68 	 Previous best codebleu 95.2
  ********************

***** Running evaluation *****
  Num examples = 32
  Batch size = 4
  epoch = 7
  eval_ppl = 3.850033556013457e+113
  global_step = 521
  train_loss = 0.1786
  ********************
Previous best ppl:1.1586462459294772e+111
BLEU file: ./data/sstubs/3/validation.jsonl
  codebleu-4 = 94.68 	 Previous best codebleu 95.2
  ********************

***** Running evaluation *****
  Num examples = 32
  Batch size = 4
  epoch = 8
  eval_ppl = 1.0710450107000725e+114
  global_step = 586
  train_loss = 0.0892
  ********************
Previous best ppl:1.1586462459294772e+111
BLEU file: ./data/sstubs/3/validation.jsonl
  codebleu-4 = 95.2 	 Previous best codebleu 95.2
  ********************
early stopping!!!
reload model from result/sstubs/3/soft5_codet5p_770m/checkpoint-best-bleu
BLEU file: ./data/sstubs/3/test.jsonl
  codebleu = 93.36 
  Total = 32 
  Exact Fixed = 14 
[2, 3, 4, 5, 7, 9, 10, 20, 21, 22, 23, 26, 29, 31]
  Syntax Fixed = 0 
[]
  Cleaned Fixed = 0 
[]
  ********************
  Total = 32 
  Exact Fixed = 14 
[2, 3, 4, 5, 7, 9, 10, 20, 21, 22, 23, 26, 29, 31]
  Syntax Fixed = 0 
[]
  Cleaned Fixed = 0 
[]
  codebleu = 93.36 
[0.9096354401872717, 1.0, 1.0, 1.0, 1.0, 0.681072945544059, 1.0, 0.6571227299905348, 1.0, 1.0, 0.9583676774082095, 0.9383022364276514, 0.8180551848499417, 0.9675420713984233, 0.8642531454411047, 0.9211131842675646, 0.9087584599564476, 0.920101844638672, 0.9520099029923956, 1.0, 1.0, 1.0, 1.0, 0.8619090595729861, 0.8954157051952711, 1.0, 0.9362201886171708, 0.8885383842478122, 1.0, 0.8293897313556879, 1.0, 0.9658213973211704]
Finish training and take 14m
