Namespace(log_name='./sstubs/3/soft3_codet5p_770m.log', model_name='Salesforce/codet5p-770m', lang='java', output_dir='sstubs/3/soft3_codet5p_770m', data_dir='./data/sstubs/3', no_cuda=False, visible_gpu='0', num_train_epochs=10, num_test_epochs=1, train_batch_size=4, eval_batch_size=4, gradient_accumulation_steps=1, load_model_path=None, config_name='', tokenizer_name='', max_source_length=512, max_target_length=512, warm_up_ratio=0.1, do_train=True, do_eval=True, do_test=True, freeze=False, learning_rate=5e-05, beam_size=10, weight_decay=0.0, adam_epsilon=1e-08, local_rank=-1, seed=42, early_stop_threshold=3)
Process rank: -1, device: cuda, n_gpu: 1, distributed training: False
Model created!!
[[{'text': 'Fix', 'loss_ids': 0, 'shortenable_ids': 0}, {'text': ' grammarBuilder.append("}\\n");    grammarBuilder.append("  : r=a ;\\n");    grammarBuilder.append("a : \'x\' { \\n");   grammarBuilder.append("fmt.Println(p.GetRuleInvocationStack(nil))\\n");    grammarBuilder.append("} ;");    String grammar = grammarBuilder.toString();    String input ="x";', 'loss_ids': 0, 'shortenable_ids': 1}, {'text': 'fixed program is', 'loss_ids': 0, 'shortenable_ids': 0}, {'text': '<mask>', 'loss_ids': 1, 'shortenable_ids': 0}], {'guid': 0, 'tgt_text': 'grammarBuilder.append("}\\n");    grammarBuilder.append("  : r=a ;\\n");    grammarBuilder.append("a : \'x\' { \\n");   grammarBuilder.append("fmt.Println(antlr.PrintArrayJavaStyle(p.GetRuleInvocationStack(nil)))\\n");    grammarBuilder.append("} ;");    String grammar = grammarBuilder.toString();    String input ="x";'}]
***** Running training *****
  Num examples = 223
  Batch size = 4
  Num epoch = 10

***** Running evaluation *****
  Num examples = 28
  Batch size = 4
  epoch = 0
  eval_ppl = 1.9393542538575854e+93
  global_step = 57
  train_loss = 17.3285
  ********************
Previous best ppl:inf
Achieve Best ppl:1.9393542538575854e+93
  ********************
BLEU file: ./data/sstubs/3/validation.jsonl
  codebleu-4 = 93.25 	 Previous best codebleu 0
  ********************
 Achieve Best bleu:93.25
  ********************

***** Running evaluation *****
  Num examples = 28
  Batch size = 4
  epoch = 1
  eval_ppl = 1.9775708945143133e+97
  global_step = 113
  train_loss = 4.4157
  ********************
Previous best ppl:1.9393542538575854e+93
BLEU file: ./data/sstubs/3/validation.jsonl
  codebleu-4 = 93.45 	 Previous best codebleu 93.25
  ********************
 Achieve Best bleu:93.45
  ********************

***** Running evaluation *****
  Num examples = 28
  Batch size = 4
  epoch = 2
  eval_ppl = 2.5305989307986365e+95
  global_step = 169
  train_loss = 1.6722
  ********************
Previous best ppl:1.9393542538575854e+93
BLEU file: ./data/sstubs/3/validation.jsonl
  codebleu-4 = 93.32 	 Previous best codebleu 93.45
  ********************

***** Running evaluation *****
  Num examples = 28
  Batch size = 4
  epoch = 3
  eval_ppl = 1.8738360425270158e+99
  global_step = 225
  train_loss = 0.9894
  ********************
Previous best ppl:1.9393542538575854e+93
BLEU file: ./data/sstubs/3/validation.jsonl
  codebleu-4 = 93.87 	 Previous best codebleu 93.45
  ********************
 Achieve Best bleu:93.87
  ********************

***** Running evaluation *****
  Num examples = 28
  Batch size = 4
  epoch = 4
  eval_ppl = 2.039316004904561e+102
  global_step = 281
  train_loss = 0.6101
  ********************
Previous best ppl:1.9393542538575854e+93
BLEU file: ./data/sstubs/3/validation.jsonl
  codebleu-4 = 94.28 	 Previous best codebleu 93.87
  ********************
 Achieve Best bleu:94.28
  ********************

***** Running evaluation *****
  Num examples = 28
  Batch size = 4
  epoch = 5
  eval_ppl = 3.2179300807411126e+103
  global_step = 337
  train_loss = 0.3539
  ********************
Previous best ppl:1.9393542538575854e+93
BLEU file: ./data/sstubs/3/validation.jsonl
  codebleu-4 = 94.28 	 Previous best codebleu 94.28
  ********************

***** Running evaluation *****
  Num examples = 28
  Batch size = 4
  epoch = 6
  eval_ppl = 4.534480988913437e+104
  global_step = 393
  train_loss = 0.2286
  ********************
Previous best ppl:1.9393542538575854e+93
BLEU file: ./data/sstubs/3/validation.jsonl
  codebleu-4 = 94.03 	 Previous best codebleu 94.28
  ********************

***** Running evaluation *****
  Num examples = 28
  Batch size = 4
  epoch = 7
  eval_ppl = 3.632289251048827e+104
  global_step = 449
  train_loss = 0.2544
  ********************
Previous best ppl:1.9393542538575854e+93
BLEU file: ./data/sstubs/3/validation.jsonl
  codebleu-4 = 94.28 	 Previous best codebleu 94.28
  ********************
early stopping!!!
reload model from sstubs/3/soft3_codet5p_770m/checkpoint-best-bleu
BLEU file: ./data/sstubs/3/test.jsonl
  codebleu = 95.24 
  Total = 27 
  Exact Fixed = 15 
[1, 4, 5, 6, 7, 8, 10, 11, 12, 16, 22, 23, 25, 26, 27]
  Syntax Fixed = 0 
[]
  Cleaned Fixed = 0 
[]
  ********************
  Total = 27 
  Exact Fixed = 15 
[1, 4, 5, 6, 7, 8, 10, 11, 12, 16, 22, 23, 25, 26, 27]
  Syntax Fixed = 0 
[]
  Cleaned Fixed = 0 
[]
  codebleu = 95.24 
[1.0, 0.881869732718652, 0.9548431641738979, 1.0, 1.0, 1.0, 1.0, 1.0, 0.936752055107628, 1.0, 1.0, 1.0, 0.8977573831682686, 0.963531800540206, 0.7888431522760508, 1.0, 0.8648103351245982, 0.7986995567252285, 0.9490051755223876, 0.9543920430664012, 0.8459152611805056, 1.0, 1.0, 0.8772724139191397, 1.0, 1.0, 1.0]
Finish training and take 11m
Namespace(log_name='./result/sstubs/3/soft3_codet5p_770m.log', model_name='Salesforce/codet5p-770m', lang='java', output_dir='result/sstubs/3/soft3_codet5p_770m', data_dir='./data/sstubs/3', no_cuda=False, visible_gpu='0', num_train_epochs=10, num_test_epochs=1, train_batch_size=4, eval_batch_size=4, gradient_accumulation_steps=1, load_model_path=None, config_name='', tokenizer_name='', max_source_length=512, max_target_length=512, warm_up_ratio=0.1, do_train=True, do_eval=True, do_test=True, freeze=False, learning_rate=5e-05, beam_size=10, weight_decay=0.0, adam_epsilon=1e-08, local_rank=-1, seed=42, early_stop_threshold=3)
Process rank: -1, device: cuda, n_gpu: 1, distributed training: False
Model created!!
[[{'text': 'Fix', 'loss_ids': 0, 'shortenable_ids': 0}, {'text': ' @ConditionalOnMissingBean    RSocketServerBootstrap rSocketServerBootstrap(RSocketServerFactory rSocketServerFactory,      RSocketMessageHandler rSocketMessageHandler) {    return new RSocketServerBootstrap(rSocketServerFactory, rSocketMessageHandler.serverAcceptor());    }   }', 'loss_ids': 0, 'shortenable_ids': 1}, {'text': 'fixed program is', 'loss_ids': 0, 'shortenable_ids': 0}, {'text': '<mask>', 'loss_ids': 1, 'shortenable_ids': 0}], {'guid': 0, 'tgt_text': '@ConditionalOnMissingBean    RSocketServerBootstrap rSocketServerBootstrap(RSocketServerFactory rSocketServerFactory,      RSocketMessageHandler rSocketMessageHandler) {    return new RSocketServerBootstrap(rSocketServerFactory, rSocketMessageHandler.serverResponder());    }   }'}]
***** Running training *****
  Num examples = 260
  Batch size = 4
  Num epoch = 10

***** Running evaluation *****
  Num examples = 32
  Batch size = 4
  epoch = 0
  eval_ppl = 4.561825398199823e+112
  global_step = 66
  train_loss = 14.3739
  ********************
Previous best ppl:inf
Achieve Best ppl:4.561825398199823e+112
  ********************
BLEU file: ./data/sstubs/3/validation.jsonl
  codebleu-4 = 94.8 	 Previous best codebleu 0
  ********************
 Achieve Best bleu:94.8
  ********************

***** Running evaluation *****
  Num examples = 32
  Batch size = 4
  epoch = 1
  eval_ppl = 3.8041203012247087e+117
  global_step = 131
  train_loss = 2.9331
  ********************
Previous best ppl:4.561825398199823e+112
BLEU file: ./data/sstubs/3/validation.jsonl
  codebleu-4 = 94.74 	 Previous best codebleu 94.8
  ********************

***** Running evaluation *****
  Num examples = 32
  Batch size = 4
  epoch = 2
  eval_ppl = 5.658449958124589e+119
  global_step = 196
  train_loss = 1.2736
  ********************
Previous best ppl:4.561825398199823e+112
BLEU file: ./data/sstubs/3/validation.jsonl
  codebleu-4 = 94.95 	 Previous best codebleu 94.8
  ********************
 Achieve Best bleu:94.95
  ********************

***** Running evaluation *****
  Num examples = 32
  Batch size = 4
  epoch = 3
  eval_ppl = 2.152905906061992e+119
  global_step = 261
  train_loss = 0.687
  ********************
Previous best ppl:4.561825398199823e+112
BLEU file: ./data/sstubs/3/validation.jsonl
  codebleu-4 = 95.05 	 Previous best codebleu 94.95
  ********************
 Achieve Best bleu:95.05
  ********************

***** Running evaluation *****
  Num examples = 32
  Batch size = 4
  epoch = 4
  eval_ppl = 5.951659372790745e+123
  global_step = 326
  train_loss = 0.6163
  ********************
Previous best ppl:4.561825398199823e+112
BLEU file: ./data/sstubs/3/validation.jsonl
  codebleu-4 = 92.83 	 Previous best codebleu 95.05
  ********************

***** Running evaluation *****
  Num examples = 32
  Batch size = 4
  epoch = 5
  eval_ppl = 9.296759573473242e+124
  global_step = 391
  train_loss = 0.5757
  ********************
Previous best ppl:4.561825398199823e+112
BLEU file: ./data/sstubs/3/validation.jsonl
  codebleu-4 = 95.38 	 Previous best codebleu 95.05
  ********************
 Achieve Best bleu:95.38
  ********************

***** Running evaluation *****
  Num examples = 32
  Batch size = 4
  epoch = 6
  eval_ppl = 3.4536873823746445e+123
  global_step = 456
  train_loss = 0.4549
  ********************
Previous best ppl:4.561825398199823e+112
BLEU file: ./data/sstubs/3/validation.jsonl
  codebleu-4 = 94.77 	 Previous best codebleu 95.38
  ********************

***** Running evaluation *****
  Num examples = 32
  Batch size = 4
  epoch = 7
  eval_ppl = 7.813526091546834e+123
  global_step = 521
  train_loss = 0.173
  ********************
Previous best ppl:4.561825398199823e+112
BLEU file: ./data/sstubs/3/validation.jsonl
  codebleu-4 = 94.87 	 Previous best codebleu 95.38
  ********************

***** Running evaluation *****
  Num examples = 32
  Batch size = 4
  epoch = 8
  eval_ppl = 5.0297649474698853e+123
  global_step = 586
  train_loss = 0.1003
  ********************
Previous best ppl:4.561825398199823e+112
BLEU file: ./data/sstubs/3/validation.jsonl
  codebleu-4 = 95.79 	 Previous best codebleu 95.38
  ********************
 Achieve Best bleu:95.79
  ********************

***** Running evaluation *****
  Num examples = 32
  Batch size = 4
  epoch = 9
  eval_ppl = 4.784464066610649e+123
  global_step = 651
  train_loss = 0.078
  ********************
Previous best ppl:4.561825398199823e+112
BLEU file: ./data/sstubs/3/validation.jsonl
  codebleu-4 = 95.79 	 Previous best codebleu 95.79
  ********************
reload model from result/sstubs/3/soft3_codet5p_770m/checkpoint-best-bleu
BLEU file: ./data/sstubs/3/test.jsonl
  codebleu = 93.85 
  Total = 32 
  Exact Fixed = 15 
[2, 3, 4, 5, 7, 9, 10, 20, 21, 22, 23, 24, 26, 29, 31]
  Syntax Fixed = 0 
[]
  Cleaned Fixed = 0 
[]
  ********************
  Total = 32 
  Exact Fixed = 15 
[2, 3, 4, 5, 7, 9, 10, 20, 21, 22, 23, 24, 26, 29, 31]
  Syntax Fixed = 0 
[]
  Cleaned Fixed = 0 
[]
  codebleu = 93.85 
[0.9096354401872717, 1.0, 1.0, 1.0, 1.0, 0.681072945544059, 1.0, 0.6571227299905348, 1.0, 1.0, 0.9583676774082095, 0.9383022364276514, 0.8180551848499417, 0.9675420713984233, 0.8642531454411047, 0.9211131842675646, 0.9087584599564476, 0.940101844638672, 0.9520099029923956, 1.0, 1.0, 1.0, 1.0, 1.0, 0.8954157051952711, 1.0, 0.9362201886171708, 0.8885383842478122, 1.0, 0.8293897313556879, 1.0, 0.9658213973211704]
Finish training and take 18m
