Namespace(log_name='./RQ5/sstubs_700_3/codet5p_770m.log', model_name='Salesforce/codet5p-770m', lang='java', output_dir='RQ5/sstubs_700_3/codet5p_770m', data_dir='./data/RQ5/sstubs_700_3', choice=0, no_cuda=False, visible_gpu='0', num_train_epochs=10, num_test_epochs=1, train_batch_size=4, eval_batch_size=4, gradient_accumulation_steps=1, load_model_path=None, config_name='', tokenizer_name='', max_source_length=512, max_target_length=512, warm_up_ratio=0.1, do_train=True, do_eval=True, do_test=True, freeze=False, learning_rate=5e-05, beam_size=10, weight_decay=0.0, adam_epsilon=1e-08, local_rank=-1, seed=42, early_stop_threshold=3)
Process rank: -1, device: cuda, n_gpu: 1, distributed training: False
Model created!!
[[{'text': '*       * @return the message.       */     @Message(id = 15842, value = "Invalid rollout plan. %s is not a valid child of node %s")      String invalidRolloutPlan(ModelNode modelNode, String nodeName);      /**', 'loss_ids': 0, 'shortenable_ids': 1}, {'text': '<mask>', 'loss_ids': 1, 'shortenable_ids': 0}, {'text': 'is the fixed version', 'loss_ids': 0, 'shortenable_ids': 0}], {'guid': 0, 'tgt_text': '*       * @return the message.       */     @Message(id = 10842, value = "Invalid rollout plan. %s is not a valid child of node %s")      String invalidRolloutPlan(ModelNode modelNode, String nodeName);      /**'}]
***** Running training *****
  Num examples = 700
  Batch size = 4
  Num epoch = 10

***** Running evaluation *****
  Num examples = 100
  Batch size = 4
  epoch = 0
  eval_ppl = inf
  global_step = 176
  train_loss = 10.9608
  ********************
Previous best ppl:inf
Achieve Best ppl:inf
  ********************
BLEU file: ./data/RQ5/sstubs_700_3/validation.jsonl
  codebleu-4 = 94.05 	 Previous best codebleu 0
  ********************
 Achieve Best bleu:94.05
  ********************

***** Running evaluation *****
  Num examples = 100
  Batch size = 4
  epoch = 1
  eval_ppl = inf
  global_step = 351
  train_loss = 3.1336
  ********************
Previous best ppl:inf
BLEU file: ./data/RQ5/sstubs_700_3/validation.jsonl
  codebleu-4 = 93.11 	 Previous best codebleu 94.05
  ********************

***** Running evaluation *****
  Num examples = 100
  Batch size = 4
  epoch = 2
  eval_ppl = inf
  global_step = 526
  train_loss = 1.5976
  ********************
Previous best ppl:inf
BLEU file: ./data/RQ5/sstubs_700_3/validation.jsonl
  codebleu-4 = 93.68 	 Previous best codebleu 94.05
  ********************

***** Running evaluation *****
  Num examples = 100
  Batch size = 4
  epoch = 3
  eval_ppl = inf
  global_step = 701
  train_loss = 0.7518
  ********************
Previous best ppl:inf
BLEU file: ./data/RQ5/sstubs_700_3/validation.jsonl
  codebleu-4 = 93.5 	 Previous best codebleu 94.05
  ********************
early stopping!!!
reload model from RQ5/sstubs_700_3/codet5p_770m/checkpoint-best-bleu
BLEU file: ./data/RQ5/sstubs_700_3/test.jsonl
  codebleu = 94.53 
  Total = 500 
  Exact Fixed = 262 
[2, 3, 8, 10, 11, 12, 13, 17, 18, 19, 20, 26, 28, 29, 30, 32, 34, 36, 37, 38, 39, 40, 49, 50, 51, 52, 53, 54, 56, 57, 59, 64, 73, 75, 76, 80, 82, 86, 88, 89, 90, 91, 92, 93, 96, 97, 100, 101, 102, 103, 104, 106, 108, 110, 112, 115, 116, 117, 120, 122, 123, 124, 126, 130, 131, 135, 138, 140, 141, 142, 143, 147, 148, 152, 153, 154, 155, 156, 157, 159, 160, 161, 162, 164, 166, 168, 172, 176, 180, 183, 184, 188, 189, 192, 193, 196, 198, 199, 200, 202, 203, 205, 206, 207, 210, 211, 213, 216, 219, 223, 224, 225, 226, 227, 229, 231, 232, 236, 241, 244, 247, 249, 253, 255, 256, 257, 258, 259, 260, 264, 265, 269, 270, 274, 276, 278, 281, 282, 283, 285, 288, 289, 291, 292, 294, 296, 298, 301, 303, 304, 306, 307, 308, 309, 311, 313, 316, 318, 320, 321, 324, 325, 329, 330, 334, 337, 340, 341, 342, 343, 344, 346, 350, 354, 355, 357, 359, 360, 362, 364, 365, 366, 367, 368, 369, 370, 373, 374, 376, 377, 378, 379, 382, 383, 384, 386, 387, 388, 390, 392, 393, 395, 396, 398, 402, 404, 405, 407, 408, 410, 412, 413, 418, 420, 424, 425, 428, 430, 431, 432, 433, 436, 439, 440, 442, 444, 445, 446, 449, 450, 452, 453, 454, 457, 459, 460, 462, 463, 465, 466, 467, 468, 470, 471, 474, 476, 477, 478, 479, 481, 484, 486, 489, 490, 491, 492, 493, 494, 495, 496, 497, 499]
  Syntax Fixed = 0 
[]
  Cleaned Fixed = 0 
[]
  ********************
  Total = 500 
  Exact Fixed = 262 
[2, 3, 8, 10, 11, 12, 13, 17, 18, 19, 20, 26, 28, 29, 30, 32, 34, 36, 37, 38, 39, 40, 49, 50, 51, 52, 53, 54, 56, 57, 59, 64, 73, 75, 76, 80, 82, 86, 88, 89, 90, 91, 92, 93, 96, 97, 100, 101, 102, 103, 104, 106, 108, 110, 112, 115, 116, 117, 120, 122, 123, 124, 126, 130, 131, 135, 138, 140, 141, 142, 143, 147, 148, 152, 153, 154, 155, 156, 157, 159, 160, 161, 162, 164, 166, 168, 172, 176, 180, 183, 184, 188, 189, 192, 193, 196, 198, 199, 200, 202, 203, 205, 206, 207, 210, 211, 213, 216, 219, 223, 224, 225, 226, 227, 229, 231, 232, 236, 241, 244, 247, 249, 253, 255, 256, 257, 258, 259, 260, 264, 265, 269, 270, 274, 276, 278, 281, 282, 283, 285, 288, 289, 291, 292, 294, 296, 298, 301, 303, 304, 306, 307, 308, 309, 311, 313, 316, 318, 320, 321, 324, 325, 329, 330, 334, 337, 340, 341, 342, 343, 344, 346, 350, 354, 355, 357, 359, 360, 362, 364, 365, 366, 367, 368, 369, 370, 373, 374, 376, 377, 378, 379, 382, 383, 384, 386, 387, 388, 390, 392, 393, 395, 396, 398, 402, 404, 405, 407, 408, 410, 412, 413, 418, 420, 424, 425, 428, 430, 431, 432, 433, 436, 439, 440, 442, 444, 445, 446, 449, 450, 452, 453, 454, 457, 459, 460, 462, 463, 465, 466, 467, 468, 470, 471, 474, 476, 477, 478, 479, 481, 484, 486, 489, 490, 491, 492, 493, 494, 495, 496, 497, 499]
  Syntax Fixed = 0 
[]
  Cleaned Fixed = 0 
[]
  codebleu = 94.53 
[0.9321212086381336, 1.0, 1.0, 0.890490591592302, 0.9097764756119819, 0.7016265496309229, 0.9211131842675646, 1.0, 0.534613777706259, 1.0, 1.0, 1.0, 1.0, 0.6766433148075119, 0.7356102848714182, 0.8632148025904984, 1.0, 1.0, 1.0, 1.0, 0.8194907652001931, 0.8606751756510949, 0.6577095841418729, 0.9470228248649237, 0.9616102999368312, 1.0, 0.793992508705015, 1.0, 1.0, 1.0, 0.881955507815954, 1.0, 0.9372561368734473, 1.0, 0.8642470965743208, 1.0, 1.0, 1.0, 1.0, 1.0, 0.8961079319106557, 0.8255092106689934, 0.8755319098520675, 0.8368293296348667, 0.9409857702882689, 0.9543920430664012, 0.936752055107628, 0.9012977329022187, 1.0, 1.0, 1.0, 1.0, 1.0, 1.0, 0.850084905673596, 1.0, 1.0, 0.9509004453320677, 1.0, 0.9830124435719327, 0.9495565333799167, 0.9468351265733028, 0.8606751756510949, 1.0, 0.6919044591507169, 0.9545187036711082, 0.9403743010640047, 0.7491375710149024, 0.8279398471307313, 0.9133094076861077, 0.8020772327457721, 0.9213019458253351, 1.0, 0.805438392944647, 1.0, 1.0, 0.7859313812063606, 0.8133116091221643, 0.6040692180123179, 1.0, 0.9108242908590016, 1.0, 0.9441518237028776, 0.8676184836694505, 0.8674435206185069, 1.0, 0.9207265089204273, 1.0, 1.0, 1.0, 1.0, 1.0, 1.0, 0.8309401076758502, 0.7791113694407932, 1.0, 1.0, 0.9830124435719327, 0.9238877689380496, 1.0, 1.0, 1.0, 1.0, 1.0, 0.8977573831682686, 1.0, 0.9019674110549458, 1.0, 0.9292254379986697, 1.0, 0.9629467492522685, 1.0, 0.9026321368482364, 0.5968960513369144, 1.0, 1.0, 1.0, 0.7569116179787079, 0.9422672588258918, 1.0, 0.8642470965743208, 1.0, 1.0, 1.0, 0.9327938350960072, 1.0, 0.8313123185424158, 0.8519794527032583, 0.9044642401339957, 1.0, 1.0, 0.9318351265733027, 0.7794837671257082, 0.987026696724848, 1.0, 0.9145980101874507, 0.9274843030447293, 1.0, 0.9600553834135903, 1.0, 1.0, 1.0, 1.0, 0.9330331470954285, 0.8016164190158708, 0.9562237378841005, 1.0, 1.0, 0.9058089637441036, 0.8145980101874506, 0.9567814728909636, 1.0, 1.0, 1.0, 1.0, 1.0, 1.0, 0.9725011474210121, 1.0, 1.0, 1.0, 1.0, 0.9501570703145379, 1.0, 0.9352133283258579, 1.0, 0.8947836446510709, 1.0, 0.9008396714911473, 0.9616102999368312, 0.8337841808515074, 1.0, 0.9097764756119819, 0.8313412454774565, 0.8377253763997345, 1.0, 0.9120033353993269, 0.9523104352365284, 0.8667343878768172, 1.0, 0.9266829146927709, 0.8955980328281301, 1.0, 1.0, 0.9490051755223876, 0.8663259925881726, 0.8663259925881726, 1.0, 1.0, 0.775729444252817, 0.9321212086381336, 1.0, 1.0, 0.9354021130737269, 0.7184548373676275, 1.0, 0.9219188985107609, 1.0, 1.0, 1.0, 0.9056583090096291, 1.0, 0.972668710286829, 0.8064626894135283, 1.0, 1.0, 1.0, 0.8917317601325887, 0.8655056700329364, 1.0, 1.0, 0.8642470965743208, 1.0, 0.9725011474210121, 0.9655267507815484, 1.0, 0.9830124435719327, 0.9104745446407605, 1.0, 0.726332468260181, 0.9584627887351178, 0.8947836446510709, 1.0, 1.0, 1.0, 1.0, 1.0, 0.7032349297460765, 1.0, 0.8933633833099063, 1.0, 1.0, 0.9830124435719327, 0.7808354890067706, 0.9439975336408695, 1.0, 0.901672684198352, 0.9172720117488116, 0.7016265496309229, 0.9675420713984233, 1.0, 0.5398180867960412, 0.9490051755223876, 1.0, 0.8839519845504367, 0.9133094076861077, 1.0, 0.9361684767997713, 1.0, 0.9583676774082095, 0.8969876166404993, 0.8019177091158687, 1.0, 0.8655948908847075, 1.0, 1.0, 1.0, 1.0, 1.0, 1.0, 0.9002767007885455, 0.8540633215890829, 0.7854219053833142, 1.0, 1.0, 0.8815929744551174, 0.8397142137521943, 0.9521775318277603, 1.0, 1.0, 0.9141000841539659, 0.8397142137521943, 0.8544642401339957, 1.0, 0.9524183912964097, 1.0, 0.8887985956551486, 1.0, 0.8519348099950308, 0.9259881201117277, 1.0, 1.0, 1.0, 0.9143879239397519, 1.0, 0.936752055107628, 0.9470228248649237, 1.0, 1.0, 0.8974634481857526, 1.0, 1.0, 0.9165239329369728, 1.0, 0.9600553834135903, 1.0, 0.9245037448286011, 1.0, 0.91996684639737, 0.7016265496309229, 1.0, 0.9544887439837764, 1.0, 1.0, 0.9449216567144265, 1.0, 1.0, 1.0, 1.0, 0.7533050635111456, 1.0, 0.9576902216791403, 1.0, 0.9620033353993269, 0.7663187022564415, 1.0, 0.804627845510314, 1.0, 0.8397142137521943, 1.0, 1.0, 0.9565292378112795, 0.924762622326577, 1.0, 1.0, 0.9594214383213739, 0.9441518237028776, 0.9181872441208678, 1.0, 1.0, 0.9427895563342799, 0.8886420415269245, 0.9693261143428569, 1.0, 0.7867260767553759, 0.8620856318465295, 1.0, 0.8730911354138612, 0.9436140613395863, 1.0, 1.0, 1.0, 1.0, 1.0, 0.9325400085710811, 1.0, 0.8821296454239946, 0.9498733743967636, 0.6941749853093945, 1.0, 0.859279267136342, 0.8632647903089475, 0.9076642269253836, 1.0, 1.0, 0.9583676774082095, 1.0, 0.852132204276983, 1.0, 1.0, 0.9498733743967636, 1.0, 0.9468351265733028, 1.0, 1.0, 1.0, 1.0, 1.0, 1.0, 1.0, 0.9472873156881443, 0.948939479110037, 1.0, 1.0, 0.9572615927227479, 1.0, 1.0, 1.0, 1.0, 0.9690470390182255, 0.8, 1.0, 1.0, 1.0, 0.9675420713984233, 1.0, 1.0, 1.0, 0.9272459763983809, 1.0, 0.862347908057336, 1.0, 1.0, 0.9439664040171851, 1.0, 1.0, 0.9261420415269246, 1.0, 0.9427895563342799, 0.8578539444631554, 0.8531511596695294, 1.0, 0.8171145713462071, 1.0, 1.0, 0.8846386294351021, 1.0, 1.0, 0.9497338034253828, 1.0, 0.797355414531276, 1.0, 1.0, 0.9546221339246326, 0.9090440252597953, 0.7599519142218067, 0.940387748772268, 1.0, 0.9107730833493335, 1.0, 0.852132204276983, 0.8098590091001723, 0.9746774581465578, 1.0, 1.0, 0.9800683463319189, 0.936752055107628, 1.0, 0.9107730833493335, 1.0, 1.0, 1.0, 1.0, 0.8431318837364405, 0.9307091932148608, 1.0, 0.940101844638672, 0.9165276486140073, 1.0, 1.0, 0.9631318837364407, 1.0, 0.9493239030379825, 1.0, 1.0, 1.0, 0.9185321610524646, 0.9437985500759485, 0.9532616077763247, 1.0, 0.9498733743967636, 1.0, 1.0, 1.0, 0.9468351265733028, 0.8965296466431494, 1.0, 0.9141000841539659, 1.0, 1.0, 0.8574280019403742, 1.0, 1.0, 0.936752055107628, 1.0, 1.0, 1.0, 1.0, 0.9685667308405901, 1.0, 1.0, 0.8821296454239946, 0.9468351265733028, 1.0, 0.9090440252597953, 1.0, 1.0, 0.9551231593744087, 1.0, 0.9272945586059962, 1.0, 0.9005026293768383, 0.8255092106689934, 1.0, 0.908089643481502, 1.0, 0.8998848301604019, 0.895040008571081, 1.0, 1.0, 1.0, 1.0, 1.0, 1.0, 1.0, 1.0, 1.0, 0.852565642646234, 1.0, 0.9404330472606062]
Finish training and take 18m
Namespace(log_name='./RQ5/sstubs_700_3/codet5p_770m.log', model_name='Salesforce/codet5p-770m', lang='java', output_dir='RQ5/sstubs_700_3/codet5p_770m', data_dir='./data/RQ5/sstubs_700_3', choice=0, no_cuda=False, visible_gpu='0', num_train_epochs=10, num_test_epochs=1, train_batch_size=4, eval_batch_size=4, gradient_accumulation_steps=1, load_model_path=None, config_name='', tokenizer_name='', max_source_length=512, max_target_length=512, warm_up_ratio=0.1, do_train=True, do_eval=True, do_test=True, freeze=False, learning_rate=5e-05, beam_size=10, weight_decay=0.0, adam_epsilon=1e-08, local_rank=-1, seed=42, early_stop_threshold=3)
Process rank: -1, device: cuda, n_gpu: 1, distributed training: False
Model created!!
[[{'text': '*       * @return the message.       */     @Message(id = 15842, value = "Invalid rollout plan. %s is not a valid child of node %s")      String invalidRolloutPlan(ModelNode modelNode, String nodeName);      /**', 'loss_ids': 0, 'shortenable_ids': 1}, {'text': '<mask>', 'loss_ids': 1, 'shortenable_ids': 0}, {'text': 'is the fixed version', 'loss_ids': 0, 'shortenable_ids': 0}], {'guid': 0, 'tgt_text': '*       * @return the message.       */     @Message(id = 10842, value = "Invalid rollout plan. %s is not a valid child of node %s")      String invalidRolloutPlan(ModelNode modelNode, String nodeName);      /**'}]
***** Running training *****
  Num examples = 700
  Batch size = 4
  Num epoch = 10

***** Running evaluation *****
  Num examples = 100
  Batch size = 4
  epoch = 0
  eval_ppl = inf
  global_step = 176
  train_loss = 10.8516
  ********************
Previous best ppl:inf
Achieve Best ppl:inf
  ********************
BLEU file: ./data/RQ5/sstubs_700_3/validation.jsonl
  codebleu-4 = 93.45 	 Previous best codebleu 0
  ********************
 Achieve Best bleu:93.45
  ********************

***** Running evaluation *****
  Num examples = 100
  Batch size = 4
  epoch = 1
  eval_ppl = inf
  global_step = 351
  train_loss = 2.8774
  ********************
Previous best ppl:inf
BLEU file: ./data/RQ5/sstubs_700_3/validation.jsonl
  codebleu-4 = 93.53 	 Previous best codebleu 93.45
  ********************
 Achieve Best bleu:93.53
  ********************

***** Running evaluation *****
  Num examples = 100
  Batch size = 4
  epoch = 2
  eval_ppl = inf
  global_step = 526
  train_loss = 1.2461
  ********************
Previous best ppl:inf
BLEU file: ./data/RQ5/sstubs_700_3/validation.jsonl
  codebleu-4 = 94.66 	 Previous best codebleu 93.53
  ********************
 Achieve Best bleu:94.66
  ********************

***** Running evaluation *****
  Num examples = 100
  Batch size = 4
  epoch = 3
  eval_ppl = inf
  global_step = 701
  train_loss = 0.8787
  ********************
Previous best ppl:inf
BLEU file: ./data/RQ5/sstubs_700_3/validation.jsonl
  codebleu-4 = 93.96 	 Previous best codebleu 94.66
  ********************

***** Running evaluation *****
  Num examples = 100
  Batch size = 4
  epoch = 4
  eval_ppl = inf
  global_step = 876
  train_loss = 0.5384
  ********************
Previous best ppl:inf
BLEU file: ./data/RQ5/sstubs_700_3/validation.jsonl
  codebleu-4 = 94.44 	 Previous best codebleu 94.66
  ********************

***** Running evaluation *****
  Num examples = 100
  Batch size = 4
  epoch = 5
  eval_ppl = inf
  global_step = 1051
  train_loss = 0.378
  ********************
Previous best ppl:inf
BLEU file: ./data/RQ5/sstubs_700_3/validation.jsonl
  codebleu-4 = 94.77 	 Previous best codebleu 94.66
  ********************
 Achieve Best bleu:94.77
  ********************

***** Running evaluation *****
  Num examples = 100
  Batch size = 4
  epoch = 6
  eval_ppl = inf
  global_step = 1226
  train_loss = 0.2353
  ********************
Previous best ppl:inf
BLEU file: ./data/RQ5/sstubs_700_3/validation.jsonl
  codebleu-4 = 94.67 	 Previous best codebleu 94.77
  ********************

***** Running evaluation *****
  Num examples = 100
  Batch size = 4
  epoch = 7
  eval_ppl = inf
  global_step = 1401
  train_loss = 0.1445
  ********************
Previous best ppl:inf
BLEU file: ./data/RQ5/sstubs_700_3/validation.jsonl
  codebleu-4 = 94.61 	 Previous best codebleu 94.77
  ********************

***** Running evaluation *****
  Num examples = 100
  Batch size = 4
  epoch = 8
  eval_ppl = inf
  global_step = 1576
  train_loss = 0.114
  ********************
Previous best ppl:inf
BLEU file: ./data/RQ5/sstubs_700_3/validation.jsonl
  codebleu-4 = 94.74 	 Previous best codebleu 94.77
  ********************
early stopping!!!
reload model from RQ5/sstubs_700_3/codet5p_770m/checkpoint-best-bleu
BLEU file: ./data/RQ5/sstubs_700_3/test.jsonl
  codebleu = 95.31 
  Total = 500 
  Exact Fixed = 320 
[1, 2, 3, 5, 8, 10, 11, 12, 13, 16, 17, 18, 19, 20, 22, 24, 26, 28, 29, 30, 32, 34, 35, 36, 37, 38, 39, 40, 42, 47, 49, 50, 51, 52, 53, 54, 56, 57, 58, 59, 62, 63, 64, 72, 73, 75, 76, 80, 82, 83, 86, 88, 89, 90, 91, 92, 93, 95, 96, 97, 100, 102, 103, 104, 106, 108, 109, 110, 112, 114, 115, 116, 117, 120, 121, 122, 123, 124, 126, 129, 130, 131, 133, 135, 138, 140, 141, 142, 143, 144, 146, 147, 148, 152, 153, 154, 155, 156, 157, 159, 160, 161, 162, 164, 166, 167, 168, 170, 172, 173, 176, 178, 180, 183, 184, 186, 187, 188, 189, 192, 193, 195, 196, 198, 199, 200, 202, 203, 205, 206, 207, 208, 210, 211, 213, 215, 216, 219, 223, 224, 225, 226, 227, 229, 231, 232, 235, 236, 238, 241, 243, 244, 247, 249, 253, 255, 256, 257, 258, 259, 260, 264, 265, 267, 268, 269, 270, 272, 274, 275, 276, 278, 281, 282, 283, 284, 285, 288, 289, 291, 292, 294, 296, 298, 299, 301, 302, 303, 304, 306, 307, 308, 309, 311, 312, 313, 314, 316, 318, 319, 320, 321, 322, 324, 325, 329, 330, 333, 334, 336, 337, 340, 341, 342, 343, 344, 346, 350, 351, 353, 354, 355, 357, 359, 360, 362, 364, 365, 366, 367, 368, 369, 370, 372, 373, 374, 376, 377, 378, 379, 382, 383, 384, 386, 387, 388, 389, 390, 391, 392, 393, 395, 396, 398, 402, 404, 405, 407, 408, 410, 412, 413, 417, 418, 420, 424, 425, 428, 430, 431, 432, 433, 436, 437, 439, 440, 441, 442, 444, 445, 446, 449, 450, 452, 453, 454, 457, 458, 459, 460, 461, 462, 463, 465, 466, 467, 468, 469, 470, 471, 474, 476, 477, 478, 479, 481, 483, 484, 486, 489, 490, 491, 492, 493, 494, 495, 496, 497, 499, 500]
  Syntax Fixed = 3 
[177, 349, 498]
  Cleaned Fixed = 0 
[]
  ********************
  Total = 500 
  Exact Fixed = 320 
[1, 2, 3, 5, 8, 10, 11, 12, 13, 16, 17, 18, 19, 20, 22, 24, 26, 28, 29, 30, 32, 34, 35, 36, 37, 38, 39, 40, 42, 47, 49, 50, 51, 52, 53, 54, 56, 57, 58, 59, 62, 63, 64, 72, 73, 75, 76, 80, 82, 83, 86, 88, 89, 90, 91, 92, 93, 95, 96, 97, 100, 102, 103, 104, 106, 108, 109, 110, 112, 114, 115, 116, 117, 120, 121, 122, 123, 124, 126, 129, 130, 131, 133, 135, 138, 140, 141, 142, 143, 144, 146, 147, 148, 152, 153, 154, 155, 156, 157, 159, 160, 161, 162, 164, 166, 167, 168, 170, 172, 173, 176, 178, 180, 183, 184, 186, 187, 188, 189, 192, 193, 195, 196, 198, 199, 200, 202, 203, 205, 206, 207, 208, 210, 211, 213, 215, 216, 219, 223, 224, 225, 226, 227, 229, 231, 232, 235, 236, 238, 241, 243, 244, 247, 249, 253, 255, 256, 257, 258, 259, 260, 264, 265, 267, 268, 269, 270, 272, 274, 275, 276, 278, 281, 282, 283, 284, 285, 288, 289, 291, 292, 294, 296, 298, 299, 301, 302, 303, 304, 306, 307, 308, 309, 311, 312, 313, 314, 316, 318, 319, 320, 321, 322, 324, 325, 329, 330, 333, 334, 336, 337, 340, 341, 342, 343, 344, 346, 350, 351, 353, 354, 355, 357, 359, 360, 362, 364, 365, 366, 367, 368, 369, 370, 372, 373, 374, 376, 377, 378, 379, 382, 383, 384, 386, 387, 388, 389, 390, 391, 392, 393, 395, 396, 398, 402, 404, 405, 407, 408, 410, 412, 413, 417, 418, 420, 424, 425, 428, 430, 431, 432, 433, 436, 437, 439, 440, 441, 442, 444, 445, 446, 449, 450, 452, 453, 454, 457, 458, 459, 460, 461, 462, 463, 465, 466, 467, 468, 469, 470, 471, 474, 476, 477, 478, 479, 481, 483, 484, 486, 489, 490, 491, 492, 493, 494, 495, 496, 497, 499, 500]
  Syntax Fixed = 3 
[177, 349, 498]
  Cleaned Fixed = 0 
[]
  codebleu = 95.31 
[1.0, 1.0, 1.0, 0.890490591592302, 1.0, 0.7016265496309229, 0.9211131842675646, 1.0, 0.534613777706259, 1.0, 1.0, 1.0, 1.0, 0.6766433148075119, 0.7356102848714182, 1.0, 1.0, 1.0, 1.0, 1.0, 0.8194907652001931, 1.0, 0.6577095841418729, 1.0, 0.9616102999368312, 1.0, 0.793992508705015, 1.0, 1.0, 1.0, 0.881955507815954, 1.0, 0.9372561368734473, 1.0, 1.0, 1.0, 1.0, 1.0, 1.0, 1.0, 0.8961079319106557, 1.0, 0.8755319098520675, 0.8368293296348667, 0.9409857702882689, 0.7027997663890901, 1.0, 0.9012977329022187, 1.0, 1.0, 1.0, 1.0, 1.0, 1.0, 0.850084905673596, 1.0, 1.0, 1.0, 1.0, 0.9830124435719327, 0.9495565333799167, 1.0, 1.0, 1.0, 0.458184593738167, 0.9230629786392028, 0.6377198672312814, 0.6526670151860275, 0.8279398471307313, 0.9133094076861077, 0.8020772327457721, 1.0, 1.0, 0.8611556523927664, 1.0, 1.0, 0.7859313812063606, 0.8133116091221643, 0.6040692180123179, 1.0, 0.9108242908590016, 1.0, 1.0, 0.8676184836694505, 0.8674435206185069, 1.0, 0.9207265089204273, 1.0, 1.0, 1.0, 1.0, 1.0, 1.0, 0.8309401076758502, 0.9100055159882576, 1.0, 1.0, 0.9830124435719327, 0.9238877689380496, 1.0, 0.9207265089204273, 1.0, 1.0, 1.0, 0.8977573831682686, 1.0, 0.9019674110549458, 1.0, 1.0, 1.0, 0.894503612695446, 1.0, 0.9026321368482364, 1.0, 1.0, 1.0, 1.0, 0.7569116179787079, 0.9084726614223404, 1.0, 1.0, 1.0, 1.0, 1.0, 0.9327938350960072, 1.0, 0.8313123185424158, 0.8519794527032583, 1.0, 1.0, 1.0, 0.9318351265733027, 0.931383346147761, 0.987026696724848, 1.0, 0.9145980101874507, 0.9274843030447293, 1.0, 0.9600553834135903, 1.0, 1.0, 1.0, 1.0, 1.0, 0.8016164190158708, 1.0, 1.0, 1.0, 0.851862659420344, 0.8145980101874506, 0.9567814728909636, 1.0, 1.0, 1.0, 1.0, 1.0, 1.0, 0.9116353157047554, 1.0, 1.0, 1.0, 1.0, 0.9501570703145379, 1.0, 0.9352133283258579, 1.0, 1.0, 1.0, 0.9008396714911473, 1.0, 0.8337841808515074, 1.0, 1.0, 0.8313412454774565, 0.8377253763997345, 1.0, 0.9344184712235819, 1.0, 0.8236711521266522, 1.0, 0.9266829146927709, 0.8955980328281301, 1.0, 1.0, 0.9490051755223876, 1.0, 1.0, 1.0, 1.0, 0.775729444252817, 0.9321212086381336, 1.0, 1.0, 0.9354021130737269, 1.0, 1.0, 0.9219188985107609, 1.0, 1.0, 1.0, 0.9056583090096291, 1.0, 0.972668710286829, 0.8064626894135283, 1.0, 1.0, 1.0, 1.0, 0.8655056700329364, 1.0, 1.0, 0.8642470965743208, 1.0, 0.9116353157047554, 1.0, 1.0, 0.9830124435719327, 0.9104745446407605, 1.0, 0.726332468260181, 0.8993542446985325, 0.8947836446510709, 1.0, 1.0, 1.0, 1.0, 1.0, 0.7032349297460765, 1.0, 0.8933633833099063, 1.0, 1.0, 0.9830124435719327, 0.7808354890067706, 1.0, 1.0, 0.901672684198352, 1.0, 0.6410676038432136, 0.9675420713984233, 1.0, 0.5398180867960412, 1.0, 1.0, 0.8839519845504367, 0.9133094076861077, 1.0, 0.9361684767997713, 1.0, 0.9583676774082095, 0.5393771851386139, 0.8019177091158687, 1.0, 0.8655948908847075, 1.0, 1.0, 1.0, 1.0, 1.0, 1.0, 0.9002767007885455, 0.8540633215890829, 0.7854219053833142, 1.0, 1.0, 0.8815929744551174, 1.0, 1.0, 1.0, 1.0, 0.9141000841539659, 1.0, 0.8711309068006623, 1.0, 1.0, 1.0, 0.8887985956551486, 1.0, 0.8519348099950308, 0.9259881201117277, 1.0, 1.0, 1.0, 1.0, 1.0, 0.936752055107628, 0.9470228248649237, 1.0, 1.0, 0.9251621930147931, 1.0, 1.0, 0.9165239329369728, 1.0, 0.9600553834135903, 1.0, 0.9245037448286011, 1.0, 0.9513403413335417, 0.7016265496309229, 1.0, 1.0, 1.0, 1.0, 0.9449216567144265, 1.0, 1.0, 1.0, 1.0, 0.7533050635111456, 1.0, 1.0, 1.0, 1.0, 0.7663187022564415, 1.0, 0.7386876123616474, 1.0, 1.0, 1.0, 1.0, 1.0, 0.924762622326577, 1.0, 1.0, 0.9284485633319499, 0.9441518237028776, 0.9181872441208678, 1.0, 1.0, 0.9427895563342799, 0.8886420415269245, 1.0, 1.0, 0.7867260767553759, 1.0, 1.0, 0.938011597161538, 0.9436140613395863, 1.0, 1.0, 1.0, 1.0, 1.0, 0.9325400085710811, 1.0, 0.8821296454239946, 0.9498733743967636, 0.8952738864082956, 1.0, 1.0, 0.7846736377859518, 1.0, 1.0, 1.0, 0.9583676774082095, 1.0, 0.8882024196149318, 1.0, 1.0, 0.9498733743967636, 1.0, 0.9468351265733028, 1.0, 1.0, 1.0, 1.0, 1.0, 1.0, 1.0, 0.9472873156881443, 1.0, 1.0, 1.0, 0.9572615927227479, 1.0, 1.0, 1.0, 1.0, 0.9690470390182255, 0.8, 1.0, 1.0, 1.0, 0.9013131827384397, 1.0, 1.0, 1.0, 1.0, 1.0, 1.0, 1.0, 1.0, 0.9166936767444578, 1.0, 1.0, 0.9261420415269246, 1.0, 0.9427895563342799, 0.8173688659141947, 0.8531511596695294, 1.0, 0.8171145713462071, 1.0, 1.0, 0.8846386294351021, 1.0, 1.0, 0.9497338034253828, 1.0, 0.797355414531276, 1.0, 1.0, 0.9546221339246326, 0.9090440252597953, 0.7599519142218067, 1.0, 1.0, 0.9107730833493335, 1.0, 0.8882024196149318, 0.8098590091001723, 0.9746774581465578, 1.0, 1.0, 0.9800683463319189, 0.936752055107628, 1.0, 0.9107730833493335, 1.0, 1.0, 1.0, 1.0, 0.8431318837364405, 0.9307091932148608, 1.0, 1.0, 0.9165276486140073, 1.0, 1.0, 1.0, 1.0, 0.9493239030379825, 1.0, 1.0, 1.0, 0.9185321610524646, 0.9437985500759485, 0.8032616077763247, 1.0, 0.9498733743967636, 1.0, 1.0, 1.0, 0.9468351265733028, 0.8965296466431494, 1.0, 1.0, 1.0, 1.0, 1.0, 1.0, 1.0, 0.8776654820838512, 1.0, 1.0, 1.0, 1.0, 1.0, 1.0, 1.0, 0.8821296454239946, 0.9468351265733028, 1.0, 0.9090440252597953, 1.0, 1.0, 0.9551231593744087, 1.0, 0.9272945586059962, 1.0, 0.9005026293768383, 1.0, 1.0, 0.908089643481502, 1.0, 0.8998848301604019, 0.895040008571081, 1.0, 1.0, 1.0, 1.0, 1.0, 1.0, 1.0, 1.0, 1.0, 0.936923058378295, 1.0, 1.0]
Finish training and take 48m
