Namespace(log_name='./RQ5/sstubs_700_3/codet5p_220m_f.log', model_name='Salesforce/codet5p-220m', lang='java', output_dir='RQ5/sstubs_700_3/codet5p_220m_f', data_dir='./data/RQ5/sstubs_700_3', no_cuda=False, visible_gpu='0', add_task_prefix=False, add_lang_ids=False, num_train_epochs=10, num_test_epochs=10, train_batch_size=8, eval_batch_size=4, gradient_accumulation_steps=2, load_model_path=None, config_name='', tokenizer_name='', max_source_length=512, max_target_length=512, warm_up_ratio=0.1, do_train=True, do_eval=True, do_test=True, do_lower_case=False, learning_rate=5e-05, beam_size=10, weight_decay=0.0, adam_epsilon=1e-08, max_grad_norm=1.0, max_steps=-1, eval_steps=-1, train_steps=-1, local_rank=-1, seed=42, early_stop_threshold=3)
Process rank: -1, device: cuda, n_gpu: 1, distributed training: False, model_name: Salesforce/codet5p-220m
model created!
Total 700 training instances 
***** Running training *****
  Num examples = 700
  Batch size = 8
  Num epoch = 10

***** Running evaluation *****
  Num examples = 100
  Batch size = 4
  epoch = 0
  eval_ppl = 1.00039
  global_step = 88
  train_loss = 0.3048
  ********************
Previous best ppl:inf
Achieve Best ppl:1.00039
  ********************
BLEU file: ./data/RQ5/sstubs_700_3/validation.jsonl
  codebleu-4 = 93.98 	 Previous best codebleu 0
  ********************
 Achieve Best bleu:93.98
  ********************

***** Running evaluation *****
  Num examples = 100
  Batch size = 4
  epoch = 1
  eval_ppl = 1.00038
  global_step = 175
  train_loss = 0.0781
  ********************
Previous best ppl:1.00039
Achieve Best ppl:1.00038
  ********************
BLEU file: ./data/RQ5/sstubs_700_3/validation.jsonl
  codebleu-4 = 94.04 	 Previous best codebleu 93.98
  ********************
 Achieve Best bleu:94.04
  ********************

***** Running evaluation *****
  Num examples = 100
  Batch size = 4
  epoch = 2
  eval_ppl = 1.00037
  global_step = 262
  train_loss = 0.049
  ********************
Previous best ppl:1.00038
Achieve Best ppl:1.00037
  ********************
BLEU file: ./data/RQ5/sstubs_700_3/validation.jsonl
  codebleu-4 = 93.4 	 Previous best codebleu 94.04
  ********************

***** Running evaluation *****
  Num examples = 100
  Batch size = 4
  epoch = 3
  eval_ppl = 1.00035
  global_step = 349
  train_loss = 0.0288
  ********************
Previous best ppl:1.00037
Achieve Best ppl:1.00035
  ********************
BLEU file: ./data/RQ5/sstubs_700_3/validation.jsonl
  codebleu-4 = 94.53 	 Previous best codebleu 94.04
  ********************
 Achieve Best bleu:94.53
  ********************

***** Running evaluation *****
  Num examples = 100
  Batch size = 4
  epoch = 4
  eval_ppl = 1.00038
  global_step = 436
  train_loss = 0.017
  ********************
Previous best ppl:1.00035
BLEU file: ./data/RQ5/sstubs_700_3/validation.jsonl
  codebleu-4 = 94.87 	 Previous best codebleu 94.53
  ********************
 Achieve Best bleu:94.87
  ********************

***** Running evaluation *****
  Num examples = 100
  Batch size = 4
  epoch = 5
  eval_ppl = 1.00037
  global_step = 523
  train_loss = 0.0114
  ********************
Previous best ppl:1.00035
BLEU file: ./data/RQ5/sstubs_700_3/validation.jsonl
  codebleu-4 = 94.89 	 Previous best codebleu 94.87
  ********************
 Achieve Best bleu:94.89
  ********************

***** Running evaluation *****
  Num examples = 100
  Batch size = 4
  epoch = 6
  eval_ppl = 1.00039
  global_step = 610
  train_loss = 0.0089
  ********************
Previous best ppl:1.00035
BLEU file: ./data/RQ5/sstubs_700_3/validation.jsonl
  codebleu-4 = 95.03 	 Previous best codebleu 94.89
  ********************
 Achieve Best bleu:95.03
  ********************

***** Running evaluation *****
  Num examples = 100
  Batch size = 4
  epoch = 7
  eval_ppl = 1.0004
  global_step = 697
  train_loss = 0.0066
  ********************
Previous best ppl:1.00035
BLEU file: ./data/RQ5/sstubs_700_3/validation.jsonl
  codebleu-4 = 94.75 	 Previous best codebleu 95.03
  ********************

***** Running evaluation *****
  Num examples = 100
  Batch size = 4
  epoch = 8
  eval_ppl = 1.0004
  global_step = 784
  train_loss = 0.0061
  ********************
Previous best ppl:1.00035
BLEU file: ./data/RQ5/sstubs_700_3/validation.jsonl
  codebleu-4 = 95.01 	 Previous best codebleu 95.03
  ********************

***** Running evaluation *****
  Num examples = 100
  Batch size = 4
  epoch = 9
  eval_ppl = 1.0004
  global_step = 871
  train_loss = 0.0049
  ********************
Previous best ppl:1.00035
BLEU file: ./data/RQ5/sstubs_700_3/validation.jsonl
  codebleu-4 = 95.1 	 Previous best codebleu 95.03
  ********************
 Achieve Best bleu:95.1
  ********************
reload model from RQ5/sstubs_700_3/codet5p_220m_f/checkpoint-best-bleu
BLEU file: ./data/RQ5/sstubs_700_3/test.jsonl
  codebleu = 95.67 
  Total = 500 
  Exact Fixed = 318 
[1, 2, 3, 5, 8, 10, 11, 12, 13, 16, 17, 18, 19, 20, 22, 24, 26, 28, 29, 30, 32, 34, 35, 36, 37, 38, 39, 40, 49, 50, 51, 52, 53, 54, 56, 57, 58, 59, 62, 63, 64, 72, 73, 75, 76, 80, 82, 83, 86, 88, 89, 90, 91, 92, 93, 95, 96, 97, 100, 101, 102, 103, 104, 106, 108, 109, 110, 112, 114, 115, 116, 117, 120, 121, 122, 123, 124, 126, 129, 130, 131, 133, 135, 137, 138, 140, 141, 142, 143, 144, 146, 147, 148, 152, 153, 154, 155, 156, 157, 159, 160, 161, 162, 164, 166, 167, 168, 170, 171, 172, 173, 176, 178, 180, 183, 184, 188, 189, 192, 193, 195, 196, 198, 199, 200, 202, 203, 205, 207, 208, 210, 213, 215, 219, 223, 224, 225, 226, 227, 229, 231, 232, 235, 236, 238, 241, 243, 244, 247, 249, 253, 255, 256, 257, 258, 259, 260, 264, 265, 267, 269, 270, 272, 274, 275, 276, 278, 281, 282, 283, 284, 285, 288, 289, 290, 291, 292, 294, 296, 298, 299, 301, 302, 303, 304, 306, 308, 309, 311, 312, 313, 314, 316, 318, 319, 320, 321, 322, 324, 325, 329, 330, 332, 333, 334, 336, 337, 340, 341, 342, 343, 344, 346, 350, 351, 352, 353, 354, 355, 357, 359, 360, 362, 364, 365, 366, 367, 368, 369, 370, 372, 373, 374, 376, 377, 378, 379, 382, 383, 384, 386, 387, 388, 389, 390, 391, 392, 393, 395, 396, 398, 399, 402, 404, 405, 407, 408, 410, 412, 413, 417, 418, 420, 424, 425, 428, 430, 431, 432, 433, 436, 437, 439, 440, 441, 442, 444, 445, 446, 449, 450, 452, 453, 454, 457, 458, 459, 460, 461, 462, 463, 465, 466, 467, 468, 469, 470, 471, 474, 476, 477, 478, 479, 481, 484, 486, 489, 490, 491, 492, 493, 494, 495, 496, 497, 498, 499, 500]
  Syntax Fixed = 2 
[216, 307]
  Cleaned Fixed = 0 
[]
  ********************
  Total = 500 
  Exact Fixed = 318 
[1, 2, 3, 5, 8, 10, 11, 12, 13, 16, 17, 18, 19, 20, 22, 24, 26, 28, 29, 30, 32, 34, 35, 36, 37, 38, 39, 40, 49, 50, 51, 52, 53, 54, 56, 57, 58, 59, 62, 63, 64, 72, 73, 75, 76, 80, 82, 83, 86, 88, 89, 90, 91, 92, 93, 95, 96, 97, 100, 101, 102, 103, 104, 106, 108, 109, 110, 112, 114, 115, 116, 117, 120, 121, 122, 123, 124, 126, 129, 130, 131, 133, 135, 137, 138, 140, 141, 142, 143, 144, 146, 147, 148, 152, 153, 154, 155, 156, 157, 159, 160, 161, 162, 164, 166, 167, 168, 170, 171, 172, 173, 176, 178, 180, 183, 184, 188, 189, 192, 193, 195, 196, 198, 199, 200, 202, 203, 205, 207, 208, 210, 213, 215, 219, 223, 224, 225, 226, 227, 229, 231, 232, 235, 236, 238, 241, 243, 244, 247, 249, 253, 255, 256, 257, 258, 259, 260, 264, 265, 267, 269, 270, 272, 274, 275, 276, 278, 281, 282, 283, 284, 285, 288, 289, 290, 291, 292, 294, 296, 298, 299, 301, 302, 303, 304, 306, 308, 309, 311, 312, 313, 314, 316, 318, 319, 320, 321, 322, 324, 325, 329, 330, 332, 333, 334, 336, 337, 340, 341, 342, 343, 344, 346, 350, 351, 352, 353, 354, 355, 357, 359, 360, 362, 364, 365, 366, 367, 368, 369, 370, 372, 373, 374, 376, 377, 378, 379, 382, 383, 384, 386, 387, 388, 389, 390, 391, 392, 393, 395, 396, 398, 399, 402, 404, 405, 407, 408, 410, 412, 413, 417, 418, 420, 424, 425, 428, 430, 431, 432, 433, 436, 437, 439, 440, 441, 442, 444, 445, 446, 449, 450, 452, 453, 454, 457, 458, 459, 460, 461, 462, 463, 465, 466, 467, 468, 469, 470, 471, 474, 476, 477, 478, 479, 481, 484, 486, 489, 490, 491, 492, 493, 494, 495, 496, 497, 498, 499, 500]
  Syntax Fixed = 2 
[216, 307]
  Cleaned Fixed = 0 
[]
  codebleu = 95.67 
[1.0, 1.0, 1.0, 0.9495565333799167, 1.0, 0.7016265496309229, 0.8895342368991435, 1.0, 0.523124035164291, 1.0, 1.0, 1.0, 1.0, 0.6766433148075119, 0.9073284209965369, 1.0, 1.0, 1.0, 1.0, 1.0, 0.8194907652001931, 1.0, 0.6577095841418729, 1.0, 0.9616102999368312, 1.0, 0.8400553834135902, 1.0, 1.0, 1.0, 0.881955507815954, 1.0, 0.9372561368734473, 1.0, 1.0, 1.0, 1.0, 1.0, 1.0, 1.0, 0.8961079319106557, 0.8707835960391124, 0.9517918920357142, 0.8368293296348667, 0.9546221339246326, 0.7027997663890901, 0.8538949122504853, 0.9012977329022187, 1.0, 1.0, 1.0, 1.0, 1.0, 1.0, 0.850084905673596, 1.0, 1.0, 1.0, 1.0, 0.9209300112883179, 0.9495565333799167, 1.0, 1.0, 1.0, 0.6919044591507169, 0.9230629786392028, 0.9403743010640047, 0.7491375710149024, 0.9325815531825292, 0.9133094076861077, 0.8020772327457721, 1.0, 1.0, 0.805438392944647, 1.0, 1.0, 0.8566632780233401, 0.8133116091221643, 0.7130825083995453, 1.0, 0.9108242908590016, 1.0, 1.0, 0.8676184836694505, 0.8674435206185069, 1.0, 0.9207265089204273, 1.0, 1.0, 1.0, 1.0, 1.0, 1.0, 0.8309401076758502, 1.0, 1.0, 1.0, 0.9830124435719327, 0.9238877689380496, 1.0, 1.0, 1.0, 1.0, 1.0, 0.8977573831682686, 1.0, 0.9026775857310148, 1.0, 1.0, 1.0, 0.9291467833782516, 1.0, 0.8462696579104001, 1.0, 1.0, 1.0, 1.0, 0.898610628990282, 0.9084726614223404, 1.0, 1.0, 1.0, 1.0, 1.0, 0.9327938350960072, 1.0, 0.8313123185424158, 0.9118239030379824, 1.0, 1.0, 1.0, 0.9318351265733027, 1.0, 0.987026696724848, 1.0, 0.9145980101874507, 1.0, 1.0, 0.9600553834135903, 1.0, 1.0, 1.0, 1.0, 1.0, 0.8016164190158708, 1.0, 1.0, 1.0, 0.851862659420344, 0.8145980101874506, 0.918131895727686, 1.0, 1.0, 1.0, 1.0, 1.0, 1.0, 0.9725011474210121, 1.0, 1.0, 1.0, 1.0, 0.9501570703145379, 1.0, 0.9352133283258579, 1.0, 1.0, 1.0, 0.956711228908929, 1.0, 1.0, 1.0, 1.0, 0.9170576952964131, 0.8377253763997345, 1.0, 0.9120033353993269, 1.0, 0.8667343878768172, 1.0, 0.9266829146927709, 0.8955980328281301, 1.0, 1.0, 0.9490051755223876, 0.8663259925881726, 0.8663259925881726, 1.0, 1.0, 0.772496321151799, 0.9321212086381336, 1.0, 1.0, 0.9354021130737269, 1.0, 1.0, 0.9219188985107609, 1.0, 1.0, 1.0, 0.9056583090096291, 1.0, 1.0, 0.8064626894135283, 1.0, 0.8689975336408694, 1.0, 1.0, 0.8655056700329364, 1.0, 0.8865561184422389, 0.8642470965743208, 1.0, 0.9725011474210121, 1.0, 0.8806751756510949, 0.9209300112883179, 0.9104745446407605, 1.0, 0.892387748772268, 0.9427815239895609, 0.8947836446510709, 1.0, 1.0, 1.0, 1.0, 1.0, 0.7032349297460765, 1.0, 0.8933633833099063, 1.0, 1.0, 0.9209300112883179, 0.8317663828924111, 1.0, 1.0, 0.901672684198352, 1.0, 0.6410676038432136, 0.9675420713984233, 1.0, 0.7369342414615079, 1.0, 1.0, 0.8839519845504367, 0.9133094076861077, 1.0, 0.9361684767997713, 1.0, 0.9583676774082095, 0.9525078218537795, 0.9437985500759485, 1.0, 0.8655948908847075, 1.0, 1.0, 1.0, 1.0, 1.0, 1.0, 0.9397417567158937, 0.8540633215890829, 0.8557768311681513, 1.0, 1.0, 0.9104979088289846, 1.0, 0.9521775318277603, 1.0, 1.0, 0.8474334174872993, 1.0, 0.9044642401339957, 1.0, 1.0, 1.0, 0.9331580236066618, 1.0, 0.8519348099950308, 0.9616136179279984, 1.0, 1.0, 1.0, 1.0, 1.0, 0.936752055107628, 0.9470228248649237, 1.0, 1.0, 1.0, 1.0, 1.0, 0.9165239329369728, 1.0, 0.9600553834135903, 1.0, 0.9245037448286011, 1.0, 1.0, 0.5705770171212453, 1.0, 1.0, 1.0, 1.0, 0.9449216567144265, 1.0, 0.8806751756510949, 1.0, 1.0, 0.7533050635111456, 1.0, 1.0, 1.0, 1.0, 0.7663187022564415, 1.0, 0.7354681335184329, 1.0, 1.0, 1.0, 1.0, 1.0, 0.924762622326577, 1.0, 1.0, 0.9665788286155268, 0.9441518237028776, 0.9181872441208678, 1.0, 1.0, 0.9427895563342799, 1.0, 1.0, 1.0, 0.7867260767553759, 1.0, 1.0, 0.8730911354138612, 0.9436140613395863, 1.0, 1.0, 1.0, 1.0, 1.0, 0.7825400085710811, 1.0, 0.8821296454239946, 0.9498733743967636, 0.6229661941006033, 1.0, 1.0, 1.0, 1.0, 1.0, 1.0, 0.9583676774082095, 1.0, 0.7112646518179702, 1.0, 1.0, 0.9498733743967636, 1.0, 0.9168351265733028, 1.0, 1.0, 1.0, 1.0, 1.0, 1.0, 1.0, 0.9472873156881443, 1.0, 1.0, 1.0, 0.9572615927227479, 1.0, 1.0, 1.0, 1.0, 0.9690470390182255, 0.8, 1.0, 1.0, 1.0, 0.9013131827384397, 1.0, 1.0, 1.0, 1.0, 1.0, 1.0, 1.0, 1.0, 0.816720286885113, 1.0, 1.0, 0.9261420415269246, 1.0, 1.0, 0.8578539444631554, 0.8531511596695294, 1.0, 0.8768874158387014, 1.0, 1.0, 0.8846386294351021, 1.0, 1.0, 0.9497338034253828, 1.0, 0.797355414531276, 1.0, 1.0, 0.9546221339246326, 0.9090440252597953, 0.7941622718785454, 1.0, 1.0, 0.9107730833493335, 1.0, 0.7112646518179702, 0.9052050509144789, 0.9746774581465578, 1.0, 1.0, 0.9800683463319189, 0.936752055107628, 1.0, 0.9107730833493335, 1.0, 1.0, 1.0, 1.0, 0.7831318837364406, 0.9307091932148608, 1.0, 1.0, 0.9365276486140073, 1.0, 1.0, 1.0, 1.0, 0.9493239030379825, 1.0, 1.0, 1.0, 0.9435321610524647, 0.9437985500759485, 1.0, 1.0, 0.9498733743967636, 1.0, 1.0, 1.0, 0.9468351265733028, 0.8965296466431494, 1.0, 1.0, 1.0, 1.0, 1.0, 1.0, 1.0, 0.8357117295209777, 1.0, 1.0, 1.0, 1.0, 1.0, 1.0, 1.0, 0.8516551101233703, 0.9468351265733028, 1.0, 0.9090440252597953, 1.0, 1.0, 1.0, 1.0, 0.9272945586059962, 1.0, 0.9565292378112795, 0.8707835960391124, 1.0, 0.8528958037460665, 1.0, 0.8998848301604019, 0.895040008571081, 1.0, 1.0, 1.0, 1.0, 1.0, 1.0, 1.0, 1.0, 1.0, 1.0, 1.0, 1.0]
Finish training and take 23m
