Namespace(log_name='./RQ5/javascript_300/f1_codet5p_220m.log', model_name='Salesforce/codet5p-220m', lang='javascript', output_dir='RQ5/javascript_300/f1_codet5p_220m', data_dir='./data/RQ5/javascript_300_1', no_cuda=False, visible_gpu='0', add_task_prefix=False, add_lang_ids=False, num_train_epochs=10, num_test_epochs=10, train_batch_size=8, eval_batch_size=4, gradient_accumulation_steps=2, load_model_path=None, config_name='', tokenizer_name='', max_source_length=128, max_target_length=128, warm_up_ratio=0.1, do_train=True, do_eval=True, do_test=True, do_lower_case=False, learning_rate=5e-05, beam_size=10, weight_decay=0.0, adam_epsilon=1e-08, max_grad_norm=1.0, max_steps=-1, eval_steps=-1, train_steps=-1, local_rank=-1, seed=42, early_stop_threshold=3)
Process rank: -1, device: cuda, n_gpu: 1, distributed training: False, model_name: Salesforce/codet5p-220m
model created!
Total 300 training instances 
***** Running training *****
  Num examples = 300
  Batch size = 8
  Num epoch = 10

***** Running evaluation *****
  Num examples = 500
  Batch size = 4
  epoch = 0
  eval_ppl = 1.00456
  global_step = 38
  train_loss = 0.9755
  ********************
Previous best ppl:inf
Achieve Best ppl:1.00456
  ********************
BLEU file: ./data/RQ5/javascript_300_1/validation.jsonl
  codebleu-4 = 56.68 	 Previous best codebleu 0
  ********************
 Achieve Best bleu:56.68
  ********************

***** Running evaluation *****
  Num examples = 500
  Batch size = 4
  epoch = 1
  eval_ppl = 1.0044
  global_step = 75
  train_loss = 0.4382
  ********************
Previous best ppl:1.00456
Achieve Best ppl:1.0044
  ********************
BLEU file: ./data/RQ5/javascript_300_1/validation.jsonl
  codebleu-4 = 60.94 	 Previous best codebleu 56.68
  ********************
 Achieve Best bleu:60.94
  ********************

***** Running evaluation *****
  Num examples = 500
  Batch size = 4
  epoch = 2
  eval_ppl = 1.00457
  global_step = 112
  train_loss = 0.2803
  ********************
Previous best ppl:1.0044
BLEU file: ./data/RQ5/javascript_300_1/validation.jsonl
  codebleu-4 = 61.52 	 Previous best codebleu 60.94
  ********************
 Achieve Best bleu:61.52
  ********************

***** Running evaluation *****
  Num examples = 500
  Batch size = 4
  epoch = 3
  eval_ppl = 1.00464
  global_step = 149
  train_loss = 0.1833
  ********************
Previous best ppl:1.0044
BLEU file: ./data/RQ5/javascript_300_1/validation.jsonl
  codebleu-4 = 61.18 	 Previous best codebleu 61.52
  ********************

***** Running evaluation *****
  Num examples = 500
  Batch size = 4
  epoch = 4
  eval_ppl = 1.00489
  global_step = 186
  train_loss = 0.1226
  ********************
Previous best ppl:1.0044
BLEU file: ./data/RQ5/javascript_300_1/validation.jsonl
  codebleu-4 = 61.11 	 Previous best codebleu 61.52
  ********************

***** Running evaluation *****
  Num examples = 500
  Batch size = 4
  epoch = 5
  eval_ppl = 1.00513
  global_step = 223
  train_loss = 0.0836
  ********************
Previous best ppl:1.0044
BLEU file: ./data/RQ5/javascript_300_1/validation.jsonl
  codebleu-4 = 60.98 	 Previous best codebleu 61.52
  ********************
reload model from RQ5/javascript_300/f1_codet5p_220m/checkpoint-best-bleu
BLEU file: ./data/RQ5/javascript_300_1/test.jsonl
  codebleu = 61.9 
  Total = 500 
  Exact Fixed = 57 
[8, 21, 26, 30, 38, 50, 60, 61, 78, 80, 96, 104, 122, 129, 133, 134, 152, 168, 176, 178, 192, 220, 227, 231, 237, 249, 265, 271, 275, 280, 294, 313, 317, 322, 323, 345, 353, 354, 356, 383, 393, 394, 402, 405, 409, 412, 431, 434, 452, 453, 454, 471, 477, 481, 497, 499, 500]
  Syntax Fixed = 2 
[373, 410]
  Cleaned Fixed = 4 
[170, 311, 328, 456]
  ********************
  Total = 500 
  Exact Fixed = 57 
[8, 21, 26, 30, 38, 50, 60, 61, 78, 80, 96, 104, 122, 129, 133, 134, 152, 168, 176, 178, 192, 220, 227, 231, 237, 249, 265, 271, 275, 280, 294, 313, 317, 322, 323, 345, 353, 354, 356, 383, 393, 394, 402, 405, 409, 412, 431, 434, 452, 453, 454, 471, 477, 481, 497, 499, 500]
  Syntax Fixed = 2 
[373, 410]
  Cleaned Fixed = 4 
[170, 311, 328, 456]
  codebleu = 61.9 
[0.6712302104522061, 0.6919266365055134, 0.4499615708051955, 0.5229808431453671, 0.08436692013296332, 0.3114330635523529, 0.6530550965302279, 1.0, 0.5303543300556994, 0.591516286342532, 0.8955980328281301, 0.8696847134058581, 0.25255157651202054, 0.6329739871337788, 0.5233074695255733, 0.6452148813321528, 0.5606891562047243, 0.6724315693987384, 0.0, 0.6448598858735686, 1.0, 0.28178507258525926, 0.8708250323025346, 0.7158229243802021, 0.4777185731223784, 0.8249365300761395, 0.8597766350872547, 0.396349572956634, 0.6508081453961951, 0.7230619919314705, 0.8515629296941565, 0.4340764315695067, 0.7943817070456347, 0.8570961003195992, 0.5570177454869844, 0.5696431220857536, 0.7451384298635613, 0.9891483218006352, 0.3340047425620204, 0.634739134738433, 0.8573464528613979, 0.8292906179772745, 0.6684686576264115, 0.8198293080551287, 0.717352101225173, 0.6082742323311118, 0.9068382385286933, 0.8178607431385985, 0.3053502366259113, 1.0, 0.7517692380063994, 0.805453099521674, 0.5217365165784443, 0.5264886858900315, 0.3533755248262469, 0.5695939886293169, 0.225226036889931, 0.5338054518326395, 0.6352900380997268, 1.0, 1.0, 0.2605255056885018, 0.8003783096500193, 0.8321296454239947, 0.7158229243802021, 0.7076923076923076, 0.8378414230005442, 0.6983338153069474, 0.3992286298565113, 0.8678717513910372, 0.521172119556444, 0.639544029461198, 0.714297617187952, 0.37016971107762675, 0.6445931574752105, 0.15, 0.5069117835177426, 1.0, 0.1495352051294258, 1.0, 0.7896006392880524, 0.5718336933369629, 0.5637946891611503, 0.4054183564853334, 0.20613487118166404, 0.7065485068370296, 0.6024129285676197, 0.43391990509709355, 0.47996086480687705, 0.6492561474202864, 0.06, 0.7054819616225767, 0.6565560097887984, 0.5909395885250581, 0.7298304277609075, 1.0, 0.6980472624402649, 0.7537226674522646, 0.9321212086381336, 0.3111069937307952, 0.48151833528931587, 0.7819827494849558, 0.5627200451626766, 1.0, 0.7418506489774956, 0.8593981631857175, 0.6284996973575898, 0.5102043912123392, 0.6755568064749966, 0.8096354401872717, 0.5532136440138307, 0.42231753686974316, 0.4536911179244788, 0.714297617187952, 0.7474990499580455, 0.8494781978987964, 0.5418035126585234, 0.8502961496218351, 0.842133818192679, 0.510980970646246, 0.7522712571363831, 1.0, 0.4470581748828688, 0.36217875471464306, 0.6544375845878311, 0.9491673847910091, 0.2974610638433307, 0.5959813808622627, 1.0, 0.6618503204869636, 0.14224981392389122, 0.7422623816391947, 1.0, 1.0, 0.3079510025390523, 0.564979952919198, 0.19348034809444703, 0.7308835793300246, 0.5478601768024036, 0.4614069132492895, 0.5243381867290794, 0.8261757460125112, 0.6885563956126466, 0.6690621521176641, 0.6753600779398393, 0.6086737860987872, 0.4352205093306242, 0.503191349857689, 0.7100452022910697, 0.8601305921152989, 0.6429326815734496, 1.0, 0.2933192603414, 0.526797617187952, 0.7472982571634935, 0.48516807949755947, 0.902700490932961, 0.5865265109839976, 0.21170458518859758, 0.4638247163063489, 0.29157092899041875, 0.5774263257292502, 0.773553137645282, 0.14417647429169284, 0.48624193424630757, 0.4970818198712149, 0.5907915119421392, 1.0, 0.3544908721645896, 0.6577359353975811, 0.7860594922037922, 0.7150439477087123, 0.8991129363138861, 0.561267769761279, 0.5441070669348561, 1.0, 0.5259572846439411, 1.0, 0.45508310949075587, 0.5279905343601452, 0.6051294155160957, 0.19035071477803323, 0.9396769988489013, 0.39687223536357985, 0.5707915119421392, 0.6662517128137839, 0.401706244308338, 0.5382841518266749, 0.7451384298635613, 0.855658309009629, 0.4885926413190037, 1.0, 0.5819798032395376, 0.6707350069254493, 0.6887796716807859, 0.8257887556015677, 0.7504004004704901, 0.33183567216420956, 0.7226252770810941, 0.6357741351064675, 0.6724315693987384, 0.6965834056802387, 0.8433766349070695, 0.6751705176140901, 0.8648103351245982, 0.7803034446230322, 0.6426062098732228, 0.6887796716807859, 0.7328492172088266, 0.642842712474619, 0.8396137614910928, 0.853251435829042, 0.06552572456572223, 0.22419155352810277, 0.7190907364295069, 0.56369994186322, 0.32627945612776854, 0.6512223502463547, 0.8304054224244419, 1.0, 0.5691230775634993, 0.58189415539785, 0.25704272418535706, 0.5761697895341449, 0.4845182644937875, 0.06889924815598782, 1.0, 0.6030011940352838, 0.07195561498007304, 0.4455903592369812, 1.0, 0.4528494378212512, 0.5537998353931795, 0.9105639359235915, 0.3508081453961951, 0.396838405481522, 1.0, 0.6765950349550134, 0.6429397336493281, 0.636964721661222, 0.7170126220080686, 0.19392362253219647, 0.3373940575497127, 0.27558314725722455, 0.4453710621987834, 0.8877459225855626, 0.7158229243802021, 0.4920742135995943, 1.0, 0.8576593989567298, 0.7118977233058527, 0.15997084006767517, 0.20866354767478065, 0.766682914692771, 0.6748885220437988, 0.2379911542742785, 0.4118819918812901, 0.7737167429613258, 0.9141000841539659, 0.36016900549754294, 0.23669321919655517, 0.8051979380925212, 0.7511200104643803, 0.8827895563342798, 0.9681572245559578, 0.7127774792622994, 0.9009268392001792, 0.8911681618460494, 0.5347428106038496, 0.2015372100944879, 1.0, 0.7604979526305213, 0.61801956172107, 0.6793788456922385, 1.0, 0.4339213351685698, 0.778785113836511, 0.33036017439379955, 0.8378634002940782, 0.8114529051148651, 0.11666737327895797, 0.9542333350628116, 0.4903510788203176, 0.6559148291083154, 0.11582292438020222, 0.7517070403538422, 0.7545909332472028, 0.5822109370915456, 0.830168764298918, 0.8161547359011423, 0.10588235294117647, 0.7965310924001736, 0.4667127418271009, 1.0, 0.0, 0.7451974543165035, 0.8387796716807858, 0.7799696154227835, 0.6742654297681573, 0.8276851859011425, 0.8381374587124395, 0.512283842723568, 0.6866411249144649, 0.6868474083243508, 0.0, 0.7678525946438988, 0.7301961448188755, 0.3807256007926331, 0.020740010954471803, 0.38683567216420955, 0.8725356837831622, 0.41145898320123175, 0.9891483218006352, 0.5488628862515236, 0.85, 0.4969617815012778, 1.0, 0.6259403648918203, 0.08152573352530099, 0.32641839065175154, 0.8387796716807858, 1.0, 0.7135428903906851, 0.944274958466798, 0.5339102500446592, 0.7642174218152427, 0.8083325080431145, 0.6119613551150405, 0.828213999891074, 0.5625735889318473, 0.3319572907937111, 0.0, 0.5261072559244404, 0.714297617187952, 0.5326080313569397, 0.7125108877355164, 0.30831848424488534, 0.6953602200025533, 0.5780365272269377, 0.1759424130312673, 0.40156651918683534, 0.4005326816439736, 0.9299711370778252, 0.9225934589608529, 1.0, 0.5674364496822819, 0.6160391794642067, 0.465523972643262, 0.6630804239841512, 0.8176593989567298, 0.5969803377115616, 0.7170015046833873, 1.0, 1.0, 0.64272438732935, 0.8249365300761395, 0.5674961219905689, 0.5652258471820361, 0.5307707065593111, 0.5272579010634381, 0.008694754573109073, 0.557719307720078, 0.41807263856718657, 0.808221529667446, 0.847720542227226, 0.40289299814414176, 0.7710658705890923, 0.45076591901650565, 0.5647785789898024, 0.36587342440580645, 0.34393366415687754, 0.2627166511815171, 0.9469728550743763, 0.32340833096900673, 0.8184276974159628, 0.12, 0.9701564725523897, 0.7504004004704901, 0.0027918749150373364, 0.7431351738566481, 0.24548027084905316, 0.8288120051119818, 0.8249365300761395, 0.447298452667235, 0.6894253960277439, 0.5578607431385983, 0.2234793044582281, 0.3508081453961951, 0.7285380935292984, 0.604739134738433, 0.2088017714661632, 0.7210658705890922, 1.0, 1.0, 0.7353746106262073, 0.4821379477582639, 0.3399624270732811, 0.5783036814100584, 0.8223873319410013, 0.4561469513015429, 0.1650567204976689, 1.0, 0.3917384128764327, 0.10348801095303897, 1.0, 0.731117687292167, 0.3565950427753982, 0.31977476369658997, 1.0, 0.9059642451028274, 0.8403116829613333, 1.0, 0.04535576197454044, 0.6530550965302279, 0.47875874704124055, 0.6549780845589401, 0.801169789534145, 0.29684740832435075, 0.554739134738433, 0.9437985500759485, 0.3889379432495441, 0.05540387552681966, 0.030390470936082048, 0.4664355844276247, 0.8601527033303111, 0.8031160202429322, 0.5402233947178415, 0.8154299464875665, 0.5237030996295007, 0.6626791769304377, 1.0, 0.6567389877523072, 0.7685784485578413, 0.9891483218006352, 0.6285833314736662, 0.9437836987242729, 0.6439654153934541, 0.4747262001981727, 0.7056488304309574, 0.6120862230985752, 0.218822860571054, 0.5528265488737891, 0.25311193401315524, 0.3502278939890302, 0.30085669140553134, 0.6138728223286366, 0.39478364465107074, 0.7498018405233149, 0.5616798194467534, 0.35624947398505524, 0.3652331461343674, 1.0, 1.0, 1.0, 0.0857142857142857, 0.8954450935705085, 0.5045234828882075, 0.7420554014474346, 0.7518096986739549, 0.45473913473843297, 0.12515690498588955, 0.662775442898248, 0.9024101654079206, 0.5523913421855372, 0.4062652820919249, 0.36905601805001587, 0.4616760548423344, 0.7340398687371076, 0.9495565333799167, 0.5181549779290909, 1.0, 0.3064524452191623, 0.5486780060731714, 0.7224171275474598, 0.7366289756845221, 0.6586275761728796, 1.0, 0.2382915953335315, 0.8502367699851867, 0.4878372832477157, 0.9891483218006352, 0.39675296426202156, 0.9039342742606371, 0.7115187153144993, 0.918115627804579, 0.4399117880830822, 0.8165273869902545, 0.24090702262082825, 0.8255980153481091, 0.25016079085323406, 0.40650495246497576, 0.537247623665976, 0.6574634481857526, 0.5994100321686132, 0.7130928202287643, 0.45759530908884194, 0.9891483218006352, 0.6222244648066615, 1.0, 1.0]
Finish training and take 21m
