Namespace(log_name='./RQ5/javascript_300/f2_codet5p_770m.log', model_name='Salesforce/codet5p-770m', lang='javascript', output_dir='RQ5/javascript_300/f2_codet5p_770m', data_dir='./data/RQ5/javascript_300_2', no_cuda=False, visible_gpu='0', add_task_prefix=False, add_lang_ids=False, num_train_epochs=10, num_test_epochs=10, train_batch_size=8, eval_batch_size=4, gradient_accumulation_steps=2, load_model_path=None, config_name='', tokenizer_name='', max_source_length=128, max_target_length=128, warm_up_ratio=0.1, do_train=True, do_eval=True, do_test=True, do_lower_case=False, learning_rate=5e-05, beam_size=10, weight_decay=0.0, adam_epsilon=1e-08, max_grad_norm=1.0, max_steps=-1, eval_steps=-1, train_steps=-1, local_rank=-1, seed=42, early_stop_threshold=3)
Process rank: -1, device: cuda, n_gpu: 1, distributed training: False, model_name: Salesforce/codet5p-770m
model created!
Namespace(log_name='./RQ5/javascript_300/f2_codet5p_770m.log', model_name='Salesforce/codet5p-770m', lang='javascript', output_dir='RQ5/javascript_300/f2_codet5p_770m', data_dir='./data/RQ5/javascript_300_2', no_cuda=False, visible_gpu='0', add_task_prefix=False, add_lang_ids=False, num_train_epochs=10, num_test_epochs=10, train_batch_size=8, eval_batch_size=4, gradient_accumulation_steps=2, load_model_path=None, config_name='', tokenizer_name='', max_source_length=128, max_target_length=128, warm_up_ratio=0.1, do_train=True, do_eval=True, do_test=True, do_lower_case=False, learning_rate=5e-05, beam_size=10, weight_decay=0.0, adam_epsilon=1e-08, max_grad_norm=1.0, max_steps=-1, eval_steps=-1, train_steps=-1, local_rank=-1, seed=42, early_stop_threshold=3)
Process rank: -1, device: cuda, n_gpu: 1, distributed training: False, model_name: Salesforce/codet5p-770m
model created!
Total 300 training instances 
***** Running training *****
  Num examples = 300
  Batch size = 8
  Num epoch = 10

***** Running evaluation *****
  Num examples = 500
  Batch size = 4
  epoch = 0
  eval_ppl = 1.00427
  global_step = 38
  train_loss = 0.9498
  ********************
Previous best ppl:inf
Achieve Best ppl:1.00427
  ********************
BLEU file: ./data/RQ5/javascript_300_2/validation.jsonl
  codebleu-4 = 55.46 	 Previous best codebleu 0
  ********************
 Achieve Best bleu:55.46
  ********************

***** Running evaluation *****
  Num examples = 500
  Batch size = 4
  epoch = 1
  eval_ppl = 1.00397
  global_step = 75
  train_loss = 0.3261
  ********************
Previous best ppl:1.00427
Achieve Best ppl:1.00397
  ********************
BLEU file: ./data/RQ5/javascript_300_2/validation.jsonl
  codebleu-4 = 61.94 	 Previous best codebleu 55.46
  ********************
 Achieve Best bleu:61.94
  ********************

***** Running evaluation *****
  Num examples = 500
  Batch size = 4
  epoch = 2
  eval_ppl = 1.00425
  global_step = 112
  train_loss = 0.1562
  ********************
Previous best ppl:1.00397
BLEU file: ./data/RQ5/javascript_300_2/validation.jsonl
  codebleu-4 = 60.69 	 Previous best codebleu 61.94
  ********************

***** Running evaluation *****
  Num examples = 500
  Batch size = 4
  epoch = 3
  eval_ppl = 1.00467
  global_step = 149
  train_loss = 0.0814
  ********************
Previous best ppl:1.00397
BLEU file: ./data/RQ5/javascript_300_2/validation.jsonl
  codebleu-4 = 62.01 	 Previous best codebleu 61.94
  ********************
 Achieve Best bleu:62.01
  ********************

***** Running evaluation *****
  Num examples = 500
  Batch size = 4
  epoch = 4
  eval_ppl = 1.00512
  global_step = 186
  train_loss = 0.0437
  ********************
Previous best ppl:1.00397
BLEU file: ./data/RQ5/javascript_300_2/validation.jsonl
  codebleu-4 = 62.14 	 Previous best codebleu 62.01
  ********************
 Achieve Best bleu:62.14
  ********************

***** Running evaluation *****
  Num examples = 500
  Batch size = 4
  epoch = 5
  eval_ppl = 1.00521
  global_step = 223
  train_loss = 0.0271
  ********************
Previous best ppl:1.00397
BLEU file: ./data/RQ5/javascript_300_2/validation.jsonl
  codebleu-4 = 62.69 	 Previous best codebleu 62.14
  ********************
 Achieve Best bleu:62.69
  ********************

***** Running evaluation *****
  Num examples = 500
  Batch size = 4
  epoch = 6
  eval_ppl = 1.00532
  global_step = 260
  train_loss = 0.0179
  ********************
Previous best ppl:1.00397
BLEU file: ./data/RQ5/javascript_300_2/validation.jsonl
  codebleu-4 = 62.98 	 Previous best codebleu 62.69
  ********************
 Achieve Best bleu:62.98
  ********************

***** Running evaluation *****
  Num examples = 500
  Batch size = 4
  epoch = 7
  eval_ppl = 1.00559
  global_step = 297
  train_loss = 0.009
  ********************
Previous best ppl:1.00397
BLEU file: ./data/RQ5/javascript_300_2/validation.jsonl
  codebleu-4 = 62.61 	 Previous best codebleu 62.98
  ********************

***** Running evaluation *****
  Num examples = 500
  Batch size = 4
  epoch = 8
  eval_ppl = 1.00572
  global_step = 334
  train_loss = 0.0065
  ********************
Previous best ppl:1.00397
BLEU file: ./data/RQ5/javascript_300_2/validation.jsonl
  codebleu-4 = 63.1 	 Previous best codebleu 62.98
  ********************
 Achieve Best bleu:63.1
  ********************

***** Running evaluation *****
  Num examples = 500
  Batch size = 4
  epoch = 9
  eval_ppl = 1.00577
  global_step = 371
  train_loss = 0.0074
  ********************
Previous best ppl:1.00397
BLEU file: ./data/RQ5/javascript_300_2/validation.jsonl
  codebleu-4 = 62.82 	 Previous best codebleu 63.1
  ********************
reload model from RQ5/javascript_300/f2_codet5p_770m/checkpoint-best-bleu
BLEU file: ./data/RQ5/javascript_300_2/test.jsonl
  codebleu = 63.03 
  Total = 500 
  Exact Fixed = 73 
[7, 9, 17, 20, 21, 30, 35, 38, 51, 69, 78, 80, 95, 96, 104, 109, 112, 119, 122, 129, 133, 142, 145, 151, 152, 168, 176, 178, 186, 188, 189, 192, 195, 201, 202, 207, 208, 220, 249, 250, 262, 271, 301, 313, 317, 322, 323, 353, 356, 385, 387, 390, 393, 394, 405, 409, 412, 414, 420, 428, 429, 431, 434, 437, 439, 449, 453, 454, 457, 471, 481, 497, 500]
  Syntax Fixed = 10 
[32, 34, 77, 86, 139, 171, 311, 402, 410, 499]
  Cleaned Fixed = 3 
[328, 406, 456]
  ********************
  Total = 500 
  Exact Fixed = 73 
[7, 9, 17, 20, 21, 30, 35, 38, 51, 69, 78, 80, 95, 96, 104, 109, 112, 119, 122, 129, 133, 142, 145, 151, 152, 168, 176, 178, 186, 188, 189, 192, 195, 201, 202, 207, 208, 220, 249, 250, 262, 271, 301, 313, 317, 322, 323, 353, 356, 385, 387, 390, 393, 394, 405, 409, 412, 414, 420, 428, 429, 431, 434, 437, 439, 449, 453, 454, 457, 471, 481, 497, 500]
  Syntax Fixed = 10 
[32, 34, 77, 86, 139, 171, 311, 402, 410, 499]
  Cleaned Fixed = 3 
[328, 406, 456]
  codebleu = 63.03 
[0.737896877118873, 0.6919266365055134, 0.5654473178899494, 0.6896475098120338, 0.08436692013296332, 0.3114330635523529, 1.0, 0.6446393560145152, 1.0, 0.591516286342532, 0.8955980328281301, 0.8696847134058581, 0.25255157651202054, 0.6329739871337788, 0.5466127647565298, 0.6452148813321528, 1.0, 0.5277537539048389, 0.0, 1.0, 1.0, 0.28178507258525926, 0.8355863676795319, 0.7158229243802021, 0.4777185731223784, 0.557190822574687, 0.6005389517413418, 0.396349572956634, 0.6508081453961951, 0.7230619919314705, 0.8494413741851621, 0.9070475294213802, 0.7943817070456347, 0.8958282740277042, 0.8114529051148651, 0.5696431220857536, 0.7451384298635613, 0.9891483218006352, 0.3340047425620204, 0.634739134738433, 0.8573464528613979, 0.8292906179772745, 0.6684686576264115, 0.6271059641418611, 0.717352101225173, 0.6082742323311118, 0.9068382385286933, 0.8178607431385985, 0.3053502366259113, 0.30261367609768847, 1.0, 0.805453099521674, 0.5217365165784443, 0.5264886858900315, 0.3533755248262469, 0.442412788792651, 0.22388098994411626, 0.5338054518326395, 0.712432895242584, 0.6399591004941562, 0.7261697895341449, 0.32719217235516845, 0.7033800786864218, 0.8321296454239947, 0.7158229243802021, 0.7076923076923076, 0.632975743600805, 0.6983338153069474, 0.8249365300761395, 0.9616979821237088, 0.8301377689380496, 0.639544029461198, 0.714297617187952, 0.37016971107762675, 0.6445931574752105, 0.12, 0.8180987647852345, 1.0, 0.1495352051294258, 1.0, 0.8004690110220724, 0.5718336933369629, 0.5637946891611503, 0.4054183564853334, 0.20613487118166404, 0.8933439658245279, 0.5163837612719755, 0.43391990509709355, 0.6105000222446973, 0.6492561474202864, 0.06, 0.7054819616225767, 0.6565560097887984, 0.6492633713864637, 1.0, 1.0, 0.6980472624402649, 0.7420917166391208, 0.9321212086381336, 0.27345032446975304, 0.2799449403593628, 0.7819827494849558, 0.5627200451626766, 1.0, 0.7418506489774956, 0.8593981631857175, 0.6284996973575898, 0.5102043912123392, 1.0, 0.8096354401872717, 0.5532136440138307, 1.0, 0.39654826078162164, 0.27344240248645174, 0.902887748772268, 0.8494781978987964, 0.46921462425096405, 0.9441518237028776, 1.0, 0.44771570419904566, 0.7915913697004472, 1.0, 0.4470581748828688, 0.21168485254147001, 0.7423419728115106, 0.9491673847910091, 0.2974610638433307, 0.2894039371851951, 1.0, 0.7571377151388883, 0.14224981392389122, 0.7422623816391947, 1.0, 0.7592325450376052, 0.03743558442762472, 0.7695688801748877, 0.24875606856926585, 0.7308835793300246, 0.756047661202274, 0.4614069132492895, 0.5243381867290794, 1.0, 0.6885563956126466, 0.7014499169499973, 0.8651704051777762, 0.6086737860987872, 0.40337302556973004, 0.503191349857689, 0.736830916576784, 0.8601305921152989, 0.9891483218006352, 1.0, 0.2933192603414, 0.526797617187952, 0.7331698335612487, 0.41950316820925454, 0.902700490932961, 0.5865265109839976, 0.21170458518859758, 0.23049138297301558, 0.29157092899041875, 0.5774263257292502, 0.773553137645282, 0.14417647429169284, 0.48624193424630757, 0.4970818198712149, 0.5907915119421392, 1.0, 0.3544908721645896, 0.8020311540826717, 0.9193928255371258, 0.45241016540792056, 0.8991129363138861, 0.561267769761279, 0.5441070669348561, 1.0, 0.4935394423555667, 1.0, 0.45508310949075587, 0.5279905343601452, 0.6051294155160957, 0.19035071477803323, 0.9396769988489013, 0.2758114916555782, 0.5507915119421392, 0.907745404768207, 0.401706244308338, 1.0, 1.0, 0.855658309009629, 0.4885926413190037, 1.0, 0.5819798032395376, 0.6707350069254493, 1.0, 0.7178158734090205, 0.7504004004704901, 0.33183567216420956, 0.7226252770810941, 0.6357741351064675, 1.0, 1.0, 0.8433766349070695, 0.6751705176140901, 0.8648103351245982, 0.7803034446230322, 1.0, 1.0, 0.6757233771304113, 0.642842712474619, 0.79675661863395, 0.853251435829042, 0.06552572456572223, 0.26919155352810276, 0.7190907364295069, 0.09999999999999999, 0.32627945612776854, 0.6512223502463547, 0.8304054224244419, 1.0, 0.37845791282076713, 0.58189415539785, 0.25704272418535706, 0.5761697895341449, 0.4845182644937875, 0.46904473191093105, 0.5603298947716822, 0.3883526761775949, 0.6642742735155721, 0.5028613863364825, 0.6893858380618342, 0.606419700152545, 0.5537998353931795, 0.9105639359235915, 0.3508081453961951, 0.37351606303609786, 0.9142445273649933, 0.6765950349550134, 0.6429397336493281, 0.636964721661222, 0.7170126220080686, 0.802713932743754, 0.3373940575497127, 0.27558314725722455, 0.4453710621987834, 0.7964886858900315, 0.7158229243802021, 0.4920742135995943, 1.0, 1.0, 0.7242487560923739, 0.15997084006767517, 0.20866354767478065, 0.766682914692771, 0.6748885220437988, 0.2379911542742785, 0.4118819918812901, 0.7737167429613258, 0.7591790791391035, 0.36016900549754294, 0.23669321919655517, 1.0, 0.7511200104643803, 0.8827895563342798, 0.893803854707065, 0.7127774792622994, 0.9009268392001792, 0.8911681618460494, 0.5347428106038496, 0.2015372100944879, 1.0, 0.7604979526305213, 0.6440993313853645, 0.6793788456922385, 0.776554029901346, 0.4339213351685698, 0.5893949501703277, 0.33036017439379955, 0.8008467617900312, 0.32937678709245916, 0.11666737327895797, 0.9542333350628116, 0.4903510788203176, 0.6559148291083154, 0.11582292438020222, 0.7517070403538422, 0.7545909332472028, 0.5822109370915456, 0.8156061903048678, 0.8161547359011423, 0.0857142857142857, 0.7965310924001736, 0.4667127418271009, 0.8464075798999238, 0.0, 0.7451974543165035, 0.8387796716807858, 0.7799696154227835, 0.5778985929855265, 0.8276851859011425, 1.0, 0.512283842723568, 0.6866411249144649, 0.6868474083243508, 0.0857142857142857, 0.6873247443252544, 0.7301961448188755, 0.3807256007926331, 0.7028480321005652, 0.38683567216420955, 0.9176675865658077, 0.41145898320123175, 0.9891483218006352, 0.5488628862515236, 0.85, 0.4969617815012778, 1.0, 0.6259403648918203, 0.08152573352530099, 0.32641839065175154, 0.8387796716807858, 1.0, 0.7135428903906851, 0.944274958466798, 0.6730908208928771, 0.7642174218152427, 0.8083325080431145, 0.6119613551150405, 0.8331853395710711, 0.5625735889318473, 0.3319572907937111, 0.0, 0.5261072559244404, 0.714297617187952, 0.22016596062917693, 0.5101458438731493, 0.30831848424488534, 0.6953602200025533, 0.5512749775560664, 0.1759424130312673, 0.40156651918683534, 0.4005326816439736, 0.9299711370778252, 0.7328728653985972, 0.4905278186463043, 0.5674364496822819, 0.6160391794642067, 0.465523972643262, 0.6630804239841512, 0.7077276788519969, 0.5969803377115616, 0.7170015046833873, 1.0, 0.7451384298635613, 0.004106716346506562, 0.8249365300761395, 0.5674961219905689, 0.5652258471820361, 0.5307707065593111, 0.5392579010634381, 0.008694754573109073, 0.557719307720078, 0.41807263856718657, 0.808221529667446, 0.847720542227226, 0.40289299814414176, 0.7710658705890923, 0.4975910598226685, 0.477096516758575, 0.36587342440580645, 0.34393366415687754, 0.2627166511815171, 0.5228832644008625, 0.32340833096900673, 0.7767231336445126, 0.12, 0.9701564725523897, 0.7504004004704901, 0.0031323668437758896, 0.7431351738566481, 0.20461833748586147, 0.6453261105197357, 0.07719082257468701, 0.447298452667235, 1.0, 0.5578607431385983, 1.0, 0.3508081453961951, 0.7285380935292984, 0.9891483218006352, 0.2088017714661632, 0.7210658705890922, 1.0, 1.0, 0.7353746106262073, 0.4821379477582639, 0.5789207115002721, 0.8651650731090275, 0.8223873319410013, 0.809253833112682, 0.1650567204976689, 0.7970182644937875, 0.3917384128764327, 0.10348801095303897, 1.0, 0.731117687292167, 0.3655417586706008, 0.3327260044000817, 1.0, 0.9059642451028274, 0.8403116829613333, 1.0, 0.04535576197454044, 1.0, 0.47875874704124055, 0.6549780845589401, 0.801169789534145, 0.29684740832435075, 0.554739134738433, 1.0, 0.3889379432495441, 0.05540387552681966, 0.030390470936082048, 0.4664355844276247, 0.8601527033303111, 0.8031160202429322, 0.5402233947178415, 1.0, 0.9891483218006352, 0.5246219200090914, 1.0, 0.6567389877523072, 0.7852451152245079, 0.9891483218006352, 0.6476309505212854, 0.9437836987242729, 1.0, 0.8362062829761001, 1.0, 0.6120862230985752, 0.8023971576601443, 0.26948765020586274, 0.25311193401315524, 0.3502278939890302, 0.30085669140553134, 0.679119864849675, 0.39478364465107074, 0.7498018405233149, 1.0, 0.48897284678550934, 0.3652331461343674, 0.822378125936329, 1.0, 1.0, 0.0857142857142857, 0.8954450935705085, 1.0, 0.7611030204950537, 0.527543250577078, 0.45473913473843297, 0.0584902383192229, 0.662775442898248, 0.9024101654079206, 0.5523913421855372, 0.4062652820919249, 0.36905601805001587, 0.4616760548423344, 0.7340398687371076, 0.9495565333799167, 0.5181549779290909, 1.0, 0.4121831032184268, 0.5486780060731714, 0.7087116860319266, 0.7366289756845221, 0.6586275761728796, 0.7253305249945152, 0.2382915953335315, 0.8502367699851867, 0.4878372832477157, 0.9891483218006352, 0.39675296426202156, 0.9039342742606371, 0.7115187153144993, 0.8774724087352062, 0.4399117880830822, 0.8165273869902545, 0.24090702262082825, 0.8255980153481091, 0.25016079085323406, 0.3419180665937579, 0.537247623665976, 0.6574634481857526, 0.5994100321686132, 0.7130928202287643, 0.45759530908884194, 0.9891483218006352, 0.6222244648066615, 0.9498733743967636, 1.0]
Finish training and take 49m
