Namespace(log_name='./RQ5/javascript_300/f3_codet5p_770m.log', model_name='Salesforce/codet5p-770m', lang='javascript', output_dir='RQ5/javascript_300/f3_codet5p_770m', data_dir='./data/RQ5/javascript_300_3', no_cuda=False, visible_gpu='0', add_task_prefix=False, add_lang_ids=False, num_train_epochs=10, num_test_epochs=10, train_batch_size=8, eval_batch_size=4, gradient_accumulation_steps=2, load_model_path=None, config_name='', tokenizer_name='', max_source_length=128, max_target_length=128, warm_up_ratio=0.1, do_train=True, do_eval=True, do_test=True, do_lower_case=False, learning_rate=5e-05, beam_size=10, weight_decay=0.0, adam_epsilon=1e-08, max_grad_norm=1.0, max_steps=-1, eval_steps=-1, train_steps=-1, local_rank=-1, seed=42, early_stop_threshold=3)
Process rank: -1, device: cuda, n_gpu: 1, distributed training: False, model_name: Salesforce/codet5p-770m
model created!
Namespace(log_name='./RQ5/javascript_300/f3_codet5p_770m.log', model_name='Salesforce/codet5p-770m', lang='javascript', output_dir='RQ5/javascript_300/f3_codet5p_770m', data_dir='./data/RQ5/javascript_300_3', no_cuda=False, visible_gpu='0', add_task_prefix=False, add_lang_ids=False, num_train_epochs=10, num_test_epochs=10, train_batch_size=8, eval_batch_size=4, gradient_accumulation_steps=2, load_model_path=None, config_name='', tokenizer_name='', max_source_length=128, max_target_length=128, warm_up_ratio=0.1, do_train=True, do_eval=True, do_test=True, do_lower_case=False, learning_rate=5e-05, beam_size=10, weight_decay=0.0, adam_epsilon=1e-08, max_grad_norm=1.0, max_steps=-1, eval_steps=-1, train_steps=-1, local_rank=-1, seed=42, early_stop_threshold=3)
Process rank: -1, device: cuda, n_gpu: 1, distributed training: False, model_name: Salesforce/codet5p-770m
model created!
Total 300 training instances 
***** Running training *****
  Num examples = 300
  Batch size = 8
  Num epoch = 10

***** Running evaluation *****
  Num examples = 500
  Batch size = 4
  epoch = 0
  eval_ppl = 1.0042
  global_step = 38
  train_loss = 1.043
  ********************
Previous best ppl:inf
Achieve Best ppl:1.0042
  ********************
BLEU file: ./data/RQ5/javascript_300_3/validation.jsonl
  codebleu-4 = 57.12 	 Previous best codebleu 0
  ********************
 Achieve Best bleu:57.12
  ********************

***** Running evaluation *****
  Num examples = 500
  Batch size = 4
  epoch = 1
  eval_ppl = 1.004
  global_step = 75
  train_loss = 0.3716
  ********************
Previous best ppl:1.0042
Achieve Best ppl:1.004
  ********************
BLEU file: ./data/RQ5/javascript_300_3/validation.jsonl
  codebleu-4 = 61.48 	 Previous best codebleu 57.12
  ********************
 Achieve Best bleu:61.48
  ********************

***** Running evaluation *****
  Num examples = 500
  Batch size = 4
  epoch = 2
  eval_ppl = 1.00421
  global_step = 112
  train_loss = 0.2021
  ********************
Previous best ppl:1.004
BLEU file: ./data/RQ5/javascript_300_3/validation.jsonl
  codebleu-4 = 62.83 	 Previous best codebleu 61.48
  ********************
 Achieve Best bleu:62.83
  ********************

***** Running evaluation *****
  Num examples = 500
  Batch size = 4
  epoch = 3
  eval_ppl = 1.00444
  global_step = 149
  train_loss = 0.0999
  ********************
Previous best ppl:1.004
BLEU file: ./data/RQ5/javascript_300_3/validation.jsonl
  codebleu-4 = 62.05 	 Previous best codebleu 62.83
  ********************

***** Running evaluation *****
  Num examples = 500
  Batch size = 4
  epoch = 4
  eval_ppl = 1.0049
  global_step = 186
  train_loss = 0.0473
  ********************
Previous best ppl:1.004
BLEU file: ./data/RQ5/javascript_300_3/validation.jsonl
  codebleu-4 = 61.71 	 Previous best codebleu 62.83
  ********************

***** Running evaluation *****
  Num examples = 500
  Batch size = 4
  epoch = 5
  eval_ppl = 1.0054
  global_step = 223
  train_loss = 0.0266
  ********************
Previous best ppl:1.004
BLEU file: ./data/RQ5/javascript_300_3/validation.jsonl
  codebleu-4 = 61.98 	 Previous best codebleu 62.83
  ********************
reload model from RQ5/javascript_300/f3_codet5p_770m/checkpoint-best-bleu
BLEU file: ./data/RQ5/javascript_300_3/test.jsonl
  codebleu = 63.05 
  Total = 500 
  Exact Fixed = 68 
[9, 21, 25, 26, 38, 46, 51, 78, 80, 90, 96, 104, 110, 112, 122, 133, 150, 152, 168, 176, 178, 192, 202, 204, 210, 212, 220, 227, 237, 241, 249, 262, 270, 271, 275, 287, 299, 301, 322, 323, 337, 345, 353, 356, 387, 393, 394, 409, 412, 415, 420, 429, 431, 433, 435, 437, 453, 454, 456, 457, 471, 477, 481, 487, 497, 498, 499, 500]
  Syntax Fixed = 4 
[311, 373, 402, 410]
  Cleaned Fixed = 5 
[151, 215, 294, 328, 434]
  ********************
  Total = 500 
  Exact Fixed = 68 
[9, 21, 25, 26, 38, 46, 51, 78, 80, 90, 96, 104, 110, 112, 122, 133, 150, 152, 168, 176, 178, 192, 202, 204, 210, 212, 220, 227, 237, 241, 249, 262, 270, 271, 275, 287, 299, 301, 322, 323, 337, 345, 353, 356, 387, 393, 394, 409, 412, 415, 420, 429, 431, 433, 435, 437, 453, 454, 456, 457, 471, 477, 481, 487, 497, 498, 499, 500]
  Syntax Fixed = 4 
[311, 373, 402, 410]
  Cleaned Fixed = 5 
[151, 215, 294, 328, 434]
  codebleu = 63.05 
[0.737896877118873, 0.6919266365055134, 0.4499615708051955, 0.6896475098120338, 0.08436692013296332, 0.3114330635523529, 0.6863884298635612, 0.6148198570288328, 1.0, 0.591516286342532, 0.8955980328281301, 0.895500606374912, 0.25255157651202054, 0.6329739871337788, 0.5408401405239117, 0.6452148813321528, 0.2094047330273616, 0.6724315693987384, 0.0, 0.6448598858735686, 1.0, 0.28178507258525926, 0.8708250323025346, 0.7158229243802021, 1.0, 0.8249365300761395, 0.8597766350872547, 0.396349572956634, 0.6553082743436025, 0.5548728313582729, 0.8515629296941565, 0.7881136779802395, 0.7943817070456347, 0.8570961003195992, 0.5570177454869844, 0.5696431220857536, 0.7191441569283882, 0.9891483218006352, 0.3340047425620204, 0.634739134738433, 0.8573464528613979, 0.8292906179772745, 0.6684686576264115, 0.8198293080551287, 0.717352101225173, 1.0, 0.9068382385286933, 0.8178607431385985, 0.3053502366259113, 0.7026136760976884, 1.0, 0.805453099521674, 0.5217365165784443, 0.5264886858900315, 0.3533755248262469, 0.5695939886293169, 0.225226036889931, 0.5338054518326395, 0.712432895242584, 0.6399591004941562, 0.7261697895341449, 0.2605255056885018, 0.7033800786864218, 0.8321296454239947, 0.7158229243802021, 0.7076923076923076, 0.7922705995641981, 0.6983338153069474, 0.3992286298565113, 0.8678717513910372, 0.521172119556444, 0.30318145721937184, 0.714297617187952, 0.37016971107762675, 0.6445931574752105, 0.13846153846153847, 0.5069117835177426, 1.0, 0.11414032926785059, 1.0, 0.7834298712141025, 0.5718336933369629, 0.5637946891611503, 0.4054183564853334, 0.20613487118166404, 0.7065485068370296, 0.48211004236477467, 0.5960203889580482, 0.47996086480687705, 1.0, 0.21, 0.7054819616225767, 0.7541146311515832, 0.6492633713864637, 0.7298304277609075, 1.0, 0.6980472624402649, 0.636116060033499, 0.9321212086381336, 0.3111069937307952, 0.2799449403593628, 0.7636131842675646, 0.5627200451626766, 1.0, 0.7418506489774956, 0.8593981631857175, 0.6284996973575898, 0.5102043912123392, 0.6755568064749966, 1.0, 0.5532136440138307, 1.0, 0.4536911179244788, 0.714297617187952, 0.7474990499580455, 0.8494781978987964, 0.5418035126585234, 0.9441518237028776, 0.842133818192679, 0.510980970646246, 0.7522712571363831, 1.0, 0.4470581748828688, 0.28515328647075866, 0.6544375845878311, 0.9491673847910091, 0.2974610638433307, 0.5959813808622627, 0.6996372991605209, 0.6618503204869636, 0.14224981392389122, 0.7422623816391947, 1.0, 0.7592325450376052, 0.3079510025390523, 0.7695688801748877, 0.19348034809444703, 0.7308835793300246, 0.5978601768024037, 0.6094129773172783, 0.5243381867290794, 0.909083442295588, 0.6958728927330549, 0.7014499169499973, 0.6753600779398393, 0.6086737860987872, 0.34250352719068494, 0.3947861840279352, 0.736830916576784, 1.0, 0.8145082176095655, 1.0, 0.2933192603414, 0.526797617187952, 0.7472982571634935, 0.4351680794975595, 0.902700490932961, 0.44188182488281347, 0.21170458518859758, 0.23049138297301558, 0.29157092899041875, 0.49358204019464635, 0.773553137645282, 0.15189466770624754, 0.48624193424630757, 0.46542398502671967, 0.5907915119421392, 1.0, 0.3544908721645896, 0.6853746106262073, 0.7860594922037922, 0.4663011429973445, 0.8991129363138861, 0.561267769761279, 0.8554801314533595, 1.0, 0.7677459225855625, 1.0, 0.45508310949075587, 0.5279905343601452, 0.6051294155160957, 0.19035071477803323, 0.9396769988489013, 0.2758114916555782, 0.5507915119421392, 0.6970198862562978, 0.401706244308338, 0.5382841518266749, 0.7451384298635613, 0.855658309009629, 0.4885926413190037, 0.8365413257707366, 0.5819798032395376, 0.6707350069254493, 0.6887796716807859, 0.8257887556015677, 0.7504004004704901, 0.33183567216420956, 0.7226252770810941, 0.6357741351064675, 0.6724315693987384, 1.0, 0.8433766349070695, 1.0, 0.8648103351245982, 0.7803034446230322, 0.6426062098732228, 0.6887796716807859, 0.7328492172088266, 1.0, 0.79675661863395, 0.8480747380382081, 0.06552572456572223, 0.2600677332832448, 0.6419953379147749, 0.56369994186322, 0.31605478796895015, 0.6512223502463547, 0.8304054224244419, 1.0, 0.5691230775634993, 0.58189415539785, 0.25704272418535706, 0.5761697895341449, 0.49351804990029324, 0.4746226675561372, 1.0, 0.6030011940352838, 0.6642742735155721, 0.5028613863364825, 0.6893858380618342, 0.4965079112765962, 0.5537998353931795, 0.9105639359235915, 0.3508081453961951, 0.396838405481522, 1.0, 0.6765950349550134, 0.6429397336493281, 0.636964721661222, 1.0, 0.802713932743754, 0.364968013784138, 0.27558314725722455, 0.4453710621987834, 0.8877459225855626, 0.7158229243802021, 0.5807264604248825, 1.0, 0.8576593989567298, 0.7844545081984879, 0.15997084006767517, 0.20866354767478065, 0.766682914692771, 0.6748885220437988, 0.2379911542742785, 0.4118819918812901, 0.7737167429613258, 0.7591790791391035, 0.36016900549754294, 0.23669321919655517, 1.0, 0.7511200104643803, 0.8827895563342798, 0.893803854707065, 0.7127774792622994, 0.9009268392001792, 0.8911681618460494, 0.5347428106038496, 1.0, 1.0, 0.7604979526305213, 0.66801956172107, 0.684304298084699, 1.0, 0.4339213351685698, 0.778785113836511, 0.33036017439379955, 0.8008467617900312, 0.32937678709245916, 0.11666737327895797, 0.9542333350628116, 0.4903510788203176, 0.6559148291083154, 0.11582292438020222, 0.7341765280314609, 1.0, 0.5822109370915456, 0.551080793943544, 0.8161547359011423, 0.10588235294117647, 0.8319390869638097, 0.4667127418271009, 0.8201781496971694, 0.0, 0.7451974543165035, 0.8016440493564279, 0.7300656092802488, 1.0, 0.48134849058826934, 1.0, 0.512283842723568, 0.6866411249144649, 0.6868474083243508, 0.0, 0.7678525946438988, 0.751662055050515, 0.3807256007926331, 0.4239950434811899, 0.6731716191316424, 0.9176675865658077, 0.41145898320123175, 0.634739134738433, 0.5488628862515236, 0.85, 0.8476161604823598, 0.5307616135375495, 0.6259403648918203, 0.08152573352530099, 0.32641839065175154, 0.8387796716807858, 1.0, 0.7135428903906851, 0.944274958466798, 0.5339102500446592, 0.7281777985003272, 0.8083325080431145, 0.6119613551150405, 0.8331853395710711, 0.5625735889318473, 0.3319572907937111, 0.0, 0.5261072559244404, 0.714297617187952, 0.5326080313569397, 0.7125108877355164, 0.9891483218006352, 0.6578602200025533, 0.5780365272269377, 0.1759424130312673, 0.40156651918683534, 0.4005326816439736, 0.9299711370778252, 0.9225934589608529, 1.0, 0.5674364496822819, 0.6160391794642067, 0.465523972643262, 0.6884050993088264, 0.8176593989567298, 0.5969803377115616, 0.7170015046833873, 1.0, 0.7451384298635613, 0.016666666666666666, 0.8249365300761395, 0.5674961219905689, 0.23981808679604116, 0.6633946307914341, 0.515257901063438, 0.008694754573109073, 0.557719307720078, 0.41807263856718657, 0.808221529667446, 0.7696296454239946, 0.40289299814414176, 0.7710658705890923, 0.45076591901650565, 0.5647785789898024, 0.36587342440580645, 0.34393366415687754, 0.2627166511815171, 0.9469728550743763, 0.32340833096900673, 0.8184276974159628, 0.12, 0.9701564725523897, 0.7504004004704901, 0.0031323668437758896, 0.7431351738566481, 0.24548027084905316, 0.5027616393658039, 0.07719082257468701, 0.447298452667235, 0.6894253960277439, 0.5578607431385983, 1.0, 0.3508081453961951, 0.7285380935292984, 0.604739134738433, 0.2088017714661632, 0.7210658705890922, 1.0, 1.0, 0.7353746106262073, 0.4821379477582639, 0.3399624270732811, 0.8651650731090275, 0.8223873319410013, 0.4561469513015429, 0.1650567204976689, 0.7970182644937875, 0.3917384128764327, 0.10348801095303897, 0.7186038866504489, 0.731117687292167, 0.3565950427753982, 0.31977476369658997, 1.0, 0.9059642451028274, 0.8403116829613333, 1.0, 0.04535576197454044, 0.6863884298635612, 1.0, 0.6549780845589401, 0.801169789534145, 0.32557251275615134, 0.554739134738433, 1.0, 0.3889379432495441, 0.05540387552681966, 0.030390470936082048, 0.4664355844276247, 0.8601527033303111, 0.8031160202429322, 0.5402233947178415, 0.6559327101364547, 0.9891483218006352, 0.5627442551022055, 1.0, 0.6567389877523072, 1.0, 0.6844129773172782, 1.0, 0.9437836987242729, 1.0, 0.8362062829761001, 0.8348591893331347, 0.6120862230985752, 0.7477655797954694, 0.5528265488737891, 0.25311193401315524, 0.3502278939890302, 0.30085669140553134, 0.7882043605744248, 0.33648125706166776, 0.7498018405233149, 0.5616798194467534, 0.35624947398505524, 0.3652331461343674, 0.822378125936329, 1.0, 1.0, 0.0857142857142857, 1.0, 1.0, 0.7420554014474346, 0.5489718220056494, 0.45473913473843297, 0.0584902383192229, 0.662775442898248, 0.9024101654079206, 0.5523913421855372, 0.43606856837889296, 0.36905601805001587, 0.4616760548423344, 0.7340398687371076, 0.9495565333799167, 0.34975699917555464, 1.0, 0.33120784899605216, 0.5486780060731714, 0.7224171275474598, 0.5031078140108968, 0.6586275761728796, 1.0, 0.2945102422011197, 0.8502367699851867, 0.4878372832477157, 0.9891483218006352, 0.39675296426202156, 0.9039342742606371, 0.7115187153144993, 0.918115627804579, 0.4399117880830822, 1.0, 0.24090702262082825, 0.8255980153481091, 0.25016079085323406, 0.5644129773172782, 0.2139262344911127, 0.6574634481857526, 0.5744100321686132, 0.6302986017493237, 0.45759530908884194, 0.9891483218006352, 1.0, 1.0, 1.0]
Finish training and take 33m
