Namespace(log_name='./RQ5/javascript_300/soft0_1_codet5p_770m.log', model_name='Salesforce/codet5p-770m', lang='javascript', output_dir='RQ5/javascript_300/soft0_1_codet5p_770m', data_dir='./data/RQ5/javascript_300_1', no_cuda=False, visible_gpu='0', num_train_epochs=10, num_test_epochs=1, train_batch_size=4, eval_batch_size=2, gradient_accumulation_steps=1, load_model_path=None, config_name='', tokenizer_name='', max_source_length=512, max_target_length=512, warm_up_ratio=0.1, do_train=True, do_eval=True, do_test=True, freeze=False, learning_rate=5e-05, beam_size=10, weight_decay=0.0, adam_epsilon=1e-08, local_rank=-1, seed=42, early_stop_threshold=3)
Process rank: -1, device: cuda, n_gpu: 1, distributed training: False
Model created!!
[[{'text': '', 'loss_ids': 0, 'shortenable_ids': 0}, {'text': " element: $(this).data('element')      }).css({left: framePosition.left+position.left+$(this).outerWidth()+parseInt($(this).css('margin-left'))-40, top: topPos}).show();", 'loss_ids': 0, 'shortenable_ids': 1}, {'text': '', 'loss_ids': 0, 'shortenable_ids': 0}, {'text': ' no-invalid-this', 'loss_ids': 0, 'shortenable_ids': 0}, {'text': '.', 'loss_ids': 0, 'shortenable_ids': 0}, {'text': '<mask>', 'loss_ids': 1, 'shortenable_ids': 0}, {'text': '', 'loss_ids': 0, 'shortenable_ids': 0}], {'guid': 0, 'tgt_text': "element: $(this).data('element')      }).css({left: framePosition.left+position.left+parseInt($(this).css('margin-left'))+10, top: topPos}).show();"}]
***** Running training *****
  Num examples = 300
  Batch size = 4
  Num epoch = 10

***** Running evaluation *****
  Num examples = 100
  Batch size = 2
  epoch = 0
  eval_ppl = inf
  global_step = 76
  train_loss = 18.7165
  ********************
Previous best ppl:inf
Achieve Best ppl:inf
  ********************
BLEU file: ./data/RQ5/javascript_300_1/validation.jsonl
Namespace(log_name='./RQ5/javascript_300/soft0_1_codet5p_770m.log', model_name='Salesforce/codet5p-770m', lang='javascript', output_dir='RQ5/javascript_300/soft0_1_codet5p_770m', data_dir='./data/RQ5/javascript_300_1', no_cuda=False, visible_gpu='0', num_train_epochs=10, num_test_epochs=1, train_batch_size=4, eval_batch_size=2, gradient_accumulation_steps=1, load_model_path=None, config_name='', tokenizer_name='', max_source_length=512, max_target_length=512, warm_up_ratio=0.1, do_train=True, do_eval=True, do_test=True, freeze=False, learning_rate=5e-05, beam_size=10, weight_decay=0.0, adam_epsilon=1e-08, local_rank=-1, seed=42, early_stop_threshold=3)
Process rank: -1, device: cuda, n_gpu: 1, distributed training: False
Model created!!
[[{'text': "element: $(this).data('element')      }).css({left: framePosition.left+position.left+$(this).outerWidth()+parseInt($(this).css('margin-left'))-40, top: topPos}).show();", 'loss_ids': 0, 'shortenable_ids': 1}, {'text': '<mask>', 'loss_ids': 1, 'shortenable_ids': 0}, {'text': '', 'loss_ids': 0, 'shortenable_ids': 0}], {'guid': 0, 'tgt_text': "element: $(this).data('element')      }).css({left: framePosition.left+position.left+parseInt($(this).css('margin-left'))+10, top: topPos}).show();"}]
***** Running training *****
  Num examples = 300
  Batch size = 4
  Num epoch = 10

***** Running evaluation *****
  Num examples = 100
  Batch size = 2
  epoch = 0
  eval_ppl = inf
  global_step = 76
  train_loss = 18.8727
  ********************
Previous best ppl:inf
Achieve Best ppl:inf
  ********************
BLEU file: ./data/RQ5/javascript_300_1/validation.jsonl
  codebleu-4 = 66.77 	 Previous best codebleu 0
  ********************
 Achieve Best bleu:66.77
  ********************

***** Running evaluation *****
  Num examples = 100
  Batch size = 2
  epoch = 1
  eval_ppl = inf
  global_step = 151
  train_loss = 7.6028
  ********************
Previous best ppl:inf
Achieve Best ppl:inf
  ********************
BLEU file: ./data/RQ5/javascript_300_1/validation.jsonl
  codebleu-4 = 67.59 	 Previous best codebleu 66.77
  ********************
 Achieve Best bleu:67.59
  ********************

***** Running evaluation *****
  Num examples = 100
  Batch size = 2
  epoch = 2
  eval_ppl = inf
  global_step = 226
  train_loss = 3.6218
  ********************
Previous best ppl:inf
Achieve Best ppl:inf
  ********************
BLEU file: ./data/RQ5/javascript_300_1/validation.jsonl
  codebleu-4 = 65.63 	 Previous best codebleu 67.59
  ********************

***** Running evaluation *****
  Num examples = 100
  Batch size = 2
  epoch = 3
  eval_ppl = inf
  global_step = 301
  train_loss = 2.0518
  ********************
Previous best ppl:inf
BLEU file: ./data/RQ5/javascript_300_1/validation.jsonl
  codebleu-4 = 66.08 	 Previous best codebleu 67.59
  ********************

***** Running evaluation *****
  Num examples = 100
  Batch size = 2
  epoch = 4
  eval_ppl = inf
  global_step = 376
  train_loss = 1.2596
  ********************
Previous best ppl:inf
BLEU file: ./data/RQ5/javascript_300_1/validation.jsonl
  codebleu-4 = 68.25 	 Previous best codebleu 67.59
  ********************
 Achieve Best bleu:68.25
  ********************

***** Running evaluation *****
  Num examples = 100
  Batch size = 2
  epoch = 5
  eval_ppl = inf
  global_step = 451
  train_loss = 1.0389
  ********************
Previous best ppl:inf
BLEU file: ./data/RQ5/javascript_300_1/validation.jsonl
  codebleu-4 = 68.34 	 Previous best codebleu 68.25
  ********************
 Achieve Best bleu:68.34
  ********************

***** Running evaluation *****
  Num examples = 100
  Batch size = 2
  epoch = 6
  eval_ppl = inf
  global_step = 526
  train_loss = 0.4199
  ********************
Previous best ppl:inf
BLEU file: ./data/RQ5/javascript_300_1/validation.jsonl
  codebleu-4 = 68.2 	 Previous best codebleu 68.34
  ********************

***** Running evaluation *****
  Num examples = 100
  Batch size = 2
  epoch = 7
  eval_ppl = inf
  global_step = 601
  train_loss = 0.1807
  ********************
Previous best ppl:inf
BLEU file: ./data/RQ5/javascript_300_1/validation.jsonl
  codebleu-4 = 69.51 	 Previous best codebleu 68.34
  ********************
 Achieve Best bleu:69.51
  ********************

***** Running evaluation *****
  Num examples = 100
  Batch size = 2
  epoch = 8
  eval_ppl = inf
  global_step = 676
  train_loss = 0.1581
  ********************
Previous best ppl:inf
BLEU file: ./data/RQ5/javascript_300_1/validation.jsonl
  codebleu-4 = 69.84 	 Previous best codebleu 69.51
  ********************
 Achieve Best bleu:69.84
  ********************

***** Running evaluation *****
  Num examples = 100
  Batch size = 2
  epoch = 9
  eval_ppl = inf
  global_step = 751
  train_loss = 0.1241
  ********************
Previous best ppl:inf
BLEU file: ./data/RQ5/javascript_300_1/validation.jsonl
  codebleu-4 = 69.54 	 Previous best codebleu 69.84
  ********************
reload model from RQ5/javascript_300/soft0_1_codet5p_770m/checkpoint-best-bleu
BLEU file: ./data/RQ5/javascript_300_1/test.jsonl
  codebleu = 62.87 
  Total = 500 
  Exact Fixed = 82 
[8, 9, 26, 30, 35, 38, 40, 42, 50, 51, 60, 61, 78, 83, 96, 98, 104, 108, 112, 113, 121, 122, 129, 133, 134, 136, 142, 151, 152, 168, 176, 178, 189, 192, 209, 211, 219, 220, 227, 236, 249, 255, 270, 271, 278, 280, 294, 299, 313, 314, 317, 322, 323, 336, 341, 345, 356, 367, 383, 387, 393, 394, 405, 406, 409, 412, 429, 431, 434, 435, 437, 449, 453, 454, 457, 471, 477, 481, 495, 497, 499, 500]
  Syntax Fixed = 6 
[238, 301, 311, 373, 402, 410]
  Cleaned Fixed = 3 
[232, 328, 419]
  ********************
  Total = 500 
  Exact Fixed = 82 
[8, 9, 26, 30, 35, 38, 40, 42, 50, 51, 60, 61, 78, 83, 96, 98, 104, 108, 112, 113, 121, 122, 129, 133, 134, 136, 142, 151, 152, 168, 176, 178, 189, 192, 209, 211, 219, 220, 227, 236, 249, 255, 270, 271, 278, 280, 294, 299, 313, 314, 317, 322, 323, 336, 341, 345, 356, 367, 383, 387, 393, 394, 405, 406, 409, 412, 429, 431, 434, 435, 437, 449, 453, 454, 457, 471, 477, 481, 495, 497, 499, 500]
  Syntax Fixed = 6 
[238, 301, 311, 373, 402, 410]
  Cleaned Fixed = 3 
[232, 328, 419]
  codebleu = 62.87 
[0.737896877118873, 0.6919266365055134, 0.4499615708051955, 0.6896475098120338, 0.08436692013296332, 0.29191700530620573, 0.6863884298635612, 1.0, 1.0, 0.4696724306281599, 0.8955980328281301, 0.19999999999999998, 0.25255157651202054, 0.6329739871337788, 0.5408401405239117, 0.6452148813321528, 0.5631372993900048, 0.5662984292707594, 0.6999869460695018, 0.6448598858735686, 0.5859093904359416, 0.28178507258525926, 0.8708250323025346, 0.7158229243802021, 0.49038145152466306, 0.8249365300761395, 0.8597766350872547, 0.396349572956634, 0.6508081453961951, 0.7230619919314705, 0.8494413741851621, 0.4340764315695067, 0.41257809817415425, 0.8570961003195992, 0.8114529051148651, 0.4689105213531528, 0.8017397827309225, 0.9891483218006352, 0.3340047425620204, 0.9891483218006352, 0.8573464528613979, 1.0, 0.700590168990773, 0.7413033438528566, 0.6332527923879377, 0.5840890027445279, 0.8252074160406009, 0.34330598210709545, 0.3053502366259113, 0.6574138233688298, 1.0, 0.805453099521674, 0.54745080229273, 0.5264886858900315, 0.3533755248262469, 0.5465085296294044, 0.225226036889931, 0.5338054518326395, 0.712432895242584, 1.0, 1.0, 0.20296697618476528, 0.7418700780523083, 0.8321296454239947, 0.7158229243802021, 0.7076923076923076, 0.5743280205426342, 0.6983338153069474, 0.3992286298565113, 0.9616979821237088, 0.6847482616910893, 0.6551486585921227, 0.714297617187952, 0.37016971107762675, 0.6445931574752105, 0.6536911179244789, 0.5069117835177426, 1.0, 0.1495352051294258, 0.5859093904359416, 0.7834298712141025, 0.6437891886634581, 1.0, 0.4054183564853334, 0.20613487118166404, 0.7065485068370296, 0.48211004236477467, 0.43391990509709355, 0.6105000222446973, 0.32068471884885774, 0.06, 0.5021287494162977, 0.5793435451110831, 0.5909395885250581, 0.7296595952751499, 1.0, 0.6980472624402649, 1.0, 0.8899929854363868, 0.30265417575770365, 0.48151833528931587, 0.7819827494849558, 0.5627200451626766, 0.2578010511749925, 0.7418506489774956, 0.8044054053869931, 0.5670081631742787, 1.0, 0.6755568064749966, 0.8096354401872717, 0.5532136440138307, 1.0, 0.7135428903906851, 0.714297617187952, 0.902887748772268, 0.8494781978987964, 0.5418035126585234, 0.9441518237028776, 0.842133818192679, 0.510980970646246, 1.0, 1.0, 0.4470581748828688, 0.36217875471464306, 0.6544375845878311, 0.9491673847910091, 0.2974610638433307, 0.5959813808622627, 1.0, 0.6618503204869636, 0.14224981392389122, 0.6269940846421196, 1.0, 1.0, 0.35530827434360257, 1.0, 0.19348034809444703, 0.7308835793300246, 0.5478601768024036, 0.5648527106789475, 0.5243381867290794, 0.9225934589608529, 0.6958728927330549, 0.7014499169499973, 0.6753600779398393, 0.6086737860987872, 0.3240905446161769, 0.3947861840279352, 0.6785176006224589, 0.8313560704120448, 0.9891483218006352, 1.0, 0.2933192603414, 0.526797617187952, 0.5945178483041882, 0.2820726007169281, 0.902700490932961, 0.5865265109839976, 0.21170458518859758, 0.4638247163063489, 0.3237137861332759, 0.49358204019464635, 0.773553137645282, 0.14417647429169284, 0.48624193424630757, 0.4970818198712149, 0.5907915119421392, 1.0, 0.3544908721645896, 0.8020311540826717, 0.7860594922037922, 0.5071242045484599, 0.8991129363138861, 0.561267769761279, 0.5441070669348561, 0.9104757374009316, 0.573808526265082, 1.0, 0.45508310949075587, 0.5279905343601452, 0.6051294155160957, 0.19035071477803323, 0.9396769988489013, 0.10758390671207611, 0.5507915119421392, 0.6970198862562978, 0.401706244308338, 0.5382841518266749, 1.0, 0.7513670487950274, 0.5195445329739118, 1.0, 0.5502219837742093, 0.7760635686431293, 0.6887796716807859, 0.8257887556015677, 0.7504004004704901, 0.3382249347069631, 0.7014995993790445, 0.6357741351064675, 0.6057649027320717, 0.6965834056802387, 0.5542777815027289, 0.6751705176140901, 0.8648103351245982, 0.6541638095846267, 0.7158229243802021, 0.6887796716807859, 0.8503143105742339, 0.642842712474619, 1.0, 0.853251435829042, 0.06552572456572223, 0.2600677332832448, 0.4526433722224008, 0.56369994186322, 0.42298084314536705, 0.6512223502463547, 1.0, 1.0, 0.5691230775634993, 0.58189415539785, 0.25704272418535706, 0.5761697895341449, 0.4845182644937875, 0.46904473191093105, 1.0, 0.6030011940352838, 0.07195561498007304, 0.4455903592369812, 0.2586660807100327, 0.9036307963613739, 0.5537998353931795, 0.9105639359235915, 0.3508081453961951, 1.0, 0.9142445273649933, 0.9039342742606371, 0.46053348630208313, 0.636964721661222, 0.7404979526305213, 0.802713932743754, 0.3373940575497127, 0.27558314725722455, 0.4453710621987834, 0.7964886858900315, 0.7158229243802021, 0.4920742135995943, 1.0, 0.8576593989567298, 0.7844545081984879, 0.15997084006767517, 0.17107118515962755, 0.766682914692771, 1.0, 0.2379911542742785, 0.5918918918918918, 0.6431303389366008, 0.9141000841539659, 0.3665582680402964, 0.23669321919655517, 0.7128846573714568, 0.7511200104643803, 0.8827895563342798, 0.893803854707065, 0.7127774792622994, 0.8149760688446992, 0.7850118660511431, 0.5347428106038496, 1.0, 1.0, 0.7604979526305213, 0.66801956172107, 0.6509106257652548, 0.776554029901346, 0.4339213351685698, 0.778785113836511, 1.0, 0.8008467617900312, 0.8114529051148651, 0.11666737327895797, 0.9542333350628116, 0.4903510788203176, 0.47711560659055585, 0.11582292438020222, 0.7517070403538422, 0.7545909332472028, 0.5822109370915456, 0.551080793943544, 0.5297456184135666, 0.10588235294117647, 0.8319390869638097, 0.4667127418271009, 1.0, 0.0, 0.7451974543165035, 0.8387796716807858, 0.8605034785592621, 1.0, 0.8276851859011425, 0.9211131842675646, 0.512283842723568, 0.6866411249144649, 0.6868474083243508, 0.0, 0.7678525946438988, 0.7301961448188755, 0.3807256007926331, 0.5194637253863024, 0.5473931270915493, 0.9176675865658077, 0.41145898320123175, 0.9891483218006352, 0.9344568326950196, 0.85, 0.4969617815012778, 0.8923725673979319, 0.6259403648918203, 0.08233507301898058, 0.32641839065175154, 0.8387796716807858, 1.0, 0.7135428903906851, 0.5955228401133971, 0.6730908208928771, 0.7642174218152427, 0.7559248443027689, 0.6119613551150405, 0.8293834337892512, 0.48275794232794217, 0.36340937764965686, 0.0, 0.5261072559244404, 0.714297617187952, 0.5326080313569397, 1.0, 0.30831848424488534, 0.6953602200025533, 0.5780365272269377, 0.1759424130312673, 0.9891483218006352, 0.5484186395207964, 0.9299711370778252, 0.9225934589608529, 1.0, 0.6124534511066881, 0.6160391794642067, 0.5620716073727803, 0.5723805997736635, 0.8176593989567298, 0.5969803377115616, 0.7170015046833873, 0.639674617514176, 0.6570865573743658, 0.64272438732935, 0.8249365300761395, 0.5674961219905689, 0.5652258471820361, 0.5307707065593111, 0.515257901063438, 0.008694754573109073, 0.557719307720078, 0.41807263856718657, 0.808221529667446, 0.847720542227226, 0.40289299814414176, 1.0, 0.49645325073350843, 0.5084860493864025, 0.4787581945893852, 0.3490403912695087, 0.2627166511815171, 0.9469728550743763, 0.32340833096900673, 0.602007580723576, 0.12, 0.9701564725523897, 0.7504004004704901, 0.006084152368928011, 0.7431351738566481, 0.20461833748586147, 0.4485076345142902, 0.8249365300761395, 0.447298452667235, 0.6204339005632913, 0.5578607431385983, 0.8778769644385496, 0.3508081453961951, 0.7285380935292984, 0.604739134738433, 0.2088017714661632, 0.7210658705890922, 0.7661179464121555, 1.0, 0.7353746106262073, 0.4777601556679766, 0.32727041401362855, 0.5783036814100584, 0.8223873319410013, 0.24378163713839862, 0.1650567204976689, 0.7970182644937875, 0.4039114800507836, 0.10348801095303897, 1.0, 1.0, 0.3494709443822571, 0.31977476369658997, 1.0, 0.9059642451028274, 0.8403116829613333, 0.7824888488263595, 0.04535576197454044, 0.6863884298635612, 0.47875874704124055, 0.5309537492920497, 0.801169789534145, 0.32557251275615134, 0.6285117129535003, 0.6969200459659592, 0.3889379432495441, 0.05540387552681966, 0.030390470936082048, 0.4664355844276247, 0.8601527033303111, 0.7300656691761418, 0.3275887968144088, 0.6559327101364547, 0.9891483218006352, 0.6626791769304377, 1.0, 0.6567389877523072, 0.7852451152245079, 0.9891483218006352, 1.0, 0.7070852848948237, 1.0, 0.8362062829761001, 0.8348591893331347, 0.6120862230985752, 0.7477655797954694, 0.5340904181983158, 0.25311193401315524, 0.3502278939890302, 0.307730249353226, 0.5602292424946693, 0.39478364465107074, 0.7498018405233149, 1.0, 0.35624947398505524, 0.3652331461343674, 0.822378125936329, 1.0, 1.0, 0.0857142857142857, 0.44218427593882464, 1.0, 0.7420554014474346, 0.5489718220056494, 0.45473913473843297, 0.05892857142857143, 0.662775442898248, 0.9024101654079206, 0.5510585507100338, 0.4062652820919249, 0.36905601805001587, 0.436239496021231, 0.7340398687371076, 0.9495565333799167, 0.33274168824131195, 0.7708783243423232, 0.40137247882087534, 0.5053217786714403, 0.7224171275474598, 0.7366289756845221, 0.6586275761728796, 1.0, 0.2382915953335315, 0.8284014931855896, 0.4878372832477157, 0.9891483218006352, 0.39675296426202156, 0.9039342742606371, 0.7115187153144993, 0.7888424084106092, 0.31237328339586123, 0.8165273869902545, 0.24090702262082825, 0.8255980153481091, 0.25016079085323406, 0.5644129773172782, 0.537247623665976, 0.6574634481857526, 0.5744100321686132, 1.0, 0.45759530908884194, 0.9891483218006352, 0.6222244648066615, 1.0, 1.0]
Finish training and take 32m
