Namespace(log_name='./RQ5/javascript_300/soft0_3_codet5p_770m.log', model_name='Salesforce/codet5p-770m', lang='javascript', output_dir='RQ5/javascript_300/soft0_3_codet5p_770m', data_dir='./data/RQ5/javascript_300_3', no_cuda=False, visible_gpu='0', num_train_epochs=10, num_test_epochs=1, train_batch_size=4, eval_batch_size=2, gradient_accumulation_steps=1, load_model_path=None, config_name='', tokenizer_name='', max_source_length=512, max_target_length=512, warm_up_ratio=0.1, do_train=True, do_eval=True, do_test=True, freeze=False, learning_rate=5e-05, beam_size=10, weight_decay=0.0, adam_epsilon=1e-08, local_rank=-1, seed=42, early_stop_threshold=3)
Process rank: -1, device: cuda, n_gpu: 1, distributed training: False
Model created!!
[[{'text': 'return value1.toDateString() === field.toDateString();           break;         case this.OPERATORS.dateOperatorIsNotOn:', 'loss_ids': 0, 'shortenable_ids': 1}, {'text': '<mask>', 'loss_ids': 1, 'shortenable_ids': 0}, {'text': '', 'loss_ids': 0, 'shortenable_ids': 0}], {'guid': 0, 'tgt_text': 'return value1.toDateString() === field.toDateString();         case this.OPERATORS.dateOperatorIsNotOn:'}]
***** Running training *****
  Num examples = 300
  Batch size = 4
  Num epoch = 10

***** Running evaluation *****
  Num examples = 100
  Batch size = 2
  epoch = 0
  eval_ppl = inf
  global_step = 76
  train_loss = 21.4885
  ********************
Previous best ppl:inf
Achieve Best ppl:inf
  ********************
BLEU file: ./data/RQ5/javascript_300_3/validation.jsonl
  codebleu-4 = 62.16 	 Previous best codebleu 0
  ********************
 Achieve Best bleu:62.16
  ********************

***** Running evaluation *****
  Num examples = 100
  Batch size = 2
  epoch = 1
  eval_ppl = inf
  global_step = 151
  train_loss = 8.6468
  ********************
Previous best ppl:inf
BLEU file: ./data/RQ5/javascript_300_3/validation.jsonl
  codebleu-4 = 64.45 	 Previous best codebleu 62.16
  ********************
 Achieve Best bleu:64.45
  ********************

***** Running evaluation *****
  Num examples = 100
  Batch size = 2
  epoch = 2
  eval_ppl = inf
  global_step = 226
  train_loss = 3.5579
  ********************
Previous best ppl:inf
BLEU file: ./data/RQ5/javascript_300_3/validation.jsonl
  codebleu-4 = 64.11 	 Previous best codebleu 64.45
  ********************

***** Running evaluation *****
  Num examples = 100
  Batch size = 2
  epoch = 3
  eval_ppl = inf
  global_step = 301
  train_loss = 2.0554
  ********************
Previous best ppl:inf
BLEU file: ./data/RQ5/javascript_300_3/validation.jsonl
  codebleu-4 = 66.37 	 Previous best codebleu 64.45
  ********************
 Achieve Best bleu:66.37
  ********************

***** Running evaluation *****
  Num examples = 100
  Batch size = 2
  epoch = 4
  eval_ppl = inf
  global_step = 376
  train_loss = 1.2464
  ********************
Previous best ppl:inf
BLEU file: ./data/RQ5/javascript_300_3/validation.jsonl
  codebleu-4 = 65.55 	 Previous best codebleu 66.37
  ********************

***** Running evaluation *****
  Num examples = 100
  Batch size = 2
  epoch = 5
  eval_ppl = inf
  global_step = 451
  train_loss = 0.8812
  ********************
Previous best ppl:inf
BLEU file: ./data/RQ5/javascript_300_3/validation.jsonl
  codebleu-4 = 66.47 	 Previous best codebleu 66.37
  ********************
 Achieve Best bleu:66.47
  ********************

***** Running evaluation *****
  Num examples = 100
  Batch size = 2
  epoch = 6
  eval_ppl = inf
  global_step = 526
  train_loss = 0.4687
  ********************
Previous best ppl:inf
BLEU file: ./data/RQ5/javascript_300_3/validation.jsonl
  codebleu-4 = 65.82 	 Previous best codebleu 66.47
  ********************

***** Running evaluation *****
  Num examples = 100
  Batch size = 2
  epoch = 7
  eval_ppl = inf
  global_step = 601
  train_loss = 0.2116
  ********************
Previous best ppl:inf
BLEU file: ./data/RQ5/javascript_300_3/validation.jsonl
  codebleu-4 = 66.49 	 Previous best codebleu 66.47
  ********************
 Achieve Best bleu:66.49
  ********************

***** Running evaluation *****
  Num examples = 100
  Batch size = 2
  epoch = 8
  eval_ppl = inf
  global_step = 676
  train_loss = 0.1242
  ********************
Previous best ppl:inf
BLEU file: ./data/RQ5/javascript_300_3/validation.jsonl
  codebleu-4 = 66.49 	 Previous best codebleu 66.49
  ********************

***** Running evaluation *****
  Num examples = 100
  Batch size = 2
  epoch = 9
  eval_ppl = inf
  global_step = 751
  train_loss = 0.1191
  ********************
Previous best ppl:inf
BLEU file: ./data/RQ5/javascript_300_3/validation.jsonl
  codebleu-4 = 65.88 	 Previous best codebleu 66.49
  ********************
reload model from RQ5/javascript_300/soft0_3_codet5p_770m/checkpoint-best-bleu
BLEU file: ./data/RQ5/javascript_300_3/test.jsonl
  codebleu = 61.51 
  Total = 500 
  Exact Fixed = 66 
[25, 26, 30, 38, 69, 78, 84, 90, 96, 104, 110, 112, 122, 133, 142, 152, 163, 165, 168, 174, 176, 178, 192, 195, 202, 204, 208, 212, 220, 227, 230, 241, 249, 262, 270, 275, 294, 317, 322, 341, 353, 356, 359, 367, 383, 387, 390, 393, 394, 405, 406, 409, 412, 415, 429, 431, 437, 453, 454, 456, 477, 493, 497, 498, 499, 500]
  Syntax Fixed = 2 
[402, 410]
  Cleaned Fixed = 4 
[109, 151, 170, 311]
  ********************
  Total = 500 
  Exact Fixed = 66 
[25, 26, 30, 38, 69, 78, 84, 90, 96, 104, 110, 112, 122, 133, 142, 152, 163, 165, 168, 174, 176, 178, 192, 195, 202, 204, 208, 212, 220, 227, 230, 241, 249, 262, 270, 275, 294, 317, 322, 341, 353, 356, 359, 367, 383, 387, 390, 393, 394, 405, 406, 409, 412, 415, 429, 431, 437, 453, 454, 456, 477, 493, 497, 498, 499, 500]
  Syntax Fixed = 2 
[402, 410]
  Cleaned Fixed = 4 
[109, 151, 170, 311]
  codebleu = 61.51 
[0.737896877118873, 0.6919266365055134, 0.5654473178899494, 0.6896475098120338, 0.08436692013296332, 0.3114330635523529, 0.6530550965302279, 0.6295229742923897, 0.4710415764965261, 0.591516286342532, 0.8955980328281301, 0.8696847134058581, 0.25255157651202054, 0.6329739871337788, 0.5408401405239117, 0.6452148813321528, 0.5631372993900048, 0.6057649027320717, 0.0, 0.6448598858735686, 0.6932392371225049, 0.28178507258525926, 0.8708250323025346, 0.7158229243802021, 1.0, 0.8249365300761395, 0.8597766350872547, 0.396349572956634, 0.6508081453961951, 0.7230619919314705, 0.8494413741851621, 0.4340764315695067, 0.46977660810833616, 0.8570961003195992, 0.5570177454869844, 0.5696431220857536, 0.7191441569283882, 0.9891483218006352, 0.3340047425620204, 0.634739134738433, 0.8573464528613979, 0.8292906179772745, 0.700590168990773, 0.7413033438528566, 0.6332527923879377, 0.6082742323311118, 0.8252074160406009, 0.8178607431385985, 0.3053502366259113, 0.6574138233688298, 0.7276623491927838, 0.805453099521674, 0.5217365165784443, 0.5264886858900315, 0.28057251275615136, 0.5695939886293169, 0.13333333333333333, 0.5338054518326395, 0.712432895242584, 0.6580241834790774, 0.7261697895341449, 0.3073845579553403, 0.6420978076980255, 0.8321296454239947, 0.7158229243802021, 0.7076923076923076, 0.5523111044570903, 0.6983338153069474, 0.8249365300761395, 0.8678717513910372, 0.6847482616910893, 0.6551486585921227, 0.714297617187952, 0.37016971107762675, 0.6445931574752105, 0.13846153846153847, 0.5069117835177426, 1.0, 0.1641403292678506, 0.6932392371225049, 0.7834298712141025, 0.7321559547624175, 0.5637946891611503, 0.9891483218006352, 0.20613487118166404, 0.7065485068370296, 0.6009946872093008, 0.6835430324496997, 0.47996086480687705, 1.0, 0.06, 0.5021287494162977, 0.6634851514052944, 0.6492633713864637, 0.7298304277609075, 1.0, 0.6980472624402649, 0.636116060033499, 0.8899929854363868, 0.26656694541715786, 0.2799449403593628, 0.7819827494849558, 0.5627200451626766, 0.2578010511749925, 0.7418506489774956, 0.8044054053869931, 0.5670081631742787, 0.5102043912123392, 0.8521347462244511, 1.0, 0.5532136440138307, 1.0, 0.48065521764595154, 0.714297617187952, 0.902887748772268, 0.8494781978987964, 0.5418035126585234, 0.9441518237028776, 0.842133818192679, 0.510980970646246, 0.7522712571363831, 1.0, 0.4470581748828688, 0.28515328647075866, 0.6333686850411269, 0.9491673847910091, 0.2974610638433307, 0.5959813808622627, 0.6996372991605209, 0.6618503204869636, 0.14224981392389122, 0.6135730320105406, 1.0, 0.7592325450376052, 0.33543211273432083, 0.8320918361298167, 0.19348034809444703, 0.7308835793300246, 0.5478601768024036, 0.42430386249654006, 0.5243381867290794, 0.9225934589608529, 0.5801818521647867, 0.5401072501642161, 0.6753600779398393, 0.6086737860987872, 0.3240905446161769, 0.3947861840279352, 0.6785176006224589, 0.8313560704120448, 0.8145082176095655, 1.0, 0.2933192603414, 0.526797617187952, 0.5649063628096855, 0.4292164257980392, 0.902700490932961, 0.5865265109839976, 0.21170458518859758, 0.23049138297301558, 0.29157092899041875, 0.3545760710726222, 1.0, 0.15189466770624754, 1.0, 0.4970818198712149, 0.5907915119421392, 1.0, 0.3544908721645896, 0.6577359353975811, 0.7860594922037922, 0.45241016540792056, 0.8991129363138861, 1.0, 0.8554801314533595, 0.9104757374009316, 0.573808526265082, 1.0, 0.45508310949075587, 0.5230715783746728, 0.6051294155160957, 0.19035071477803323, 0.9396769988489013, 0.10758390671207611, 0.5507915119421392, 0.5860591782481038, 0.401706244308338, 0.5382841518266749, 0.7451384298635613, 0.7513670487950274, 0.49454453297391177, 1.0, 0.5293552443498337, 0.6377108948961138, 1.0, 0.8257887556015677, 0.7504004004704901, 0.3382249347069631, 0.7014995993790445, 0.6357741351064675, 0.6057649027320717, 1.0, 0.5592777815027289, 1.0, 0.8648103351245982, 0.7803034446230322, 0.6158229243802023, 1.0, 0.6724062327149246, 0.642842712474619, 0.8824709043482357, 0.8480747380382081, 0.06552572456572223, 0.2600677332832448, 0.7190907364295069, 0.56369994186322, 0.30462621654037875, 0.5068190760108089, 0.8304054224244419, 1.0, 0.5937898552968179, 0.58189415539785, 0.25704272418535706, 0.4687131054697118, 0.4845182644937875, 0.46904473191093105, 1.0, 0.6030011940352838, 0.6642742735155721, 1.0, 0.6893858380618342, 0.4965079112765962, 0.5537998353931795, 0.9105639359235915, 0.3508081453961951, 0.396838405481522, 0.9142445273649933, 0.6765950349550134, 0.46053348630208313, 0.636964721661222, 1.0, 0.802713932743754, 0.3373940575497127, 0.27558314725722455, 0.4453710621987834, 0.8877459225855626, 0.7158229243802021, 0.4920742135995943, 1.0, 0.8576593989567298, 0.7844545081984879, 0.15997084006767517, 0.20866354767478065, 0.766682914692771, 0.6748885220437988, 0.2379911542742785, 0.4118819918812901, 0.6431303389366008, 0.7591790791391035, 0.3665582680402964, 0.23669321919655517, 1.0, 0.7511200104643803, 0.8827895563342798, 0.893803854707065, 0.7127774792622994, 0.8149760688446992, 0.7850118660511431, 0.5347428106038496, 1.0, 0.6932392371225049, 0.7604979526305213, 0.66801956172107, 0.6509106257652548, 1.0, 0.48392133516856983, 0.778785113836511, 0.33036017439379955, 0.8008467617900312, 0.1314794487481174, 0.11666737327895797, 0.9542333350628116, 0.4903510788203176, 0.6903478637642433, 0.11582292438020222, 0.7517070403538422, 0.8496006392880524, 0.5822109370915456, 0.551080793943544, 0.8161547359011423, 0.10588235294117647, 0.8319390869638097, 0.4667127418271009, 1.0, 0.0, 0.7451974543165035, 0.8387796716807858, 0.7602608097855714, 0.6742654297681573, 0.8276851859011425, 0.45471804708476143, 0.512283842723568, 0.6866411249144649, 0.6868474083243508, 0.09999999999999999, 0.7678525946438988, 0.7301961448188755, 0.3807256007926331, 0.5194637253863024, 0.6731716191316424, 0.8725356837831622, 0.41145898320123175, 0.634739134738433, 0.5488628862515236, 0.85, 0.4969617815012778, 0.8923725673979319, 0.6259403648918203, 0.08152573352530099, 0.32641839065175154, 0.8387796716807858, 1.0, 0.5992019158206943, 0.5915348869911682, 0.5339102500446592, 0.7642174218152427, 0.8083325080431145, 0.5981716191316424, 0.8293834337892512, 0.48275794232794217, 0.3361519735310733, 0.0, 0.5261072559244404, 0.714297617187952, 0.5326080313569397, 0.7125108877355164, 0.6285117129535003, 0.6578602200025533, 0.5780365272269377, 0.1759424130312673, 0.9891483218006352, 0.5274799788295772, 0.9299711370778252, 0.9225934589608529, 0.4905278186463043, 0.5674364496822819, 0.6160391794642067, 0.45216984169799934, 0.6630804239841512, 0.8176593989567298, 0.5969803377115616, 0.7170015046833873, 1.0, 0.5129202997632146, 0.0, 0.8249365300761395, 0.5674961219905689, 0.23981808679604116, 1.0, 0.515257901063438, 0.008694754573109073, 0.606514780687814, 0.41807263856718657, 0.808221529667446, 0.45809271739843455, 0.39606856837889304, 1.0, 0.45076591901650565, 0.5647785789898024, 0.36587342440580645, 0.3490403912695087, 0.2627166511815171, 0.5228832644008625, 0.32340833096900673, 0.602007580723576, 0.12, 0.9701564725523897, 0.7504004004704901, 0.0035670026709032432, 0.7431351738566481, 0.21298378962768938, 0.47970164197456494, 0.8249365300761395, 0.447298452667235, 0.6204339005632913, 0.5578607431385983, 0.8778769644385496, 0.3508081453961951, 0.7285380935292984, 0.9891483218006352, 0.2088017714661632, 0.7210658705890922, 0.7661179464121555, 1.0, 0.7353746106262073, 0.4777601556679766, 0.5520426724633445, 0.8651650731090275, 0.8223873319410013, 0.24378163713839862, 0.1650567204976689, 0.7970182644937875, 0.4039114800507836, 0.10348801095303897, 1.0, 1.0, 0.3494709443822571, 0.31977476369658997, 1.0, 0.9059642451028274, 0.30683549826065437, 0.7824888488263595, 0.04535576197454044, 0.6530550965302279, 1.0, 0.5309537492920497, 0.801169789534145, 0.29684740832435075, 0.554739134738433, 0.9437985500759485, 0.3889379432495441, 0.05540387552681966, 0.030390470936082048, 0.4664355844276247, 0.8601527033303111, 0.7300656691761418, 0.3275887968144088, 0.6559327101364547, 0.9891483218006352, 0.5712881297172863, 1.0, 0.6567389877523072, 0.7852451152245079, 0.654739134738433, 0.6476309505212854, 0.6670852848948238, 1.0, 0.5183948774761657, 0.743345352381902, 0.503564603053851, 0.7477655797954694, 0.5528265488737891, 0.25311193401315524, 0.3502278939890302, 0.307730249353226, 0.7040321472003551, 0.39478364465107074, 0.7498018405233149, 0.6310308074685265, 0.35624947398505524, 0.255903071453633, 0.822378125936329, 1.0, 1.0, 0.0857142857142857, 1.0, 0.5045234828882075, 0.7420554014474346, 0.6686145203178383, 0.45473913473843297, 0.06060606060606061, 0.662775442898248, 0.9024101654079206, 0.5510585507100338, 0.46575232448771275, 0.36905601805001587, 0.4616760548423344, 0.7340398687371076, 0.9495565333799167, 0.33274168824131195, 0.3697064465756035, 0.4121831032184268, 0.5486780060731714, 0.7224171275474598, 0.5031078140108968, 0.6586275761728796, 1.0, 0.2382915953335315, 0.8502367699851867, 0.4878372832477157, 0.6585117129535003, 0.39675296426202156, 0.9039342742606371, 0.7115187153144993, 0.7888424084106092, 0.31237328339586123, 0.8165273869902545, 0.24090702262082825, 0.514792211949682, 0.25016079085323406, 0.40650495246497576, 0.537247623665976, 1.0, 0.5744100321686132, 0.5779045553295564, 0.45759530908884194, 0.9891483218006352, 1.0, 1.0, 1.0]
Finish training and take 32m
