Namespace(log_name='./RQ5/javascript_300/soft7_1_codet5p_770m.log', model_name='Salesforce/codet5p-770m', lang='javascript', output_dir='RQ5/javascript_300/soft7_1_codet5p_770m', data_dir='./data/RQ5/javascript_300_1', no_cuda=False, visible_gpu='0', num_train_epochs=10, num_test_epochs=1, train_batch_size=4, eval_batch_size=2, gradient_accumulation_steps=1, load_model_path=None, config_name='', tokenizer_name='', max_source_length=512, max_target_length=512, warm_up_ratio=0.1, do_train=True, do_eval=True, do_test=True, freeze=False, learning_rate=5e-05, beam_size=10, weight_decay=0.0, adam_epsilon=1e-08, local_rank=-1, seed=42, early_stop_threshold=3)
Process rank: -1, device: cuda, n_gpu: 1, distributed training: False
Model created!!
Namespace(log_name='./RQ5/javascript_300/soft7_1_codet5p_770m.log', model_name='Salesforce/codet5p-770m', lang='javascript', output_dir='RQ5/javascript_300/soft7_1_codet5p_770m', data_dir='./data/RQ5/javascript_300_1', no_cuda=False, visible_gpu='0', num_train_epochs=10, num_test_epochs=1, train_batch_size=4, eval_batch_size=2, gradient_accumulation_steps=1, load_model_path=None, config_name='', tokenizer_name='', max_source_length=512, max_target_length=512, warm_up_ratio=0.1, do_train=True, do_eval=True, do_test=True, freeze=False, learning_rate=5e-05, beam_size=10, weight_decay=0.0, adam_epsilon=1e-08, local_rank=-1, seed=42, early_stop_threshold=3)
Process rank: -1, device: cuda, n_gpu: 1, distributed training: False
Model created!!
[[{'text': '', 'loss_ids': 0, 'shortenable_ids': 0}, {'text': " element: $(this).data('element')      }).css({left: framePosition.left+position.left+$(this).outerWidth()+parseInt($(this).css('margin-left'))-40, top: topPos}).show();", 'loss_ids': 0, 'shortenable_ids': 1}, {'text': '', 'loss_ids': 0, 'shortenable_ids': 0}, {'text': ' no-invalid-this', 'loss_ids': 0, 'shortenable_ids': 0}, {'text': '.', 'loss_ids': 0, 'shortenable_ids': 0}, {'text': '<mask>', 'loss_ids': 1, 'shortenable_ids': 0}, {'text': '', 'loss_ids': 0, 'shortenable_ids': 0}], {'guid': 0, 'tgt_text': "element: $(this).data('element')      }).css({left: framePosition.left+position.left+parseInt($(this).css('margin-left'))+10, top: topPos}).show();"}]
***** Running training *****
  Num examples = 300
  Batch size = 4
  Num epoch = 10
Namespace(log_name='./RQ5/javascript_300/soft7_1_codet5p_770m.log', model_name='Salesforce/codet5p-770m', lang='javascript', output_dir='RQ5/javascript_300/soft7_1_codet5p_770m', data_dir='./data/RQ5/javascript_300_1', no_cuda=False, visible_gpu='0', num_train_epochs=10, num_test_epochs=1, train_batch_size=4, eval_batch_size=2, gradient_accumulation_steps=1, load_model_path=None, config_name='', tokenizer_name='', max_source_length=512, max_target_length=512, warm_up_ratio=0.1, do_train=True, do_eval=True, do_test=True, freeze=False, learning_rate=5e-05, beam_size=10, weight_decay=0.0, adam_epsilon=1e-08, local_rank=-1, seed=42, early_stop_threshold=3)
Process rank: -1, device: cuda, n_gpu: 1, distributed training: False
Model created!!
[[{'text': '', 'loss_ids': 0, 'shortenable_ids': 0}, {'text': " element: $(this).data('element')      }).css({left: framePosition.left+position.left+$(this).outerWidth()+parseInt($(this).css('margin-left'))-40, top: topPos}).show();", 'loss_ids': 0, 'shortenable_ids': 1}, {'text': '', 'loss_ids': 0, 'shortenable_ids': 0}, {'text': ' no-invalid-this', 'loss_ids': 0, 'shortenable_ids': 0}, {'text': '.', 'loss_ids': 0, 'shortenable_ids': 0}, {'text': '<mask>', 'loss_ids': 1, 'shortenable_ids': 0}, {'text': '', 'loss_ids': 0, 'shortenable_ids': 0}], {'guid': 0, 'tgt_text': "element: $(this).data('element')      }).css({left: framePosition.left+position.left+parseInt($(this).css('margin-left'))+10, top: topPos}).show();"}]
***** Running training *****
  Num examples = 300
  Batch size = 4
  Num epoch = 10

***** Running evaluation *****
  Num examples = 100
  Batch size = 2
  epoch = 0
  eval_ppl = inf
  global_step = 76
  train_loss = 18.7165
  ********************
Previous best ppl:inf
Achieve Best ppl:inf
  ********************
BLEU file: ./data/RQ5/javascript_300_1/validation.jsonl
  codebleu-4 = 67.62 	 Previous best codebleu 0
  ********************
 Achieve Best bleu:67.62
  ********************

***** Running evaluation *****
  Num examples = 100
  Batch size = 2
  epoch = 1
  eval_ppl = inf
  global_step = 151
  train_loss = 7.4873
  ********************
Previous best ppl:inf
BLEU file: ./data/RQ5/javascript_300_1/validation.jsonl
  codebleu-4 = 66.64 	 Previous best codebleu 67.62
  ********************

***** Running evaluation *****
  Num examples = 100
  Batch size = 2
  epoch = 2
  eval_ppl = inf
  global_step = 226
  train_loss = 3.4334
  ********************
Previous best ppl:inf
BLEU file: ./data/RQ5/javascript_300_1/validation.jsonl
  codebleu-4 = 68.67 	 Previous best codebleu 67.62
  ********************
 Achieve Best bleu:68.67
  ********************

***** Running evaluation *****
  Num examples = 100
  Batch size = 2
  epoch = 3
  eval_ppl = inf
  global_step = 301
  train_loss = 1.9775
  ********************
Previous best ppl:inf
BLEU file: ./data/RQ5/javascript_300_1/validation.jsonl
  codebleu-4 = 65.39 	 Previous best codebleu 68.67
  ********************

***** Running evaluation *****
  Num examples = 100
  Batch size = 2
  epoch = 4
  eval_ppl = inf
  global_step = 376
  train_loss = 1.1099
  ********************
Previous best ppl:inf
BLEU file: ./data/RQ5/javascript_300_1/validation.jsonl
  codebleu-4 = 69.22 	 Previous best codebleu 68.67
  ********************
 Achieve Best bleu:69.22
  ********************

***** Running evaluation *****
  Num examples = 100
  Batch size = 2
  epoch = 5
  eval_ppl = inf
  global_step = 451
  train_loss = 0.5651
  ********************
Previous best ppl:inf
BLEU file: ./data/RQ5/javascript_300_1/validation.jsonl
  codebleu-4 = 66.71 	 Previous best codebleu 69.22
  ********************

***** Running evaluation *****
  Num examples = 100
  Batch size = 2
  epoch = 6
  eval_ppl = inf
  global_step = 526
  train_loss = 0.2904
  ********************
Previous best ppl:inf
BLEU file: ./data/RQ5/javascript_300_1/validation.jsonl
  codebleu-4 = 67.41 	 Previous best codebleu 69.22
  ********************

***** Running evaluation *****
  Num examples = 100
  Batch size = 2
  epoch = 7
  eval_ppl = inf
  global_step = 601
  train_loss = 0.1754
  ********************
Previous best ppl:inf
BLEU file: ./data/RQ5/javascript_300_1/validation.jsonl
  codebleu-4 = 67.74 	 Previous best codebleu 69.22
  ********************
early stopping!!!
reload model from RQ5/javascript_300/soft7_1_codet5p_770m/checkpoint-best-bleu
BLEU file: ./data/RQ5/javascript_300_1/test.jsonl
  codebleu = 62.59 
  Total = 500 
  Exact Fixed = 70 
[8, 9, 21, 30, 35, 38, 42, 50, 51, 60, 61, 69, 78, 80, 83, 96, 104, 121, 122, 129, 134, 142, 152, 163, 168, 169, 176, 178, 192, 219, 220, 227, 233, 236, 241, 249, 255, 262, 271, 278, 280, 294, 313, 317, 322, 323, 337, 345, 356, 367, 383, 392, 393, 394, 399, 402, 405, 406, 409, 412, 429, 431, 434, 452, 454, 471, 477, 481, 497, 500]
  Syntax Fixed = 8 
[36, 238, 301, 311, 348, 373, 410, 499]
  Cleaned Fixed = 5 
[109, 151, 232, 328, 456]
  ********************
  Total = 500 
  Exact Fixed = 70 
[8, 9, 21, 30, 35, 38, 42, 50, 51, 60, 61, 69, 78, 80, 83, 96, 104, 121, 122, 129, 134, 142, 152, 163, 168, 169, 176, 178, 192, 219, 220, 227, 233, 236, 241, 249, 255, 262, 271, 278, 280, 294, 313, 317, 322, 323, 337, 345, 356, 367, 383, 392, 393, 394, 399, 402, 405, 406, 409, 412, 429, 431, 434, 452, 454, 471, 477, 481, 497, 500]
  Syntax Fixed = 8 
[36, 238, 301, 311, 348, 373, 410, 499]
  Cleaned Fixed = 5 
[109, 151, 232, 328, 456]
  codebleu = 62.59 
[0.737896877118873, 0.6919266365055134, 0.4499615708051955, 0.6896475098120338, 0.08436692013296332, 0.3114330635523529, 0.6863884298635612, 1.0, 1.0, 0.4353195621007453, 0.872128503900135, 0.8696847134058581, 0.25255157651202054, 0.6329739871337788, 0.5408401405239117, 0.6452148813321528, 0.5631372993900048, 0.6390982360654051, 0.6999869460695018, 0.6448598858735686, 1.0, 0.28178507258525926, 0.8708250323025346, 0.7158229243802021, 0.49038145152466306, 0.4992286298565113, 0.8597766350872547, 0.396349572956634, 0.6508081453961951, 0.7230619919314705, 0.8624231729981537, 0.4340764315695067, 0.7943817070456347, 0.8570961003195992, 0.8114529051148651, 0.6402562811128987, 0.7451384298635613, 0.9891483218006352, 0.3340047425620204, 0.634739134738433, 0.8573464528613979, 1.0, 0.700590168990773, 0.7413033438528566, 0.6332527923879377, 0.6082742323311118, 0.8252074160406009, 0.8178607431385985, 0.3053502366259113, 0.6574138233688298, 1.0, 0.7358863528261614, 0.5217365165784443, 0.5264886858900315, 0.3533755248262469, 0.5465085296294044, 0.13333333333333333, 0.5338054518326395, 0.712432895242584, 1.0, 1.0, 0.20296697618476528, 0.6420978076980255, 0.8321296454239947, 0.7158229243802021, 0.7076923076923076, 0.5743280205426342, 0.6983338153069474, 0.8249365300761395, 0.9616979821237088, 0.6847482616910893, 0.6551486585921227, 0.714297617187952, 0.37016971107762675, 0.6445931574752105, 0.13846153846153847, 0.5069117835177426, 1.0, 0.1495352051294258, 1.0, 0.7834298712141025, 0.5718336933369629, 1.0, 0.4054183564853334, 0.20613487118166404, 0.7065485068370296, 0.5084622900345663, 0.43391990509709355, 0.47996086480687705, 0.6492561474202864, 0.06, 0.5021287494162977, 0.5793435451110831, 0.5909395885250581, 0.7296595952751499, 1.0, 0.6980472624402649, 0.761387008234645, 0.8899929854363868, 0.3111069937307952, 0.48151833528931587, 0.7819827494849558, 0.5627200451626766, 0.2578010511749925, 0.7418506489774956, 0.8044054053869931, 0.5670081631742787, 0.7469655281865365, 0.8521347462244511, 0.8096354401872717, 0.5532136440138307, 0.6488884298635612, 0.19999999999999998, 0.714297617187952, 0.902887748772268, 0.8494781978987964, 0.5418035126585234, 0.9441518237028776, 0.842133818192679, 0.43294396856738004, 1.0, 1.0, 0.4470581748828688, 0.36217875471464306, 0.6544375845878311, 0.9491673847910091, 0.2974610638433307, 0.5959813808622627, 1.0, 0.6618503204869636, 0.14224981392389122, 0.6269940846421196, 0.753611364541793, 1.0, 0.3079510025390523, 0.811171895159411, 0.19348034809444703, 0.7308835793300246, 0.6918687470209003, 0.42430386249654006, 0.5243381867290794, 0.9225934589608529, 0.6958728927330549, 0.7014499169499973, 0.6753600779398393, 0.6086737860987872, 0.3240905446161769, 0.503191349857689, 0.6785176006224589, 0.8313560704120448, 0.8145082176095655, 1.0, 0.2933192603414, 0.526797617187952, 0.5945178483041882, 0.3013033699476973, 0.94393416003725, 0.5865265109839976, 0.21170458518859758, 0.23049138297301558, 0.29157092899041875, 0.5774263257292502, 1.0, 0.14417647429169284, 0.48624193424630757, 0.4970818198712149, 0.5907915119421392, 1.0, 0.8249365300761395, 0.8020311540826717, 0.7860594922037922, 0.45241016540792056, 0.8991129363138861, 0.561267769761279, 0.5441070669348561, 0.9104757374009316, 0.573808526265082, 1.0, 0.45508310949075587, 0.5279905343601452, 0.6051294155160957, 0.19035071477803323, 0.9396769988489013, 0.22043814815738466, 0.5507915119421392, 0.6970198862562978, 0.401706244308338, 0.5382841518266749, 0.7451384298635613, 0.7013670487950274, 0.4885926413190037, 1.0, 0.5293552443498337, 0.5117479273746546, 0.6887796716807859, 0.8257887556015677, 0.7504004004704901, 0.3382249347069631, 0.7014995993790445, 0.6357741351064675, 0.6057649027320717, 0.6965834056802387, 0.5542777815027289, 0.6751705176140901, 0.8648103351245982, 0.6744451795815977, 0.6158229243802023, 0.6887796716807859, 0.6321062750353527, 0.642842712474619, 0.79675661863395, 0.853251435829042, 0.0, 0.2600677332832448, 0.7190907364295069, 0.56369994186322, 0.42402643669076207, 0.6512223502463547, 1.0, 1.0, 0.5691230775634993, 0.5119808925419361, 0.43359236995265926, 0.5761697895341449, 0.4845182644937875, 0.46904473191093105, 1.0, 0.6030011940352838, 0.6642742735155721, 0.4455903592369812, 0.6893858380618342, 0.9036307963613739, 1.0, 0.9105639359235915, 0.3508081453961951, 1.0, 0.9142445273649933, 0.9039342742606371, 0.46053348630208313, 0.636964721661222, 1.0, 0.802713932743754, 0.3373940575497127, 0.27558314725722455, 0.4453710621987834, 0.7964886858900315, 0.7158229243802021, 0.4715869158278063, 1.0, 0.8141572281239757, 0.7844545081984879, 0.15997084006767517, 0.20866354767478065, 0.766682914692771, 1.0, 0.2379911542742785, 0.4118819918812901, 0.6431303389366008, 0.7591790791391035, 0.3665582680402964, 0.23669321919655517, 1.0, 0.7511200104643803, 0.8827895563342798, 0.893803854707065, 0.6909393359372984, 0.8149760688446992, 0.7850118660511431, 0.5347428106038496, 0.2015372100944879, 1.0, 0.7604979526305213, 0.66801956172107, 0.6509106257652548, 0.776554029901346, 0.4339213351685698, 0.778785113836511, 1.0, 0.8008467617900312, 0.8114529051148651, 0.11666737327895797, 0.9542333350628116, 0.4903510788203176, 0.47711560659055585, 0.11582292438020222, 0.7517070403538422, 0.7545909332472028, 0.5822109370915456, 0.830168764298918, 0.8161547359011423, 0.10588235294117647, 0.8319390869638097, 0.4667127418271009, 1.0, 0.0, 0.7451974543165035, 0.8387796716807858, 0.7300656092802488, 0.6742654297681573, 0.8276851859011425, 0.9211131842675646, 0.512283842723568, 0.6866411249144649, 0.6868474083243508, 0.0, 0.7678525946438988, 0.7301961448188755, 0.3807256007926331, 0.5194637253863024, 0.5473931270915493, 0.9176675865658077, 0.41145898320123175, 0.9891483218006352, 0.5488628862515236, 0.85, 0.4969617815012778, 0.8923725673979319, 0.6259403648918203, 0.08233507301898058, 0.32641839065175154, 0.8387796716807858, 1.0, 0.7135428903906851, 0.878163401167724, 0.6730908208928771, 0.7642174218152427, 0.8083325080431145, 0.6119613551150405, 0.6718758528295584, 0.48275794232794217, 0.36340937764965686, 0.0, 0.5261072559244404, 0.714297617187952, 0.5326080313569397, 0.7125108877355164, 0.9891483218006352, 0.6953602200025533, 0.5780365272269377, 0.1759424130312673, 0.40156651918683534, 0.4005326816439736, 0.9299711370778252, 0.9225934589608529, 1.0, 0.5674364496822819, 0.6160391794642067, 0.6579860169408667, 0.6630804239841512, 0.8176593989567298, 0.5969803377115616, 0.7170015046833873, 0.639674617514176, 0.632042724185357, 0.0, 0.8249365300761395, 0.5674961219905689, 0.5652258471820361, 0.5307707065593111, 0.5272579010634381, 0.008694754573109073, 0.557719307720078, 0.41807263856718657, 0.808221529667446, 0.847720542227226, 0.39606856837889304, 1.0, 0.49645325073350843, 0.5647785789898024, 0.36587342440580645, 0.3490403912695087, 0.2627166511815171, 0.9469728550743763, 0.32340833096900673, 0.8184276974159628, 0.12, 0.9701564725523897, 0.7504004004704901, 0.006084152368928011, 0.7431351738566481, 0.19604690891443288, 0.5027616393658039, 0.8249365300761395, 0.447298452667235, 0.6204339005632913, 0.5578607431385983, 0.650161391144404, 0.3508081453961951, 0.7285380935292984, 0.604739134738433, 0.2088017714661632, 1.0, 0.7661179464121555, 1.0, 0.7353746106262073, 0.4777601556679766, 0.5789207115002721, 0.5783036814100584, 1.0, 0.24378163713839862, 0.1650567204976689, 1.0, 0.4039114800507836, 0.10348801095303897, 1.0, 1.0, 0.3494709443822571, 0.31977476369658997, 1.0, 0.9059642451028274, 0.8403116829613333, 0.7824888488263595, 0.04535576197454044, 0.6530550965302279, 0.47875874704124055, 0.5309537492920497, 0.801169789534145, 0.32557251275615134, 0.554739134738433, 0.9437985500759485, 0.3889379432495441, 0.05540387552681966, 0.030390470936082048, 0.4664355844276247, 0.8601527033303111, 0.7300656691761418, 0.3275887968144088, 0.6559327101364547, 0.9891483218006352, 0.6626791769304377, 1.0, 0.6567389877523072, 0.7852451152245079, 0.9891483218006352, 0.6476309505212854, 0.6670852848948238, 0.6439654153934541, 0.8362062829761001, 0.8348591893331347, 0.6120862230985752, 0.7477655797954694, 0.5528265488737891, 0.25311193401315524, 0.3502278939890302, 0.4191136965292289, 0.5602292424946693, 0.39478364465107074, 0.7498018405233149, 0.6310308074685265, 0.35624947398505524, 0.255903071453633, 1.0, 0.7106391824574765, 1.0, 0.0857142857142857, 0.8954450935705085, 0.5045234828882075, 0.7420554014474346, 0.671870981669515, 0.45473913473843297, 0.058333333333333334, 0.662775442898248, 0.9024101654079206, 0.5510585507100338, 0.46575232448771275, 0.36905601805001587, 0.4616760548423344, 0.7340398687371076, 0.9495565333799167, 0.33274168824131195, 0.7708783243423232, 0.2823553496208825, 0.5486780060731714, 0.6266888220800774, 0.7366289756845221, 0.6586275761728796, 1.0, 0.2382915953335315, 0.8502367699851867, 0.4878372832477157, 0.9891483218006352, 0.39675296426202156, 0.9039342742606371, 0.7115187153144993, 0.7888424084106092, 0.31237328339586123, 0.8165273869902545, 0.24090702262082825, 0.8255980153481091, 0.25016079085323406, 0.40650495246497576, 0.537247623665976, 0.2893296454239947, 0.5994100321686132, 0.754237295389593, 0.45759530908884194, 0.9891483218006352, 0.6222244648066615, 0.9498733743967636, 1.0]
Finish training and take 25m
