Namespace(log_name='./RQ5/javascript_300/soft7_2_codet5p_770m.log', model_name='Salesforce/codet5p-770m', lang='javascript', output_dir='RQ5/javascript_300/soft7_2_codet5p_770m', data_dir='./data/RQ5/javascript_300_2', no_cuda=False, visible_gpu='0', num_train_epochs=10, num_test_epochs=1, train_batch_size=4, eval_batch_size=2, gradient_accumulation_steps=1, load_model_path=None, config_name='', tokenizer_name='', max_source_length=512, max_target_length=512, warm_up_ratio=0.1, do_train=True, do_eval=True, do_test=True, freeze=False, learning_rate=5e-05, beam_size=10, weight_decay=0.0, adam_epsilon=1e-08, local_rank=-1, seed=42, early_stop_threshold=3)
Process rank: -1, device: cuda, n_gpu: 1, distributed training: False
Model created!!
Namespace(log_name='./RQ5/javascript_300/soft7_2_codet5p_770m.log', model_name='Salesforce/codet5p-770m', lang='javascript', output_dir='RQ5/javascript_300/soft7_2_codet5p_770m', data_dir='./data/RQ5/javascript_300_2', no_cuda=False, visible_gpu='0', num_train_epochs=10, num_test_epochs=1, train_batch_size=4, eval_batch_size=2, gradient_accumulation_steps=1, load_model_path=None, config_name='', tokenizer_name='', max_source_length=512, max_target_length=512, warm_up_ratio=0.1, do_train=True, do_eval=True, do_test=True, freeze=False, learning_rate=5e-05, beam_size=10, weight_decay=0.0, adam_epsilon=1e-08, local_rank=-1, seed=42, early_stop_threshold=3)
Process rank: -1, device: cuda, n_gpu: 1, distributed training: False
Model created!!
[[{'text': '', 'loss_ids': 0, 'shortenable_ids': 0}, {'text': ' var subthing = thing.subthingd[last_key];         if (subthing !== undefined) {', 'loss_ids': 0, 'shortenable_ids': 1}, {'text': '', 'loss_ids': 0, 'shortenable_ids': 0}, {'text': ' no-redeclare', 'loss_ids': 0, 'shortenable_ids': 0}, {'text': '.', 'loss_ids': 0, 'shortenable_ids': 0}, {'text': '<mask>', 'loss_ids': 1, 'shortenable_ids': 0}, {'text': '', 'loss_ids': 0, 'shortenable_ids': 0}], {'guid': 0, 'tgt_text': 'subthing = thing.subthingd[last_key];         if (subthing !== undefined) {'}]
***** Running training *****
  Num examples = 300
  Batch size = 4
  Num epoch = 10

***** Running evaluation *****
  Num examples = 100
  Batch size = 2
  epoch = 0
  eval_ppl = inf
  global_step = 76
  train_loss = 18.6469
  ********************
Previous best ppl:inf
Achieve Best ppl:inf
  ********************
BLEU file: ./data/RQ5/javascript_300_2/validation.jsonl
  codebleu-4 = 63.81 	 Previous best codebleu 0
  ********************
 Achieve Best bleu:63.81
  ********************

***** Running evaluation *****
  Num examples = 100
  Batch size = 2
  epoch = 1
  eval_ppl = inf
  global_step = 151
  train_loss = 7.7278
  ********************
Previous best ppl:inf
BLEU file: ./data/RQ5/javascript_300_2/validation.jsonl
  codebleu-4 = 64.04 	 Previous best codebleu 63.81
  ********************
 Achieve Best bleu:64.04
  ********************

***** Running evaluation *****
  Num examples = 100
  Batch size = 2
  epoch = 2
  eval_ppl = inf
  global_step = 226
  train_loss = 4.1463
  ********************
Previous best ppl:inf
Achieve Best ppl:inf
  ********************
BLEU file: ./data/RQ5/javascript_300_2/validation.jsonl
  codebleu-4 = 62.48 	 Previous best codebleu 64.04
  ********************

***** Running evaluation *****
  Num examples = 100
  Batch size = 2
  epoch = 3
  eval_ppl = inf
  global_step = 301
  train_loss = 2.0731
  ********************
Previous best ppl:inf
BLEU file: ./data/RQ5/javascript_300_2/validation.jsonl
  codebleu-4 = 64.84 	 Previous best codebleu 64.04
  ********************
 Achieve Best bleu:64.84
  ********************

***** Running evaluation *****
  Num examples = 100
  Batch size = 2
  epoch = 4
  eval_ppl = inf
  global_step = 376
  train_loss = 0.8377
  ********************
Previous best ppl:inf
BLEU file: ./data/RQ5/javascript_300_2/validation.jsonl
  codebleu-4 = 66.75 	 Previous best codebleu 64.84
  ********************
 Achieve Best bleu:66.75
  ********************

***** Running evaluation *****
  Num examples = 100
  Batch size = 2
  epoch = 5
  eval_ppl = inf
  global_step = 451
  train_loss = 0.5662
  ********************
Previous best ppl:inf
BLEU file: ./data/RQ5/javascript_300_2/validation.jsonl
  codebleu-4 = 65.93 	 Previous best codebleu 66.75
  ********************

***** Running evaluation *****
  Num examples = 100
  Batch size = 2
  epoch = 6
  eval_ppl = inf
  global_step = 526
  train_loss = 0.342
  ********************
Previous best ppl:inf
BLEU file: ./data/RQ5/javascript_300_2/validation.jsonl
  codebleu-4 = 66.94 	 Previous best codebleu 66.75
  ********************
 Achieve Best bleu:66.94
  ********************

***** Running evaluation *****
  Num examples = 100
  Batch size = 2
  epoch = 7
  eval_ppl = inf
  global_step = 601
  train_loss = 0.1869
  ********************
Previous best ppl:inf
BLEU file: ./data/RQ5/javascript_300_2/validation.jsonl
  codebleu-4 = 67.81 	 Previous best codebleu 66.94
  ********************
 Achieve Best bleu:67.81
  ********************

***** Running evaluation *****
  Num examples = 100
  Batch size = 2
  epoch = 8
  eval_ppl = inf
  global_step = 676
  train_loss = 0.1372
  ********************
Previous best ppl:inf
BLEU file: ./data/RQ5/javascript_300_2/validation.jsonl
  codebleu-4 = 67.55 	 Previous best codebleu 67.81
  ********************

***** Running evaluation *****
  Num examples = 100
  Batch size = 2
  epoch = 9
  eval_ppl = inf
  global_step = 751
  train_loss = 0.1177
  ********************
Previous best ppl:inf
BLEU file: ./data/RQ5/javascript_300_2/validation.jsonl
  codebleu-4 = 67.14 	 Previous best codebleu 67.81
  ********************
reload model from RQ5/javascript_300/soft7_2_codet5p_770m/checkpoint-best-bleu
BLEU file: ./data/RQ5/javascript_300_2/test.jsonl
  codebleu = 62.68 
  Total = 500 
  Exact Fixed = 88 
[3, 7, 9, 20, 21, 26, 30, 35, 38, 40, 51, 69, 78, 80, 84, 96, 98, 104, 112, 113, 122, 129, 133, 142, 145, 151, 152, 163, 168, 173, 176, 178, 186, 187, 188, 189, 192, 195, 201, 202, 207, 208, 219, 220, 227, 230, 241, 249, 262, 269, 271, 301, 313, 317, 322, 323, 350, 353, 354, 356, 367, 382, 383, 385, 387, 390, 392, 393, 394, 405, 406, 409, 412, 413, 420, 428, 431, 435, 437, 453, 454, 457, 468, 471, 477, 497, 499, 500]
  Syntax Fixed = 4 
[18, 77, 402, 410]
  Cleaned Fixed = 3 
[109, 311, 456]
  ********************
  Total = 500 
  Exact Fixed = 88 
[3, 7, 9, 20, 21, 26, 30, 35, 38, 40, 51, 69, 78, 80, 84, 96, 98, 104, 112, 113, 122, 129, 133, 142, 145, 151, 152, 163, 168, 173, 176, 178, 186, 187, 188, 189, 192, 195, 201, 202, 207, 208, 219, 220, 227, 230, 241, 249, 262, 269, 271, 301, 313, 317, 322, 323, 350, 353, 354, 356, 367, 382, 383, 385, 387, 390, 392, 393, 394, 405, 406, 409, 412, 413, 420, 428, 431, 435, 437, 453, 454, 457, 468, 471, 477, 497, 499, 500]
  Syntax Fixed = 4 
[18, 77, 402, 410]
  Cleaned Fixed = 3 
[109, 311, 456]
  codebleu = 62.68 
[0.737896877118873, 0.6919266365055134, 1.0, 0.6896475098120338, 0.08436692013296332, 0.3114330635523529, 1.0, 0.6670229742923897, 1.0, 0.591516286342532, 0.8955980328281301, 0.8696847134058581, 0.25255157651202054, 0.6329739871337788, 0.5408401405239117, 0.6452148813321528, 0.23957045160855014, 0.7550835185056715, 0.0, 1.0, 1.0, 0.28178507258525926, 0.8472256751076217, 0.7158229243802021, 0.49038145152466306, 0.6720398231634966, 0.8597766350872547, 0.396349572956634, 0.6508081453961951, 0.7230619919314705, 0.8494413741851621, 0.7881136779802395, 0.7943817070456347, 0.8570961003195992, 0.8114529051148651, 0.5696431220857536, 0.7451384298635613, 0.9891483218006352, 0.3340047425620204, 0.9891483218006352, 0.8573464528613979, 0.8292906179772745, 0.24830207979984528, 0.5056669510031526, 0.6332527923879377, 0.6082742323311118, 0.8252074160406009, 0.8178607431385985, 0.3053502366259113, 0.6574138233688298, 1.0, 0.805453099521674, 0.5217365165784443, 0.5264886858900315, 0.3533755248262469, 0.4630170842629102, 0.13333333333333333, 0.5338054518326395, 0.712432895242584, 0.6580241834790774, 0.7261697895341449, 0.32719217235516845, 0.6420978076980255, 0.8321296454239947, 0.7158229243802021, 0.7076923076923076, 0.4523691582596264, 0.6983338153069474, 0.8249365300761395, 0.9616979821237088, 0.6847482616910893, 0.6516763824023744, 0.714297617187952, 0.37016971107762675, 0.6445931574752105, 0.12, 0.8180987647852345, 1.0, 0.1495352051294258, 1.0, 0.7805474753161002, 0.5718336933369629, 0.5637946891611503, 0.9891483218006352, 0.20613487118166404, 0.8089674541278349, 0.5090053991612131, 0.43391990509709355, 0.6105000222446973, 0.6492561474202864, 0.06, 0.5021287494162977, 0.5793435451110831, 0.6492633713864637, 0.7298304277609075, 1.0, 0.6980472624402649, 1.0, 0.840238696687355, 0.27345032446975304, 0.2799449403593628, 0.7819827494849558, 0.5627200451626766, 0.2578010511749925, 0.7418506489774956, 0.8044054053869931, 0.5670081631742787, 0.5102043912123392, 0.8521347462244511, 0.8096354401872717, 0.5532136440138307, 1.0, 0.7135428903906851, 0.27344240248645174, 0.902887748772268, 0.8494781978987964, 0.5418035126585234, 0.9441518237028776, 0.842133818192679, 0.510980970646246, 0.7522712571363831, 1.0, 0.4470581748828688, 0.21168485254147001, 0.5863048776471378, 0.9491673847910091, 0.2974610638433307, 0.5959813808622627, 1.0, 0.6618503204869636, 0.14224981392389122, 0.6269940846421196, 1.0, 0.7592325450376052, 0.22665344789927383, 0.8254702915863317, 0.19348034809444703, 0.7308835793300246, 0.5728601768024036, 0.42430386249654006, 0.5243381867290794, 0.9225934589608529, 0.6885563956126466, 0.7014499169499973, 0.8651704051777762, 0.6086737860987872, 0.40337302556973004, 0.5227194252658456, 0.6785176006224589, 0.8313560704120448, 0.9891483218006352, 1.0, 0.2933192603414, 0.526797617187952, 0.5649063628096855, 0.29561788635049047, 0.902700490932961, 0.5865265109839976, 0.21170458518859758, 0.4638247163063489, 0.29157092899041875, 0.49358204019464635, 1.0, 0.14417647429169284, 0.48624193424630757, 0.4970818198712149, 0.5907915119421392, 1.0, 0.3544908721645896, 0.8020311540826717, 0.7860594922037922, 0.5071242045484599, 1.0, 0.561267769761279, 0.5441070669348561, 0.9104757374009316, 0.36220476766921617, 1.0, 0.45508310949075587, 0.5279905343601452, 0.6051294155160957, 0.19035071477803323, 0.9396769988489013, 0.10758390671207611, 0.5507915119421392, 0.907745404768207, 0.8114529051148651, 1.0, 1.0, 0.5450370279491313, 0.4885926413190037, 1.0, 0.5293552443498337, 0.6707350069254493, 1.0, 0.7178158734090205, 0.7504004004704901, 0.3382249347069631, 0.7014995993790445, 0.6357741351064675, 1.0, 1.0, 0.8433766349070695, 0.6751705176140901, 0.8648103351245982, 0.7803034446230322, 1.0, 1.0, 0.689430788668116, 0.642842712474619, 0.8824709043482357, 0.853251435829042, 0.006462586657983039, 0.26919155352810276, 0.5686459180704551, 0.09999999999999999, 0.32627945612776854, 0.6512223502463547, 1.0, 1.0, 0.37845791282076713, 0.5119808925419361, 0.25704272418535706, 0.5761697895341449, 0.4845182644937875, 0.46904473191093105, 1.0, 0.3883526761775949, 0.6642742735155721, 1.0, 0.6930428146435975, 0.4528494378212512, 0.5537998353931795, 0.9105639359235915, 0.3508081453961951, 0.396838405481522, 0.9142445273649933, 0.6765950349550134, 0.46053348630208313, 0.636964721661222, 1.0, 0.802713932743754, 0.3373940575497127, 0.27558314725722455, 0.4453710621987834, 0.7964886858900315, 0.7158229243802021, 0.4715869158278063, 1.0, 0.949339732242054, 0.7242487560923739, 0.15997084006767517, 0.20866354767478065, 0.766682914692771, 0.6748885220437988, 0.2379911542742785, 0.4118819918812901, 0.6431303389366008, 0.7591790791391035, 0.3665582680402964, 0.23669321919655517, 1.0, 0.7511200104643803, 0.8827895563342798, 0.893803854707065, 0.7127774792622994, 0.8149760688446992, 0.7850118660511431, 1.0, 0.2015372100944879, 1.0, 0.7604979526305213, 0.6440993313853645, 0.6509106257652548, 0.776554029901346, 0.4339213351685698, 0.778785113836511, 0.6232430066758361, 0.8008467617900312, 0.32937678709245916, 0.11666737327895797, 0.9542333350628116, 0.4903510788203176, 0.47711560659055585, 0.11582292438020222, 0.7517070403538422, 0.7545909332472028, 0.5822109370915456, 0.7738454731675835, 0.8161547359011423, 0.09999999999999999, 0.7806665333928233, 0.4667127418271009, 0.7804979526305214, 0.0, 0.7451974543165035, 0.8387796716807858, 0.7799696154227835, 0.5778985929855265, 0.8276851859011425, 1.0, 0.512283842723568, 0.6866411249144649, 0.7093949501703278, 0.0857142857142857, 0.6189159921963294, 0.7301961448188755, 0.3807256007926331, 0.5194637253863024, 0.5473931270915493, 0.8725356837831622, 0.41145898320123175, 0.9891483218006352, 0.42977880029353166, 0.85, 0.5388223314197078, 0.8923725673979319, 0.6259403648918203, 0.08152573352530099, 0.32641839065175154, 0.8387796716807858, 1.0, 0.7135428903906851, 0.878163401167724, 0.5339102500446592, 0.7538024285875055, 0.8083325080431145, 0.5981716191316424, 0.8331853395710711, 0.48275794232794217, 0.3361519735310733, 0.0, 0.5261072559244404, 0.714297617187952, 0.5326080313569397, 0.7125108877355164, 0.30831848424488534, 0.7328602200025534, 0.5780365272269377, 0.1759424130312673, 0.40156651918683534, 0.4005326816439736, 0.9299711370778252, 0.7328728653985972, 0.4905278186463043, 0.5674364496822819, 0.6160391794642067, 0.465523972643262, 0.6630804239841512, 0.8933766349070695, 0.5969803377115616, 0.7170015046833873, 1.0, 0.782115426602226, 0.0857142857142857, 0.8249365300761395, 0.5674961219905689, 0.5197497950942405, 0.5307707065593111, 0.5392579010634381, 0.008694754573109073, 0.557719307720078, 0.41807263856718657, 0.808221529667446, 0.7696296454239946, 0.40289299814414176, 1.0, 0.49645325073350843, 0.552096516758575, 0.36587342440580645, 0.3490403912695087, 0.2627166511815171, 0.5228832644008625, 0.32340833096900673, 0.8184276974159628, 0.12, 0.9701564725523897, 0.7504004004704901, 0.0031323668437758896, 0.7431351738566481, 0.20461833748586147, 1.0, 0.8249365300761395, 0.447298452667235, 0.882688666737673, 0.5578607431385983, 0.8778769644385496, 0.3508081453961951, 0.7285380935292984, 0.9891483218006352, 0.2088017714661632, 1.0, 0.7661179464121555, 1.0, 0.7353746106262073, 0.4777601556679766, 0.6530817392743746, 0.8651650731090275, 0.8223873319410013, 0.24378163713839862, 0.1650567204976689, 0.7970182644937875, 0.4039114800507836, 0.10348801095303897, 1.0, 1.0, 0.3494709443822571, 0.31977476369658997, 1.0, 0.9059642451028274, 0.8403116829613333, 0.7824888488263595, 0.7135428903906851, 0.8191441569283882, 0.47875874704124055, 0.5309537492920497, 0.801169789534145, 0.29684740832435075, 0.554739134738433, 1.0, 0.3682137897702302, 0.05540387552681966, 0.030390470936082048, 0.4664355844276247, 0.8601527033303111, 0.7300656691761418, 0.3275887968144088, 1.0, 0.5237030996295007, 0.5712881297172863, 1.0, 0.6567389877523072, 0.7852451152245079, 0.654739134738433, 1.0, 0.9009945546583267, 1.0, 0.8362062829761001, 0.8348591893331347, 0.6120862230985752, 0.20969117465578496, 0.5082096230882099, 0.25311193401315524, 0.3502278939890302, 0.307730249353226, 0.6387719507771447, 0.39478364465107074, 0.6791013885425513, 0.6988332632078732, 0.35624947398505524, 0.255903071453633, 0.822378125936329, 1.0, 1.0, 0.0857142857142857, 0.8954450935705085, 1.0, 0.7420554014474346, 0.527543250577078, 0.45473913473843297, 0.05476190476190476, 0.33436316469426114, 0.9024101654079206, 0.5510585507100338, 0.46575232448771275, 0.36905601805001587, 0.4616760548423344, 1.0, 0.9495565333799167, 0.33274168824131195, 0.7708783243423232, 0.3422106937042266, 0.5486780060731714, 0.7224171275474598, 0.7366289756845221, 0.6586275761728796, 1.0, 0.24493125157821233, 0.8502367699851867, 0.4878372832477157, 0.6585117129535003, 0.39675296426202156, 0.9039342742606371, 0.7115187153144993, 0.730967269400034, 0.31237328339586123, 0.8165273869902545, 0.26662130833511394, 0.8255980153481091, 0.25016079085323406, 0.3419180665937579, 0.537247623665976, 0.6574634481857526, 0.5744100321686132, 0.754237295389593, 0.45759530908884194, 0.9891483218006352, 0.4429349802564395, 1.0, 1.0]
Finish training and take 18m
