Namespace(log_name='./RQ5/sstubs_700_1/codet5p_770m_f.log', model_name='Salesforce/codet5p-770m', lang='java', output_dir='RQ5/sstubs_700_1/codet5p_770m_f', data_dir='./data/RQ5/sstubs_700_1', no_cuda=False, visible_gpu='0', add_task_prefix=False, add_lang_ids=False, num_train_epochs=10, num_test_epochs=10, train_batch_size=4, eval_batch_size=4, gradient_accumulation_steps=2, load_model_path=None, config_name='', tokenizer_name='', max_source_length=512, max_target_length=512, warm_up_ratio=0.1, do_train=True, do_eval=True, do_test=True, do_lower_case=False, learning_rate=5e-05, beam_size=10, weight_decay=0.0, adam_epsilon=1e-08, max_grad_norm=1.0, max_steps=-1, eval_steps=-1, train_steps=-1, local_rank=-1, seed=42, early_stop_threshold=2)
Process rank: -1, device: cuda, n_gpu: 1, distributed training: False, model_name: Salesforce/codet5p-770m
model created!
Total 700 training instances 
***** Running training *****
  Num examples = 700
  Batch size = 4
  Num epoch = 10

***** Running evaluation *****
  Num examples = 100
  Batch size = 4
  epoch = 0
  eval_ppl = 1.00026
  global_step = 176
  train_loss = 0.256
  ********************
Previous best ppl:inf
Achieve Best ppl:1.00026
  ********************
BLEU file: ./data/RQ5/sstubs_700_1/validation.jsonl
  codebleu-4 = 93.43 	 Previous best codebleu 0
  ********************
 Achieve Best bleu:93.43
  ********************

***** Running evaluation *****
  Num examples = 100
  Batch size = 4
  epoch = 1
  eval_ppl = 1.00022
  global_step = 351
  train_loss = 0.0517
  ********************
Previous best ppl:1.00026
Achieve Best ppl:1.00022
  ********************
BLEU file: ./data/RQ5/sstubs_700_1/validation.jsonl
  codebleu-4 = 94.82 	 Previous best codebleu 93.43
  ********************
 Achieve Best bleu:94.82
  ********************

***** Running evaluation *****
  Num examples = 100
  Batch size = 4
  epoch = 2
  eval_ppl = 1.00023
  global_step = 526
  train_loss = 0.0241
  ********************
Previous best ppl:1.00022
BLEU file: ./data/RQ5/sstubs_700_1/validation.jsonl
  codebleu-4 = 93.97 	 Previous best codebleu 94.82
  ********************

***** Running evaluation *****
  Num examples = 100
  Batch size = 4
  epoch = 3
  eval_ppl = 1.00022
  global_step = 701
  train_loss = 0.0158
  ********************
Previous best ppl:1.00022
BLEU file: ./data/RQ5/sstubs_700_1/validation.jsonl
  codebleu-4 = 95.9 	 Previous best codebleu 94.82
  ********************
 Achieve Best bleu:95.9
  ********************

***** Running evaluation *****
  Num examples = 100
  Batch size = 4
  epoch = 4
  eval_ppl = 1.00024
  global_step = 876
  train_loss = 0.0116
  ********************
Previous best ppl:1.00022
BLEU file: ./data/RQ5/sstubs_700_1/validation.jsonl
  codebleu-4 = 96.28 	 Previous best codebleu 95.9
  ********************
 Achieve Best bleu:96.28
  ********************

***** Running evaluation *****
  Num examples = 100
  Batch size = 4
  epoch = 5
  eval_ppl = 1.00024
  global_step = 1051
  train_loss = 0.0056
  ********************
Previous best ppl:1.00022
BLEU file: ./data/RQ5/sstubs_700_1/validation.jsonl
  codebleu-4 = 96.64 	 Previous best codebleu 96.28
  ********************
 Achieve Best bleu:96.64
  ********************

***** Running evaluation *****
  Num examples = 100
  Batch size = 4
  epoch = 6
  eval_ppl = 1.00025
  global_step = 1226
  train_loss = 0.0032
  ********************
Previous best ppl:1.00022
BLEU file: ./data/RQ5/sstubs_700_1/validation.jsonl
  codebleu-4 = 96.7 	 Previous best codebleu 96.64
  ********************
 Achieve Best bleu:96.7
  ********************

***** Running evaluation *****
  Num examples = 100
  Batch size = 4
  epoch = 7
  eval_ppl = 1.00025
  global_step = 1401
  train_loss = 0.0029
  ********************
Previous best ppl:1.00022
BLEU file: ./data/RQ5/sstubs_700_1/validation.jsonl
  codebleu-4 = 96.29 	 Previous best codebleu 96.7
  ********************

***** Running evaluation *****
  Num examples = 100
  Batch size = 4
  epoch = 8
  eval_ppl = 1.00026
  global_step = 1576
  train_loss = 0.0022
  ********************
Previous best ppl:1.00022
BLEU file: ./data/RQ5/sstubs_700_1/validation.jsonl
  codebleu-4 = 96.38 	 Previous best codebleu 96.7
  ********************
reload model from RQ5/sstubs_700_1/codet5p_770m_f/checkpoint-best-bleu
BLEU file: ./data/RQ5/sstubs_700_1/test.jsonl
  codebleu = 96.15 
  Total = 500 
  Exact Fixed = 338 
[1, 2, 3, 4, 5, 6, 7, 8, 9, 10, 11, 12, 14, 15, 16, 17, 18, 20, 21, 22, 23, 24, 25, 28, 30, 31, 32, 34, 35, 36, 37, 39, 41, 42, 43, 44, 45, 46, 47, 48, 49, 52, 54, 55, 56, 57, 58, 59, 61, 62, 63, 64, 65, 67, 69, 70, 72, 73, 75, 79, 80, 82, 83, 84, 85, 87, 88, 90, 92, 93, 94, 95, 96, 97, 100, 101, 102, 103, 104, 105, 106, 109, 110, 112, 113, 114, 115, 116, 118, 119, 120, 121, 122, 125, 126, 127, 128, 129, 130, 131, 132, 135, 136, 138, 139, 140, 141, 144, 145, 148, 149, 152, 153, 154, 155, 156, 158, 160, 165, 167, 169, 170, 172, 173, 174, 176, 177, 178, 179, 180, 181, 182, 183, 185, 186, 188, 189, 190, 192, 194, 195, 196, 197, 198, 201, 202, 203, 204, 205, 206, 207, 208, 209, 211, 212, 214, 215, 217, 218, 219, 221, 223, 224, 226, 228, 229, 230, 231, 232, 233, 237, 238, 239, 240, 241, 242, 243, 246, 247, 248, 249, 250, 252, 254, 255, 256, 257, 259, 262, 263, 265, 266, 267, 268, 270, 273, 275, 277, 278, 279, 280, 283, 286, 287, 288, 289, 291, 292, 293, 294, 295, 297, 298, 299, 304, 305, 306, 307, 308, 309, 311, 312, 314, 316, 318, 319, 321, 322, 323, 324, 325, 327, 328, 329, 330, 333, 335, 336, 337, 338, 339, 340, 341, 342, 343, 344, 345, 346, 347, 348, 350, 351, 352, 354, 355, 359, 360, 366, 369, 370, 371, 375, 376, 378, 379, 383, 385, 389, 390, 391, 394, 395, 399, 400, 401, 402, 405, 406, 407, 409, 410, 411, 414, 415, 416, 417, 418, 419, 421, 422, 423, 425, 427, 428, 431, 433, 434, 436, 438, 439, 442, 444, 445, 446, 448, 449, 451, 452, 453, 454, 455, 458, 459, 460, 462, 463, 464, 465, 466, 467, 468, 469, 470, 475, 477, 480, 482, 483, 484, 485, 487, 488, 492, 493, 494, 496, 497, 498]
  Syntax Fixed = 3 
[77, 81, 374]
  Cleaned Fixed = 0 
[]
  ********************
  Total = 500 
  Exact Fixed = 338 
[1, 2, 3, 4, 5, 6, 7, 8, 9, 10, 11, 12, 14, 15, 16, 17, 18, 20, 21, 22, 23, 24, 25, 28, 30, 31, 32, 34, 35, 36, 37, 39, 41, 42, 43, 44, 45, 46, 47, 48, 49, 52, 54, 55, 56, 57, 58, 59, 61, 62, 63, 64, 65, 67, 69, 70, 72, 73, 75, 79, 80, 82, 83, 84, 85, 87, 88, 90, 92, 93, 94, 95, 96, 97, 100, 101, 102, 103, 104, 105, 106, 109, 110, 112, 113, 114, 115, 116, 118, 119, 120, 121, 122, 125, 126, 127, 128, 129, 130, 131, 132, 135, 136, 138, 139, 140, 141, 144, 145, 148, 149, 152, 153, 154, 155, 156, 158, 160, 165, 167, 169, 170, 172, 173, 174, 176, 177, 178, 179, 180, 181, 182, 183, 185, 186, 188, 189, 190, 192, 194, 195, 196, 197, 198, 201, 202, 203, 204, 205, 206, 207, 208, 209, 211, 212, 214, 215, 217, 218, 219, 221, 223, 224, 226, 228, 229, 230, 231, 232, 233, 237, 238, 239, 240, 241, 242, 243, 246, 247, 248, 249, 250, 252, 254, 255, 256, 257, 259, 262, 263, 265, 266, 267, 268, 270, 273, 275, 277, 278, 279, 280, 283, 286, 287, 288, 289, 291, 292, 293, 294, 295, 297, 298, 299, 304, 305, 306, 307, 308, 309, 311, 312, 314, 316, 318, 319, 321, 322, 323, 324, 325, 327, 328, 329, 330, 333, 335, 336, 337, 338, 339, 340, 341, 342, 343, 344, 345, 346, 347, 348, 350, 351, 352, 354, 355, 359, 360, 366, 369, 370, 371, 375, 376, 378, 379, 383, 385, 389, 390, 391, 394, 395, 399, 400, 401, 402, 405, 406, 407, 409, 410, 411, 414, 415, 416, 417, 418, 419, 421, 422, 423, 425, 427, 428, 431, 433, 434, 436, 438, 439, 442, 444, 445, 446, 448, 449, 451, 452, 453, 454, 455, 458, 459, 460, 462, 463, 464, 465, 466, 467, 468, 469, 470, 475, 477, 480, 482, 483, 484, 485, 487, 488, 492, 493, 494, 496, 497, 498]
  Syntax Fixed = 3 
[77, 81, 374]
  Cleaned Fixed = 0 
[]
  codebleu = 96.15 
[1.0, 1.0, 1.0, 1.0, 1.0, 1.0, 1.0, 1.0, 1.0, 1.0, 1.0, 1.0, 0.9167248063681421, 1.0, 1.0, 1.0, 1.0, 1.0, 0.9176675865658077, 1.0, 1.0, 1.0, 1.0, 1.0, 1.0, 0.7010984251778435, 0.9056583090096291, 1.0, 0.8665518607362566, 1.0, 1.0, 1.0, 0.7099766481408452, 1.0, 1.0, 1.0, 1.0, 0.9272945586059962, 1.0, 0.9236426846280885, 1.0, 1.0, 1.0, 1.0, 1.0, 1.0, 1.0, 1.0, 1.0, 0.8472999580048346, 0.9261420415269246, 1.0, 0.8362511196423215, 1.0, 1.0, 1.0, 0.9443466746607985, 1.0, 1.0, 0.6526670151860275, 1.0, 1.0, 1.0, 1.0, 1.0, 0.8897268293826727, 1.0, 0.8961079319106557, 1.0, 1.0, 0.9544887439837764, 1.0, 1.0, 0.6799479784871629, 1.0, 0.9783152785012215, 0.8691102231827164, 0.9583676774082095, 1.0, 1.0, 0.9699899456986019, 1.0, 1.0, 1.0, 1.0, 0.9557161384210198, 1.0, 1.0, 0.9629467492522685, 1.0, 0.8131726792272671, 1.0, 1.0, 1.0, 1.0, 1.0, 1.0, 0.9323598782946632, 0.8806136499646717, 1.0, 1.0, 1.0, 1.0, 1.0, 1.0, 1.0, 0.8845572237610086, 0.970114879479065, 1.0, 1.0, 0.9498733743967636, 1.0, 1.0, 1.0, 1.0, 1.0, 0.9664480358382332, 1.0, 1.0, 1.0, 1.0, 1.0, 0.963531800540206, 0.6887796716807858, 1.0, 1.0, 1.0, 1.0, 1.0, 1.0, 1.0, 1.0, 0.9733211546063425, 0.9469728550743763, 1.0, 1.0, 0.9524183912964097, 1.0, 1.0, 1.0, 1.0, 0.9326807851263892, 0.7747173486447595, 1.0, 1.0, 0.9019927469706532, 0.9375231838826312, 1.0, 1.0, 0.9107730833493335, 0.8825294735748568, 1.0, 1.0, 1.0, 1.0, 1.0, 0.8629467492522684, 1.0, 0.8806751756510949, 1.0, 0.9637364956234171, 0.8840834056802387, 0.9211131842675646, 0.8617520551076281, 1.0, 0.9221015330718345, 1.0, 0.9498733743967636, 1.0, 1.0, 0.9587753838819759, 1.0, 1.0, 1.0, 0.7876421850012838, 1.0, 1.0, 1.0, 1.0, 1.0, 1.0, 1.0, 1.0, 0.8722059305904497, 1.0, 1.0, 0.9546221339246326, 1.0, 1.0, 1.0, 0.8014447380383962, 1.0, 0.9581095565874824, 1.0, 1.0, 1.0, 1.0, 1.0, 0.7831318837364406, 0.9406189496983498, 1.0, 1.0, 1.0, 1.0, 1.0, 1.0, 1.0, 1.0, 1.0, 0.6099697272423549, 1.0, 1.0, 0.9215834056802388, 1.0, 1.0, 0.9141720281459855, 1.0, 1.0, 1.0, 0.8846386294351021, 1.0, 0.9656973569421463, 1.0, 1.0, 0.7590096946794502, 1.0, 0.9188441984944269, 1.0, 1.0, 1.0, 1.0, 1.0, 1.0, 0.884777214048037, 0.9725011474210121, 0.9498733743967636, 1.0, 1.0, 1.0, 1.0, 1.0, 1.0, 1.0, 0.8222725521291268, 0.7723725287475225, 1.0, 1.0, 1.0, 1.0, 1.0, 0.9372561368734473, 1.0, 0.9600553834135903, 1.0, 1.0, 1.0, 1.0, 0.9583676774082095, 1.0, 0.8531462888634065, 0.8404979526305214, 1.0, 1.0, 0.9517918920357142, 1.0, 1.0, 1.0, 1.0, 0.8212636043254029, 1.0, 0.949068802064335, 0.9616136179279984, 1.0, 0.907357971193316, 1.0, 0.9213836287468253, 1.0, 1.0, 1.0, 1.0, 0.8721212086381336, 0.9600553834135903, 1.0, 0.8648103351245982, 0.9466595714446484, 1.0, 1.0, 1.0, 1.0, 0.7016265496309229, 1.0, 1.0, 1.0, 1.0, 1.0, 0.9273308669742027, 1.0, 1.0, 1.0, 0.8523636516116309, 0.9601466755014141, 0.9238877689380496, 0.9332624127367197, 1.0, 1.0, 1.0, 1.0, 1.0, 1.0, 0.7026615485512439, 1.0, 1.0, 0.7944107194467429, 1.0, 0.9647268293826727, 1.0, 0.8431562214105013, 1.0, 1.0, 0.8895342368991435, 1.0, 1.0, 1.0, 1.0, 1.0, 0.8953661348226227, 1.0, 1.0, 1.0, 1.0, 0.9630476148256921, 0.9056583090096291, 1.0, 0.8215803485831588, 1.0, 1.0, 1.0, 1.0, 1.0, 1.0, 1.0, 1.0, 1.0, 1.0, 1.0, 1.0, 1.0, 1.0, 0.966664755877954, 1.0, 1.0, 1.0, 0.9045508804845042, 1.0, 1.0, 0.9493239030379825, 0.9583676774082095, 0.9407613352737074, 1.0, 1.0, 0.9370576952964131, 0.8573835536643046, 0.9443755095409017, 0.9543920430664012, 0.9370576952964131, 1.0, 0.8761569670973709, 0.8576767641936891, 1.0, 1.0, 1.0, 0.9472873156881443, 0.9466595714446484, 0.8356514035859939, 1.0, 1.0, 0.7292149374693833, 1.0, 1.0, 0.7016265496309229, 0.9653175874774487, 0.9525078218537795, 1.0, 0.8684929871970886, 1.0, 0.8806751756510949, 0.8045788816545087, 0.8648103351245982, 1.0, 1.0, 1.0, 0.6851513300845844, 0.9517918920357142, 1.0, 1.0, 0.7583676774082094, 0.9207265089204273, 0.940598945729278, 1.0, 1.0, 1.0, 1.0, 0.9321212086381336, 0.940101844638672, 1.0, 1.0, 1.0, 0.9470228248649237, 1.0, 1.0, 1.0, 0.8642470965743208, 0.9309949427736264, 1.0, 1.0, 1.0, 1.0, 1.0, 1.0, 0.6925131239952165, 1.0, 1.0, 1.0, 0.7109954304309151, 1.0, 0.9365809638486668, 1.0, 1.0, 0.557115595241456, 0.7810580026281693, 1.0, 0.7877842946802818, 1.0, 1.0, 0.9215834056802388, 1.0, 0.936752055107628, 1.0, 1.0, 0.9693261143428569, 0.9354021130737269, 1.0, 0.9085309210098864, 1.0, 1.0, 1.0, 0.9215834056802388, 1.0, 1.0, 0.9149336239632064, 1.0, 1.0, 1.0, 1.0, 1.0, 0.7378414230005441, 0.9044642401339957, 1.0, 1.0, 1.0, 0.7109954304309151, 1.0, 1.0, 1.0, 1.0, 1.0, 1.0, 1.0, 1.0, 1.0, 0.829922431649786, 0.8482106094153985, 0.9468351265733028, 0.862347908057336, 1.0, 0.9170576952964131, 1.0, 0.9099697272423548, 0.8648103351245982, 1.0, 0.7001129433458121, 1.0, 1.0, 1.0, 1.0, 0.7345176572401336, 1.0, 1.0, 0.9207265089204273, 0.8311846501490564, 0.8871606681680837, 1.0, 1.0, 1.0, 0.928067052222928, 1.0, 1.0, 1.0, 0.9213836287468253, 0.940101844638672]
Finish training and take 37m
