Namespace(log_name='./RQ5/bugsinpy_1_2/codet5p_770m.log', model_name='Salesforce/codet5p-770m', lang='python', output_dir='RQ5/bugsinpy_1_2/codet5p_770m', data_dir='./data/RQ5/bugsinpy_1_2', choice=0, no_cuda=False, visible_gpu='0', num_train_epochs=10, num_test_epochs=1, train_batch_size=4, eval_batch_size=4, gradient_accumulation_steps=1, load_model_path=None, config_name='', tokenizer_name='', max_source_length=512, max_target_length=512, warm_up_ratio=0.1, do_train=True, do_eval=True, do_test=True, freeze=False, learning_rate=5e-05, beam_size=10, weight_decay=0.0, adam_epsilon=1e-08, local_rank=-1, seed=42, early_stop_threshold=3)
Process rank: -1, device: cuda, n_gpu: 1, distributed training: False
Model created!!
[[{'text': "def match(command):  def _parse_operations(help_text_lines):     operation_regex = re.compile(b'^([a-z-]+) +', re.MULTILINE)      return operation_regex.findall(help_text_lines)", 'loss_ids': 0, 'shortenable_ids': 1}, {'text': '<mask>', 'loss_ids': 1, 'shortenable_ids': 0}, {'text': 'is the fixed version', 'loss_ids': 0, 'shortenable_ids': 0}], {'guid': 0, 'tgt_text': "def match(command):  def _parse_operations(help_text_lines):     operation_regex = re.compile(r'^([a-z-]+) +', re.MULTILINE)      return operation_regex.findall(help_text_lines)"}]
***** Running training *****
  Num examples = 1
  Batch size = 4
  Num epoch = 10

***** Running evaluation *****
  Num examples = 100
  Batch size = 4
  epoch = 0
  eval_ppl = 5.32401399336672e+273
  global_step = 2
  train_loss = 46.55
  ********************
Previous best ppl:inf
Achieve Best ppl:5.32401399336672e+273
  ********************
BLEU file: ./data/RQ5/bugsinpy_1_2/validation.jsonl
  codebleu-4 = 24.32 	 Previous best codebleu 0
  ********************
 Achieve Best bleu:24.32
  ********************

***** Running evaluation *****
  Num examples = 100
  Batch size = 4
  epoch = 1
  eval_ppl = 4.555814174565344e+227
  global_step = 3
  train_loss = 38.3115
  ********************
Previous best ppl:5.32401399336672e+273
Achieve Best ppl:4.555814174565344e+227
  ********************
BLEU file: ./data/RQ5/bugsinpy_1_2/validation.jsonl
  codebleu-4 = 30.73 	 Previous best codebleu 24.32
  ********************
 Achieve Best bleu:30.73
  ********************

***** Running evaluation *****
  Num examples = 100
  Batch size = 4
  epoch = 2
  eval_ppl = 1.9087548137220043e+212
  global_step = 4
  train_loss = 15.3903
  ********************
Previous best ppl:4.555814174565344e+227
Achieve Best ppl:1.9087548137220043e+212
  ********************
BLEU file: ./data/RQ5/bugsinpy_1_2/validation.jsonl
  codebleu-4 = 58.32 	 Previous best codebleu 30.73
  ********************
 Achieve Best bleu:58.32
  ********************

***** Running evaluation *****
  Num examples = 100
  Batch size = 4
  epoch = 3
  eval_ppl = 1.2279702645197177e+218
  global_step = 5
  train_loss = 4.2233
  ********************
Previous best ppl:1.9087548137220043e+212
BLEU file: ./data/RQ5/bugsinpy_1_2/validation.jsonl
  codebleu-4 = 56.82 	 Previous best codebleu 58.32
  ********************

***** Running evaluation *****
  Num examples = 100
  Batch size = 4
  epoch = 4
  eval_ppl = 8.925629582148596e+229
  global_step = 6
  train_loss = 1.4509
  ********************
Previous best ppl:1.9087548137220043e+212
BLEU file: ./data/RQ5/bugsinpy_1_2/validation.jsonl
  codebleu-4 = 55.95 	 Previous best codebleu 58.32
  ********************

***** Running evaluation *****
  Num examples = 100
  Batch size = 4
  epoch = 5
  eval_ppl = 3.958459940503455e+241
  global_step = 7
  train_loss = 0.9549
  ********************
Previous best ppl:1.9087548137220043e+212
BLEU file: ./data/RQ5/bugsinpy_1_2/validation.jsonl
  codebleu-4 = 53.66 	 Previous best codebleu 58.32
  ********************
early stopping!!!
reload model from RQ5/bugsinpy_1_2/codet5p_770m/checkpoint-best-bleu
BLEU file: ./data/RQ5/bugsinpy_1_2/test.jsonl
  codebleu = 57.69 
  Total = 117 
  Exact Fixed = 0 
[]
  Syntax Fixed = 0 
[]
  Cleaned Fixed = 0 
[]
  ********************
  Total = 117 
  Exact Fixed = 0 
[]
  Syntax Fixed = 0 
[]
  Cleaned Fixed = 0 
[]
  codebleu = 57.69 
[0.6841374317909407, 0.676525822803221, 0.6975903401692451, 0.5685148091724549, 0.25718087898347913, 0.7420541780659815, 0.8611544762176193, 0.5957503489759557, 0.7549669674736412, 0.8736270526063763, 0.8773104352365284, 0.8674433454759134, 0.725598015348109, 0.2702422916985051, 0.7273846332959691, 0.8631855387221548, 0.49601645516071086, 0.9168126570725612, 0.3623216904307785, 0.3106885416678903, 0.8385834949297515, 0.7993127476344095, 0.3981504708963407, 0.24997171367931298, 0.7884485258508804, 0.7715012035371895, 0.6198304654478718, 0.10019599428269976, 0.3056727093886051, 0.0012596465037008108, 0.23928293680509116, 0.8195330229945343, 0.878865255109752, 0.8300638244826566, 0.2617884834430795, 0.48252943102905665, 0.25209682620849416, 0.2769898783412783, 0.8703246706459902, 0.252880142012568, 0.8358395384567638, 0.8834630241782442, 0.7896354401872717, 0.8789801838086921, 0.9178662308912058, 0.3009346077084757, 0.6728230800934798, 0.8871978499693505, 0.5552405395605323, 0.6374410208386678, 0.8352894783834772, 0.269909166860721, 0.7953587603777192, 0.1791013196504749, 0.6508693332230462, 0.5750296146943328, 0.8475332565755729, 0.8021170040829606, 0.47166395418323315, 0.7507982187182929, 0.8077895563342797, 0.6031744462000805, 0.5332643984189571, 0.9411542454583528, 0.4499974463072307, 0.300127428534517, 0.6601281703247908, 0.9056583090096291, 0.3258933307614279, 0.23193088031698658, 0.8808919461147899, 0.14701913799841637, 0.0, 0.6355414480466737, 0.2578365064258789, 0.7370819634604255, 0.3187178630122235, 0.27129997043118725, 0.29896096004077366, 0.038047810800875985, 0.5603346241114819, 0.29792379381177553, 0.7714650156104186, 0.26017492891995225, 0.7332519354895861, 0.7299807228702401, 0.583933634540305, 0.7449734989717058, 0.30086740072525786, 0.860117164263619, 0.7531797171538064, 0.5548317437859801, 0.4383671043156424, 0.08880411086888819, 0.7702510467928358, 0.2808315094613494, 0.003529411764705882, 0.5911575069958935, 0.8137650975646951, 0.2554024485440388, 0.8362747318435784, 0.4241966814717523, 0.8594942629236695, 0.9204219587780458, 0.8399114554115357, 0.5571314709024371, 0.772300867098345, 0.7643613010325891, 0.5117566728908322, 0.5031454515892138, 0.14508046761640217, 0.5465574335200324, 0.9142445273649933, 0.7768711691119308, 0.22175090773273504, 0.7093853536262804, 0.7572098935987482]
Finish training and take 38m
