Namespace(log_name='./RQ5/java_5/2_codet5p_220m.log', model_name='Salesforce/codet5p-220m', lang='java', output_dir='RQ5/java_5/2_codet5p_220m', data_dir='./data/RQ5/java_5_2', no_cuda=False, visible_gpu='0', num_train_epochs=10, num_test_epochs=1, train_batch_size=16, eval_batch_size=2, gradient_accumulation_steps=1, load_model_path=None, config_name='', tokenizer_name='', max_source_length=512, max_target_length=512, warm_up_ratio=0.1, do_train=True, do_eval=True, do_test=True, freeze=False, learning_rate=5e-05, beam_size=10, weight_decay=0.0, adam_epsilon=1e-08, local_rank=-1, seed=42, early_stop_threshold=3)
Process rank: -1, device: cuda, n_gpu: 1, distributed training: False
Model created!!
[[{'text': 'boolean isAssignedOnceInLifetime() {        for (BasicBlock block = ref.getBasicBlock();             block != null; block = block.getParent()) {          if (block.isFunction) {            break;          } else if (block.isLoop) {            return false;', 'loss_ids': 0, 'shortenable_ids': 1}, {'text': '<mask>', 'loss_ids': 1, 'shortenable_ids': 0}, {'text': '', 'loss_ids': 0, 'shortenable_ids': 0}], {'guid': 0, 'tgt_text': 'boolean isAssignedOnceInLifetime() {        for (BasicBlock block = ref.getBasicBlock();             block != null; block = block.getParent()) {          if (block.isFunction) {           if (ref.getSymbol().getScope() != ref.scope) {             return false;           }            break;          } else if (block.isLoop) {            return false;'}]
***** Running training *****
  Num examples = 5
  Batch size = 16
  Num epoch = 10

***** Running evaluation *****
  Num examples = 500
  Batch size = 2
  epoch = 0
  eval_ppl = inf
  global_step = 2
  train_loss = 62.8677
  ********************
Previous best ppl:inf
Achieve Best ppl:inf
  ********************
BLEU file: ./data/RQ5/java_5_2/validation.jsonl
