Namespace(log_name='./RQ5/python_300/1_codet5p_770m.log', model_name='Salesforce/codet5p-770m', lang='python', output_dir='RQ5/python_300/1_codet5p_770m', data_dir='./data/RQ5/python_300_1', no_cuda=False, visible_gpu='0', num_train_epochs=10, num_test_epochs=1, train_batch_size=4, eval_batch_size=2, gradient_accumulation_steps=1, load_model_path=None, config_name='', tokenizer_name='', max_source_length=512, max_target_length=512, warm_up_ratio=0.1, do_train=True, do_eval=True, do_test=True, freeze=False, learning_rate=5e-05, beam_size=10, weight_decay=0.0, adam_epsilon=1e-08, local_rank=-1, seed=42, early_stop_threshold=3)
Process rank: -1, device: cuda, n_gpu: 1, distributed training: False
Model created!!
[[{'text': "class YoutubeDL(object):                  elif type in [tokenize.NAME, tokenize.NUMBER]:                      current_selector = FormatSelector(SINGLE, string, [])                  elif type == tokenize.OP:                     if string in endwith:                          break                     elif string == ')':                          tokens.restore_last_token()                          break                     if string == ',':                          selectors.append(current_selector)                          current_selector = None                      elif string == '/':                          first_choice = current_selector                         second_choice = _parse_format_selection(tokens, [','])                          current_selector = None                          selectors.append(FormatSelector(PICKFIRST, (first_choice, second_choice), []))                      elif string == '[':", 'loss_ids': 0, 'shortenable_ids': 1}, {'text': '<mask>', 'loss_ids': 1, 'shortenable_ids': 0}, {'text': '', 'loss_ids': 0, 'shortenable_ids': 0}], {'guid': 0, 'tgt_text': "class YoutubeDL(object):                  elif type in [tokenize.NAME, tokenize.NUMBER]:                      current_selector = FormatSelector(SINGLE, string, [])                  elif type == tokenize.OP:                     if string == ')':                         if not inside_group:                             tokens.restore_last_token()                          break                     elif inside_merge and string in ['/', ',']:                          tokens.restore_last_token()                          break                     elif inside_choice and string == ',':                         tokens.restore_last_token()                         break                     elif string == ',':                          selectors.append(current_selector)                          current_selector = None                      elif string == '/':                          first_choice = current_selector                         second_choice = _parse_format_selection(tokens, inside_choice=True)                          current_selector = None                          selectors.append(FormatSelector(PICKFIRST, (first_choice, second_choice), []))                      elif string == '[':"}]
***** Running training *****
  Num examples = 300
  Batch size = 4
  Num epoch = 10

***** Running evaluation *****
  Num examples = 38
  Batch size = 2
  epoch = 0
  eval_ppl = 2.9950765182293982e+259
  global_step = 76
  train_loss = 66.5893
  ********************
Previous best ppl:inf
Achieve Best ppl:2.9950765182293982e+259
  ********************
BLEU file: ./data/RQ5/python_300_1/validation.jsonl
  codebleu-4 = 72.76 	 Previous best codebleu 0
  ********************
 Achieve Best bleu:72.76
  ********************

***** Running evaluation *****
  Num examples = 38
  Batch size = 2
  epoch = 1
  eval_ppl = 4.603988720249143e+279
  global_step = 151
  train_loss = 37.7127
  ********************
Previous best ppl:2.9950765182293982e+259
BLEU file: ./data/RQ5/python_300_1/validation.jsonl
  codebleu-4 = 73.86 	 Previous best codebleu 72.76
  ********************
 Achieve Best bleu:73.86
  ********************

***** Running evaluation *****
  Num examples = 38
  Batch size = 2
  epoch = 2
  eval_ppl = 1.117953561416896e+270
  global_step = 226
  train_loss = 21.2817
  ********************
Previous best ppl:2.9950765182293982e+259
BLEU file: ./data/RQ5/python_300_1/validation.jsonl
  codebleu-4 = 74.93 	 Previous best codebleu 73.86
  ********************
 Achieve Best bleu:74.93
  ********************

***** Running evaluation *****
  Num examples = 38
  Batch size = 2
  epoch = 3
  eval_ppl = 5.978045918590838e+274
  global_step = 301
  train_loss = 12.1373
  ********************
Previous best ppl:2.9950765182293982e+259
BLEU file: ./data/RQ5/python_300_1/validation.jsonl
  codebleu-4 = 75.96 	 Previous best codebleu 74.93
  ********************
 Achieve Best bleu:75.96
  ********************

***** Running evaluation *****
  Num examples = 38
  Batch size = 2
  epoch = 4
  eval_ppl = 5.230838479195091e+285
  global_step = 376
  train_loss = 6.7467
  ********************
Previous best ppl:2.9950765182293982e+259
BLEU file: ./data/RQ5/python_300_1/validation.jsonl
  codebleu-4 = 76.61 	 Previous best codebleu 75.96
  ********************
 Achieve Best bleu:76.61
  ********************

***** Running evaluation *****
  Num examples = 38
  Batch size = 2
  epoch = 5
  eval_ppl = 4.654134173461506e+296
  global_step = 451
  train_loss = 4.293
  ********************
Previous best ppl:2.9950765182293982e+259
BLEU file: ./data/RQ5/python_300_1/validation.jsonl
  codebleu-4 = 76.94 	 Previous best codebleu 76.61
  ********************
 Achieve Best bleu:76.94
  ********************

***** Running evaluation *****
  Num examples = 38
  Batch size = 2
  epoch = 6
  eval_ppl = 7.996640450132054e+300
  global_step = 526
  train_loss = 2.2486
  ********************
Previous best ppl:2.9950765182293982e+259
BLEU file: ./data/RQ5/python_300_1/validation.jsonl
  codebleu-4 = 75.18 	 Previous best codebleu 76.94
  ********************

***** Running evaluation *****
  Num examples = 38
  Batch size = 2
  epoch = 7
  eval_ppl = 9.949611170617514e+297
  global_step = 601
  train_loss = 1.6228
  ********************
Previous best ppl:2.9950765182293982e+259
BLEU file: ./data/RQ5/python_300_1/validation.jsonl
  codebleu-4 = 76.31 	 Previous best codebleu 76.94
  ********************

***** Running evaluation *****
  Num examples = 38
  Batch size = 2
  epoch = 8
  eval_ppl = 3.656004948195696e+299
  global_step = 676
  train_loss = 1.149
  ********************
Previous best ppl:2.9950765182293982e+259
BLEU file: ./data/RQ5/python_300_1/validation.jsonl
  codebleu-4 = 76.28 	 Previous best codebleu 76.94
  ********************
early stopping!!!
reload model from RQ5/python_300/1_codet5p_770m/checkpoint-best-bleu
BLEU file: ./data/RQ5/python_300_1/test.jsonl
  codebleu = 72.99 
  Total = 37 
  Exact Fixed = 2 
[8, 37]
  Syntax Fixed = 0 
[]
  Cleaned Fixed = 0 
[]
  ********************
  Total = 37 
  Exact Fixed = 2 
[8, 37]
  Syntax Fixed = 0 
[]
  Cleaned Fixed = 0 
[]
  codebleu = 72.99 
[0.845087053073633, 0.8884573785188872, 0.8923125000332248, 0.8674433454759134, 0.49150427670545643, 0.6853803599169206, 0.7768711691119308, 1.0, 0.5911195501972704, 0.8475332565755729, 0.39686614731832626, 0.5117566728908322, 0.884250182279102, 0.549916846856608, 0.8808919461147899, 0.8834124216164225, 0.7714650156104186, 0.7420541780659815, 0.7507982187182929, 0.568803606953774, 0.7243849758480987, 0.2599906717142791, 0.7054205510195735, 0.1951298588706097, 0.9142445273649933, 0.8052050509144788, 0.7205089220380079, 0.7332519354895861, 0.8300101016746005, 0.7884485258508804, 0.6439391185600173, 0.7669617847742995, 0.6675881054170294, 0.8086254987195756, 0.7388721037764168, 0.8789801838086921, 1.0]
Finish training and take 24m
Namespace(log_name='./RQ5/python_300/1_codet5p_770m.log', model_name='Salesforce/codet5p-770m', lang='python', output_dir='RQ5/python_300/1_codet5p_770m', data_dir='./data/RQ5/python_300_1', no_cuda=False, visible_gpu='0', num_train_epochs=10, num_test_epochs=1, train_batch_size=4, eval_batch_size=2, gradient_accumulation_steps=1, load_model_path=None, config_name='', tokenizer_name='', max_source_length=512, max_target_length=512, warm_up_ratio=0.1, do_train=True, do_eval=True, do_test=True, freeze=False, learning_rate=5e-05, beam_size=10, weight_decay=0.0, adam_epsilon=1e-08, local_rank=-1, seed=42, early_stop_threshold=3)
Process rank: -1, device: cuda, n_gpu: 1, distributed training: False
Model created!!
[[{'text': "class YoutubeDL(object):                  elif type in [tokenize.NAME, tokenize.NUMBER]:                      current_selector = FormatSelector(SINGLE, string, [])                  elif type == tokenize.OP:                     if string in endwith:                          break                     elif string == ')':                          tokens.restore_last_token()                          break                     if string == ',':                          selectors.append(current_selector)                          current_selector = None                      elif string == '/':                          first_choice = current_selector                         second_choice = _parse_format_selection(tokens, [','])                          current_selector = None                          selectors.append(FormatSelector(PICKFIRST, (first_choice, second_choice), []))                      elif string == '[':", 'loss_ids': 0, 'shortenable_ids': 1}, {'text': '<mask>', 'loss_ids': 1, 'shortenable_ids': 0}, {'text': '', 'loss_ids': 0, 'shortenable_ids': 0}], {'guid': 0, 'tgt_text': "class YoutubeDL(object):                  elif type in [tokenize.NAME, tokenize.NUMBER]:                      current_selector = FormatSelector(SINGLE, string, [])                  elif type == tokenize.OP:                     if string == ')':                         if not inside_group:                             tokens.restore_last_token()                          break                     elif inside_merge and string in ['/', ',']:                          tokens.restore_last_token()                          break                     elif inside_choice and string == ',':                         tokens.restore_last_token()                         break                     elif string == ',':                          selectors.append(current_selector)                          current_selector = None                      elif string == '/':                          first_choice = current_selector                         second_choice = _parse_format_selection(tokens, inside_choice=True)                          current_selector = None                          selectors.append(FormatSelector(PICKFIRST, (first_choice, second_choice), []))                      elif string == '[':"}]
***** Running training *****
  Num examples = 300
  Batch size = 4
  Num epoch = 10

***** Running evaluation *****
  Num examples = 104
  Batch size = 2
  epoch = 0
  eval_ppl = inf
  global_step = 76
  train_loss = 66.5893
  ********************
Previous best ppl:inf
Achieve Best ppl:inf
  ********************
BLEU file: ./data/RQ5/python_300_1/validation.jsonl
  codebleu-4 = 74.45 	 Previous best codebleu 0
  ********************
 Achieve Best bleu:74.45
  ********************

***** Running evaluation *****
  Num examples = 104
  Batch size = 2
  epoch = 1
  eval_ppl = inf
  global_step = 151
  train_loss = 37.7127
  ********************
Previous best ppl:inf
BLEU file: ./data/RQ5/python_300_1/validation.jsonl
  codebleu-4 = 73.97 	 Previous best codebleu 74.45
  ********************

***** Running evaluation *****
  Num examples = 104
  Batch size = 2
  epoch = 2
  eval_ppl = inf
  global_step = 226
  train_loss = 21.2817
  ********************
Previous best ppl:inf
BLEU file: ./data/RQ5/python_300_1/validation.jsonl
  codebleu-4 = 75.61 	 Previous best codebleu 74.45
  ********************
 Achieve Best bleu:75.61
  ********************

***** Running evaluation *****
  Num examples = 104
  Batch size = 2
  epoch = 3
  eval_ppl = inf
  global_step = 301
  train_loss = 12.1373
  ********************
Previous best ppl:inf
BLEU file: ./data/RQ5/python_300_1/validation.jsonl
  codebleu-4 = 76.47 	 Previous best codebleu 75.61
  ********************
 Achieve Best bleu:76.47
  ********************

***** Running evaluation *****
  Num examples = 104
  Batch size = 2
  epoch = 4
  eval_ppl = inf
  global_step = 376
  train_loss = 6.7467
  ********************
Previous best ppl:inf
BLEU file: ./data/RQ5/python_300_1/validation.jsonl
  codebleu-4 = 75.76 	 Previous best codebleu 76.47
  ********************

***** Running evaluation *****
  Num examples = 104
  Batch size = 2
  epoch = 5
  eval_ppl = inf
  global_step = 451
  train_loss = 4.293
  ********************
Previous best ppl:inf
BLEU file: ./data/RQ5/python_300_1/validation.jsonl
  codebleu-4 = 75.75 	 Previous best codebleu 76.47
  ********************

***** Running evaluation *****
  Num examples = 104
  Batch size = 2
  epoch = 6
  eval_ppl = inf
  global_step = 526
  train_loss = 2.2486
  ********************
Previous best ppl:inf
BLEU file: ./data/RQ5/python_300_1/validation.jsonl
  codebleu-4 = 75.04 	 Previous best codebleu 76.47
  ********************
early stopping!!!
reload model from RQ5/python_300/1_codet5p_770m/checkpoint-best-bleu
BLEU file: ./data/RQ5/python_300_1/test.jsonl
  codebleu = 76.35 
  Total = 113 
  Exact Fixed = 7 
[24, 60, 68, 70, 98, 103, 108]
  Syntax Fixed = 1 
[65]
  Cleaned Fixed = 0 
[]
  ********************
  Total = 113 
  Exact Fixed = 7 
[24, 60, 68, 70, 98, 103, 108]
  Syntax Fixed = 1 
[65]
  Cleaned Fixed = 0 
[]
  codebleu = 76.35 
[0.6728230800934798, 0.8834124216164225, 0.6601281703247908, 0.47166395418323315, 0.8052050509144788, 0.9411542454583528, 0.8674433454759134, 0.8300638244826566, 0.5571314709024371, 0.7953587603777192, 0.7714650156104186, 0.8068413656728535, 0.6572726626071705, 0.7768711691119308, 0.6883720951974961, 0.8971695160234401, 0.8856389378075658, 0.6413921957402942, 0.7443181170763433, 0.8884573785188872, 0.7811422794173712, 0.583933634540305, 0.9204219587780458, 1.0, 0.8234479137638847, 0.6508693332230462, 0.4545507520171642, 0.7711221670600811, 0.6853803599169206, 0.568803606953774, 0.7896354401872717, 0.8808919461147899, 0.7420541780659815, 0.8231560738418289, 0.8962096929024133, 0.8773104352365284, 0.8703246706459902, 0.7507982187182929, 0.9142445273649933, 0.7093853536262804, 0.7313821813372119, 0.7572098935987482, 0.8548397899287874, 0.4740532618616287, 0.39686614731832626, 0.5976301703621436, 0.8077895563342797, 0.8782734899756608, 0.549916846856608, 0.7205089220380079, 0.8298943113158599, 0.7549669674736412, 0.7585846389475988, 0.5911195501972704, 0.8362747318435784, 0.5117566728908322, 0.8923125000332248, 0.6939112308588368, 0.7042953619649426, 1.0, 0.845087053073633, 0.20867343826082332, 0.6026966865919932, 0.5037077119806818, 0.947533256575573, 0.7850581680175388, 0.7487578694471887, 1.0, 0.6441425627537012, 1.0, 0.6439391185600173, 0.3031200238102166, 0.9472873156881443, 0.676525822803221, 0.6675881054170294, 0.49150427670545643, 0.8096114788906146, 0.9056583090096291, 0.7449734989717058, 0.8912022993575596, 0.8727790091136098, 0.7318286091585733, 0.7738279988463377, 0.8358395384567638, 0.884250182279102, 0.8399114554115357, 0.8573638305228279, 0.7332519354895861, 0.8086254987195756, 0.9178662308912058, 0.8814955038434287, 0.6270284506612103, 0.8594942629236695, 0.8736270526063763, 0.782053171927164, 0.8934863054803268, 0.8789801838086921, 1.0, 0.7884485258508804, 0.8385834949297515, 0.7225931341121177, 0.6992544185943317, 0.9399649879642329, 0.610067068626702, 0.8300101016746005, 0.8631855387221548, 0.2445473764458221, 1.0, 0.7243849758480987, 0.9246350539097654, 0.9046292183049148, 0.7669617847742995, 0.9244980214694567]
Finish training and take 40m
Namespace(log_name='./RQ5/python_300/1_codet5p_770m.log', model_name='Salesforce/codet5p-770m', lang='python', output_dir='RQ5/python_300/1_codet5p_770m', data_dir='./data/RQ5/python_300_1', no_cuda=False, visible_gpu='0', num_train_epochs=10, num_test_epochs=1, train_batch_size=4, eval_batch_size=2, gradient_accumulation_steps=1, load_model_path=None, config_name='', tokenizer_name='', max_source_length=512, max_target_length=512, warm_up_ratio=0.1, do_train=True, do_eval=True, do_test=True, freeze=False, learning_rate=5e-05, beam_size=10, weight_decay=0.0, adam_epsilon=1e-08, local_rank=-1, seed=42, early_stop_threshold=3)
Process rank: -1, device: cuda, n_gpu: 1, distributed training: False
Model created!!
[[{'text': "class YoutubeDL(object):                  elif type in [tokenize.NAME, tokenize.NUMBER]:                      current_selector = FormatSelector(SINGLE, string, [])                  elif type == tokenize.OP:                     if string in endwith:                          break                     elif string == ')':                          tokens.restore_last_token()                          break                     if string == ',':                          selectors.append(current_selector)                          current_selector = None                      elif string == '/':                          first_choice = current_selector                         second_choice = _parse_format_selection(tokens, [','])                          current_selector = None                          selectors.append(FormatSelector(PICKFIRST, (first_choice, second_choice), []))                      elif string == '[':", 'loss_ids': 0, 'shortenable_ids': 1}, {'text': '<mask>', 'loss_ids': 1, 'shortenable_ids': 0}, {'text': '', 'loss_ids': 0, 'shortenable_ids': 0}], {'guid': 0, 'tgt_text': "class YoutubeDL(object):                  elif type in [tokenize.NAME, tokenize.NUMBER]:                      current_selector = FormatSelector(SINGLE, string, [])                  elif type == tokenize.OP:                     if string == ')':                         if not inside_group:                             tokens.restore_last_token()                          break                     elif inside_merge and string in ['/', ',']:                          tokens.restore_last_token()                          break                     elif inside_choice and string == ',':                         tokens.restore_last_token()                         break                     elif string == ',':                          selectors.append(current_selector)                          current_selector = None                      elif string == '/':                          first_choice = current_selector                         second_choice = _parse_format_selection(tokens, inside_choice=True)                          current_selector = None                          selectors.append(FormatSelector(PICKFIRST, (first_choice, second_choice), []))                      elif string == '[':"}]
***** Running training *****
  Num examples = 300
  Batch size = 4
  Num epoch = 10

***** Running evaluation *****
  Num examples = 104
  Batch size = 2
  epoch = 0
  eval_ppl = inf
  global_step = 76
  train_loss = 66.5893
  ********************
Previous best ppl:inf
Achieve Best ppl:inf
  ********************
BLEU file: ./data/RQ5/python_300_1/validation.jsonl
