Namespace(log_name='./RQ5/python_300/3_codet5p_220m.log', model_name='Salesforce/codet5p-220m', lang='python', output_dir='RQ5/python_300/3_codet5p_220m', data_dir='./data/RQ5/python_300_3', no_cuda=False, visible_gpu='0', num_train_epochs=10, num_test_epochs=1, train_batch_size=4, eval_batch_size=2, gradient_accumulation_steps=1, load_model_path=None, config_name='', tokenizer_name='', max_source_length=512, max_target_length=512, warm_up_ratio=0.1, do_train=True, do_eval=True, do_test=True, freeze=False, learning_rate=5e-05, beam_size=10, weight_decay=0.0, adam_epsilon=1e-08, local_rank=-1, seed=42, early_stop_threshold=3)
Process rank: -1, device: cuda, n_gpu: 1, distributed training: False
Model created!!
[[{'text': 'class PeriodIndex(DatetimeIndexOpsMixin, Int64Index):      def get_indexer_non_unique(self, target):          target = ensure_index(target)         if isinstance(target, PeriodIndex):             if target.freq != self.freq:                 no_matches = -1 * np.ones(self.shape, dtype=np.intp)                 return no_matches, no_matches             target = target.asi8          indexer, missing = self._int64index.get_indexer_non_unique(target)          return ensure_platform_int(indexer), missing', 'loss_ids': 0, 'shortenable_ids': 1}, {'text': '<mask>', 'loss_ids': 1, 'shortenable_ids': 0}, {'text': '', 'loss_ids': 0, 'shortenable_ids': 0}], {'guid': 0, 'tgt_text': 'class PeriodIndex(DatetimeIndexOpsMixin, Int64Index):      def get_indexer_non_unique(self, target):          target = ensure_index(target)         if not self._is_comparable_dtype(target.dtype):             no_matches = -1 * np.ones(self.shape, dtype=np.intp)             return no_matches, no_matches         target = target.asi8          indexer, missing = self._int64index.get_indexer_non_unique(target)          return ensure_platform_int(indexer), missing'}]
***** Running training *****
  Num examples = 300
  Batch size = 4
  Num epoch = 10

***** Running evaluation *****
  Num examples = 104
  Batch size = 2
  epoch = 0
  eval_ppl = inf
  global_step = 76
  train_loss = 66.0956
  ********************
Previous best ppl:inf
Achieve Best ppl:inf
  ********************
BLEU file: ./data/RQ5/python_300_3/validation.jsonl
  codebleu-4 = 74.42 	 Previous best codebleu 0
  ********************
 Achieve Best bleu:74.42
  ********************

***** Running evaluation *****
  Num examples = 104
  Batch size = 2
  epoch = 1
  eval_ppl = inf
  global_step = 151
  train_loss = 40.4996
  ********************
Previous best ppl:inf
BLEU file: ./data/RQ5/python_300_3/validation.jsonl
  codebleu-4 = 75.03 	 Previous best codebleu 74.42
  ********************
 Achieve Best bleu:75.03
  ********************

***** Running evaluation *****
  Num examples = 104
  Batch size = 2
  epoch = 2
  eval_ppl = inf
  global_step = 226
  train_loss = 27.03
  ********************
Previous best ppl:inf
BLEU file: ./data/RQ5/python_300_3/validation.jsonl
  codebleu-4 = 75.6 	 Previous best codebleu 75.03
  ********************
 Achieve Best bleu:75.6
  ********************

***** Running evaluation *****
  Num examples = 104
  Batch size = 2
  epoch = 3
  eval_ppl = inf
  global_step = 301
  train_loss = 18.7354
  ********************
Previous best ppl:inf
BLEU file: ./data/RQ5/python_300_3/validation.jsonl
  codebleu-4 = 74.9 	 Previous best codebleu 75.6
  ********************

***** Running evaluation *****
  Num examples = 104
  Batch size = 2
  epoch = 4
  eval_ppl = inf
  global_step = 376
  train_loss = 12.9306
  ********************
Previous best ppl:inf
BLEU file: ./data/RQ5/python_300_3/validation.jsonl
  codebleu-4 = 76.9 	 Previous best codebleu 75.6
  ********************
 Achieve Best bleu:76.9
  ********************

***** Running evaluation *****
  Num examples = 104
  Batch size = 2
  epoch = 5
  eval_ppl = inf
  global_step = 451
  train_loss = 8.7338
  ********************
Previous best ppl:inf
BLEU file: ./data/RQ5/python_300_3/validation.jsonl
  codebleu-4 = 76.28 	 Previous best codebleu 76.9
  ********************

***** Running evaluation *****
  Num examples = 104
  Batch size = 2
  epoch = 6
  eval_ppl = inf
  global_step = 526
  train_loss = 5.8987
  ********************
Previous best ppl:inf
BLEU file: ./data/RQ5/python_300_3/validation.jsonl
  codebleu-4 = 76.32 	 Previous best codebleu 76.9
  ********************

***** Running evaluation *****
  Num examples = 104
  Batch size = 2
  epoch = 7
  eval_ppl = inf
  global_step = 601
  train_loss = 4.5324
  ********************
Previous best ppl:inf
BLEU file: ./data/RQ5/python_300_3/validation.jsonl
  codebleu-4 = 76.32 	 Previous best codebleu 76.9
  ********************
early stopping!!!
reload model from RQ5/python_300/3_codet5p_220m/checkpoint-best-bleu
BLEU file: ./data/RQ5/python_300_3/test.jsonl
  codebleu = 77.35 
  Total = 113 
  Exact Fixed = 10 
[7, 24, 28, 53, 68, 70, 86, 98, 99, 103]
  Syntax Fixed = 0 
[]
  Cleaned Fixed = 0 
[]
  ********************
  Total = 113 
  Exact Fixed = 10 
[7, 24, 28, 53, 68, 70, 86, 98, 99, 103]
  Syntax Fixed = 0 
[]
  Cleaned Fixed = 0 
[]
  codebleu = 77.35 
[0.6728230800934798, 0.6428525929504763, 0.6601281703247908, 0.47166395418323315, 0.8052050509144788, 0.9411542454583528, 1.0, 0.8300638244826566, 0.5222629135218828, 0.7953587603777192, 0.7714650156104186, 0.8068413656728535, 0.8475864225311183, 0.7768711691119308, 0.6883720951974961, 0.8677741329968014, 0.8856389378075658, 0.7495558911650952, 0.7443181170763433, 0.8884573785188872, 0.7811422794173712, 0.583933634540305, 0.9204219587780458, 1.0, 0.8234479137638847, 0.6508693332230462, 0.4545507520171642, 1.0, 0.6853803599169206, 0.568803606953774, 0.2781889537726651, 0.8808919461147899, 0.7420541780659815, 0.8231560738418289, 0.8962096929024133, 0.8773104352365284, 0.8703246706459902, 0.7507982187182929, 0.9142445273649933, 0.7093853536262804, 0.788050295413492, 0.7572098935987482, 0.8548397899287874, 0.4740532618616287, 0.39686614731832626, 0.7715012035371895, 0.8077895563342797, 0.8782734899756608, 0.549916846856608, 0.7205089220380079, 0.9309470682699423, 0.8899461006727245, 1.0, 0.5911195501972704, 0.8022604263379136, 0.5117566728908322, 0.8923125000332248, 0.6939112308588368, 0.7042953619649426, 0.860117164263619, 0.845087053073633, 0.20867343826082332, 0.5466551859105422, 0.5037077119806818, 0.8475332565755729, 0.7503415008507734, 0.7531797171538064, 1.0, 0.6441425627537012, 1.0, 0.6439391185600173, 0.3031200238102166, 0.9472873156881443, 0.676525822803221, 0.6675881054170294, 0.49150427670545643, 0.8096114788906146, 0.9056583090096291, 0.7449734989717058, 0.8912022993575596, 0.8727790091136098, 0.7318286091585733, 0.7738279988463377, 0.8358395384567638, 0.884250182279102, 1.0, 0.8573638305228279, 0.7332519354895861, 0.8086254987195756, 0.9178662308912058, 0.8814955038434287, 0.8346354401872718, 0.8594942629236695, 0.8736270526063763, 0.782053171927164, 0.8934863054803268, 0.8789801838086921, 1.0, 0.9355467351067721, 0.8385834949297515, 0.7225931341121177, 0.878865255109752, 0.9399649879642329, 0.610067068626702, 0.8300101016746005, 0.8631855387221548, 0.621240758456996, 0.8611544762176193, 0.7243849758480987, 0.9246350539097654, 0.9046292183049148, 0.7669617847742995, 0.9244980214694567]
Finish training and take 24m
