Namespace(log_name='./RQ5/python_300/f1_codet5p_220m.log', model_name='Salesforce/codet5p-220m', lang='python', output_dir='RQ5/python_300/f1_codet5p_220m', data_dir='./data/RQ5/python_300_1', no_cuda=False, visible_gpu='0', add_task_prefix=False, add_lang_ids=False, num_train_epochs=10, num_test_epochs=10, train_batch_size=8, eval_batch_size=8, gradient_accumulation_steps=2, load_model_path=None, config_name='', tokenizer_name='', max_source_length=128, max_target_length=128, warm_up_ratio=0.1, do_train=True, do_eval=True, do_test=True, do_lower_case=False, learning_rate=5e-05, beam_size=10, weight_decay=0.0, adam_epsilon=1e-08, max_grad_norm=1.0, max_steps=-1, eval_steps=-1, train_steps=-1, local_rank=-1, seed=42, early_stop_threshold=3)
Process rank: -1, device: cuda, n_gpu: 1, distributed training: False, model_name: Salesforce/codet5p-220m
model created!
Total 300 training instances 
***** Running training *****
  Num examples = 300
  Batch size = 8
  Num epoch = 10

***** Running evaluation *****
  Num examples = 37
  Batch size = 8
  epoch = 0
  eval_ppl = 1.00091
  global_step = 38
  train_loss = 0.8698
  ********************
Previous best ppl:inf
Achieve Best ppl:1.00091
  ********************
BLEU file: ./data/RQ5/python_300_1/validation.jsonl
  codebleu-4 = 70.13 	 Previous best codebleu 0
  ********************
 Achieve Best bleu:70.13
  ********************

***** Running evaluation *****
  Num examples = 37
  Batch size = 8
  epoch = 1
  eval_ppl = 1.00075
  global_step = 75
  train_loss = 0.5534
  ********************
Previous best ppl:1.00091
Achieve Best ppl:1.00075
  ********************
BLEU file: ./data/RQ5/python_300_1/validation.jsonl
  codebleu-4 = 72.87 	 Previous best codebleu 70.13
  ********************
 Achieve Best bleu:72.87
  ********************

***** Running evaluation *****
  Num examples = 37
  Batch size = 8
  epoch = 2
  eval_ppl = 1.00073
  global_step = 112
  train_loss = 0.4049
  ********************
Previous best ppl:1.00075
Achieve Best ppl:1.00073
  ********************
BLEU file: ./data/RQ5/python_300_1/validation.jsonl
  codebleu-4 = 72.5 	 Previous best codebleu 72.87
  ********************

***** Running evaluation *****
  Num examples = 37
  Batch size = 8
  epoch = 3
  eval_ppl = 1.00074
  global_step = 149
  train_loss = 0.3053
  ********************
Previous best ppl:1.00073
BLEU file: ./data/RQ5/python_300_1/validation.jsonl
  codebleu-4 = 72.46 	 Previous best codebleu 72.87
  ********************

***** Running evaluation *****
  Num examples = 37
  Batch size = 8
  epoch = 4
  eval_ppl = 1.00075
  global_step = 186
  train_loss = 0.2398
  ********************
Previous best ppl:1.00073
BLEU file: ./data/RQ5/python_300_1/validation.jsonl
  codebleu-4 = 74.41 	 Previous best codebleu 72.87
  ********************
 Achieve Best bleu:74.41
  ********************

***** Running evaluation *****
  Num examples = 37
  Batch size = 8
  epoch = 5
  eval_ppl = 1.00077
  global_step = 223
  train_loss = 0.205
  ********************
Previous best ppl:1.00073
BLEU file: ./data/RQ5/python_300_1/validation.jsonl
  codebleu-4 = 75.01 	 Previous best codebleu 74.41
  ********************
 Achieve Best bleu:75.01
  ********************

***** Running evaluation *****
  Num examples = 37
  Batch size = 8
  epoch = 6
  eval_ppl = 1.0008
  global_step = 260
  train_loss = 0.1664
  ********************
Previous best ppl:1.00073
BLEU file: ./data/RQ5/python_300_1/validation.jsonl
  codebleu-4 = 73.64 	 Previous best codebleu 75.01
  ********************

***** Running evaluation *****
  Num examples = 37
  Batch size = 8
  epoch = 7
  eval_ppl = 1.00082
  global_step = 297
  train_loss = 0.1352
  ********************
Previous best ppl:1.00073
BLEU file: ./data/RQ5/python_300_1/validation.jsonl
  codebleu-4 = 75.01 	 Previous best codebleu 75.01
  ********************

***** Running evaluation *****
  Num examples = 37
  Batch size = 8
  epoch = 8
  eval_ppl = 1.00084
  global_step = 334
  train_loss = 0.1117
  ********************
Previous best ppl:1.00073
BLEU file: ./data/RQ5/python_300_1/validation.jsonl
  codebleu-4 = 75.01 	 Previous best codebleu 75.01
  ********************
reload model from RQ5/python_300/f1_codet5p_220m/checkpoint-best-bleu
BLEU file: ./data/RQ5/python_300_1/test.jsonl
  codebleu = 74.33 
  Total = 37 
  Exact Fixed = 1 
[8]
  Syntax Fixed = 0 
[]
  Cleaned Fixed = 0 
[]
  ********************
  Total = 37 
  Exact Fixed = 1 
[8]
  Syntax Fixed = 0 
[]
  Cleaned Fixed = 0 
[]
  codebleu = 74.33 
[0.845087053073633, 0.8884573785188872, 0.9085800872774439, 0.8674433454759134, 0.49150427670545643, 0.6383801995082642, 0.7768711691119308, 1.0, 0.5911195501972704, 0.8475332565755729, 0.39686614731832626, 0.5117566728908322, 0.884250182279102, 0.549916846856608, 0.8808919461147899, 0.8834124216164225, 0.7714650156104186, 0.7420541780659815, 0.7507982187182929, 0.568803606953774, 0.7243849758480987, 0.29994201050984276, 0.5060250431836375, 0.7504067254288294, 0.9142445273649933, 0.7381684490594698, 0.7205089220380079, 0.7332519354895861, 0.8300101016746005, 0.8634090336969251, 0.6439391185600173, 0.7669617847742995, 0.6675881054170294, 0.8627606169106636, 0.8594942629236695, 0.8789801838086921, 0.9472873156881443]
Finish training and take 4m
Namespace(log_name='./RQ5/python_300/f1_codet5p_220m.log', model_name='Salesforce/codet5p-220m', lang='python', output_dir='RQ5/python_300/f1_codet5p_220m', data_dir='./data/RQ5/python_300_1', no_cuda=False, visible_gpu='0', add_task_prefix=False, add_lang_ids=False, num_train_epochs=10, num_test_epochs=10, train_batch_size=8, eval_batch_size=8, gradient_accumulation_steps=2, load_model_path=None, config_name='', tokenizer_name='', max_source_length=128, max_target_length=128, warm_up_ratio=0.1, do_train=True, do_eval=True, do_test=True, do_lower_case=False, learning_rate=5e-05, beam_size=10, weight_decay=0.0, adam_epsilon=1e-08, max_grad_norm=1.0, max_steps=-1, eval_steps=-1, train_steps=-1, local_rank=-1, seed=42, early_stop_threshold=3)
Process rank: -1, device: cuda, n_gpu: 1, distributed training: False, model_name: Salesforce/codet5p-220m
model created!
Total 300 training instances 
***** Running training *****
  Num examples = 300
  Batch size = 8
  Num epoch = 10
Namespace(log_name='./RQ5/python_300/f1_codet5p_220m.log', model_name='Salesforce/codet5p-220m', lang='python', output_dir='RQ5/python_300/f1_codet5p_220m', data_dir='./data/RQ5/python_300_1', no_cuda=False, visible_gpu='0', add_task_prefix=False, add_lang_ids=False, num_train_epochs=10, num_test_epochs=10, train_batch_size=8, eval_batch_size=8, gradient_accumulation_steps=2, load_model_path=None, config_name='', tokenizer_name='', max_source_length=128, max_target_length=128, warm_up_ratio=0.1, do_train=True, do_eval=True, do_test=True, do_lower_case=False, learning_rate=5e-05, beam_size=10, weight_decay=0.0, adam_epsilon=1e-08, max_grad_norm=1.0, max_steps=-1, eval_steps=-1, train_steps=-1, local_rank=-1, seed=42, early_stop_threshold=3)
Process rank: -1, device: cuda, n_gpu: 1, distributed training: False, model_name: Salesforce/codet5p-220m

***** Running evaluation *****
  Num examples = 103
  Batch size = 8
  epoch = 0
  eval_ppl = 1.00071
  global_step = 38
  train_loss = 0.8698
  ********************
Previous best ppl:inf
Achieve Best ppl:1.00071
  ********************
BLEU file: ./data/RQ5/python_300_1/validation.jsonl
  codebleu-4 = 72.01 	 Previous best codebleu 0
  ********************
 Achieve Best bleu:72.01
  ********************

***** Running evaluation *****
  Num examples = 103
  Batch size = 8
  epoch = 1
  eval_ppl = 1.00061
  global_step = 75
  train_loss = 0.5534
  ********************
Previous best ppl:1.00071
Achieve Best ppl:1.00061
  ********************
BLEU file: ./data/RQ5/python_300_1/validation.jsonl
  codebleu-4 = 74.3 	 Previous best codebleu 72.01
  ********************
 Achieve Best bleu:74.3
  ********************

***** Running evaluation *****
  Num examples = 103
  Batch size = 8
  epoch = 2
  eval_ppl = 1.0006
  global_step = 112
  train_loss = 0.4049
  ********************
Previous best ppl:1.00061
Achieve Best ppl:1.0006
  ********************
BLEU file: ./data/RQ5/python_300_1/validation.jsonl
  codebleu-4 = 74.1 	 Previous best codebleu 74.3
  ********************

***** Running evaluation *****
  Num examples = 103
  Batch size = 8
  epoch = 3
  eval_ppl = 1.00062
  global_step = 149
  train_loss = 0.3053
  ********************
Previous best ppl:1.0006
BLEU file: ./data/RQ5/python_300_1/validation.jsonl
  codebleu-4 = 74.11 	 Previous best codebleu 74.3
  ********************

***** Running evaluation *****
  Num examples = 103
  Batch size = 8
  epoch = 4
  eval_ppl = 1.00064
  global_step = 186
  train_loss = 0.2398
  ********************
Previous best ppl:1.0006
BLEU file: ./data/RQ5/python_300_1/validation.jsonl
  codebleu-4 = 75.12 	 Previous best codebleu 74.3
  ********************
 Achieve Best bleu:75.12
  ********************

***** Running evaluation *****
  Num examples = 103
  Batch size = 8
  epoch = 5
  eval_ppl = 1.00064
  global_step = 223
  train_loss = 0.205
  ********************
Previous best ppl:1.0006
BLEU file: ./data/RQ5/python_300_1/validation.jsonl
  codebleu-4 = 75.29 	 Previous best codebleu 75.12
  ********************
 Achieve Best bleu:75.29
  ********************

***** Running evaluation *****
  Num examples = 103
  Batch size = 8
  epoch = 6
  eval_ppl = 1.00067
  global_step = 260
  train_loss = 0.1664
  ********************
Previous best ppl:1.0006
BLEU file: ./data/RQ5/python_300_1/validation.jsonl
  codebleu-4 = 74.55 	 Previous best codebleu 75.29
  ********************

***** Running evaluation *****
  Num examples = 103
  Batch size = 8
  epoch = 7
  eval_ppl = 1.0007
  global_step = 297
  train_loss = 0.1352
  ********************
Previous best ppl:1.0006
BLEU file: ./data/RQ5/python_300_1/validation.jsonl
  codebleu-4 = 75.53 	 Previous best codebleu 75.29
  ********************
 Achieve Best bleu:75.53
  ********************

***** Running evaluation *****
  Num examples = 103
  Batch size = 8
  epoch = 8
  eval_ppl = 1.00071
  global_step = 334
  train_loss = 0.1117
  ********************
Previous best ppl:1.0006
BLEU file: ./data/RQ5/python_300_1/validation.jsonl
  codebleu-4 = 75.39 	 Previous best codebleu 75.53
  ********************

***** Running evaluation *****
  Num examples = 103
  Batch size = 8
  epoch = 9
  eval_ppl = 1.00071
  global_step = 371
  train_loss = 0.1064
  ********************
Previous best ppl:1.0006
BLEU file: ./data/RQ5/python_300_1/validation.jsonl
  codebleu-4 = 75.28 	 Previous best codebleu 75.53
  ********************
reload model from RQ5/python_300/f1_codet5p_220m/checkpoint-best-bleu
BLEU file: ./data/RQ5/python_300_1/test.jsonl
  codebleu = 76.41 
  Total = 113 
  Exact Fixed = 5 
[24, 60, 68, 86, 102]
  Syntax Fixed = 0 
[]
  Cleaned Fixed = 0 
[]
  ********************
  Total = 113 
  Exact Fixed = 5 
[24, 60, 68, 86, 102]
  Syntax Fixed = 0 
[]
  Cleaned Fixed = 0 
[]
  codebleu = 76.41 
[0.6728230800934798, 0.8834124216164225, 0.7504067254288294, 0.47166395418323315, 0.7381684490594698, 0.9411542454583528, 0.8674433454759134, 0.8300638244826566, 0.5571314709024371, 0.7953587603777192, 0.7714650156104186, 0.8068413656728535, 0.8475864225311183, 0.7768711691119308, 0.6883720951974961, 0.8224009450858702, 0.8856389378075658, 0.6413921957402942, 0.7443181170763433, 0.8884573785188872, 0.7811422794173712, 0.7520456315632097, 0.9204219587780458, 1.0, 0.702513324134441, 0.6508693332230462, 0.4545507520171642, 0.7711221670600811, 0.6383801995082642, 0.568803606953774, 0.7896354401872717, 0.8808919461147899, 0.7420541780659815, 0.8231560738418289, 0.8962096929024133, 0.8398338728659691, 0.8744879458107344, 0.7507982187182929, 0.9142445273649933, 0.7093853536262804, 0.6462250465474844, 0.7572098935987482, 0.8548397899287874, 0.4740532618616287, 0.46694054865928003, 0.7715012035371895, 0.8077895563342797, 0.8782734899756608, 0.549916846856608, 0.5848279818283263, 0.7925837947952418, 0.7419234892127716, 0.7585846389475988, 0.5911195501972704, 0.8362747318435784, 0.5117566728908322, 0.9085800872774439, 0.6552141124632096, 0.7042953619649426, 1.0, 0.845087053073633, 0.29994201050984276, 0.6356257812621184, 0.5037077119806818, 0.8475332565755729, 0.8033474750829797, 0.6912839194683364, 1.0, 0.6441425627537012, 0.5750974938187585, 0.6439391185600173, 0.2693202213444841, 0.9472873156881443, 0.676525822803221, 0.6675881054170294, 0.49150427670545643, 0.8096114788906146, 0.8218338409506849, 0.7449734989717058, 0.8912022993575596, 0.6174476289010351, 0.7318286091585733, 0.7738279988463377, 0.8358395384567638, 0.884250182279102, 1.0, 0.8573638305228279, 0.7332519354895861, 0.8627606169106636, 0.9178662308912058, 0.8282346736174131, 0.8021170040829606, 0.8594942629236695, 0.891471971382207, 0.782053171927164, 0.7639907881766437, 0.8789801838086921, 0.9292830183287, 0.8634090336969251, 0.8385834949297515, 0.6947565108769643, 1.0, 0.9520492217298435, 0.5060250431836375, 0.8300101016746005, 0.8631855387221548, 0.9299292663393219, 0.7196611383631291, 0.7243849758480987, 0.9342614842063854, 0.9046292183049148, 0.7669617847742995, 0.9244980214694567]
Finish training and take 9m
