Namespace(log_name='./RQ5/python_300/f1_codet5p_770m.log', model_name='Salesforce/codet5p-770m', lang='python', output_dir='RQ5/python_300/f1_codet5p_770m', data_dir='./data/RQ5/python_300_1', no_cuda=False, visible_gpu='0', add_task_prefix=False, add_lang_ids=False, num_train_epochs=10, num_test_epochs=10, train_batch_size=8, eval_batch_size=4, gradient_accumulation_steps=2, load_model_path=None, config_name='', tokenizer_name='', max_source_length=128, max_target_length=128, warm_up_ratio=0.1, do_train=True, do_eval=True, do_test=True, do_lower_case=False, learning_rate=5e-05, beam_size=10, weight_decay=0.0, adam_epsilon=1e-08, max_grad_norm=1.0, max_steps=-1, eval_steps=-1, train_steps=-1, local_rank=-1, seed=42, early_stop_threshold=3)
Process rank: -1, device: cuda, n_gpu: 1, distributed training: False, model_name: Salesforce/codet5p-770m
model created!
Total 300 training instances 
***** Running training *****
  Num examples = 300
  Batch size = 8
  Num epoch = 10

***** Running evaluation *****
  Num examples = 103
  Batch size = 4
  epoch = 0
  eval_ppl = 1.00114
  global_step = 38
  train_loss = 0.7678
  ********************
Previous best ppl:inf
Achieve Best ppl:1.00114
  ********************
BLEU file: ./data/RQ5/python_300_1/validation.jsonl
  codebleu-4 = 73.49 	 Previous best codebleu 0
  ********************
 Achieve Best bleu:73.49
  ********************

***** Running evaluation *****
  Num examples = 103
  Batch size = 4
  epoch = 1
  eval_ppl = 1.00102
  global_step = 75
  train_loss = 0.3951
  ********************
Previous best ppl:1.00114
Achieve Best ppl:1.00102
  ********************
BLEU file: ./data/RQ5/python_300_1/validation.jsonl
  codebleu-4 = 74.21 	 Previous best codebleu 73.49
  ********************
 Achieve Best bleu:74.21
  ********************

***** Running evaluation *****
  Num examples = 103
  Batch size = 4
  epoch = 2
  eval_ppl = 1.0011
  global_step = 112
  train_loss = 0.2243
  ********************
Previous best ppl:1.00102
BLEU file: ./data/RQ5/python_300_1/validation.jsonl
  codebleu-4 = 75.13 	 Previous best codebleu 74.21
  ********************
 Achieve Best bleu:75.13
  ********************

***** Running evaluation *****
  Num examples = 103
  Batch size = 4
  epoch = 3
  eval_ppl = 1.00115
  global_step = 149
  train_loss = 0.1301
  ********************
Previous best ppl:1.00102
BLEU file: ./data/RQ5/python_300_1/validation.jsonl
  codebleu-4 = 75.59 	 Previous best codebleu 75.13
  ********************
 Achieve Best bleu:75.59
  ********************

***** Running evaluation *****
  Num examples = 103
  Batch size = 4
  epoch = 4
  eval_ppl = 1.00121
  global_step = 186
  train_loss = 0.0763
  ********************
Previous best ppl:1.00102
BLEU file: ./data/RQ5/python_300_1/validation.jsonl
  codebleu-4 = 75.3 	 Previous best codebleu 75.59
  ********************

***** Running evaluation *****
  Num examples = 103
  Batch size = 4
  epoch = 5
  eval_ppl = 1.0013
  global_step = 223
  train_loss = 0.0496
  ********************
Previous best ppl:1.00102
BLEU file: ./data/RQ5/python_300_1/validation.jsonl
  codebleu-4 = 75.8 	 Previous best codebleu 75.59
  ********************
 Achieve Best bleu:75.8
  ********************

***** Running evaluation *****
  Num examples = 103
  Batch size = 4
  epoch = 6
  eval_ppl = 1.00137
  global_step = 260
  train_loss = 0.0333
  ********************
Previous best ppl:1.00102
BLEU file: ./data/RQ5/python_300_1/validation.jsonl
  codebleu-4 = 75.21 	 Previous best codebleu 75.8
  ********************

***** Running evaluation *****
  Num examples = 103
  Batch size = 4
  epoch = 7
  eval_ppl = 1.00142
  global_step = 297
  train_loss = 0.023
  ********************
Previous best ppl:1.00102
BLEU file: ./data/RQ5/python_300_1/validation.jsonl
  codebleu-4 = 75.34 	 Previous best codebleu 75.8
  ********************

***** Running evaluation *****
  Num examples = 103
  Batch size = 4
  epoch = 8
  eval_ppl = 1.0014
  global_step = 334
  train_loss = 0.0188
  ********************
Previous best ppl:1.00102
BLEU file: ./data/RQ5/python_300_1/validation.jsonl
  codebleu-4 = 75.43 	 Previous best codebleu 75.8
  ********************
reload model from RQ5/python_300/f1_codet5p_770m/checkpoint-best-bleu
BLEU file: ./data/RQ5/python_300_1/test.jsonl
  codebleu = 77.05 
  Total = 113 
  Exact Fixed = 10 
[24, 60, 68, 70, 73, 86, 98, 102, 107, 108]
  Syntax Fixed = 0 
[]
  Cleaned Fixed = 0 
[]
  ********************
  Total = 113 
  Exact Fixed = 10 
[24, 60, 68, 70, 73, 86, 98, 102, 107, 108]
  Syntax Fixed = 0 
[]
  Cleaned Fixed = 0 
[]
  codebleu = 77.05 
[0.6728230800934798, 0.8834124216164225, 0.7504067254288294, 0.47166395418323315, 0.8052050509144788, 0.9411542454583528, 0.8674433454759134, 0.8300638244826566, 0.5571314709024371, 0.7953587603777192, 0.7714650156104186, 0.8068413656728535, 0.8475864225311183, 0.7768711691119308, 0.6883720951974961, 0.8673208349360431, 0.8856389378075658, 0.6413921957402942, 0.7443181170763433, 0.8884573785188872, 0.7811422794173712, 0.7520456315632097, 0.9204219587780458, 1.0, 0.8234479137638847, 0.6508693332230462, 0.4545507520171642, 0.7711221670600811, 0.6383801995082642, 0.568803606953774, 0.7896354401872717, 0.8808919461147899, 0.7520541780659815, 0.8231560738418289, 0.8962096929024133, 0.8773104352365284, 0.8744879458107344, 0.7507982187182929, 0.9142445273649933, 0.7093853536262804, 0.788050295413492, 0.7572098935987482, 0.8548397899287874, 0.4740532618616287, 0.39686614731832626, 0.7715012035371895, 0.8077895563342797, 0.8782734899756608, 0.549916846856608, 0.7205089220380079, 0.6941281959846398, 0.7549669674736412, 0.7585846389475988, 0.5911195501972704, 0.8362747318435784, 0.5117566728908322, 0.9085800872774439, 0.6552141124632096, 0.7042953619649426, 1.0, 0.845087053073633, 0.29994201050984276, 0.7652740132249347, 0.5037077119806818, 0.8475332565755729, 0.7821766752737378, 0.7305377073017927, 1.0, 0.6441425627537012, 1.0, 0.6439391185600173, 0.28190769836835106, 1.0, 0.676525822803221, 0.404725876300098, 0.49150427670545643, 0.8096114788906146, 0.9056583090096291, 0.7449734989717058, 0.8912022993575596, 0.6174476289010351, 0.7318286091585733, 0.7738279988463377, 0.8358395384567638, 0.884250182279102, 1.0, 0.48460098314247985, 0.7332519354895861, 0.8627606169106636, 0.9178662308912058, 0.8282346736174131, 0.5994063067556419, 0.8594942629236695, 0.891471971382207, 0.782053171927164, 0.7564468905098681, 0.8789801838086921, 1.0, 0.8634090336969251, 0.8385834949297515, 0.7225931341121177, 1.0, 0.9596100877558813, 0.5060250431836375, 0.8300101016746005, 0.8631855387221548, 1.0, 1.0, 0.7243849758480987, 0.9342614842063854, 0.8903435040192005, 0.7669617847742995, 0.9244980214694567]
Finish training and take 23m
