Namespace(log_name='./RQ5/python_300/f2_codet5p_770m.log', model_name='Salesforce/codet5p-770m', lang='python', output_dir='RQ5/python_300/f2_codet5p_770m', data_dir='./data/RQ5/python_300_2', no_cuda=False, visible_gpu='0', add_task_prefix=False, add_lang_ids=False, num_train_epochs=10, num_test_epochs=10, train_batch_size=8, eval_batch_size=4, gradient_accumulation_steps=2, load_model_path=None, config_name='', tokenizer_name='', max_source_length=128, max_target_length=128, warm_up_ratio=0.1, do_train=True, do_eval=True, do_test=True, do_lower_case=False, learning_rate=5e-05, beam_size=10, weight_decay=0.0, adam_epsilon=1e-08, max_grad_norm=1.0, max_steps=-1, eval_steps=-1, train_steps=-1, local_rank=-1, seed=42, early_stop_threshold=3)
Process rank: -1, device: cuda, n_gpu: 1, distributed training: False, model_name: Salesforce/codet5p-770m
model created!
Total 300 training instances 
***** Running training *****
  Num examples = 300
  Batch size = 8
  Num epoch = 10

***** Running evaluation *****
  Num examples = 103
  Batch size = 4
  epoch = 0
  eval_ppl = 1.00116
  global_step = 38
  train_loss = 0.7253
  ********************
Previous best ppl:inf
Achieve Best ppl:1.00116
  ********************
BLEU file: ./data/RQ5/python_300_2/validation.jsonl
  codebleu-4 = 72.35 	 Previous best codebleu 0
  ********************
 Achieve Best bleu:72.35
  ********************

***** Running evaluation *****
  Num examples = 103
  Batch size = 4
  epoch = 1
  eval_ppl = 1.00105
  global_step = 75
  train_loss = 0.3441
  ********************
Previous best ppl:1.00116
Achieve Best ppl:1.00105
  ********************
BLEU file: ./data/RQ5/python_300_2/validation.jsonl
  codebleu-4 = 74.46 	 Previous best codebleu 72.35
  ********************
 Achieve Best bleu:74.46
  ********************

***** Running evaluation *****
  Num examples = 103
  Batch size = 4
  epoch = 2
  eval_ppl = 1.00111
  global_step = 112
  train_loss = 0.203
  ********************
Previous best ppl:1.00105
BLEU file: ./data/RQ5/python_300_2/validation.jsonl
  codebleu-4 = 76.14 	 Previous best codebleu 74.46
  ********************
 Achieve Best bleu:76.14
  ********************

***** Running evaluation *****
  Num examples = 103
  Batch size = 4
  epoch = 3
  eval_ppl = 1.00113
  global_step = 149
  train_loss = 0.1171
  ********************
Previous best ppl:1.00105
BLEU file: ./data/RQ5/python_300_2/validation.jsonl
  codebleu-4 = 75.68 	 Previous best codebleu 76.14
  ********************

***** Running evaluation *****
  Num examples = 103
  Batch size = 4
  epoch = 4
  eval_ppl = 1.00119
  global_step = 186
  train_loss = 0.0693
  ********************
Previous best ppl:1.00105
BLEU file: ./data/RQ5/python_300_2/validation.jsonl
  codebleu-4 = 76.36 	 Previous best codebleu 76.14
  ********************
 Achieve Best bleu:76.36
  ********************

***** Running evaluation *****
  Num examples = 103
  Batch size = 4
  epoch = 5
  eval_ppl = 1.00132
  global_step = 223
  train_loss = 0.0422
  ********************
Previous best ppl:1.00105
BLEU file: ./data/RQ5/python_300_2/validation.jsonl
  codebleu-4 = 75.87 	 Previous best codebleu 76.36
  ********************

***** Running evaluation *****
  Num examples = 103
  Batch size = 4
  epoch = 6
  eval_ppl = 1.00134
  global_step = 260
  train_loss = 0.0283
  ********************
Previous best ppl:1.00105
BLEU file: ./data/RQ5/python_300_2/validation.jsonl
  codebleu-4 = 76.33 	 Previous best codebleu 76.36
  ********************

***** Running evaluation *****
  Num examples = 103
  Batch size = 4
  epoch = 7
  eval_ppl = 1.00139
  global_step = 297
  train_loss = 0.0204
  ********************
Previous best ppl:1.00105
BLEU file: ./data/RQ5/python_300_2/validation.jsonl
  codebleu-4 = 76.53 	 Previous best codebleu 76.36
  ********************
 Achieve Best bleu:76.53
  ********************

***** Running evaluation *****
  Num examples = 103
  Batch size = 4
  epoch = 8
  eval_ppl = 1.0014
  global_step = 334
  train_loss = 0.0146
  ********************
Previous best ppl:1.00105
BLEU file: ./data/RQ5/python_300_2/validation.jsonl
  codebleu-4 = 75.72 	 Previous best codebleu 76.53
  ********************

***** Running evaluation *****
  Num examples = 103
  Batch size = 4
  epoch = 9
  eval_ppl = 1.00141
  global_step = 371
  train_loss = 0.0125
  ********************
Previous best ppl:1.00105
BLEU file: ./data/RQ5/python_300_2/validation.jsonl
  codebleu-4 = 75.67 	 Previous best codebleu 76.53
  ********************
reload model from RQ5/python_300/f2_codet5p_770m/checkpoint-best-bleu
BLEU file: ./data/RQ5/python_300_2/test.jsonl
  codebleu = 76.94 
  Total = 113 
  Exact Fixed = 10 
[24, 28, 43, 53, 60, 68, 98, 99, 102, 108]
  Syntax Fixed = 0 
[]
  Cleaned Fixed = 0 
[]
  ********************
  Total = 113 
  Exact Fixed = 10 
[24, 28, 43, 53, 60, 68, 98, 99, 102, 108]
  Syntax Fixed = 0 
[]
  Cleaned Fixed = 0 
[]
  codebleu = 76.94 
[0.6728230800934798, 0.8834124216164225, 0.7504067254288294, 0.47166395418323315, 0.8052050509144788, 0.9411542454583528, 0.7567533498253904, 0.7887340308776575, 0.5571314709024371, 0.7953587603777192, 0.7714650156104186, 0.8068413656728535, 0.8387450644384746, 0.7768711691119308, 0.6883720951974961, 0.6722064575490235, 0.8856389378075658, 0.7360269218157978, 0.7443181170763433, 0.8884573785188872, 0.725598015348109, 0.7520456315632097, 0.9204219587780458, 1.0, 0.8061434593731014, 0.6508693332230462, 0.4545507520171642, 1.0, 0.6383801995082642, 0.6086253391771707, 0.7896354401872717, 0.8808919461147899, 0.7420541780659815, 0.8231560738418289, 0.8962096929024133, 0.8773104352365284, 0.8744879458107344, 0.7507982187182929, 0.9142445273649933, 0.7093853536262804, 0.7313821813372119, 0.7572098935987482, 1.0, 0.5366530270016932, 0.4846989817423948, 0.5976301703621436, 0.8077895563342797, 0.8782734899756608, 0.549916846856608, 0.5951539627326453, 0.875742171737271, 0.8627857286944134, 1.0, 0.5911195501972704, 0.8362747318435784, 0.5117566728908322, 0.9085800872774439, 0.6552141124632096, 0.7042953619649426, 1.0, 0.845087053073633, 0.2984139180188514, 0.7652740132249347, 0.433823205402987, 0.5615947181324565, 0.7103402401820467, 0.7501295440364866, 1.0, 0.6441425627537012, 0.5750974938187585, 0.6439391185600173, 0.28089164991591264, 0.9472873156881443, 0.676525822803221, 0.6675881054170294, 0.49150427670545643, 0.8096114788906146, 0.9056583090096291, 0.7449734989717058, 0.8437605630730423, 0.8727790091136098, 0.7318286091585733, 0.7738279988463377, 0.8358395384567638, 0.884250182279102, 0.8399114554115357, 0.8573638305228279, 0.7332519354895861, 0.8627606169106636, 0.9178662308912058, 0.8282346736174131, 0.8021170040829606, 0.8594942629236695, 0.891471971382207, 0.782053171927164, 0.7564468905098681, 0.8789801838086921, 1.0, 1.0, 0.8385834949297515, 0.7225931341121177, 1.0, 0.6659371995056853, 0.5060250431836375, 0.8300101016746005, 0.8631855387221548, 0.621240758456996, 1.0, 0.7243849758480987, 0.9342614842063854, 0.9046292183049148, 0.7669617847742995, 0.9244980214694567]
Finish training and take 23m
