Namespace(log_name='./RQ5/python_300/f2_codet5p_220m.log', model_name='Salesforce/codet5p-220m', lang='python', output_dir='RQ5/python_300/f2_codet5p_220m', data_dir='./data/RQ5/python_300_2', no_cuda=False, visible_gpu='0', add_task_prefix=False, add_lang_ids=False, num_train_epochs=10, num_test_epochs=10, train_batch_size=8, eval_batch_size=8, gradient_accumulation_steps=2, load_model_path=None, config_name='', tokenizer_name='', max_source_length=128, max_target_length=128, warm_up_ratio=0.1, do_train=True, do_eval=True, do_test=True, do_lower_case=False, learning_rate=5e-05, beam_size=10, weight_decay=0.0, adam_epsilon=1e-08, max_grad_norm=1.0, max_steps=-1, eval_steps=-1, train_steps=-1, local_rank=-1, seed=42, early_stop_threshold=3)
Process rank: -1, device: cuda, n_gpu: 1, distributed training: False, model_name: Salesforce/codet5p-220m
model created!
Total 300 training instances 
***** Running training *****
  Num examples = 300
  Batch size = 8
  Num epoch = 10

***** Running evaluation *****
  Num examples = 37
  Batch size = 8
  epoch = 0
  eval_ppl = 1.00073
  global_step = 38
  train_loss = 0.7856
  ********************
Previous best ppl:inf
Achieve Best ppl:1.00073
  ********************
BLEU file: ./data/RQ5/python_300_2/validation.jsonl
  codebleu-4 = 71.87 	 Previous best codebleu 0
  ********************
 Achieve Best bleu:71.87
  ********************

***** Running evaluation *****
  Num examples = 37
  Batch size = 8
  epoch = 1
  eval_ppl = 1.00063
  global_step = 75
  train_loss = 0.464
  ********************
Previous best ppl:1.00073
Achieve Best ppl:1.00063
  ********************
BLEU file: ./data/RQ5/python_300_2/validation.jsonl
  codebleu-4 = 75.42 	 Previous best codebleu 71.87
  ********************
 Achieve Best bleu:75.42
  ********************

***** Running evaluation *****
  Num examples = 37
  Batch size = 8
  epoch = 2
  eval_ppl = 1.00065
  global_step = 112
  train_loss = 0.3394
  ********************
Previous best ppl:1.00063
BLEU file: ./data/RQ5/python_300_2/validation.jsonl
  codebleu-4 = 77.03 	 Previous best codebleu 75.42
  ********************
 Achieve Best bleu:77.03
  ********************

***** Running evaluation *****
  Num examples = 37
  Batch size = 8
  epoch = 3
  eval_ppl = 1.00065
  global_step = 149
  train_loss = 0.2537
  ********************
Previous best ppl:1.00063
BLEU file: ./data/RQ5/python_300_2/validation.jsonl
  codebleu-4 = 77.52 	 Previous best codebleu 77.03
  ********************
 Achieve Best bleu:77.52
  ********************

***** Running evaluation *****
  Num examples = 37
  Batch size = 8
  epoch = 4
  eval_ppl = 1.00067
  global_step = 186
  train_loss = 0.2006
  ********************
Previous best ppl:1.00063
BLEU file: ./data/RQ5/python_300_2/validation.jsonl
  codebleu-4 = 77.96 	 Previous best codebleu 77.52
  ********************
 Achieve Best bleu:77.96
  ********************

***** Running evaluation *****
  Num examples = 37
  Batch size = 8
  epoch = 5
  eval_ppl = 1.00069
  global_step = 223
  train_loss = 0.1546
  ********************
Previous best ppl:1.00063
BLEU file: ./data/RQ5/python_300_2/validation.jsonl
  codebleu-4 = 79.19 	 Previous best codebleu 77.96
  ********************
 Achieve Best bleu:79.19
  ********************

***** Running evaluation *****
  Num examples = 37
  Batch size = 8
  epoch = 6
  eval_ppl = 1.00072
  global_step = 260
  train_loss = 0.1219
  ********************
Previous best ppl:1.00063
BLEU file: ./data/RQ5/python_300_2/validation.jsonl
  codebleu-4 = 78.42 	 Previous best codebleu 79.19
  ********************

***** Running evaluation *****
  Num examples = 37
  Batch size = 8
  epoch = 7
  eval_ppl = 1.00074
  global_step = 297
  train_loss = 0.1006
  ********************
Previous best ppl:1.00063
BLEU file: ./data/RQ5/python_300_2/validation.jsonl
  codebleu-4 = 78.45 	 Previous best codebleu 79.19
  ********************

***** Running evaluation *****
  Num examples = 37
  Batch size = 8
  epoch = 8
  eval_ppl = 1.00074
  global_step = 334
  train_loss = 0.0873
  ********************
Previous best ppl:1.00063
BLEU file: ./data/RQ5/python_300_2/validation.jsonl
  codebleu-4 = 78.54 	 Previous best codebleu 79.19
  ********************
reload model from RQ5/python_300/f2_codet5p_220m/checkpoint-best-bleu
BLEU file: ./data/RQ5/python_300_2/test.jsonl
  codebleu = 77.83 
  Total = 37 
  Exact Fixed = 2 
[7, 13]
  Syntax Fixed = 0 
[]
  Cleaned Fixed = 0 
[]
  ********************
  Total = 37 
  Exact Fixed = 2 
[7, 13]
  Syntax Fixed = 0 
[]
  Cleaned Fixed = 0 
[]
  codebleu = 77.83 
[0.8573638305228279, 0.878865255109752, 0.7225931341121177, 0.8834124216164225, 0.9244980214694567, 0.7572098935987482, 1.0, 0.621240758456996, 0.9142445273649933, 0.7042953619649426, 0.5037077119806818, 0.39686614731832626, 1.0, 0.860117164263619, 0.8789801838086921, 0.875742171737271, 0.7520456315632097, 0.9204219587780458, 0.8631855387221548, 0.8701297911758226, 0.6941013464204754, 0.9056583090096291, 0.891471971382207, 0.29477019332249516, 0.8300638244826566, 0.5750974938187585, 0.9342614842063854, 0.6883720951974961, 0.8231560738418289, 0.2693202213444841, 0.8773104352365284, 0.7420541780659815, 0.8744879458107344, 0.8111030089031903, 0.8548397899287874, 0.7449734989717058, 0.8022604263379136]
Finish training and take 4m
Namespace(log_name='./RQ5/python_300/f2_codet5p_220m.log', model_name='Salesforce/codet5p-220m', lang='python', output_dir='RQ5/python_300/f2_codet5p_220m', data_dir='./data/RQ5/python_300_2', no_cuda=False, visible_gpu='0', add_task_prefix=False, add_lang_ids=False, num_train_epochs=10, num_test_epochs=10, train_batch_size=8, eval_batch_size=8, gradient_accumulation_steps=2, load_model_path=None, config_name='', tokenizer_name='', max_source_length=128, max_target_length=128, warm_up_ratio=0.1, do_train=True, do_eval=True, do_test=True, do_lower_case=False, learning_rate=5e-05, beam_size=10, weight_decay=0.0, adam_epsilon=1e-08, max_grad_norm=1.0, max_steps=-1, eval_steps=-1, train_steps=-1, local_rank=-1, seed=42, early_stop_threshold=3)
Process rank: -1, device: cuda, n_gpu: 1, distributed training: False, model_name: Salesforce/codet5p-220m
model created!
Total 300 training instances 
***** Running training *****
  Num examples = 300
  Batch size = 8
  Num epoch = 10

***** Running evaluation *****
  Num examples = 103
  Batch size = 8
  epoch = 0
  eval_ppl = 1.00067
  global_step = 38
  train_loss = 0.7856
  ********************
Previous best ppl:inf
Achieve Best ppl:1.00067
  ********************
BLEU file: ./data/RQ5/python_300_2/validation.jsonl
  codebleu-4 = 71.39 	 Previous best codebleu 0
  ********************
 Achieve Best bleu:71.39
  ********************

***** Running evaluation *****
  Num examples = 103
  Batch size = 8
  epoch = 1
  eval_ppl = 1.00059
  global_step = 75
  train_loss = 0.464
  ********************
Previous best ppl:1.00067
Achieve Best ppl:1.00059
  ********************
BLEU file: ./data/RQ5/python_300_2/validation.jsonl
  codebleu-4 = 73.62 	 Previous best codebleu 71.39
  ********************
 Achieve Best bleu:73.62
  ********************

***** Running evaluation *****
  Num examples = 103
  Batch size = 8
  epoch = 2
  eval_ppl = 1.00059
  global_step = 112
  train_loss = 0.3394
  ********************
Previous best ppl:1.00059
Achieve Best ppl:1.00059
  ********************
BLEU file: ./data/RQ5/python_300_2/validation.jsonl
  codebleu-4 = 75.36 	 Previous best codebleu 73.62
  ********************
 Achieve Best bleu:75.36
  ********************

***** Running evaluation *****
  Num examples = 103
  Batch size = 8
  epoch = 3
  eval_ppl = 1.0006
  global_step = 149
  train_loss = 0.2537
  ********************
Previous best ppl:1.00059
BLEU file: ./data/RQ5/python_300_2/validation.jsonl
  codebleu-4 = 75.09 	 Previous best codebleu 75.36
  ********************

***** Running evaluation *****
  Num examples = 103
  Batch size = 8
  epoch = 4
  eval_ppl = 1.00062
  global_step = 186
  train_loss = 0.2006
  ********************
Previous best ppl:1.00059
BLEU file: ./data/RQ5/python_300_2/validation.jsonl
  codebleu-4 = 75.68 	 Previous best codebleu 75.36
  ********************
 Achieve Best bleu:75.68
  ********************

***** Running evaluation *****
  Num examples = 103
  Batch size = 8
  epoch = 5
  eval_ppl = 1.00063
  global_step = 223
  train_loss = 0.1546
  ********************
Previous best ppl:1.00059
BLEU file: ./data/RQ5/python_300_2/validation.jsonl
  codebleu-4 = 76.06 	 Previous best codebleu 75.68
  ********************
 Achieve Best bleu:76.06
  ********************

***** Running evaluation *****
  Num examples = 103
  Batch size = 8
  epoch = 6
  eval_ppl = 1.00066
  global_step = 260
  train_loss = 0.1219
  ********************
Previous best ppl:1.00059
BLEU file: ./data/RQ5/python_300_2/validation.jsonl
  codebleu-4 = 75.96 	 Previous best codebleu 76.06
  ********************

***** Running evaluation *****
  Num examples = 103
  Batch size = 8
  epoch = 7
  eval_ppl = 1.00068
  global_step = 297
  train_loss = 0.1006
  ********************
Previous best ppl:1.00059
BLEU file: ./data/RQ5/python_300_2/validation.jsonl
  codebleu-4 = 76.53 	 Previous best codebleu 76.06
  ********************
 Achieve Best bleu:76.53
  ********************

***** Running evaluation *****
  Num examples = 103
  Batch size = 8
  epoch = 8
  eval_ppl = 1.00068
  global_step = 334
  train_loss = 0.0873
  ********************
Previous best ppl:1.00059
BLEU file: ./data/RQ5/python_300_2/validation.jsonl
  codebleu-4 = 76.51 	 Previous best codebleu 76.53
  ********************

***** Running evaluation *****
  Num examples = 103
  Batch size = 8
  epoch = 9
  eval_ppl = 1.00068
  global_step = 371
  train_loss = 0.0792
  ********************
Previous best ppl:1.00059
BLEU file: ./data/RQ5/python_300_2/validation.jsonl
  codebleu-4 = 76.57 	 Previous best codebleu 76.53
  ********************
 Achieve Best bleu:76.57
  ********************
reload model from RQ5/python_300/f2_codet5p_220m/checkpoint-best-bleu
BLEU file: ./data/RQ5/python_300_2/test.jsonl
  codebleu = 76.71 
  Total = 113 
  Exact Fixed = 7 
[24, 28, 53, 60, 68, 98, 99]
  Syntax Fixed = 0 
[]
  Cleaned Fixed = 0 
[]
  ********************
  Total = 113 
  Exact Fixed = 7 
[24, 28, 53, 60, 68, 98, 99]
  Syntax Fixed = 0 
[]
  Cleaned Fixed = 0 
[]
  codebleu = 76.71 
[0.6728230800934798, 0.8280405710545513, 0.7504067254288294, 0.47166395418323315, 0.7381684490594698, 0.8034390471338084, 0.8674433454759134, 0.7887340308776575, 0.575055558283563, 0.7953587603777192, 0.7714650156104186, 0.8068413656728535, 0.8475864225311183, 0.7768711691119308, 0.6883720951974961, 0.8673208349360431, 0.8856389378075658, 0.6413921957402942, 0.7443181170763433, 0.8884573785188872, 0.7811422794173712, 0.7520456315632097, 0.9204219587780458, 1.0, 0.8234479137638847, 0.6508693332230462, 0.4545507520171642, 1.0, 0.6113053518931368, 0.568803606953774, 0.7896354401872717, 0.8808919461147899, 0.7420541780659815, 0.8231560738418289, 0.8962096929024133, 0.8773104352365284, 0.8744879458107344, 0.7507982187182929, 0.9142445273649933, 0.7093853536262804, 0.788050295413492, 0.7572098935987482, 0.8548397899287874, 0.4740532618616287, 0.39686614731832626, 0.7715012035371895, 0.8077895563342797, 0.8782734899756608, 0.49515280062405953, 0.7205089220380079, 0.875742171737271, 0.9662586459108296, 1.0, 0.5911195501972704, 0.8362747318435784, 0.5117566728908322, 0.9085800872774439, 0.6552141124632096, 0.7042953619649426, 1.0, 0.845087053073633, 0.29477019332249516, 0.6356257812621184, 0.5037077119806818, 0.8475332565755729, 0.758613721315079, 0.7501295440364866, 1.0, 0.6441425627537012, 0.5750974938187585, 0.6439391185600173, 0.2693202213444841, 0.9472873156881443, 0.676525822803221, 0.6675881054170294, 0.49150427670545643, 0.8096114788906146, 0.9056583090096291, 0.7449734989717058, 0.8912022993575596, 0.8727790091136098, 0.7318286091585733, 0.7738279988463377, 0.8358395384567638, 0.884250182279102, 0.7164493834577911, 0.8573638305228279, 0.7332519354895861, 0.8627606169106636, 0.9178662308912058, 0.8282346736174131, 0.8346354401872718, 0.7388721037764168, 0.891471971382207, 0.782053171927164, 0.712486836298288, 0.8789801838086921, 1.0, 1.0, 0.8385834949297515, 0.7225931341121177, 0.878865255109752, 0.8327711691976922, 0.5060250431836375, 0.8300101016746005, 0.8631855387221548, 0.621240758456996, 0.8611544762176193, 0.7243849758480987, 0.9342614842063854, 0.6005969788000752, 0.7669617847742995, 0.9244980214694567]
Finish training and take 10m
