Namespace(log_name='./RQ5/bugsinpy_300_2/codet5p_770m_f.log', model_name='Salesforce/codet5p-770m', lang='python', output_dir='RQ5/bugsinpy_300_2/codet5p_770m_f', data_dir='./data/RQ5/bugsinpy_300_2', no_cuda=False, visible_gpu='0', add_task_prefix=False, add_lang_ids=False, num_train_epochs=10, num_test_epochs=10, train_batch_size=4, eval_batch_size=4, gradient_accumulation_steps=2, load_model_path=None, config_name='', tokenizer_name='', max_source_length=512, max_target_length=512, warm_up_ratio=0.1, do_train=True, do_eval=True, do_test=True, do_lower_case=False, learning_rate=5e-05, beam_size=10, weight_decay=0.0, adam_epsilon=1e-08, max_grad_norm=1.0, max_steps=-1, eval_steps=-1, train_steps=-1, local_rank=-1, seed=42, early_stop_threshold=2)
Process rank: -1, device: cuda, n_gpu: 1, distributed training: False, model_name: Salesforce/codet5p-770m
model created!
Total 300 training instances 
***** Running training *****
  Num examples = 300
  Batch size = 4
  Num epoch = 10

***** Running evaluation *****
  Num examples = 100
  Batch size = 4
  epoch = 0
  eval_ppl = 1.00102
  global_step = 76
  train_loss = 0.6405
  ********************
Previous best ppl:inf
Achieve Best ppl:1.00102
  ********************
BLEU file: ./data/RQ5/bugsinpy_300_2/validation.jsonl
  codebleu-4 = 73.1 	 Previous best codebleu 0
  ********************
 Achieve Best bleu:73.1
  ********************

***** Running evaluation *****
  Num examples = 100
  Batch size = 4
  epoch = 1
  eval_ppl = 1.00097
  global_step = 151
  train_loss = 0.3065
  ********************
Previous best ppl:1.00102
Achieve Best ppl:1.00097
  ********************
BLEU file: ./data/RQ5/bugsinpy_300_2/validation.jsonl
  codebleu-4 = 74.57 	 Previous best codebleu 73.1
  ********************
 Achieve Best bleu:74.57
  ********************

***** Running evaluation *****
  Num examples = 100
  Batch size = 4
  epoch = 2
  eval_ppl = 1.00102
  global_step = 226
  train_loss = 0.1772
  ********************
Previous best ppl:1.00097
BLEU file: ./data/RQ5/bugsinpy_300_2/validation.jsonl
  codebleu-4 = 77.42 	 Previous best codebleu 74.57
  ********************
 Achieve Best bleu:77.42
  ********************

***** Running evaluation *****
  Num examples = 100
  Batch size = 4
  epoch = 3
  eval_ppl = 1.00104
  global_step = 301
  train_loss = 0.0993
  ********************
Previous best ppl:1.00097
BLEU file: ./data/RQ5/bugsinpy_300_2/validation.jsonl
  codebleu-4 = 76.54 	 Previous best codebleu 77.42
  ********************

***** Running evaluation *****
  Num examples = 100
  Batch size = 4
  epoch = 4
  eval_ppl = 1.00111
  global_step = 376
  train_loss = 0.0532
  ********************
Previous best ppl:1.00097
BLEU file: ./data/RQ5/bugsinpy_300_2/validation.jsonl
  codebleu-4 = 77.96 	 Previous best codebleu 77.42
  ********************
 Achieve Best bleu:77.96
  ********************

***** Running evaluation *****
  Num examples = 100
  Batch size = 4
  epoch = 5
  eval_ppl = 1.00119
  global_step = 451
  train_loss = 0.0315
  ********************
Previous best ppl:1.00097
BLEU file: ./data/RQ5/bugsinpy_300_2/validation.jsonl
  codebleu-4 = 76.91 	 Previous best codebleu 77.96
  ********************

***** Running evaluation *****
  Num examples = 100
  Batch size = 4
  epoch = 6
  eval_ppl = 1.00129
  global_step = 526
  train_loss = 0.0173
  ********************
Previous best ppl:1.00097
BLEU file: ./data/RQ5/bugsinpy_300_2/validation.jsonl
  codebleu-4 = 77.75 	 Previous best codebleu 77.96
  ********************
reload model from RQ5/bugsinpy_300_2/codet5p_770m_f/checkpoint-best-bleu
BLEU file: ./data/RQ5/bugsinpy_300_2/test.jsonl
  codebleu = 77.73 
  Total = 117 
  Exact Fixed = 8 
[12, 20, 33, 38, 54, 76, 82, 110]
  Syntax Fixed = 1 
[89]
  Cleaned Fixed = 0 
[]
  ********************
  Total = 117 
  Exact Fixed = 8 
[12, 20, 33, 38, 54, 76, 82, 110]
  Syntax Fixed = 1 
[89]
  Cleaned Fixed = 0 
[]
  codebleu = 77.73 
[0.6939112308588368, 0.676525822803221, 0.8096114788906146, 0.8962096929024133, 0.8782734899756608, 0.702221016202038, 0.8611544762176193, 0.8754861943073293, 0.7064825132758233, 0.891471971382207, 0.8773104352365284, 1.0, 0.725598015348109, 0.4740532618616287, 0.9085800872774439, 0.8631855387221548, 0.4805181892075105, 0.9474759345795825, 0.782053171927164, 1.0, 0.8385834949297515, 0.8884573785188872, 0.6883720951974961, 0.884250182279102, 0.8634090336969251, 0.5976301703621436, 0.7621573771525791, 0.7318286091585733, 0.8107806147142924, 0.9063467386633746, 0.8231560738418289, 0.8195330229945343, 1.0, 0.7887340308776575, 0.8627606169106636, 0.7738279988463377, 0.610067068626702, 1.0, 0.8744879458107344, 0.8434652034268404, 0.8358395384567638, 0.8834630241782442, 0.7896354401872717, 0.8789801838086921, 0.9178662308912058, 0.6441425627537012, 0.6728230800934798, 0.8871978499693505, 0.6936199831009335, 0.6374410208386678, 0.6502002482190439, 0.7042953619649426, 0.7953587603777192, 1.0, 0.6508693332230462, 0.5037077119806818, 0.8475332565755729, 0.8021170040829606, 0.47166395418323315, 0.7507982187182929, 0.8077895563342797, 0.603992699232416, 0.7639654153934541, 0.9411542454583528, 0.6853803599169206, 0.9666856331752072, 0.7504067254288294, 0.5603321747292299, 0.8971695160234401, 0.8834124216164225, 0.8808919461147899, 0.5458988815857964, 0.8853004704636518, 0.8814955038434287, 0.29646575927412194, 0.8653356903807421, 0.9476860986705828, 0.5716066788664484, 0.49150427670545643, 0.8856389378075658, 0.7243849758480987, 1.0, 0.7714650156104186, 0.5911195501972704, 0.7332519354895861, 0.7381684490594698, 0.7520456315632097, 0.7449734989717058, 0.9838760906796571, 0.860117164263619, 0.7531797171538064, 0.788050295413492, 0.39686614731832626, 0.5955036130822957, 0.8234479137638847, 0.9472873156881443, 0.8548397899287874, 0.8642706682188466, 0.8068413656728535, 0.9383254008028401, 0.8362747318435784, 0.4545507520171642, 0.8594942629236695, 0.9204219587780458, 0.8399114554115357, 0.5571314709024371, 0.8300101016746005, 0.7225931341121177, 0.5117566728908322, 1.0, 0.621240758456996, 0.7443181170763433, 0.9142445273649933, 0.7768711691119308, 0.8387450644384746, 0.7093853536262804, 0.5909986476464875]
Finish training and take 27m
