Namespace(log_name='./RQ5/tfix_100_1/codet5p_770m.log', model_name='Salesforce/codet5p-770m', lang='javascript', output_dir='RQ5/tfix_100_1/codet5p_770m', data_dir='./data/RQ5/tfix_100_1', choice=0, no_cuda=False, visible_gpu='0', num_train_epochs=10, num_test_epochs=1, train_batch_size=4, eval_batch_size=4, gradient_accumulation_steps=1, load_model_path=None, config_name='', tokenizer_name='', max_source_length=512, max_target_length=512, warm_up_ratio=0.1, do_train=True, do_eval=True, do_test=True, freeze=False, learning_rate=5e-05, beam_size=10, weight_decay=0.0, adam_epsilon=1e-08, local_rank=-1, seed=42, early_stop_threshold=3)
Process rank: -1, device: cuda, n_gpu: 1, distributed training: False
Model created!!
[[{'text': 'function display(name, value, _ref) {     var warning = _ref.warning,         style = _ref.style;', 'loss_ids': 0, 'shortenable_ids': 1}, {'text': '<mask>', 'loss_ids': 1, 'shortenable_ids': 0}, {'text': 'is the fixed version', 'loss_ids': 0, 'shortenable_ids': 0}], {'guid': 0, 'tgt_text': 'function display(name, value, _ref) {     var style = _ref.style;'}]
***** Running training *****
  Num examples = 100
  Batch size = 4
  Num epoch = 10

***** Running evaluation *****
  Num examples = 100
  Batch size = 4
  epoch = 0
  eval_ppl = inf
  global_step = 26
  train_loss = 25.9174
  ********************
Previous best ppl:inf
Achieve Best ppl:inf
  ********************
BLEU file: ./data/RQ5/tfix_100_1/validation.jsonl
  codebleu-4 = 57.49 	 Previous best codebleu 0
  ********************
 Achieve Best bleu:57.49
  ********************

***** Running evaluation *****
  Num examples = 100
  Batch size = 4
  epoch = 1
  eval_ppl = inf
  global_step = 51
  train_loss = 8.6614
  ********************
Previous best ppl:inf
BLEU file: ./data/RQ5/tfix_100_1/validation.jsonl
  codebleu-4 = 57.56 	 Previous best codebleu 57.49
  ********************
 Achieve Best bleu:57.56
  ********************

***** Running evaluation *****
  Num examples = 100
  Batch size = 4
  epoch = 2
  eval_ppl = inf
  global_step = 76
  train_loss = 4.1331
  ********************
Previous best ppl:inf
BLEU file: ./data/RQ5/tfix_100_1/validation.jsonl
  codebleu-4 = 58.04 	 Previous best codebleu 57.56
  ********************
 Achieve Best bleu:58.04
  ********************

***** Running evaluation *****
  Num examples = 100
  Batch size = 4
  epoch = 3
  eval_ppl = inf
  global_step = 101
  train_loss = 1.4984
  ********************
Previous best ppl:inf
BLEU file: ./data/RQ5/tfix_100_1/validation.jsonl
  codebleu-4 = 59.46 	 Previous best codebleu 58.04
  ********************
 Achieve Best bleu:59.46
  ********************

***** Running evaluation *****
  Num examples = 100
  Batch size = 4
  epoch = 4
  eval_ppl = inf
  global_step = 126
  train_loss = 0.7871
  ********************
Previous best ppl:inf
BLEU file: ./data/RQ5/tfix_100_1/validation.jsonl
  codebleu-4 = 59.8 	 Previous best codebleu 59.46
  ********************
 Achieve Best bleu:59.8
  ********************

***** Running evaluation *****
  Num examples = 100
  Batch size = 4
  epoch = 5
  eval_ppl = inf
  global_step = 151
  train_loss = 0.2783
  ********************
Previous best ppl:inf
BLEU file: ./data/RQ5/tfix_100_1/validation.jsonl
  codebleu-4 = 58.38 	 Previous best codebleu 59.8
  ********************

***** Running evaluation *****
  Num examples = 100
  Batch size = 4
  epoch = 6
  eval_ppl = inf
  global_step = 176
  train_loss = 0.1774
  ********************
Previous best ppl:inf
BLEU file: ./data/RQ5/tfix_100_1/validation.jsonl
  codebleu-4 = 59.45 	 Previous best codebleu 59.8
  ********************

***** Running evaluation *****
  Num examples = 100
  Batch size = 4
  epoch = 7
  eval_ppl = inf
  global_step = 201
  train_loss = 0.1224
  ********************
Previous best ppl:inf
BLEU file: ./data/RQ5/tfix_100_1/validation.jsonl
  codebleu-4 = 60.2 	 Previous best codebleu 59.8
  ********************
 Achieve Best bleu:60.2
  ********************

***** Running evaluation *****
  Num examples = 100
  Batch size = 4
  epoch = 8
  eval_ppl = inf
  global_step = 226
  train_loss = 0.1006
  ********************
Previous best ppl:inf
BLEU file: ./data/RQ5/tfix_100_1/validation.jsonl
  codebleu-4 = 59.6 	 Previous best codebleu 60.2
  ********************

***** Running evaluation *****
  Num examples = 100
  Batch size = 4
  epoch = 9
  eval_ppl = inf
  global_step = 251
  train_loss = 0.0901
  ********************
Previous best ppl:inf
BLEU file: ./data/RQ5/tfix_100_1/validation.jsonl
  codebleu-4 = 58.85 	 Previous best codebleu 60.2
  ********************
reload model from RQ5/tfix_100_1/codet5p_770m/checkpoint-best-bleu
BLEU file: ./data/RQ5/tfix_100_1/test.jsonl
  codebleu = 59.5 
  Total = 500 
  Exact Fixed = 45 
[14, 16, 31, 32, 36, 41, 49, 53, 68, 69, 76, 88, 93, 115, 124, 143, 149, 185, 201, 238, 263, 282, 289, 306, 307, 315, 339, 343, 356, 362, 371, 379, 399, 404, 411, 416, 419, 421, 432, 434, 444, 446, 449, 472, 494]
  Syntax Fixed = 8 
[26, 87, 121, 127, 147, 218, 226, 417]
  Cleaned Fixed = 1 
[300]
  ********************
  Total = 500 
  Exact Fixed = 45 
[14, 16, 31, 32, 36, 41, 49, 53, 68, 69, 76, 88, 93, 115, 124, 143, 149, 185, 201, 238, 263, 282, 289, 306, 307, 315, 339, 343, 356, 362, 371, 379, 399, 404, 411, 416, 419, 421, 432, 434, 444, 446, 449, 472, 494]
  Syntax Fixed = 8 
[26, 87, 121, 127, 147, 218, 226, 417]
  Cleaned Fixed = 1 
[300]
  codebleu = 59.5 
[0.3488152698595746, 0.8789433149074164, 0.8185961732176825, 0.5451417837590342, 0.3035131907129758, 0.8216460780407606, 0.2911180216547285, 0.828218881300387, 0.8055980328281301, 0.5505831472572245, 0.824425175651095, 0.36071425679443714, 0.3121594417706924, 0.8114529051148651, 0.5055431170332984, 1.0, 0.6706890687588993, 0.5404095184045611, 0.5701122864094044, 0.4455789781707686, 0.8387001883440655, 0.3992286298565113, 0.5570177454869844, 0.5058144125160369, 0.3857581307813625, 0.9407613352737074, 0.5428297584838295, 0.6287206814660993, 0.4136911179244788, 0.5053908514665235, 1.0, 0.8725952960066128, 0.6908005346740018, 0.621862347508016, 0.6888724788208753, 0.6443152851788645, 0.7349975480234779, 0.039767702005598565, 0.8853031368082722, 0.5596414762602546, 0.9891483218006352, 0.3071336753117571, 0.7122853668557851, 0.6785036503543816, 0.8356274376774735, 0.9431571237072573, 0.2558003592103332, 0.5131719780745918, 1.0, 0.5205584248799071, 0.41494193057548645, 0.5563385782378045, 0.8840113838519741, 0.8696847134058581, 0.8141572281239757, 0.396349572956634, 0.6863884298635612, 0.5042742735155721, 0.45715804963968226, 0.6273520828335467, 0.4905880158658711, 0.5854978414909923, 0.8052607518236046, 0.22242802984682342, 0.7517070403538422, 0.9260406910477721, 0.5171056657429218, 0.8826936634588876, 1.0, 0.5189589454524783, 0.5129834344293507, 0.4172802645678128, 0.28890659929471596, 0.5843871292056362, 0.5678306248142346, 1.0, 0.4512584668303705, 0.597905301770527, 0.6142322358777736, 0.6884734483714399, 0.6132366516010306, 0.6953602200025533, 0.6901940524102714, 0.651535222322672, 0.7924012535180505, 0.6564216156096869, 0.6157125860360205, 1.0, 0.5295971223679855, 0.8630487585927691, 0.15356651918683534, 0.31619260566885965, 0.8114529051148651, 0.7553359752999136, 0.44375943570639337, 0.6745410470195684, 0.7887437726770301, 0.39873667339437135, 0.6266865967254232, 0.9266829146927709, 0.5229326815734496, 0.6416532852733938, 0.7275723927836586, 0.6667398994436676, 0.7263424719778115, 0.6265958401383632, 0.7903356967388899, 0.8165273869902545, 0.04535576197454044, 0.6345506179209857, 0.8974634481857526, 0.7347169240849791, 0.6181634302376205, 0.6245487261605229, 1.0, 0.6357741351064675, 0.7460932582294246, 0.6221584174428315, 0.526714715183954, 0.7506656240001803, 0.9068864709786153, 0.0731716191316424, 0.629920929034602, 0.8785485259130981, 0.6322722651227868, 0.506187385602821, 0.6402562811128987, 0.1968605206747464, 0.5523753896742678, 0.02357226111775114, 0.4903510788203176, 0.5811409219639153, 0.7245741928928766, 0.884411967378405, 0.45438169149982227, 0.30769267863066463, 0.6201281281538, 0.8952738864082956, 0.5540969931263233, 0.8030671647766183, 0.5342366061507683, 0.4901365436405146, 1.0, 0.5844496694137683, 0.5921912117020206, 0.762178754714643, 0.6128525911123834, 0.02594241303126727, 0.8114529051148651, 0.5365573165566148, 0.7622140386340444, 0.7026136760976884, 0.6002569359025927, 0.6536911179244789, 0.2534424024864518, 0.8330693404648544, 0.737896877118873, 0.5390272275654318, 0.3253313725311576, 0.4222827177663117, 0.5289052690315463, 0.11367377306961232, 0.7411792454841413, 0.4471047149903593, 0.5142742735155721, 0.0039461597915856905, 0.4771052192777594, 0.6307456993182354, 0.5264886858900315, 0.6208936951013285, 0.38333251237656163, 0.5009596020209375, 0.027660853979899265, 0.2820420788555261, 0.6157132877459149, 0.6943782302226269, 0.3095801383543728, 0.35586539345697804, 0.9039342742606371, 0.551935203785477, 0.06808859345352361, 0.35260703155848694, 0.571700750841684, 0.5642010748634618, 1.0, 0.6006394976554918, 0.5966881123495027, 0.7006428385900633, 0.377146793694639, 0.636964721661222, 0.6339262873537368, 0.2213031374478725, 0.44478640618236376, 0.4829570445323632, 0.0, 0.11523607763797766, 0.8821296454239946, 0.5334126180997758, 0.5644392935955646, 0.4736728434913504, 1.0, 0.29484106244091757, 0.7944964819871267, 0.7698924838781129, 0.8357300536317346, 0.6262890508561036, 0.40670333894751753, 0.8301971233899816, 0.7623676872921671, 0.5575523755474183, 0.5550049310474542, 0.38887247882087533, 0.8034443090225696, 0.4664576430063564, 0.35652455768354985, 0.6583332549596508, 0.7423958127221755, 0.9068864709786153, 0.22719082257468703, 0.8291884689534064, 0.21100892280323053, 0.5924424048742483, 0.0, 0.2525381397200389, 0.45066219168465615, 0.6761656063479223, 0.7557194260336891, 0.0, 0.5032296710516466, 0.5176277486461538, 0.0, 0.5566984938224081, 0.8232148025904986, 0.5131501387427619, 0.7371109230886468, 0.5987433254597354, 0.314114717309419, 1.0, 0.5227886222566653, 0.09138854364080462, 0.5996874926360537, 0.980720400721969, 0.4383850702885347, 0.8845572237610086, 0.7302007404183433, 0.2505742404217245, 0.3449411645032098, 0.5601409622018774, 0.4432027101248005, 0.31783301987427476, 0.08152573352530099, 0.7170369693946632, 0.6983157796360075, 0.43096007508570255, 0.4808294148110796, 0.6903510788203177, 0.4326263272143769, 0.6451645648968785, 0.3703988534694904, 0.5887463412678369, 0.5178989075058493, 0.9211131842675646, 1.0, 0.8300792809207385, 0.6518187340803612, 0.29514178375903416, 0.38412587020318456, 0.503404575411008, 0.8513726633741598, 0.6661120443406857, 0.19192238765013264, 0.8134557045901138, 0.4067900328493899, 0.7648103351245981, 0.7916795920020299, 0.6203749371097261, 0.6592906179772744, 0.8643234750474205, 0.07153421598018944, 0.2923083608934159, 0.5769109913668085, 1.0, 0.9033331043272477, 0.5847385307544747, 0.5334126180997758, 0.8604457071320422, 0.7970182644937875, 0.2636668331849268, 0.8113498738634284, 0.6366159932299253, 0.6558003592103332, 0.592220352689125, 0.3216086515305904, 0.39969884422068214, 0.31407610853279483, 0.5381429054415754, 0.6813738950704837, 0.8291884689534064, 0.47180509653022784, 0.9519671371303184, 0.5421737770198148, 0.0, 0.6174839565793364, 0.7358502882945588, 0.6324794353697702, 0.9474466761527047, 0.9052213232755846, 0.8178607431385985, 0.5631372993900048, 0.6355230163254099, 0.45222870310832236, 0.5383089748131177, 0.5821296454239947, 0.9327129272910257, 1.0, 0.5092272948800609, 0.5645629956441349, 0.5765188209577117, 0.5342084433274925, 0.8642470965743208, 0.26347186640984777, 0.8038961967467184, 0.4714698407062744, 0.4385024547780274, 0.8475948805844231, 0.7431916688758325, 0.576907475658101, 0.38740335580395974, 0.5365573165566148, 0.47786341412302047, 0.8434613529595205, 0.6892870539097846, 0.5879792831098578, 0.714297617187952, 0.44197744352482204, 0.6490264366907621, 0.6999566173218232, 0.3240905446161769, 1.0, 0.5111556732259859, 0.38315024898948147, 0.3612682522907168, 1.0, 0.5022320237089661, 0.7686443097434874, 0.5445795536136034, 0.8017397827309225, 0.07930709861041217, 0.7440674255796451, 0.19431575418362879, 0.6066855853913183, 0.5961439611994732, 0.3882203984945388, 0.5609260915878896, 0.6490694936483706, 1.0, 0.20034796016239415, 0.6302733611924758, 0.08869475457310907, 0.6509106257652548, 0.41585825915406704, 1.0, 0.9237479530474457, 0.7730288260771192, 0.3154745710868131, 0.31217875471464307, 0.3949005844802781, 0.7731012556269232, 0.6530550965302279, 0.7970182644937875, 1.0, 0.5530199848772628, 0.5774963429007336, 0.6208332549596509, 0.5519698034749387, 0.7553637155933474, 0.8525366466180964, 0.6950746442974585, 0.8746402353905722, 0.3760202619925232, 0.6392333266349789, 0.3275887968144088, 0.5674116101627691, 0.075, 0.767477931967225, 0.40660822240095185, 0.1166722178584107, 0.47180509653022784, 0.9039342742606371, 0.6903510788203177, 0.6214284196739419, 0.8357967156935899, 0.6289313661614635, 0.5845720003763292, 0.5491887270965481, 0.3714764154580026, 0.09999999999999999, 0.29080814539619515, 1.0, 0.7591116846422887, 0.6320615067866382, 0.367641751923923, 0.593328204480502, 1.0, 0.7418205419054216, 0.0, 0.46761194211277957, 0.5705557495072049, 0.5796605122596801, 0.64272438732935, 1.0, 0.4723646643667699, 0.6371808959162841, 0.15, 0.7304885888713295, 1.0, 0.7314913726811936, 0.5992413083109663, 0.6922382617563554, 0.7969743810233871, 1.0, 0.13601162290160312, 0.7148321218614053, 0.7144948346694379, 0.7543841330490832, 0.6907437555816495, 0.6607530176165711, 0.8824709043482357, 0.23687288125023864, 0.03115588878443292, 0.5745852221368928, 1.0, 0.38183354569032213, 1.0, 0.8661547359011423, 0.3259403648918202, 0.5334147323445907, 0.7075905528115117, 0.6376288368886729, 0.9320894171538912, 0.5827243873293501, 0.8205326290822457, 0.6801359448960247, 0.8578047138519911, 0.6995228788727517, 0.7135428903906851, 0.7916479842275448, 0.28605185738761973, 1.0, 0.7401287898502638, 0.7965481359238318, 0.8386800272334847, 0.3339955250179895, 0.6838528189756714, 0.5470783037679993, 0.5149139863647084, 0.803182277002942, 0.8172581800353864, 0.5408401405239117, 0.5354620887583836, 0.5801154532856382, 0.3831939362196469, 0.5561717321189377, 0.4940378154875154, 0.6545980623470591, 0.7076923076923076, 0.8642470965743208, 0.3166508010405151, 0.04603121926729405, 0.6983603386106862, 0.07944994767545024, 0.8249365300761395, 0.30410225109429134, 0.7569706667451968, 0.7451384298635613, 0.13337173484667555, 0.6619172171553045, 0.565671952352334, 0.8857441887419302, 0.5824710111837532, 0.8164562066675629, 0.5616950714425102, 0.5837758819112949, 0.34288854898705995, 0.74, 0.6601458438731493, 0.3445683217133939, 0.8586654659334061, 0.5943893444913173, 0.6, 0.33036017439379955, 0.6628887558084715, 0.3965193255633748, 0.8382867235893177, 0.6290960494103124, 0.8150666162955742, 0.5335665191868353, 0.6113235238734058, 0.6573831527026088, 0.6109308002123074]
Finish training and take 20m
