Namespace(log_name='./RQ5/tfix_100_1/codet5p_770m_f.log', model_name='Salesforce/codet5p-770m', lang='javascript', output_dir='RQ5/tfix_100_1/codet5p_770m_f', data_dir='./data/RQ5/tfix_100_1', no_cuda=False, visible_gpu='0', add_task_prefix=False, add_lang_ids=False, num_train_epochs=10, num_test_epochs=10, train_batch_size=4, eval_batch_size=4, gradient_accumulation_steps=2, load_model_path=None, config_name='', tokenizer_name='', max_source_length=512, max_target_length=512, warm_up_ratio=0.1, do_train=True, do_eval=True, do_test=True, do_lower_case=False, learning_rate=5e-05, beam_size=10, weight_decay=0.0, adam_epsilon=1e-08, max_grad_norm=1.0, max_steps=-1, eval_steps=-1, train_steps=-1, local_rank=-1, seed=42, early_stop_threshold=2)
Process rank: -1, device: cuda, n_gpu: 1, distributed training: False, model_name: Salesforce/codet5p-770m
model created!
Total 100 training instances 
***** Running training *****
  Num examples = 100
  Batch size = 4
  Num epoch = 10

***** Running evaluation *****
  Num examples = 100
  Batch size = 4
  epoch = 0
  eval_ppl = 1.00591
  global_step = 26
  train_loss = 1.2077
  ********************
Previous best ppl:inf
Achieve Best ppl:1.00591
  ********************
BLEU file: ./data/RQ5/tfix_100_1/validation.jsonl
  codebleu-4 = 53.96 	 Previous best codebleu 0
  ********************
 Achieve Best bleu:53.96
  ********************

***** Running evaluation *****
  Num examples = 100
  Batch size = 4
  epoch = 1
  eval_ppl = 1.00591
  global_step = 51
  train_loss = 0.4087
  ********************
Previous best ppl:1.00591
BLEU file: ./data/RQ5/tfix_100_1/validation.jsonl
  codebleu-4 = 56.83 	 Previous best codebleu 53.96
  ********************
 Achieve Best bleu:56.83
  ********************

***** Running evaluation *****
  Num examples = 100
  Batch size = 4
  epoch = 2
  eval_ppl = 1.00556
  global_step = 76
  train_loss = 0.2815
  ********************
Previous best ppl:1.00591
Achieve Best ppl:1.00556
  ********************
BLEU file: ./data/RQ5/tfix_100_1/validation.jsonl
  codebleu-4 = 57.84 	 Previous best codebleu 56.83
  ********************
 Achieve Best bleu:57.84
  ********************

***** Running evaluation *****
  Num examples = 100
  Batch size = 4
  epoch = 3
  eval_ppl = 1.00606
  global_step = 101
  train_loss = 0.0827
  ********************
Previous best ppl:1.00556
BLEU file: ./data/RQ5/tfix_100_1/validation.jsonl
  codebleu-4 = 59.49 	 Previous best codebleu 57.84
  ********************
 Achieve Best bleu:59.49
  ********************

***** Running evaluation *****
  Num examples = 100
  Batch size = 4
  epoch = 4
  eval_ppl = 1.00626
  global_step = 126
  train_loss = 0.0454
  ********************
Previous best ppl:1.00556
BLEU file: ./data/RQ5/tfix_100_1/validation.jsonl
  codebleu-4 = 59.45 	 Previous best codebleu 59.49
  ********************

***** Running evaluation *****
  Num examples = 100
  Batch size = 4
  epoch = 5
  eval_ppl = 1.00638
  global_step = 151
  train_loss = 0.0266
  ********************
Previous best ppl:1.00556
BLEU file: ./data/RQ5/tfix_100_1/validation.jsonl
  codebleu-4 = 60.15 	 Previous best codebleu 59.49
  ********************
 Achieve Best bleu:60.15
  ********************

***** Running evaluation *****
  Num examples = 100
  Batch size = 4
  epoch = 6
  eval_ppl = 1.00629
  global_step = 176
  train_loss = 0.0129
  ********************
Previous best ppl:1.00556
BLEU file: ./data/RQ5/tfix_100_1/validation.jsonl
  codebleu-4 = 60.19 	 Previous best codebleu 60.15
  ********************
 Achieve Best bleu:60.19
  ********************

***** Running evaluation *****
  Num examples = 100
  Batch size = 4
  epoch = 7
  eval_ppl = 1.00656
  global_step = 201
  train_loss = 0.0066
  ********************
Previous best ppl:1.00556
BLEU file: ./data/RQ5/tfix_100_1/validation.jsonl
  codebleu-4 = 60.53 	 Previous best codebleu 60.19
  ********************
 Achieve Best bleu:60.53
  ********************

***** Running evaluation *****
  Num examples = 100
  Batch size = 4
  epoch = 8
  eval_ppl = 1.00669
  global_step = 226
  train_loss = 0.0082
  ********************
Previous best ppl:1.00556
BLEU file: ./data/RQ5/tfix_100_1/validation.jsonl
  codebleu-4 = 60.44 	 Previous best codebleu 60.53
  ********************

***** Running evaluation *****
  Num examples = 100
  Batch size = 4
  epoch = 9
  eval_ppl = 1.00673
  global_step = 251
  train_loss = 0.0068
  ********************
Previous best ppl:1.00556
BLEU file: ./data/RQ5/tfix_100_1/validation.jsonl
  codebleu-4 = 60.37 	 Previous best codebleu 60.53
  ********************
reload model from RQ5/tfix_100_1/codet5p_770m_f/checkpoint-best-bleu
BLEU file: ./data/RQ5/tfix_100_1/test.jsonl
  codebleu = 60.51 
  Total = 500 
  Exact Fixed = 50 
[16, 31, 32, 41, 49, 53, 68, 74, 93, 101, 115, 119, 121, 124, 126, 131, 143, 145, 163, 178, 184, 200, 201, 212, 214, 236, 263, 278, 282, 289, 306, 307, 314, 315, 331, 339, 343, 356, 362, 371, 379, 399, 416, 421, 444, 446, 465, 472, 482, 494]
  Syntax Fixed = 4 
[129, 147, 226, 445]
  Cleaned Fixed = 5 
[14, 58, 69, 76, 485]
  ********************
  Total = 500 
  Exact Fixed = 50 
[16, 31, 32, 41, 49, 53, 68, 74, 93, 101, 115, 119, 121, 124, 126, 131, 143, 145, 163, 178, 184, 200, 201, 212, 214, 236, 263, 278, 282, 289, 306, 307, 314, 315, 331, 339, 343, 356, 362, 371, 379, 399, 416, 421, 444, 446, 465, 472, 482, 494]
  Syntax Fixed = 4 
[129, 147, 226, 445]
  Cleaned Fixed = 5 
[14, 58, 69, 76, 485]
  codebleu = 60.51 
[0.36593621655465947, 0.8789433149074164, 0.8415580218210685, 0.5451417837590342, 0.3035131907129758, 0.8216460780407606, 0.3398382857983091, 0.828218881300387, 0.5961929133900581, 0.5505831472572245, 0.824425175651095, 0.414297617187952, 0.35501658462783525, 0.6553082743436025, 0.5055431170332984, 1.0, 0.792947845270083, 0.5404095184045611, 0.5701122864094044, 0.46956347168367374, 0.9097825010853771, 0.3992286298565113, 0.5570177454869844, 0.4650973805314187, 0.35933142821865177, 0.7716085560414976, 0.5428297584838295, 0.6287206814660993, 0.4136911179244788, 0.7348892033125801, 1.0, 1.0, 0.7461273419647574, 0.621862347508016, 0.6888724788208753, 0.45040497426175063, 0.7349975480234779, 0.26493187938965956, 0.8478031368082721, 0.5524252119412061, 0.9891483218006352, 0.27666535735640196, 0.7122853668557851, 0.6785036503543816, 0.8356274376774735, 0.9431571237072573, 0.2558003592103332, 0.5131719780745918, 1.0, 0.5205584248799071, 0.736415359709709, 0.5563385782378045, 1.0, 0.8696847134058581, 0.8576593989567298, 0.396349572956634, 0.6863884298635612, 0.6175859114164861, 0.45715804963968226, 0.6273520828335467, 0.4905880158658711, 0.5854978414909923, 0.8052607518236046, 0.22242802984682342, 0.7517070403538422, 0.8501613911444039, 0.49330171021453717, 1.0, 0.7155450160863304, 0.5189589454524783, 0.5129834344293507, 0.6206334767740918, 0.28890659929471596, 0.8114529051148651, 0.6204202090757367, 0.9194543051537531, 0.6524823556447805, 0.3391528593698537, 0.7158229243802021, 0.6884734483714399, 0.6132366516010306, 0.6953602200025533, 0.6901940524102714, 0.5526136760976885, 0.7924012535180505, 0.6564216156096869, 0.588804774838485, 0.9377106968911376, 0.5295971223679855, 0.8630487585927691, 0.04245768584009342, 0.4315573034129083, 0.8114529051148651, 0.7759778505057264, 0.44375943570639337, 0.6634429789154809, 0.8231417981671627, 0.39873667339437135, 0.6275155602999745, 0.703592517396366, 0.9891483218006352, 0.6416532852733938, 0.7275723927836586, 0.7524099059094923, 0.7263424719778115, 0.6265958401383632, 0.7903356967388899, 0.7201291937810395, 0.04535576197454044, 0.784257328861597, 0.8974634481857526, 0.7347169240849791, 0.6181634302376205, 0.6245487261605229, 1.0, 0.6357741351064675, 0.8255980153481091, 0.6221584174428315, 0.8114529051148651, 0.7506656240001803, 1.0, 0.0731716191316424, 0.5167500239658253, 1.0, 0.8990265449613299, 1.0, 0.4531855447309179, 0.1968605206747464, 0.8399103850027161, 0.02357226111775114, 0.8114529051148651, 0.5811409219639153, 0.7245741928928766, 0.884411967378405, 0.3290172889497498, 0.3198355357735218, 0.6201281281538, 0.8952738864082956, 0.42984444596533256, 0.8417492438576957, 0.5342366061507683, 0.4901365436405146, 1.0, 0.2778229866289921, 1.0, 0.762178754714643, 0.8703435402873412, 0.02594241303126727, 0.5157990952074163, 0.5365573165566148, 0.8132623593969441, 0.7026136760976884, 0.5731389501434865, 0.2574188475788684, 0.20167918995135747, 0.8330693404648544, 0.737896877118873, 0.5390272275654318, 0.3253313725311576, 0.596309309173441, 0.5289052690315463, 0.07774033333455402, 1.0, 0.4471047149903593, 0.5142742735155721, 0.0039461597915856905, 0.4771052192777594, 0.48074569931823535, 0.5264886858900315, 0.6208936951013285, 0.38333251237656163, 0.5009596020209375, 0.027660853979899265, 0.28137597527686664, 0.6157132877459149, 0.7713650574276913, 0.22386585264008707, 1.0, 0.9039342742606371, 0.5852685371188103, 0.06808859345352361, 0.35260703155848694, 0.571700750841684, 1.0, 0.7154170894739689, 0.6006394976554918, 0.5966881123495027, 0.7317955756505086, 0.377146793694639, 0.636964721661222, 0.7163791393142085, 0.10355282536317818, 0.44478640618236376, 0.597415144816797, 0.0, 0.11523607763797766, 0.8821296454239946, 0.6879273554028784, 0.5556033639981615, 0.8114529051148651, 1.0, 0.35522983054028545, 0.8690442938396892, 0.5754066657037705, 0.8357300536317346, 0.7417094915222344, 0.3785127913295097, 0.8301971233899816, 0.7623676872921671, 0.5575523755474183, 0.5550049310474542, 1.0, 0.8034443090225696, 0.797457144600539, 0.6095723049113978, 0.6583332549596508, 0.7423958127221755, 0.5616798194467534, 0.07342324499671851, 0.8291884689534064, 0.20750015087340595, 0.5924424048742483, 0.0, 0.2525381397200389, 0.45066219168465615, 0.6761656063479223, 0.7557194260336891, 0.0, 0.6092728765398896, 0.5654481856728993, 0.0, 0.37384180996097194, 0.8232148025904986, 0.5131501387427619, 0.40563523302493104, 1.0, 0.2921466130737851, 0.9153361915914722, 0.5227886222566653, 0.09138854364080462, 0.5996874926360537, 0.980720400721969, 0.6047568636054375, 0.8845572237610086, 0.7302007404183433, 0.2505742404217245, 0.4248309818780043, 0.7834298712141025, 0.11861526995228996, 0.5310542176734784, 0.08152573352530099, 0.7170369693946632, 0.6983157796360075, 0.43096007508570255, 0.4808294148110796, 0.6903510788203177, 0.4326263272143769, 0.6451645648968785, 0.3703988534694904, 0.5887463412678369, 0.16296797216228456, 0.9211131842675646, 1.0, 0.8300792809207385, 0.6518187340803612, 0.29514178375903416, 0.38412587020318456, 0.503404575411008, 0.8513726633741598, 0.6661120443406857, 0.19192238765013264, 0.8134557045901138, 0.0987755479780052, 0.7648103351245981, 0.8736081095465102, 0.8052186899151903, 0.4649008676453644, 0.9222725521291268, 0.07153421598018944, 0.2923083608934159, 0.6128206642576942, 1.0, 0.9033331043272477, 0.5847385307544747, 0.6879273554028784, 0.8604457071320422, 0.7970182644937875, 0.2636668331849268, 1.0, 0.669399420432528, 0.5567052722262924, 0.7808322554445639, 0.33199814517849774, 0.39969884422068214, 0.31407610853279483, 0.6730619919314704, 0.6529980920274221, 0.8291884689534064, 0.47180509653022784, 0.5322435722219185, 0.4887096364908238, 0.0, 0.6376820515853616, 0.7358502882945588, 0.6324794353697702, 1.0, 1.0, 0.8178607431385985, 0.49646121894916284, 0.6355230163254099, 0.45222870310832236, 0.6049522285347575, 0.9244951687754421, 1.0, 1.0, 0.5092272948800609, 0.5495093791412856, 0.5765188209577117, 0.5342084433274925, 0.8642470965743208, 0.26347186640984777, 0.8038961967467184, 0.4714698407062744, 0.4964902913435728, 0.7590651324914919, 0.7431916688758325, 0.48164043531806466, 0.5016883743487941, 0.5365573165566148, 0.47786341412302047, 1.0, 0.6054096707711822, 0.5879792831098578, 0.714297617187952, 0.6517765449003101, 0.6490264366907621, 0.5006264108710762, 0.19904357015719648, 1.0, 0.5111556732259859, 0.4048126665159984, 0.09399552501798952, 1.0, 0.5022320237089661, 0.7217429442632837, 0.6431227591816079, 0.6702295763389494, 0.10729876696136821, 0.8586064963566447, 0.19431575418362879, 0.6066855853913183, 0.5961439611994732, 0.3882203984945388, 0.5609260915878896, 0.6519266365055134, 1.0, 0.20034796016239415, 0.6125559617261662, 0.10100244688080139, 0.6793788456922385, 0.41585825915406704, 1.0, 0.9237479530474457, 0.885801886423617, 0.1771270866153774, 0.1621787547146431, 0.3949005844802781, 0.7731012556269232, 0.6863884298635612, 0.7970182644937875, 1.0, 0.5530199848772628, 0.5774963429007336, 0.6583332549596508, 0.5519698034749387, 0.8975222218133634, 0.8525366466180964, 0.7883092393403118, 1.0, 0.3610202619925232, 0.6392333266349789, 0.5402233947178415, 0.732236802097879, 0.075, 0.767477931967225, 0.40660822240095185, 0.6685733388407632, 0.8378414230005442, 0.9039342742606371, 0.3442917633190253, 0.6540674839146357, 0.8357967156935899, 0.6289313661614635, 0.5845720003763292, 0.6312652820919249, 0.3714764154580026, 0.09999999999999999, 0.29080814539619515, 1.0, 0.7591116846422887, 0.6320615067866382, 0.367641751923923, 0.593328204480502, 0.45167603374000065, 0.7418205419054216, 0.0, 0.46761194211277957, 0.5705557495072049, 0.5796605122596801, 0.64272438732935, 0.7253305249945152, 0.5027616393658039, 0.6371808959162841, 0.15, 0.7396270263254157, 1.0, 0.5935953316032341, 0.5992413083109663, 0.46655222663292156, 0.7969743810233871, 1.0, 0.12152819075380272, 0.7148321218614053, 0.7144948346694379, 0.7543841330490832, 0.7751154612416989, 0.6607530176165711, 0.8824709043482357, 0.23687288125023864, 0.026198875192873054, 0.5745852221368928, 0.37668959821497894, 0.38183354569032213, 0.8425480047968843, 0.8661547359011423, 0.3259403648918202, 0.5334147323445907, 0.6781051693124769, 0.4258969007712752, 0.9320894171538912, 0.6508081453961951, 0.8205326290822457, 0.6801359448960247, 1.0, 0.8392870539097845, 0.6174188475788684, 0.7916479842275448, 0.28605185738761973, 0.6983761581889011, 0.7401287898502638, 0.8102736261199102, 0.8386800272334847, 0.3339955250179895, 0.682489182612035, 0.5470783037679993, 0.5149139863647084, 0.8446296454239948, 0.859655200961138, 0.5408401405239117, 0.6522143608730698, 0.5801154532856382, 0.3831939362196469, 0.5561717321189377, 0.41600392477920267, 1.0, 0.7076923076923076, 0.740283019158056, 0.3166508010405151, 0.04362372606317965, 0.7548309268459803, 0.07944994767545024, 0.8249365300761395, 0.30410225109429134, 0.7569706667451968, 0.7451384298635613, 0.13337173484667555, 0.7776444295139451, 0.565671952352334, 0.8857441887419302, 0.5824710111837532, 0.8164562066675629, 1.0, 0.658009131829517, 0.3857456918442028, 0.5007265995447144, 0.6225597647323049, 0.3445683217133939, 0.8263872986211505, 0.5943893444913173, 0.6, 0.33036017439379955, 0.6628887558084715, 0.3965193255633748, 1.0, 0.6181431294418838, 0.8150666162955742, 0.5335665191868353, 0.6190128819697975, 0.6573831527026088, 0.6607637451794129]
Finish training and take 25m
