Namespace(log_name='./RQ5/tfix_100_1/codet5p_220m.log', model_name='Salesforce/codet5p-220m', lang='javascript', output_dir='RQ5/tfix_100_1/codet5p_220m', data_dir='./data/RQ5/tfix_100_1', choice=0, no_cuda=False, visible_gpu='0', num_train_epochs=10, num_test_epochs=1, train_batch_size=8, eval_batch_size=4, gradient_accumulation_steps=1, load_model_path=None, config_name='', tokenizer_name='', max_source_length=512, max_target_length=512, warm_up_ratio=0.1, do_train=True, do_eval=True, do_test=True, freeze=False, learning_rate=5e-05, beam_size=10, weight_decay=0.0, adam_epsilon=1e-08, local_rank=-1, seed=42, early_stop_threshold=3)
Process rank: -1, device: cuda, n_gpu: 1, distributed training: False
Model created!!
[[{'text': 'function display(name, value, _ref) {     var warning = _ref.warning,         style = _ref.style;', 'loss_ids': 0, 'shortenable_ids': 1}, {'text': '<mask>', 'loss_ids': 1, 'shortenable_ids': 0}, {'text': 'is the fixed version', 'loss_ids': 0, 'shortenable_ids': 0}], {'guid': 0, 'tgt_text': 'function display(name, value, _ref) {     var style = _ref.style;'}]
***** Running training *****
  Num examples = 100
  Batch size = 8
  Num epoch = 10

***** Running evaluation *****
  Num examples = 100
  Batch size = 4
  epoch = 0
  eval_ppl = 9.432828350703248e+240
  global_step = 14
  train_loss = 34.6037
  ********************
Previous best ppl:inf
Achieve Best ppl:9.432828350703248e+240
  ********************
BLEU file: ./data/RQ5/tfix_100_1/validation.jsonl
  codebleu-4 = 50.26 	 Previous best codebleu 0
  ********************
 Achieve Best bleu:50.26
  ********************

***** Running evaluation *****
  Num examples = 100
  Batch size = 4
  epoch = 1
  eval_ppl = inf
  global_step = 27
  train_loss = 13.9679
  ********************
Previous best ppl:9.432828350703248e+240
BLEU file: ./data/RQ5/tfix_100_1/validation.jsonl
  codebleu-4 = 56.66 	 Previous best codebleu 50.26
  ********************
 Achieve Best bleu:56.66
  ********************

***** Running evaluation *****
  Num examples = 100
  Batch size = 4
  epoch = 2
  eval_ppl = inf
  global_step = 40
  train_loss = 8.4458
  ********************
Previous best ppl:9.432828350703248e+240
BLEU file: ./data/RQ5/tfix_100_1/validation.jsonl
  codebleu-4 = 58.19 	 Previous best codebleu 56.66
  ********************
 Achieve Best bleu:58.19
  ********************

***** Running evaluation *****
  Num examples = 100
  Batch size = 4
  epoch = 3
  eval_ppl = inf
  global_step = 53
  train_loss = 5.3625
  ********************
Previous best ppl:9.432828350703248e+240
BLEU file: ./data/RQ5/tfix_100_1/validation.jsonl
  codebleu-4 = 58.88 	 Previous best codebleu 58.19
  ********************
 Achieve Best bleu:58.88
  ********************

***** Running evaluation *****
  Num examples = 100
  Batch size = 4
  epoch = 4
  eval_ppl = inf
  global_step = 66
  train_loss = 3.1412
  ********************
Previous best ppl:9.432828350703248e+240
BLEU file: ./data/RQ5/tfix_100_1/validation.jsonl
  codebleu-4 = 58.43 	 Previous best codebleu 58.88
  ********************

***** Running evaluation *****
  Num examples = 100
  Batch size = 4
  epoch = 5
  eval_ppl = inf
  global_step = 79
  train_loss = 2.2001
  ********************
Previous best ppl:9.432828350703248e+240
BLEU file: ./data/RQ5/tfix_100_1/validation.jsonl
  codebleu-4 = 57.31 	 Previous best codebleu 58.88
  ********************

***** Running evaluation *****
  Num examples = 100
  Batch size = 4
  epoch = 6
  eval_ppl = inf
  global_step = 92
  train_loss = 1.4038
  ********************
Previous best ppl:9.432828350703248e+240
BLEU file: ./data/RQ5/tfix_100_1/validation.jsonl
  codebleu-4 = 58.08 	 Previous best codebleu 58.88
  ********************
early stopping!!!
reload model from RQ5/tfix_100_1/codet5p_220m/checkpoint-best-bleu
BLEU file: ./data/RQ5/tfix_100_1/test.jsonl
  codebleu = 60.31 
  Total = 500 
  Exact Fixed = 53 
[3, 16, 31, 32, 40, 42, 49, 53, 88, 93, 109, 115, 119, 121, 124, 133, 143, 145, 157, 177, 189, 200, 201, 205, 238, 263, 265, 282, 289, 306, 307, 310, 313, 314, 331, 339, 340, 343, 356, 362, 367, 369, 377, 399, 408, 411, 416, 434, 444, 446, 465, 472, 494]
  Syntax Fixed = 7 
[30, 57, 74, 87, 129, 147, 226]
  Cleaned Fixed = 5 
[14, 58, 76, 214, 253]
  ********************
  Total = 500 
  Exact Fixed = 53 
[3, 16, 31, 32, 40, 42, 49, 53, 88, 93, 109, 115, 119, 121, 124, 133, 143, 145, 157, 177, 189, 200, 201, 205, 238, 263, 265, 282, 289, 306, 307, 310, 313, 314, 331, 339, 340, 343, 356, 362, 367, 369, 377, 399, 408, 411, 416, 434, 444, 446, 465, 472, 494]
  Syntax Fixed = 7 
[30, 57, 74, 87, 129, 147, 226]
  Cleaned Fixed = 5 
[14, 58, 76, 214, 253]
  codebleu = 60.31 
[0.3488152698595746, 0.8789433149074164, 0.931172149190751, 0.5451417837590342, 0.3519980391978243, 0.8216460780407606, 0.3398382857983091, 0.828218881300387, 0.7924012535180505, 0.5505831472572245, 0.824425175651095, 0.36071425679443714, 0.3121594417706924, 0.6553082743436025, 0.5055431170332984, 1.0, 0.792947845270083, 0.5404095184045611, 0.5701122864094044, 0.49470906052015134, 0.8387001883440655, 0.3992286298565113, 0.5570177454869844, 0.5058144125160369, 0.3657581307813625, 0.8465532719298088, 0.5428297584838295, 0.6287206814660993, 0.38702445125781215, 0.6371808959162841, 1.0, 0.8725952960066128, 0.6908005346740018, 0.621862347508016, 0.6888724788208753, 0.45040497426175063, 0.7349975480234779, 0.06147540983606557, 0.8853031368082722, 0.7135428903906851, 0.4427200451626767, 0.9891483218006352, 0.7122853668557851, 0.6785036503543816, 0.8356274376774735, 0.9431571237072573, 0.2558003592103332, 0.5131719780745918, 1.0, 0.5070852112103202, 0.4749419305754864, 0.45575281036960824, 0.8840113838519741, 0.8696847134058581, 0.8141572281239757, 0.396349572956634, 0.8206847188488577, 0.6175859114164861, 0.45715804963968226, 0.6273520828335467, 0.4905880158658711, 0.5854978414909923, 0.8052607518236046, 0.22242802984682342, 0.7517070403538422, 0.9260406910477721, 0.5171056657429218, 0.6314586912068489, 0.5050720368693571, 0.5189589454524783, 0.5980106395191633, 0.4172802645678128, 0.28890659929471596, 0.6903510788203177, 0.5459147667190589, 0.9194543051537531, 0.4162786853652603, 0.5014696269150347, 0.7158229243802021, 0.6884734483714399, 0.6132366516010306, 0.6953602200025533, 0.6901940524102714, 0.651535222322672, 0.7024927637399985, 0.6564216156096869, 0.6295443998237225, 1.0, 0.5295971223679855, 0.8630487585927691, 0.0731716191316424, 0.31619260566885965, 0.8114529051148651, 0.7553359752999136, 0.44375943570639337, 0.6745410470195684, 0.7887437726770301, 0.39873667339437135, 0.6266865967254232, 0.9266829146927709, 0.5229326815734496, 0.6416532852733938, 0.7275723927836586, 0.5314087274858694, 0.7263424719778115, 0.6265958401383632, 0.7903356967388899, 0.5652010091503564, 0.7135428903906851, 0.6345506179209857, 0.8974634481857526, 0.7347169240849791, 0.6181634302376205, 0.6245487261605229, 1.0, 0.6357741351064675, 0.8255980153481091, 0.6221584174428315, 0.8114529051148651, 0.7506656240001803, 1.0, 0.0731716191316424, 0.629920929034602, 0.8785485259130981, 0.8990265449613299, 0.5774149680292889, 0.4531855447309179, 0.556487662226795, 0.8399103850027161, 0.02357226111775114, 0.4903510788203176, 0.5811409219639153, 1.0, 0.884411967378405, 0.45438169149982227, 0.3198355357735218, 0.6201281281538, 0.8952738864082956, 0.43235713841765855, 0.7668758886842345, 0.7264603256176001, 0.4901365436405146, 1.0, 0.5844496694137683, 1.0, 0.762178754714643, 0.6874318783637761, 0.3220441896378171, 0.5157990952074163, 0.5365573165566148, 0.7622140386340444, 0.04202520055807766, 0.6002569359025927, 0.6536911179244789, 0.2534424024864518, 0.8330693404648544, 0.9891483218006352, 0.5390272275654318, 0.3253313725311576, 0.4222827177663117, 0.5289052690315463, 0.11367377306961232, 0.859642549895431, 0.4947090605201514, 0.5142742735155721, 0.003157006751173676, 0.4771052192777594, 0.6307456993182354, 0.5264886858900315, 0.6625508357540224, 0.38333251237656163, 0.5009596020209375, 0.027660853979899265, 0.2820420788555261, 0.6157132877459149, 0.7730073152180194, 1.0, 0.35586539345697804, 0.9039342742606371, 0.5647491771796385, 0.09359556420829523, 0.35260703155848694, 0.571700750841684, 0.5642010748634618, 0.3295272161383465, 0.6006394976554918, 0.676797617187952, 0.688305176252401, 1.0, 0.636964721661222, 0.6339262873537368, 0.10519979795067727, 0.44478640618236376, 0.4829570445323632, 0.0, 0.11523607763797766, 0.8821296454239946, 0.5334126180997758, 0.5960182409639856, 0.8114529051148651, 1.0, 0.30462367113656974, 0.7058462902463543, 0.7698924838781129, 1.0, 0.6262890508561036, 0.6915007184497834, 0.8301971233899816, 0.7623676872921671, 0.5575523755474183, 0.5550049310474542, 0.6817027374009171, 0.8707738730696388, 0.8615103807715374, 0.625500606374912, 0.6583332549596508, 0.7423958127221755, 0.5616798194467534, 0.177190822574687, 0.8291884689534064, 0.21100892280323053, 0.5924424048742483, 0.0, 0.2525381397200389, 0.45066219168465615, 0.6761656063479223, 0.7301961448188755, 0.0, 0.5032296710516466, 0.5354481856728994, 0.0, 0.5566984938224081, 0.8232148025904986, 0.5131501387427619, 0.13210228247927025, 0.5987433254597354, 0.314114717309419, 1.0, 0.5227886222566653, 0.09138854364080462, 0.7954935638657621, 0.980720400721969, 0.4649316561226579, 0.47806950022646855, 0.7302007404183433, 0.2505742404217245, 0.4113901422337669, 0.7896006392880524, 0.4432027101248005, 0.37257593934497335, 0.08152573352530099, 0.7170369693946632, 0.764529302035556, 0.46557545970108716, 0.5355299639839244, 0.6903510788203177, 0.4326263272143769, 0.6451645648968785, 0.3703988534694904, 0.671225780303527, 0.5178989075058493, 0.9211131842675646, 1.0, 0.8300792809207385, 1.0, 0.29514178375903416, 0.38412587020318456, 0.41233251454071634, 0.8513726633741598, 0.6661120443406857, 0.19192238765013264, 0.8134557045901138, 0.4237755479780052, 0.7648103351245981, 0.7916795920020299, 0.6828613511382454, 0.6592906179772744, 0.8643234750474205, 0.07153421598018944, 0.2923083608934159, 0.6196263559246291, 1.0, 0.9033331043272477, 0.5847385307544747, 0.5334126180997758, 0.8604457071320422, 0.7970182644937875, 0.2636668331849268, 0.8113498738634284, 0.6489448749779825, 0.6558003592103332, 0.9130169160146575, 0.34505477483848507, 0.39969884422068214, 0.31407610853279483, 0.5381429054415754, 0.6813738950704837, 0.8291884689534064, 0.47180509653022784, 0.645572933254816, 0.5421737770198148, 0.0, 0.6174839565793364, 0.7358502882945588, 0.6324794353697702, 0.9474466761527047, 0.9052213232755846, 0.8178607431385985, 0.5631372993900048, 1.0, 0.45222870310832236, 0.5383089748131177, 1.0, 1.0, 0.6887796716807859, 0.5092272948800609, 0.882842712474619, 0.5765188209577117, 0.3021771422878985, 0.6646533580993041, 0.26347186640984777, 0.8038961967467184, 0.4714698407062744, 0.4964902913435728, 0.9025484975498632, 0.6995780018676667, 0.576907475658101, 0.5016883743487941, 0.5365573165566148, 0.47786341412302047, 1.0, 0.6892870539097846, 0.5879792831098578, 0.714297617187952, 0.5017765449003101, 0.6490264366907621, 0.6999566173218232, 0.3632462232889623, 1.0, 1.0, 0.38315024898948147, 0.3612682522907168, 1.0, 0.5483858698628123, 0.7686443097434874, 0.5445795536136034, 0.8017397827309225, 0.06430709861041217, 0.7440674255796451, 0.3276490875169621, 0.6066855853913183, 0.47139048430039543, 0.3882203984945388, 0.5609260915878896, 0.6519266365055134, 1.0, 0.20034796016239415, 0.8294458477851234, 0.08869475457310907, 0.6509106257652548, 0.41585825915406704, 1.0, 0.9237479530474457, 0.7730288260771192, 0.2835958953844183, 0.15421129818718932, 0.9891483218006352, 0.7731012556269232, 1.0, 0.7970182644937875, 0.5428690457593806, 0.5530199848772628, 0.5774963429007336, 0.6208332549596509, 0.5519698034749387, 0.6008709350500212, 1.0, 0.6950746442974585, 0.5249883996044001, 0.3610202619925232, 0.6392333266349789, 0.3275887968144088, 0.732236802097879, 0.075, 0.767477931967225, 0.40660822240095185, 0.29722643810031, 0.47180509653022784, 0.9039342742606371, 0.6903510788203177, 0.5499074052249319, 0.8357967156935899, 0.6289313661614635, 0.5845720003763292, 0.676275735434565, 0.3714764154580026, 0.09999999999999999, 0.29080814539619515, 1.0, 0.7591116846422887, 0.6320615067866382, 0.367641751923923, 0.593328204480502, 0.4190545471347328, 0.7418205419054216, 0.0, 0.46761194211277957, 1.0, 0.5796605122596801, 0.64272438732935, 1.0, 0.5027616393658039, 0.5927200451626766, 0.15, 0.7304885888713295, 1.0, 0.5935953316032341, 0.5992413083109663, 0.46655222663292156, 0.7969743810233871, 0.5147212473253818, 0.13601162290160312, 0.7148321218614053, 0.7144948346694379, 0.7543841330490832, 0.6907437555816495, 0.6148576874551961, 0.8824709043482357, 0.23687288125023864, 0.03115588878443292, 0.5745852221368928, 0.37668959821497894, 0.38183354569032213, 1.0, 0.8661547359011423, 0.3259403648918202, 0.5334147323445907, 0.7075905528115117, 0.6376288368886729, 0.9320894171538912, 0.6508081453961951, 0.8205326290822457, 0.6693492547034694, 0.8578047138519911, 0.6995228788727517, 0.7135428903906851, 0.7916479842275448, 0.28605185738761973, 0.6983761581889011, 0.8603738717856269, 0.7965481359238318, 0.8386800272334847, 0.3339955250179895, 0.6838528189756714, 0.5470783037679993, 0.5149139863647084, 0.3872106344988472, 0.8172581800353864, 0.5408401405239117, 0.6304241997444744, 0.5801154532856382, 0.3831939362196469, 0.5561717321189377, 0.4940378154875154, 1.0, 0.7076923076923076, 0.8642470965743208, 0.3166508010405151, 0.04603121926729405, 0.9131262372865103, 0.07944994767545024, 0.8249365300761395, 0.30410225109429134, 0.7569706667451968, 0.7451384298635613, 0.13337173484667555, 0.6619172171553045, 0.565671952352334, 0.8857441887419302, 0.5824710111837532, 0.8164562066675629, 0.5616950714425102, 0.5837758819112949, 0.34288854898705995, 0.74, 0.6225597647323049, 0.3445683217133939, 0.8586654659334061, 0.5943893444913173, 0.6, 0.33036017439379955, 0.6628887558084715, 0.3965193255633748, 0.8382867235893177, 0.6290960494103124, 0.8150666162955742, 0.5335665191868353, 0.6113235238734058, 0.6573831527026088, 0.25515062551805223]
Finish training and take 8m
