Namespace(log_name='./RQ5/sstubs_900_2/codet5p_220m.log', model_name='Salesforce/codet5p-220m', lang='java', output_dir='RQ5/sstubs_900_2/codet5p_220m', data_dir='./data/RQ5/sstubs_900_2', choice=0, no_cuda=False, visible_gpu='0', num_train_epochs=10, num_test_epochs=1, train_batch_size=8, eval_batch_size=4, gradient_accumulation_steps=1, load_model_path=None, config_name='', tokenizer_name='', max_source_length=512, max_target_length=512, warm_up_ratio=0.1, do_train=True, do_eval=True, do_test=True, freeze=False, learning_rate=5e-05, beam_size=10, weight_decay=0.0, adam_epsilon=1e-08, local_rank=-1, seed=42, early_stop_threshold=3)
Process rank: -1, device: cuda, n_gpu: 1, distributed training: False
Model created!!
[[{'text': '}    public void glUniform3fv (int location, int count, FloatBuffer v) {    GL20.glUniform3(location, v);    }    public void glUniform3fv (int location, int count, float[] v, int offset) {    GL20.glUniform3(location, toFloatBuffer(v, offset, count * 3));    }    public void glUniform3i (int location, int x, int y, int z) {', 'loss_ids': 0, 'shortenable_ids': 1}, {'text': '<mask>', 'loss_ids': 1, 'shortenable_ids': 0}, {'text': 'is the fixed version', 'loss_ids': 0, 'shortenable_ids': 0}], {'guid': 0, 'tgt_text': '}    public void glUniform3fv (int location, int count, FloatBuffer v) {    GL20.glUniform3fv(location, v);    }    public void glUniform3fv (int location, int count, float[] v, int offset) {    GL20.glUniform3fv(location, toFloatBuffer(v, offset, count * 3));    }    public void glUniform3i (int location, int x, int y, int z) {'}]
***** Running training *****
  Num examples = 900
  Batch size = 8
  Num epoch = 10

***** Running evaluation *****
  Num examples = 100
  Batch size = 4
  epoch = 0
  eval_ppl = inf
  global_step = 114
  train_loss = 14.7855
  ********************
Previous best ppl:inf
Achieve Best ppl:inf
  ********************
BLEU file: ./data/RQ5/sstubs_900_2/validation.jsonl
  codebleu-4 = 93.5 	 Previous best codebleu 0
  ********************
 Achieve Best bleu:93.5
  ********************

***** Running evaluation *****
  Num examples = 100
  Batch size = 4
  epoch = 1
  eval_ppl = inf
  global_step = 227
  train_loss = 3.8122
  ********************
Previous best ppl:inf
BLEU file: ./data/RQ5/sstubs_900_2/validation.jsonl
  codebleu-4 = 94.35 	 Previous best codebleu 93.5
  ********************
 Achieve Best bleu:94.35
  ********************

***** Running evaluation *****
  Num examples = 100
  Batch size = 4
  epoch = 2
  eval_ppl = inf
  global_step = 340
  train_loss = 2.0368
  ********************
Previous best ppl:inf
BLEU file: ./data/RQ5/sstubs_900_2/validation.jsonl
  codebleu-4 = 94.26 	 Previous best codebleu 94.35
  ********************

***** Running evaluation *****
  Num examples = 100
  Batch size = 4
  epoch = 3
  eval_ppl = inf
  global_step = 453
  train_loss = 1.2988
  ********************
Previous best ppl:inf
BLEU file: ./data/RQ5/sstubs_900_2/validation.jsonl
  codebleu-4 = 95.43 	 Previous best codebleu 94.35
  ********************
 Achieve Best bleu:95.43
  ********************

***** Running evaluation *****
  Num examples = 100
  Batch size = 4
  epoch = 4
  eval_ppl = inf
  global_step = 566
  train_loss = 0.7249
  ********************
Previous best ppl:inf
BLEU file: ./data/RQ5/sstubs_900_2/validation.jsonl
  codebleu-4 = 94.6 	 Previous best codebleu 95.43
  ********************

***** Running evaluation *****
  Num examples = 100
  Batch size = 4
  epoch = 5
  eval_ppl = inf
  global_step = 679
  train_loss = 0.516
  ********************
Previous best ppl:inf
BLEU file: ./data/RQ5/sstubs_900_2/validation.jsonl
  codebleu-4 = 95.23 	 Previous best codebleu 95.43
  ********************

***** Running evaluation *****
  Num examples = 100
  Batch size = 4
  epoch = 6
  eval_ppl = inf
  global_step = 792
  train_loss = 0.3868
  ********************
Previous best ppl:inf
BLEU file: ./data/RQ5/sstubs_900_2/validation.jsonl
  codebleu-4 = 95.69 	 Previous best codebleu 95.43
  ********************
 Achieve Best bleu:95.69
  ********************

***** Running evaluation *****
  Num examples = 100
  Batch size = 4
  epoch = 7
  eval_ppl = inf
  global_step = 905
  train_loss = 0.3149
  ********************
Previous best ppl:inf
BLEU file: ./data/RQ5/sstubs_900_2/validation.jsonl
  codebleu-4 = 95.64 	 Previous best codebleu 95.69
  ********************

***** Running evaluation *****
  Num examples = 100
  Batch size = 4
  epoch = 8
  eval_ppl = inf
  global_step = 1018
  train_loss = 0.2266
  ********************
Previous best ppl:inf
BLEU file: ./data/RQ5/sstubs_900_2/validation.jsonl
  codebleu-4 = 95.46 	 Previous best codebleu 95.69
  ********************

***** Running evaluation *****
  Num examples = 100
  Batch size = 4
  epoch = 9
  eval_ppl = inf
  global_step = 1131
  train_loss = 0.1932
  ********************
Previous best ppl:inf
BLEU file: ./data/RQ5/sstubs_900_2/validation.jsonl
  codebleu-4 = 95.48 	 Previous best codebleu 95.69
  ********************
early stopping!!!
reload model from RQ5/sstubs_900_2/codet5p_220m/checkpoint-best-bleu
BLEU file: ./data/RQ5/sstubs_900_2/test.jsonl
  codebleu = 95.02 
  Total = 500 
  Exact Fixed = 327 
[2, 3, 4, 5, 6, 7, 8, 9, 11, 14, 16, 17, 18, 19, 20, 21, 24, 25, 26, 27, 28, 29, 34, 36, 37, 38, 39, 40, 41, 44, 49, 52, 55, 57, 58, 59, 61, 63, 65, 66, 67, 69, 72, 73, 74, 75, 76, 77, 78, 79, 81, 83, 86, 87, 88, 89, 90, 91, 92, 93, 94, 95, 97, 98, 99, 100, 101, 104, 105, 110, 111, 113, 115, 116, 120, 122, 124, 125, 127, 128, 130, 131, 132, 133, 134, 135, 137, 139, 142, 143, 144, 145, 146, 149, 150, 151, 153, 155, 156, 157, 159, 160, 164, 165, 166, 167, 169, 171, 173, 174, 175, 177, 179, 181, 182, 185, 186, 187, 189, 191, 192, 194, 196, 197, 198, 200, 201, 202, 203, 204, 208, 209, 211, 216, 217, 220, 221, 223, 224, 227, 228, 231, 233, 234, 236, 237, 239, 240, 241, 242, 243, 244, 245, 248, 249, 250, 251, 252, 253, 254, 255, 256, 257, 258, 259, 262, 263, 265, 266, 268, 269, 270, 274, 276, 277, 280, 281, 283, 284, 287, 288, 291, 294, 295, 296, 297, 298, 299, 300, 302, 303, 307, 308, 309, 310, 311, 312, 313, 314, 315, 317, 318, 319, 320, 322, 323, 324, 325, 326, 327, 328, 329, 332, 334, 338, 340, 341, 342, 345, 346, 347, 348, 350, 351, 353, 354, 355, 357, 361, 362, 363, 364, 365, 366, 367, 368, 369, 370, 371, 374, 375, 378, 379, 380, 382, 383, 386, 387, 388, 389, 392, 393, 394, 395, 396, 397, 398, 399, 400, 402, 403, 406, 407, 408, 409, 411, 412, 413, 414, 415, 416, 420, 421, 424, 425, 426, 428, 430, 431, 432, 437, 438, 439, 442, 443, 444, 445, 447, 449, 450, 451, 453, 454, 455, 456, 458, 459, 460, 461, 462, 463, 464, 465, 466, 467, 468, 470, 471, 472, 475, 478, 479, 480, 481, 482, 483, 484, 485, 486, 488, 489, 490, 491, 493, 497, 499, 500]
  Syntax Fixed = 3 
[70, 232, 278]
  Cleaned Fixed = 0 
[]
  ********************
  Total = 500 
  Exact Fixed = 327 
[2, 3, 4, 5, 6, 7, 8, 9, 11, 14, 16, 17, 18, 19, 20, 21, 24, 25, 26, 27, 28, 29, 34, 36, 37, 38, 39, 40, 41, 44, 49, 52, 55, 57, 58, 59, 61, 63, 65, 66, 67, 69, 72, 73, 74, 75, 76, 77, 78, 79, 81, 83, 86, 87, 88, 89, 90, 91, 92, 93, 94, 95, 97, 98, 99, 100, 101, 104, 105, 110, 111, 113, 115, 116, 120, 122, 124, 125, 127, 128, 130, 131, 132, 133, 134, 135, 137, 139, 142, 143, 144, 145, 146, 149, 150, 151, 153, 155, 156, 157, 159, 160, 164, 165, 166, 167, 169, 171, 173, 174, 175, 177, 179, 181, 182, 185, 186, 187, 189, 191, 192, 194, 196, 197, 198, 200, 201, 202, 203, 204, 208, 209, 211, 216, 217, 220, 221, 223, 224, 227, 228, 231, 233, 234, 236, 237, 239, 240, 241, 242, 243, 244, 245, 248, 249, 250, 251, 252, 253, 254, 255, 256, 257, 258, 259, 262, 263, 265, 266, 268, 269, 270, 274, 276, 277, 280, 281, 283, 284, 287, 288, 291, 294, 295, 296, 297, 298, 299, 300, 302, 303, 307, 308, 309, 310, 311, 312, 313, 314, 315, 317, 318, 319, 320, 322, 323, 324, 325, 326, 327, 328, 329, 332, 334, 338, 340, 341, 342, 345, 346, 347, 348, 350, 351, 353, 354, 355, 357, 361, 362, 363, 364, 365, 366, 367, 368, 369, 370, 371, 374, 375, 378, 379, 380, 382, 383, 386, 387, 388, 389, 392, 393, 394, 395, 396, 397, 398, 399, 400, 402, 403, 406, 407, 408, 409, 411, 412, 413, 414, 415, 416, 420, 421, 424, 425, 426, 428, 430, 431, 432, 437, 438, 439, 442, 443, 444, 445, 447, 449, 450, 451, 453, 454, 455, 456, 458, 459, 460, 461, 462, 463, 464, 465, 466, 467, 468, 470, 471, 472, 475, 478, 479, 480, 481, 482, 483, 484, 485, 486, 488, 489, 490, 491, 493, 497, 499, 500]
  Syntax Fixed = 3 
[70, 232, 278]
  Cleaned Fixed = 0 
[]
  codebleu = 95.02 
[0.7633002255730409, 1.0, 1.0, 1.0, 1.0, 0.8840413383001942, 0.9794339527758515, 1.0, 1.0, 0.940598945729278, 1.0, 0.8222725521291268, 0.8056751756510949, 1.0, 0.9411690661254029, 1.0, 1.0, 1.0, 1.0, 1.0, 1.0, 0.8998848301604019, 0.8984375659602104, 1.0, 1.0, 1.0, 1.0, 1.0, 1.0, 0.9472873156881443, 0.8965296466431494, 0.822851316815723, 0.9676665036259338, 1.0, 0.9141000841539659, 0.9548010333253298, 1.0, 1.0, 1.0, 1.0, 1.0, 0.9427895563342799, 0.8186396203812509, 1.0, 0.9145980101874507, 0.7350948805844232, 0.7577432088686142, 0.7345133623014264, 1.0, 0.6861542078368468, 0.7229730981438639, 1.0, 0.8953661348226227, 0.896013967469204, 1.0, 0.9262222844116816, 0.7814603833869112, 1.0, 1.0, 0.910233087519547, 1.0, 0.8509588599283562, 1.0, 0.9689537093586063, 1.0, 1.0, 1.0, 0.9435321610524647, 1.0, 0.9335514342023108, 0.9637364956234171, 1.0, 1.0, 1.0, 0.9891483218006352, 1.0, 1.0, 1.0, 1.0, 0.9026321368482364, 1.0, 0.8387796716807858, 1.0, 0.8816874152140797, 0.8387796716807858, 1.0, 1.0, 1.0, 1.0, 1.0, 1.0, 1.0, 1.0, 1.0, 1.0, 0.9266829146927709, 1.0, 1.0, 1.0, 1.0, 1.0, 0.5336663255674062, 0.8194184206145404, 1.0, 1.0, 0.9166076129557432, 0.900291645780765, 0.6731716191316424, 0.8952738864082956, 1.0, 1.0, 0.936923058378295, 1.0, 0.9465864294209791, 1.0, 1.0, 0.8772724139191397, 0.6577095841418729, 0.8399114554115357, 1.0, 0.8665518607362566, 1.0, 0.9521775318277603, 1.0, 1.0, 0.801169789534145, 1.0, 1.0, 0.8394141655908587, 1.0, 1.0, 1.0, 1.0, 1.0, 1.0, 0.7577432088686142, 1.0, 0.9500330416345475, 1.0, 0.7577432088686142, 0.8998848301604019, 1.0, 1.0, 1.0, 1.0, 1.0, 0.8135650943899093, 0.9145980101874507, 1.0, 1.0, 1.0, 0.551623347703528, 1.0, 0.9220788932733706, 1.0, 1.0, 1.0, 0.928067052222928, 1.0, 1.0, 0.8194184206145404, 0.9437985500759485, 0.910233087519547, 1.0, 1.0, 1.0, 1.0, 0.7549491302505903, 1.0, 0.719859844317331, 1.0, 0.840504309245877, 1.0, 1.0, 1.0, 0.9443755095409017, 1.0, 0.8020772327457721, 1.0, 0.9394161339970881, 1.0, 1.0, 0.9524183912964097, 0.9270405384522935, 1.0, 1.0, 1.0, 0.9090440252597953, 1.0, 0.8490506294864315, 1.0, 1.0, 0.9154970784060226, 1.0, 0.9630476148256921, 1.0, 1.0, 1.0, 0.9479527984830745, 1.0, 1.0, 1.0, 1.0, 1.0, 0.681072945544059, 0.9535682301774412, 0.9072571488256155, 1.0, 1.0, 0.9714741186824503, 1.0, 0.6716010920889814, 0.9748004580725187, 0.7571043044738265, 0.9372110492852396, 1.0, 1.0, 0.8689975336408694, 0.9468351265733028, 1.0, 1.0, 0.9711766444291812, 1.0, 1.0, 0.6040692180123179, 0.7726680042740901, 1.0, 1.0, 0.9201281281538001, 0.9296190778846383, 1.0, 0.820217217727603, 1.0, 1.0, 0.970114879479065, 1.0, 1.0, 0.9725011474210121, 1.0, 1.0, 1.0, 1.0, 1.0, 1.0, 1.0, 0.8981449415543648, 0.9013131827384397, 1.0, 1.0, 1.0, 1.0, 1.0, 1.0, 1.0, 1.0, 1.0, 1.0, 1.0, 1.0, 0.7554783858090635, 0.7165518607362565, 1.0, 1.0, 0.882336656738555, 1.0, 1.0, 0.776008572810357, 1.0, 1.0, 1.0, 0.8235575849230793, 0.9543920430664012, 0.957982876787582, 1.0, 0.7698548656934749, 1.0, 1.0, 0.820217217727603, 0.9211131842675646, 1.0, 1.0, 0.9608514269956967, 1.0, 1.0, 0.8991143708627416, 0.8228404231788209, 1.0, 1.0, 0.9108242908590016, 0.8671763677889426, 1.0, 0.9059642451028274, 0.7446226556026081, 1.0, 1.0, 0.9891483218006352, 1.0, 1.0, 1.0, 1.0, 0.7032463562196102, 1.0, 1.0, 0.9267781561900292, 0.7512913371790793, 0.9355163382076239, 1.0, 1.0, 1.0, 1.0, 1.0, 1.0, 1.0, 1.0, 1.0, 0.8425810755896723, 1.0, 1.0, 1.0, 1.0, 0.9630476148256921, 1.0, 1.0, 1.0, 1.0, 1.0, 1.0, 1.0, 1.0, 0.9155105345510666, 0.954646559321255, 1.0, 0.6776464558458859, 1.0, 0.7662371119579503, 0.6526670151860275, 0.8845572237610086, 1.0, 0.5666302487737696, 1.0, 1.0, 1.0, 0.9458437299692191, 0.6508081453961951, 1.0, 1.0, 1.0, 1.0, 0.6103531181632182, 1.0, 1.0, 0.8731838768910194, 1.0, 1.0, 1.0, 0.7026615485512439, 1.0, 0.8674435206185069, 0.9241497117221709, 0.726332468260181, 1.0, 1.0, 1.0, 1.0, 1.0, 1.0, 1.0, 1.0, 1.0, 1.0, 1.0, 0.8149139863647084, 0.7383403869893825, 1.0, 1.0, 0.9581095565874824, 0.931517584358496, 1.0, 1.0, 1.0, 0.8045788816545087, 1.0, 1.0, 0.839182914692771, 0.9427895563342799, 1.0, 1.0, 1.0, 1.0, 0.9394161339970881, 0.8357712991769117, 1.0, 1.0, 1.0, 1.0, 1.0, 1.0, 1.0, 1.0, 1.0, 0.8350913490042129, 1.0, 1.0, 0.8892259799760112, 0.9524183912964097, 1.0, 1.0, 1.0, 1.0, 0.7877842946802818, 1.0, 1.0, 1.0, 1.0, 1.0, 1.0, 0.9711218088844558, 0.8984375659602104, 0.8770770136982515, 1.0, 1.0, 0.8728116873413116, 0.9746774581465578, 1.0, 1.0, 1.0, 0.793992508705015, 1.0, 0.9698138929646263, 1.0, 1.0, 1.0, 0.7512666220648775, 0.9058089637441036, 0.882842712474619, 0.8380551848499416, 1.0, 1.0, 1.0, 0.8940816483943355, 0.9361684767997713, 1.0, 1.0, 1.0, 1.0, 0.8472367293037075, 1.0, 0.9427895563342799, 1.0, 1.0, 1.0, 0.9602891460062635, 1.0, 1.0, 1.0, 1.0, 0.8098590091001723, 1.0, 1.0, 1.0, 1.0, 1.0, 1.0, 1.0, 1.0, 1.0, 0.9519682498738435, 1.0, 0.9523104352365284, 1.0, 1.0, 1.0, 0.9408900847454558, 0.9493239030379825, 1.0, 0.9660493922322488, 0.7876421850012838, 1.0, 1.0, 1.0, 1.0, 1.0, 1.0, 1.0, 1.0, 1.0, 0.9023338728659691, 1.0, 1.0, 1.0, 1.0, 0.8134305138514089, 1.0, 0.9270405384522935, 0.8667343878768172, 0.8954473676666768, 1.0, 0.7292149374693833, 1.0, 1.0]
Finish training and take 17m
