Namespace(log_name='./bugsinpy/hard0_codet5p_770m.log', model_name='Salesforce/codet5p-770m', lang='python', output_dir='bugsinpy/hard0_codet5p_770m', data_dir='./data/bugsinpy', no_cuda=False, visible_gpu='0', num_train_epochs=10, num_test_epochs=1, train_batch_size=6, eval_batch_size=4, gradient_accumulation_steps=1, load_model_path=None, config_name='', tokenizer_name='', max_source_length=512, max_target_length=512, warm_up_ratio=0.1, do_train=True, do_eval=True, do_test=True, freeze=False, learning_rate=5e-05, beam_size=10, weight_decay=0.0, adam_epsilon=1e-08, local_rank=-1, seed=42, early_stop_threshold=3)
Process rank: -1, device: cuda, n_gpu: 1, distributed training: False
Model created!!
[[{'text': 'class Register(abc.ABCMeta):          reg = OrderedDict()          for cls in cls._reg:             if cls.run == NotImplemented:                 continue              name = cls.task_family              if name in reg and reg[name] != cls and \\', 'loss_ids': 0, 'shortenable_ids': 1}, {'text': '<mask>', 'loss_ids': 1, 'shortenable_ids': 0}, {'text': ' is the fixed version', 'loss_ids': 0, 'shortenable_ids': 0}], {'guid': 0, 'tgt_text': 'class Register(abc.ABCMeta):          reg = OrderedDict()          for cls in cls._reg:              name = cls.task_family              if name in reg and reg[name] != cls and \\'}]
***** Running training *****
  Num examples = 937
  Batch size = 6
  Num epoch = 10
Namespace(log_name='./bugsinpy/hard0_codet5p_770m.log', model_name='Salesforce/codet5p-770m', lang='python', output_dir='bugsinpy/hard0_codet5p_770m', data_dir='./data/bugsinpy', no_cuda=False, visible_gpu='0', num_train_epochs=10, num_test_epochs=1, train_batch_size=6, eval_batch_size=4, gradient_accumulation_steps=1, load_model_path=None, config_name='', tokenizer_name='', max_source_length=512, max_target_length=512, warm_up_ratio=0.1, do_train=True, do_eval=True, do_test=True, freeze=False, learning_rate=5e-05, beam_size=10, weight_decay=0.0, adam_epsilon=1e-08, local_rank=-1, seed=42, early_stop_threshold=3)
Process rank: -1, device: cuda, n_gpu: 1, distributed training: False
Model created!!
[[{'text': 'class Register(abc.ABCMeta):          reg = OrderedDict()          for cls in cls._reg:             if cls.run == NotImplemented:                 continue              name = cls.task_family              if name in reg and reg[name] != cls and \\', 'loss_ids': 0, 'shortenable_ids': 1}, {'text': '<mask>', 'loss_ids': 1, 'shortenable_ids': 0}, {'text': ' is the fixed version', 'loss_ids': 0, 'shortenable_ids': 0}], {'guid': 0, 'tgt_text': 'class Register(abc.ABCMeta):          reg = OrderedDict()          for cls in cls._reg:              name = cls.task_family              if name in reg and reg[name] != cls and \\'}]
***** Running training *****
  Num examples = 937
  Batch size = 6
  Num epoch = 10

***** Running evaluation *****
  Num examples = 116
  Batch size = 4
  epoch = 0
  eval_ppl = inf
  global_step = 158
  train_loss = 59.5794
  ********************
Previous best ppl:inf
Achieve Best ppl:inf
  ********************
BLEU file: ./data/bugsinpy/validation.jsonl
  codebleu-4 = 74.72 	 Previous best codebleu 0
  ********************
 Achieve Best bleu:74.72
  ********************

***** Running evaluation *****
  Num examples = 116
  Batch size = 4
  epoch = 1
  eval_ppl = inf
  global_step = 315
  train_loss = 35.37
  ********************
Previous best ppl:inf
BLEU file: ./data/bugsinpy/validation.jsonl
  codebleu-4 = 77.08 	 Previous best codebleu 74.72
  ********************
 Achieve Best bleu:77.08
  ********************

***** Running evaluation *****
  Num examples = 116
  Batch size = 4
  epoch = 2
  eval_ppl = inf
  global_step = 472
  train_loss = 20.0565
  ********************
Previous best ppl:inf
BLEU file: ./data/bugsinpy/validation.jsonl
  codebleu-4 = 77.56 	 Previous best codebleu 77.08
  ********************
 Achieve Best bleu:77.56
  ********************

***** Running evaluation *****
  Num examples = 116
  Batch size = 4
  epoch = 3
  eval_ppl = inf
  global_step = 629
  train_loss = 12.0051
  ********************
Previous best ppl:inf
BLEU file: ./data/bugsinpy/validation.jsonl
  codebleu-4 = 77.21 	 Previous best codebleu 77.56
  ********************

***** Running evaluation *****
  Num examples = 116
  Batch size = 4
  epoch = 4
  eval_ppl = inf
  global_step = 786
  train_loss = 6.865
  ********************
Previous best ppl:inf
BLEU file: ./data/bugsinpy/validation.jsonl
  codebleu-4 = 77.14 	 Previous best codebleu 77.56
  ********************

***** Running evaluation *****
  Num examples = 116
  Batch size = 4
  epoch = 5
  eval_ppl = inf
  global_step = 943
  train_loss = 3.9144
  ********************
Previous best ppl:inf
BLEU file: ./data/bugsinpy/validation.jsonl
  codebleu-4 = 77.14 	 Previous best codebleu 77.56
  ********************
early stopping!!!
reload model from bugsinpy/hard0_codet5p_770m/checkpoint-best-bleu
BLEU file: ./data/bugsinpy/test.jsonl
  codebleu = 75.92 
  Total = 122 
  Exact Fixed = 12 
[8, 24, 27, 31, 34, 58, 73, 101, 109, 110, 114, 116]
  Syntax Fixed = 3 
[65, 70, 121]
  Cleaned Fixed = 0 
[]
  ********************
  Total = 122 
  Exact Fixed = 12 
[8, 24, 27, 31, 34, 58, 73, 101, 109, 110, 114, 116]
  Syntax Fixed = 3 
[65, 70, 121]
  Cleaned Fixed = 0 
[]
  codebleu = 75.92 
[0.6728230800934798, 0.6958170948421801, 0.6601281703247908, 0.5809937032161885, 0.9063467386633746, 0.8052050509144788, 0.9411542454583528, 1.0, 0.7953063269679879, 0.5164128566100082, 0.7953587603777192, 0.9666856331752072, 0.7714650156104186, 0.8068413656728535, 0.8387450644384746, 0.7768711691119308, 0.6883720951974961, 0.6486755042711101, 0.8971695160234401, 0.6219276243102115, 0.6413921957402942, 0.7443181170763433, 0.7132642165763982, 1.0, 0.583933634540305, 0.9204219587780458, 1.0, 0.8672809056911601, 0.6508693332230462, 0.4545507520171642, 1.0, 0.9474759345795825, 0.6853803599169206, 1.0, 0.7470317054431213, 0.8808919461147899, 0.7283421666422167, 0.7095067479911044, 0.8231560738418289, 0.6378790298484969, 0.8773104352365284, 0.8703246706459902, 0.7507982187182929, 0.9142445273649933, 0.7093853536262804, 0.7401541111617733, 0.13438986121795243, 0.8548397899287874, 0.4740532618616287, 0.3681678898880198, 0.8184999217852169, 0.8077895563342797, 0.8782734899756608, 0.47551422139872074, 0.7205089220380079, 0.9309470682699423, 0.7962231774936077, 1.0, 0.5911195501972704, 0.8362747318435784, 0.5117566728908322, 0.8923125000332248, 0.6939112308588368, 0.7042953619649426, 0.9021838139883462, 0.8352894783834772, 0.20732728441466947, 0.6026966865919932, 0.5037077119806818, 0.947533256575573, 0.6993082654973968, 0.7319940085727452, 1.0, 0.6441425627537012, 0.6530224530296921, 0.5750974938187585, 0.8434652034268404, 0.6439391185600173, 0.3031200238102166, 0.9472873156881443, 0.6627541988450305, 0.6389488143843769, 0.49150427670545643, 0.8096114788906146, 0.9056583090096291, 0.6706048482936943, 0.8871978499693505, 0.5218510181581382, 0.7318286091585733, 0.7738279988463377, 0.8358395384567638, 0.6294075908513275, 0.884250182279102, 0.7164493834577911, 0.7051775280522101, 0.8807926879441415, 0.7332519354895861, 0.8134529200658001, 0.9178662308912058, 0.8814955038434287, 1.0, 0.8594942629236695, 0.855292119009871, 0.8736270526063763, 0.782053171927164, 0.8934863054803268, 0.8754861943073293, 0.8789801838086921, 1.0, 0.9355467351067721, 0.8385834949297515, 0.7643613010325891, 0.7639654153934541, 1.0, 0.17036808802541595, 0.9399649879642329, 0.610067068626702, 0.8300101016746005, 0.8631855387221548, 0.621240758456996, 0.940101844638672, 0.723580123693274]
Finish training and take 36m
