Namespace(log_name='./bugsinpy/hard6_codet5p_770m.log', model_name='Salesforce/codet5p-770m', lang='python', output_dir='bugsinpy/hard6_codet5p_770m', data_dir='./data/bugsinpy', no_cuda=False, visible_gpu='0', num_train_epochs=10, num_test_epochs=1, train_batch_size=6, eval_batch_size=4, gradient_accumulation_steps=1, load_model_path=None, config_name='', tokenizer_name='', max_source_length=512, max_target_length=512, warm_up_ratio=0.1, do_train=True, do_eval=True, do_test=True, freeze=False, learning_rate=5e-05, beam_size=10, weight_decay=0.0, adam_epsilon=1e-08, local_rank=-1, seed=42, early_stop_threshold=3)
Process rank: -1, device: cuda, n_gpu: 1, distributed training: False
Model created!!
[[{'text': 'Fix', 'loss_ids': 0, 'shortenable_ids': 0}, {'text': ' class Register(abc.ABCMeta):          reg = OrderedDict()          for cls in cls._reg:             if cls.run == NotImplemented:                 continue              name = cls.task_family              if name in reg and reg[name] != cls and \\', 'loss_ids': 0, 'shortenable_ids': 1}, {'text': ' is buggy program', 'loss_ids': 0, 'shortenable_ids': 0}, {'text': '<mask>', 'loss_ids': 1, 'shortenable_ids': 0}, {'text': ' is fixed program', 'loss_ids': 0, 'shortenable_ids': 0}], {'guid': 0, 'tgt_text': 'class Register(abc.ABCMeta):          reg = OrderedDict()          for cls in cls._reg:              name = cls.task_family              if name in reg and reg[name] != cls and \\'}]
***** Running training *****
  Num examples = 937
  Batch size = 6
  Num epoch = 10

***** Running evaluation *****
  Num examples = 116
  Batch size = 4
  epoch = 0
  eval_ppl = inf
  global_step = 158
  train_loss = 59.5067
  ********************
Previous best ppl:inf
Achieve Best ppl:inf
  ********************
BLEU file: ./data/bugsinpy/validation.jsonl
  codebleu-4 = 75.15 	 Previous best codebleu 0
  ********************
 Achieve Best bleu:75.15
  ********************

***** Running evaluation *****
  Num examples = 116
  Batch size = 4
  epoch = 1
  eval_ppl = inf
  global_step = 315
  train_loss = 34.8318
  ********************
Previous best ppl:inf
BLEU file: ./data/bugsinpy/validation.jsonl
  codebleu-4 = 76.42 	 Previous best codebleu 75.15
  ********************
 Achieve Best bleu:76.42
  ********************

***** Running evaluation *****
  Num examples = 116
  Batch size = 4
  epoch = 2
  eval_ppl = inf
  global_step = 472
  train_loss = 19.8725
  ********************
Previous best ppl:inf
BLEU file: ./data/bugsinpy/validation.jsonl
  codebleu-4 = 77.31 	 Previous best codebleu 76.42
  ********************
 Achieve Best bleu:77.31
  ********************

***** Running evaluation *****
  Num examples = 116
  Batch size = 4
  epoch = 3
  eval_ppl = inf
  global_step = 629
  train_loss = 11.5252
  ********************
Previous best ppl:inf
BLEU file: ./data/bugsinpy/validation.jsonl
  codebleu-4 = 78.84 	 Previous best codebleu 77.31
  ********************
 Achieve Best bleu:78.84
  ********************

***** Running evaluation *****
  Num examples = 116
  Batch size = 4
  epoch = 4
  eval_ppl = inf
  global_step = 786
  train_loss = 6.7071
  ********************
Previous best ppl:inf
BLEU file: ./data/bugsinpy/validation.jsonl
  codebleu-4 = 76.49 	 Previous best codebleu 78.84
  ********************

***** Running evaluation *****
  Num examples = 116
  Batch size = 4
  epoch = 5
  eval_ppl = inf
  global_step = 943
  train_loss = 3.8758
  ********************
Previous best ppl:inf
BLEU file: ./data/bugsinpy/validation.jsonl
  codebleu-4 = 78.26 	 Previous best codebleu 78.84
  ********************

***** Running evaluation *****
  Num examples = 116
  Batch size = 4
  epoch = 6
  eval_ppl = inf
  global_step = 1100
  train_loss = 2.4918
  ********************
Previous best ppl:inf
BLEU file: ./data/bugsinpy/validation.jsonl
  codebleu-4 = 76.26 	 Previous best codebleu 78.84
  ********************
early stopping!!!
reload model from bugsinpy/hard6_codet5p_770m/checkpoint-best-bleu
BLEU file: ./data/bugsinpy/test.jsonl
  codebleu = 77.23 
  Total = 122 
  Exact Fixed = 16 
[8, 27, 31, 34, 58, 65, 73, 76, 98, 101, 109, 110, 114, 116, 120, 121]
  Syntax Fixed = 1 
[115]
  Cleaned Fixed = 0 
[]
  ********************
  Total = 122 
  Exact Fixed = 16 
[8, 27, 31, 34, 58, 65, 73, 76, 98, 101, 109, 110, 114, 116, 120, 121]
  Syntax Fixed = 1 
[115]
  Cleaned Fixed = 0 
[]
  codebleu = 77.23 
[0.6728230800934798, 0.8505702153233261, 0.6601281703247908, 0.47166395418323315, 0.9063467386633746, 0.8052050509144788, 0.9411542454583528, 1.0, 0.8300638244826566, 0.5571314709024371, 0.7953587603777192, 0.9666856331752072, 0.6567429270683093, 0.7684009548948627, 0.8387450644384746, 0.7768711691119308, 0.6883720951974961, 0.6936199831009335, 0.7518894116818902, 0.8856389378075658, 0.6413921957402942, 0.7443181170763433, 0.7132642165763982, 0.7811422794173712, 0.583933634540305, 0.9204219587780458, 1.0, 0.8234479137638847, 0.6508693332230462, 0.4545507520171642, 1.0, 0.9474759345795825, 0.7110837109209384, 1.0, 0.7502249062515224, 0.8808919461147899, 0.7283421666422167, 0.7420541780659815, 0.8231560738418289, 0.8962096929024133, 0.8773104352365284, 0.8703246706459902, 0.5255034653348858, 0.9142445273649933, 0.7093853536262804, 0.788050295413492, 0.5921128311800481, 0.8548397899287874, 0.48392213554344743, 0.39686614731832626, 0.5976301703621436, 0.8077895563342797, 0.8575523789981194, 0.5096459235458725, 0.7205089220380079, 0.9309470682699423, 0.7676863536516758, 1.0, 0.5911195501972704, 0.8362747318435784, 0.5117566728908322, 0.8923125000332248, 0.6939112308588368, 0.7042953619649426, 1.0, 0.8352894783834772, 0.21681557876718577, 0.6453582807118465, 0.5037077119806818, 0.7141749299978661, 0.8004325196445199, 0.7531797171538064, 1.0, 0.6441425627537012, 0.6530224530296921, 1.0, 0.8434652034268404, 0.6439391185600173, 0.3031200238102166, 0.9472873156881443, 0.676525822803221, 0.6487795790095106, 0.49150427670545643, 0.8096114788906146, 0.9056583090096291, 0.7449734989717058, 0.8871978499693505, 0.5218510181581382, 0.7318286091585733, 0.767723111687518, 0.8358395384567638, 0.23223583888513566, 0.884250182279102, 0.7164493834577911, 0.7051775280522101, 0.8807926879441415, 0.7332519354895861, 0.949504537888815, 0.9178662308912058, 0.8814955038434287, 1.0, 0.8594942629236695, 0.8309413426360874, 0.8736270526063763, 0.782053171927164, 0.8934863054803268, 0.8754861943073293, 0.8789801838086921, 1.0, 0.9355467351067721, 0.8385834949297515, 0.7225931341121177, 0.7639654153934541, 1.0, 0.9114766235414771, 0.9399649879642329, 0.610067068626702, 0.8300101016746005, 0.8631855387221548, 1.0, 1.0, 0.6385964648092518]
Finish training and take 39m
