Namespace(log_name='./bugsinpy/soft6_codet5p_220m.log', model_name='Salesforce/codet5p-220m', lang='python', output_dir='bugsinpy/soft6_codet5p_220m', data_dir='./data/bugsinpy', no_cuda=False, visible_gpu='0', num_train_epochs=10, num_test_epochs=1, train_batch_size=4, eval_batch_size=4, gradient_accumulation_steps=1, load_model_path=None, config_name='', tokenizer_name='', max_source_length=512, max_target_length=512, warm_up_ratio=0.1, do_train=True, do_eval=True, do_test=True, freeze=False, learning_rate=5e-05, beam_size=10, weight_decay=0.0, adam_epsilon=1e-08, local_rank=-1, seed=42, early_stop_threshold=3)
Process rank: -1, device: cuda, n_gpu: 1, distributed training: False
Model created!!
[[{'text': 'Fix', 'loss_ids': 0, 'shortenable_ids': 0}, {'text': ' class Register(abc.ABCMeta):          reg = OrderedDict()          for cls in cls._reg:             if cls.run == NotImplemented:                 continue              name = cls.task_family              if name in reg and reg[name] != cls and \\', 'loss_ids': 0, 'shortenable_ids': 1}, {'text': 'is buggy program', 'loss_ids': 0, 'shortenable_ids': 0}, {'text': '<mask>', 'loss_ids': 1, 'shortenable_ids': 0}, {'text': 'is fixed program', 'loss_ids': 0, 'shortenable_ids': 0}], {'guid': 0, 'tgt_text': 'class Register(abc.ABCMeta):          reg = OrderedDict()          for cls in cls._reg:              name = cls.task_family              if name in reg and reg[name] != cls and \\'}]
***** Running training *****
  Num examples = 937
  Batch size = 4
  Num epoch = 10

***** Running evaluation *****
  Num examples = 116
  Batch size = 4
  epoch = 0
  eval_ppl = inf
  global_step = 236
  train_loss = 66.3801
  ********************
Previous best ppl:inf
Achieve Best ppl:inf
  ********************
BLEU file: ./data/bugsinpy/validation.jsonl
  codebleu-4 = 73.91 	 Previous best codebleu 0
  ********************
 Achieve Best bleu:73.91
  ********************

***** Running evaluation *****
  Num examples = 116
  Batch size = 4
  epoch = 1
  eval_ppl = inf
  global_step = 471
  train_loss = 44.9992
  ********************
Previous best ppl:inf
BLEU file: ./data/bugsinpy/validation.jsonl
  codebleu-4 = 76.35 	 Previous best codebleu 73.91
  ********************
 Achieve Best bleu:76.35
  ********************

***** Running evaluation *****
  Num examples = 116
  Batch size = 4
  epoch = 2
  eval_ppl = inf
  global_step = 706
  train_loss = 29.8796
  ********************
Previous best ppl:inf
BLEU file: ./data/bugsinpy/validation.jsonl
  codebleu-4 = 77.27 	 Previous best codebleu 76.35
  ********************
 Achieve Best bleu:77.27
  ********************

***** Running evaluation *****
  Num examples = 116
  Batch size = 4
  epoch = 3
  eval_ppl = inf
  global_step = 941
  train_loss = 20.45
  ********************
Previous best ppl:inf
BLEU file: ./data/bugsinpy/validation.jsonl
  codebleu-4 = 77.02 	 Previous best codebleu 77.27
  ********************

***** Running evaluation *****
  Num examples = 116
  Batch size = 4
  epoch = 4
  eval_ppl = inf
  global_step = 1176
  train_loss = 14.3877
  ********************
Previous best ppl:inf
BLEU file: ./data/bugsinpy/validation.jsonl
  codebleu-4 = 78.12 	 Previous best codebleu 77.27
  ********************
 Achieve Best bleu:78.12
  ********************

***** Running evaluation *****
  Num examples = 116
  Batch size = 4
  epoch = 5
  eval_ppl = inf
  global_step = 1411
  train_loss = 10.1742
  ********************
Previous best ppl:inf
BLEU file: ./data/bugsinpy/validation.jsonl
  codebleu-4 = 78.89 	 Previous best codebleu 78.12
  ********************
 Achieve Best bleu:78.89
  ********************

***** Running evaluation *****
  Num examples = 116
  Batch size = 4
  epoch = 6
  eval_ppl = inf
  global_step = 1646
  train_loss = 7.112
  ********************
Previous best ppl:inf
BLEU file: ./data/bugsinpy/validation.jsonl
  codebleu-4 = 77.09 	 Previous best codebleu 78.89
  ********************

***** Running evaluation *****
  Num examples = 116
  Batch size = 4
  epoch = 7
  eval_ppl = inf
  global_step = 1881
  train_loss = 5.4127
  ********************
Previous best ppl:inf
BLEU file: ./data/bugsinpy/validation.jsonl
  codebleu-4 = 76.97 	 Previous best codebleu 78.89
  ********************

***** Running evaluation *****
  Num examples = 116
  Batch size = 4
  epoch = 8
  eval_ppl = inf
  global_step = 2116
  train_loss = 4.0551
  ********************
Previous best ppl:inf
BLEU file: ./data/bugsinpy/validation.jsonl
  codebleu-4 = 78.11 	 Previous best codebleu 78.89
  ********************
early stopping!!!
reload model from bugsinpy/soft6_codet5p_220m/checkpoint-best-bleu
BLEU file: ./data/bugsinpy/test.jsonl
  codebleu = 77.15 
  Total = 122 
  Exact Fixed = 17 
[8, 24, 27, 31, 34, 57, 58, 65, 73, 76, 101, 109, 110, 114, 116, 120, 121]
  Syntax Fixed = 1 
[115]
  Cleaned Fixed = 0 
[]
  ********************
  Total = 122 
  Exact Fixed = 17 
[8, 24, 27, 31, 34, 57, 58, 65, 73, 76, 101, 109, 110, 114, 116, 120, 121]
  Syntax Fixed = 1 
[115]
  Cleaned Fixed = 0 
[]
  codebleu = 77.15 
[0.6060538776724701, 0.731740189429704, 0.6601281703247908, 0.45499728751656643, 0.9063467386633746, 0.6533914430854055, 0.9411542454583528, 1.0, 0.8078073654022788, 0.575055558283563, 0.68965030200429, 0.5050387861535535, 0.7714650156104186, 0.6665554609324833, 0.6222726626071706, 0.7768711691119308, 0.6883720951974961, 0.6994074932894399, 0.8971695160234401, 0.8856389378075658, 0.6902260446833343, 0.7443181170763433, 0.7132642165763982, 1.0, 0.6265130422128113, 0.9204219587780458, 1.0, 0.8234479137638847, 0.732687515041228, 0.4545507520171642, 1.0, 0.9474759345795825, 0.6796408040099391, 1.0, 0.7896354401872717, 0.8808919461147899, 0.6623090658678863, 0.7420541780659815, 0.8231560738418289, 0.8962096929024133, 0.8773104352365284, 0.8703246706459902, 0.7507982187182929, 0.9142445273649933, 0.7093853536262804, 0.6991468984827918, 0.5765025118751654, 0.8548397899287874, 0.4740532618616287, 0.39686614731832626, 0.7715012035371895, 0.8077895563342797, 0.8782734899756608, 0.549916846856608, 0.7205089220380079, 0.9309470682699423, 1.0, 1.0, 0.5911195501972704, 0.8022604263379136, 0.5117566728908322, 0.9161648727920182, 0.6939112308588368, 0.7042953619649426, 1.0, 0.8352894783834772, 0.20867343826082332, 0.6356257812621184, 0.5037077119806818, 0.8475332565755729, 0.7286052536335244, 0.7531797171538064, 1.0, 0.6441425627537012, 0.570463573721903, 1.0, 0.8213022904461214, 0.6092992309704574, 0.3031200238102166, 0.9472873156881443, 0.676525822803221, 0.6487795790095106, 0.5002377244306854, 0.8096114788906146, 0.9056583090096291, 0.7449734989717058, 0.8871978499693505, 0.5218510181581382, 0.7318286091585733, 0.5926207048996628, 0.8358395384567638, 0.8853004704636518, 0.884250182279102, 0.7164493834577911, 0.8573638305228279, 0.8807926879441415, 0.5039785835234758, 0.8092719643500961, 0.9178662308912058, 0.8814955038434287, 1.0, 0.7594942629236694, 0.8527547497767987, 0.8736270526063763, 0.782053171927164, 0.8934863054803268, 0.8754861943073293, 0.8768686925984219, 1.0, 0.9355467351067721, 0.8385834949297515, 0.7225931341121177, 0.7639654153934541, 1.0, 0.9114766235414771, 0.9399649879642329, 0.610067068626702, 0.631282340524122, 0.8631855387221548, 1.0, 1.0, 0.720862031432685]
Finish training and take 21m
