Namespace(log_name='./RQ5/sstubs_300_1/codet5p_770m.log', model_name='Salesforce/codet5p-770m', lang='java', output_dir='RQ5/sstubs_300_1/codet5p_770m', data_dir='./data/RQ5/sstubs_300_1', choice=0, no_cuda=False, visible_gpu='0', num_train_epochs=10, num_test_epochs=1, train_batch_size=4, eval_batch_size=4, gradient_accumulation_steps=1, load_model_path=None, config_name='', tokenizer_name='', max_source_length=512, max_target_length=512, warm_up_ratio=0.1, do_train=True, do_eval=True, do_test=True, freeze=False, learning_rate=5e-05, beam_size=10, weight_decay=0.0, adam_epsilon=1e-08, local_rank=-1, seed=42, early_stop_threshold=3)
Process rank: -1, device: cuda, n_gpu: 1, distributed training: False
Model created!!
[[{'text': '* @see InputRequiredException    *      the required question/datatypes    */  public static void startup(String url, String username, String password, Properties properties)           throws DatabaseUpdateException, InputRequiredException, ModuleMustStartException {    if (properties == null) {     properties = new Properties();', 'loss_ids': 0, 'shortenable_ids': 1}, {'text': '<mask>', 'loss_ids': 1, 'shortenable_ids': 0}, {'text': 'is the fixed version', 'loss_ids': 0, 'shortenable_ids': 0}], {'guid': 0, 'tgt_text': '* @see InputRequiredException    *      the required question/datatypes    */  public synchronized static void startup(String url, String username, String password, Properties properties)           throws DatabaseUpdateException, InputRequiredException, ModuleMustStartException {    if (properties == null) {     properties = new Properties();'}]
***** Running training *****
  Num examples = 300
  Batch size = 4
  Num epoch = 10

***** Running evaluation *****
  Num examples = 100
  Batch size = 4
  epoch = 0
  eval_ppl = inf
  global_step = 76
  train_loss = 14.5534
  ********************
Previous best ppl:inf
Achieve Best ppl:inf
  ********************
BLEU file: ./data/RQ5/sstubs_300_1/validation.jsonl
  codebleu-4 = 92.96 	 Previous best codebleu 0
  ********************
 Achieve Best bleu:92.96
  ********************

***** Running evaluation *****
  Num examples = 100
  Batch size = 4
  epoch = 1
  eval_ppl = inf
  global_step = 151
  train_loss = 3.2507
  ********************
Previous best ppl:inf
Achieve Best ppl:inf
  ********************
BLEU file: ./data/RQ5/sstubs_300_1/validation.jsonl
  codebleu-4 = 92.29 	 Previous best codebleu 92.96
  ********************

***** Running evaluation *****
  Num examples = 100
  Batch size = 4
  epoch = 2
  eval_ppl = inf
  global_step = 226
  train_loss = 1.478
  ********************
Previous best ppl:inf
BLEU file: ./data/RQ5/sstubs_300_1/validation.jsonl
  codebleu-4 = 94.01 	 Previous best codebleu 92.96
  ********************
 Achieve Best bleu:94.01
  ********************

***** Running evaluation *****
  Num examples = 100
  Batch size = 4
  epoch = 3
  eval_ppl = inf
  global_step = 301
  train_loss = 0.9618
  ********************
Previous best ppl:inf
BLEU file: ./data/RQ5/sstubs_300_1/validation.jsonl
  codebleu-4 = 93.23 	 Previous best codebleu 94.01
  ********************

***** Running evaluation *****
  Num examples = 100
  Batch size = 4
  epoch = 4
  eval_ppl = inf
  global_step = 376
  train_loss = 0.8583
  ********************
Previous best ppl:inf
BLEU file: ./data/RQ5/sstubs_300_1/validation.jsonl
  codebleu-4 = 94.93 	 Previous best codebleu 94.01
  ********************
 Achieve Best bleu:94.93
  ********************

***** Running evaluation *****
  Num examples = 100
  Batch size = 4
  epoch = 5
  eval_ppl = inf
  global_step = 451
  train_loss = 0.214
  ********************
Previous best ppl:inf
BLEU file: ./data/RQ5/sstubs_300_1/validation.jsonl
  codebleu-4 = 94.27 	 Previous best codebleu 94.93
  ********************

***** Running evaluation *****
  Num examples = 100
  Batch size = 4
  epoch = 6
  eval_ppl = inf
  global_step = 526
  train_loss = 0.2753
  ********************
Previous best ppl:inf
BLEU file: ./data/RQ5/sstubs_300_1/validation.jsonl
  codebleu-4 = 94.58 	 Previous best codebleu 94.93
  ********************

***** Running evaluation *****
  Num examples = 100
  Batch size = 4
  epoch = 7
  eval_ppl = inf
  global_step = 601
  train_loss = 0.1687
  ********************
Previous best ppl:inf
BLEU file: ./data/RQ5/sstubs_300_1/validation.jsonl
  codebleu-4 = 95.47 	 Previous best codebleu 94.93
  ********************
 Achieve Best bleu:95.47
  ********************

***** Running evaluation *****
  Num examples = 100
  Batch size = 4
  epoch = 8
  eval_ppl = inf
  global_step = 676
  train_loss = 0.1031
  ********************
Previous best ppl:inf
BLEU file: ./data/RQ5/sstubs_300_1/validation.jsonl
  codebleu-4 = 95.16 	 Previous best codebleu 95.47
  ********************

***** Running evaluation *****
  Num examples = 100
  Batch size = 4
  epoch = 9
  eval_ppl = inf
  global_step = 751
  train_loss = 0.0705
  ********************
Previous best ppl:inf
BLEU file: ./data/RQ5/sstubs_300_1/validation.jsonl
  codebleu-4 = 95.34 	 Previous best codebleu 95.47
  ********************
reload model from RQ5/sstubs_300_1/codet5p_770m/checkpoint-best-bleu
BLEU file: ./data/RQ5/sstubs_300_1/test.jsonl
  codebleu = 95.15 
  Total = 500 
  Exact Fixed = 305 
[1, 2, 3, 5, 6, 7, 8, 9, 10, 11, 12, 14, 15, 17, 18, 20, 21, 22, 23, 24, 25, 27, 31, 32, 34, 35, 36, 37, 38, 39, 41, 42, 44, 45, 46, 47, 48, 49, 52, 53, 55, 56, 58, 60, 61, 62, 63, 64, 65, 67, 69, 70, 73, 75, 78, 79, 80, 82, 83, 85, 87, 88, 90, 92, 93, 94, 95, 96, 97, 100, 101, 102, 103, 104, 105, 106, 108, 109, 110, 112, 113, 114, 115, 116, 118, 120, 121, 124, 125, 126, 127, 128, 129, 130, 131, 135, 136, 138, 139, 140, 141, 144, 145, 148, 149, 152, 153, 154, 155, 156, 158, 159, 160, 162, 165, 167, 168, 169, 170, 172, 173, 174, 176, 177, 179, 183, 186, 188, 192, 194, 195, 196, 197, 198, 201, 202, 203, 204, 205, 208, 209, 211, 214, 215, 218, 221, 224, 226, 228, 229, 230, 231, 232, 233, 236, 237, 238, 239, 240, 241, 242, 246, 247, 248, 249, 250, 252, 254, 255, 256, 257, 259, 262, 263, 265, 266, 267, 268, 270, 272, 273, 275, 278, 279, 280, 282, 283, 285, 286, 287, 288, 289, 291, 295, 298, 306, 307, 308, 309, 311, 312, 314, 316, 318, 319, 321, 322, 323, 325, 327, 330, 333, 334, 335, 336, 337, 338, 339, 340, 341, 342, 343, 344, 345, 346, 347, 350, 352, 355, 359, 360, 369, 370, 371, 373, 375, 376, 378, 379, 382, 383, 385, 386, 389, 390, 391, 394, 395, 399, 400, 401, 404, 407, 409, 411, 414, 415, 416, 417, 418, 419, 421, 422, 423, 425, 427, 428, 433, 434, 438, 442, 444, 448, 449, 450, 451, 452, 454, 455, 458, 459, 462, 463, 465, 466, 467, 469, 470, 472, 473, 475, 477, 480, 482, 483, 484, 487, 488, 492, 494, 495, 496, 497, 498, 500]
  Syntax Fixed = 2 
[81, 151]
  Cleaned Fixed = 0 
[]
  ********************
  Total = 500 
  Exact Fixed = 305 
[1, 2, 3, 5, 6, 7, 8, 9, 10, 11, 12, 14, 15, 17, 18, 20, 21, 22, 23, 24, 25, 27, 31, 32, 34, 35, 36, 37, 38, 39, 41, 42, 44, 45, 46, 47, 48, 49, 52, 53, 55, 56, 58, 60, 61, 62, 63, 64, 65, 67, 69, 70, 73, 75, 78, 79, 80, 82, 83, 85, 87, 88, 90, 92, 93, 94, 95, 96, 97, 100, 101, 102, 103, 104, 105, 106, 108, 109, 110, 112, 113, 114, 115, 116, 118, 120, 121, 124, 125, 126, 127, 128, 129, 130, 131, 135, 136, 138, 139, 140, 141, 144, 145, 148, 149, 152, 153, 154, 155, 156, 158, 159, 160, 162, 165, 167, 168, 169, 170, 172, 173, 174, 176, 177, 179, 183, 186, 188, 192, 194, 195, 196, 197, 198, 201, 202, 203, 204, 205, 208, 209, 211, 214, 215, 218, 221, 224, 226, 228, 229, 230, 231, 232, 233, 236, 237, 238, 239, 240, 241, 242, 246, 247, 248, 249, 250, 252, 254, 255, 256, 257, 259, 262, 263, 265, 266, 267, 268, 270, 272, 273, 275, 278, 279, 280, 282, 283, 285, 286, 287, 288, 289, 291, 295, 298, 306, 307, 308, 309, 311, 312, 314, 316, 318, 319, 321, 322, 323, 325, 327, 330, 333, 334, 335, 336, 337, 338, 339, 340, 341, 342, 343, 344, 345, 346, 347, 350, 352, 355, 359, 360, 369, 370, 371, 373, 375, 376, 378, 379, 382, 383, 385, 386, 389, 390, 391, 394, 395, 399, 400, 401, 404, 407, 409, 411, 414, 415, 416, 417, 418, 419, 421, 422, 423, 425, 427, 428, 433, 434, 438, 442, 444, 448, 449, 450, 451, 452, 454, 455, 458, 459, 462, 463, 465, 466, 467, 469, 470, 472, 473, 475, 477, 480, 482, 483, 484, 487, 488, 492, 494, 495, 496, 497, 498, 500]
  Syntax Fixed = 2 
[81, 151]
  Cleaned Fixed = 0 
[]
  codebleu = 95.15 
[1.0, 1.0, 1.0, 0.8947836446510709, 1.0, 1.0, 1.0, 1.0, 1.0, 1.0, 1.0, 1.0, 0.9167248063681421, 1.0, 1.0, 0.9485932253610538, 1.0, 1.0, 0.9176675865658077, 1.0, 1.0, 1.0, 1.0, 1.0, 1.0, 0.7010984251778435, 1.0, 0.8892742146930692, 0.8665518607362566, 0.9724013607471398, 1.0, 1.0, 0.7099766481408452, 1.0, 1.0, 1.0, 1.0, 1.0, 1.0, 0.9236426846280885, 0.972668710286829, 1.0, 0.8515710981569786, 1.0, 1.0, 1.0, 1.0, 1.0, 1.0, 0.8472999580048346, 0.9261420415269246, 1.0, 1.0, 0.9435321610524647, 1.0, 1.0, 0.8746806556337734, 1.0, 0.8892742146930692, 1.0, 1.0, 1.0, 1.0, 1.0, 1.0, 0.8897268293826727, 1.0, 0.8961079319106557, 1.0, 1.0, 0.9544887439837764, 0.9151340803413444, 1.0, 0.7503432335009788, 1.0, 0.9783152785012215, 0.8348805422215138, 1.0, 1.0, 1.0, 0.9699899456986019, 1.0, 1.0, 0.8821296454239946, 1.0, 0.9557161384210198, 1.0, 1.0, 0.9629467492522685, 1.0, 0.7446226556026081, 1.0, 1.0, 1.0, 1.0, 1.0, 1.0, 0.9323598782946632, 0.9339261075829457, 1.0, 1.0, 1.0, 1.0, 1.0, 1.0, 1.0, 0.8845572237610086, 1.0, 1.0, 1.0, 0.8971311800146564, 1.0, 1.0, 1.0, 1.0, 1.0, 0.9027245358790694, 1.0, 0.936923058378295, 1.0, 1.0, 0.9689323767297664, 0.963531800540206, 1.0, 1.0, 1.0, 1.0, 1.0, 1.0, 1.0, 1.0, 0.9427895563342799, 0.9733211546063425, 0.9469728550743763, 1.0, 1.0, 0.9524183912964097, 1.0, 1.0, 1.0, 1.0, 0.9326807851263892, 0.9152812919077247, 1.0, 1.0, 0.9019927469706532, 0.9375231838826312, 1.0, 1.0, 0.9357730833493334, 0.9465864294209791, 1.0, 1.0, 1.0, 1.0, 1.0, 0.7550982270385345, 1.0, 1.0, 1.0, 0.9637364956234171, 1.0, 0.822395584879356, 0.8617520551076281, 1.0, 0.9724013607471398, 1.0, 1.0, 1.0, 1.0, 0.9587753838819759, 1.0, 1.0, 1.0, 0.7876421850012838, 1.0, 1.0, 0.8993542446985325, 1.0, 0.9267516766457782, 0.904775862258383, 0.9044642401339957, 1.0, 0.801180028968093, 0.9530008025801151, 1.0, 0.9546221339246326, 1.0, 0.8664266028701744, 0.9697350684883432, 0.8014447380383962, 1.0, 0.9581095565874824, 1.0, 1.0, 1.0, 1.0, 1.0, 0.8291559470359517, 0.6889761070848939, 1.0, 1.0, 1.0, 1.0, 1.0, 0.8821296454239946, 0.9312991012532417, 1.0, 1.0, 0.769122578011458, 1.0, 0.8803078606169892, 0.9215834056802388, 1.0, 1.0, 0.875669182039696, 0.9365276486140073, 1.0, 0.9583676774082095, 0.8846386294351021, 1.0, 0.9222862123570568, 0.9407613352737074, 1.0, 0.7590096946794502, 1.0, 0.9188441984944269, 1.0, 1.0, 0.9680988793409613, 1.0, 1.0, 1.0, 0.884777214048037, 0.9725011474210121, 1.0, 1.0, 1.0, 1.0, 1.0, 1.0, 1.0, 0.884137748772268, 0.8222725521291268, 0.9325400085710811, 1.0, 1.0, 1.0, 1.0, 1.0, 0.9372561368734473, 1.0, 0.9600553834135903, 1.0, 1.0, 1.0, 1.0, 0.910233087519547, 1.0, 0.8531462888634065, 0.8404979526305214, 1.0, 1.0, 0.8755319098520675, 1.0, 1.0, 1.0, 1.0, 0.8212636043254029, 1.0, 0.949068802064335, 0.9532160400745728, 1.0, 0.907357971193316, 1.0, 0.49289069249112993, 0.8821296454239946, 1.0, 1.0, 1.0, 0.8465875411132582, 0.9513403413335417, 1.0, 0.8648103351245982, 1.0, 1.0, 1.0, 1.0, 1.0, 0.7016265496309229, 1.0, 0.8947836446510709, 0.7564313678290705, 0.9307335696848553, 1.0, 0.9439975336408695, 0.9119950221406494, 1.0, 0.8698869964564975, 0.7962718684980241, 0.9601466755014141, 0.9238877689380496, 0.9332624127367197, 0.8376615528688169, 0.8721507316445842, 1.0, 1.0, 1.0, 1.0, 0.7026615485512439, 1.0, 1.0, 0.7944107194467429, 1.0, 0.9647268293826727, 1.0, 0.8608032802340306, 1.0, 1.0, 0.8895342368991435, 1.0, 1.0, 1.0, 0.8056751756510949, 1.0, 0.8953661348226227, 1.0, 0.9583676774082095, 0.9598988001907718, 0.9349697756418187, 0.6790935154049199, 0.9056583090096291, 1.0, 1.0, 1.0, 1.0, 1.0, 1.0, 1.0, 1.0, 1.0, 1.0, 1.0, 1.0, 1.0, 1.0, 1.0, 0.8667343878768172, 0.966664755877954, 1.0, 0.9404330472606062, 1.0, 0.9181872441208678, 0.9698138929646263, 1.0, 0.9493239030379825, 0.910233087519547, 0.9407613352737074, 1.0, 1.0, 0.9370576952964131, 0.8573835536643046, 0.9443755095409017, 0.9543920430664012, 0.9136222331075061, 0.9465864294209791, 0.8761569670973709, 0.8576767641936891, 1.0, 1.0, 1.0, 0.9472873156881443, 1.0, 0.9287546369958737, 1.0, 1.0, 0.7292149374693833, 1.0, 1.0, 0.7016265496309229, 0.9653175874774487, 0.9475019272263487, 1.0, 0.8422237749567263, 1.0, 1.0, 0.8045788816545087, 0.8648103351245982, 1.0, 1.0, 1.0, 0.6851513300845844, 0.8755319098520675, 1.0, 1.0, 0.7151340803413443, 0.9207265089204273, 0.940598945729278, 1.0, 1.0, 1.0, 0.9583676774082095, 0.9321212086381336, 1.0, 0.8535922152441364, 0.8667343878768172, 1.0, 0.9470228248649237, 1.0, 0.8821296454239946, 1.0, 0.8642470965743208, 0.9309949427736264, 1.0, 1.0, 1.0, 1.0, 1.0, 1.0, 0.7032463562196102, 1.0, 1.0, 1.0, 0.5565327779260459, 1.0, 0.9365809638486668, 1.0, 1.0, 0.534613777706259, 0.7810580026281693, 0.8535087661549325, 0.8004358871720938, 1.0, 1.0, 0.9215834056802388, 0.8993542446985325, 0.936752055107628, 1.0, 0.957982876787582, 0.9405307665108686, 0.9354021130737269, 1.0, 0.9085309210098864, 1.0, 0.9583676774082095, 0.8394141655908587, 0.9215834056802388, 1.0, 1.0, 1.0, 1.0, 1.0, 0.8655056700329364, 1.0, 1.0, 0.7378414230005441, 0.9044642401339957, 1.0, 1.0, 0.8707360186992235, 0.5565327779260459, 1.0, 1.0, 0.8816015466501335, 1.0, 1.0, 1.0, 0.9509004453320677, 1.0, 1.0, 0.829922431649786, 0.9641692501733099, 1.0, 0.862347908057336, 1.0, 0.8313412454774565, 1.0, 0.9099697272423548, 0.8648103351245982, 1.0, 0.7486246705124127, 1.0, 1.0, 1.0, 0.8535087661549325, 0.7345176572401336, 1.0, 1.0, 0.8318639417237366, 0.9061846501490565, 0.8871606681680837, 1.0, 0.9562237378841005, 1.0, 1.0, 1.0, 1.0, 1.0, 0.6428168906177075, 1.0]
Finish training and take 28m
