Namespace(log_name='./RQ5/sstubs_300_1/codet5p_220m_f.log', model_name='Salesforce/codet5p-220m', lang='java', output_dir='RQ5/sstubs_300_1/codet5p_220m_f', data_dir='./data/RQ5/sstubs_300_1', no_cuda=False, visible_gpu='0', add_task_prefix=False, add_lang_ids=False, num_train_epochs=10, num_test_epochs=10, train_batch_size=8, eval_batch_size=4, gradient_accumulation_steps=2, load_model_path=None, config_name='', tokenizer_name='', max_source_length=512, max_target_length=512, warm_up_ratio=0.1, do_train=True, do_eval=True, do_test=True, do_lower_case=False, learning_rate=5e-05, beam_size=10, weight_decay=0.0, adam_epsilon=1e-08, max_grad_norm=1.0, max_steps=-1, eval_steps=-1, train_steps=-1, local_rank=-1, seed=42, early_stop_threshold=3)
Process rank: -1, device: cuda, n_gpu: 1, distributed training: False, model_name: Salesforce/codet5p-220m
model created!
Total 300 training instances 
***** Running training *****
  Num examples = 300
  Batch size = 8
  Num epoch = 10

***** Running evaluation *****
  Num examples = 100
  Batch size = 4
  epoch = 0
  eval_ppl = 1.00049
  global_step = 38
  train_loss = 0.4199
  ********************
Previous best ppl:inf
Achieve Best ppl:1.00049
  ********************
BLEU file: ./data/RQ5/sstubs_300_1/validation.jsonl
  codebleu-4 = 89.2 	 Previous best codebleu 0
  ********************
 Achieve Best bleu:89.2
  ********************

***** Running evaluation *****
  Num examples = 100
  Batch size = 4
  epoch = 1
  eval_ppl = 1.00032
  global_step = 75
  train_loss = 0.0935
  ********************
Previous best ppl:1.00049
Achieve Best ppl:1.00032
  ********************
BLEU file: ./data/RQ5/sstubs_300_1/validation.jsonl
  codebleu-4 = 93.49 	 Previous best codebleu 89.2
  ********************
 Achieve Best bleu:93.49
  ********************

***** Running evaluation *****
  Num examples = 100
  Batch size = 4
  epoch = 2
  eval_ppl = 1.00031
  global_step = 112
  train_loss = 0.0488
  ********************
Previous best ppl:1.00032
Achieve Best ppl:1.00031
  ********************
BLEU file: ./data/RQ5/sstubs_300_1/validation.jsonl
  codebleu-4 = 93.44 	 Previous best codebleu 93.49
  ********************

***** Running evaluation *****
  Num examples = 100
  Batch size = 4
  epoch = 3
  eval_ppl = 1.00031
  global_step = 149
  train_loss = 0.0265
  ********************
Previous best ppl:1.00031
BLEU file: ./data/RQ5/sstubs_300_1/validation.jsonl
  codebleu-4 = 94.68 	 Previous best codebleu 93.49
  ********************
 Achieve Best bleu:94.68
  ********************

***** Running evaluation *****
  Num examples = 100
  Batch size = 4
  epoch = 4
  eval_ppl = 1.00032
  global_step = 186
  train_loss = 0.0168
  ********************
Previous best ppl:1.00031
BLEU file: ./data/RQ5/sstubs_300_1/validation.jsonl
  codebleu-4 = 95.02 	 Previous best codebleu 94.68
  ********************
 Achieve Best bleu:95.02
  ********************

***** Running evaluation *****
  Num examples = 100
  Batch size = 4
  epoch = 5
  eval_ppl = 1.00032
  global_step = 223
  train_loss = 0.0126
  ********************
Previous best ppl:1.00031
BLEU file: ./data/RQ5/sstubs_300_1/validation.jsonl
  codebleu-4 = 95.03 	 Previous best codebleu 95.02
  ********************
 Achieve Best bleu:95.03
  ********************

***** Running evaluation *****
  Num examples = 100
  Batch size = 4
  epoch = 6
  eval_ppl = 1.00032
  global_step = 260
  train_loss = 0.0088
  ********************
Previous best ppl:1.00031
BLEU file: ./data/RQ5/sstubs_300_1/validation.jsonl
  codebleu-4 = 95.3 	 Previous best codebleu 95.03
  ********************
 Achieve Best bleu:95.3
  ********************

***** Running evaluation *****
  Num examples = 100
  Batch size = 4
  epoch = 7
  eval_ppl = 1.00033
  global_step = 297
  train_loss = 0.0068
  ********************
Previous best ppl:1.00031
BLEU file: ./data/RQ5/sstubs_300_1/validation.jsonl
  codebleu-4 = 95.19 	 Previous best codebleu 95.3
  ********************

***** Running evaluation *****
  Num examples = 100
  Batch size = 4
  epoch = 8
  eval_ppl = 1.00033
  global_step = 334
  train_loss = 0.0065
  ********************
Previous best ppl:1.00031
BLEU file: ./data/RQ5/sstubs_300_1/validation.jsonl
  codebleu-4 = 95.19 	 Previous best codebleu 95.3
  ********************

***** Running evaluation *****
  Num examples = 100
  Batch size = 4
  epoch = 9
  eval_ppl = 1.00034
  global_step = 371
  train_loss = 0.0051
  ********************
Previous best ppl:1.00031
BLEU file: ./data/RQ5/sstubs_300_1/validation.jsonl
  codebleu-4 = 95.19 	 Previous best codebleu 95.3
  ********************
reload model from RQ5/sstubs_300_1/codet5p_220m_f/checkpoint-best-bleu
BLEU file: ./data/RQ5/sstubs_300_1/test.jsonl
  codebleu = 95.48 
  Total = 500 
  Exact Fixed = 300 
[1, 2, 3, 5, 6, 7, 8, 9, 10, 11, 12, 14, 15, 17, 18, 20, 21, 22, 23, 24, 25, 27, 31, 32, 34, 35, 36, 37, 38, 39, 41, 42, 44, 45, 46, 47, 48, 49, 52, 55, 56, 58, 60, 61, 62, 63, 64, 65, 67, 69, 70, 73, 75, 79, 80, 82, 83, 85, 87, 88, 90, 92, 93, 94, 95, 96, 97, 100, 101, 102, 103, 104, 105, 106, 108, 109, 110, 112, 113, 114, 115, 116, 118, 120, 121, 124, 125, 126, 127, 128, 129, 130, 131, 135, 136, 138, 139, 140, 141, 144, 145, 148, 149, 152, 153, 154, 155, 156, 158, 159, 160, 162, 165, 167, 168, 169, 170, 172, 173, 174, 176, 177, 183, 186, 188, 192, 194, 195, 196, 197, 198, 201, 203, 204, 205, 208, 209, 211, 214, 215, 218, 221, 224, 226, 228, 229, 230, 231, 232, 233, 236, 237, 238, 239, 240, 241, 242, 246, 247, 248, 249, 250, 252, 254, 255, 256, 259, 262, 263, 265, 266, 267, 268, 270, 272, 273, 275, 278, 279, 280, 282, 283, 285, 286, 287, 288, 289, 291, 295, 298, 306, 307, 308, 309, 311, 312, 314, 316, 318, 319, 321, 322, 323, 325, 327, 330, 333, 335, 336, 337, 338, 339, 340, 341, 342, 343, 344, 345, 346, 347, 350, 352, 355, 359, 360, 369, 370, 371, 373, 374, 375, 376, 378, 379, 382, 383, 385, 386, 389, 390, 391, 394, 395, 399, 400, 401, 404, 407, 409, 411, 414, 415, 416, 417, 418, 419, 422, 423, 425, 427, 428, 433, 434, 437, 438, 442, 444, 448, 450, 451, 452, 454, 455, 458, 459, 462, 463, 465, 466, 467, 469, 470, 472, 473, 475, 477, 480, 482, 483, 484, 487, 488, 490, 492, 494, 495, 496, 497, 498, 500]
  Syntax Fixed = 2 
[81, 293]
  Cleaned Fixed = 0 
[]
  ********************
  Total = 500 
  Exact Fixed = 300 
[1, 2, 3, 5, 6, 7, 8, 9, 10, 11, 12, 14, 15, 17, 18, 20, 21, 22, 23, 24, 25, 27, 31, 32, 34, 35, 36, 37, 38, 39, 41, 42, 44, 45, 46, 47, 48, 49, 52, 55, 56, 58, 60, 61, 62, 63, 64, 65, 67, 69, 70, 73, 75, 79, 80, 82, 83, 85, 87, 88, 90, 92, 93, 94, 95, 96, 97, 100, 101, 102, 103, 104, 105, 106, 108, 109, 110, 112, 113, 114, 115, 116, 118, 120, 121, 124, 125, 126, 127, 128, 129, 130, 131, 135, 136, 138, 139, 140, 141, 144, 145, 148, 149, 152, 153, 154, 155, 156, 158, 159, 160, 162, 165, 167, 168, 169, 170, 172, 173, 174, 176, 177, 183, 186, 188, 192, 194, 195, 196, 197, 198, 201, 203, 204, 205, 208, 209, 211, 214, 215, 218, 221, 224, 226, 228, 229, 230, 231, 232, 233, 236, 237, 238, 239, 240, 241, 242, 246, 247, 248, 249, 250, 252, 254, 255, 256, 259, 262, 263, 265, 266, 267, 268, 270, 272, 273, 275, 278, 279, 280, 282, 283, 285, 286, 287, 288, 289, 291, 295, 298, 306, 307, 308, 309, 311, 312, 314, 316, 318, 319, 321, 322, 323, 325, 327, 330, 333, 335, 336, 337, 338, 339, 340, 341, 342, 343, 344, 345, 346, 347, 350, 352, 355, 359, 360, 369, 370, 371, 373, 374, 375, 376, 378, 379, 382, 383, 385, 386, 389, 390, 391, 394, 395, 399, 400, 401, 404, 407, 409, 411, 414, 415, 416, 417, 418, 419, 422, 423, 425, 427, 428, 433, 434, 437, 438, 442, 444, 448, 450, 451, 452, 454, 455, 458, 459, 462, 463, 465, 466, 467, 469, 470, 472, 473, 475, 477, 480, 482, 483, 484, 487, 488, 490, 492, 494, 495, 496, 497, 498, 500]
  Syntax Fixed = 2 
[81, 293]
  Cleaned Fixed = 0 
[]
  codebleu = 95.48 
[1.0, 1.0, 1.0, 0.8947836446510709, 1.0, 1.0, 1.0, 1.0, 1.0, 1.0, 1.0, 1.0, 0.9167248063681421, 1.0, 1.0, 0.9485932253610538, 1.0, 1.0, 0.9176675865658077, 1.0, 1.0, 1.0, 1.0, 1.0, 1.0, 0.7010984251778435, 1.0, 0.8892742146930692, 0.8665518607362566, 0.7577432088686142, 1.0, 1.0, 0.7099766481408452, 1.0, 1.0, 1.0, 1.0, 1.0, 1.0, 0.8292489793637705, 1.0, 1.0, 0.8515710981569786, 1.0, 1.0, 1.0, 1.0, 1.0, 1.0, 0.8472999580048346, 0.9261420415269246, 1.0, 0.8227700846204091, 0.9435321610524647, 1.0, 1.0, 0.8746806556337734, 1.0, 0.8892742146930692, 1.0, 1.0, 1.0, 1.0, 1.0, 1.0, 0.8897268293826727, 1.0, 0.8961079319106557, 1.0, 1.0, 0.9544887439837764, 0.9151340803413444, 1.0, 0.7503432335009788, 1.0, 0.9783152785012215, 0.8348805422215138, 0.5975922337640466, 1.0, 1.0, 0.9699899456986019, 1.0, 1.0, 0.8821296454239946, 1.0, 0.9557161384210198, 1.0, 1.0, 0.9629467492522685, 1.0, 0.8131726792272671, 1.0, 1.0, 1.0, 1.0, 1.0, 1.0, 0.9323598782946632, 0.9339261075829457, 1.0, 1.0, 1.0, 1.0, 1.0, 1.0, 1.0, 0.8845572237610086, 1.0, 1.0, 1.0, 0.8971311800146564, 1.0, 1.0, 1.0, 1.0, 1.0, 0.9364480358382332, 1.0, 0.936923058378295, 1.0, 1.0, 0.9689323767297664, 0.963531800540206, 1.0, 1.0, 1.0, 1.0, 1.0, 1.0, 1.0, 1.0, 0.9427895563342799, 0.9613211546063425, 0.9469728550743763, 1.0, 1.0, 0.9524183912964097, 1.0, 1.0, 1.0, 1.0, 0.9326807851263892, 0.8247173486447594, 1.0, 1.0, 0.9019927469706532, 0.9375231838826312, 1.0, 1.0, 0.9357730833493334, 0.8242555710261055, 1.0, 1.0, 1.0, 1.0, 1.0, 0.8247277035887897, 1.0, 1.0, 1.0, 0.9637364956234171, 1.0, 0.9211131842675646, 0.8617520551076281, 1.0, 0.8289230998775745, 1.0, 1.0, 1.0, 1.0, 0.9587753838819759, 1.0, 1.0, 1.0, 0.7876421850012838, 1.0, 1.0, 0.9584627887351178, 0.9466595714446484, 0.9088395908876854, 0.8897758622583831, 0.9044642401339957, 1.0, 0.8722059305904497, 0.9530008025801151, 1.0, 0.9546221339246326, 1.0, 0.8664266028701744, 0.9697350684883432, 0.8014447380383962, 1.0, 0.9581095565874824, 1.0, 1.0, 1.0, 1.0, 1.0, 0.8291559470359517, 0.6604046785134654, 1.0, 0.942891989734737, 1.0, 1.0, 1.0, 0.8821296454239946, 0.9312991012532417, 1.0, 1.0, 0.769122578011458, 1.0, 0.8394552664994237, 0.9215834056802388, 1.0, 1.0, 0.875669182039696, 0.9365276486140073, 1.0, 0.9583676774082095, 0.8846386294351021, 1.0, 0.9656973569421463, 0.9407613352737074, 1.0, 0.7590096946794502, 1.0, 0.9188441984944269, 1.0, 1.0, 1.0, 1.0, 1.0, 1.0, 0.884777214048037, 0.9725011474210121, 1.0, 1.0, 1.0, 1.0, 1.0, 1.0, 1.0, 0.884137748772268, 0.8222725521291268, 0.9325400085710811, 1.0, 1.0, 1.0, 1.0, 1.0, 0.9372561368734473, 1.0, 0.9600553834135903, 1.0, 1.0, 1.0, 0.9495565333799167, 0.9583676774082095, 1.0, 0.8531462888634065, 0.8404979526305214, 1.0, 1.0, 0.9517918920357142, 1.0, 1.0, 1.0, 1.0, 0.8212636043254029, 1.0, 0.949068802064335, 1.0, 1.0, 0.907357971193316, 1.0, 0.9213836287468253, 0.8821296454239946, 1.0, 1.0, 1.0, 0.8465875411132582, 1.0, 1.0, 0.8648103351245982, 1.0, 1.0, 1.0, 1.0, 1.0, 0.7016265496309229, 1.0, 0.8947836446510709, 0.9725011474210121, 0.9497338034253828, 1.0, 0.9439975336408695, 0.9543920430664012, 1.0, 0.8698869964564975, 0.8523636516116309, 0.9601466755014141, 0.9238877689380496, 0.9063035618829232, 0.9155105345510666, 0.8721507316445842, 1.0, 1.0, 1.0, 1.0, 0.7026615485512439, 1.0, 1.0, 0.7944107194467429, 1.0, 0.9647268293826727, 1.0, 0.8608032802340306, 1.0, 1.0, 0.9211131842675646, 1.0, 1.0, 1.0, 0.8056751756510949, 1.0, 0.8953661348226227, 1.0, 0.9583676774082095, 0.9810075923400849, 1.0, 0.9630476148256921, 0.9056583090096291, 1.0, 0.8215803485831588, 1.0, 1.0, 1.0, 1.0, 1.0, 1.0, 1.0, 1.0, 1.0, 1.0, 1.0, 1.0, 1.0, 0.8667343878768172, 0.966664755877954, 1.0, 0.9404330472606062, 1.0, 0.9045508804845042, 0.9698138929646263, 1.0, 0.9493239030379825, 0.9583676774082095, 0.9407613352737074, 1.0, 1.0, 0.9370576952964131, 0.8573835536643046, 0.9443755095409017, 0.9543920430664012, 0.9370576952964131, 0.9465864294209791, 0.8761569670973709, 0.8576767641936891, 1.0, 1.0, 1.0, 0.9472873156881443, 1.0, 1.0, 1.0, 1.0, 0.7292149374693833, 1.0, 1.0, 0.7016265496309229, 0.9653175874774487, 1.0, 1.0, 0.8684929871970886, 1.0, 1.0, 0.8045788816545087, 0.8648103351245982, 1.0, 1.0, 1.0, 0.6851513300845844, 0.9517918920357142, 1.0, 1.0, 0.7651340803413443, 0.9207265089204273, 0.940598945729278, 1.0, 1.0, 1.0, 0.9583676774082095, 0.9321212086381336, 1.0, 0.8535922152441364, 0.8667343878768172, 1.0, 0.9470228248649237, 1.0, 0.8821296454239946, 1.0, 0.8642470965743208, 0.9309949427736264, 1.0, 1.0, 1.0, 1.0, 1.0, 1.0, 0.6925131239952165, 0.9500330416345475, 1.0, 1.0, 0.8212347889887717, 1.0, 0.9365809638486668, 1.0, 1.0, 0.557115595241456, 0.7810580026281693, 0.8535087661549325, 0.6407450559597011, 1.0, 1.0, 0.9215834056802388, 0.9584627887351178, 1.0, 1.0, 0.957982876787582, 0.9693261143428569, 0.9354021130737269, 1.0, 0.9085309210098864, 1.0, 0.9583676774082095, 0.8949975756542023, 0.9215834056802388, 1.0, 0.9500330416345475, 1.0, 1.0, 1.0, 0.8655056700329364, 1.0, 1.0, 0.7378414230005441, 0.9044642401339957, 1.0, 1.0, 0.8707360186992235, 0.8212347889887717, 1.0, 1.0, 0.8816015466501335, 1.0, 1.0, 1.0, 0.9509004453320677, 1.0, 1.0, 0.829922431649786, 1.0, 1.0, 0.862347908057336, 1.0, 0.9170576952964131, 1.0, 0.9099697272423548, 0.8648103351245982, 1.0, 0.7486246705124127, 1.0, 1.0, 1.0, 0.8535087661549325, 0.7345176572401336, 1.0, 1.0, 0.9207265089204273, 1.0, 0.8871606681680837, 1.0, 0.9562237378841005, 1.0, 1.0, 1.0, 1.0, 1.0, 0.9213836287468253, 1.0]
Finish training and take 24m
