Namespace(log_name='./RQ5/sstubs_16_2/codet5p_220m_f.log', model_name='Salesforce/codet5p-220m', lang='java', output_dir='RQ5/sstubs_16_2/codet5p_220m_f', data_dir='./data/RQ5/sstubs_16_2', no_cuda=False, visible_gpu='0', add_task_prefix=False, add_lang_ids=False, num_train_epochs=10, num_test_epochs=10, train_batch_size=8, eval_batch_size=4, gradient_accumulation_steps=2, load_model_path=None, config_name='', tokenizer_name='', max_source_length=512, max_target_length=512, warm_up_ratio=0.1, do_train=True, do_eval=True, do_test=True, do_lower_case=False, learning_rate=5e-05, beam_size=10, weight_decay=0.0, adam_epsilon=1e-08, max_grad_norm=1.0, max_steps=-1, eval_steps=-1, train_steps=-1, local_rank=-1, seed=42, early_stop_threshold=3)
Process rank: -1, device: cuda, n_gpu: 1, distributed training: False, model_name: Salesforce/codet5p-220m
model created!
Total 16 training instances 
***** Running training *****
  Num examples = 16
  Batch size = 8
  Num epoch = 10

***** Running evaluation *****
  Num examples = 100
  Batch size = 4
  epoch = 0
  eval_ppl = 1.0028
  global_step = 3
  train_loss = 0.8108
  ********************
Previous best ppl:inf
Achieve Best ppl:1.0028
  ********************
BLEU file: ./data/RQ5/sstubs_16_2/validation.jsonl
  codebleu-4 = 8.61 	 Previous best codebleu 0
  ********************
 Achieve Best bleu:8.61
  ********************

***** Running evaluation *****
  Num examples = 100
  Batch size = 4
  epoch = 1
  eval_ppl = 1.0017
  global_step = 5
  train_loss = 0.4995
  ********************
Previous best ppl:1.0028
Achieve Best ppl:1.0017
  ********************
BLEU file: ./data/RQ5/sstubs_16_2/validation.jsonl
  codebleu-4 = 31.06 	 Previous best codebleu 8.61
  ********************
 Achieve Best bleu:31.06
  ********************

***** Running evaluation *****
  Num examples = 100
  Batch size = 4
  epoch = 2
  eval_ppl = 1.00134
  global_step = 7
  train_loss = 0.3683
  ********************
Previous best ppl:1.0017
Achieve Best ppl:1.00134
  ********************
BLEU file: ./data/RQ5/sstubs_16_2/validation.jsonl
  codebleu-4 = 44.15 	 Previous best codebleu 31.06
  ********************
 Achieve Best bleu:44.15
  ********************

***** Running evaluation *****
  Num examples = 100
  Batch size = 4
  epoch = 3
  eval_ppl = 1.00116
  global_step = 9
  train_loss = 0.2242
  ********************
Previous best ppl:1.00134
Achieve Best ppl:1.00116
  ********************
BLEU file: ./data/RQ5/sstubs_16_2/validation.jsonl
  codebleu-4 = 74.23 	 Previous best codebleu 44.15
  ********************
 Achieve Best bleu:74.23
  ********************

***** Running evaluation *****
  Num examples = 100
  Batch size = 4
  epoch = 4
  eval_ppl = 1.00114
  global_step = 11
  train_loss = 0.1866
  ********************
Previous best ppl:1.00116
Achieve Best ppl:1.00114
  ********************
BLEU file: ./data/RQ5/sstubs_16_2/validation.jsonl
  codebleu-4 = 78.9 	 Previous best codebleu 74.23
  ********************
 Achieve Best bleu:78.9
  ********************

***** Running evaluation *****
  Num examples = 100
  Batch size = 4
  epoch = 5
  eval_ppl = 1.00112
  global_step = 13
  train_loss = 0.1465
  ********************
Previous best ppl:1.00114
Achieve Best ppl:1.00112
  ********************
BLEU file: ./data/RQ5/sstubs_16_2/validation.jsonl
  codebleu-4 = 79.27 	 Previous best codebleu 78.9
  ********************
 Achieve Best bleu:79.27
  ********************

***** Running evaluation *****
  Num examples = 100
  Batch size = 4
  epoch = 6
  eval_ppl = 1.0011
  global_step = 15
  train_loss = 0.1354
  ********************
Previous best ppl:1.00112
Achieve Best ppl:1.0011
  ********************
BLEU file: ./data/RQ5/sstubs_16_2/validation.jsonl
  codebleu-4 = 82.3 	 Previous best codebleu 79.27
  ********************
 Achieve Best bleu:82.3
  ********************

***** Running evaluation *****
  Num examples = 100
  Batch size = 4
  epoch = 7
  eval_ppl = 1.00109
  global_step = 17
  train_loss = 0.0894
  ********************
Previous best ppl:1.0011
Achieve Best ppl:1.00109
  ********************
BLEU file: ./data/RQ5/sstubs_16_2/validation.jsonl
  codebleu-4 = 79.96 	 Previous best codebleu 82.3
  ********************

***** Running evaluation *****
  Num examples = 100
  Batch size = 4
  epoch = 8
  eval_ppl = 1.00108
  global_step = 19
  train_loss = 0.0801
  ********************
Previous best ppl:1.00109
Achieve Best ppl:1.00108
  ********************
BLEU file: ./data/RQ5/sstubs_16_2/validation.jsonl
  codebleu-4 = 78.75 	 Previous best codebleu 82.3
  ********************

***** Running evaluation *****
  Num examples = 100
  Batch size = 4
  epoch = 9
  eval_ppl = 1.00108
  global_step = 21
  train_loss = 0.0844
  ********************
Previous best ppl:1.00108
Achieve Best ppl:1.00108
  ********************
BLEU file: ./data/RQ5/sstubs_16_2/validation.jsonl
  codebleu-4 = 79.03 	 Previous best codebleu 82.3
  ********************
reload model from RQ5/sstubs_16_2/codet5p_220m_f/checkpoint-best-bleu
BLEU file: ./data/RQ5/sstubs_16_2/test.jsonl
  codebleu = 81.87 
  Total = 500 
  Exact Fixed = 26 
[9, 52, 69, 87, 88, 97, 113, 134, 139, 144, 191, 192, 241, 250, 277, 291, 303, 329, 363, 370, 399, 403, 424, 432, 439, 450]
  Syntax Fixed = 1 
[183]
  Cleaned Fixed = 1 
[25]
  ********************
  Total = 500 
  Exact Fixed = 26 
[9, 52, 69, 87, 88, 97, 113, 134, 139, 144, 191, 192, 241, 250, 277, 291, 303, 329, 363, 370, 399, 403, 424, 432, 439, 450]
  Syntax Fixed = 1 
[183]
  Cleaned Fixed = 1 
[25]
  codebleu = 81.87 
[0.7633002255730409, 0.889134255278525, 0.5628529389445288, 0.9185731297936414, 0.9500416069012747, 0.29561316484537725, 0.9810075923400849, 0.9468301376782615, 1.0, 0.940598945729278, 0.9528697450283947, 0.7872350528461678, 0.49387098229972204, 0.9357237009636146, 0.7886476805415872, 0.9633425185386058, 0.9468301376782615, 0.9144751143248062, 0.2604893962362513, 0.9655267507815484, 0.8158463815378669, 0.566615672839797, 0.82523529127587, 0.9736596070124768, 0.892883200897848, 0.9301854484095449, 0.966410184624177, 0.7144186892220794, 0.9633425185386058, 0.9472873156881443, 0.8219374858523348, 0.7713795010367266, 0.9676665036259338, 0.8821296454239946, 0.8521019242622112, 0.9628238480926494, 0.7312991012532416, 0.5628529389445288, 0.966410184624177, 0.966410184624177, 0.966410184624177, 0.9427895563342799, 0.4955918117581027, 0.7878509923478476, 0.5538670326935369, 0.6740497809759755, 0.9724013607471398, 0.8275747473100776, 0.9468301376782615, 0.38490550243472027, 0.2524411380231118, 1.0, 0.8953661348226227, 0.896013967469204, 0.9357237009636146, 0.9262222844116816, 0.5934421361805309, 0.8986766170158926, 0.9468301376782615, 0.9583676774082095, 0.9600948805844232, 0.9213836287468253, 0.9621391018662697, 0.9339481044410523, 0.8975144715996752, 0.966410184624177, 0.9468301376782615, 0.9435321610524647, 1.0, 0.5392590682486714, 0.8671254491648457, 0.9141000841539659, 0.8550280645576616, 0.966410184624177, 0.5981327841422387, 0.9468301376782615, 0.2604893962362513, 0.9468301376782615, 0.6013612955424664, 0.9026321368482364, 0.2604893962362513, 0.8387796716807858, 0.8522142137521944, 0.9716098577025623, 0.8387796716807858, 0.8545437930833992, 1.0, 1.0, 0.7669779180703047, 0.966410184624177, 0.9736596070124768, 0.8748313418760212, 0.9468301376782615, 0.8337841808515074, 0.61413491554112, 0.9266829146927709, 1.0, 0.936752055107628, 0.9636834829996033, 0.9468301376782615, 0.3961034319987655, 0.6268736649990799, 0.7934065514841322, 0.9468301376782615, 0.9468301376782615, 0.858718149034143, 0.8722875307711029, 0.6731716191316424, 0.8952738864082956, 0.8642470965743208, 0.8748733743967635, 0.9117383966912589, 1.0, 0.9465864294209791, 0.7920439523564309, 0.9441518237028776, 0.9685775421736089, 0.6577095841418729, 0.6506607337755597, 0.6107370795993511, 0.8665518607362566, 0.3559195213917441, 0.33684140380211225, 0.9468301376782615, 0.7838522699455506, 0.801169789534145, 0.675205556789248, 0.8565989766063478, 0.8440828182029323, 0.8462754585571672, 0.8631069671955622, 0.9468301376782615, 0.5561825710002677, 1.0, 0.9322236811233653, 0.9724013607471398, 0.9468301376782615, 0.9500330416345475, 1.0, 0.9724013607471398, 0.566615672839797, 0.8019377777226102, 0.9610055919835154, 1.0, 0.9736596070124768, 0.8565057624391348, 0.5950702610044711, 0.8317154335159478, 0.9468301376782615, 0.9629422618204133, 0.7144186892220794, 0.1452775153199336, 0.8433961293276255, 0.9220788932733706, 0.9529855654155106, 0.9468301376782615, 0.9468301376782615, 0.8430080848826886, 0.9830124435719327, 0.9077224816006332, 0.7934065514841322, 0.9437985500759485, 0.9583676774082095, 0.8894185928819611, 0.966410184624177, 0.9468301376782615, 0.842007731094085, 0.7549491302505903, 0.9629422618204133, 0.719859844317331, 0.9608514269956967, 0.25117372194017623, 0.9468301376782615, 0.9468301376782615, 0.8505052138751854, 0.9443755095409017, 0.8433961293276255, 0.8020772327457721, 0.7738715066509003, 0.27385800439535674, 0.8260487291278886, 0.889134255278525, 0.8609937529238152, 0.9270405384522935, 0.909624266823112, 0.7011429003014498, 0.8535087661549325, 0.9090440252597953, 0.206079230918762, 0.8182332124479105, 1.0, 1.0, 0.7329334931788303, 0.32099033726609744, 0.9630476148256921, 0.2604893962362513, 0.936752055107628, 0.9500416069012747, 0.8633157522375298, 0.9273494066519052, 0.9468301376782615, 0.7112398618901143, 0.9468301376782615, 0.6033946307914342, 0.6412796215044829, 0.8951409978453762, 0.8467377050920648, 0.9583676774082095, 0.966410184624177, 0.9714741186824503, 0.9468301376782615, 0.7580872316433492, 0.9230242168975848, 0.8370273454071436, 0.9372110492852396, 0.8522142137521944, 0.2604893962362513, 0.8688394055212967, 0.7197493541549711, 0.7354153588022829, 0.9558104142545454, 0.7875402739065025, 0.8578064667440444, 0.5768879239397519, 0.7130825083995453, 0.8387796716807858, 0.2604893962362513, 0.61413491554112, 0.8374891806595548, 0.31798453034765733, 0.9830124435719327, 0.5653717999007871, 0.9498733743967636, 0.9500330416345475, 0.970114879479065, 0.8134658863594189, 0.9002983135981912, 0.9725011474210121, 0.9468301376782615, 0.7931571237072574, 1.0, 0.9468301376782615, 0.939529666001018, 0.8522142137521944, 0.9546221339246326, 0.9335768064861663, 0.7989448398690138, 0.919122578011458, 0.9468301376782615, 1.0, 0.9521775318277603, 0.9468301376782615, 0.9468301376782615, 0.9500330416345475, 0.9629422618204133, 0.9468301376782615, 0.8505052138751854, 0.9468301376782615, 0.8547940367422919, 0.7554783858090635, 0.30492041352594756, 0.8209978493179114, 0.8976874475010015, 0.8154702514101111, 0.8036737228152353, 0.9736596070124768, 0.776008572810357, 0.8462754585571672, 0.966410184624177, 0.9500416069012747, 0.8077681112388688, 0.8503702572357017, 0.7526009301767973, 0.6353556223308577, 0.8112008257472374, 0.966410184624177, 1.0, 0.5653717999007871, 0.7745242338823807, 0.966410184624177, 0.8975144715996752, 0.8955329768974971, 0.9178662308912058, 0.9500416069012747, 0.919122578011458, 0.8200831388248131, 0.9558104142545454, 0.9468301376782615, 0.9108242908590016, 0.7477839533642638, 1.0, 0.763161533497613, 0.5868647530139441, 0.909624266823112, 0.6033946307914342, 0.5981327841422387, 0.8439975336408694, 0.2604893962362513, 0.8545437930833992, 0.9468301376782615, 0.5392220643114638, 0.9683839208477296, 1.0, 0.92898886486613, 0.3167418994310608, 0.9355163382076239, 0.8748733743967635, 0.9468301376782615, 0.852565642646234, 0.8522142137521944, 0.8889354577543411, 0.9468301376782615, 0.8036737228152353, 0.2604893962362513, 0.9270405384522935, 0.8977185688720069, 0.966410184624177, 0.28709604076779305, 0.6033946307914342, 0.9498733743967636, 0.9630476148256921, 0.9683839208477296, 0.8505052138751854, 0.9468301376782615, 0.9468301376782615, 0.9610055919835154, 0.2604893962362513, 0.966410184624177, 1.0, 0.8501424403916618, 0.6318508459035114, 0.5743959732564379, 0.24665935919484402, 0.9077224816006332, 0.8704988033899486, 0.7011033463158846, 0.30897601767888844, 0.4969799277690241, 0.4902016571891176, 0.2604893962362513, 0.9182146075841924, 0.8055469294301971, 0.973200733636699, 0.6508081453961951, 0.9468301376782615, 0.9468301376782615, 0.7927061854273567, 0.966410184624177, 0.4712206322626761, 0.9468301376782615, 0.8433961293276255, 0.8731838768910194, 0.6113472882852959, 0.9468301376782615, 0.966410184624177, 0.659124631276872, 0.2604893962362513, 0.8619179987828729, 0.7287949030290721, 0.892387748772268, 0.7942596682976488, 0.966410184624177, 1.0, 0.78302844392027, 0.8735060584550325, 0.966410184624177, 0.9468301376782615, 0.9749830206163475, 0.966410184624177, 1.0, 0.9468301376782615, 0.6119039371851951, 0.7383403869893825, 0.9468301376782615, 0.78685519109128, 0.7930072651282454, 0.8398387712350444, 0.936752055107628, 0.9500416069012747, 0.9608514269956967, 0.7588933298501236, 0.9468301376782615, 0.7285237902092778, 0.8459894670707158, 0.9427895563342799, 0.9468301376782615, 0.9500416069012747, 0.61413491554112, 0.9468301376782615, 0.27385800439535674, 0.8248919165478485, 0.8642470965743208, 0.9459851946757585, 0.807689953438363, 0.9528697450283947, 0.9656973569421463, 0.9459851946757585, 0.8748733743967635, 1.0, 0.940101844638672, 0.7291530757973557, 0.2604893962362513, 1.0, 0.8977630510471637, 0.9524183912964097, 0.36488772281786486, 0.966410184624177, 0.2604893962362513, 0.9468301376782615, 0.7877842946802818, 0.9500416069012747, 0.2604893962362513, 0.9468301376782615, 0.9470228248649237, 0.31289572081207206, 0.3559195213917441, 0.8753667898643607, 0.82523529127587, 0.940598945729278, 0.7285237902092778, 0.9368020958482046, 0.8818514827011079, 0.4316252469052892, 1.0, 0.695369052790495, 0.9133094076861077, 0.7071102019165023, 0.9500416069012747, 0.7294341361821797, 0.9565292378112795, 0.689568075170212, 1.0, 0.7666652949215329, 0.9058089637441036, 0.882842712474619, 0.3301425448507248, 0.8505052138751854, 0.9038898481683997, 1.0, 0.8940816483943355, 0.8078329129844574, 0.8134658863594189, 0.908570644649277, 0.8462754585571672, 0.966410184624177, 0.8472367293037075, 0.9468301376782615, 0.8055573232321871, 0.966410184624177, 1.0, 0.9468301376782615, 0.9602891460062635, 0.9077224816006332, 0.8505052138751854, 0.9468301376782615, 0.9468301376782615, 0.8023899016084344, 0.9468301376782615, 0.966410184624177, 0.9468301376782615, 0.9637364956234171, 0.9629422618204133, 0.2897227224598043, 0.9468301376782615, 0.8535922152441364, 0.9468301376782615, 0.9565292378112795, 0.9528697450283947, 0.9023338728659691, 0.9662841501484707, 0.47538262599827585, 0.9608514269956967, 0.9408900847454558, 0.9493239030379825, 0.9468301376782615, 0.9660493922322488, 0.7876421850012838, 0.8767099682404029, 0.966410184624177, 0.29038944150958196, 0.7112398618901143, 0.9468301376782615, 0.3961034319987655, 0.9127055357835672, 0.8462754585571672, 0.8346217332064642, 0.7851246340138631, 0.9468301376782615, 0.8748733743967635, 0.6033946307914342, 0.966410184624177, 0.9007008806729067, 0.2259285922060647, 0.9270405384522935, 0.8667343878768172, 0.9309949427736264, 0.6299260574767813, 0.17848899763516907, 0.8904273612375286, 0.2604893962362513]
Finish training and take 43m
