Namespace(log_name='./coderefine/3/hard2_codet5p_220m.log', model_name='Salesforce/codet5p-220m', lang='java', output_dir='coderefine/3/hard2_codet5p_220m', data_dir='./data/coderefine/3', no_cuda=False, visible_gpu='0', num_train_epochs=10, num_test_epochs=1, train_batch_size=6, eval_batch_size=4, gradient_accumulation_steps=1, load_model_path=None, config_name='', tokenizer_name='', max_source_length=512, max_target_length=512, warm_up_ratio=0.1, do_train=True, do_eval=True, do_test=True, freeze=False, learning_rate=5e-05, beam_size=10, weight_decay=0.0, adam_epsilon=1e-08, local_rank=-1, seed=42, early_stop_threshold=3)
Process rank: -1, device: cuda, n_gpu: 1, distributed training: False
Model created!!
[[{'text': 'Fix the bug in', 'loss_ids': 0, 'shortenable_ids': 0}, {'text': ' public java.lang.String toString ( ) { if ( ( VAR_1 ) == null ) { return STRING_1 ; } TYPE_1 VAR_2 = null ; if ( ( ( VAR_3 ) == null ) || ( STRING_1 . equals ( VAR_3 . trim ( ) ) ) ) { VAR_2 = TYPE_1 . METHOD_1 ( VAR_4 ) ; } else { VAR_2 = TYPE_1 . METHOD_1 ( VAR_3 ) ; } return new java.lang.String ( VAR_1 , VAR_2 ) ; }', 'loss_ids': 0, 'shortenable_ids': 1}, {'text': '<mask>', 'loss_ids': 1, 'shortenable_ids': 0}], {'guid': 0, 'tgt_text': 'public java.lang.String toString ( ) { if ( ( VAR_1 ) == null ) { return null ; } TYPE_1 VAR_2 = null ; if ( ( ( VAR_3 ) == null ) || ( STRING_1 . equals ( VAR_3 . trim ( ) ) ) ) { VAR_2 = TYPE_1 . METHOD_1 ( VAR_4 ) ; } else { VAR_2 = TYPE_1 . METHOD_1 ( VAR_3 ) ; } return new java.lang.String ( VAR_1 , VAR_2 ) ; }'}]
***** Running training *****
  Num examples = 523
  Batch size = 6
  Num epoch = 10

***** Running evaluation *****
  Num examples = 68
  Batch size = 4
  epoch = 0
  eval_ppl = 3.353184114364862e+253
  global_step = 89
  train_loss = 19.6076
  ********************
Previous best ppl:inf
Achieve Best ppl:3.353184114364862e+253
  ********************
BLEU file: ./data/coderefine/3/validation.jsonl
  codebleu-4 = 84.34 	 Previous best codebleu 0
  ********************
 Achieve Best bleu:84.34
  ********************

***** Running evaluation *****
  Num examples = 68
  Batch size = 4
  epoch = 1
  eval_ppl = 5.2866529826577203e+250
  global_step = 177
  train_loss = 12.4852
  ********************
Previous best ppl:3.353184114364862e+253
Achieve Best ppl:5.2866529826577203e+250
  ********************
BLEU file: ./data/coderefine/3/validation.jsonl
  codebleu-4 = 83.21 	 Previous best codebleu 84.34
  ********************

***** Running evaluation *****
  Num examples = 68
  Batch size = 4
  epoch = 2
  eval_ppl = 3.45316402292706e+245
  global_step = 265
  train_loss = 9.7076
  ********************
Previous best ppl:5.2866529826577203e+250
Achieve Best ppl:3.45316402292706e+245
  ********************
BLEU file: ./data/coderefine/3/validation.jsonl
  codebleu-4 = 84.66 	 Previous best codebleu 84.34
  ********************
 Achieve Best bleu:84.66
  ********************

***** Running evaluation *****
  Num examples = 68
  Batch size = 4
  epoch = 3
  eval_ppl = 6.9979533188800434e+255
  global_step = 353
  train_loss = 6.989
  ********************
Previous best ppl:3.45316402292706e+245
BLEU file: ./data/coderefine/3/validation.jsonl
  codebleu-4 = 84.19 	 Previous best codebleu 84.66
  ********************

***** Running evaluation *****
  Num examples = 68
  Batch size = 4
  epoch = 4
  eval_ppl = 1.1592571210970521e+266
  global_step = 441
  train_loss = 5.7079
  ********************
Previous best ppl:3.45316402292706e+245
BLEU file: ./data/coderefine/3/validation.jsonl
  codebleu-4 = 84.69 	 Previous best codebleu 84.66
  ********************
 Achieve Best bleu:84.69
  ********************

***** Running evaluation *****
  Num examples = 68
  Batch size = 4
  epoch = 5
  eval_ppl = 1.7732810321972744e+265
  global_step = 529
  train_loss = 4.4408
  ********************
Previous best ppl:3.45316402292706e+245
BLEU file: ./data/coderefine/3/validation.jsonl
  codebleu-4 = 84.98 	 Previous best codebleu 84.69
  ********************
 Achieve Best bleu:84.98
  ********************

***** Running evaluation *****
  Num examples = 68
  Batch size = 4
  epoch = 6
  eval_ppl = 5.449974111647705e+264
  global_step = 617
  train_loss = 3.0673
  ********************
Previous best ppl:3.45316402292706e+245
BLEU file: ./data/coderefine/3/validation.jsonl
  codebleu-4 = 84.58 	 Previous best codebleu 84.98
  ********************

***** Running evaluation *****
  Num examples = 68
  Batch size = 4
  epoch = 7
  eval_ppl = 1.1659082714312741e+264
  global_step = 705
  train_loss = 2.3907
  ********************
Previous best ppl:3.45316402292706e+245
BLEU file: ./data/coderefine/3/validation.jsonl
  codebleu-4 = 84.31 	 Previous best codebleu 84.98
  ********************

***** Running evaluation *****
  Num examples = 68
  Batch size = 4
  epoch = 8
  eval_ppl = 1.8098527577056797e+268
  global_step = 793
  train_loss = 1.8774
  ********************
Previous best ppl:3.45316402292706e+245
BLEU file: ./data/coderefine/3/validation.jsonl
  codebleu-4 = 84.96 	 Previous best codebleu 84.98
  ********************
early stopping!!!
reload model from coderefine/3/hard2_codet5p_220m/checkpoint-best-bleu
BLEU file: ./data/coderefine/3/test.jsonl
  codebleu = 87.49 
  Total = 65 
  Exact Fixed = 0 
[]
  Syntax Fixed = 0 
[]
  Cleaned Fixed = 0 
[]
  ********************
  Total = 65 
  Exact Fixed = 0 
[]
  Syntax Fixed = 0 
[]
  Cleaned Fixed = 0 
[]
  codebleu = 87.49 
[0.8897234733154533, 0.9630303652763479, 0.9635936712235131, 0.8695053775921413, 0.9011454387148392, 0.9903835840244344, 0.9425904504260924, 0.7565622907995917, 0.9839466586882948, 0.7853787852753416, 0.8969687381175496, 0.8441159205246105, 0.7511027107539976, 0.941623929758705, 0.8930766761936788, 0.9409917197330907, 0.9248136689287012, 0.903251591588007, 0.7644276661958505, 0.9492125710440397, 0.8219427675283865, 0.9507843534353233, 0.8788115139945749, 0.8652607745811032, 0.9011983828889045, 0.9329627112015064, 0.8635045857840831, 0.9069552571509669, 0.9003448563397379, 0.9312622441935581, 0.8930320335805944, 0.7897879383252637, 0.7229811155785709, 0.9156656808510373, 0.8436861964533098, 0.7749501662427353, 0.9836838178227247, 0.8292599825198161, 0.8629693959820761, 0.7654333285915558, 0.9135467631052718, 0.9478920794481374, 0.9241970559902719, 0.9878750225946908, 0.8835056222687925, 0.7603022994685815, 0.7922851959864434, 0.8834808527576432, 0.8802129644436834, 0.9515008088922898, 0.684969554637936, 0.7561927282770964, 0.9134155834327866, 0.7685879515332055, 0.883976193615452, 0.8470699380914073, 0.9441114284551342, 0.9749570195926033, 0.9316721987960945, 0.9823198166397258, 0.7663340506773442, 0.9192720327344097, 0.9370554506699724, 0.8668796501537592, 0.5778624281512992]
Finish training and take 14m
