Namespace(log_name='./coderefine/3/hard6_codet5p_770m.log', model_name='Salesforce/codet5p-770m', lang='java', output_dir='coderefine/3/hard6_codet5p_770m', data_dir='./data/coderefine/3', no_cuda=False, visible_gpu='0', num_train_epochs=10, num_test_epochs=1, train_batch_size=6, eval_batch_size=4, gradient_accumulation_steps=1, load_model_path=None, config_name='', tokenizer_name='', max_source_length=512, max_target_length=512, warm_up_ratio=0.1, do_train=True, do_eval=True, do_test=True, freeze=False, learning_rate=5e-05, beam_size=10, weight_decay=0.0, adam_epsilon=1e-08, local_rank=-1, seed=42, early_stop_threshold=3)
Process rank: -1, device: cuda, n_gpu: 1, distributed training: False
Model created!!
[[{'text': 'Fix', 'loss_ids': 0, 'shortenable_ids': 0}, {'text': ' public java.lang.String toString ( ) { if ( ( VAR_1 ) == null ) { return STRING_1 ; } TYPE_1 VAR_2 = null ; if ( ( ( VAR_3 ) == null ) || ( STRING_1 . equals ( VAR_3 . trim ( ) ) ) ) { VAR_2 = TYPE_1 . METHOD_1 ( VAR_4 ) ; } else { VAR_2 = TYPE_1 . METHOD_1 ( VAR_3 ) ; } return new java.lang.String ( VAR_1 , VAR_2 ) ; }', 'loss_ids': 0, 'shortenable_ids': 1}, {'text': ' is buggy program', 'loss_ids': 0, 'shortenable_ids': 0}, {'text': '<mask>', 'loss_ids': 1, 'shortenable_ids': 0}, {'text': ' is fixed program', 'loss_ids': 0, 'shortenable_ids': 0}], {'guid': 0, 'tgt_text': 'public java.lang.String toString ( ) { if ( ( VAR_1 ) == null ) { return null ; } TYPE_1 VAR_2 = null ; if ( ( ( VAR_3 ) == null ) || ( STRING_1 . equals ( VAR_3 . trim ( ) ) ) ) { VAR_2 = TYPE_1 . METHOD_1 ( VAR_4 ) ; } else { VAR_2 = TYPE_1 . METHOD_1 ( VAR_3 ) ; } return new java.lang.String ( VAR_1 , VAR_2 ) ; }'}]
***** Running training *****
  Num examples = 523
  Batch size = 6
  Num epoch = 10

***** Running evaluation *****
  Num examples = 68
  Batch size = 4
  epoch = 0
  eval_ppl = 1.2154241028323165e+236
  global_step = 89
  train_loss = 17.0299
  ********************
Previous best ppl:inf
Achieve Best ppl:1.2154241028323165e+236
  ********************
BLEU file: ./data/coderefine/3/validation.jsonl
  codebleu-4 = 81.24 	 Previous best codebleu 0
  ********************
 Achieve Best bleu:81.24
  ********************

***** Running evaluation *****
  Num examples = 68
  Batch size = 4
  epoch = 1
  eval_ppl = 3.209201093627413e+230
  global_step = 177
  train_loss = 10.475
  ********************
Previous best ppl:1.2154241028323165e+236
Achieve Best ppl:3.209201093627413e+230
  ********************
BLEU file: ./data/coderefine/3/validation.jsonl
  codebleu-4 = 83.27 	 Previous best codebleu 81.24
  ********************
 Achieve Best bleu:83.27
  ********************

***** Running evaluation *****
  Num examples = 68
  Batch size = 4
  epoch = 2
  eval_ppl = 1.2443954655645518e+223
  global_step = 265
  train_loss = 6.8432
  ********************
Previous best ppl:3.209201093627413e+230
Achieve Best ppl:1.2443954655645518e+223
  ********************
BLEU file: ./data/coderefine/3/validation.jsonl
  codebleu-4 = 84.11 	 Previous best codebleu 83.27
  ********************
 Achieve Best bleu:84.11
  ********************

***** Running evaluation *****
  Num examples = 68
  Batch size = 4
  epoch = 3
  eval_ppl = 1.463217137771862e+235
  global_step = 353
  train_loss = 4.3034
  ********************
Previous best ppl:1.2443954655645518e+223
BLEU file: ./data/coderefine/3/validation.jsonl
  codebleu-4 = 84.99 	 Previous best codebleu 84.11
  ********************
 Achieve Best bleu:84.99
  ********************

***** Running evaluation *****
  Num examples = 68
  Batch size = 4
  epoch = 4
  eval_ppl = 8.37765721424155e+236
  global_step = 441
  train_loss = 2.8267
  ********************
Previous best ppl:1.2443954655645518e+223
BLEU file: ./data/coderefine/3/validation.jsonl
  codebleu-4 = 83.41 	 Previous best codebleu 84.99
  ********************

***** Running evaluation *****
  Num examples = 68
  Batch size = 4
  epoch = 5
  eval_ppl = 5.7748556070680765e+236
  global_step = 529
  train_loss = 2.661
  ********************
Previous best ppl:1.2443954655645518e+223
BLEU file: ./data/coderefine/3/validation.jsonl
  codebleu-4 = 84.63 	 Previous best codebleu 84.99
  ********************

***** Running evaluation *****
  Num examples = 68
  Batch size = 4
  epoch = 6
  eval_ppl = 4.1684889269467235e+237
  global_step = 617
  train_loss = 1.4002
  ********************
Previous best ppl:1.2443954655645518e+223
BLEU file: ./data/coderefine/3/validation.jsonl
  codebleu-4 = 83.35 	 Previous best codebleu 84.99
  ********************
early stopping!!!
reload model from coderefine/3/hard6_codet5p_770m/checkpoint-best-bleu
BLEU file: ./data/coderefine/3/test.jsonl
  codebleu = 87.22 
  Total = 65 
  Exact Fixed = 2 
[2, 17]
  Syntax Fixed = 0 
[]
  Cleaned Fixed = 0 
[]
  ********************
  Total = 65 
  Exact Fixed = 2 
[2, 17]
  Syntax Fixed = 0 
[]
  Cleaned Fixed = 0 
[]
  codebleu = 87.22 
[0.8897234733154533, 0.9836100175946707, 0.9635936712235131, 0.8695053775921413, 0.9011454387148392, 0.9903835840244344, 0.9425904504260924, 0.742925927163228, 0.9839466586882948, 0.7853787852753416, 0.8969687381175496, 0.8441159205246105, 0.7901005782935314, 0.8260123411273373, 0.8930766761936788, 0.9409917197330907, 1.0, 0.903251591588007, 0.8058069765406781, 0.9492125710440397, 0.8219427675283865, 0.9888412502412365, 0.8788115139945749, 0.8652607745811032, 0.9011983828889045, 0.9329627112015064, 0.8635045857840831, 0.9069552571509669, 0.9003448563397379, 0.9312622441935581, 0.8930320335805944, 0.8155904749901066, 0.7229811155785709, 0.9156656808510373, 0.8436861964533098, 0.7749501662427353, 0.9836838178227247, 0.8292599825198161, 0.8629693959820761, 0.7654333285915558, 0.9135467631052718, 0.9103920794481373, 0.9241970559902719, 0.7863150199400053, 0.8840440423667819, 0.7603022994685815, 0.7922851959864434, 0.8834808527576432, 0.8802129644436834, 0.9515008088922898, 0.6673622053236036, 0.7561927282770964, 0.9134155834327866, 0.7685879515332055, 0.883976193615452, 0.8470699380914073, 0.9441114284551342, 0.9749570195926033, 0.9316721987960945, 0.9823198166397258, 0.7663340506773442, 0.9192720327344097, 0.9370554506699724, 0.8798931665046563, 0.5342736257628917]
Finish training and take 29m
