Namespace(log_name='./coderefine/3/hard4_codet5p_770m.log', model_name='Salesforce/codet5p-770m', lang='java', output_dir='coderefine/3/hard4_codet5p_770m', data_dir='./data/coderefine/3', no_cuda=False, visible_gpu='0', num_train_epochs=10, num_test_epochs=1, train_batch_size=6, eval_batch_size=4, gradient_accumulation_steps=1, load_model_path=None, config_name='', tokenizer_name='', max_source_length=512, max_target_length=512, warm_up_ratio=0.1, do_train=True, do_eval=True, do_test=True, freeze=False, learning_rate=5e-05, beam_size=10, weight_decay=0.0, adam_epsilon=1e-08, local_rank=-1, seed=42, early_stop_threshold=3)
Process rank: -1, device: cuda, n_gpu: 1, distributed training: False
Model created!!
[[{'text': 'Fix', 'loss_ids': 0, 'shortenable_ids': 0}, {'text': ' public java.lang.String toString ( ) { if ( ( VAR_1 ) == null ) { return STRING_1 ; } TYPE_1 VAR_2 = null ; if ( ( ( VAR_3 ) == null ) || ( STRING_1 . equals ( VAR_3 . trim ( ) ) ) ) { VAR_2 = TYPE_1 . METHOD_1 ( VAR_4 ) ; } else { VAR_2 = TYPE_1 . METHOD_1 ( VAR_3 ) ; } return new java.lang.String ( VAR_1 , VAR_2 ) ; }', 'loss_ids': 0, 'shortenable_ids': 1}, {'text': '<mask>', 'loss_ids': 1, 'shortenable_ids': 0}, {'text': ' is fixed program', 'loss_ids': 0, 'shortenable_ids': 0}], {'guid': 0, 'tgt_text': 'public java.lang.String toString ( ) { if ( ( VAR_1 ) == null ) { return null ; } TYPE_1 VAR_2 = null ; if ( ( ( VAR_3 ) == null ) || ( STRING_1 . equals ( VAR_3 . trim ( ) ) ) ) { VAR_2 = TYPE_1 . METHOD_1 ( VAR_4 ) ; } else { VAR_2 = TYPE_1 . METHOD_1 ( VAR_3 ) ; } return new java.lang.String ( VAR_1 , VAR_2 ) ; }'}]
***** Running training *****
  Num examples = 523
  Batch size = 6
  Num epoch = 10

***** Running evaluation *****
  Num examples = 68
  Batch size = 4
  epoch = 0
  eval_ppl = 8.151710087176379e+216
  global_step = 89
  train_loss = 17.2738
  ********************
Previous best ppl:inf
Achieve Best ppl:8.151710087176379e+216
  ********************
BLEU file: ./data/coderefine/3/validation.jsonl
  codebleu-4 = 83.53 	 Previous best codebleu 0
  ********************
 Achieve Best bleu:83.53
  ********************

***** Running evaluation *****
  Num examples = 68
  Batch size = 4
  epoch = 1
  eval_ppl = 9.957754384446156e+218
  global_step = 177
  train_loss = 10.4792
  ********************
Previous best ppl:8.151710087176379e+216
BLEU file: ./data/coderefine/3/validation.jsonl
  codebleu-4 = 83.68 	 Previous best codebleu 83.53
  ********************
 Achieve Best bleu:83.68
  ********************

***** Running evaluation *****
  Num examples = 68
  Batch size = 4
  epoch = 2
  eval_ppl = 2.1665304672742524e+222
  global_step = 265
  train_loss = 6.6743
  ********************
Previous best ppl:8.151710087176379e+216
BLEU file: ./data/coderefine/3/validation.jsonl
  codebleu-4 = 84.16 	 Previous best codebleu 83.68
  ********************
 Achieve Best bleu:84.16
  ********************

***** Running evaluation *****
  Num examples = 68
  Batch size = 4
  epoch = 3
  eval_ppl = 6.1685686441931134e+231
  global_step = 353
  train_loss = 4.3421
  ********************
Previous best ppl:8.151710087176379e+216
BLEU file: ./data/coderefine/3/validation.jsonl
  codebleu-4 = 84.82 	 Previous best codebleu 84.16
  ********************
 Achieve Best bleu:84.82
  ********************

***** Running evaluation *****
  Num examples = 68
  Batch size = 4
  epoch = 4
  eval_ppl = 1.8977057273746576e+243
  global_step = 441
  train_loss = 2.7551
  ********************
Previous best ppl:8.151710087176379e+216
BLEU file: ./data/coderefine/3/validation.jsonl
  codebleu-4 = 83.69 	 Previous best codebleu 84.82
  ********************

***** Running evaluation *****
  Num examples = 68
  Batch size = 4
  epoch = 5
  eval_ppl = 5.935838628361697e+241
  global_step = 529
  train_loss = 1.9322
  ********************
Previous best ppl:8.151710087176379e+216
BLEU file: ./data/coderefine/3/validation.jsonl
  codebleu-4 = 84.31 	 Previous best codebleu 84.82
  ********************

***** Running evaluation *****
  Num examples = 68
  Batch size = 4
  epoch = 6
  eval_ppl = 5.9014361658965e+243
  global_step = 617
  train_loss = 1.1784
  ********************
Previous best ppl:8.151710087176379e+216
BLEU file: ./data/coderefine/3/validation.jsonl
  codebleu-4 = 85.12 	 Previous best codebleu 84.82
  ********************
 Achieve Best bleu:85.12
  ********************

***** Running evaluation *****
  Num examples = 68
  Batch size = 4
  epoch = 7
  eval_ppl = 1.1402836006338774e+251
  global_step = 705
  train_loss = 0.7082
  ********************
Previous best ppl:8.151710087176379e+216
BLEU file: ./data/coderefine/3/validation.jsonl
  codebleu-4 = 84.86 	 Previous best codebleu 85.12
  ********************

***** Running evaluation *****
  Num examples = 68
  Batch size = 4
  epoch = 8
  eval_ppl = 3.2127124359317106e+250
  global_step = 793
  train_loss = 0.4578
  ********************
Previous best ppl:8.151710087176379e+216
BLEU file: ./data/coderefine/3/validation.jsonl
  codebleu-4 = 84.82 	 Previous best codebleu 85.12
  ********************

***** Running evaluation *****
  Num examples = 68
  Batch size = 4
  epoch = 9
  eval_ppl = 5.6144256829624954e+250
  global_step = 881
  train_loss = 0.3196
  ********************
Previous best ppl:8.151710087176379e+216
BLEU file: ./data/coderefine/3/validation.jsonl
  codebleu-4 = 85.5 	 Previous best codebleu 85.12
  ********************
 Achieve Best bleu:85.5
  ********************
reload model from coderefine/3/hard4_codet5p_770m/checkpoint-best-bleu
BLEU file: ./data/coderefine/3/test.jsonl
  codebleu = 86.27 
  Total = 65 
  Exact Fixed = 0 
[]
  Syntax Fixed = 0 
[]
  Cleaned Fixed = 0 
[]
  ********************
  Total = 65 
  Exact Fixed = 0 
[]
  Syntax Fixed = 0 
[]
  Cleaned Fixed = 0 
[]
  codebleu = 86.27 
[0.8897234733154533, 0.9630303652763479, 0.8106111622769432, 0.8695053775921413, 0.9011454387148392, 0.9903835840244344, 0.9425904504260924, 0.742925927163228, 0.9839466586882948, 0.8453787852753416, 0.8477362648507916, 0.8441159205246105, 0.7901005782935314, 0.9466557278151304, 0.8930766761936788, 0.9409917197330907, 0.9256420472418438, 0.8151114482918227, 0.7644276661958505, 0.9492125710440397, 0.8134017293570641, 0.9888412502412365, 0.8788115139945749, 0.9069786266840589, 0.9011983828889045, 0.9329627112015064, 0.8635045857840831, 0.9069552571509669, 0.9003448563397379, 0.6360185168777615, 0.843131981864129, 0.7897879383252637, 0.7229811155785709, 0.8663358543833306, 0.8436861964533098, 0.7749501662427353, 0.9836838178227247, 0.8292599825198161, 0.8629693959820761, 0.7654333285915558, 0.9135467631052718, 0.9478920794481374, 0.9241970559902719, 0.9878750225946908, 0.8887329713543033, 0.7697777567996368, 0.7922851959864434, 0.8448903411559154, 0.8802129644436834, 0.9515008088922898, 0.684969554637936, 0.7561927282770964, 0.9134155834327866, 0.7685879515332055, 0.883976193615452, 0.8470699380914073, 0.9441114284551342, 0.9864954811310649, 0.7052337557824244, 0.9823198166397258, 0.7663340506773442, 0.9192720327344097, 0.9370554506699724, 0.8798931665046563, 0.5342736257628917]
Finish training and take 40m
