Namespace(log_name='./result/coderefine/3/random2_codet5p_770m.log', model_name='Salesforce/codet5p-770m', lang='java', output_dir='result/coderefine/3/random2_codet5p_770m', data_dir='./data/coderefine/3', no_cuda=False, visible_gpu='0', num_train_epochs=10, num_test_epochs=1, train_batch_size=4, eval_batch_size=4, gradient_accumulation_steps=1, load_model_path=None, config_name='', tokenizer_name='', max_source_length=512, max_target_length=512, warm_up_ratio=0.1, do_train=True, do_eval=True, do_test=True, freeze=False, learning_rate=5e-05, beam_size=10, weight_decay=0.0, adam_epsilon=1e-08, local_rank=-1, seed=42, early_stop_threshold=3)
Process rank: -1, device: cuda, n_gpu: 1, distributed training: False
Model created!!
[[{'text': None, 'loss_ids': 0, 'shortenable_ids': 0}, {'text': ' public java.lang.String toString ( ) { if ( ( VAR_1 ) == null ) { return STRING_1 ; } TYPE_1 VAR_2 = null ; if ( ( ( VAR_3 ) == null ) || ( STRING_1 . equals ( VAR_3 . trim ( ) ) ) ) { VAR_2 = TYPE_1 . METHOD_1 ( VAR_4 ) ; } else { VAR_2 = TYPE_1 . METHOD_1 ( VAR_3 ) ; } return new java.lang.String ( VAR_1 , VAR_2 ) ; }', 'loss_ids': 0, 'shortenable_ids': 1}, {'text': '<mask>', 'loss_ids': 1, 'shortenable_ids': 0}], {'guid': 0, 'tgt_text': 'public java.lang.String toString ( ) { if ( ( VAR_1 ) == null ) { return null ; } TYPE_1 VAR_2 = null ; if ( ( ( VAR_3 ) == null ) || ( STRING_1 . equals ( VAR_3 . trim ( ) ) ) ) { VAR_2 = TYPE_1 . METHOD_1 ( VAR_4 ) ; } else { VAR_2 = TYPE_1 . METHOD_1 ( VAR_3 ) ; } return new java.lang.String ( VAR_1 , VAR_2 ) ; }'}]
Namespace(log_name='./result/coderefine/3/random2_codet5p_770m.log', model_name='Salesforce/codet5p-770m', lang='java', output_dir='result/coderefine/3/random2_codet5p_770m', data_dir='./data/coderefine/3', choice=2, no_cuda=False, visible_gpu='0', num_train_epochs=10, num_test_epochs=1, train_batch_size=4, eval_batch_size=4, gradient_accumulation_steps=1, load_model_path=None, config_name='', tokenizer_name='', max_source_length=512, max_target_length=512, warm_up_ratio=0.1, do_train=True, do_eval=True, do_test=True, freeze=False, learning_rate=5e-05, beam_size=10, weight_decay=0.0, adam_epsilon=1e-08, local_rank=-1, seed=42, early_stop_threshold=3)
Process rank: -1, device: cuda, n_gpu: 1, distributed training: False
Model created!!
[[{'text': 'Fix the bug in', 'loss_ids': 0, 'shortenable_ids': 0}, {'text': ' public java.lang.String toString ( ) { if ( ( VAR_1 ) == null ) { return STRING_1 ; } TYPE_1 VAR_2 = null ; if ( ( ( VAR_3 ) == null ) || ( STRING_1 . equals ( VAR_3 . trim ( ) ) ) ) { VAR_2 = TYPE_1 . METHOD_1 ( VAR_4 ) ; } else { VAR_2 = TYPE_1 . METHOD_1 ( VAR_3 ) ; } return new java.lang.String ( VAR_1 , VAR_2 ) ; }', 'loss_ids': 0, 'shortenable_ids': 1}, {'text': '<mask>', 'loss_ids': 1, 'shortenable_ids': 0}], {'guid': 0, 'tgt_text': 'public java.lang.String toString ( ) { if ( ( VAR_1 ) == null ) { return null ; } TYPE_1 VAR_2 = null ; if ( ( ( VAR_3 ) == null ) || ( STRING_1 . equals ( VAR_3 . trim ( ) ) ) ) { VAR_2 = TYPE_1 . METHOD_1 ( VAR_4 ) ; } else { VAR_2 = TYPE_1 . METHOD_1 ( VAR_3 ) ; } return new java.lang.String ( VAR_1 , VAR_2 ) ; }'}]
***** Running training *****
  Num examples = 523
  Batch size = 4
  Num epoch = 10

***** Running evaluation *****
  Num examples = 68
  Batch size = 4
  epoch = 0
  eval_ppl = 1.0908978555276217e+216
  global_step = 132
  train_loss = 17.0844
  ********************
Previous best ppl:inf
Achieve Best ppl:1.0908978555276217e+216
  ********************
BLEU file: ./data/coderefine/3/validation.jsonl
  codebleu-4 = 83.9 	 Previous best codebleu 0
  ********************
 Achieve Best bleu:83.9
  ********************

***** Running evaluation *****
  Num examples = 68
  Batch size = 4
  epoch = 1
  eval_ppl = 2.0615169942378434e+210
  global_step = 263
  train_loss = 10.8427
  ********************
Previous best ppl:1.0908978555276217e+216
Achieve Best ppl:2.0615169942378434e+210
  ********************
BLEU file: ./data/coderefine/3/validation.jsonl
  codebleu-4 = 84.16 	 Previous best codebleu 83.9
  ********************
 Achieve Best bleu:84.16
  ********************

***** Running evaluation *****
  Num examples = 68
  Batch size = 4
  epoch = 2
  eval_ppl = 2.523361213559292e+220
  global_step = 394
  train_loss = 6.5478
  ********************
Previous best ppl:2.0615169942378434e+210
BLEU file: ./data/coderefine/3/validation.jsonl
  codebleu-4 = 84.75 	 Previous best codebleu 84.16
  ********************
 Achieve Best bleu:84.75
  ********************
Namespace(log_name='./result/coderefine/3/random2_codet5p_770m.log', model_name='Salesforce/codet5p-770m', lang='java', output_dir='result/coderefine/3/random2_codet5p_770m', data_dir='./data/coderefine/3', choice=2, no_cuda=False, visible_gpu='0', num_train_epochs=10, num_test_epochs=1, train_batch_size=4, eval_batch_size=4, gradient_accumulation_steps=1, load_model_path=None, config_name='', tokenizer_name='', max_source_length=512, max_target_length=512, warm_up_ratio=0.1, do_train=True, do_eval=True, do_test=True, freeze=False, learning_rate=5e-05, beam_size=10, weight_decay=0.0, adam_epsilon=1e-08, local_rank=-1, seed=42, early_stop_threshold=3)
Process rank: -1, device: cuda, n_gpu: 1, distributed training: False
Model created!!
[[{'text': 'Fix the bug in', 'loss_ids': 0, 'shortenable_ids': 0}, {'text': ' public java.lang.String toString ( ) { if ( ( VAR_1 ) == null ) { return STRING_1 ; } TYPE_1 VAR_2 = null ; if ( ( ( VAR_3 ) == null ) || ( STRING_1 . equals ( VAR_3 . trim ( ) ) ) ) { VAR_2 = TYPE_1 . METHOD_1 ( VAR_4 ) ; } else { VAR_2 = TYPE_1 . METHOD_1 ( VAR_3 ) ; } return new java.lang.String ( VAR_1 , VAR_2 ) ; }', 'loss_ids': 0, 'shortenable_ids': 1}, {'text': '<mask>', 'loss_ids': 1, 'shortenable_ids': 0}], {'guid': 0, 'tgt_text': 'public java.lang.String toString ( ) { if ( ( VAR_1 ) == null ) { return null ; } TYPE_1 VAR_2 = null ; if ( ( ( VAR_3 ) == null ) || ( STRING_1 . equals ( VAR_3 . trim ( ) ) ) ) { VAR_2 = TYPE_1 . METHOD_1 ( VAR_4 ) ; } else { VAR_2 = TYPE_1 . METHOD_1 ( VAR_3 ) ; } return new java.lang.String ( VAR_1 , VAR_2 ) ; }'}]
***** Running training *****
  Num examples = 523
  Batch size = 4
  Num epoch = 10

***** Running evaluation *****
  Num examples = 68
  Batch size = 4
  epoch = 0
  eval_ppl = 1.0908978555276217e+216
  global_step = 132
  train_loss = 17.0844
  ********************
Previous best ppl:inf
Achieve Best ppl:1.0908978555276217e+216
  ********************
BLEU file: ./data/coderefine/3/validation.jsonl
  codebleu-4 = 83.86 	 Previous best codebleu 0
  ********************
 Achieve Best bleu:83.86
  ********************

***** Running evaluation *****
  Num examples = 68
  Batch size = 4
  epoch = 1
  eval_ppl = 2.0615169942378434e+210
  global_step = 263
  train_loss = 10.8427
  ********************
Previous best ppl:1.0908978555276217e+216
Achieve Best ppl:2.0615169942378434e+210
  ********************
BLEU file: ./data/coderefine/3/validation.jsonl
  codebleu-4 = 84.12 	 Previous best codebleu 83.86
  ********************
 Achieve Best bleu:84.12
  ********************

***** Running evaluation *****
  Num examples = 68
  Batch size = 4
  epoch = 2
  eval_ppl = 2.523361213559292e+220
  global_step = 394
  train_loss = 6.5478
  ********************
Previous best ppl:2.0615169942378434e+210
BLEU file: ./data/coderefine/3/validation.jsonl
  codebleu-4 = 84.72 	 Previous best codebleu 84.12
  ********************
 Achieve Best bleu:84.72
  ********************

***** Running evaluation *****
  Num examples = 68
  Batch size = 4
  epoch = 3
  eval_ppl = 2.437398081298277e+238
  global_step = 525
  train_loss = 4.5418
  ********************
Previous best ppl:2.0615169942378434e+210
BLEU file: ./data/coderefine/3/validation.jsonl
  codebleu-4 = 84.3 	 Previous best codebleu 84.72
  ********************

***** Running evaluation *****
  Num examples = 68
  Batch size = 4
  epoch = 4
  eval_ppl = 1.630514879413579e+237
  global_step = 656
  train_loss = 2.9226
  ********************
Previous best ppl:2.0615169942378434e+210
BLEU file: ./data/coderefine/3/validation.jsonl
  codebleu-4 = 84.47 	 Previous best codebleu 84.72
  ********************

***** Running evaluation *****
  Num examples = 68
  Batch size = 4
  epoch = 5
  eval_ppl = 2.7881795456350326e+244
  global_step = 787
  train_loss = 1.7093
  ********************
Previous best ppl:2.0615169942378434e+210
BLEU file: ./data/coderefine/3/validation.jsonl
  codebleu-4 = 84.65 	 Previous best codebleu 84.72
  ********************
early stopping!!!
reload model from result/coderefine/3/random2_codet5p_770m/checkpoint-best-bleu
BLEU file: ./data/coderefine/3/test.jsonl
  codebleu = 87.37 
  Total = 65 
  Exact Fixed = 0 
[]
  Syntax Fixed = 0 
[]
  Cleaned Fixed = 0 
[]
  ********************
  Total = 65 
  Exact Fixed = 0 
[]
  Syntax Fixed = 0 
[]
  Cleaned Fixed = 0 
[]
  codebleu = 87.37 
[0.8344531615285882, 0.9630303652763479, 0.9635936712235131, 0.8695053775921413, 0.8920069447976049, 0.9903835840244344, 0.9425904504260924, 0.742925927163228, 0.9839466586882948, 0.7853787852753416, 0.8969687381175496, 0.8441159205246105, 0.7901005782935314, 0.8311316287341289, 0.8930766761936788, 0.9409917197330907, 0.9256420472418438, 0.903251591588007, 0.8058069765406781, 0.9492125710440397, 0.8219427675283865, 0.9507843534353233, 0.8788115139945749, 0.9069786266840589, 0.9011983828889045, 0.9329627112015064, 0.8635045857840831, 0.9069552571509669, 0.9003448563397379, 0.9312622441935581, 0.8930320335805944, 0.8155904749901066, 0.7229811155785709, 0.9156656808510373, 0.8630410351629871, 0.7749501662427353, 0.9836838178227247, 0.8389374018746549, 0.8629693959820761, 0.7654333285915558, 0.9135467631052718, 0.9478920794481374, 0.9241970559902719, 0.9878750225946908, 0.8879538223814438, 0.7664247484481733, 0.7922851959864434, 0.7857715210106836, 0.8802129644436834, 0.9515008088922898, 0.684969554637936, 0.7561927282770964, 0.9134155834327866, 0.7473709352761541, 0.883976193615452, 0.8470699380914073, 0.9441114284551342, 0.9864954811310649, 0.9316721987960945, 0.9823198166397258, 0.7663340506773442, 0.9192720327344097, 0.9433054506699723, 0.887210239675388, 0.5778624281512992]
Finish training and take 18m
