Namespace(log_name='./result/coderefine/3/random1_codet5p_770m.log', model_name='Salesforce/codet5p-770m', lang='java', output_dir='result/coderefine/3/random1_codet5p_770m', data_dir='./data/coderefine/3', no_cuda=False, visible_gpu='0', num_train_epochs=10, num_test_epochs=1, train_batch_size=4, eval_batch_size=4, gradient_accumulation_steps=1, load_model_path=None, config_name='', tokenizer_name='', max_source_length=512, max_target_length=512, warm_up_ratio=0.1, do_train=True, do_eval=True, do_test=True, freeze=False, learning_rate=5e-05, beam_size=10, weight_decay=0.0, adam_epsilon=1e-08, local_rank=-1, seed=42, early_stop_threshold=3)
Process rank: -1, device: cuda, n_gpu: 1, distributed training: False
Model created!!
[[{'text': 'public java.lang.String toString ( ) { if ( ( VAR_1 ) == null ) { return STRING_1 ; } TYPE_1 VAR_2 = null ; if ( ( ( VAR_3 ) == null ) || ( STRING_1 . equals ( VAR_3 . trim ( ) ) ) ) { VAR_2 = TYPE_1 . METHOD_1 ( VAR_4 ) ; } else { VAR_2 = TYPE_1 . METHOD_1 ( VAR_3 ) ; } return new java.lang.String ( VAR_1 , VAR_2 ) ; }', 'loss_ids': 0, 'shortenable_ids': 1}, {'text': None, 'loss_ids': 0, 'shortenable_ids': 0}, {'text': '<mask>', 'loss_ids': 1, 'shortenable_ids': 0}], {'guid': 0, 'tgt_text': 'public java.lang.String toString ( ) { if ( ( VAR_1 ) == null ) { return null ; } TYPE_1 VAR_2 = null ; if ( ( ( VAR_3 ) == null ) || ( STRING_1 . equals ( VAR_3 . trim ( ) ) ) ) { VAR_2 = TYPE_1 . METHOD_1 ( VAR_4 ) ; } else { VAR_2 = TYPE_1 . METHOD_1 ( VAR_3 ) ; } return new java.lang.String ( VAR_1 , VAR_2 ) ; }'}]
Namespace(log_name='./result/coderefine/3/random1_codet5p_770m.log', model_name='Salesforce/codet5p-770m', lang='java', output_dir='result/coderefine/3/random1_codet5p_770m', data_dir='./data/coderefine/3', choice=1, no_cuda=False, visible_gpu='0', num_train_epochs=10, num_test_epochs=1, train_batch_size=4, eval_batch_size=4, gradient_accumulation_steps=1, load_model_path=None, config_name='', tokenizer_name='', max_source_length=512, max_target_length=512, warm_up_ratio=0.1, do_train=True, do_eval=True, do_test=True, freeze=False, learning_rate=5e-05, beam_size=10, weight_decay=0.0, adam_epsilon=1e-08, local_rank=-1, seed=42, early_stop_threshold=3)
Process rank: -1, device: cuda, n_gpu: 1, distributed training: False
Model created!!
[[{'text': 'public java.lang.String toString ( ) { if ( ( VAR_1 ) == null ) { return STRING_1 ; } TYPE_1 VAR_2 = null ; if ( ( ( VAR_3 ) == null ) || ( STRING_1 . equals ( VAR_3 . trim ( ) ) ) ) { VAR_2 = TYPE_1 . METHOD_1 ( VAR_4 ) ; } else { VAR_2 = TYPE_1 . METHOD_1 ( VAR_3 ) ; } return new java.lang.String ( VAR_1 , VAR_2 ) ; }', 'loss_ids': 0, 'shortenable_ids': 1}, {'text': 'the fixed version is', 'loss_ids': 0, 'shortenable_ids': 0}, {'text': '<mask>', 'loss_ids': 1, 'shortenable_ids': 0}], {'guid': 0, 'tgt_text': 'public java.lang.String toString ( ) { if ( ( VAR_1 ) == null ) { return null ; } TYPE_1 VAR_2 = null ; if ( ( ( VAR_3 ) == null ) || ( STRING_1 . equals ( VAR_3 . trim ( ) ) ) ) { VAR_2 = TYPE_1 . METHOD_1 ( VAR_4 ) ; } else { VAR_2 = TYPE_1 . METHOD_1 ( VAR_3 ) ; } return new java.lang.String ( VAR_1 , VAR_2 ) ; }'}]
***** Running training *****
  Num examples = 523
  Batch size = 4
  Num epoch = 10

***** Running evaluation *****
  Num examples = 68
  Batch size = 4
  epoch = 0
  eval_ppl = 9.069469328877852e+228
  global_step = 132
  train_loss = 16.9741
  ********************
Previous best ppl:inf
Achieve Best ppl:9.069469328877852e+228
  ********************
BLEU file: ./data/coderefine/3/validation.jsonl
  codebleu-4 = 83.58 	 Previous best codebleu 0
  ********************
 Achieve Best bleu:83.58
  ********************

***** Running evaluation *****
  Num examples = 68
  Batch size = 4
  epoch = 1
  eval_ppl = 1.5585711930349488e+240
  global_step = 263
  train_loss = 10.5533
  ********************
Previous best ppl:9.069469328877852e+228
BLEU file: ./data/coderefine/3/validation.jsonl
  codebleu-4 = 83.7 	 Previous best codebleu 83.58
  ********************
 Achieve Best bleu:83.7
  ********************

***** Running evaluation *****
  Num examples = 68
  Batch size = 4
  epoch = 2
  eval_ppl = 2.8178657092574575e+224
  global_step = 394
  train_loss = 6.7197
  ********************
Previous best ppl:9.069469328877852e+228
Achieve Best ppl:2.8178657092574575e+224
  ********************
BLEU file: ./data/coderefine/3/validation.jsonl
  codebleu-4 = 84.21 	 Previous best codebleu 83.7
  ********************
 Achieve Best bleu:84.21
  ********************

***** Running evaluation *****
  Num examples = 68
  Batch size = 4
  epoch = 3
  eval_ppl = 1.4771009104607476e+236
  global_step = 525
  train_loss = 4.1079
  ********************
Previous best ppl:2.8178657092574575e+224
BLEU file: ./data/coderefine/3/validation.jsonl
  codebleu-4 = 83.85 	 Previous best codebleu 84.21
  ********************

***** Running evaluation *****
  Num examples = 68
  Batch size = 4
  epoch = 4
  eval_ppl = 3.0357960422670476e+240
  global_step = 656
  train_loss = 2.4508
  ********************
Previous best ppl:2.8178657092574575e+224
BLEU file: ./data/coderefine/3/validation.jsonl
  codebleu-4 = 83.72 	 Previous best codebleu 84.21
  ********************

***** Running evaluation *****
  Num examples = 68
  Batch size = 4
  epoch = 5
  eval_ppl = 1.7355085354348317e+237
  global_step = 787
  train_loss = 1.6623
  ********************
Previous best ppl:2.8178657092574575e+224
BLEU file: ./data/coderefine/3/validation.jsonl
  codebleu-4 = 84.12 	 Previous best codebleu 84.21
  ********************
early stopping!!!
reload model from result/coderefine/3/random1_codet5p_770m/checkpoint-best-bleu
BLEU file: ./data/coderefine/3/test.jsonl
  codebleu = 87.05 
  Total = 65 
  Exact Fixed = 0 
[]
  Syntax Fixed = 0 
[]
  Cleaned Fixed = 0 
[]
  ********************
  Total = 65 
  Exact Fixed = 0 
[]
  Syntax Fixed = 0 
[]
  Cleaned Fixed = 0 
[]
  codebleu = 87.05 
[0.8344531615285882, 0.9630303652763479, 0.9635936712235131, 0.8695053775921413, 0.9011454387148392, 0.9903835840244344, 0.9425904504260924, 0.742925927163228, 0.9839466586882948, 0.8453787852753416, 0.8969687381175496, 0.8441159205246105, 0.7411783026929477, 0.8363500122999138, 0.8930766761936788, 0.9409917197330907, 0.9256420472418438, 0.8719898395383503, 0.7747724937820575, 0.9492125710440397, 0.8219427675283865, 0.9888412502412365, 0.8788115139945749, 0.9069786266840589, 0.9011983828889045, 0.9329627112015064, 0.8635045857840831, 0.9069552571509669, 0.9003448563397379, 0.9312622441935581, 0.8930320335805944, 0.8155904749901066, 0.7229811155785709, 0.9156656808510373, 0.8630410351629871, 0.7749501662427353, 0.9836838178227247, 0.8389374018746549, 0.8629693959820761, 0.7654333285915558, 0.9135467631052718, 0.9478920794481374, 0.8724134773278694, 0.9878750225946908, 0.8835056222687925, 0.7664247484481733, 0.7922851959864434, 0.8834808527576432, 0.8802129644436834, 0.9515008088922898, 0.6509875269607693, 0.7561927282770964, 0.9134155834327866, 0.7600493923777001, 0.6672863945645199, 0.8470699380914073, 0.9441114284551342, 0.9749570195926033, 0.9316721987960945, 0.9823198166397258, 0.7663340506773442, 0.9192720327344097, 0.9433054506699723, 0.887210239675388, 0.5778624281512992]
Finish training and take 17m
