Namespace(log_name='./result/coderefine/3/random3_codet5p_770m.log', model_name='Salesforce/codet5p-770m', lang='java', output_dir='result/coderefine/3/random3_codet5p_770m', data_dir='./data/coderefine/3', no_cuda=False, visible_gpu='0', num_train_epochs=10, num_test_epochs=1, train_batch_size=4, eval_batch_size=4, gradient_accumulation_steps=1, load_model_path=None, config_name='', tokenizer_name='', max_source_length=1024, max_target_length=1024, warm_up_ratio=0.1, do_train=True, do_eval=True, do_test=True, freeze=False, learning_rate=5e-05, beam_size=10, weight_decay=0.0, adam_epsilon=1e-08, local_rank=-1, seed=42, early_stop_threshold=3)
Process rank: -1, device: cuda, n_gpu: 1, distributed training: False
Model created!!
Namespace(log_name='./result/coderefine/3/random3_codet5p_770m.log', model_name='Salesforce/codet5p-770m', lang='java', output_dir='result/coderefine/3/random3_codet5p_770m', data_dir='./data/coderefine/3', choice=3, no_cuda=False, visible_gpu='0', num_train_epochs=10, num_test_epochs=1, train_batch_size=4, eval_batch_size=4, gradient_accumulation_steps=1, load_model_path=None, config_name='', tokenizer_name='', max_source_length=512, max_target_length=512, warm_up_ratio=0.1, do_train=True, do_eval=True, do_test=True, freeze=False, learning_rate=5e-05, beam_size=10, weight_decay=0.0, adam_epsilon=1e-08, local_rank=-1, seed=42, early_stop_threshold=3)
Process rank: -1, device: cuda, n_gpu: 1, distributed training: False
Model created!!
[[{'text': 'Fix', 'loss_ids': 0, 'shortenable_ids': 0}, {'text': ' public java.lang.String toString ( ) { if ( ( VAR_1 ) == null ) { return STRING_1 ; } TYPE_1 VAR_2 = null ; if ( ( ( VAR_3 ) == null ) || ( STRING_1 . equals ( VAR_3 . trim ( ) ) ) ) { VAR_2 = TYPE_1 . METHOD_1 ( VAR_4 ) ; } else { VAR_2 = TYPE_1 . METHOD_1 ( VAR_3 ) ; } return new java.lang.String ( VAR_1 , VAR_2 ) ; }', 'loss_ids': 0, 'shortenable_ids': 1}, {'text': 'fixed program is', 'loss_ids': 0, 'shortenable_ids': 0}, {'text': '<mask>', 'loss_ids': 1, 'shortenable_ids': 0}], {'guid': 0, 'tgt_text': 'public java.lang.String toString ( ) { if ( ( VAR_1 ) == null ) { return null ; } TYPE_1 VAR_2 = null ; if ( ( ( VAR_3 ) == null ) || ( STRING_1 . equals ( VAR_3 . trim ( ) ) ) ) { VAR_2 = TYPE_1 . METHOD_1 ( VAR_4 ) ; } else { VAR_2 = TYPE_1 . METHOD_1 ( VAR_3 ) ; } return new java.lang.String ( VAR_1 , VAR_2 ) ; }'}]
***** Running training *****
  Num examples = 523
  Batch size = 4
  Num epoch = 10

***** Running evaluation *****
  Num examples = 68
  Batch size = 4
  epoch = 0
  eval_ppl = 1.053497061858403e+230
  global_step = 132
  train_loss = 17.1586
  ********************
Previous best ppl:inf
Achieve Best ppl:1.053497061858403e+230
  ********************
BLEU file: ./data/coderefine/3/validation.jsonl
  codebleu-4 = 82.32 	 Previous best codebleu 0
  ********************
 Achieve Best bleu:82.32
  ********************

***** Running evaluation *****
  Num examples = 68
  Batch size = 4
  epoch = 1
  eval_ppl = 8.043925725173452e+229
  global_step = 263
  train_loss = 11.3728
  ********************
Previous best ppl:1.053497061858403e+230
Achieve Best ppl:8.043925725173452e+229
  ********************
BLEU file: ./data/coderefine/3/validation.jsonl
  codebleu-4 = 83.1 	 Previous best codebleu 82.32
  ********************
 Achieve Best bleu:83.1
  ********************

***** Running evaluation *****
  Num examples = 68
  Batch size = 4
  epoch = 2
  eval_ppl = 5.671871896181182e+262
  global_step = 394
  train_loss = 7.8814
  ********************
Previous best ppl:8.043925725173452e+229
BLEU file: ./data/coderefine/3/validation.jsonl
  codebleu-4 = 83.87 	 Previous best codebleu 83.1
  ********************
 Achieve Best bleu:83.87
  ********************

***** Running evaluation *****
  Num examples = 68
  Batch size = 4
  epoch = 3
  eval_ppl = 8.723610642780131e+237
  global_step = 525
  train_loss = 4.8013
  ********************
Previous best ppl:8.043925725173452e+229
BLEU file: ./data/coderefine/3/validation.jsonl
  codebleu-4 = 84.14 	 Previous best codebleu 83.87
  ********************
 Achieve Best bleu:84.14
  ********************

***** Running evaluation *****
  Num examples = 68
  Batch size = 4
  epoch = 4
  eval_ppl = 1.3377280506535097e+238
  global_step = 656
  train_loss = 3.0446
  ********************
Previous best ppl:8.043925725173452e+229
BLEU file: ./data/coderefine/3/validation.jsonl
  codebleu-4 = 84.04 	 Previous best codebleu 84.14
  ********************

***** Running evaluation *****
  Num examples = 68
  Batch size = 4
  epoch = 5
  eval_ppl = 2.5533558019635574e+255
  global_step = 787
  train_loss = 3.0672
  ********************
Previous best ppl:8.043925725173452e+229
BLEU file: ./data/coderefine/3/validation.jsonl
  codebleu-4 = 84.51 	 Previous best codebleu 84.14
  ********************
 Achieve Best bleu:84.51
  ********************

***** Running evaluation *****
  Num examples = 68
  Batch size = 4
  epoch = 6
  eval_ppl = 1.7670303678576502e+245
  global_step = 918
  train_loss = 2.0585
  ********************
Previous best ppl:8.043925725173452e+229
BLEU file: ./data/coderefine/3/validation.jsonl
  codebleu-4 = 83.48 	 Previous best codebleu 84.51
  ********************

***** Running evaluation *****
  Num examples = 68
  Batch size = 4
  epoch = 7
  eval_ppl = 2.409954688800106e+247
  global_step = 1049
  train_loss = 1.0818
  ********************
Previous best ppl:8.043925725173452e+229
BLEU file: ./data/coderefine/3/validation.jsonl
  codebleu-4 = 84.78 	 Previous best codebleu 84.51
  ********************
 Achieve Best bleu:84.78
  ********************

***** Running evaluation *****
  Num examples = 68
  Batch size = 4
  epoch = 8
  eval_ppl = 3.5109740249817584e+247
  global_step = 1180
  train_loss = 0.7096
  ********************
Previous best ppl:8.043925725173452e+229
BLEU file: ./data/coderefine/3/validation.jsonl
  codebleu-4 = 85.34 	 Previous best codebleu 84.78
  ********************
 Achieve Best bleu:85.34
  ********************

***** Running evaluation *****
  Num examples = 68
  Batch size = 4
  epoch = 9
  eval_ppl = 1.0975405284006762e+249
  global_step = 1311
  train_loss = 0.4981
  ********************
Previous best ppl:8.043925725173452e+229
BLEU file: ./data/coderefine/3/validation.jsonl
  codebleu-4 = 85.53 	 Previous best codebleu 85.34
  ********************
 Achieve Best bleu:85.53
  ********************
reload model from result/coderefine/3/random3_codet5p_770m/checkpoint-best-bleu
BLEU file: ./data/coderefine/3/test.jsonl
  codebleu = 87.09 
  Total = 65 
  Exact Fixed = 0 
[]
  Syntax Fixed = 0 
[]
  Cleaned Fixed = 0 
[]
  ********************
  Total = 65 
  Exact Fixed = 0 
[]
  Syntax Fixed = 0 
[]
  Cleaned Fixed = 0 
[]
  codebleu = 87.09 
[0.8897234733154533, 0.9630303652763479, 0.9635936712235131, 0.8695053775921413, 0.9011454387148392, 0.9903835840244344, 0.9425904504260924, 0.7565622907995917, 0.9839466586882948, 0.7853787852753416, 0.8969687381175496, 0.8441159205246105, 0.7511027107539976, 0.9466557278151304, 0.8930766761936788, 0.9409917197330907, 0.9256420472418438, 0.903251591588007, 0.7851173213682643, 0.9492125710440397, 0.7815063814057867, 0.9888412502412365, 0.8581887044504555, 0.9069786266840589, 0.9011983828889045, 0.9329627112015064, 0.8635045857840831, 0.9069552571509669, 0.9003448563397379, 0.8774053004486735, 0.8930320335805944, 0.7897879383252637, 0.7229811155785709, 0.8663358543833306, 0.8630410351629871, 0.7749501662427353, 0.9538529557521067, 0.8389374018746549, 0.8629693959820761, 0.7654333285915558, 0.9135467631052718, 0.9103920794481373, 0.9241970559902719, 0.9878750225946908, 0.8887329713543033, 0.7567944978728814, 0.7922851959864434, 0.7030897255655844, 0.8802129644436834, 0.9515008088922898, 0.684969554637936, 0.7561927282770964, 0.9134155834327866, 0.7685879515332055, 0.883976193615452, 0.8470699380914073, 0.9441114284551342, 0.9864954811310649, 0.9316721987960945, 0.9823198166397258, 0.7663340506773442, 0.9192720327344097, 0.9433054506699723, 0.9037798701343549, 0.5342736257628917]
Finish training and take 30m
