Namespace(log_name='./coderefine/3/soft5_codet5p_220m.log', model_name='Salesforce/codet5p-220m', lang='java', output_dir='coderefine/3/soft5_codet5p_220m', data_dir='./data/coderefine/3', no_cuda=False, visible_gpu='0', num_train_epochs=10, num_test_epochs=1, train_batch_size=6, eval_batch_size=4, gradient_accumulation_steps=1, load_model_path=None, config_name='', tokenizer_name='', max_source_length=512, max_target_length=512, warm_up_ratio=0.1, do_train=True, do_eval=True, do_test=True, freeze=False, learning_rate=5e-05, beam_size=10, weight_decay=0.0, adam_epsilon=1e-08, local_rank=-1, seed=42, early_stop_threshold=3)
Process rank: -1, device: cuda, n_gpu: 1, distributed training: False
Model created!!
[[{'text': 'public java.lang.String toString ( ) { if ( ( VAR_1 ) == null ) { return STRING_1 ; } TYPE_1 VAR_2 = null ; if ( ( ( VAR_3 ) == null ) || ( STRING_1 . equals ( VAR_3 . trim ( ) ) ) ) { VAR_2 = TYPE_1 . METHOD_1 ( VAR_4 ) ; } else { VAR_2 = TYPE_1 . METHOD_1 ( VAR_3 ) ; } return new java.lang.String ( VAR_1 , VAR_2 ) ; }', 'loss_ids': 0, 'shortenable_ids': 1}, {'text': 'is buggy program', 'loss_ids': 0, 'shortenable_ids': 0}, {'text': '<mask>', 'loss_ids': 1, 'shortenable_ids': 0}, {'text': 'is fixed program', 'loss_ids': 0, 'shortenable_ids': 0}], {'guid': 0, 'tgt_text': 'public java.lang.String toString ( ) { if ( ( VAR_1 ) == null ) { return null ; } TYPE_1 VAR_2 = null ; if ( ( ( VAR_3 ) == null ) || ( STRING_1 . equals ( VAR_3 . trim ( ) ) ) ) { VAR_2 = TYPE_1 . METHOD_1 ( VAR_4 ) ; } else { VAR_2 = TYPE_1 . METHOD_1 ( VAR_3 ) ; } return new java.lang.String ( VAR_1 , VAR_2 ) ; }'}]
***** Running training *****
  Num examples = 523
  Batch size = 6
  Num epoch = 10

***** Running evaluation *****
  Num examples = 68
  Batch size = 4
  epoch = 0
  eval_ppl = 2.107252625086226e+249
  global_step = 89
  train_loss = 19.046
  ********************
Previous best ppl:inf
Achieve Best ppl:2.107252625086226e+249
  ********************
BLEU file: ./data/coderefine/3/validation.jsonl
  codebleu-4 = 83.29 	 Previous best codebleu 0
  ********************
 Achieve Best bleu:83.29
  ********************

***** Running evaluation *****
  Num examples = 68
  Batch size = 4
  epoch = 1
  eval_ppl = 2.960833699171098e+260
  global_step = 177
  train_loss = 12.2659
  ********************
Previous best ppl:2.107252625086226e+249
BLEU file: ./data/coderefine/3/validation.jsonl
  codebleu-4 = 83.87 	 Previous best codebleu 83.29
  ********************
 Achieve Best bleu:83.87
  ********************

***** Running evaluation *****
  Num examples = 68
  Batch size = 4
  epoch = 2
  eval_ppl = 5.36768556749125e+232
  global_step = 265
  train_loss = 8.9692
  ********************
Previous best ppl:2.107252625086226e+249
Achieve Best ppl:5.36768556749125e+232
  ********************
BLEU file: ./data/coderefine/3/validation.jsonl
  codebleu-4 = 83.28 	 Previous best codebleu 83.87
  ********************

***** Running evaluation *****
  Num examples = 68
  Batch size = 4
  epoch = 3
  eval_ppl = 5.669453431933436e+241
  global_step = 353
  train_loss = 6.5516
  ********************
Previous best ppl:5.36768556749125e+232
BLEU file: ./data/coderefine/3/validation.jsonl
  codebleu-4 = 84.34 	 Previous best codebleu 83.87
  ********************
 Achieve Best bleu:84.34
  ********************

***** Running evaluation *****
  Num examples = 68
  Batch size = 4
  epoch = 4
  eval_ppl = 1.0010641492311268e+246
  global_step = 441
  train_loss = 4.7842
  ********************
Previous best ppl:5.36768556749125e+232
BLEU file: ./data/coderefine/3/validation.jsonl
  codebleu-4 = 84.06 	 Previous best codebleu 84.34
  ********************

***** Running evaluation *****
  Num examples = 68
  Batch size = 4
  epoch = 5
  eval_ppl = 6.093562983535043e+242
  global_step = 529
  train_loss = 3.5491
  ********************
Previous best ppl:5.36768556749125e+232
BLEU file: ./data/coderefine/3/validation.jsonl
  codebleu-4 = 84.01 	 Previous best codebleu 84.34
  ********************

***** Running evaluation *****
  Num examples = 68
  Batch size = 4
  epoch = 6
  eval_ppl = 2.6346642822383656e+240
  global_step = 617
  train_loss = 2.7585
  ********************
Previous best ppl:5.36768556749125e+232
BLEU file: ./data/coderefine/3/validation.jsonl
  codebleu-4 = 84.68 	 Previous best codebleu 84.34
  ********************
 Achieve Best bleu:84.68
  ********************

***** Running evaluation *****
  Num examples = 68
  Batch size = 4
  epoch = 7
  eval_ppl = 1.4540637583293648e+246
  global_step = 705
  train_loss = 2.0472
  ********************
Previous best ppl:5.36768556749125e+232
BLEU file: ./data/coderefine/3/validation.jsonl
  codebleu-4 = 84.09 	 Previous best codebleu 84.68
  ********************

***** Running evaluation *****
  Num examples = 68
  Batch size = 4
  epoch = 8
  eval_ppl = 5.424332618716646e+247
  global_step = 793
  train_loss = 1.5418
  ********************
Previous best ppl:5.36768556749125e+232
BLEU file: ./data/coderefine/3/validation.jsonl
  codebleu-4 = 84.46 	 Previous best codebleu 84.68
  ********************

***** Running evaluation *****
  Num examples = 68
  Batch size = 4
  epoch = 9
  eval_ppl = 3.3923652776669435e+248
  global_step = 881
  train_loss = 1.2452
  ********************
Previous best ppl:5.36768556749125e+232
BLEU file: ./data/coderefine/3/validation.jsonl
  codebleu-4 = 84.2 	 Previous best codebleu 84.68
  ********************
early stopping!!!
reload model from coderefine/3/soft5_codet5p_220m/checkpoint-best-bleu
BLEU file: ./data/coderefine/3/test.jsonl
  codebleu = 87.34 
  Total = 65 
  Exact Fixed = 0 
[]
  Syntax Fixed = 1 
[43]
  Cleaned Fixed = 0 
[]
  ********************
  Total = 65 
  Exact Fixed = 0 
[]
  Syntax Fixed = 1 
[43]
  Cleaned Fixed = 0 
[]
  codebleu = 87.34 
[0.8897234733154533, 0.9630303652763479, 0.9635936712235131, 0.8695053775921413, 0.9011454387148392, 0.9903835840244344, 0.9425904504260924, 0.7156531998905007, 0.9839466586882948, 0.7853787852753416, 0.8969687381175496, 0.8441159205246105, 0.7901005782935314, 0.9466557278151304, 0.8930766761936788, 0.9409917197330907, 0.9256420472418438, 0.903251591588007, 0.7644276661958505, 0.864213386178858, 0.8134017293570641, 0.9888412502412365, 0.8788115139945749, 0.9069786266840589, 0.9011983828889045, 0.9329627112015064, 0.8635045857840831, 0.9069552571509669, 0.9003448563397379, 0.9312622441935581, 0.8930320335805944, 0.8155904749901066, 0.7229811155785709, 0.9156656808510373, 0.8436861964533098, 0.763656054024173, 0.9836838178227247, 0.8292599825198161, 0.8629693959820761, 0.7654333285915558, 0.9135467631052718, 0.9103920794481373, 0.9839755926836267, 0.9878750225946908, 0.8862852672272243, 0.7603022994685815, 0.7922851959864434, 0.8834808527576432, 0.8220097091629928, 0.9515008088922898, 0.684969554637936, 0.7561927282770964, 0.9134155834327866, 0.7685879515332055, 0.883976193615452, 0.8245422243874507, 0.8713529895842388, 0.9864954811310649, 0.9316721987960945, 0.9823198166397258, 0.7663340506773442, 0.9192720327344097, 0.9370554506699724, 0.8798931665046563, 0.5778624281512992]
Finish training and take 16m
