Namespace(log_name='./RQ5/tfix_500_2/codet5p_220m_f.log', model_name='Salesforce/codet5p-220m', lang='javascript', output_dir='RQ5/tfix_500_2/codet5p_220m_f', data_dir='./data/RQ5/tfix_500_2', no_cuda=False, visible_gpu='0', add_task_prefix=False, add_lang_ids=False, num_train_epochs=10, num_test_epochs=10, train_batch_size=8, eval_batch_size=4, gradient_accumulation_steps=2, load_model_path=None, config_name='', tokenizer_name='', max_source_length=512, max_target_length=512, warm_up_ratio=0.1, do_train=True, do_eval=True, do_test=True, do_lower_case=False, learning_rate=5e-05, beam_size=10, weight_decay=0.0, adam_epsilon=1e-08, max_grad_norm=1.0, max_steps=-1, eval_steps=-1, train_steps=-1, local_rank=-1, seed=42, early_stop_threshold=3)
Process rank: -1, device: cuda, n_gpu: 1, distributed training: False, model_name: Salesforce/codet5p-220m
model created!
Total 500 training instances 
***** Running training *****
  Num examples = 500
  Batch size = 8
  Num epoch = 10

***** Running evaluation *****
  Num examples = 100
  Batch size = 4
  epoch = 0
  eval_ppl = 1.00408
  global_step = 63
  train_loss = 0.8579
  ********************
Previous best ppl:inf
Achieve Best ppl:1.00408
  ********************
BLEU file: ./data/RQ5/tfix_500_2/validation.jsonl
  codebleu-4 = 60.55 	 Previous best codebleu 0
  ********************
 Achieve Best bleu:60.55
  ********************

***** Running evaluation *****
  Num examples = 100
  Batch size = 4
  epoch = 1
  eval_ppl = 1.00364
  global_step = 125
  train_loss = 0.3904
  ********************
Previous best ppl:1.00408
Achieve Best ppl:1.00364
  ********************
BLEU file: ./data/RQ5/tfix_500_2/validation.jsonl
  codebleu-4 = 62.9 	 Previous best codebleu 60.55
  ********************
 Achieve Best bleu:62.9
  ********************

***** Running evaluation *****
  Num examples = 100
  Batch size = 4
  epoch = 2
  eval_ppl = 1.00373
  global_step = 187
  train_loss = 0.2454
  ********************
Previous best ppl:1.00364
BLEU file: ./data/RQ5/tfix_500_2/validation.jsonl
  codebleu-4 = 62.32 	 Previous best codebleu 62.9
  ********************

***** Running evaluation *****
  Num examples = 100
  Batch size = 4
  epoch = 3
  eval_ppl = 1.00378
  global_step = 249
  train_loss = 0.166
  ********************
Previous best ppl:1.00364
BLEU file: ./data/RQ5/tfix_500_2/validation.jsonl
  codebleu-4 = 64.23 	 Previous best codebleu 62.9
  ********************
 Achieve Best bleu:64.23
  ********************

***** Running evaluation *****
  Num examples = 100
  Batch size = 4
  epoch = 4
  eval_ppl = 1.00397
  global_step = 311
  train_loss = 0.1171
  ********************
Previous best ppl:1.00364
BLEU file: ./data/RQ5/tfix_500_2/validation.jsonl
  codebleu-4 = 62.78 	 Previous best codebleu 64.23
  ********************

***** Running evaluation *****
  Num examples = 100
  Batch size = 4
  epoch = 5
  eval_ppl = 1.00404
  global_step = 373
  train_loss = 0.0726
  ********************
Previous best ppl:1.00364
BLEU file: ./data/RQ5/tfix_500_2/validation.jsonl
  codebleu-4 = 65.26 	 Previous best codebleu 64.23
  ********************
 Achieve Best bleu:65.26
  ********************

***** Running evaluation *****
  Num examples = 100
  Batch size = 4
  epoch = 6
  eval_ppl = 1.00437
  global_step = 435
  train_loss = 0.0621
  ********************
Previous best ppl:1.00364
BLEU file: ./data/RQ5/tfix_500_2/validation.jsonl
  codebleu-4 = 63.23 	 Previous best codebleu 65.26
  ********************

***** Running evaluation *****
  Num examples = 100
  Batch size = 4
  epoch = 7
  eval_ppl = 1.00444
  global_step = 497
  train_loss = 0.0455
  ********************
Previous best ppl:1.00364
BLEU file: ./data/RQ5/tfix_500_2/validation.jsonl
  codebleu-4 = 65.01 	 Previous best codebleu 65.26
  ********************

***** Running evaluation *****
  Num examples = 100
  Batch size = 4
  epoch = 8
  eval_ppl = 1.00449
  global_step = 559
  train_loss = 0.0385
  ********************
Previous best ppl:1.00364
BLEU file: ./data/RQ5/tfix_500_2/validation.jsonl
  codebleu-4 = 64.55 	 Previous best codebleu 65.26
  ********************
reload model from RQ5/tfix_500_2/codet5p_220m_f/checkpoint-best-bleu
BLEU file: ./data/RQ5/tfix_500_2/test.jsonl
  codebleu = 62.0 
  Total = 500 
  Exact Fixed = 75 
[11, 17, 24, 34, 40, 45, 46, 51, 59, 100, 109, 118, 120, 122, 131, 132, 153, 154, 160, 167, 172, 176, 179, 191, 201, 202, 208, 209, 212, 215, 226, 232, 236, 238, 252, 254, 258, 259, 264, 268, 275, 289, 290, 296, 303, 305, 323, 327, 328, 330, 333, 336, 339, 344, 347, 350, 360, 361, 367, 368, 372, 374, 393, 402, 409, 415, 417, 435, 438, 439, 457, 460, 480, 481, 497]
  Syntax Fixed = 7 
[58, 196, 341, 351, 385, 472, 500]
  Cleaned Fixed = 8 
[3, 35, 54, 186, 198, 237, 469, 475]
  ********************
  Total = 500 
  Exact Fixed = 75 
[11, 17, 24, 34, 40, 45, 46, 51, 59, 100, 109, 118, 120, 122, 131, 132, 153, 154, 160, 167, 172, 176, 179, 191, 201, 202, 208, 209, 212, 215, 226, 232, 236, 238, 252, 254, 258, 259, 264, 268, 275, 289, 290, 296, 303, 305, 323, 327, 328, 330, 333, 336, 339, 344, 347, 350, 360, 361, 367, 368, 372, 374, 393, 402, 409, 415, 417, 435, 438, 439, 457, 460, 480, 481, 497]
  Syntax Fixed = 7 
[58, 196, 341, 351, 385, 472, 500]
  Cleaned Fixed = 8 
[3, 35, 54, 186, 198, 237, 469, 475]
  codebleu = 62.0 
[0.5670445241047504, 0.6932410335616551, 0.6816015466501335, 0.31331096368700495, 0.6058511595444083, 0.4351514810580297, 0.0, 0.5483719692837501, 0.4930978393785904, 0.12, 1.0, 0.5638063820069366, 0.1761086396373927, 0.7569706667451968, 0.6179484048244397, 0.811117687292167, 1.0, 0.7099766481408452, 0.5149193791727077, 0.6974942116108808, 0.7145082485446812, 0.39323313167877133, 0.24915625771353556, 1.0, 0.6170182644937875, 0.006758238160278511, 0.9438645504684042, 0.4868446707078401, 0.40956559394603126, 0.3982780528121261, 0.7059323615142865, 0.0, 0.4507183101653729, 1.0, 0.8790355083665293, 0.42078646257801267, 0.0, 0.10556510016615601, 0.7155056700329363, 1.0, 0.5511412946838178, 0.35997270548760957, 0.10202520055807765, 0.6202064481033123, 1.0, 0.8114529051148651, 0.6570057594483909, 0.274670867776058, 0.8208732553989724, 0.5900038817627358, 1.0, 0.3315901485313664, 0.6558003592103332, 0.9198338539201028, 0.11550902229744162, 0.5194637253863024, 0.3070782538395746, 0.9325400085710811, 1.0, 0.6232902973738775, 0.9315380507550484, 0.714297617187952, 0.5348435312891645, 0.46839895677092, 0.6102992513800899, 0.6197233100748608, 0.6877745357134093, 0.4706502402815602, 0.41310543558529644, 0.28269688894370654, 0.934857916341244, 0.714297617187952, 0.8508222909971193, 0.5171154997151026, 0.702664818575847, 0.29035107882031763, 0.15, 0.8965241752682729, 0.43317161913164237, 0.41969276730357064, 0.591516286342532, 0.3734424024864518, 0.8761578331254429, 0.6392845202249919, 0.48294878723824236, 0.5451417837590342, 0.48115588878443294, 0.7750602332103611, 0.8053935031810717, 0.10789049912002, 0.7334452289722301, 0.7402739997668998, 0.44517512468103604, 0.45579909520741635, 0.2725378786154891, 0.7470738524243741, 0.47110063116695666, 0.9581095565874824, 0.7962637890346522, 1.0, 0.6989456359513437, 0.9015688472130516, 0.7226704319993449, 0.6445931574752105, 0.7744515423179406, 0.0, 0.4593867118293433, 0.8399114554115357, 1.0, 0.05270446328111167, 0.2878852119582799, 0.5876935279546878, 0.39272004516267667, 0.6553082743436025, 0.179339380368078, 0.8795723049113977, 0.6903510788203177, 1.0, 0.5062256579523542, 1.0, 0.7302547136373172, 1.0, 0.763761398744189, 0.3773869844754326, 0.2176694832919011, 0.5875037916711899, 0.2011770485941022, 0.5600382105380115, 0.5246680028432865, 0.4976113387647193, 1.0, 1.0, 0.12869111792447885, 0.39089314466834374, 0.6667528334695118, 0.37609524546858186, 0.553492655520654, 0.5082007578201354, 0.14876752225153467, 0.4136911179244788, 0.7368551910912801, 0.7245741928928766, 0.601625348216042, 0.47180509653022784, 0.3992286298565113, 0.6387218496729328, 0.3607039998273758, 0.37668959821497894, 0.5862322739141566, 0.26493187938965956, 0.4854183564853334, 0.65351688848084, 0.8114529051148651, 1.0, 0.40825339177238446, 0.7810169160146574, 0.7440296792997194, 0.5869940359456796, 0.19999999999999998, 1.0, 0.39347209291868157, 0.24937087108923361, 0.7504004004704901, 0.7954279937030855, 0.4549898009498242, 0.6038653593066965, 1.0, 0.49215257204284135, 0.316689598214979, 0.4530068207938777, 0.4551179673016059, 0.7135428903906851, 0.4406441546153521, 0.9500330416345475, 0.4065032326897709, 0.8249365300761395, 0.41996134394226886, 0.5745997086539989, 1.0, 0.11453360085481801, 0.10281683324801448, 0.6780323751412478, 0.5164927712445991, 0.6046379048692274, 0.7365936445375989, 0.8731931556322046, 0.6884739093341494, 0.5203577845911456, 0.19535576197454044, 0.7725146668513112, 1.0, 0.8724178638423756, 0.3992286298565113, 0.6875370381654706, 0.43648868589003154, 0.9264999290232192, 0.007044218708112843, 0.8837480609952844, 0.7955692089739603, 0.5621787547146431, 1.0, 1.0, 0.40485075092622447, 0.7825255142177938, 0.41208749160752645, 0.6271806220068676, 0.4139240818757265, 1.0, 0.8114529051148651, 0.5364341998573671, 0.6301401813493988, 1.0, 0.30462621654037875, 0.6192538700356924, 1.0, 0.174436274930823, 0.6129938455930134, 0.44619887519287305, 0.9320894171538912, 0.7755969629986152, 0.4580200993563527, 0.6552622309992373, 0.731117687292167, 0.15997084006767517, 0.691318859382493, 1.0, 0.8034443090225696, 0.8085517298415434, 0.9414428605659417, 0.10987101675515037, 0.6307456993182354, 1.0, 0.0, 0.5314065798531268, 0.5858617258832215, 1.0, 0.7118450462868338, 1.0, 0.2475891977778692, 0.6524721727847363, 0.7471765364160405, 0.4268169073526533, 0.7830534579688367, 0.7263487966630597, 0.9056583090096291, 0.6127572978503959, 0.3544440011696263, 0.7225371723695806, 0.6040903658453436, 0.6350178817306947, 0.38674741724324424, 1.0, 0.6088783494196637, 1.0, 0.19999999999999998, 0.7430779662080889, 0.2772943579237247, 1.0, 1.0, 0.7299948711471688, 0.5017814354051087, 0.39450059105565455, 0.7473011293492238, 1.0, 0.22668959821497897, 0.6624678525854575, 0.33372428676905674, 0.8249365300761395, 0.7209679853738471, 0.5078514335359701, 0.6848698374809952, 0.6484430933916853, 0.6844125934903402, 0.43829433999099154, 0.7135428903906851, 0.6463729364766281, 0.3599867812326072, 0.6174969094123448, 0.7142845202249919, 0.5551668790236555, 0.5600468038501167, 0.4785438531809256, 0.46604306419874064, 0.6877459225855624, 0.8470997505392659, 0.0, 0.5966289756845221, 0.8849384145327521, 1.0, 1.0, 0.6821296454239947, 0.22719082257468703, 0.6366015466501336, 0.6851384298635612, 0.839170036103642, 0.8249365300761395, 0.7911679345786041, 0.573043959575943, 0.7212489793637704, 0.39676570140312684, 0.8374634481857526, 0.5761697895341449, 1.0, 0.5170015046833875, 1.0, 0.5885667747214658, 0.9238877689380496, 0.8356658099532572, 0.769581697257735, 0.8119808925419361, 0.3220998891127413, 0.1344057918034266, 0.22368441215365098, 0.6682556320550647, 0.5680054404199835, 0.6276136760976885, 0.714297617187952, 0.3502184077768308, 0.366646776848975, 0.06666666666666667, 0.8378414230005442, 0.5174693084765555, 1.0, 0.6240048954556174, 0.8034645362012123, 0.9617868617067262, 1.0, 1.0, 0.4372429839446083, 1.0, 0.7359735741809917, 0.5899406213929941, 1.0, 0.7897721788095522, 0.656468030647374, 1.0, 0.3669033918159327, 0.8686125145982003, 1.0, 0.7591116846422887, 0.9547081880846386, 0.5347191241991722, 0.3381394976554918, 1.0, 0.6287796716807859, 0.44507381648898203, 1.0, 0.5038833860066276, 0.6319683101653729, 1.0, 0.9530008025801151, 0.9176675865658077, 0.4147896756607047, 0.5952887122558812, 0.0, 0.4890714508161259, 0.4607209252762136, 0.6745228788727515, 0.5964858645175034, 1.0, 1.0, 0.6245836923955046, 0.6980083797903092, 0.4614470406899055, 0.5027054768195429, 0.4972082628504263, 1.0, 1.0, 0.2696847134058581, 0.8378414230005442, 0.444006594916457, 1.0, 0.32898762131831805, 1.0, 0.7700435930643703, 0.5745059758349538, 0.3019331544546501, 0.4129740706026147, 0.3053372331674803, 0.7905056700329363, 0.4621787547146431, 0.6398103351245982, 0.586811894469165, 0.7916479842275448, 0.8401436927484391, 0.5627243873293499, 0.8233303578084277, 0.7530301180787049, 0.8619254788161215, 0.21035107882031767, 0.5654473178899494, 0.7756211334750283, 1.0, 0.17731538118686083, 0.4592493207167594, 0.7210821183929019, 0.7230706259860853, 0.12296711450648444, 0.5019774510104837, 0.35712357769139746, 0.5566984938224081, 1.0, 0.8974634481857526, 0.2160900738057458, 0.39969884422068214, 0.6567867859128023, 0.6463200745567825, 0.8600057888291379, 1.0, 0.0857142857142857, 0.0, 0.8701798515467687, 0.8655056700329364, 0.8, 1.0, 0.09713682208624577, 0.9891483218006352, 0.538645918070455, 0.038139497655491794, 0.15529892970465703, 0.2815400648057302, 0.4778533416343903, 0.7054819616225767, 0.5383089748131177, 0.5621609692548745, 0.5282467529717347, 0.6786580151554076, 0.5092272948800609, 0.06808859345352361, 0.6183689771600134, 0.7050745172692823, 0.21151332797896238, 0.685303136808272, 0.7288312733021203, 1.0, 0.6829777303051304, 0.7511655122445988, 1.0, 1.0, 0.08928571428571427, 0.40739727760582384, 0.5036911179244787, 0.7260484492137269, 0.8845572237610086, 0.8292906179772745, 0.636068568378893, 0.6883329804487951, 0.7024927637399985, 0.19404871089985237, 0.6046886482005214, 0.4649008676453644, 0.6124247015824554, 0.8917028689549173, 0.33594700943102185, 0.8648103351245982, 0.0828714707479615, 1.0, 0.8326781496971694, 0.7228757450981895, 1.0, 0.6099380655621088, 0.7780387576883845, 0.5901857846721861, 0.4714698407062744, 0.8677459225855626, 0.6745410470195684, 0.4432027101248005, 0.859664396260277, 0.6807990952074163, 0.6809070226208283, 0.7316423857228858, 0.8418324230578036, 0.9541786885442647, 0.7710658705890923, 0.8969369858475811, 0.3, 0.7679855428506688, 0.6893720612567699, 0.8038961967467184, 1.0, 0.8249365300761395, 0.8622646994947969, 0.8115900311996962, 0.0817743687432679, 0.6785036503543816, 0.6232477094817093, 0.6901940524102714, 0.5089439475762831, 0.23868348617790436, 0.5282087277319494, 0.7135160729534664, 0.4695633649758072, 0.6986613814884177, 0.5583037250101959, 0.5674033738135131, 0.6385629301801026, 1.0, 0.7533655306263078, 0.387966609042281, 0.8193212151712597]
Finish training and take 17m
