Namespace(log_name='./RQ5/tfix_500_2/codet5p_770m.log', model_name='Salesforce/codet5p-770m', lang='javascript', output_dir='RQ5/tfix_500_2/codet5p_770m', data_dir='./data/RQ5/tfix_500_2', choice=0, no_cuda=False, visible_gpu='0', num_train_epochs=10, num_test_epochs=1, train_batch_size=4, eval_batch_size=4, gradient_accumulation_steps=1, load_model_path=None, config_name='', tokenizer_name='', max_source_length=512, max_target_length=512, warm_up_ratio=0.1, do_train=True, do_eval=True, do_test=True, freeze=False, learning_rate=5e-05, beam_size=10, weight_decay=0.0, adam_epsilon=1e-08, local_rank=-1, seed=42, early_stop_threshold=2)
Process rank: -1, device: cuda, n_gpu: 1, distributed training: False
Model created!!
[[{'text': 'for (const name in this.props.renderers) {       const item = this.props.renderers[name],', 'loss_ids': 0, 'shortenable_ids': 1}, {'text': '<mask>', 'loss_ids': 1, 'shortenable_ids': 0}, {'text': 'is the fixed version', 'loss_ids': 0, 'shortenable_ids': 0}], {'guid': 0, 'tgt_text': 'Object.keys(this.props.renderers).forEach(name => {       const item = this.props.renderers[name],'}]
***** Running training *****
  Num examples = 500
  Batch size = 4
  Num epoch = 10

***** Running evaluation *****
  Num examples = 100
  Batch size = 4
  epoch = 0
  eval_ppl = inf
  global_step = 126
  train_loss = 17.0619
  ********************
Previous best ppl:inf
Achieve Best ppl:inf
  ********************
BLEU file: ./data/RQ5/tfix_500_2/validation.jsonl
  codebleu-4 = 61.01 	 Previous best codebleu 0
  ********************
 Achieve Best bleu:61.01
  ********************

***** Running evaluation *****
  Num examples = 100
  Batch size = 4
  epoch = 1
  eval_ppl = 2.998425263770768e+296
  global_step = 251
  train_loss = 7.6477
  ********************
Previous best ppl:inf
Achieve Best ppl:2.998425263770768e+296
  ********************
BLEU file: ./data/RQ5/tfix_500_2/validation.jsonl
  codebleu-4 = 64.18 	 Previous best codebleu 61.01
  ********************
 Achieve Best bleu:64.18
  ********************

***** Running evaluation *****
  Num examples = 100
  Batch size = 4
  epoch = 2
  eval_ppl = inf
  global_step = 376
  train_loss = 3.6342
  ********************
Previous best ppl:2.998425263770768e+296
BLEU file: ./data/RQ5/tfix_500_2/validation.jsonl
  codebleu-4 = 62.16 	 Previous best codebleu 64.18
  ********************

***** Running evaluation *****
  Num examples = 100
  Batch size = 4
  epoch = 3
  eval_ppl = inf
  global_step = 501
  train_loss = 1.8543
  ********************
Previous best ppl:2.998425263770768e+296
BLEU file: ./data/RQ5/tfix_500_2/validation.jsonl
  codebleu-4 = 64.83 	 Previous best codebleu 64.18
  ********************
 Achieve Best bleu:64.83
  ********************

***** Running evaluation *****
  Num examples = 100
  Batch size = 4
  epoch = 4
  eval_ppl = inf
  global_step = 626
  train_loss = 1.2021
  ********************
Previous best ppl:2.998425263770768e+296
BLEU file: ./data/RQ5/tfix_500_2/validation.jsonl
  codebleu-4 = 65.4 	 Previous best codebleu 64.83
  ********************
 Achieve Best bleu:65.4
  ********************

***** Running evaluation *****
  Num examples = 100
  Batch size = 4
  epoch = 5
  eval_ppl = inf
  global_step = 751
  train_loss = 0.486
  ********************
Previous best ppl:2.998425263770768e+296
BLEU file: ./data/RQ5/tfix_500_2/validation.jsonl
  codebleu-4 = 65.17 	 Previous best codebleu 65.4
  ********************

***** Running evaluation *****
  Num examples = 100
  Batch size = 4
  epoch = 6
  eval_ppl = inf
  global_step = 876
  train_loss = 0.3442
  ********************
Previous best ppl:2.998425263770768e+296
BLEU file: ./data/RQ5/tfix_500_2/validation.jsonl
  codebleu-4 = 67.11 	 Previous best codebleu 65.4
  ********************
 Achieve Best bleu:67.11
  ********************

***** Running evaluation *****
  Num examples = 100
  Batch size = 4
  epoch = 7
  eval_ppl = inf
  global_step = 1001
  train_loss = 0.2504
  ********************
Previous best ppl:2.998425263770768e+296
BLEU file: ./data/RQ5/tfix_500_2/validation.jsonl
  codebleu-4 = 67.06 	 Previous best codebleu 67.11
  ********************

***** Running evaluation *****
  Num examples = 100
  Batch size = 4
  epoch = 8
  eval_ppl = inf
  global_step = 1126
  train_loss = 0.1267
  ********************
Previous best ppl:2.998425263770768e+296
BLEU file: ./data/RQ5/tfix_500_2/validation.jsonl
  codebleu-4 = 65.26 	 Previous best codebleu 67.11
  ********************
early stopping!!!
reload model from RQ5/tfix_500_2/codet5p_770m/checkpoint-best-bleu
BLEU file: ./data/RQ5/tfix_500_2/test.jsonl
  codebleu = 61.68 
  Total = 500 
  Exact Fixed = 87 
[12, 17, 24, 40, 45, 51, 54, 59, 84, 91, 98, 100, 109, 114, 118, 122, 140, 145, 147, 153, 157, 172, 176, 178, 183, 188, 191, 193, 196, 198, 201, 209, 226, 232, 236, 238, 254, 258, 263, 264, 272, 275, 289, 290, 296, 303, 305, 323, 326, 327, 330, 333, 336, 339, 344, 347, 348, 350, 359, 361, 367, 368, 374, 375, 377, 384, 389, 390, 393, 412, 417, 435, 438, 439, 442, 445, 446, 448, 457, 458, 460, 462, 472, 473, 474, 481, 497]
  Syntax Fixed = 5 
[58, 202, 341, 409, 482]
  Cleaned Fixed = 4 
[35, 186, 469, 475]
  ********************
  Total = 500 
  Exact Fixed = 87 
[12, 17, 24, 40, 45, 51, 54, 59, 84, 91, 98, 100, 109, 114, 118, 122, 140, 145, 147, 153, 157, 172, 176, 178, 183, 188, 191, 193, 196, 198, 201, 209, 226, 232, 236, 238, 254, 258, 263, 264, 272, 275, 289, 290, 296, 303, 305, 323, 326, 327, 330, 333, 336, 339, 344, 347, 348, 350, 359, 361, 367, 368, 374, 375, 377, 384, 389, 390, 393, 412, 417, 435, 438, 439, 442, 445, 446, 448, 457, 458, 460, 462, 472, 473, 474, 481, 497]
  Syntax Fixed = 5 
[58, 202, 341, 409, 482]
  Cleaned Fixed = 4 
[35, 186, 469, 475]
  codebleu = 61.68 
[0.5670445241047504, 0.6932410335616551, 0.634667619639433, 0.31331096368700495, 0.5409350387035412, 0.44663834611844877, 0.06, 0.5026317446103661, 0.43011545328563816, 0.12, 0.5368474083243506, 0.9250131914571023, 0.1761086396373927, 0.7569706667451968, 0.6179484048244397, 0.811117687292167, 1.0, 0.7099766481408452, 0.5334550918248933, 0.25129879162633795, 0.7145082485446812, 0.3317256155367455, 0.24915625771353556, 1.0, 0.6170182644937875, 0.008533731833720836, 0.9438645504684042, 0.32184467070784006, 0.40956559394603126, 0.2148731724092876, 0.7059323615142865, 0.0, 0.5654473178899494, 0.9113854927948712, 0.8790355083665293, 0.6369684735536112, 0.0, 0.10556510016615601, 0.7155056700329363, 1.0, 0.5511412946838178, 0.35997270548760957, 0.10202520055807765, 0.6202064481033123, 1.0, 0.3403395101580171, 0.572116493710585, 0.274670867776058, 0.8208732553989724, 0.5900038817627358, 1.0, 0.3390234478298456, 0.6558003592103332, 1.0, 0.14111084163384835, 0.5194637253863024, 0.3070782538395746, 0.9325400085710811, 1.0, 0.5806555300037702, 0.9315380507550484, 0.714297617187952, 0.5348435312891645, 0.46839895677092, 0.7172262089946688, 0.6197233100748608, 0.6877745357134093, 0.4790432550703725, 0.4199748401004021, 0.28269688894370654, 0.9488930040605423, 0.7063659179388997, 0.5426744349179697, 0.5171154997151026, 0.702664818575847, 0.29035107882031763, 0.047476050110537946, 0.8965241752682729, 0.43317161913164237, 0.4229578192624543, 0.591516286342532, 0.3734424024864518, 0.746244476733789, 1.0, 0.48294878723824236, 0.5451417837590342, 0.48115588878443294, 0.9264825893849112, 0.8053935031810717, 0.10789049912002, 1.0, 0.7402739997668998, 0.44517512468103604, 0.45579909520741635, 0.3056299173484432, 0.7470738524243741, 0.8349004181959196, 1.0, 0.7962637890346522, 1.0, 0.6341336854467268, 0.9164266028701744, 0.7226704319993449, 0.6445931574752105, 0.7744515423179406, 0.0, 0.4593867118293433, 0.6683895153674697, 0.9348830123070253, 0.05270446328111167, 0.2878852119582799, 0.5876935279546878, 0.39272004516267667, 0.8114529051148651, 0.41938519072095304, 0.8795723049113977, 0.6903510788203177, 0.8896347633344268, 0.5374713058466929, 0.7017610307492962, 0.7302547136373172, 0.915342532525566, 0.763761398744189, 0.5145298416182899, 0.2176694832919011, 0.6472458977368205, 0.2011770485941022, 0.45924633947190363, 0.5246680028432865, 0.4976113387647193, 0.3510647213249187, 0.5409422918026561, 0.12869111792447885, 0.3703507235649833, 0.6667528334695118, 0.4460952454685818, 0.5777099745360312, 0.5897938953870425, 0.10356766952267597, 0.7135428903906851, 0.6368551910912801, 0.7245741928928766, 0.601625348216042, 0.47180509653022784, 0.8249365300761395, 0.5459435933526045, 1.0, 0.37668959821497894, 0.5862322739141566, 0.22499999999999998, 0.4854183564853334, 0.65351688848084, 0.8114529051148651, 0.8796531437200525, 0.40825339177238446, 0.7042531454411045, 0.8933766349070695, 0.5869940359456796, 0.19999999999999998, 0.6684064493975892, 0.39347209291868157, 0.5274428993282894, 0.7504004004704901, 0.7954279937030855, 0.4549898009498242, 0.6038653593066965, 0.5908527155778469, 0.339320402762534, 0.316689598214979, 0.36310368345187805, 0.4551179673016059, 0.7135428903906851, 0.45449078148809957, 0.853417046003873, 0.4065032326897709, 0.8249365300761395, 0.41996134394226886, 1.0, 0.6278910313966588, 0.11453360085481801, 0.10281683324801448, 0.6304241997444744, 1.0, 0.5281112350462183, 0.7560741640181184, 0.8731931556322046, 0.6884739093341494, 0.7135428903906851, 0.4453557619745404, 0.7725146668513112, 1.0, 0.8724178638423756, 0.8249365300761395, 0.6423307931126154, 0.43648868589003154, 1.0, 0.007044218708112843, 1.0, 0.6441764742916929, 0.0001585785955133655, 1.0, 0.8958282740277042, 0.40485075092622447, 0.7825255142177938, 0.41208749160752645, 0.6271806220068676, 0.4139240818757265, 0.7971354401872718, 0.8114529051148651, 0.6599223799332465, 0.6116850869767493, 0.9365276486140073, 0.14071453490147373, 0.6192538700356924, 0.9548374691056617, 0.12357226111775113, 0.5796605122596801, 0.44619887519287305, 0.9320894171538912, 0.7586059507468779, 0.36651542412587346, 0.6552622309992373, 0.731117687292167, 0.15997084006767517, 0.6324885471323345, 1.0, 0.5811145153819444, 0.8841247388270204, 0.9414428605659417, 0.11558530246943605, 0.48074569931823535, 1.0, 0.06, 0.5846228359724343, 0.6844125934903402, 1.0, 0.5981716191316424, 1.0, 0.3683458566180241, 0.7875054975857689, 0.7471765364160405, 0.4268169073526533, 0.7830534579688367, 0.7263487966630597, 0.8106391824574766, 0.6127572978503959, 0.3544440011696263, 0.7225371723695806, 0.6040903658453436, 0.6350178817306947, 0.5073028085492076, 0.9387628458361674, 0.6088783494196637, 1.0, 0.19999999999999998, 0.7430779662080889, 0.2504033576162784, 0.9104757374009316, 0.9028613863364825, 0.7299948711471688, 0.5017814354051087, 0.5585140118159326, 0.9250131914571023, 1.0, 0.4766895982149789, 0.452278362062152, 0.33372428676905674, 0.4501947080651152, 0.6600192498567916, 0.5078514335359701, 0.5755831472572245, 1.0, 0.6844125934903402, 0.43829433999099154, 0.7135428903906851, 0.6463729364766281, 0.4016534478992738, 0.6174969094123448, 0.7142845202249919, 0.5551668790236555, 0.5600468038501167, 0.4561694688162282, 0.33684583631680876, 0.8342906179772744, 0.8470997505392659, 0.06, 0.5966289756845221, 0.8849384145327521, 1.0, 1.0, 0.5516551101233702, 0.22719082257468703, 0.6366015466501336, 0.6851384298635612, 0.8576471663887342, 0.8249365300761395, 0.7911679345786041, 0.573043959575943, 0.7212489793637704, 0.10758390671207611, 0.8374634481857526, 0.5761697895341449, 1.0, 0.39519273690654255, 0.8928704934314164, 0.5885667747214658, 0.9238877689380496, 0.6942478573162068, 0.7559607945381612, 0.8119808925419361, 0.3220998891127413, 0.1477391251367599, 0.22368441215365098, 0.6682556320550647, 0.5680054404199835, 0.6276136760976885, 0.714297617187952, 0.3502184077768308, 0.3100739372357573, 0.0857142857142857, 0.7769082306429403, 0.5174693084765555, 1.0, 0.6240048954556174, 0.8034645362012123, 1.0, 1.0, 0.25796942878104095, 0.4372429839446083, 1.0, 0.4370447644950176, 0.6273488306532815, 0.8578047138519911, 0.7897721788095522, 0.8078356986646513, 1.0, 0.3669033918159327, 0.6657637800864576, 1.0, 0.7591116846422887, 0.8074255754853112, 0.5933613714573058, 0.3381394976554918, 0.8808208735688969, 0.6287796716807859, 0.5424094289706055, 1.0, 1.0, 0.5193052677964398, 1.0, 0.7587090824228506, 0.9176675865658077, 0.4147896756607047, 0.5298485095727001, 0.0, 0.4890714508161259, 0.39860683842808653, 0.5429192238111642, 0.9891483218006352, 0.6656452663675708, 1.0, 0.6245836923955046, 0.6603944867604312, 0.4614470406899055, 0.5027054768195429, 0.5890093165673701, 1.0, 1.0, 0.8350913490042129, 0.8378414230005442, 0.6311119478495857, 0.7536060548993002, 0.32898762131831805, 1.0, 1.0, 0.5745059758349538, 1.0, 0.44928604604736677, 0.05563020510505975, 0.7905056700329363, 0.4621787547146431, 0.6398103351245982, 0.7767231336445126, 1.0, 0.6543881230306423, 0.5627243873293499, 0.8233303578084277, 0.7530301180787049, 1.0, 0.8114529051148651, 0.5654473178899494, 0.7756211334750283, 1.0, 0.17731538118686083, 0.4592493207167594, 0.7210821183929019, 0.7230706259860853, 0.12296711450648444, 0.5019774510104837, 0.31860139828537487, 0.5566984938224081, 0.7108049881272258, 0.8974634481857526, 0.2160900738057458, 0.39969884422068214, 0.6567867859128023, 0.6354739770278475, 0.8600057888291379, 0.7970182644937875, 0.0857142857142857, 0.0, 0.8249821771978674, 0.8655056700329364, 0.6714771286623475, 0.6029441387154018, 0.13968894088891465, 0.9891483218006352, 0.5554183564853334, 0.05369111792447885, 0.15529892970465703, 0.2815400648057302, 0.4778533416343903, 0.5021287494162977, 0.5383089748131177, 0.5621609692548745, 0.5282467529717347, 0.6786580151554076, 0.6582924787290233, 0.08859831482844749, 0.5938591732384446, 0.5646170798740607, 0.21151332797896238, 0.685303136808272, 0.6612315527854231, 1.0, 0.6829777303051304, 0.7511655122445988, 1.0, 1.0, 0.08928571428571427, 0.40739727760582384, 0.7135428903906851, 0.7260484492137269, 0.8845572237610086, 1.0, 0.6398527106789474, 0.6883329804487951, 1.0, 0.19404871089985237, 0.5518505299283467, 0.6592906179772744, 0.8379283989138028, 0.8917028689549173, 0.33594700943102185, 0.8648103351245982, 0.08484732042396881, 1.0, 1.0, 0.6559948723573312, 1.0, 0.6099380655621088, 1.0, 0.5901857846721861, 0.4714698407062744, 0.8677459225855626, 0.6745410470195684, 0.4432027101248005, 0.859664396260277, 0.6807990952074163, 0.6809070226208283, 0.7316423857228858, 1.0, 1.0, 1.0, 0.7503567123312754, 0.3, 0.6812000145029719, 0.7220543125543928, 0.8038961967467184, 0.6517965513447935, 0.8249365300761395, 0.7586172059015853, 0.8115900311996962, 0.08251128145232256, 0.6785036503543816, 0.6654045722268074, 0.6901940524102714, 0.46699403594567956, 0.23868348617790436, 0.5282087277319494, 0.6721193723777923, 0.4695633649758072, 0.6986613814884177, 0.642418735455043, 0.5674033738135131, 0.6385629301801026, 1.0, 0.7533655306263078, 0.36791104518876483, 0.6666057418239761]
Finish training and take 24m
