Namespace(log_name='./xcodeeval/2/hard2_codet5p_220m.log', model_name='Salesforce/codet5p-220m', lang='c', output_dir='xcodeeval/2/hard2_codet5p_220m', data_dir='./data/xcodeeval/2', no_cuda=False, visible_gpu='0', num_train_epochs=10, num_test_epochs=1, train_batch_size=6, eval_batch_size=4, gradient_accumulation_steps=1, load_model_path=None, config_name='', tokenizer_name='', max_source_length=512, max_target_length=512, warm_up_ratio=0.1, do_train=True, do_eval=True, do_test=True, freeze=False, learning_rate=5e-05, beam_size=10, weight_decay=0.0, adam_epsilon=1e-08, local_rank=-1, seed=42, early_stop_threshold=2)
Process rank: -1, device: cuda, n_gpu: 1, distributed training: False
Model created!!
[[{'text': 'Fix the bug in', 'loss_ids': 0, 'shortenable_ids': 0}, {'text': ' #include<stdio.h> long long a[100003],b[100003],x[100003]; int main() {     long long n,m,i,total=0,j;     scanf("%lld",&n);     a[0]=0;     b[0]=0;     for(i=1;i<=n;i++)     {         scanf("%lld",&a[i]);         total=total+a[i];         b[i]=total;     }     scanf("%lld",&m);     for(j=1;j<=m;j++)     {         scanf("%lld",&x[j]);     }     for(j=1;j<=m;j++)     {         for(i=1;i<=n;i++)         {             if(b[i]>=x[j])             {                 printf("%lld\\n",i);                 break;             }         }     }     return 0;  }', 'loss_ids': 0, 'shortenable_ids': 1}, {'text': '<mask>', 'loss_ids': 1, 'shortenable_ids': 0}], {'guid': 0, 'tgt_text': '#include<stdio.h> long long a[200000],b[200000]; int main() {     long long n,i,m,total=0,x,j,start,end,mid;     scanf("%lld",&n);     for(i=0;i<n;i++)     {         scanf("%lld",&a[i]);         total=total+a[i];         b[i]=total;     }     scanf("%lld",&m);     for(j=1;j<=m;j++)     {         scanf("%lld",&x);         if(x<=b[0])         {             printf("1\\n");         }         else if(x>=b[n-1])         {             printf("%lld\\n",n);         }         else         {             start=0;             end=n-1;             while(start<=end)             {                 mid=(start+end)/2;                 if(b[mid]>=x&&b[mid-1]<x)                 {                     printf("%lld\\n",(mid+1));                     break;                 }                 else if(b[mid]<x)                 {                     start=mid+1;                 }                 else if(b[mid]>=x&&b[mid-1]>=x)                 {                     end=mid-1;                 }             }         }     }     return 0;  }'}]
***** Running training *****
  Num examples = 1082
  Batch size = 6
  Num epoch = 10
Namespace(log_name='./xcodeeval/2/hard2_codet5p_220m.log', model_name='Salesforce/codet5p-220m', lang='c', output_dir='xcodeeval/2/hard2_codet5p_220m', data_dir='./data/xcodeeval/2', no_cuda=False, visible_gpu='0', num_train_epochs=10, num_test_epochs=1, train_batch_size=6, eval_batch_size=4, gradient_accumulation_steps=1, load_model_path=None, config_name='', tokenizer_name='', max_source_length=512, max_target_length=512, warm_up_ratio=0.1, do_train=True, do_eval=True, do_test=True, freeze=False, learning_rate=5e-05, beam_size=10, weight_decay=0.0, adam_epsilon=1e-08, local_rank=-1, seed=42, early_stop_threshold=2)
Process rank: -1, device: cuda, n_gpu: 1, distributed training: False
Model created!!
[[{'text': 'Fix the bug in', 'loss_ids': 0, 'shortenable_ids': 0}, {'text': ' #include<stdio.h> long long a[100003],b[100003],x[100003]; int main() {     long long n,m,i,total=0,j;     scanf("%lld",&n);     a[0]=0;     b[0]=0;     for(i=1;i<=n;i++)     {         scanf("%lld",&a[i]);         total=total+a[i];         b[i]=total;     }     scanf("%lld",&m);     for(j=1;j<=m;j++)     {         scanf("%lld",&x[j]);     }     for(j=1;j<=m;j++)     {         for(i=1;i<=n;i++)         {             if(b[i]>=x[j])             {                 printf("%lld\\n",i);                 break;             }         }     }     return 0;  }', 'loss_ids': 0, 'shortenable_ids': 1}, {'text': '<mask>', 'loss_ids': 1, 'shortenable_ids': 0}], {'guid': 0, 'tgt_text': '#include<stdio.h> long long a[200000],b[200000]; int main() {     long long n,i,m,total=0,x,j,start,end,mid;     scanf("%lld",&n);     for(i=0;i<n;i++)     {         scanf("%lld",&a[i]);         total=total+a[i];         b[i]=total;     }     scanf("%lld",&m);     for(j=1;j<=m;j++)     {         scanf("%lld",&x);         if(x<=b[0])         {             printf("1\\n");         }         else if(x>=b[n-1])         {             printf("%lld\\n",n);         }         else         {             start=0;             end=n-1;             while(start<=end)             {                 mid=(start+end)/2;                 if(b[mid]>=x&&b[mid-1]<x)                 {                     printf("%lld\\n",(mid+1));                     break;                 }                 else if(b[mid]<x)                 {                     start=mid+1;                 }                 else if(b[mid]>=x&&b[mid-1]>=x)                 {                     end=mid-1;                 }             }         }     }     return 0;  }'}]
***** Running training *****
  Num examples = 1082
  Batch size = 6
  Num epoch = 10

***** Running evaluation *****
  Num examples = 136
  Batch size = 4
  epoch = 0
  eval_ppl = inf
  global_step = 182
  train_loss = 78.4519
  ********************
Previous best ppl:inf
Achieve Best ppl:inf
  ********************
BLEU file: ./data/xcodeeval/2/validation.jsonl
  codebleu-4 = 77.3 	 Previous best codebleu 0
  ********************
 Achieve Best bleu:77.3
  ********************

***** Running evaluation *****
  Num examples = 136
  Batch size = 4
  epoch = 1
  eval_ppl = inf
  global_step = 363
  train_loss = 64.6391
  ********************
Previous best ppl:inf
BLEU file: ./data/xcodeeval/2/validation.jsonl
  codebleu-4 = 77.36 	 Previous best codebleu 77.3
  ********************
 Achieve Best bleu:77.36
  ********************

***** Running evaluation *****
  Num examples = 136
  Batch size = 4
  epoch = 2
  eval_ppl = inf
  global_step = 544
  train_loss = 52.3792
  ********************
Previous best ppl:inf
BLEU file: ./data/xcodeeval/2/validation.jsonl
  codebleu-4 = 76.96 	 Previous best codebleu 77.36
  ********************

***** Running evaluation *****
  Num examples = 136
  Batch size = 4
  epoch = 3
  eval_ppl = inf
  global_step = 725
  train_loss = 43.6916
  ********************
Previous best ppl:inf
BLEU file: ./data/xcodeeval/2/validation.jsonl
  codebleu-4 = 77.37 	 Previous best codebleu 77.36
  ********************
 Achieve Best bleu:77.37
  ********************

***** Running evaluation *****
  Num examples = 136
  Batch size = 4
  epoch = 4
  eval_ppl = inf
  global_step = 906
  train_loss = 36.9288
  ********************
Previous best ppl:inf
BLEU file: ./data/xcodeeval/2/validation.jsonl
  codebleu-4 = 77.16 	 Previous best codebleu 77.37
  ********************

***** Running evaluation *****
  Num examples = 136
  Batch size = 4
  epoch = 5
  eval_ppl = inf
  global_step = 1087
  train_loss = 31.1727
  ********************
Previous best ppl:inf
BLEU file: ./data/xcodeeval/2/validation.jsonl
  codebleu-4 = 77.46 	 Previous best codebleu 77.37
  ********************
 Achieve Best bleu:77.46
  ********************

***** Running evaluation *****
  Num examples = 136
  Batch size = 4
  epoch = 6
  eval_ppl = inf
  global_step = 1268
  train_loss = 26.3141
  ********************
Previous best ppl:inf
BLEU file: ./data/xcodeeval/2/validation.jsonl
  codebleu-4 = 77.4 	 Previous best codebleu 77.46
  ********************

***** Running evaluation *****
  Num examples = 136
  Batch size = 4
  epoch = 7
  eval_ppl = inf
  global_step = 1449
  train_loss = 22.4624
  ********************
Previous best ppl:inf
BLEU file: ./data/xcodeeval/2/validation.jsonl
  codebleu-4 = 77.51 	 Previous best codebleu 77.46
  ********************
 Achieve Best bleu:77.51
  ********************

***** Running evaluation *****
  Num examples = 136
  Batch size = 4
  epoch = 8
  eval_ppl = inf
  global_step = 1630
  train_loss = 19.652
  ********************
Previous best ppl:inf
BLEU file: ./data/xcodeeval/2/validation.jsonl
  codebleu-4 = 77.43 	 Previous best codebleu 77.51
  ********************

***** Running evaluation *****
  Num examples = 136
  Batch size = 4
  epoch = 9
  eval_ppl = inf
  global_step = 1811
  train_loss = 17.6666
  ********************
Previous best ppl:inf
BLEU file: ./data/xcodeeval/2/validation.jsonl
  codebleu-4 = 77.67 	 Previous best codebleu 77.51
  ********************
 Achieve Best bleu:77.67
  ********************
reload model from xcodeeval/2/hard2_codet5p_220m/checkpoint-best-bleu
BLEU file: ./data/xcodeeval/2/test.jsonl
  codebleu = 73.94 
  Total = 135 
  Exact Fixed = 7 
[27, 73, 88, 107, 117, 120, 133]
  Syntax Fixed = 0 
[]
  Cleaned Fixed = 1 
[100]
  ********************
  Total = 135 
  Exact Fixed = 7 
[27, 73, 88, 107, 117, 120, 133]
  Syntax Fixed = 0 
[]
  Cleaned Fixed = 1 
[100]
  codebleu = 73.94 
[0.39828962242224647, 0.5023065794143076, 0.9435265486810231, 0.8452824295223402, 0.6140107726309088, 0.9852691294317872, 0.9895907412940455, 0.7530784364090384, 0.9701508885525887, 0.7141494776867402, 0.2559598986754519, 0.5844229263024725, 0.904590355528839, 0.3325195752446274, 0.03638680962604285, 0.9690929327610214, 0.5566079466715802, 0.7482112321606759, 0.8840280108223306, 0.3503170107454441, 0.5123718159484094, 0.8861971446522757, 0.9780384047260811, 0.9617720754477719, 0.8424031755937416, 0.6201159722273546, 1.0, 0.947466474526101, 0.9054724259842899, 0.29476857896785025, 0.3878737250839708, 0.8605247897664112, 0.978658507917701, 0.9510814452964713, 0.6004280366320209, 0.5700473884960081, 0.4751914752010816, 0.9483958118402918, 0.19749678443984334, 0.596030258895899, 0.7219090712625591, 0.7715139490936476, 0.9251568164016057, 0.6406272585514035, 0.9659416709906494, 0.9144169886968883, 0.9687829854371817, 0.940387748772268, 0.9840793393103271, 0.9747938432670278, 0.3047297501212361, 0.7162143583702325, 0.4657133305757337, 0.6110771271874474, 0.897868274842214, 0.9402139343391618, 0.8862841277509927, 0.9512940375189334, 0.4953415641367399, 0.7800574440621352, 0.7507584829026313, 0.9582778026878329, 0.8440647703598234, 0.556376903304558, 0.33070238333956836, 0.8886223888442533, 0.6691335802853828, 0.7510867123236671, 0.9768438379914091, 0.9622793098301157, 0.9409244155109817, 0.8196951483104229, 0.9715441710080255, 0.6423888919043657, 0.31127672607031454, 0.7852033214625844, 0.7496420585309386, 0.978606091610698, 0.9262642913741741, 0.9609336279140019, 0.31976874551780043, 0.30666666666666664, 0.7269618142997433, 0.7157249744648765, 0.45018476558326015, 0.6178500780511474, 0.35565802228866766, 0.9872114221460186, 0.9343166704551076, 0.709805001952248, 0.6979780721244926, 0.9637360645128197, 0.8688277339527386, 0.9788259925881726, 0.8249919755332582, 0.6406163692168079, 0.9652541117011371, 0.8069755829126246, 0.7067236361805709, 0.9178250269397255, 0.4466796632469585, 0.5599929199988638, 0.4920880344612968, 0.28574466030417256, 0.98905613398207, 0.6951644390669244, 1.0, 0.4233020686260425, 0.9345121855559886, 0.4559058992495705, 0.7369736876450416, 0.7472051837618991, 0.8789900106153626, 0.912198238083447, 0.9143685812083902, 0.9362813438627395, 1.0, 0.4335448943198981, 0.9615049129245392, 1.0, 0.3596831366137133, 0.9498733743967636, 0.8580298417070347, 0.8171220069513339, 0.6050860325789538, 0.5198981887723885, 0.9645896373785567, 0.5409318847097585, 0.2621892956480607, 0.7390132416145816, 0.7680752406649723, 0.9056265825509175, 1.0, 0.9750949338196533, 0.7685193415839502]
Finish training and take 28m
Namespace(log_name='./xcodeeval/2/hard2_codet5p_220m.log', model_name='Salesforce/codet5p-220m', lang='c', output_dir='xcodeeval/2/hard2_codet5p_220m', data_dir='./data/xcodeeval/2', no_cuda=False, visible_gpu='0', num_train_epochs=10, num_test_epochs=1, train_batch_size=6, eval_batch_size=4, gradient_accumulation_steps=1, load_model_path=None, config_name='', tokenizer_name='', max_source_length=1024, max_target_length=1024, warm_up_ratio=0.1, do_train=True, do_eval=True, do_test=True, freeze=False, learning_rate=5e-05, beam_size=10, weight_decay=0.0, adam_epsilon=1e-08, local_rank=-1, seed=42, early_stop_threshold=3)
Process rank: -1, device: cuda, n_gpu: 1, distributed training: False
Model created!!
[[{'text': 'Fix the bug in', 'loss_ids': 0, 'shortenable_ids': 0}, {'text': ' #include<stdio.h> long long a[100003],b[100003],x[100003]; int main() {     long long n,m,i,total=0,j;     scanf("%lld",&n);     a[0]=0;     b[0]=0;     for(i=1;i<=n;i++)     {         scanf("%lld",&a[i]);         total=total+a[i];         b[i]=total;     }     scanf("%lld",&m);     for(j=1;j<=m;j++)     {         scanf("%lld",&x[j]);     }     for(j=1;j<=m;j++)     {         for(i=1;i<=n;i++)         {             if(b[i]>=x[j])             {                 printf("%lld\\n",i);                 break;             }         }     }     return 0;  }', 'loss_ids': 0, 'shortenable_ids': 1}, {'text': '<mask>', 'loss_ids': 1, 'shortenable_ids': 0}], {'guid': 0, 'tgt_text': '#include<stdio.h> long long a[200000],b[200000]; int main() {     long long n,i,m,total=0,x,j,start,end,mid;     scanf("%lld",&n);     for(i=0;i<n;i++)     {         scanf("%lld",&a[i]);         total=total+a[i];         b[i]=total;     }     scanf("%lld",&m);     for(j=1;j<=m;j++)     {         scanf("%lld",&x);         if(x<=b[0])         {             printf("1\\n");         }         else if(x>=b[n-1])         {             printf("%lld\\n",n);         }         else         {             start=0;             end=n-1;             while(start<=end)             {                 mid=(start+end)/2;                 if(b[mid]>=x&&b[mid-1]<x)                 {                     printf("%lld\\n",(mid+1));                     break;                 }                 else if(b[mid]<x)                 {                     start=mid+1;                 }                 else if(b[mid]>=x&&b[mid-1]>=x)                 {                     end=mid-1;                 }             }         }     }     return 0;  }'}]
***** Running training *****
  Num examples = 1082
  Batch size = 6
  Num epoch = 10

***** Running evaluation *****
  Num examples = 136
  Batch size = 4
  epoch = 0
  eval_ppl = inf
  global_step = 182
  train_loss = 78.2633
  ********************
Previous best ppl:inf
Achieve Best ppl:inf
  ********************
BLEU file: ./data/xcodeeval/2/validation.jsonl
  codebleu-4 = 77.48 	 Previous best codebleu 0
  ********************
 Achieve Best bleu:77.48
  ********************

***** Running evaluation *****
  Num examples = 136
  Batch size = 4
  epoch = 1
  eval_ppl = inf
  global_step = 363
  train_loss = 64.4742
  ********************
Previous best ppl:inf
BLEU file: ./data/xcodeeval/2/validation.jsonl
  codebleu-4 = 77.57 	 Previous best codebleu 77.48
  ********************
 Achieve Best bleu:77.57
  ********************

***** Running evaluation *****
  Num examples = 136
  Batch size = 4
  epoch = 2
  eval_ppl = inf
  global_step = 544
  train_loss = 54.2937
  ********************
Previous best ppl:inf
BLEU file: ./data/xcodeeval/2/validation.jsonl
  codebleu-4 = 77.05 	 Previous best codebleu 77.57
  ********************

***** Running evaluation *****
  Num examples = 136
  Batch size = 4
  epoch = 3
  eval_ppl = inf
  global_step = 725
  train_loss = 44.8396
  ********************
Previous best ppl:inf
BLEU file: ./data/xcodeeval/2/validation.jsonl
  codebleu-4 = 77.52 	 Previous best codebleu 77.57
  ********************

***** Running evaluation *****
  Num examples = 136
  Batch size = 4
  epoch = 4
  eval_ppl = inf
  global_step = 906
  train_loss = 37.3625
  ********************
Previous best ppl:inf
BLEU file: ./data/xcodeeval/2/validation.jsonl
  codebleu-4 = 77.5 	 Previous best codebleu 77.57
  ********************
early stopping!!!
reload model from xcodeeval/2/hard2_codet5p_220m/checkpoint-best-bleu
BLEU file: ./data/xcodeeval/2/test.jsonl
  codebleu = 74.0 
  Total = 135 
  Exact Fixed = 3 
[88, 107, 120]
  Syntax Fixed = 0 
[]
  Cleaned Fixed = 2 
[73, 100]
  ********************
  Total = 135 
  Exact Fixed = 3 
[88, 107, 120]
  Syntax Fixed = 0 
[]
  Cleaned Fixed = 2 
[73, 100]
  codebleu = 74.0 
[0.39866608837580597, 0.5104146875224156, 0.9435265486810231, 0.8452824295223402, 0.6140107726309088, 0.9852691294317872, 0.9895907412940455, 0.7530784364090384, 0.9701508885525887, 0.7141494776867402, 0.24262656534211852, 0.5844229263024725, 0.904590355528839, 0.3325195752446274, 0.03281115469695418, 0.9690929327610214, 0.5566079466715802, 0.7482112321606759, 0.8840280108223306, 0.3503170107454441, 0.46397021372643144, 0.8861971446522757, 0.9780384047260811, 0.9617720754477719, 0.8418665436438546, 0.6201159722273546, 0.8697040065925576, 0.9352443662364549, 0.9054724259842899, 0.29476857896785025, 0.3878737250839708, 0.8605247897664112, 0.978658507917701, 0.9510814452964713, 0.6004280366320209, 0.5700473884960081, 0.48579771857604787, 0.9483958118402918, 0.5436225904261595, 0.596030258895899, 0.7219090712625591, 0.8207174296242723, 0.9050360485347262, 0.6406272585514035, 0.9858497221446536, 0.9144169886968883, 0.9687829854371817, 0.940387748772268, 0.9840793393103271, 0.9747938432670278, 0.3047297501212361, 0.7162143583702325, 0.4657133305757337, 0.6110771271874474, 0.897868274842214, 0.9402139343391618, 0.8862841277509927, 0.9512940375189334, 0.4953415641367399, 0.7800574440621352, 0.7507584829026313, 0.9582778026878329, 0.9360674082443785, 0.556376903304558, 0.33070238333956836, 0.8886223888442533, 0.6691335802853828, 0.7531919162811616, 0.9768438379914091, 0.9622793098301157, 0.9409244155109817, 0.8196951483104229, 0.9658444397556507, 0.6423888919043657, 0.3716233183765575, 0.7852033214625844, 0.7496420585309386, 0.978606091610698, 0.9262642913741741, 0.9609336279140019, 0.31976874551780043, 0.30666666666666664, 0.7269618142997433, 0.7157249744648765, 0.45018476558326015, 0.6178500780511474, 0.35565802228866766, 0.9872114221460186, 0.9534993539333827, 0.709805001952248, 0.6979780721244926, 0.9488741262253209, 0.8688277339527386, 0.9788259925881726, 0.8249919755332582, 0.5351282241137302, 0.9652541117011371, 0.8069755829126246, 0.7067236361805709, 0.8872009009045219, 0.4466796632469585, 0.5715313815373253, 0.4920880344612968, 0.28574466030417256, 0.98905613398207, 0.6951644390669244, 1.0, 0.4233020686260425, 0.9345121855559886, 0.4559058992495705, 0.7016795699979828, 0.7472051837618991, 0.8856566772820293, 0.912198238083447, 0.9143685812083902, 0.9362813438627395, 0.9533257646563149, 0.4335448943198981, 0.9615049129245392, 1.0, 0.3596831366137133, 0.9127133794875399, 0.8580298417070347, 0.8171220069513339, 0.6050860325789538, 0.5198981887723885, 0.9645896373785567, 0.5818842126352378, 0.2621892956480607, 0.7390132416145816, 0.7680752406649723, 0.9056265825509175, 0.9612737738433852, 0.9750949338196533, 0.7348529689836785]
Finish training and take 20m
