Namespace(log_name='./result/xcodeeval/2/soft7_codet5p_220m.log', model_name='Salesforce/codet5p-220m', lang='c', output_dir='result/xcodeeval/2/soft7_codet5p_220m', data_dir='./data/xcodeeval/2', no_cuda=False, visible_gpu='0', choice=7, num_train_epochs=10, num_test_epochs=1, train_batch_size=4, eval_batch_size=4, gradient_accumulation_steps=1, load_model_path=None, config_name='', tokenizer_name='', max_source_length=512, max_target_length=512, warm_up_ratio=0.1, do_train=True, do_eval=True, do_test=True, freeze=False, learning_rate=5e-05, beam_size=10, weight_decay=0.0, adam_epsilon=1e-08, local_rank=-1, seed=42, early_stop_threshold=3)
Process rank: -1, device: cuda, n_gpu: 1, distributed training: False
Model created!!
[[{'text': 'Please fix an buggy program', 'loss_ids': 0, 'shortenable_ids': 0}, {'text': ' #include<stdio.h> long long a[100003],b[100003],x[100003]; int main() {     long long n,m,i,total=0,j;     scanf("%lld",&n);     a[0]=0;     b[0]=0;     for(i=1;i<=n;i++)     {         scanf("%lld",&a[i]);         total=total+a[i];         b[i]=total;     }     scanf("%lld",&m);     for(j=1;j<=m;j++)     {         scanf("%lld",&x[j]);     }     for(j=1;j<=m;j++)     {         for(i=1;i<=n;i++)         {             if(b[i]>=x[j])             {                 printf("%lld\\n",i);                 break;             }         }     }     return 0;  }', 'loss_ids': 0, 'shortenable_ids': 1}, {'text': 'error message is', 'loss_ids': 0, 'shortenable_ids': 0}, {'text': ' PASSED', 'loss_ids': 0, 'shortenable_ids': 1}, {'text': '<mask>', 'loss_ids': 1, 'shortenable_ids': 0}, {'text': 'is the fixed version', 'loss_ids': 0, 'shortenable_ids': 0}], {'guid': 0, 'tgt_text': '#include<stdio.h> long long a[200000],b[200000]; int main() {     long long n,i,m,total=0,x,j,start,end,mid;     scanf("%lld",&n);     for(i=0;i<n;i++)     {         scanf("%lld",&a[i]);         total=total+a[i];         b[i]=total;     }     scanf("%lld",&m);     for(j=1;j<=m;j++)     {         scanf("%lld",&x);         if(x<=b[0])         {             printf("1\\n");         }         else if(x>=b[n-1])         {             printf("%lld\\n",n);         }         else         {             start=0;             end=n-1;             while(start<=end)             {                 mid=(start+end)/2;                 if(b[mid]>=x&&b[mid-1]<x)                 {                     printf("%lld\\n",(mid+1));                     break;                 }                 else if(b[mid]<x)                 {                     start=mid+1;                 }                 else if(b[mid]>=x&&b[mid-1]>=x)                 {                     end=mid-1;                 }             }         }     }     return 0;  }'}]
***** Running training *****
  Num examples = 1082
  Batch size = 4
  Num epoch = 10

***** Running evaluation *****
  Num examples = 136
  Batch size = 4
  epoch = 0
  eval_ppl = inf
  global_step = 272
  train_loss = 76.8209
  ********************
Previous best ppl:inf
Achieve Best ppl:inf
  ********************
BLEU file: ./data/xcodeeval/2/validation.jsonl
  codebleu-4 = 77.34 	 Previous best codebleu 0
  ********************
 Achieve Best bleu:77.34
  ********************

***** Running evaluation *****
  Num examples = 136
  Batch size = 4
  epoch = 1
  eval_ppl = inf
  global_step = 543
  train_loss = 64.3222
  ********************
Previous best ppl:inf
BLEU file: ./data/xcodeeval/2/validation.jsonl
  codebleu-4 = 77.35 	 Previous best codebleu 77.34
  ********************
 Achieve Best bleu:77.35
  ********************

***** Running evaluation *****
  Num examples = 136
  Batch size = 4
  epoch = 2
  eval_ppl = inf
  global_step = 814
  train_loss = 53.9012
  ********************
Previous best ppl:inf
BLEU file: ./data/xcodeeval/2/validation.jsonl
  codebleu-4 = 77.43 	 Previous best codebleu 77.35
  ********************
 Achieve Best bleu:77.43
  ********************

***** Running evaluation *****
  Num examples = 136
  Batch size = 4
  epoch = 3
  eval_ppl = inf
  global_step = 1085
  train_loss = 43.0322
  ********************
Previous best ppl:inf
BLEU file: ./data/xcodeeval/2/validation.jsonl
  codebleu-4 = 77.4 	 Previous best codebleu 77.43
  ********************

***** Running evaluation *****
  Num examples = 136
  Batch size = 4
  epoch = 4
  eval_ppl = inf
  global_step = 1356
  train_loss = 34.9385
  ********************
Previous best ppl:inf
BLEU file: ./data/xcodeeval/2/validation.jsonl
  codebleu-4 = 77.25 	 Previous best codebleu 77.43
  ********************

***** Running evaluation *****
  Num examples = 136
  Batch size = 4
  epoch = 5
  eval_ppl = inf
  global_step = 1627
  train_loss = 28.3994
  ********************
Previous best ppl:inf
BLEU file: ./data/xcodeeval/2/validation.jsonl
  codebleu-4 = 77.34 	 Previous best codebleu 77.43
  ********************
early stopping!!!
reload model from result/xcodeeval/2/soft7_codet5p_220m/checkpoint-best-bleu
BLEU file: ./data/xcodeeval/2/test.jsonl
  codebleu = 73.74 
  Total = 135 
  Exact Fixed = 6 
[27, 73, 88, 107, 117, 120]
  Syntax Fixed = 0 
[]
  Cleaned Fixed = 1 
[100]
  ********************
  Total = 135 
  Exact Fixed = 6 
[27, 73, 88, 107, 117, 120]
  Syntax Fixed = 0 
[]
  Cleaned Fixed = 1 
[100]
  codebleu = 73.74 
[0.39866608837580597, 0.5104146875224156, 0.9435265486810231, 0.8045493121487163, 0.6140107726309088, 0.9852691294317872, 0.9895907412940455, 0.7530784364090384, 0.9701508885525887, 0.7141494776867402, 0.2559598986754519, 0.5844229263024725, 0.8389483724499722, 0.3325195752446274, 0.03281115469695418, 0.9690929327610214, 0.5566079466715802, 0.7482112321606759, 0.8840280108223306, 0.3503170107454441, 0.5123718159484094, 0.8861971446522757, 0.9780384047260811, 0.9617720754477719, 0.8232133986147461, 0.6201159722273546, 1.0, 0.947466474526101, 0.9054724259842899, 0.29476857896785025, 0.3878737250839708, 0.8605247897664112, 0.978658507917701, 0.9510814452964713, 0.6004280366320209, 0.6264576449062644, 0.4782027818671871, 0.9483958118402918, 0.5917031206332235, 0.596030258895899, 0.5905792118255222, 0.8207174296242723, 0.9251568164016057, 0.6406272585514035, 0.9622839498489393, 0.9144169886968883, 0.9687829854371817, 0.940387748772268, 0.9840793393103271, 0.9747938432670278, 0.3047297501212361, 0.7162143583702325, 0.4657133305757337, 0.6110771271874474, 0.8363745231603887, 0.9402139343391618, 0.8862841277509927, 0.9512940375189334, 0.4953415641367399, 0.7208464554892691, 0.7507584829026313, 0.9582778026878329, 0.9360674082443785, 0.556376903304558, 0.33070238333956836, 0.7497872722734309, 0.6691335802853828, 0.7510867123236671, 0.9768438379914091, 0.9622793098301157, 0.9409244155109817, 0.8196951483104229, 0.9715441710080255, 0.6423888919043657, 0.259549517616249, 0.7852033214625844, 0.7496420585309386, 0.978606091610698, 0.9262642913741741, 0.9609336279140019, 0.31976874551780043, 0.30666666666666664, 0.7269618142997433, 0.7157249744648765, 0.45018476558326015, 0.6178500780511474, 0.35565802228866766, 0.993565204007768, 0.9343166704551076, 0.709805001952248, 0.6979780721244926, 0.9540236970762739, 0.8688277339527386, 0.9502614665769382, 0.8249919755332582, 0.5461719247723633, 0.9652541117011371, 0.8069755829126246, 0.7067236361805709, 0.8844543839212624, 0.4466796632469585, 0.5599929199988638, 0.4920880344612968, 0.30547882488277267, 0.9757025258159113, 0.6951644390669244, 1.0, 0.3752185524790868, 0.9345121855559886, 0.4559058992495705, 0.7075619229391592, 0.7472051837618991, 0.8856566772820293, 0.912198238083447, 0.9143685812083902, 0.9362813438627395, 1.0, 0.4335448943198981, 0.9615049129245392, 1.0, 0.3596831366137133, 0.9498733743967636, 0.8580298417070347, 0.8045753772943116, 0.6050860325789538, 0.50980793004376, 0.9515461591176871, 0.5818842126352378, 0.2621892956480607, 0.7390132416145816, 0.7680752406649723, 0.9056265825509175, 0.9612737738433852, 0.9750949338196533, 0.7348529689836785]
Finish training and take 26m
