Namespace(log_name='./RQ5/bugsinpy_16_2/codet5p_220m_f.log', model_name='Salesforce/codet5p-220m', lang='python', output_dir='RQ5/bugsinpy_16_2/codet5p_220m_f', data_dir='./data/RQ5/bugsinpy_16_2', no_cuda=False, visible_gpu='0', add_task_prefix=False, add_lang_ids=False, num_train_epochs=10, num_test_epochs=10, train_batch_size=8, eval_batch_size=4, gradient_accumulation_steps=2, load_model_path=None, config_name='', tokenizer_name='', max_source_length=512, max_target_length=512, warm_up_ratio=0.1, do_train=True, do_eval=True, do_test=True, do_lower_case=False, learning_rate=5e-05, beam_size=10, weight_decay=0.0, adam_epsilon=1e-08, max_grad_norm=1.0, max_steps=-1, eval_steps=-1, train_steps=-1, local_rank=-1, seed=42, early_stop_threshold=3)
Process rank: -1, device: cuda, n_gpu: 1, distributed training: False, model_name: Salesforce/codet5p-220m
model created!
Total 16 training instances 
***** Running training *****
  Num examples = 16
  Batch size = 8
  Num epoch = 10

***** Running evaluation *****
  Num examples = 100
  Batch size = 4
  epoch = 0
  eval_ppl = 1.00208
  global_step = 3
  train_loss = 1.325
  ********************
Previous best ppl:inf
Achieve Best ppl:1.00208
  ********************
BLEU file: ./data/RQ5/bugsinpy_16_2/validation.jsonl
  codebleu-4 = 14.74 	 Previous best codebleu 0
  ********************
 Achieve Best bleu:14.74
  ********************

***** Running evaluation *****
  Num examples = 100
  Batch size = 4
  epoch = 1
  eval_ppl = 1.00171
  global_step = 5
  train_loss = 0.9328
  ********************
Previous best ppl:1.00208
Achieve Best ppl:1.00171
  ********************
BLEU file: ./data/RQ5/bugsinpy_16_2/validation.jsonl
  codebleu-4 = 30.09 	 Previous best codebleu 14.74
  ********************
 Achieve Best bleu:30.09
  ********************

***** Running evaluation *****
  Num examples = 100
  Batch size = 4
  epoch = 2
  eval_ppl = 1.00155
  global_step = 7
  train_loss = 0.7116
  ********************
Previous best ppl:1.00171
Achieve Best ppl:1.00155
  ********************
BLEU file: ./data/RQ5/bugsinpy_16_2/validation.jsonl
  codebleu-4 = 44.02 	 Previous best codebleu 30.09
  ********************
 Achieve Best bleu:44.02
  ********************

***** Running evaluation *****
  Num examples = 100
  Batch size = 4
  epoch = 3
  eval_ppl = 1.00151
  global_step = 9
  train_loss = 0.5515
  ********************
Previous best ppl:1.00155
Achieve Best ppl:1.00151
  ********************
BLEU file: ./data/RQ5/bugsinpy_16_2/validation.jsonl
  codebleu-4 = 61.88 	 Previous best codebleu 44.02
  ********************
 Achieve Best bleu:61.88
  ********************

***** Running evaluation *****
  Num examples = 100
  Batch size = 4
  epoch = 4
  eval_ppl = 1.0015
  global_step = 11
  train_loss = 0.4605
  ********************
Previous best ppl:1.00151
Achieve Best ppl:1.0015
  ********************
BLEU file: ./data/RQ5/bugsinpy_16_2/validation.jsonl
  codebleu-4 = 70.32 	 Previous best codebleu 61.88
  ********************
 Achieve Best bleu:70.32
  ********************

***** Running evaluation *****
  Num examples = 100
  Batch size = 4
  epoch = 5
  eval_ppl = 1.00149
  global_step = 13
  train_loss = 0.3538
  ********************
Previous best ppl:1.0015
Achieve Best ppl:1.00149
  ********************
BLEU file: ./data/RQ5/bugsinpy_16_2/validation.jsonl
  codebleu-4 = 70.52 	 Previous best codebleu 70.32
  ********************
 Achieve Best bleu:70.52
  ********************

***** Running evaluation *****
  Num examples = 100
  Batch size = 4
  epoch = 6
  eval_ppl = 1.0015
  global_step = 15
  train_loss = 0.3522
  ********************
Previous best ppl:1.00149
BLEU file: ./data/RQ5/bugsinpy_16_2/validation.jsonl
  codebleu-4 = 72.11 	 Previous best codebleu 70.52
  ********************
 Achieve Best bleu:72.11
  ********************

***** Running evaluation *****
  Num examples = 100
  Batch size = 4
  epoch = 7
  eval_ppl = 1.0015
  global_step = 17
  train_loss = 0.2986
  ********************
Previous best ppl:1.00149
BLEU file: ./data/RQ5/bugsinpy_16_2/validation.jsonl
  codebleu-4 = 71.79 	 Previous best codebleu 72.11
  ********************

***** Running evaluation *****
  Num examples = 100
  Batch size = 4
  epoch = 8
  eval_ppl = 1.00151
  global_step = 19
  train_loss = 0.2757
  ********************
Previous best ppl:1.00149
BLEU file: ./data/RQ5/bugsinpy_16_2/validation.jsonl
  codebleu-4 = 70.91 	 Previous best codebleu 72.11
  ********************

***** Running evaluation *****
  Num examples = 100
  Batch size = 4
  epoch = 9
  eval_ppl = 1.00151
  global_step = 21
  train_loss = 0.2779
  ********************
Previous best ppl:1.00149
BLEU file: ./data/RQ5/bugsinpy_16_2/validation.jsonl
  codebleu-4 = 71.12 	 Previous best codebleu 72.11
  ********************
reload model from RQ5/bugsinpy_16_2/codet5p_220m_f/checkpoint-best-bleu
BLEU file: ./data/RQ5/bugsinpy_16_2/test.jsonl
  codebleu = 72.13 
  Total = 117 
  Exact Fixed = 0 
[]
  Syntax Fixed = 0 
[]
  Cleaned Fixed = 0 
[]
  ********************
  Total = 117 
  Exact Fixed = 0 
[]
  Syntax Fixed = 0 
[]
  Cleaned Fixed = 0 
[]
  codebleu = 72.13 
[0.6939112308588368, 0.676525822803221, 0.6342430192197398, 0.8962096929024133, 0.8782734899756608, 0.7420541780659815, 0.8611544762176193, 0.6140948199222634, 0.7549669674736412, 0.891471971382207, 0.6142379280953686, 0.8674433454759134, 0.4759835685651592, 0.20783758223097937, 0.9085800872774439, 0.8631855387221548, 0.8394853614194202, 0.9474759345795825, 0.782053171927164, 0.5233429790405228, 0.8489095818862733, 0.8884573785188872, 0.6883720951974961, 0.884250182279102, 0.8634090336969251, 0.7219888085734718, 0.24288783494456112, 0.7220064685904254, 0.18543172492028198, 0.3137789227305185, 0.8231560738418289, 0.8195330229945343, 0.878865255109752, 0.8300638244826566, 0.8627606169106636, 0.7738279988463377, 0.610067068626702, 0.7890278782295435, 0.8744879458107344, 0.8434652034268404, 0.8358395384567638, 0.8834630241782442, 0.7502249062515224, 0.7295586116525126, 0.9178662308912058, 0.6441425627537012, 0.6728230800934798, 0.8871978499693505, 0.6626248203090549, 0.6374410208386678, 0.8086778290189935, 0.7042953619649426, 0.7953587603777192, 0.5750974938187585, 0.051070827971896215, 0.5148736685419464, 0.8552255642678805, 0.7739312032997141, 0.47166395418323315, 0.7507982187182929, 0.8077895563342797, 0.19862951165098294, 0.5609062744789123, 0.9411542454583528, 0.6853803599169206, 0.8840027679053803, 0.7504067254288294, 0.9056583090096291, 0.8673208349360431, 0.8834124216164225, 0.8808919461147899, 0.6356257812621184, 0.8853004704636518, 0.8814955038434287, 0.2846333289320666, 0.7370819634604255, 0.9476860986705828, 0.6439391185600173, 0.49150427670545643, 0.8856389378075658, 0.5681295751079041, 0.7163669362752553, 0.7714650156104186, 0.5911195501972704, 0.7332519354895861, 0.6935105730664126, 0.7520456315632097, 0.7449734989717058, 0.905409892013934, 0.860117164263619, 0.7531797171538064, 0.788050295413492, 0.39686614731832626, 0.4227247591256027, 0.8234479137638847, 0.9472873156881443, 0.8548397899287874, 0.6413921957402942, 0.7666045848523868, 0.8758824583470641, 0.8362747318435784, 0.4545507520171642, 0.8594942629236695, 0.9204219587780458, 0.48633400213704503, 0.5571314709024371, 0.8300101016746005, 0.7225931341121177, 0.5117566728908322, 0.5242858618777545, 0.621240758456996, 0.6798907668533658, 0.9142445273649933, 0.7768711691119308, 0.8475864225311183, 0.7093853536262804, 0.7201443337629225]
Finish training and take 45m
