Namespace(log_name='./RQ5/xcodeeval_100_2/codet5p_220m.log', model_name='Salesforce/codet5p-220m', lang='c', output_dir='RQ5/xcodeeval_100_2/codet5p_220m', data_dir='./data/RQ5/xcodeeval_100_2', choice=0, no_cuda=False, visible_gpu='0', num_train_epochs=10, num_test_epochs=1, train_batch_size=8, eval_batch_size=4, gradient_accumulation_steps=1, load_model_path=None, config_name='', tokenizer_name='', max_source_length=512, max_target_length=512, warm_up_ratio=0.1, do_train=True, do_eval=True, do_test=True, freeze=False, learning_rate=5e-05, beam_size=10, weight_decay=0.0, adam_epsilon=1e-08, local_rank=-1, seed=42, early_stop_threshold=3)
Process rank: -1, device: cuda, n_gpu: 1, distributed training: False
Model created!!
[[{'text': '#include <stdio.h> int ans[1000000]; int gcd(int a,int b){while(b){int r=a%b;a=b;b=r;}return a;} int main() {     int i,j,x,y,N,A,B;     scanf("%d%d%d",&N,&A,&B);     if(N%gcd(A,B)) printf("-1\\n");     else     {         for(x=0;x<=N;x+=A)         {             y=N-x;             if(y%B==0) break;         }         y/=B;         x/=A;         int pos=0;         for(i=0;i<x;i++)         {             for(j=0;j<A-1;j++)                 ans[pos+j]=pos+j+1;             ans[pos+j]=pos;             pos+=A;         }         for(i=0;i<y;i++)         {             for(j=0;j<B-1;j++)                 ans[pos+j]=pos+j+1;             ans[pos+j]=pos;             pos+=B;         }         for(i=0;i<N;i++)             printf("%d ", ans[i]+1);         printf("\\n");     }     return 0; }', 'loss_ids': 0, 'shortenable_ids': 1}, {'text': '<mask>', 'loss_ids': 1, 'shortenable_ids': 0}, {'text': 'is the fixed version', 'loss_ids': 0, 'shortenable_ids': 0}], {'guid': 0, 'tgt_text': '#include <stdio.h> int ans[1000000]; int main() {     int i,j,x,y,N,A,B;     scanf("%d%d%d",&N,&A,&B);     int f=0;     for(x=0;x<=N;x+=A)     {         y=N-x;         if(y%B==0) {f=1;break;}     }     if(!f) printf("-1\\n");     else     {         y/=B;         x/=A;         int pos=0;         for(i=0;i<x;i++)         {             for(j=0;j<A-1;j++)                 ans[pos+j]=pos+j+1;             ans[pos+j]=pos;             pos+=A;         }         for(i=0;i<y;i++)         {             for(j=0;j<B-1;j++)                 ans[pos+j]=pos+j+1;             ans[pos+j]=pos;             pos+=B;         }         for(i=0;i<N;i++)             printf("%d ", ans[i]+1);         printf("\\n");     }     return 0; }'}]
***** Running training *****
  Num examples = 100
  Batch size = 8
  Num epoch = 10

***** Running evaluation *****
  Num examples = 100
  Batch size = 4
  epoch = 0
  eval_ppl = inf
  global_step = 14
  train_loss = 91.9189
  ********************
Previous best ppl:inf
Achieve Best ppl:inf
  ********************
BLEU file: ./data/RQ5/xcodeeval_100_2/validation.jsonl
  codebleu-4 = 76.46 	 Previous best codebleu 0
  ********************
 Achieve Best bleu:76.46
  ********************

***** Running evaluation *****
  Num examples = 100
  Batch size = 4
  epoch = 1
  eval_ppl = inf
  global_step = 27
  train_loss = 58.722
  ********************
Previous best ppl:inf
BLEU file: ./data/RQ5/xcodeeval_100_2/validation.jsonl
  codebleu-4 = 77.03 	 Previous best codebleu 76.46
  ********************
 Achieve Best bleu:77.03
  ********************

***** Running evaluation *****
  Num examples = 100
  Batch size = 4
  epoch = 2
  eval_ppl = inf
  global_step = 40
  train_loss = 45.0507
  ********************
Previous best ppl:inf
BLEU file: ./data/RQ5/xcodeeval_100_2/validation.jsonl
  codebleu-4 = 77.28 	 Previous best codebleu 77.03
  ********************
 Achieve Best bleu:77.28
  ********************

***** Running evaluation *****
  Num examples = 100
  Batch size = 4
  epoch = 3
  eval_ppl = inf
  global_step = 53
  train_loss = 40.1213
  ********************
Previous best ppl:inf
BLEU file: ./data/RQ5/xcodeeval_100_2/validation.jsonl
  codebleu-4 = 76.99 	 Previous best codebleu 77.28
  ********************

***** Running evaluation *****
  Num examples = 100
  Batch size = 4
  epoch = 4
  eval_ppl = inf
  global_step = 66
  train_loss = 31.6758
  ********************
Previous best ppl:inf
BLEU file: ./data/RQ5/xcodeeval_100_2/validation.jsonl
  codebleu-4 = 77.27 	 Previous best codebleu 77.28
  ********************

***** Running evaluation *****
  Num examples = 100
  Batch size = 4
  epoch = 5
  eval_ppl = inf
  global_step = 79
  train_loss = 27.2608
  ********************
Previous best ppl:inf
BLEU file: ./data/RQ5/xcodeeval_100_2/validation.jsonl
  codebleu-4 = 77.28 	 Previous best codebleu 77.28
  ********************
early stopping!!!
reload model from RQ5/xcodeeval_100_2/codet5p_220m/checkpoint-best-bleu
BLEU file: ./data/RQ5/xcodeeval_100_2/test.jsonl
  codebleu = 73.94 
  Total = 500 
  Exact Fixed = 1 
[73]
  Syntax Fixed = 0 
[]
  Cleaned Fixed = 3 
[254, 355, 376]
  ********************
  Total = 500 
  Exact Fixed = 1 
[73]
  Syntax Fixed = 0 
[]
  Cleaned Fixed = 3 
[254, 355, 376]
  codebleu = 73.94 
[0.8815127397903371, 0.9895907412940455, 0.38230642541905163, 0.8285503011428544, 0.5240259477923144, 0.21679053483574018, 0.49007773220454587, 0.355723773966904, 0.5669600225141017, 0.6717364058179986, 0.9486021234366251, 0.801264745064777, 0.6917402809720604, 0.1750992279298951, 0.8808375937505108, 0.4693955864510486, 0.5313357348360503, 0.9785699270907009, 0.8061799752233711, 0.4143304820436576, 0.8757845494319172, 0.5608637981998776, 0.959945180208001, 0.9194570682158518, 0.8596055360028632, 0.46678356460890147, 0.5452287811589471, 0.901175714210833, 0.9194633420202082, 0.24041604209738301, 0.7460250732072086, 0.8189939955289076, 0.8103844232213004, 0.9157196636136693, 0.5393913750037733, 0.8059663450023036, 0.6527764179246671, 0.9426787386209374, 0.9847813251545576, 0.6214028319131882, 0.38055604522674474, 0.9802578447391919, 0.9321918895830998, 0.23616145602914845, 0.806490922254441, 0.9386210590467857, 0.8574290303367051, 0.7113199842059187, 0.6194178615287717, 0.8803828210815028, 0.42728670898141874, 0.9382702025626704, 0.790108255342182, 0.4610625, 0.8705702138654792, 0.9036267549024084, 0.8675700280536951, 0.8773292303189255, 0.9771748654592214, 0.6449181547930165, 0.7090603217796174, 0.3321670864049434, 0.9482157910035569, 0.663952114335559, 0.8927899452472845, 0.9299687695441708, 0.7924048855268875, 0.5338617744031935, 0.8995377367121644, 0.20389474665606483, 0.32306878557227736, 0.2690529321329123, 0.9674900184215338, 0.9717119879651379, 0.871143401314145, 0.586404697829096, 0.8384056697171074, 0.9737915388152598, 0.9321212086381336, 0.3895038116127578, 0.7016234777170453, 0.9379551891165208, 0.9080151803246834, 0.8441882987189739, 0.2858574379633786, 0.4275485565756617, 0.8014139035130625, 0.8085386086430999, 0.43890738161489035, 0.39806555763771617, 0.9352829048891074, 0.8155294943474609, 0.9497006304581013, 0.5985680617000989, 0.6326608997800717, 0.9486052495001633, 0.8575394236456542, 0.3304581157501194, 0.5505450693049353, 0.8332321631831101, 0.9060561003826615, 0.948343184028229, 0.4636944731423779, 0.7763592102744433, 0.9857368328793006, 0.929608977441901, 0.8365809500852361, 0.4810010686280327, 0.9430889397206723, 0.9194883538624099, 0.6249954610889428, 0.6181106606584272, 0.7028380195813267, 0.6566376813197878, 0.672952360812484, 0.8077897114293389, 0.6678107811875859, 0.9177566121979503, 0.4195809997601375, 0.854906905704294, 0.9027144378842089, 0.8242836546885394, 0.8257815238937638, 0.8744345587385776, 0.78946048013366, 0.6359084461047401, 0.6362901625697224, 0.43419770508491723, 0.4657333819352129, 0.8443840073818547, 0.3560328527895647, 0.6120229206037862, 0.3110090555266167, 0.956301548538977, 0.9617303176335186, 0.3036884467801879, 0.9368026696042517, 0.553376063289682, 0.965511575622183, 0.7812920479049458, 0.9224014846550597, 0.8741647989058143, 0.8638825156565595, 0.9745780518930731, 0.928943235004591, 0.8233729810068096, 0.4982318233525185, 0.5711004671540312, 0.9521775318277603, 0.9830296722149274, 0.975255869034251, 0.8320476098374262, 0.9432668038420033, 0.9483831980682167, 0.8948670458495385, 0.774693514748012, 0.7202507328873297, 0.5488586128738006, 0.7091570039785193, 0.7103939208577386, 0.1361358187124771, 0.6777438912696802, 0.962102708701077, 0.9121866600841926, 0.9021902095080698, 0.46124203184813023, 0.6246113794477428, 0.8392067093595759, 0.968639364262265, 0.8297713512550178, 0.6258706049241418, 0.7459596543917357, 0.8975978993714945, 0.9818251706356831, 0.7280873261576656, 0.8199251872608782, 0.8300820971250142, 0.824261585549334, 0.3149661568144146, 0.9410067825194739, 0.5399191018302276, 0.5474206174767057, 0.25613546330440956, 0.7292179741141707, 0.8694952470533828, 0.6867415067356185, 0.32301796222457846, 0.945208493585485, 0.8658945472295025, 0.49086107377017946, 0.59613181707828, 0.9404774184308464, 0.6960042765420407, 0.5928108277067345, 0.5946982102419093, 0.195805705470289, 0.849431210776371, 0.5430885679069021, 0.6872874943212983, 0.9642836546885394, 0.1427616762031343, 0.9508336769881993, 0.9441311059579389, 0.11444392389640792, 0.961472991307396, 0.39013478691113623, 0.6684903987689361, 0.9447313137718458, 0.5225920721826702, 0.9087123429574342, 0.928355931498114, 0.9701007019297219, 0.7861789345001289, 0.953707845659838, 0.8090043314450341, 0.8916198680457144, 0.9520611043918519, 0.7669752623463025, 0.5854641265450974, 0.19832929234074576, 0.8055864673667326, 0.9202829737265819, 0.9324333440186039, 0.5282409716007119, 0.3367401394805369, 0.4822120322474115, 0.8044136830940034, 0.8942668643714475, 0.9232567135322138, 0.6221781999238016, 0.6234595852577036, 0.6559659558584913, 0.34607965045681727, 0.8861568600710625, 0.5085215178080368, 0.20085796330710023, 0.7588043812660874, 0.7826741503670085, 0.9634485800803125, 0.5624756082365959, 0.8695075881277006, 0.7901580927216791, 0.9861254102280717, 0.24979512120906117, 0.947573383205105, 0.9013388166447551, 0.6351531795376738, 0.9583676774082095, 0.9377858074101935, 0.9495937875206693, 0.9221927719632479, 0.9604527042523284, 0.7556814728598797, 0.943907690508595, 0.943666571833899, 0.6014294709438306, 0.7562791074610632, 0.7015341116696883, 0.2412059707864596, 0.9279866539122665, 0.19752609894716355, 0.707850059682499, 0.9284243634590652, 0.695713048670164, 0.9562005086759873, 0.9045626088111169, 0.26289253457845224, 0.9860950428335316, 0.7154962151234332, 0.6304354583069092, 0.9692036989337549, 0.6365891247781525, 0.9425986064448988, 0.9617839620555828, 0.9132893077411206, 0.9474658767322486, 0.7481412556512403, 0.9498690706862425, 0.8277424644338935, 0.7565711923511311, 0.08619710458413155, 0.8179579674310407, 0.9773514349376944, 0.8434094165290678, 0.7748901690895643, 0.7807079788494218, 0.8988279604599121, 0.8783177650935652, 0.9758763186213713, 0.6480498956059583, 0.9407613352737074, 0.7232043610871355, 0.7493577391671854, 0.5076730012609921, 0.8986557290877399, 0.8207174296242723, 0.46158825189644004, 0.9840970086239778, 0.9049996265971042, 0.9147509231273736, 0.5029033064648121, 0.849729607166194, 0.6345917614751148, 0.9732456940628658, 0.9668495847081082, 0.46192836465257714, 0.961309010760973, 0.9470279890319612, 0.8857658481998287, 0.1821669073508119, 0.7761717845434185, 0.8206082150573881, 0.940663678095734, 0.8113688567236648, 0.8943767670150264, 0.6372760488740846, 0.9398939635294166, 0.25592663683341055, 0.637455335351989, 0.3454641283088835, 0.9655267507815484, 0.22091638149421566, 0.79908393484228, 0.8939721301684738, 0.6924354337443256, 0.6498389062539932, 0.9823448177520746, 0.7501255059004492, 0.8904098910010204, 0.9666856331752072, 0.9296230645706806, 0.9074482656355349, 0.9295976632675957, 0.6516235135434673, 0.9866981257943701, 0.570989795360499, 0.853963666419484, 0.7311090731099734, 0.8785117532819908, 0.9067124558663866, 0.6830631050329368, 0.802792334029212, 0.9105346103428551, 0.9582488725526279, 0.8543169705125382, 0.9094304925332901, 0.9283813677168311, 0.6216058374935409, 0.8202499593885415, 0.845605645877975, 0.7567508883846331, 0.9495240547623498, 0.30228003420613947, 0.9590506396386802, 0.9393720392848304, 0.7463795010367267, 0.29119834125570104, 0.9312349008025642, 0.8943235545550525, 0.940720679223622, 0.9498733743967636, 0.9262386824642832, 0.2535810718077191, 0.9130634810804314, 0.6272631541189376, 0.6070449868747402, 0.4328828981880556, 0.9731496374915098, 0.30183277526478924, 0.246656971808108, 0.8212828564690575, 0.3742924995543897, 0.9446842919965326, 0.42428373858678303, 0.4661937691043915, 0.8962739736615359, 0.28768815913136014, 0.8259108946799769, 0.9646055689051855, 0.9570869332853229, 0.867980815381816, 0.7552847912459166, 0.4594780895950189, 0.8961056193845135, 0.9839935011430094, 0.9200506209960793, 0.2954719472250509, 0.7243561152332358, 0.5898743279997497, 0.31764171070174957, 0.9136846145795283, 0.8036605977879999, 0.8078579828142751, 0.8562515048247652, 0.6226908114170765, 0.9544248082184021, 0.9127782544487824, 0.8057092562118815, 0.3325195752446274, 0.9465224177706513, 0.8249675351435815, 0.9491373594814108, 0.9482573744384641, 0.8238518141083319, 0.41222995207253776, 0.6562955803712851, 0.5643672366251316, 0.43808453932073843, 0.5864458370254797, 0.9735465142797541, 0.3226823631769065, 0.8050090290148326, 0.9624306767024622, 0.9307762742678802, 0.967150116841063, 0.990108133691983, 0.7514114718545895, 0.8485021818446042, 0.6612191334623871, 0.7832059164639751, 0.5558554508448601, 0.944817116312316, 0.945897725871365, 0.6113887462384089, 0.895887649579229, 0.7914330306940703, 0.9792319542491341, 0.9784095540181448, 0.9232926862932371, 0.9516757686175951, 0.8601706721604159, 0.7628541847804483, 0.4680849519025553, 0.9557759455949837, 0.9501107301093406, 0.7110307145936695, 0.7331328454992438, 0.5761336941152942, 0.7331472448108353, 0.6362439585829495, 0.852471803082816, 0.8601402886946303, 0.7786642529241632, 0.390945448375335, 0.6592136870095452, 0.9794987286009202, 0.5978112872134451, 0.2256423390984703, 0.8038306806820452, 0.8836863746511332, 0.7964726901713943, 0.7601507876079147, 0.8140304698935792, 0.5412219101899178, 0.8696331987786137, 0.7133854538777843, 0.5348646474710699, 0.7562934717237396, 0.9756645028428577, 0.9489885523091097, 0.8981602981015966, 0.36591379411238956, 0.9715471473605286, 0.031930394824990466, 0.9177843916565737, 0.9031355431153669, 0.9723407670151949, 0.7262546855990275, 0.9469679666767363, 0.9439887848825383, 0.9405088388791978, 0.9823448177520746, 0.4777354426610022, 0.8992156948231914, 0.43449863768167823, 0.9262112558154699, 0.8354059606910897, 0.8721694234656858, 0.25489934536355485, 0.8564822037598797, 0.7775859914704599, 0.6810842044592471, 0.3043680407866811, 0.15357414972864022, 0.9207225522863047, 0.8678976437379708, 0.44949524080022113, 0.6339943883989547, 0.8574088571104024, 0.8389497416642955, 0.9407613352737074, 1.0, 0.9292619245050848, 0.8227600561608516, 0.959095521027233, 0.4927053152538463, 0.4129771429438506, 0.8020816921073726, 0.9271328028414589, 0.8457781931186075]
Finish training and take 28m
