Namespace(log_name='./RQ5/tfix_1_2/codet5p_770m_f.log', model_name='Salesforce/codet5p-770m', lang='javascript', output_dir='RQ5/tfix_1_2/codet5p_770m_f', data_dir='./data/RQ5/tfix_1_2', no_cuda=False, visible_gpu='0', add_task_prefix=False, add_lang_ids=False, num_train_epochs=10, num_test_epochs=10, train_batch_size=4, eval_batch_size=4, gradient_accumulation_steps=2, load_model_path=None, config_name='', tokenizer_name='', max_source_length=512, max_target_length=512, warm_up_ratio=0.1, do_train=True, do_eval=True, do_test=True, do_lower_case=False, learning_rate=5e-05, beam_size=10, weight_decay=0.0, adam_epsilon=1e-08, max_grad_norm=1.0, max_steps=-1, eval_steps=-1, train_steps=-1, local_rank=-1, seed=42, early_stop_threshold=2)
Process rank: -1, device: cuda, n_gpu: 1, distributed training: False, model_name: Salesforce/codet5p-770m
model created!
Total 1 training instances 
***** Running training *****
  Num examples = 1
  Batch size = 4
  Num epoch = 10

***** Running evaluation *****
  Num examples = 100
  Batch size = 4
  epoch = 0
  eval_ppl = 1.01703
  global_step = 1
  train_loss = 3.5535
  ********************
Previous best ppl:inf
Achieve Best ppl:1.01703
  ********************
BLEU file: ./data/RQ5/tfix_1_2/validation.jsonl
  codebleu-4 = 14.17 	 Previous best codebleu 0
  ********************
 Achieve Best bleu:14.17
  ********************

***** Running evaluation *****
  Num examples = 100
  Batch size = 4
  epoch = 1
  eval_ppl = 1.01703
  global_step = 1
  train_loss = 2.8215
  ********************
Previous best ppl:1.01703
BLEU file: ./data/RQ5/tfix_1_2/validation.jsonl
  codebleu-4 = 14.17 	 Previous best codebleu 14.17
  ********************

***** Running evaluation *****
  Num examples = 100
  Batch size = 4
  epoch = 2
  eval_ppl = 1.01703
  global_step = 1
  train_loss = 3.7162
  ********************
Previous best ppl:1.01703
BLEU file: ./data/RQ5/tfix_1_2/validation.jsonl
  codebleu-4 = 14.17 	 Previous best codebleu 14.17
  ********************
reload model from RQ5/tfix_1_2/codet5p_770m_f/checkpoint-best-bleu
BLEU file: ./data/RQ5/tfix_1_2/test.jsonl
