Namespace(log_name='./coderefine/1/hard0_codet5p_770m.log', model_name='Salesforce/codet5p-770m', lang='java', output_dir='coderefine/1/hard0_codet5p_770m', data_dir='./data/coderefine/1', no_cuda=False, visible_gpu='0', num_train_epochs=10, num_test_epochs=1, train_batch_size=6, eval_batch_size=4, gradient_accumulation_steps=1, load_model_path=None, config_name='', tokenizer_name='', max_source_length=512, max_target_length=512, warm_up_ratio=0.1, do_train=True, do_eval=True, do_test=True, freeze=False, learning_rate=5e-05, beam_size=10, weight_decay=0.0, adam_epsilon=1e-08, local_rank=-1, seed=42, early_stop_threshold=3)
Process rank: -1, device: cuda, n_gpu: 1, distributed training: False
Model created!!
[[{'text': 'private java.util.List < TYPE_1 > METHOD_1 ( java.util.Collection < TYPE_1 > VAR_1 ) { java.util.List < TYPE_1 > VAR_2 = new java.util.LinkedList < > ( ) ; for ( TYPE_1 VAR_3 : VAR_1 ) { VAR_2 . add ( VAR_3 . METHOD_2 ( ) ) ; } return VAR_2 ; }', 'loss_ids': 0, 'shortenable_ids': 1}, {'text': '<mask>', 'loss_ids': 1, 'shortenable_ids': 0}, {'text': ' is the fixed version', 'loss_ids': 0, 'shortenable_ids': 0}], {'guid': 0, 'tgt_text': 'private java.util.List < TYPE_1 > METHOD_1 ( java.util.Collection < TYPE_1 > VAR_1 ) { java.util.List < TYPE_1 > VAR_2 = new java.util.LinkedList < > ( ) ; for ( TYPE_1 VAR_3 : VAR_1 ) { if ( VAR_3 != null ) { VAR_2 . add ( VAR_3 . METHOD_2 ( ) ) ; } } return VAR_2 ; }'}]
***** Running training *****
  Num examples = 523
  Batch size = 6
  Num epoch = 10

***** Running evaluation *****
  Num examples = 68
  Batch size = 4
  epoch = 0
  eval_ppl = 1.2341938186072855e+216
  global_step = 89
  train_loss = 18.1833
  ********************
Previous best ppl:inf
Achieve Best ppl:1.2341938186072855e+216
  ********************
BLEU file: ./data/coderefine/1/validation.jsonl
  codebleu-4 = 83.34 	 Previous best codebleu 0
  ********************
 Achieve Best bleu:83.34
  ********************

***** Running evaluation *****
  Num examples = 68
  Batch size = 4
  epoch = 1
  eval_ppl = 2.6734043643116046e+225
  global_step = 177
  train_loss = 11.1552
  ********************
Previous best ppl:1.2341938186072855e+216
BLEU file: ./data/coderefine/1/validation.jsonl
  codebleu-4 = 84.4 	 Previous best codebleu 83.34
  ********************
 Achieve Best bleu:84.4
  ********************

***** Running evaluation *****
  Num examples = 68
  Batch size = 4
  epoch = 2
  eval_ppl = 3.652755880262245e+246
  global_step = 265
  train_loss = 7.0327
  ********************
Previous best ppl:1.2341938186072855e+216
BLEU file: ./data/coderefine/1/validation.jsonl
  codebleu-4 = 83.54 	 Previous best codebleu 84.4
  ********************

***** Running evaluation *****
  Num examples = 68
  Batch size = 4
  epoch = 3
  eval_ppl = 6.613812075123953e+240
  global_step = 353
  train_loss = 4.415
  ********************
Previous best ppl:1.2341938186072855e+216
BLEU file: ./data/coderefine/1/validation.jsonl
  codebleu-4 = 84.14 	 Previous best codebleu 84.4
  ********************

***** Running evaluation *****
  Num examples = 68
  Batch size = 4
  epoch = 4
  eval_ppl = 2.0677889468707062e+250
  global_step = 441
  train_loss = 2.7324
  ********************
Previous best ppl:1.2341938186072855e+216
BLEU file: ./data/coderefine/1/validation.jsonl
  codebleu-4 = 82.6 	 Previous best codebleu 84.4
  ********************
early stopping!!!
reload model from coderefine/1/hard0_codet5p_770m/checkpoint-best-bleu
BLEU file: ./data/coderefine/1/test.jsonl
  codebleu = 83.64 
  Total = 65 
  Exact Fixed = 0 
[]
  Syntax Fixed = 0 
[]
  Cleaned Fixed = 1 
[11]
  ********************
  Total = 65 
  Exact Fixed = 0 
[]
  Syntax Fixed = 0 
[]
  Cleaned Fixed = 1 
[11]
  codebleu = 83.64 
[0.7155660357121529, 0.9842551012740206, 0.9281005071783828, 0.8993114004984377, 0.7974334402521036, 0.8725274255010362, 0.928300667487326, 0.8712792845937252, 0.9829600034358597, 0.9163626546932537, 0.8855924534744011, 0.8254935742435682, 0.7781084427648755, 0.8278388357244892, 0.7116639998684878, 0.6881043163650463, 0.7752650275174977, 0.7170469204924281, 0.8221058879445216, 0.879319736190915, 0.9074105235598138, 0.6191032679341922, 0.8038822150364395, 0.7520682896509341, 0.9110872307806896, 0.8001822526451389, 0.8427891965579847, 0.7989561661872487, 0.8478142384810561, 0.7042536705362255, 0.49134081223312975, 0.8597613708022109, 0.9293676609741157, 0.9446955185101911, 0.8979311034464716, 0.9305021700601903, 0.9456377569276777, 0.7963276200688063, 0.9185752706195902, 0.9851687784356948, 0.8089298438658563, 0.8849494217352065, 0.5968133626478651, 0.9778714416479769, 0.9016408052830359, 0.9361153061647451, 0.9249913723392815, 0.871607281170603, 0.9513666495152475, 0.7408793113748373, 0.6830406600678315, 0.7858576092757317, 0.8197749514891287, 0.8765967388670906, 0.9229930287189765, 0.7998093506834816, 0.8340668169819949, 0.8781387395071456, 0.8982989871764916, 0.7356243780881148, 0.8312231788723917, 0.74212817232249, 0.7402215548177918, 0.9250376803204783, 0.8076842170691593]
Finish training and take 20m
