Namespace(log_name='./result/coderefine/1/random4_codet5p_220m.log', model_name='Salesforce/codet5p-220m', lang='java', output_dir='result/coderefine/1/random4_codet5p_220m', data_dir='./data/coderefine/1', choice=4, no_cuda=False, visible_gpu='0', num_train_epochs=10, num_test_epochs=1, train_batch_size=4, eval_batch_size=4, gradient_accumulation_steps=1, load_model_path=None, config_name='', tokenizer_name='', max_source_length=512, max_target_length=512, warm_up_ratio=0.1, do_train=True, do_eval=True, do_test=True, freeze=False, learning_rate=5e-05, beam_size=10, weight_decay=0.0, adam_epsilon=1e-08, local_rank=-1, seed=42, early_stop_threshold=3)
Process rank: -1, device: cuda, n_gpu: 1, distributed training: False
Model created!!
[[{'text': 'Fix', 'loss_ids': 0, 'shortenable_ids': 0}, {'text': ' private java.util.List < TYPE_1 > METHOD_1 ( java.util.Collection < TYPE_1 > VAR_1 ) { java.util.List < TYPE_1 > VAR_2 = new java.util.LinkedList < > ( ) ; for ( TYPE_1 VAR_3 : VAR_1 ) { VAR_2 . add ( VAR_3 . METHOD_2 ( ) ) ; } return VAR_2 ; }', 'loss_ids': 0, 'shortenable_ids': 1}, {'text': '<mask>', 'loss_ids': 1, 'shortenable_ids': 0}, {'text': 'is fixed program', 'loss_ids': 0, 'shortenable_ids': 0}], {'guid': 0, 'tgt_text': 'private java.util.List < TYPE_1 > METHOD_1 ( java.util.Collection < TYPE_1 > VAR_1 ) { java.util.List < TYPE_1 > VAR_2 = new java.util.LinkedList < > ( ) ; for ( TYPE_1 VAR_3 : VAR_1 ) { if ( VAR_3 != null ) { VAR_2 . add ( VAR_3 . METHOD_2 ( ) ) ; } } return VAR_2 ; }'}]
***** Running training *****
  Num examples = 523
  Batch size = 4
  Num epoch = 10

***** Running evaluation *****
  Num examples = 68
  Batch size = 4
  epoch = 0
  eval_ppl = 5.358085441609241e+260
  global_step = 132
  train_loss = 19.5638
  ********************
Previous best ppl:inf
Achieve Best ppl:5.358085441609241e+260
  ********************
BLEU file: ./data/coderefine/1/validation.jsonl
  codebleu-4 = 83.71 	 Previous best codebleu 0
  ********************
 Achieve Best bleu:83.71
  ********************

***** Running evaluation *****
  Num examples = 68
  Batch size = 4
  epoch = 1
  eval_ppl = 1.561043901314657e+263
  global_step = 263
  train_loss = 14.3913
  ********************
Previous best ppl:5.358085441609241e+260
BLEU file: ./data/coderefine/1/validation.jsonl
  codebleu-4 = 83.97 	 Previous best codebleu 83.71
  ********************
 Achieve Best bleu:83.97
  ********************

***** Running evaluation *****
  Num examples = 68
  Batch size = 4
  epoch = 2
  eval_ppl = 2.058036179207374e+270
  global_step = 394
  train_loss = 9.0416
  ********************
Previous best ppl:5.358085441609241e+260
BLEU file: ./data/coderefine/1/validation.jsonl
  codebleu-4 = 83.98 	 Previous best codebleu 83.97
  ********************
 Achieve Best bleu:83.98
  ********************

***** Running evaluation *****
  Num examples = 68
  Batch size = 4
  epoch = 3
  eval_ppl = 1.2726260973609688e+265
  global_step = 525
  train_loss = 6.4059
  ********************
Previous best ppl:5.358085441609241e+260
BLEU file: ./data/coderefine/1/validation.jsonl
  codebleu-4 = 83.89 	 Previous best codebleu 83.98
  ********************

***** Running evaluation *****
  Num examples = 68
  Batch size = 4
  epoch = 4
  eval_ppl = 1.0581460336942088e+277
  global_step = 656
  train_loss = 4.9862
  ********************
Previous best ppl:5.358085441609241e+260
BLEU file: ./data/coderefine/1/validation.jsonl
  codebleu-4 = 83.84 	 Previous best codebleu 83.98
  ********************

***** Running evaluation *****
  Num examples = 68
  Batch size = 4
  epoch = 5
  eval_ppl = 6.006281185764489e+272
  global_step = 787
  train_loss = 3.6543
  ********************
Previous best ppl:5.358085441609241e+260
BLEU file: ./data/coderefine/1/validation.jsonl
  codebleu-4 = 84.09 	 Previous best codebleu 83.98
  ********************
 Achieve Best bleu:84.09
  ********************

***** Running evaluation *****
  Num examples = 68
  Batch size = 4
  epoch = 6
  eval_ppl = 5.676599274307134e+265
  global_step = 918
  train_loss = 2.5462
  ********************
Previous best ppl:5.358085441609241e+260
BLEU file: ./data/coderefine/1/validation.jsonl
  codebleu-4 = 83.4 	 Previous best codebleu 84.09
  ********************

***** Running evaluation *****
  Num examples = 68
  Batch size = 4
  epoch = 7
  eval_ppl = 1.7731552173881657e+268
  global_step = 1049
  train_loss = 2.1042
  ********************
Previous best ppl:5.358085441609241e+260
BLEU file: ./data/coderefine/1/validation.jsonl
  codebleu-4 = 84.42 	 Previous best codebleu 84.09
  ********************
 Achieve Best bleu:84.42
  ********************

***** Running evaluation *****
  Num examples = 68
  Batch size = 4
  epoch = 8
  eval_ppl = 1.35767057065873e+269
  global_step = 1180
  train_loss = 1.4164
  ********************
Previous best ppl:5.358085441609241e+260
BLEU file: ./data/coderefine/1/validation.jsonl
  codebleu-4 = 84.07 	 Previous best codebleu 84.42
  ********************

***** Running evaluation *****
  Num examples = 68
  Batch size = 4
  epoch = 9
  eval_ppl = 4.1645673617367656e+269
  global_step = 1311
  train_loss = 1.0617
  ********************
Previous best ppl:5.358085441609241e+260
BLEU file: ./data/coderefine/1/validation.jsonl
  codebleu-4 = 84.07 	 Previous best codebleu 84.42
  ********************
reload model from result/coderefine/1/random4_codet5p_220m/checkpoint-best-bleu
BLEU file: ./data/coderefine/1/test.jsonl
  codebleu = 83.67 
  Total = 65 
  Exact Fixed = 0 
[]
  Syntax Fixed = 0 
[]
  Cleaned Fixed = 2 
[11, 33]
  ********************
  Total = 65 
  Exact Fixed = 0 
[]
  Syntax Fixed = 0 
[]
  Cleaned Fixed = 2 
[11, 33]
  codebleu = 83.67 
[0.7155660357121529, 0.9842551012740206, 0.9281005071783828, 0.8993114004984377, 0.8150089529683, 0.8265369417269723, 0.928300667487326, 0.8834981677378932, 0.9829600034358597, 0.9163626546932537, 0.8855924534744011, 0.8254935742435682, 0.7914417760982089, 0.8278388357244892, 0.7116639998684878, 0.7141912728867854, 0.7752650275174977, 0.7170469204924281, 0.8221058879445216, 0.879319736190915, 0.9135329725394057, 0.6191032679341922, 0.8038822150364395, 0.7520682896509341, 0.918981967622795, 0.8376822526451388, 0.8427891965579847, 0.7989561661872487, 0.8478142384810561, 0.7173744415712103, 0.49134081223312975, 0.8597613708022109, 0.9517939658892391, 0.9509455185101909, 0.8979311034464716, 0.9305021700601903, 0.8589410689079233, 0.7963276200688063, 0.9384131232220541, 0.878182798374179, 0.826266686260636, 0.8849494217352065, 0.5874383626478651, 0.8363005139921569, 0.9016408052830359, 0.9361153061647451, 0.9046791486485577, 0.871607281170603, 0.9604557248118928, 0.7408793113748373, 0.6108044918613142, 0.7858576092757317, 0.8519178086319859, 0.8765967388670906, 0.9229930287189765, 0.7998093506834816, 0.8340668169819949, 0.8781387395071456, 0.8982989871764916, 0.7432983887101469, 0.8312231788723917, 0.74212817232249, 0.9896363663444121, 0.9250376803204783, 0.8076842170691593]
Finish training and take 13m
