Namespace(log_name='./coderefine/1/soft3_codet5p_770m.log', model_name='Salesforce/codet5p-770m', lang='java', output_dir='coderefine/1/soft3_codet5p_770m', data_dir='./data/coderefine/1', no_cuda=False, visible_gpu='0', num_train_epochs=10, num_test_epochs=1, train_batch_size=6, eval_batch_size=4, gradient_accumulation_steps=1, load_model_path=None, config_name='', tokenizer_name='', max_source_length=512, max_target_length=512, warm_up_ratio=0.1, do_train=True, do_eval=True, do_test=True, freeze=False, learning_rate=5e-05, beam_size=10, weight_decay=0.0, adam_epsilon=1e-08, local_rank=-1, seed=42, early_stop_threshold=3)
Process rank: -1, device: cuda, n_gpu: 1, distributed training: False
Model created!!
[[{'text': 'Fix', 'loss_ids': 0, 'shortenable_ids': 0}, {'text': ' private java.util.List < TYPE_1 > METHOD_1 ( java.util.Collection < TYPE_1 > VAR_1 ) { java.util.List < TYPE_1 > VAR_2 = new java.util.LinkedList < > ( ) ; for ( TYPE_1 VAR_3 : VAR_1 ) { VAR_2 . add ( VAR_3 . METHOD_2 ( ) ) ; } return VAR_2 ; }', 'loss_ids': 0, 'shortenable_ids': 1}, {'text': 'fixed program is', 'loss_ids': 0, 'shortenable_ids': 0}, {'text': '<mask>', 'loss_ids': 1, 'shortenable_ids': 0}], {'guid': 0, 'tgt_text': 'private java.util.List < TYPE_1 > METHOD_1 ( java.util.Collection < TYPE_1 > VAR_1 ) { java.util.List < TYPE_1 > VAR_2 = new java.util.LinkedList < > ( ) ; for ( TYPE_1 VAR_3 : VAR_1 ) { if ( VAR_3 != null ) { VAR_2 . add ( VAR_3 . METHOD_2 ( ) ) ; } } return VAR_2 ; }'}]
***** Running training *****
  Num examples = 523
  Batch size = 6
  Num epoch = 10

***** Running evaluation *****
  Num examples = 68
  Batch size = 4
  epoch = 0
  eval_ppl = 1.3003459955190467e+236
  global_step = 89
  train_loss = 17.1124
  ********************
Previous best ppl:inf
Achieve Best ppl:1.3003459955190467e+236
  ********************
BLEU file: ./data/coderefine/1/validation.jsonl
  codebleu-4 = 84.16 	 Previous best codebleu 0
  ********************
 Achieve Best bleu:84.16
  ********************

***** Running evaluation *****
  Num examples = 68
  Batch size = 4
  epoch = 1
  eval_ppl = 1.6350681958572587e+241
  global_step = 177
  train_loss = 10.3369
  ********************
Previous best ppl:1.3003459955190467e+236
BLEU file: ./data/coderefine/1/validation.jsonl
  codebleu-4 = 84.16 	 Previous best codebleu 84.16
  ********************

***** Running evaluation *****
  Num examples = 68
  Batch size = 4
  epoch = 2
  eval_ppl = 1.7232860858617684e+228
  global_step = 265
  train_loss = 6.8681
  ********************
Previous best ppl:1.3003459955190467e+236
Achieve Best ppl:1.7232860858617684e+228
  ********************
BLEU file: ./data/coderefine/1/validation.jsonl
  codebleu-4 = 82.97 	 Previous best codebleu 84.16
  ********************

***** Running evaluation *****
  Num examples = 68
  Batch size = 4
  epoch = 3
  eval_ppl = 1.0109408871652116e+240
  global_step = 353
  train_loss = 4.4073
  ********************
Previous best ppl:1.7232860858617684e+228
BLEU file: ./data/coderefine/1/validation.jsonl
  codebleu-4 = 82.36 	 Previous best codebleu 84.16
  ********************

***** Running evaluation *****
  Num examples = 68
  Batch size = 4
  epoch = 4
  eval_ppl = 3.677492505193727e+248
  global_step = 441
  train_loss = 2.6593
  ********************
Previous best ppl:1.7232860858617684e+228
BLEU file: ./data/coderefine/1/validation.jsonl
  codebleu-4 = 82.55 	 Previous best codebleu 84.16
  ********************

***** Running evaluation *****
  Num examples = 68
  Batch size = 4
  epoch = 5
  eval_ppl = 1.861911108102888e+237
  global_step = 529
  train_loss = 1.7189
  ********************
Previous best ppl:1.7232860858617684e+228
BLEU file: ./data/coderefine/1/validation.jsonl
  codebleu-4 = 83.45 	 Previous best codebleu 84.16
  ********************
early stopping!!!
reload model from coderefine/1/soft3_codet5p_770m/checkpoint-best-bleu
BLEU file: ./data/coderefine/1/test.jsonl
  codebleu = 84.04 
  Total = 65 
  Exact Fixed = 0 
[]
  Syntax Fixed = 0 
[]
  Cleaned Fixed = 2 
[11, 33]
  ********************
  Total = 65 
  Exact Fixed = 0 
[]
  Syntax Fixed = 0 
[]
  Cleaned Fixed = 2 
[11, 33]
  codebleu = 84.04 
[0.7155660357121529, 0.9842551012740206, 0.9281005071783828, 0.8993114004984377, 0.7692131142611393, 0.8725274255010362, 0.928300667487326, 0.8834981677378932, 0.9829600034358597, 0.9163626546932537, 0.8855924534744011, 0.8254935742435682, 0.7661323160884075, 0.8278388357244892, 0.7116639998684878, 0.7141912728867854, 0.7752650275174977, 0.702938832625785, 0.8221058879445216, 0.879319736190915, 0.9074105235598138, 0.6320645431909498, 0.8038822150364395, 0.7520682896509341, 0.9110872307806896, 0.8189322526451389, 0.8427891965579847, 0.7989561661872487, 0.8478142384810561, 0.6912385591934972, 0.48780302422873506, 0.8597613708022109, 0.9562086478788914, 0.9446955185101911, 0.8979311034464716, 0.9305021700601903, 0.9268660355448417, 0.7963276200688063, 0.9180069178950583, 0.9439325508359739, 0.8155524005463504, 0.8849494217352065, 0.5874383626478651, 0.9778714416479769, 0.9016408052830359, 0.9361153061647451, 0.9249913723392815, 0.871607281170603, 0.9604557248118928, 0.7408793113748373, 0.6830406600678315, 0.7858576092757317, 0.8519178086319859, 0.8765967388670906, 0.9229930287189765, 0.7998093506834816, 0.8340668169819949, 0.8781387395071456, 0.895053405422917, 0.7432983887101469, 0.8312231788723917, 0.74212817232249, 0.9896363663444121, 0.9250376803204783, 0.8076842170691593]
Finish training and take 24m
