Namespace(log_name='./coderefine/1/soft0_codet5p_770m.log', model_name='Salesforce/codet5p-770m', lang='java', output_dir='coderefine/1/soft0_codet5p_770m', data_dir='./data/coderefine/1', no_cuda=False, visible_gpu='0', num_train_epochs=10, num_test_epochs=1, train_batch_size=6, eval_batch_size=4, gradient_accumulation_steps=1, load_model_path=None, config_name='', tokenizer_name='', max_source_length=512, max_target_length=512, warm_up_ratio=0.1, do_train=True, do_eval=True, do_test=True, freeze=False, learning_rate=5e-05, beam_size=10, weight_decay=0.0, adam_epsilon=1e-08, local_rank=-1, seed=42, early_stop_threshold=3)
Process rank: -1, device: cuda, n_gpu: 1, distributed training: False
Model created!!
[[{'text': 'private java.util.List < TYPE_1 > METHOD_1 ( java.util.Collection < TYPE_1 > VAR_1 ) { java.util.List < TYPE_1 > VAR_2 = new java.util.LinkedList < > ( ) ; for ( TYPE_1 VAR_3 : VAR_1 ) { VAR_2 . add ( VAR_3 . METHOD_2 ( ) ) ; } return VAR_2 ; }', 'loss_ids': 0, 'shortenable_ids': 1}, {'text': '<mask>', 'loss_ids': 1, 'shortenable_ids': 0}, {'text': 'is the fixed version', 'loss_ids': 0, 'shortenable_ids': 0}], {'guid': 0, 'tgt_text': 'private java.util.List < TYPE_1 > METHOD_1 ( java.util.Collection < TYPE_1 > VAR_1 ) { java.util.List < TYPE_1 > VAR_2 = new java.util.LinkedList < > ( ) ; for ( TYPE_1 VAR_3 : VAR_1 ) { if ( VAR_3 != null ) { VAR_2 . add ( VAR_3 . METHOD_2 ( ) ) ; } } return VAR_2 ; }'}]
***** Running training *****
  Num examples = 523
  Batch size = 6
  Num epoch = 10

***** Running evaluation *****
  Num examples = 68
  Batch size = 4
  epoch = 0
  eval_ppl = 7.671280254848552e+263
  global_step = 89
  train_loss = 17.2766
  ********************
Previous best ppl:inf
Achieve Best ppl:7.671280254848552e+263
  ********************
BLEU file: ./data/coderefine/1/validation.jsonl
  codebleu-4 = 84.15 	 Previous best codebleu 0
  ********************
 Achieve Best bleu:84.15
  ********************

***** Running evaluation *****
  Num examples = 68
  Batch size = 4
  epoch = 1
  eval_ppl = 6.849070873473107e+260
  global_step = 177
  train_loss = 10.742
  ********************
Previous best ppl:7.671280254848552e+263
Achieve Best ppl:6.849070873473107e+260
  ********************
BLEU file: ./data/coderefine/1/validation.jsonl
  codebleu-4 = 83.72 	 Previous best codebleu 84.15
  ********************

***** Running evaluation *****
  Num examples = 68
  Batch size = 4
  epoch = 2
  eval_ppl = 5.258014405491774e+258
  global_step = 265
  train_loss = 6.5219
  ********************
Previous best ppl:6.849070873473107e+260
Achieve Best ppl:5.258014405491774e+258
  ********************
BLEU file: ./data/coderefine/1/validation.jsonl
  codebleu-4 = 83.86 	 Previous best codebleu 84.15
  ********************

***** Running evaluation *****
  Num examples = 68
  Batch size = 4
  epoch = 3
  eval_ppl = 3.562379682822679e+272
  global_step = 353
  train_loss = 4.2442
  ********************
Previous best ppl:5.258014405491774e+258
BLEU file: ./data/coderefine/1/validation.jsonl
  codebleu-4 = 83.8 	 Previous best codebleu 84.15
  ********************

***** Running evaluation *****
  Num examples = 68
  Batch size = 4
  epoch = 4
  eval_ppl = 1.6802127796084122e+269
  global_step = 441
  train_loss = 2.9151
  ********************
Previous best ppl:5.258014405491774e+258
BLEU file: ./data/coderefine/1/validation.jsonl
  codebleu-4 = 83.22 	 Previous best codebleu 84.15
  ********************

***** Running evaluation *****
  Num examples = 68
  Batch size = 4
  epoch = 5
  eval_ppl = 4.563864334307311e+263
  global_step = 529
  train_loss = 1.7904
  ********************
Previous best ppl:5.258014405491774e+258
BLEU file: ./data/coderefine/1/validation.jsonl
  codebleu-4 = 84.34 	 Previous best codebleu 84.15
  ********************
 Achieve Best bleu:84.34
  ********************

***** Running evaluation *****
  Num examples = 68
  Batch size = 4
  epoch = 6
  eval_ppl = 4.913665559095988e+274
  global_step = 617
  train_loss = 1.097
  ********************
Previous best ppl:5.258014405491774e+258
BLEU file: ./data/coderefine/1/validation.jsonl
  codebleu-4 = 83.44 	 Previous best codebleu 84.34
  ********************

***** Running evaluation *****
  Num examples = 68
  Batch size = 4
  epoch = 7
  eval_ppl = 1.6742071545020882e+279
  global_step = 705
  train_loss = 0.7663
  ********************
Previous best ppl:5.258014405491774e+258
BLEU file: ./data/coderefine/1/validation.jsonl
  codebleu-4 = 84.47 	 Previous best codebleu 84.34
  ********************
 Achieve Best bleu:84.47
  ********************

***** Running evaluation *****
  Num examples = 68
  Batch size = 4
  epoch = 8
  eval_ppl = 4.89116303440993e+272
  global_step = 793
  train_loss = 0.4825
  ********************
Previous best ppl:5.258014405491774e+258
BLEU file: ./data/coderefine/1/validation.jsonl
  codebleu-4 = 84.55 	 Previous best codebleu 84.47
  ********************
 Achieve Best bleu:84.55
  ********************

***** Running evaluation *****
  Num examples = 68
  Batch size = 4
  epoch = 9
  eval_ppl = 3.236307219457003e+274
  global_step = 881
  train_loss = 0.2867
  ********************
Previous best ppl:5.258014405491774e+258
BLEU file: ./data/coderefine/1/validation.jsonl
  codebleu-4 = 84.0 	 Previous best codebleu 84.55
  ********************
reload model from coderefine/1/soft0_codet5p_770m/checkpoint-best-bleu
BLEU file: ./data/coderefine/1/test.jsonl
  codebleu = 83.95 
  Total = 65 
  Exact Fixed = 0 
[]
  Syntax Fixed = 0 
[]
  Cleaned Fixed = 0 
[]
  ********************
  Total = 65 
  Exact Fixed = 0 
[]
  Syntax Fixed = 0 
[]
  Cleaned Fixed = 0 
[]
  codebleu = 83.95 
[0.7126424506176421, 0.9842551012740206, 0.9281005071783828, 0.8993114004984377, 0.8150089529683, 0.8725274255010362, 0.928300667487326, 0.8834981677378932, 0.9829600034358597, 0.9163626546932537, 0.8370326041757811, 0.8254935742435682, 0.7781084427648755, 0.8278388357244892, 0.7116639998684878, 0.6997378869406674, 0.7678973554669544, 0.7170469204924281, 0.8221058879445216, 0.879319736190915, 0.8797680448468579, 0.6191032679341922, 0.8038822150364395, 0.7520682896509341, 0.9110872307806896, 0.8189322526451389, 0.8427891965579847, 0.7989561661872487, 0.8478142384810561, 0.7173744415712103, 0.49134081223312975, 0.8597613708022109, 0.8843550163684829, 0.9446955185101911, 0.8979311034464716, 0.9305021700601903, 0.9268660355448417, 0.7963276200688063, 0.9314363790360074, 0.9851687784356948, 0.8155524005463504, 0.8849494217352065, 0.5968133626478651, 0.9778714416479769, 0.9016408052830359, 0.9361153061647451, 0.9249913723392815, 0.871607281170603, 0.9604557248118928, 0.7408793113748373, 0.6108044918613142, 0.7858576092757317, 0.8197749514891287, 0.8765967388670906, 0.9229930287189765, 0.8821194349268757, 0.8340668169819949, 0.8781387395071456, 0.9246472265862975, 0.7357784638913039, 0.8312231788723917, 0.74212817232249, 0.9896363663444121, 0.8856466224642516, 0.8076842170691593]
Finish training and take 39m
