Namespace(log_name='./RQ5/sstubs_32_1/codet5p_770m.log', model_name='Salesforce/codet5p-770m', lang='java', output_dir='RQ5/sstubs_32_1/codet5p_770m', data_dir='./data/RQ5/sstubs_32_1', choice=0, no_cuda=False, visible_gpu='0', num_train_epochs=10, num_test_epochs=1, train_batch_size=4, eval_batch_size=4, gradient_accumulation_steps=1, load_model_path=None, config_name='', tokenizer_name='', max_source_length=512, max_target_length=512, warm_up_ratio=0.1, do_train=True, do_eval=True, do_test=True, freeze=False, learning_rate=5e-05, beam_size=10, weight_decay=0.0, adam_epsilon=1e-08, local_rank=-1, seed=42, early_stop_threshold=3)
Process rank: -1, device: cuda, n_gpu: 1, distributed training: False
Model created!!
[[{'text': 'skipRequestBody(request);          for (String value : authenticateHeaders) {             response.setHeader(WWW_AUTHENTICATE, value);          }          if (messages.isEmpty()) {', 'loss_ids': 0, 'shortenable_ids': 1}, {'text': '<mask>', 'loss_ids': 1, 'shortenable_ids': 0}, {'text': 'is the fixed version', 'loss_ids': 0, 'shortenable_ids': 0}], {'guid': 0, 'tgt_text': 'skipRequestBody(request);          for (String value : authenticateHeaders) {             response.addHeader(WWW_AUTHENTICATE, value);          }          if (messages.isEmpty()) {'}]
***** Running training *****
  Num examples = 32
  Batch size = 4
  Num epoch = 10

***** Running evaluation *****
  Num examples = 100
  Batch size = 4
  epoch = 0
  eval_ppl = 1.0452433939523454e+246
  global_step = 9
  train_loss = 29.7949
  ********************
Previous best ppl:inf
Achieve Best ppl:1.0452433939523454e+246
  ********************
BLEU file: ./data/RQ5/sstubs_32_1/validation.jsonl
  codebleu-4 = 87.38 	 Previous best codebleu 0
  ********************
 Achieve Best bleu:87.38
  ********************

***** Running evaluation *****
  Num examples = 100
  Batch size = 4
  epoch = 1
  eval_ppl = inf
  global_step = 17
  train_loss = 8.1894
  ********************
Previous best ppl:1.0452433939523454e+246
BLEU file: ./data/RQ5/sstubs_32_1/validation.jsonl
  codebleu-4 = 92.94 	 Previous best codebleu 87.38
  ********************
 Achieve Best bleu:92.94
  ********************

***** Running evaluation *****
  Num examples = 100
  Batch size = 4
  epoch = 2
  eval_ppl = inf
  global_step = 25
  train_loss = 2.8537
  ********************
Previous best ppl:1.0452433939523454e+246
BLEU file: ./data/RQ5/sstubs_32_1/validation.jsonl
  codebleu-4 = 92.3 	 Previous best codebleu 92.94
  ********************

***** Running evaluation *****
  Num examples = 100
  Batch size = 4
  epoch = 3
  eval_ppl = inf
  global_step = 33
  train_loss = 1.5672
  ********************
Previous best ppl:1.0452433939523454e+246
BLEU file: ./data/RQ5/sstubs_32_1/validation.jsonl
  codebleu-4 = 93.9 	 Previous best codebleu 92.94
  ********************
 Achieve Best bleu:93.9
  ********************

***** Running evaluation *****
  Num examples = 100
  Batch size = 4
  epoch = 4
  eval_ppl = inf
  global_step = 41
  train_loss = 0.3691
  ********************
Previous best ppl:1.0452433939523454e+246
BLEU file: ./data/RQ5/sstubs_32_1/validation.jsonl
  codebleu-4 = 94.08 	 Previous best codebleu 93.9
  ********************
 Achieve Best bleu:94.08
  ********************

***** Running evaluation *****
  Num examples = 100
  Batch size = 4
  epoch = 5
  eval_ppl = inf
  global_step = 49
  train_loss = 0.2762
  ********************
Previous best ppl:1.0452433939523454e+246
BLEU file: ./data/RQ5/sstubs_32_1/validation.jsonl
  codebleu-4 = 94.11 	 Previous best codebleu 94.08
  ********************
 Achieve Best bleu:94.11
  ********************

***** Running evaluation *****
  Num examples = 100
  Batch size = 4
  epoch = 6
  eval_ppl = inf
  global_step = 57
  train_loss = 0.3132
  ********************
Previous best ppl:1.0452433939523454e+246
BLEU file: ./data/RQ5/sstubs_32_1/validation.jsonl
  codebleu-4 = 93.95 	 Previous best codebleu 94.11
  ********************

***** Running evaluation *****
  Num examples = 100
  Batch size = 4
  epoch = 7
  eval_ppl = inf
  global_step = 65
  train_loss = 0.1648
  ********************
Previous best ppl:1.0452433939523454e+246
BLEU file: ./data/RQ5/sstubs_32_1/validation.jsonl
  codebleu-4 = 94.1 	 Previous best codebleu 94.11
  ********************

***** Running evaluation *****
  Num examples = 100
  Batch size = 4
  epoch = 8
  eval_ppl = inf
  global_step = 73
  train_loss = 0.1462
  ********************
Previous best ppl:1.0452433939523454e+246
BLEU file: ./data/RQ5/sstubs_32_1/validation.jsonl
  codebleu-4 = 94.14 	 Previous best codebleu 94.11
  ********************
 Achieve Best bleu:94.14
  ********************

***** Running evaluation *****
  Num examples = 100
  Batch size = 4
  epoch = 9
  eval_ppl = inf
  global_step = 81
  train_loss = 0.1103
  ********************
Previous best ppl:1.0452433939523454e+246
BLEU file: ./data/RQ5/sstubs_32_1/validation.jsonl
  codebleu-4 = 94.14 	 Previous best codebleu 94.14
  ********************
reload model from RQ5/sstubs_32_1/codet5p_770m/checkpoint-best-bleu
BLEU file: ./data/RQ5/sstubs_32_1/test.jsonl
  codebleu = 94.63 
  Total = 500 
  Exact Fixed = 251 
[1, 2, 3, 5, 6, 7, 8, 9, 10, 11, 14, 15, 17, 18, 20, 21, 22, 23, 24, 25, 31, 32, 34, 35, 36, 37, 39, 42, 44, 45, 46, 47, 48, 49, 52, 55, 56, 58, 61, 62, 63, 64, 65, 69, 70, 75, 78, 80, 82, 85, 87, 88, 90, 92, 93, 94, 95, 96, 97, 100, 101, 102, 103, 105, 106, 109, 110, 112, 113, 114, 115, 116, 118, 120, 121, 125, 126, 127, 128, 129, 130, 131, 132, 135, 136, 138, 139, 140, 141, 144, 145, 148, 149, 152, 153, 154, 155, 156, 158, 160, 165, 167, 169, 170, 172, 173, 176, 177, 183, 186, 188, 192, 195, 196, 197, 198, 201, 202, 203, 204, 205, 209, 211, 214, 215, 218, 221, 228, 229, 230, 231, 232, 233, 237, 238, 239, 240, 241, 242, 246, 247, 248, 249, 250, 252, 254, 255, 256, 259, 262, 263, 265, 266, 267, 268, 270, 273, 275, 279, 283, 286, 287, 291, 295, 298, 306, 308, 311, 312, 314, 315, 316, 318, 319, 321, 322, 323, 325, 327, 333, 335, 337, 338, 339, 340, 341, 342, 343, 344, 345, 346, 347, 350, 355, 359, 360, 369, 370, 375, 379, 383, 385, 389, 391, 394, 395, 400, 401, 403, 407, 409, 411, 415, 417, 421, 422, 423, 425, 427, 428, 433, 434, 435, 438, 442, 448, 449, 451, 452, 454, 455, 459, 462, 463, 465, 466, 467, 469, 470, 475, 477, 480, 482, 484, 487, 488, 492, 494, 496, 497, 498]
  Syntax Fixed = 1 
[81]
  Cleaned Fixed = 0 
[]
  ********************
  Total = 500 
  Exact Fixed = 251 
[1, 2, 3, 5, 6, 7, 8, 9, 10, 11, 14, 15, 17, 18, 20, 21, 22, 23, 24, 25, 31, 32, 34, 35, 36, 37, 39, 42, 44, 45, 46, 47, 48, 49, 52, 55, 56, 58, 61, 62, 63, 64, 65, 69, 70, 75, 78, 80, 82, 85, 87, 88, 90, 92, 93, 94, 95, 96, 97, 100, 101, 102, 103, 105, 106, 109, 110, 112, 113, 114, 115, 116, 118, 120, 121, 125, 126, 127, 128, 129, 130, 131, 132, 135, 136, 138, 139, 140, 141, 144, 145, 148, 149, 152, 153, 154, 155, 156, 158, 160, 165, 167, 169, 170, 172, 173, 176, 177, 183, 186, 188, 192, 195, 196, 197, 198, 201, 202, 203, 204, 205, 209, 211, 214, 215, 218, 221, 228, 229, 230, 231, 232, 233, 237, 238, 239, 240, 241, 242, 246, 247, 248, 249, 250, 252, 254, 255, 256, 259, 262, 263, 265, 266, 267, 268, 270, 273, 275, 279, 283, 286, 287, 291, 295, 298, 306, 308, 311, 312, 314, 315, 316, 318, 319, 321, 322, 323, 325, 327, 333, 335, 337, 338, 339, 340, 341, 342, 343, 344, 345, 346, 347, 350, 355, 359, 360, 369, 370, 375, 379, 383, 385, 389, 391, 394, 395, 400, 401, 403, 407, 409, 411, 415, 417, 421, 422, 423, 425, 427, 428, 433, 434, 435, 438, 442, 448, 449, 451, 452, 454, 455, 459, 462, 463, 465, 466, 467, 469, 470, 475, 477, 480, 482, 484, 487, 488, 492, 494, 496, 497, 498]
  Syntax Fixed = 1 
[81]
  Cleaned Fixed = 0 
[]
  codebleu = 94.63 
[1.0, 1.0, 1.0, 0.8947836446510709, 1.0, 1.0, 1.0, 1.0, 1.0, 1.0, 1.0, 0.8748733743967635, 0.9167248063681421, 1.0, 1.0, 0.9485932253610538, 1.0, 1.0, 0.9176675865658077, 1.0, 1.0, 1.0, 1.0, 1.0, 1.0, 0.7010984251778435, 0.9056583090096291, 0.8892742146930692, 0.8665518607362566, 0.8822720915082483, 1.0, 1.0, 0.7099766481408452, 1.0, 1.0, 1.0, 1.0, 0.9272945586059962, 1.0, 0.9236426846280885, 0.9257671218945684, 1.0, 0.8641939857382575, 1.0, 1.0, 1.0, 1.0, 1.0, 1.0, 0.8472999580048346, 0.9261420415269246, 1.0, 0.8362511196423215, 0.9435321610524647, 1.0, 1.0, 0.8746806556337734, 1.0, 0.8892742146930692, 0.7491375710149024, 1.0, 1.0, 1.0, 1.0, 1.0, 0.8897268293826727, 0.9600948805844232, 0.8961079319106557, 1.0, 1.0, 0.9544887439837764, 0.9151340803413444, 0.9600553834135903, 0.7503432335009788, 1.0, 0.9783152785012215, 0.8348805422215138, 1.0, 0.8748733743967635, 1.0, 0.9699899456986019, 1.0, 0.9600553834135903, 0.8821296454239946, 1.0, 0.9557161384210198, 1.0, 1.0, 0.9291467833782516, 1.0, 0.7446226556026081, 1.0, 1.0, 1.0, 1.0, 1.0, 1.0, 0.9323598782946632, 0.9339261075829457, 1.0, 1.0, 1.0, 1.0, 0.8748733743967635, 1.0, 1.0, 0.8845572237610086, 0.970114879479065, 1.0, 1.0, 0.9498733743967636, 1.0, 1.0, 1.0, 1.0, 1.0, 0.9027245358790694, 1.0, 0.936923058378295, 1.0, 1.0, 0.9689323767297664, 0.963531800540206, 0.8387796716807858, 1.0, 1.0, 1.0, 1.0, 1.0, 1.0, 1.0, 1.0, 0.9733211546063425, 0.9469728550743763, 1.0, 1.0, 0.9524183912964097, 1.0, 1.0, 1.0, 1.0, 0.9326807851263892, 0.8139113648956017, 1.0, 1.0, 0.9019927469706532, 0.9375231838826312, 1.0, 1.0, 0.9357730833493334, 0.9222992547977531, 1.0, 1.0, 1.0, 1.0, 1.0, 0.7967629523839908, 1.0, 0.8806751756510949, 1.0, 0.9637364956234171, 0.8840834056802387, 0.822395584879356, 0.8617520551076281, 1.0, 0.7596309910435032, 1.0, 0.9498733743967636, 1.0, 1.0, 0.9587753838819759, 1.0, 1.0, 0.9439975336408695, 0.7876421850012838, 1.0, 1.0, 0.9584627887351178, 0.9466595714446484, 0.9267516766457782, 0.904775862258383, 0.9044642401339957, 1.0, 0.801180028968093, 0.9530008025801151, 1.0, 0.9546221339246326, 1.0, 0.8664266028701744, 0.9387616321274028, 0.8014447380383962, 1.0, 0.9581095565874824, 0.8439975336408694, 1.0, 1.0, 1.0, 1.0, 0.7831318837364406, 0.9564084233825603, 1.0, 1.0, 1.0, 1.0, 1.0, 0.8821296454239946, 0.9312991012532417, 0.9600948805844232, 1.0, 0.769122578011458, 1.0, 0.8803078606169892, 0.9215834056802388, 1.0, 1.0, 0.872043345180356, 0.8772801558214238, 1.0, 0.9583676774082095, 0.8846386294351021, 1.0, 0.9222862123570568, 0.9407613352737074, 0.9085309210098864, 0.7590096946794502, 0.936752055107628, 0.9188441984944269, 1.0, 1.0, 0.9680988793409613, 1.0, 1.0, 1.0, 0.884777214048037, 0.9725011474210121, 0.9498733743967636, 1.0, 1.0, 1.0, 1.0, 1.0, 1.0, 0.884137748772268, 0.8222725521291268, 0.9325400085710811, 1.0, 1.0, 1.0, 1.0, 1.0, 0.9372561368734473, 1.0, 0.9600553834135903, 1.0, 1.0, 1.0, 0.9495565333799167, 0.910233087519547, 1.0, 0.8531462888634065, 0.8404979526305214, 1.0, 1.0, 0.8755319098520675, 1.0, 1.0, 1.0, 1.0, 0.8212636043254029, 1.0, 0.949068802064335, 0.9259881201117277, 1.0, 0.9547081880846386, 1.0, 0.8509588599283562, 0.8821296454239946, 0.9323598782946632, 1.0, 0.9600553834135903, 0.8721212086381336, 0.8775938189123087, 1.0, 0.8648103351245982, 0.9466595714446484, 1.0, 1.0, 0.9565292378112795, 0.9499861168443409, 0.7016265496309229, 1.0, 0.8947836446510709, 0.8626149393966556, 0.9497338034253828, 1.0, 0.9273308669742027, 0.9119950221406494, 1.0, 0.8698869964564975, 0.7962718684980241, 0.9601466755014141, 0.9238877689380496, 0.9332624127367197, 0.9155105345510666, 0.8721507316445842, 1.0, 0.8748733743967635, 1.0, 0.9056583090096291, 0.7026615485512439, 1.0, 1.0, 0.7944107194467429, 1.0, 1.0, 1.0, 0.8784503390575601, 1.0, 1.0, 0.8895342368991435, 1.0, 1.0, 1.0, 0.8056751756510949, 1.0, 0.8953661348226227, 1.0, 0.9583676774082095, 0.9598988001907718, 0.8768888807546595, 0.9630476148256921, 0.9056583090096291, 1.0, 0.8215803485831588, 1.0, 0.9327938350960072, 1.0, 1.0, 1.0, 1.0, 1.0, 1.0, 1.0, 1.0, 1.0, 1.0, 1.0, 0.8667343878768172, 0.966664755877954, 1.0, 0.9404330472606062, 0.8748733743967635, 0.9181872441208678, 0.9698138929646263, 1.0, 0.9493239030379825, 0.910233087519547, 0.9407613352737074, 1.0, 1.0, 0.9136222331075061, 0.8573835536643046, 0.9443755095409017, 0.9543920430664012, 0.9370576952964131, 0.897304295554296, 0.8761569670973709, 0.8576767641936891, 1.0, 1.0, 0.9323598782946632, 0.9472873156881443, 0.9466595714446484, 0.9287546369958737, 1.0, 0.9441518237028776, 0.7292149374693833, 0.9499861168443409, 1.0, 0.7016265496309229, 0.9653175874774487, 0.8969876166404993, 1.0, 0.8422237749567263, 1.0, 0.8806751756510949, 0.8045788816545087, 0.8648103351245982, 1.0, 0.9680975247490764, 1.0, 0.6851513300845844, 0.8755319098520675, 1.0, 1.0, 0.8083676774082095, 0.9207265089204273, 0.940598945729278, 0.8748733743967635, 1.0, 1.0, 0.9583676774082095, 1.0, 0.940101844638672, 0.8535922152441364, 0.8667343878768172, 1.0, 0.9470228248649237, 1.0, 0.8821296454239946, 1.0, 0.8642470965743208, 0.9309949427736264, 0.9441518237028776, 1.0, 0.9059642451028274, 1.0, 0.9321212086381336, 0.9523104352365284, 0.7032463562196102, 1.0, 1.0, 1.0, 0.8212347889887717, 1.0, 0.9365809638486668, 1.0, 1.0, 0.534613777706259, 0.7810580026281693, 0.8535087661549325, 0.7877842946802818, 1.0, 1.0, 1.0, 0.9584627887351178, 0.936752055107628, 1.0, 0.957982876787582, 0.9693261143428569, 0.9354021130737269, 1.0, 0.9085309210098864, 0.9546221339246326, 0.9583676774082095, 0.8394141655908587, 0.9215834056802388, 1.0, 1.0, 0.9497338034253828, 1.0, 1.0, 0.8655056700329364, 1.0, 1.0, 0.7378414230005441, 0.9044642401339957, 0.9565292378112795, 1.0, 0.8984375659602104, 0.8212347889887717, 1.0, 1.0, 0.8816015466501335, 1.0, 1.0, 1.0, 0.9509004453320677, 1.0, 1.0, 0.829922431649786, 0.8112458888495773, 0.9468351265733028, 0.862347908057336, 1.0, 0.8313412454774565, 1.0, 0.9099697272423548, 0.8648103351245982, 1.0, 0.7486246705124127, 1.0, 0.9546221339246326, 1.0, 0.8535087661549325, 0.7345176572401336, 1.0, 1.0, 0.9207265089204273, 0.9061846501490565, 0.8871606681680837, 1.0, 0.9562237378841005, 1.0, 0.928067052222928, 1.0, 1.0, 1.0, 0.8463836287468253, 0.940101844638672]
Finish training and take 20m
