Namespace(log_name='./RQ5/bugsinpy_900_1/codet5p_770m.log', model_name='Salesforce/codet5p-770m', lang='python', output_dir='RQ5/bugsinpy_900_1/codet5p_770m', data_dir='./data/RQ5/bugsinpy_900_1', choice=0, no_cuda=False, visible_gpu='0', num_train_epochs=10, num_test_epochs=1, train_batch_size=4, eval_batch_size=4, gradient_accumulation_steps=1, load_model_path=None, config_name='', tokenizer_name='', max_source_length=512, max_target_length=512, warm_up_ratio=0.1, do_train=True, do_eval=True, do_test=True, freeze=False, learning_rate=5e-05, beam_size=10, weight_decay=0.0, adam_epsilon=1e-08, local_rank=-1, seed=42, early_stop_threshold=3)
Process rank: -1, device: cuda, n_gpu: 1, distributed training: False
Model created!!
[[{'text': 'class FastAPI(Starlette):              response_model_exclude_unset=bool(                  response_model_exclude_unset or response_model_skip_defaults              ),              include_in_schema=include_in_schema,              response_class=response_class or self.default_response_class,              name=name,', 'loss_ids': 0, 'shortenable_ids': 1}, {'text': '<mask>', 'loss_ids': 1, 'shortenable_ids': 0}, {'text': 'is the fixed version', 'loss_ids': 0, 'shortenable_ids': 0}], {'guid': 0, 'tgt_text': 'class FastAPI(Starlette):              response_model_exclude_unset=bool(                  response_model_exclude_unset or response_model_skip_defaults              ),             response_model_exclude_defaults=response_model_exclude_defaults,             response_model_exclude_none=response_model_exclude_none,              include_in_schema=include_in_schema,              response_class=response_class or self.default_response_class,              name=name,'}]
***** Running training *****
  Num examples = 900
  Batch size = 4
  Num epoch = 10

***** Running evaluation *****
  Num examples = 100
  Batch size = 4
  epoch = 0
  eval_ppl = inf
  global_step = 226
  train_loss = 48.5919
  ********************
Previous best ppl:inf
Achieve Best ppl:inf
  ********************
BLEU file: ./data/RQ5/bugsinpy_900_1/validation.jsonl
  codebleu-4 = 77.2 	 Previous best codebleu 0
  ********************
 Achieve Best bleu:77.2
  ********************

***** Running evaluation *****
  Num examples = 100
  Batch size = 4
  epoch = 1
  eval_ppl = inf
  global_step = 451
  train_loss = 27.8473
  ********************
Previous best ppl:inf
Achieve Best ppl:inf
  ********************
BLEU file: ./data/RQ5/bugsinpy_900_1/validation.jsonl
  codebleu-4 = 78.03 	 Previous best codebleu 77.2
  ********************
 Achieve Best bleu:78.03
  ********************

***** Running evaluation *****
  Num examples = 100
  Batch size = 4
  epoch = 2
  eval_ppl = inf
  global_step = 676
  train_loss = 15.605
  ********************
Previous best ppl:inf
BLEU file: ./data/RQ5/bugsinpy_900_1/validation.jsonl
  codebleu-4 = 78.74 	 Previous best codebleu 78.03
  ********************
 Achieve Best bleu:78.74
  ********************

***** Running evaluation *****
  Num examples = 100
  Batch size = 4
  epoch = 3
  eval_ppl = inf
  global_step = 901
  train_loss = 8.5498
  ********************
Previous best ppl:inf
BLEU file: ./data/RQ5/bugsinpy_900_1/validation.jsonl
  codebleu-4 = 78.64 	 Previous best codebleu 78.74
  ********************

***** Running evaluation *****
  Num examples = 100
  Batch size = 4
  epoch = 4
  eval_ppl = inf
  global_step = 1126
  train_loss = 4.8097
  ********************
Previous best ppl:inf
BLEU file: ./data/RQ5/bugsinpy_900_1/validation.jsonl
  codebleu-4 = 78.53 	 Previous best codebleu 78.74
  ********************

***** Running evaluation *****
  Num examples = 100
  Batch size = 4
  epoch = 5
  eval_ppl = inf
  global_step = 1351
  train_loss = 2.6987
  ********************
Previous best ppl:inf
BLEU file: ./data/RQ5/bugsinpy_900_1/validation.jsonl
  codebleu-4 = 79.14 	 Previous best codebleu 78.74
  ********************
 Achieve Best bleu:79.14
  ********************

***** Running evaluation *****
  Num examples = 100
  Batch size = 4
  epoch = 6
  eval_ppl = inf
  global_step = 1576
  train_loss = 1.6934
  ********************
Previous best ppl:inf
BLEU file: ./data/RQ5/bugsinpy_900_1/validation.jsonl
  codebleu-4 = 77.92 	 Previous best codebleu 79.14
  ********************

***** Running evaluation *****
  Num examples = 100
  Batch size = 4
  epoch = 7
  eval_ppl = inf
  global_step = 1801
  train_loss = 0.8941
  ********************
Previous best ppl:inf
BLEU file: ./data/RQ5/bugsinpy_900_1/validation.jsonl
  codebleu-4 = 77.38 	 Previous best codebleu 79.14
  ********************

***** Running evaluation *****
  Num examples = 100
  Batch size = 4
  epoch = 8
  eval_ppl = inf
  global_step = 2026
  train_loss = 0.6461
  ********************
Previous best ppl:inf
BLEU file: ./data/RQ5/bugsinpy_900_1/validation.jsonl
  codebleu-4 = 78.24 	 Previous best codebleu 79.14
  ********************
early stopping!!!
reload model from RQ5/bugsinpy_900_1/codet5p_770m/checkpoint-best-bleu
BLEU file: ./data/RQ5/bugsinpy_900_1/test.jsonl
  codebleu = 75.86 
  Total = 117 
  Exact Fixed = 17 
[2, 4, 13, 17, 20, 22, 23, 29, 36, 37, 50, 52, 57, 60, 78, 85, 91]
  Syntax Fixed = 1 
[9]
  Cleaned Fixed = 0 
[]
  ********************
  Total = 117 
  Exact Fixed = 17 
[2, 4, 13, 17, 20, 22, 23, 29, 36, 37, 50, 52, 57, 60, 78, 85, 91]
  Syntax Fixed = 1 
[9]
  Cleaned Fixed = 0 
[]
  codebleu = 75.86 
[0.7768711691119308, 1.0, 0.29686995681723677, 1.0, 0.9063467386633746, 0.782053171927164, 0.8096114788906146, 0.6883720951974961, 0.9054803697064888, 0.7051775280522101, 0.42569801490082815, 0.8703246706459902, 1.0, 0.7132642165763982, 0.5976301703621436, 0.7332519354895861, 0.9399649879642329, 0.6842867340729187, 0.8871978499693505, 1.0, 0.6472939963727664, 1.0, 1.0, 0.4876798485791254, 0.7225931341121177, 0.8856389378075658, 0.5891402025588024, 0.8773104352365284, 1.0, 0.4381828576433065, 0.8255369674887578, 0.5455694173163618, 0.9474759345795825, 0.8358395384567638, 0.7110837109209384, 1.0, 0.9355467351067721, 0.6712879672906568, 0.676525822803221, 0.8300101016746005, 0.5117566728908322, 0.7896354401872717, 0.6462541125586169, 0.7233194019400648, 0.7639654153934541, 0.5537274291090875, 0.6363040664755386, 0.8234479137638847, 0.4545507520171642, 1.0, 0.884250182279102, 0.949504537888815, 0.9056583090096291, 0.7443181170763433, 0.9666856331752072, 0.7531797171538064, 1.0, 0.8231560738418289, 0.5758059068891177, 1.0, 0.6374410208386678, 0.7652740132249347, 0.6877450065623492, 0.45499728751656643, 0.8327563752968696, 0.8193855035032289, 0.8362747318435784, 0.7093853536262804, 0.6379087592365784, 0.8123883971415078, 0.8814955038434287, 0.7388721037764168, 0.7478035692061669, 0.8853004704636518, 0.4935991892242142, 0.5788186931493522, 0.6502002482190439, 1.0, 0.5323818219115216, 0.8233676046914074, 0.8971695160234401, 0.6991468984827918, 0.9411542454583528, 0.6508693332230462, 1.0, 0.8808919461147899, 0.7095762239356153, 0.9204219587780458, 0.7887340308776575, 0.8548397899287874, 1.0, 0.8754861943073293, 0.7205089220380079, 0.7420541780659815, 0.7042491754748079, 0.7164493834577911, 0.76688698009611, 0.8782734899756608, 0.3765811737351856, 0.8962096929024133, 0.8642706682188466, 0.32031608308714776, 0.6831708548501114, 0.44734616763761426, 0.5571314709024371, 0.7959272760895115, 0.6530224530296921, 0.8213022904461214, 0.5219704873191535, 0.7220447926250532, 0.6942152672470339, 0.8807926879441415, 0.7283421666422167, 0.48749709304738487, 0.767723111687518, 0.610067068626702, 0.8038883770438103]
Finish training and take 42m
