Namespace(log_name='./RQ5/bugsinpy_900_1/codet5p_220m.log', model_name='Salesforce/codet5p-220m', lang='python', output_dir='RQ5/bugsinpy_900_1/codet5p_220m', data_dir='./data/RQ5/bugsinpy_900_1', choice=0, no_cuda=False, visible_gpu='0', num_train_epochs=10, num_test_epochs=1, train_batch_size=4, eval_batch_size=4, gradient_accumulation_steps=1, load_model_path=None, config_name='', tokenizer_name='', max_source_length=512, max_target_length=512, warm_up_ratio=0.1, do_train=True, do_eval=True, do_test=True, freeze=False, learning_rate=5e-05, beam_size=10, weight_decay=0.0, adam_epsilon=1e-08, local_rank=-1, seed=42, early_stop_threshold=3)
Process rank: -1, device: cuda, n_gpu: 1, distributed training: False
Model created!!
[[{'text': 'class FastAPI(Starlette):              response_model_exclude_unset=bool(                  response_model_exclude_unset or response_model_skip_defaults              ),              include_in_schema=include_in_schema,              response_class=response_class or self.default_response_class,              name=name,', 'loss_ids': 0, 'shortenable_ids': 1}, {'text': '<mask>', 'loss_ids': 1, 'shortenable_ids': 0}, {'text': 'is the fixed version', 'loss_ids': 0, 'shortenable_ids': 0}], {'guid': 0, 'tgt_text': 'class FastAPI(Starlette):              response_model_exclude_unset=bool(                  response_model_exclude_unset or response_model_skip_defaults              ),             response_model_exclude_defaults=response_model_exclude_defaults,             response_model_exclude_none=response_model_exclude_none,              include_in_schema=include_in_schema,              response_class=response_class or self.default_response_class,              name=name,'}]
***** Running training *****
  Num examples = 900
  Batch size = 4
  Num epoch = 10

***** Running evaluation *****
  Num examples = 100
  Batch size = 4
  epoch = 0
  eval_ppl = inf
  global_step = 226
  train_loss = 57.8254
  ********************
Previous best ppl:inf
Achieve Best ppl:inf
  ********************
BLEU file: ./data/RQ5/bugsinpy_900_1/validation.jsonl
  codebleu-4 = 75.44 	 Previous best codebleu 0
  ********************
 Achieve Best bleu:75.44
  ********************

***** Running evaluation *****
  Num examples = 100
  Batch size = 4
  epoch = 1
  eval_ppl = inf
  global_step = 451
  train_loss = 36.5343
  ********************
Previous best ppl:inf
BLEU file: ./data/RQ5/bugsinpy_900_1/validation.jsonl
  codebleu-4 = 77.92 	 Previous best codebleu 75.44
  ********************
 Achieve Best bleu:77.92
  ********************

***** Running evaluation *****
  Num examples = 100
  Batch size = 4
  epoch = 2
  eval_ppl = inf
  global_step = 676
  train_loss = 24.2084
  ********************
Previous best ppl:inf
BLEU file: ./data/RQ5/bugsinpy_900_1/validation.jsonl
  codebleu-4 = 78.01 	 Previous best codebleu 77.92
  ********************
 Achieve Best bleu:78.01
  ********************

***** Running evaluation *****
  Num examples = 100
  Batch size = 4
  epoch = 3
  eval_ppl = inf
  global_step = 901
  train_loss = 15.8743
  ********************
Previous best ppl:inf
BLEU file: ./data/RQ5/bugsinpy_900_1/validation.jsonl
  codebleu-4 = 79.19 	 Previous best codebleu 78.01
  ********************
 Achieve Best bleu:79.19
  ********************

***** Running evaluation *****
  Num examples = 100
  Batch size = 4
  epoch = 4
  eval_ppl = inf
  global_step = 1126
  train_loss = 10.8316
  ********************
Previous best ppl:inf
BLEU file: ./data/RQ5/bugsinpy_900_1/validation.jsonl
  codebleu-4 = 78.91 	 Previous best codebleu 79.19
  ********************

***** Running evaluation *****
  Num examples = 100
  Batch size = 4
  epoch = 5
  eval_ppl = inf
  global_step = 1351
  train_loss = 7.5771
  ********************
Previous best ppl:inf
BLEU file: ./data/RQ5/bugsinpy_900_1/validation.jsonl
  codebleu-4 = 79.85 	 Previous best codebleu 79.19
  ********************
 Achieve Best bleu:79.85
  ********************

***** Running evaluation *****
  Num examples = 100
  Batch size = 4
  epoch = 6
  eval_ppl = inf
  global_step = 1576
  train_loss = 5.4805
  ********************
Previous best ppl:inf
BLEU file: ./data/RQ5/bugsinpy_900_1/validation.jsonl
  codebleu-4 = 79.47 	 Previous best codebleu 79.85
  ********************

***** Running evaluation *****
  Num examples = 100
  Batch size = 4
  epoch = 7
  eval_ppl = inf
  global_step = 1801
  train_loss = 3.9013
  ********************
Previous best ppl:inf
BLEU file: ./data/RQ5/bugsinpy_900_1/validation.jsonl
  codebleu-4 = 79.19 	 Previous best codebleu 79.85
  ********************

***** Running evaluation *****
  Num examples = 100
  Batch size = 4
  epoch = 8
  eval_ppl = inf
  global_step = 2026
  train_loss = 2.9699
  ********************
Previous best ppl:inf
BLEU file: ./data/RQ5/bugsinpy_900_1/validation.jsonl
  codebleu-4 = 78.39 	 Previous best codebleu 79.85
  ********************
early stopping!!!
reload model from RQ5/bugsinpy_900_1/codet5p_220m/checkpoint-best-bleu
BLEU file: ./data/RQ5/bugsinpy_900_1/test.jsonl
  codebleu = 77.43 
  Total = 117 
  Exact Fixed = 15 
[2, 4, 9, 17, 20, 22, 23, 29, 36, 37, 50, 52, 57, 85, 104]
  Syntax Fixed = 1 
[63]
  Cleaned Fixed = 0 
[]
  ********************
  Total = 117 
  Exact Fixed = 15 
[2, 4, 9, 17, 20, 22, 23, 29, 36, 37, 50, 52, 57, 85, 104]
  Syntax Fixed = 1 
[63]
  Cleaned Fixed = 0 
[]
  codebleu = 77.43 
[0.7768711691119308, 1.0, 0.3031200238102166, 1.0, 0.9063467386633746, 0.782053171927164, 0.8096114788906146, 0.6883720951974961, 1.0, 0.8573638305228279, 0.6873455481075036, 0.8703246706459902, 0.8472873156881442, 0.8884573785188872, 0.7715012035371895, 0.7332519354895861, 0.9399649879642329, 0.7449734989717058, 0.8871978499693505, 1.0, 0.5120034889678938, 1.0, 1.0, 0.7318286091585733, 0.7225931341121177, 0.8856389378075658, 0.8077895563342797, 0.8773104352365284, 1.0, 0.257279843818361, 0.8255369674887578, 0.6441425627537012, 0.9474759345795825, 0.8358395384567638, 0.6853803599169206, 1.0, 0.9355467351067721, 0.6974243309270205, 0.676525822803221, 0.631282340524122, 0.5117566728908322, 0.7896354401872717, 0.6439391185600173, 0.5002377244306854, 0.7639654153934541, 0.583933634540305, 0.7042953619649426, 0.8234479137638847, 0.4545507520171642, 1.0, 0.884250182279102, 0.949504537888815, 0.9056583090096291, 0.7443181170763433, 0.9666856331752072, 0.7531797171538064, 1.0, 0.8231560738418289, 0.6841374317909407, 0.7811422794173712, 0.6374410208386678, 0.6356257812621184, 0.9114766235414771, 0.4500690462517839, 0.9309470682699423, 0.8923125000332248, 0.8022604263379136, 0.7093853536262804, 0.8789801838086921, 0.8505702153233261, 0.8814955038434287, 0.8594942629236695, 0.5102475156046964, 0.8853004704636518, 0.5911195501972704, 0.8631855387221548, 0.8352894783834772, 0.5750974938187585, 0.6601281703247908, 0.8233676046914074, 0.8971695160234401, 0.6991468984827918, 0.9411542454583528, 0.6508693332230462, 1.0, 0.8808919461147899, 0.6679133700433427, 0.9204219587780458, 0.8300638244826566, 0.7284437402228385, 0.6739998373105733, 0.8754861943073293, 0.7205089220380079, 0.7420541780659815, 0.7398658182365634, 0.7164493834577911, 0.9178662308912058, 0.8782734899756608, 0.6260989573747027, 0.8962096929024133, 0.6413921957402942, 0.39686614731832626, 0.6831708548501114, 1.0, 0.4772482647203574, 0.9142445273649933, 0.6530224530296921, 0.8213022904461214, 0.4917256863080903, 0.7243849758480987, 0.68965030200429, 0.8807926879441415, 0.7283421666422167, 0.6567429270683093, 0.767723111687518, 0.610067068626702, 0.8385834949297515]
Finish training and take 23m
