Namespace(log_name='./RQ5/tfix_1_1/codet5p_770m_f.log', model_name='Salesforce/codet5p-770m', lang='javascript', output_dir='RQ5/tfix_1_1/codet5p_770m_f', data_dir='./data/RQ5/tfix_1_1', no_cuda=False, visible_gpu='0', add_task_prefix=False, add_lang_ids=False, num_train_epochs=10, num_test_epochs=10, train_batch_size=4, eval_batch_size=4, gradient_accumulation_steps=2, load_model_path=None, config_name='', tokenizer_name='', max_source_length=512, max_target_length=512, warm_up_ratio=0.1, do_train=True, do_eval=True, do_test=True, do_lower_case=False, learning_rate=5e-05, beam_size=10, weight_decay=0.0, adam_epsilon=1e-08, max_grad_norm=1.0, max_steps=-1, eval_steps=-1, train_steps=-1, local_rank=-1, seed=42, early_stop_threshold=2)
Process rank: -1, device: cuda, n_gpu: 1, distributed training: False, model_name: Salesforce/codet5p-770m
model created!
Total 1 training instances 
***** Running training *****
  Num examples = 1
  Batch size = 4
  Num epoch = 10

***** Running evaluation *****
  Num examples = 100
  Batch size = 4
  epoch = 0
  eval_ppl = 1.01999
  global_step = 1
  train_loss = 3.8565
  ********************
Previous best ppl:inf
Achieve Best ppl:1.01999
  ********************
BLEU file: ./data/RQ5/tfix_1_1/validation.jsonl
  codebleu-4 = 17.83 	 Previous best codebleu 0
  ********************
 Achieve Best bleu:17.83
  ********************

***** Running evaluation *****
  Num examples = 100
  Batch size = 4
  epoch = 1
  eval_ppl = 1.01999
  global_step = 1
  train_loss = 5.0258
  ********************
Previous best ppl:1.01999
BLEU file: ./data/RQ5/tfix_1_1/validation.jsonl
  codebleu-4 = 17.83 	 Previous best codebleu 17.83
  ********************

***** Running evaluation *****
  Num examples = 100
  Batch size = 4
  epoch = 2
  eval_ppl = 1.01999
  global_step = 1
  train_loss = 3.9945
  ********************
Previous best ppl:1.01999
BLEU file: ./data/RQ5/tfix_1_1/validation.jsonl
  codebleu-4 = 17.83 	 Previous best codebleu 17.83
  ********************
reload model from RQ5/tfix_1_1/codet5p_770m_f/checkpoint-best-bleu
BLEU file: ./data/RQ5/tfix_1_1/test.jsonl
  codebleu = 15.42 
  Total = 500 
  Exact Fixed = 0 
[]
  Syntax Fixed = 0 
[]
  Cleaned Fixed = 0 
[]
  ********************
  Total = 500 
  Exact Fixed = 0 
[]
  Syntax Fixed = 0 
[]
  Cleaned Fixed = 0 
[]
  codebleu = 15.42 
[0.11352223250492824, 0.10017251293847038, 0.042926619645254696, 0.09006696109448614, 0.033690701227398465, 0.06000423229180073, 0.007529526890683015, 0.17471259303547332, 0.042649827996186024, 0.02222222222222222, 0.04055727554179567, 0.1982067982538809, 0.11690659479210562, 0.19883720930232557, 0.07020361936287695, 0.10517830055210027, 0.02222222222222222, 0.0, 0.021428571428571425, 0.1358906708829073, 0.10618474659284938, 0.004028421574335694, 0.5982043390941232, 0.1618341767848444, 0.16273364315190297, 0.22613294555442223, 0.08973607038123167, 0.553740891145478, 0.2669856459330143, 0.03461538461538462, 0.010612378340185089, 0.08864329676210865, 0.14973055061386792, 0.2321589994899111, 0.24945739764059655, 0.583492958057253, 0.29046585556713633, 0.13365046505369388, 0.18450542972600853, 0.5877551020408163, 0.26695038192336085, 0.5884887845767663, 0.24795011808877407, 0.0207423579386866, 0.1488958552553087, 0.3465691501615912, 0.162652830249424, 0.09820608117850657, 0.5863105545983704, 0.09961876832844575, 0.1412216013081986, 0.24454976303317533, 0.18038638561547204, 0.47228756414146944, 0.2864784956686989, 0.0, 0.012121212121212121, 0.07354778166550055, 0.3, 0.2259338351849967, 0.24829325361805024, 0.04285714285714285, 0.13534466190503538, 0.10126922151635671, 0.16875619615939888, 0.008671485703354635, 0.5871428571428571, 0.04285714285714285, 0.30135161054648196, 0.32699168036342585, 0.14789890994144142, 0.0, 0.009363808736552473, 0.03333333333333333, 0.044247157261702606, 0.0, 0.11126608301679054, 0.01916095459416836, 0.5921822808490982, 0.0, 0.2791040929106257, 0.3180593442821573, 0.5751704715451852, 0.5642533609900388, 0.038893330197195874, 0.12719588636454626, 0.30490499077052785, 0.566996570281457, 0.0, 0.11480955880800706, 0.0, 0.30288952348962883, 0.10720630487597663, 0.18187415863808315, 0.1361823318156411, 0.047368421052631574, 0.20655992471829918, 0.04973207044617092, 0.13105136357211142, 0.5856079756327682, 0.010714285714285713, 0.21125125140851325, 0.1616123156760407, 0.3530561436466974, 0.06375, 0.14663448972223658, 0.23083909150116766, 0.21274618320214422, 0.0, 0.012121212121212121, 0.2084658911210141, 0.172399612520094, 0.16277841641448776, 0.2076203825919088, 0.2303835951126952, 0.06863629582939093, 0.09620957337515527, 0.0, 0.5852760736196319, 0.020234293767519042, 0.19745839831268738, 0.0004064970611621476, 0.2981747693948737, 0.2674188755536438, 0.12806205108977067, 0.21177742416640802, 0.043589406040381334, 0.006593406593406593, 0.0893208026295382, 0.0, 0.0004411547899045475, 0.05007027549808308, 0.07867217992812149, 0.1473438891348037, 0.1883538936933909, 0.0628023458301365, 0.17386558170806243, 0.07393016013990662, 0.15408124947652524, 0.06603196544339637, 0.2044320646405202, 0.1774193548387097, 0.06783228587136633, 0.01281274097490735, 0.0548991015515959, 0.053909163628702836, 0.10386089439315528, 0.06612527005088206, 0.18, 0.0983469336060331, 0.1969161990409992, 0.0, 0.02858938878635085, 0.0, 0.148395876332179, 0.09476710753306497, 0.17419354838709677, 0.180602993109369, 0.0773710396128798, 0.3936925132856661, 0.09416422287390029, 0.0, 0.21696736468589134, 0.301343034204083, 0.0, 0.0002848136902616835, 0.06769754388536928, 0.190158044698082, 0.17218312913222686, 0.09756732894172271, 0.24687022900763358, 0.5714285714285714, 0.00019317304695114248, 0.04285714285714285, 0.10453661881741776, 0.015193437728115773, 0.012496422930306495, 0.05712449849065396, 0.013532866902626402, 0.05730749133903318, 0.09924446842957367, 0.0, 0.02222222222222222, 0.2087790619307464, 0.582013759340166, 0.13333333333333333, 0.31985199347843557, 0.12910936408420332, 0.5866532687629202, 0.14931472065979476, 0.5283540829752231, 0.0, 0.29, 0.0, 0.0, 0.047129220544036864, 0.30341167594489854, 0.0, 0.00034847880308464625, 0.3989061414782953, 0.28918820135869316, 0.1860453505990413, 0.33730356103735, 0.041692064972581516, 0.30826697235252526, 0.041188884650149096, 0.08936682059614169, 0.1928007348868902, 0.30027207740037676, 0.5537636898970013, 0.3107104992932806, 0.0, 0.0038232830178644805, 0.06675783561360223, 0.1774193548387097, 0.0650739220120922, 0.09649217485159202, 0.0001750241717918878, 0.00020071552621543575, 0.06125, 0.07620018231757522, 0.0, 0.0, 0.0, 0.10868279541191392, 0.00028837813950864937, 0.19744936579809028, 0.06294135763153356, 0.5831832523235453, 0.10750134916351863, 0.0, 0.04862558196467197, 0.1050733137829912, 0.010891367090705383, 0.057063705118444386, 0.1672583119458776, 0.054247679372196246, 0.02697295281336192, 0.09416422287390029, 0.07670169111731633, 0.17659519235761384, 0.23014272169612918, 0.5819470330000421, 0.39499616594532594, 0.09579667644183773, 0.06375, 0.0, 0.4056253938582504, 0.0275542061046039, 0.012499999999999999, 0.06495022446408602, 0.2393240813561118, 0.07832026642439505, 0.09841270885536371, 0.4306855793944264, 0.00025325670568933405, 0.05829670213975475, 0.11780282073980727, 0.16129032258064516, 0.2233009303594648, 0.11328134103906576, 0.30662766287040333, 0.18390796167892223, 0.18292394891729882, 0.21661979783751756, 0.0, 0.029179586733014157, 0.19474934249865142, 0.14976122951971463, 0.15025057445308548, 0.20925952564052946, 0.21668831737276723, 0.007367392618266551, 0.19511241452381292, 0.0002696466148536946, 0.23503875411452577, 0.23715401115748108, 0.2198353373217052, 0.0, 0.0, 0.10047745299952408, 0.2214765100671141, 0.3453698399129265, 0.09890477020750053, 0.02830857291523608, 0.2654224785242245, 0.19365079365079363, 0.0, 0.10236352377264687, 0.19147788829608328, 0.16440055893621225, 0.3791515825574679, 0.14703481472940805, 0.00034835347237860995, 0.17510905616369601, 0.00882394901094904, 0.04285714285714285, 0.17341091660907434, 0.01425865243865578, 0.020476765225734377, 0.04285714285714285, 0.06294135763153356, 0.11650217409123415, 0.13472573102147528, 0.3077403003934521, 0.00020037427061667188, 0.00033461755444414733, 0.0, 0.2515390694295902, 0.21722270347265596, 0.08224403411953121, 0.27402287174795903, 0.0001703241664549631, 0.20107682781376257, 0.26814058032378996, 0.10696785792274059, 0.04285714285714285, 0.2261482233278632, 0.5969350013207015, 0.2109314472406627, 0.1774765457152907, 0.0643923309313122, 0.1543180901331722, 0.012235830927273773, 0.11120320646057559, 0.19607251071869966, 0.5832042494088954, 0.12729961459620076, 0.16129032258064516, 0.4399971729679174, 0.2779174103434058, 0.10083312971830874, 0.20464560862165368, 0.03452984161828985, 0.1415871423770006, 0.1301303696936558, 0.08853578114505697, 0.5544105758936645, 0.0015542091921582186, 0.39360008021316323, 0.419675800092532, 0.08670576735092864, 0.00016815537949760442, 0.0, 0.1921811965149785, 0.14646545577270112, 0.005940594059405941, 0.2990719040659936, 0.10962399334329727, 0.0038437490356665986, 0.1364479579156198, 0.16430231697236009, 0.0058141662786528785, 0.35833745666695116, 0.5985136498190649, 0.11731139169539527, 0.0, 0.043052372814936166, 0.13333333333333333, 0.06415094339622641, 0.06279761904761905, 0.0, 0.17669457703743985, 0.0857142857142857, 0.0898403967255447, 0.0034844940442517523, 0.18288770053475936, 0.09398137650536571, 0.06468059381928808, 0.02296204816420388, 0.04285714285714285, 0.06705443034714234, 0.04285714285714285, 0.11663199655935652, 0.0, 0.03461538461538462, 0.29407619709655214, 0.30382046331937207, 0.19818847929449582, 0.09592840601478934, 0.10643086940810882, 0.30203511372755315, 0.11686311911205433, 0.09, 0.021398573709943636, 0.0, 0.5801466227542244, 0.06964285714285715, 0.5372352825687416, 0.1549870755673154, 0.2906286802990584, 0.10185728250244379, 0.3047229823672962, 0.044165345298297194, 0.0032258064516129032, 0.12260693502718846, 0.1222222222222222, 0.0, 0.0806345076629712, 0.5887795534293558, 0.09892204857842216, 0.0, 0.17081703784685848, 0.0, 0.2932463627900529, 0.0, 0.08987416133748721, 0.49740012757669005, 0.10367236821284381, 0.34183664011823056, 0.00791483687135004, 0.04285714285714285, 0.595836858780076, 0.013793103448275862, 0.12035424779510377, 0.00016720442200155252, 0.003585657370517928, 0.2550075509765817, 0.15108826936907166, 0.0, 0.0737498011384407, 0.0, 0.13365758807364572, 0.014844027295951086, 0.26263501335758166, 0.29545139041605606, 0.1550536363663022, 0.1709895531555335, 0.08484848484848484, 0.0, 0.1697988998111497, 0.0005024877543318841, 0.13647058823529412, 0.0002703105702285754, 0.0857142857142857, 0.4453607344998459, 0.16764207371338052, 0.13533206754242189, 0.1709286550259208, 0.09602981666587039, 0.5865085296294045, 0.1691962013806561, 0.5874608711573746, 0.1996100084114515, 0.06884378591004907, 0.3941176470588235, 0.09652941661308898, 0.13876128880277283, 0.251646477055082, 0.21178662765497175, 0.28161474404552167, 0.1024711453092631, 0.19999999999999998, 0.03821958775795138, 0.1253660221859667, 0.060333795950319534, 0.39420321966381444, 0.0, 0.2752835639821334, 0.3045066033748626, 0.09373988127361037, 0.2211660677367985, 0.23990381867918267, 0.11286333580297964, 0.10703201249268007, 0.24345235302661955, 0.0, 0.13857059329128152, 0.038645038093321094, 0.2044700728385272, 0.030295645814563378, 0.0002592540792191773, 0.14566473988439305, 0.0, 0.03773584905660377, 0.002074785166845379, 0.22031657100983917, 0.04285714285714285, 0.14915428661999092, 0.25904588006346735, 0.05587298930413706, 0.2987661231284222, 0.142325714620553, 0.23355549376491191, 0.056821908285910855, 0.05999877967208244, 0.3465721545987569, 0.14085086103745628, 0.0003574887687705694, 0.05793103448275862, 0.003914836198452628, 0.3179168932537724, 0.02, 0.06405767955608299, 0.22889937711041597, 0.1624822209872568, 0.5814652684759798, 0.19533943029471507, 0.12056783030916578, 0.2367631862996815]
Finish training and take 1h3m
