Namespace(log_name='./RQ5/bugsinpy_32_1/codet5p_220m_f.log', model_name='Salesforce/codet5p-220m', lang='python', output_dir='RQ5/bugsinpy_32_1/codet5p_220m_f', data_dir='./data/RQ5/bugsinpy_32_1', no_cuda=False, visible_gpu='0', add_task_prefix=False, add_lang_ids=False, num_train_epochs=10, num_test_epochs=10, train_batch_size=8, eval_batch_size=4, gradient_accumulation_steps=2, load_model_path=None, config_name='', tokenizer_name='', max_source_length=512, max_target_length=512, warm_up_ratio=0.1, do_train=True, do_eval=True, do_test=True, do_lower_case=False, learning_rate=5e-05, beam_size=10, weight_decay=0.0, adam_epsilon=1e-08, max_grad_norm=1.0, max_steps=-1, eval_steps=-1, train_steps=-1, local_rank=-1, seed=42, early_stop_threshold=3)
Process rank: -1, device: cuda, n_gpu: 1, distributed training: False, model_name: Salesforce/codet5p-220m
model created!
Total 32 training instances 
***** Running training *****
  Num examples = 32
  Batch size = 8
  Num epoch = 10

***** Running evaluation *****
  Num examples = 100
  Batch size = 4
  epoch = 0
  eval_ppl = 1.00203
  global_step = 5
  train_loss = 1.1493
  ********************
Previous best ppl:inf
Achieve Best ppl:1.00203
  ********************
BLEU file: ./data/RQ5/bugsinpy_32_1/validation.jsonl
  codebleu-4 = 23.79 	 Previous best codebleu 0
  ********************
 Achieve Best bleu:23.79
  ********************

***** Running evaluation *****
  Num examples = 100
  Batch size = 4
  epoch = 1
  eval_ppl = 1.00158
  global_step = 9
  train_loss = 0.7663
  ********************
Previous best ppl:1.00203
Achieve Best ppl:1.00158
  ********************
BLEU file: ./data/RQ5/bugsinpy_32_1/validation.jsonl
  codebleu-4 = 55.55 	 Previous best codebleu 23.79
  ********************
 Achieve Best bleu:55.55
  ********************

***** Running evaluation *****
  Num examples = 100
  Batch size = 4
  epoch = 2
  eval_ppl = 1.00145
  global_step = 13
  train_loss = 0.5445
  ********************
Previous best ppl:1.00158
Achieve Best ppl:1.00145
  ********************
BLEU file: ./data/RQ5/bugsinpy_32_1/validation.jsonl
  codebleu-4 = 70.1 	 Previous best codebleu 55.55
  ********************
 Achieve Best bleu:70.1
  ********************

***** Running evaluation *****
  Num examples = 100
  Batch size = 4
  epoch = 3
  eval_ppl = 1.00144
  global_step = 17
  train_loss = 0.4159
  ********************
Previous best ppl:1.00145
Achieve Best ppl:1.00144
  ********************
BLEU file: ./data/RQ5/bugsinpy_32_1/validation.jsonl
  codebleu-4 = 73.05 	 Previous best codebleu 70.1
  ********************
 Achieve Best bleu:73.05
  ********************

***** Running evaluation *****
  Num examples = 100
  Batch size = 4
  epoch = 4
  eval_ppl = 1.00148
  global_step = 21
  train_loss = 0.3324
  ********************
Previous best ppl:1.00144
BLEU file: ./data/RQ5/bugsinpy_32_1/validation.jsonl
  codebleu-4 = 73.55 	 Previous best codebleu 73.05
  ********************
 Achieve Best bleu:73.55
  ********************

***** Running evaluation *****
  Num examples = 100
  Batch size = 4
  epoch = 5
  eval_ppl = 1.00149
  global_step = 25
  train_loss = 0.2694
  ********************
Previous best ppl:1.00144
BLEU file: ./data/RQ5/bugsinpy_32_1/validation.jsonl
  codebleu-4 = 73.77 	 Previous best codebleu 73.55
  ********************
 Achieve Best bleu:73.77
  ********************

***** Running evaluation *****
  Num examples = 100
  Batch size = 4
  epoch = 6
  eval_ppl = 1.0015
  global_step = 29
  train_loss = 0.2369
  ********************
Previous best ppl:1.00144
BLEU file: ./data/RQ5/bugsinpy_32_1/validation.jsonl
  codebleu-4 = 73.19 	 Previous best codebleu 73.77
  ********************

***** Running evaluation *****
  Num examples = 100
  Batch size = 4
  epoch = 7
  eval_ppl = 1.00149
  global_step = 33
  train_loss = 0.1999
  ********************
Previous best ppl:1.00144
BLEU file: ./data/RQ5/bugsinpy_32_1/validation.jsonl
  codebleu-4 = 73.16 	 Previous best codebleu 73.77
  ********************

***** Running evaluation *****
  Num examples = 100
  Batch size = 4
  epoch = 8
  eval_ppl = 1.0015
  global_step = 37
  train_loss = 0.1881
  ********************
Previous best ppl:1.00144
BLEU file: ./data/RQ5/bugsinpy_32_1/validation.jsonl
  codebleu-4 = 72.92 	 Previous best codebleu 73.77
  ********************
reload model from RQ5/bugsinpy_32_1/codet5p_220m_f/checkpoint-best-bleu
BLEU file: ./data/RQ5/bugsinpy_32_1/test.jsonl
  codebleu = 73.15 
  Total = 117 
  Exact Fixed = 0 
[]
  Syntax Fixed = 0 
[]
  Cleaned Fixed = 0 
[]
  ********************
  Total = 117 
  Exact Fixed = 0 
[]
  Syntax Fixed = 0 
[]
  Cleaned Fixed = 0 
[]
  codebleu = 73.15 
[0.7768711691119308, 0.7585846389475988, 0.2846333289320666, 0.878865255109752, 0.7602036011335112, 0.782053171927164, 0.774595103161015, 0.6883720951974961, 0.860117164263619, 0.8573638305228279, 0.5805260332859618, 0.8744879458107344, 0.9472873156881443, 0.8884573785188872, 0.7715012035371895, 0.7332519354895861, 0.905409892013934, 0.7449734989717058, 0.7610813226015818, 0.568803606953774, 0.328690567251802, 0.5936056097912514, 0.8674433454759134, 0.7143328095371584, 0.7225931341121177, 0.8856389378075658, 0.6677368116517006, 0.7520429699124307, 0.8834630241782442, 0.7507982187182929, 0.8195330229945343, 0.6441425627537012, 0.9474759345795825, 0.8358395384567638, 0.6853803599169206, 0.7711221670600811, 0.8634090336969251, 0.6936199831009335, 0.676525822803221, 0.8300101016746005, 0.5117566728908322, 0.28601583468689884, 0.6439391185600173, 0.49150427670545643, 0.7639654153934541, 0.7520456315632097, 0.7042953619649426, 0.8234479137638847, 0.4545507520171642, 0.848034624064077, 0.24596887606308737, 0.8627606169106636, 0.9056583090096291, 0.6798907668533658, 0.8974592792813174, 0.7761701902116538, 0.8611544762176193, 0.5926747720690636, 0.6769839570212581, 0.725598015348109, 0.6374410208386678, 0.6356257812621184, 0.17297833445429311, 0.47166395418323315, 0.9576203437853759, 0.9085800872774439, 0.8362747318435784, 0.7093853536262804, 0.8789801838086921, 0.8834124216164225, 0.8814955038434287, 0.8594942629236695, 0.8475864225311183, 0.021671472785941594, 0.5911195501972704, 0.8631855387221548, 0.8086778290189935, 0.5750974938187585, 0.7504067254288294, 0.891471971382207, 0.8971695160234401, 0.6695738139837403, 0.9411542454583528, 0.6508693332230462, 0.621240758456996, 0.8808919461147899, 0.8552255642678805, 0.9204219587780458, 0.8300638244826566, 0.6460193478867082, 0.7549669674736412, 0.8754861943073293, 0.4152377725154969, 0.7420541780659815, 0.8068413656728535, 0.8399114554115357, 0.9178662308912058, 0.8782734899756608, 0.5037077119806818, 0.8962096929024133, 0.6037873101385335, 0.39686614731832626, 0.7381684490594698, 0.8021170040829606, 0.5571314709024371, 0.9142445273649933, 0.9390331079602834, 0.8434652034268404, 0.4740532618616287, 0.5681295751079041, 0.7953587603777192, 0.9476860986705828, 0.688139299322877, 0.7714650156104186, 0.7738279988463377, 0.610067068626702, 0.806994183002536]
Finish training and take 36m
