Namespace(log_name='./RQ5/xcodeeval_700_1/codet5p_220m_f.log', model_name='Salesforce/codet5p-220m', lang='c', output_dir='RQ5/xcodeeval_700_1/codet5p_220m_f', data_dir='./data/RQ5/xcodeeval_700_1', no_cuda=False, visible_gpu='0', add_task_prefix=False, add_lang_ids=False, num_train_epochs=10, num_test_epochs=10, train_batch_size=8, eval_batch_size=4, gradient_accumulation_steps=2, load_model_path=None, config_name='', tokenizer_name='', max_source_length=512, max_target_length=512, warm_up_ratio=0.1, do_train=True, do_eval=True, do_test=True, do_lower_case=False, learning_rate=5e-05, beam_size=10, weight_decay=0.0, adam_epsilon=1e-08, max_grad_norm=1.0, max_steps=-1, eval_steps=-1, train_steps=-1, local_rank=-1, seed=42, early_stop_threshold=3)
Process rank: -1, device: cuda, n_gpu: 1, distributed training: False, model_name: Salesforce/codet5p-220m
model created!
Total 700 training instances 
***** Running training *****
  Num examples = 700
  Batch size = 8
  Num epoch = 10

***** Running evaluation *****
  Num examples = 100
  Batch size = 4
  epoch = 0
  eval_ppl = 1.00027
  global_step = 88
  train_loss = 0.3483
  ********************
Previous best ppl:inf
Achieve Best ppl:1.00027
  ********************
BLEU file: ./data/RQ5/xcodeeval_700_1/validation.jsonl
  codebleu-4 = 75.29 	 Previous best codebleu 0
  ********************
 Achieve Best bleu:75.29
  ********************

***** Running evaluation *****
  Num examples = 100
  Batch size = 4
  epoch = 1
  eval_ppl = 1.00027
  global_step = 175
  train_loss = 0.263
  ********************
Previous best ppl:1.00027
Achieve Best ppl:1.00027
  ********************
BLEU file: ./data/RQ5/xcodeeval_700_1/validation.jsonl
  codebleu-4 = 74.99 	 Previous best codebleu 75.29
  ********************

***** Running evaluation *****
  Num examples = 100
  Batch size = 4
  epoch = 2
  eval_ppl = 1.00027
  global_step = 262
  train_loss = 0.2179
  ********************
Previous best ppl:1.00027
BLEU file: ./data/RQ5/xcodeeval_700_1/validation.jsonl
  codebleu-4 = 75.26 	 Previous best codebleu 75.29
  ********************

***** Running evaluation *****
  Num examples = 100
  Batch size = 4
  epoch = 3
  eval_ppl = 1.00027
  global_step = 349
  train_loss = 0.1833
  ********************
Previous best ppl:1.00027
BLEU file: ./data/RQ5/xcodeeval_700_1/validation.jsonl
  codebleu-4 = 74.89 	 Previous best codebleu 75.29
  ********************

***** Running evaluation *****
  Num examples = 100
  Batch size = 4
  epoch = 4
  eval_ppl = 1.00028
  global_step = 436
  train_loss = 0.1589
  ********************
Previous best ppl:1.00027
BLEU file: ./data/RQ5/xcodeeval_700_1/validation.jsonl
  codebleu-4 = 74.82 	 Previous best codebleu 75.29
  ********************
reload model from RQ5/xcodeeval_700_1/codet5p_220m_f/checkpoint-best-bleu
BLEU file: ./data/RQ5/xcodeeval_700_1/test.jsonl
  codebleu = 74.86 
  Total = 500 
  Exact Fixed = 6 
[54, 59, 188, 322, 359, 455]
  Syntax Fixed = 0 
[]
  Cleaned Fixed = 4 
[254, 268, 276, 424]
  ********************
  Total = 500 
  Exact Fixed = 6 
[54, 59, 188, 322, 359, 455]
  Syntax Fixed = 0 
[]
  Cleaned Fixed = 4 
[254, 268, 276, 424]
  codebleu = 74.86 
[0.6906751815123662, 0.4658094583130275, 0.8702165828687908, 0.9215404738509037, 0.94502845638256, 0.9544741722900356, 0.9334580759528754, 0.2930837534053943, 0.28590084848815933, 0.5812499999999999, 0.33757627523685907, 0.8239908684888106, 0.8840280108223306, 0.9357255678321519, 0.9320028922042589, 0.9904619066549505, 0.8694464017012884, 0.968864963241663, 0.8944958165491306, 0.8685842432291047, 0.8193236358223526, 0.896734987325442, 0.9888412502412365, 0.9714741186824503, 0.4011929009233417, 0.9693017305513745, 0.9900076373246287, 0.7042466967023711, 0.9864610512549261, 0.5800323580497375, 0.9690270665107408, 0.9540138870746515, 0.5198818880809823, 0.7138182723577209, 0.9735441531161189, 0.7480983802318328, 0.7810019348324313, 0.7958032019228529, 0.9678131775953225, 0.03914807619997354, 0.7806363178563275, 0.6797481699178505, 0.7646504374656518, 0.4262386448606621, 0.9226227924173891, 0.9673001684656128, 0.9103068259298337, 0.9801494737913248, 0.7693582389764291, 0.8458233745010357, 0.7860054491592668, 0.6932485940047782, 0.4096453519493349, 1.0, 0.035053425263124334, 0.2652100539123435, 0.8267820318104704, 0.8817623929694763, 0.9753396087264441, 0.8827108485449091, 0.9837171835242919, 0.9447089104540864, 0.8113688567236648, 0.347162812695482, 0.9821809817650384, 0.4982318233525185, 0.9829433066762787, 0.934387097307501, 0.9220017344612644, 0.4954735182274035, 0.9006357204322055, 0.3778378577608994, 0.6463782423660047, 0.791061357912832, 0.4268318935823558, 0.4072595760539546, 0.6888365462671723, 0.9421953806476688, 0.3885946899772229, 0.8612986647888846, 0.9564084233825603, 0.9738014890069033, 0.7365455054053898, 0.9809329721714535, 0.9424663933583042, 0.9295279223019721, 0.8859407157558806, 0.5480309606435074, 0.4443730302862996, 0.7075727841380755, 0.9168021557818813, 0.03638680962604285, 0.9106033686427741, 0.3532450248136815, 0.8375795025499561, 0.49643876062226794, 0.4420093605524046, 0.536066321904877, 0.9901350861027634, 0.48795243922324283, 0.8668858102395753, 0.8884437011415969, 0.8203495978509039, 0.9193864599685562, 0.8947330957271415, 0.5961510984329409, 0.5003909451993059, 0.7833636144245735, 0.9019793701145806, 0.5556037693500977, 0.8324183912964096, 0.1508814432155347, 0.7914278759686615, 0.961472991307396, 0.9092903522106406, 0.9268555414820475, 0.28288736800459546, 0.9921128069031226, 0.41093966321126485, 0.7480407185735214, 0.9183782794156394, 0.9566283907946067, 0.4542071293267559, 0.9717916167891165, 0.7684232762284017, 0.7614331493899362, 0.9368495847081082, 0.976435199722677, 0.9656770287836146, 0.33150754715452724, 0.9416744734511042, 0.8165996742814894, 0.9739901642593853, 0.9631318837364407, 0.9678539444631555, 0.9798800402828953, 0.9798219468937557, 0.2984600211190037, 0.9560322423864296, 0.5739579759923696, 0.9732129467715989, 0.9236644367804976, 0.7366033348508686, 0.47428344360309693, 0.3157691625069721, 0.7846138466894739, 0.27086338909565627, 0.4501887204811095, 0.6877917301640358, 0.9299552251878043, 0.5010923309399078, 0.8267162447332495, 0.5031028066634594, 0.872087455158634, 0.9435407234863082, 0.4775369858583672, 0.7223951844558967, 0.927982876787582, 0.9602403186628621, 0.9707263241417066, 0.7110307145936695, 0.6567874018519466, 0.7787797669196548, 0.3931548138311015, 0.3821796477166763, 0.408600022348932, 0.9654461577493623, 0.9598135790579945, 0.7942417816647632, 0.782794014430714, 0.8815079864399178, 0.8695346475752126, 0.6052970083217083, 0.9384697992732594, 0.9842551012740206, 0.3711041873826805, 0.8792228737352459, 0.9902911708211317, 0.3723443145512656, 0.7065722131859199, 0.8042710150175236, 0.7852571791995187, 0.5370318012864018, 0.9835764714570019, 0.9931785684115373, 0.9709756774276397, 0.8829948461632615, 0.946689158675359, 0.956301548538977, 0.9324043404373232, 0.8564128174402423, 0.8789900106153626, 0.6163950321676452, 0.9003181859456983, 0.9466402786888075, 0.8908110243776604, 0.82444060784097, 0.41395796030346144, 0.3475222634058708, 0.9725315176192211, 0.9679884172683169, 0.4841195614277229, 0.8396431642664623, 0.9221265623517527, 0.9757745973711676, 0.825040224285887, 0.9166512013909699, 0.7270979875495894, 0.41474785475115006, 0.8712547010751163, 0.43419770508491723, 0.940598945729278, 0.5315782939047562, 0.6895051363145968, 0.7709540621971285, 0.2632327198499751, 0.934920305118738, 0.7507483205316109, 0.9187091832462004, 0.6386890640788627, 0.9699392701042773, 0.8099419487239318, 0.8198387442649027, 0.30629628128160413, 0.9425018741615083, 0.5313357348360503, 0.6297029892537214, 0.8898733743967635, 0.5784302566819072, 0.20906455911542446, 0.7836353492903962, 0.543348733581992, 0.42497916943931774, 0.9345121855559886, 0.6121051294344302, 0.5859400643182706, 0.8207174296242723, 0.5831163274893049, 0.6916629272878606, 0.9533257646563149, 0.774674995957515, 0.6871897384788783, 0.8980438351581705, 0.2854336277000177, 0.5362395483988209, 0.9059801416992133, 0.508305988851434, 0.9802031318403173, 0.938899487965138, 0.915465568076623, 0.9772597588062424, 0.9789628153220145, 0.4234097157305317, 0.9414326940648792, 0.6922592432779943, 0.9251375134812259, 0.9089815080638761, 0.737357448673426, 0.5177405757219062, 0.958489957733323, 0.3755076328133085, 0.41574277333701404, 0.6577727687203423, 0.8703232021938421, 0.6898800585173648, 0.9798514722492089, 0.38035740917095934, 0.9428491633077438, 0.9179853420852879, 0.9617720754477719, 0.8395423873461488, 0.9239858991360816, 0.9522217025290924, 0.23899729367746342, 0.27949142984930087, 0.9259714761461866, 0.914831901042849, 0.749031850237173, 0.4155596630877777, 0.8533534577368376, 0.9581930467118089, 0.48228443707897417, 0.9352829048891074, 0.9749407822636968, 0.7253639326470425, 0.9322263155732342, 0.7729580558472922, 0.7091091273164898, 0.9770479547618027, 0.8588461682692663, 0.8984188648676468, 0.9238932796791619, 0.9473491006263874, 0.9747232059340507, 0.9162855444275764, 0.8855808153415308, 0.16640268467163288, 0.9074352659723735, 0.5157443236412498, 0.5750582617526012, 0.8064230141040087, 0.5790261988125887, 0.8682110798848452, 0.849729607166194, 0.8121978155567737, 0.857366514241093, 0.9121176482601447, 0.6276371505120278, 0.8302530908052741, 0.7557968074254318, 0.7624146378614128, 0.8086811749495997, 0.9881263545755623, 0.7698315590133648, 0.9820653195195825, 0.9350579814022195, 0.5012143983741278, 0.050838348640303524, 0.9747269061338388, 0.9147509231273736, 0.8009263268259385, 1.0, 0.938595895727768, 0.4140319065100101, 0.41243081325512787, 0.8861971446522757, 0.8154187738366516, 0.7015252862450747, 0.5812499999999999, 0.9707135589044302, 0.904724337561819, 0.9713651945608406, 0.939821716744068, 0.9785132817927387, 0.8171220069513339, 0.8542311710040063, 0.97633392937918, 0.19832929234074576, 0.9706304665534506, 0.9887423993227424, 0.7701904603659033, 0.3776268460097124, 0.9829927321997591, 0.3273472980821144, 0.5074834355521683, 0.9872106081152878, 0.7772868173384335, 0.9517626327839217, 0.6688983661442429, 0.9784080121481948, 0.6495267219526154, 0.9068495810967309, 0.8164468849403668, 0.45741812450524455, 0.7852033214625844, 0.9629452959874893, 0.9454632184934535, 0.27459370351787593, 0.9701742405810041, 0.704137667465099, 0.6136084613959742, 0.47541291345050607, 0.8617675603039494, 0.4532830736687707, 0.8674701285162645, 0.05652271482930384, 0.56926112019934, 0.9239412941551246, 0.7852960010452446, 0.9728742867739708, 0.8242816812765809, 0.4966154218075377, 0.8437436803649183, 0.6359084461047401, 0.7146371215272531, 0.3017311101814578, 0.9576736878812553, 0.933792626439619, 0.5507463552897676, 0.6567079107412255, 0.8936598047708784, 0.38361540357357476, 0.9731496374915098, 0.8250877060561935, 0.33295797590328613, 0.7259849312989834, 0.8467013377193615, 0.9908744134634584, 0.9016204944152904, 0.3516351378936848, 0.8712420862261012, 0.4198136333318135, 0.9323453252450715, 0.9006848455688443, 0.461329065338275, 0.0864718984572822, 0.9176516704321582, 0.7900451252092993, 0.5135793600096521, 0.3902680246863285, 0.9686198599811506, 0.267125262228119, 0.8803598841016611, 0.6619659569130805, 0.7706648767181559, 0.907558018935852, 0.8642224065245785, 0.9778801105259323, 0.5588208186817714, 0.9157728873149173, 0.5452287811589471, 0.30387397503062613, 0.43221963379965567, 0.9108900697675792, 0.9027309916196755, 0.2555812048385557, 0.9714552656085744, 0.9190922894214792, 0.9732456940628658, 0.2579343193335908, 0.9654855521209342, 0.9086540498917997, 0.9397626412560047, 0.9541895950679766, 0.9668495847081082, 0.8019711204854889, 0.7348529689836785, 0.3532301871931892, 0.7153099526991196, 0.5864458370254797, 0.687542465552887, 0.9469672199403614, 0.5587912679655723, 0.05987019451564787, 0.9630540715975315, 0.8807613352737074, 0.974241268706197, 0.6912905988814966, 0.8230038183585568, 0.8216258903091462, 0.9685698290675941, 0.3478242508876328, 0.9427008679312978, 0.9833885445588753, 0.7141494776867402, 0.3737662111795117, 0.38538461538461544, 0.8055864673667326, 0.554920595677622, 0.8905074545882428, 0.37333812510379816, 0.9117475844136459, 0.9635847916815603, 0.96804234407929, 0.9409121125706139, 0.36168412495357327, 0.7270998991360063, 0.9296835011666059, 0.5740737169642371, 0.9632825394277797, 0.9205724657465093, 0.8122136254293291, 0.9498733743967636, 0.9714834981320903, 0.773611277512299, 0.8728375908477501, 0.2973434798199742, 0.9526474078906453, 0.7657538252330831, 0.8229057084533571, 0.38230642541905163, 0.6061429236354531, 0.8804232565396799, 0.8896531297074333, 0.8920643294874622, 0.6575319963393351, 0.9086210618726622, 0.9078336364448021, 0.8664855589488811, 0.9417139803454657, 0.8687207744628378, 0.7752855690103572, 0.3824686492796324, 0.576816427634421, 0.5480001979839206, 0.5763413299251462, 0.8698366814058456, 0.9508336769881993, 0.9648182644718397, 0.9819992034986089, 0.9758294505908078, 0.9166795416411146, 0.5999149165321056, 0.9064913890104815, 0.9788598843598264, 0.8739286595309739, 0.5259210844305199, 0.9403437700960667, 0.8190595233656908, 0.35058711079082805]
Finish training and take 42m
