Namespace(log_name='./RQ5/xcodeeval_700_1/codet5p_770m.log', model_name='Salesforce/codet5p-770m', lang='c', output_dir='RQ5/xcodeeval_700_1/codet5p_770m', data_dir='./data/RQ5/xcodeeval_700_1', choice=0, no_cuda=False, visible_gpu='0', num_train_epochs=10, num_test_epochs=1, train_batch_size=4, eval_batch_size=4, gradient_accumulation_steps=1, load_model_path=None, config_name='', tokenizer_name='', max_source_length=512, max_target_length=512, warm_up_ratio=0.1, do_train=True, do_eval=True, do_test=True, freeze=False, learning_rate=5e-05, beam_size=10, weight_decay=0.0, adam_epsilon=1e-08, local_rank=-1, seed=42, early_stop_threshold=3)
Process rank: -1, device: cuda, n_gpu: 1, distributed training: False
Model created!!
[[{'text': '#include<stdio.h> int main() {  int i=1,j,a,b,k,l,n,count1=0,count2=0;  scanf("%d",&n);  char arr[n];  scanf("%s",arr);  while(i<n)  {      if(arr[i]==\'R\')      {       if(count1==0)       a=i;       count1++;   }  else if(arr[i]==\'L\')   {    if(count2==0)    b=i;    count2++;   }   i++;  }    if(count2==0)  {   l=a+count1+1;   printf("%d %d",++a,l);  }  else if(count1==0)  {   l=b+count2;   printf("%d %d",l,++b);  }  else  {   l=a+count1;   printf("%d %d",++a,l);  } }', 'loss_ids': 0, 'shortenable_ids': 1}, {'text': '<mask>', 'loss_ids': 1, 'shortenable_ids': 0}, {'text': 'is the fixed version', 'loss_ids': 0, 'shortenable_ids': 0}], {'guid': 0, 'tgt_text': '#include<stdio.h> int main() {  int i=1,j,a,b,k,l,n,count1=0,count2=0;  scanf("%d",&n);  char arr[n];  scanf("%s",arr);  while(i<n)  {      if(arr[i]==\'R\')      {       if(count1==0)       a=i;       count1++;   }  else if(arr[i]==\'L\')   {    if(count2==0)    b=i;    count2++;   }   i++;  }    if(count2==0)  {   l=a+count1+1;   printf("%d %d",++a,l);  }  else if(count1==0)  {   l=b+count2;   printf("%d %d",l,b);  }  else  {   l=a+count1;   printf("%d %d",++a,l);  } }'}]
***** Running training *****
  Num examples = 700
  Batch size = 4
  Num epoch = 10

***** Running evaluation *****
  Num examples = 100
  Batch size = 4
  epoch = 0
  eval_ppl = 6.064647558618517e+299
  global_step = 176
  train_loss = 66.2961
  ********************
Previous best ppl:inf
Achieve Best ppl:6.064647558618517e+299
  ********************
BLEU file: ./data/RQ5/xcodeeval_700_1/validation.jsonl
  codebleu-4 = 74.7 	 Previous best codebleu 0
  ********************
 Achieve Best bleu:74.7
  ********************

***** Running evaluation *****
  Num examples = 100
  Batch size = 4
  epoch = 1
  eval_ppl = inf
  global_step = 351
  train_loss = 53.7784
  ********************
Previous best ppl:6.064647558618517e+299
BLEU file: ./data/RQ5/xcodeeval_700_1/validation.jsonl
  codebleu-4 = 74.76 	 Previous best codebleu 74.7
  ********************
 Achieve Best bleu:74.76
  ********************

***** Running evaluation *****
  Num examples = 100
  Batch size = 4
  epoch = 2
  eval_ppl = inf
  global_step = 526
  train_loss = 39.6363
  ********************
Previous best ppl:6.064647558618517e+299
BLEU file: ./data/RQ5/xcodeeval_700_1/validation.jsonl
  codebleu-4 = 74.01 	 Previous best codebleu 74.76
  ********************

***** Running evaluation *****
  Num examples = 100
  Batch size = 4
  epoch = 3
  eval_ppl = inf
  global_step = 701
  train_loss = 27.7813
  ********************
Previous best ppl:6.064647558618517e+299
BLEU file: ./data/RQ5/xcodeeval_700_1/validation.jsonl
  codebleu-4 = 74.66 	 Previous best codebleu 74.76
  ********************

***** Running evaluation *****
  Num examples = 100
  Batch size = 4
  epoch = 4
  eval_ppl = inf
  global_step = 876
  train_loss = 18.6473
  ********************
Previous best ppl:6.064647558618517e+299
BLEU file: ./data/RQ5/xcodeeval_700_1/validation.jsonl
  codebleu-4 = 74.62 	 Previous best codebleu 74.76
  ********************
early stopping!!!
reload model from RQ5/xcodeeval_700_1/codet5p_770m/checkpoint-best-bleu
BLEU file: ./data/RQ5/xcodeeval_700_1/test.jsonl
  codebleu = 74.6 
  Total = 500 
  Exact Fixed = 9 
[59, 111, 169, 188, 322, 359, 407, 454, 457]
  Syntax Fixed = 1 
[386]
  Cleaned Fixed = 4 
[254, 268, 424, 455]
  ********************
  Total = 500 
  Exact Fixed = 9 
[59, 111, 169, 188, 322, 359, 407, 454, 457]
  Syntax Fixed = 1 
[386]
  Cleaned Fixed = 4 
[254, 268, 424, 455]
  codebleu = 74.6 
[0.6906751815123662, 0.4658094583130275, 0.8702165828687908, 0.9606680634013145, 0.94502845638256, 0.9544741722900356, 0.9334580759528754, 0.2930837534053943, 0.28590084848815933, 0.35875703430000927, 0.33757627523685907, 0.8239908684888106, 0.8681762135207913, 0.9357255678321519, 0.9320028922042589, 0.9904619066549505, 0.8694464017012884, 0.968864963241663, 0.8944958165491306, 0.8960614087063516, 0.7865030438907197, 0.896734987325442, 0.9888412502412365, 0.9714741186824503, 0.3949626673550144, 0.9657582590366391, 0.9746148945198696, 0.7042466967023711, 0.9552731235682033, 0.5800323580497375, 0.9609938513658753, 0.9540138870746515, 0.5181243458963097, 0.7138182723577209, 0.9374968398597494, 0.7480983802318328, 0.7810019348324313, 0.7786634813941431, 0.9485203250346532, 0.03914807619997354, 0.8036605977879999, 0.6439737215147783, 0.7646504374656518, 0.4262386448606621, 0.9000695465881021, 0.9673001684656128, 0.9722452161669002, 0.9342081808347864, 0.7693582389764291, 0.8458233745010357, 0.7860054491592668, 0.6932485940047782, 0.4096453519493349, 0.9417993087574359, 0.034941401364692676, 0.2652100539123435, 0.8267820318104704, 0.8817623929694763, 0.9753396087264441, 0.8827108485449091, 0.9837171835242919, 0.9447089104540864, 0.8113688567236648, 0.347162812695482, 0.9821809817650384, 0.5065991411603903, 0.9829433066762787, 0.934387097307501, 0.9220017344612644, 0.4954735182274035, 0.8918562749776691, 0.32729187222901057, 0.6463782423660047, 0.7784759480546787, 0.4284201796189373, 0.4080703027889234, 0.6666962650203826, 0.9421953806476688, 0.3861403520776795, 0.8653857428405813, 0.9564084233825603, 0.9738014890069033, 0.751057511765648, 0.9809329721714535, 0.8824120645552407, 0.9295279223019721, 0.8723692871844521, 0.5480309606435074, 0.4443730302862996, 0.7075727841380755, 0.9168021557818813, 0.03281115469695418, 0.9106033686427741, 0.3532450248136815, 0.8375795025499561, 0.49643876062226794, 0.4420093605524046, 0.5252280266149586, 0.9659330238290955, 0.48795243922324283, 0.8370974599619434, 0.8884437011415969, 0.8203495978509039, 0.9193864599685562, 0.8947330957271415, 0.5961510984329409, 0.5003909451993059, 0.7833636144245735, 0.9168539881373812, 0.5609883778095345, 1.0, 0.14992380558663324, 0.7914278759686615, 0.9057102687641233, 0.9092903522106406, 0.9268555414820475, 0.2849664187950911, 0.9728421777783798, 0.41093966321126485, 0.7480407185735214, 0.9374523007440652, 0.9566283907946067, 0.4542071293267559, 0.9717916167891165, 0.7684232762284017, 0.7614331493899362, 0.9368495847081082, 0.9730581850176534, 0.9656770287836146, 0.32573929767339926, 0.9416744734511042, 0.8165996742814894, 0.9739901642593853, 0.9631318837364407, 0.9678539444631555, 0.9798800402828953, 0.9798219468937557, 0.3058015211465632, 0.9398728441483024, 0.5739579759923696, 0.9732129467715989, 0.9150833522873736, 0.7332328509698608, 0.5193179208662337, 0.3237728800626618, 0.7846138466894739, 0.2723876106422055, 0.46622047742046324, 0.6877917301640358, 0.9299552251878043, 0.5010923309399078, 0.8044392900919953, 0.5031028066634594, 0.8624100358037953, 0.9435407234863082, 0.4775369858583672, 0.7223951844558967, 0.927982876787582, 0.9602403186628621, 0.9720108719804319, 0.7110307145936695, 0.6567874018519466, 0.7787797669196548, 0.3931548138311015, 0.3821796477166763, 0.408600022348932, 0.9654461577493623, 0.9598135790579945, 0.8591066465296282, 0.782794014430714, 0.8815079864399178, 0.8695346475752126, 0.6052970083217083, 0.9384697992732594, 0.9315004693738966, 0.3711041873826805, 0.8792228737352459, 0.9902911708211317, 0.3723443145512656, 0.7065722131859199, 0.8042710150175236, 0.7726976986711087, 0.5370318012864018, 0.8881137968156783, 0.9931785684115373, 0.9709756774276397, 0.8829948461632615, 0.946689158675359, 0.956301548538977, 0.890844855890643, 0.981793787791766, 0.8789900106153626, 0.6163950321676452, 0.8662102750218581, 0.9744119964056819, 0.8908110243776604, 0.9260679831705607, 0.41395796030346144, 0.3475222634058708, 0.9346720862236988, 0.9679884172683169, 0.4841195614277229, 0.8396431642664623, 0.9130555191813399, 0.9757745973711676, 0.825040224285887, 0.9080441504666455, 0.7207550074832697, 0.41474785475115006, 0.8712547010751163, 0.43419770508491723, 0.940598945729278, 0.5315782939047562, 0.6895051363145968, 0.7945502142295664, 0.2632327198499751, 0.9589077111122837, 0.7507483205316109, 0.7386116775781267, 0.6386890640788627, 0.9699392701042773, 0.9343565603304596, 0.8198387442649027, 0.30629628128160413, 0.9425018741615083, 0.5313357348360503, 0.6297029892537214, 0.8850085095318987, 0.608736922144949, 0.20906455911542446, 0.7836353492903962, 0.5439420078074064, 0.42497916943931774, 0.9345121855559886, 0.6121051294344302, 0.578502292273178, 0.8207174296242723, 0.5798376389647146, 0.6916629272878606, 0.9076387847445839, 0.774674995957515, 0.6871897384788783, 0.8980438351581705, 0.28353209968643533, 0.5362395483988209, 0.9059801416992133, 0.48324419219912484, 0.9802031318403173, 0.938899487965138, 0.915465568076623, 0.9772597588062424, 0.9789628153220145, 0.4234097157305317, 0.9414326940648792, 0.6922592432779943, 0.9251375134812259, 0.9089815080638761, 0.713357448673426, 0.5177405757219062, 0.939230675483474, 0.3755076328133085, 0.41574277333701404, 0.6486630160206606, 0.8521001954658396, 0.6928192511783815, 0.9798514722492089, 0.38035740917095934, 0.9428491633077438, 0.9179853420852879, 0.9617720754477719, 0.8344780346578161, 0.9239858991360816, 0.9522217025290924, 0.23899729367746342, 0.27949142984930087, 0.8853681349211042, 0.927607533719276, 0.9286279274366336, 0.4155596630877777, 0.8533534577368376, 0.9581930467118089, 0.48228443707897417, 0.9352829048891074, 0.9596628528083495, 0.7253639326470425, 0.9322263155732342, 0.7729580558472922, 0.7110639912399511, 0.9770479547618027, 0.8588461682692663, 0.8984188648676468, 0.9238932796791619, 0.9473491006263874, 0.9747232059340507, 0.9470722443623478, 0.8855808153415308, 0.1682776846716329, 0.9341110513082564, 0.5157443236412498, 0.5750582617526012, 0.7738062382871427, 0.5790261988125887, 0.8710393395645104, 0.8359079253151647, 0.7416752067281525, 0.8063205504980756, 0.8824510477013939, 0.6283052858442292, 0.8302530908052741, 0.7485066002648197, 0.7624146378614128, 0.7738325347673087, 0.9881263545755623, 0.7698315590133648, 0.9630931197828099, 0.9350579814022195, 0.5012143983741278, 0.05212685222633526, 0.9664437619662871, 0.9147509231273736, 0.8009263268259385, 1.0, 0.938595895727768, 0.39034769598369434, 0.41243081325512787, 0.8861971446522757, 0.8154187738366516, 0.7015252862450747, 0.30081435933357226, 0.9707135589044302, 0.8945328373895545, 0.9713651945608406, 0.939821716744068, 0.9785132817927387, 0.7512934737949752, 0.8542311710040063, 0.97633392937918, 0.19832929234074576, 0.9406018863753673, 0.9773977581221669, 0.7045236759600223, 0.3840079964880635, 0.9692175742908125, 0.3273472980821144, 0.5074834355521683, 0.9872106081152878, 0.7542521835446684, 0.9332689017753089, 0.6688983661442429, 0.9784080121481948, 0.6516235135434673, 0.904647919869322, 0.8164468849403668, 0.45741812450524455, 0.7852033214625844, 0.9631947208711769, 0.9454632184934535, 0.27459370351787593, 0.9701742405810041, 0.704137667465099, 0.6136084613959742, 0.41421399248020163, 0.8617675603039494, 0.4532830736687707, 0.8674701285162645, 0.05652271482930384, 0.56926112019934, 0.9239412941551246, 0.7852960010452446, 0.9728742867739708, 0.8242816812765809, 0.4966154218075377, 0.8437436803649183, 0.584684973565248, 0.7146371215272531, 0.3032349251072918, 0.9576736878812553, 0.933792626439619, 0.5559706133169301, 0.6567079107412255, 0.8936598047708784, 0.3723588344016272, 0.9731496374915098, 0.8250877060561935, 0.33295797590328613, 0.9215834056802388, 0.8467013377193615, 0.9747348871931607, 0.9016204944152904, 0.3538483266922394, 0.8712420862261012, 0.4198136333318135, 0.9323453252450715, 0.8926757582744738, 0.461329065338275, 0.08528612770629405, 0.9176516704321582, 0.7900451252092993, 0.5135793600096521, 0.39222880900005397, 0.9686198599811506, 0.2718871669900238, 0.8834217951950976, 0.6597338140559376, 0.7706648767181559, 0.907558018935852, 1.0, 0.9366558325495808, 0.5588208186817714, 0.8579518991543369, 0.5418003550450656, 0.3232288137403036, 0.43200802482473877, 0.8961704370267427, 0.9027309916196755, 0.2998536403435492, 0.9714552656085744, 0.9190922894214792, 0.9732456940628658, 0.2579343193335908, 0.9654855521209342, 0.9270078518894367, 0.9128071327141931, 0.9541895950679766, 0.9668495847081082, 0.8019711204854889, 0.7685193415839502, 0.369399774835772, 0.7153099526991196, 0.5864458370254797, 0.687542465552887, 0.9469672199403614, 0.5587912679655723, 0.05987019451564787, 0.9630540715975315, 0.8807613352737074, 0.9393131181605527, 0.6912905988814966, 0.8144323897871283, 0.8216258903091462, 0.9685698290675941, 0.3478242508876328, 0.9131918112796118, 0.9582017829875438, 0.7141494776867402, 0.3824329758743163, 0.10245952677459527, 0.8055864673667326, 0.5180659948712868, 0.8905074545882428, 0.37333812510379816, 0.9117475844136459, 0.9635847916815603, 1.0, 0.9277252993838008, 0.36168412495357327, 1.0, 0.9296835011666059, 0.5649828078733281, 0.9399257675249202, 0.9205724657465093, 0.8122136254293291, 0.9498733743967636, 0.9714834981320903, 0.7488923610303595, 0.8728375908477501, 0.2973434798199742, 0.9526474078906453, 0.7657538252330831, 0.796166197021682, 0.38230642541905163, 0.5779665200433216, 0.8804232565396799, 0.8896531297074333, 0.8960729821237088, 0.6575319963393351, 0.9086210618726622, 0.9078336364448021, 0.8664855589488811, 0.9417139803454657, 0.8757845494319172, 0.7752855690103572, 0.3824686492796324, 0.576816427634421, 0.5608973553048435, 0.5787522313926514, 0.8698366814058456, 0.9508336769881993, 0.9859992736387668, 0.9819992034986089, 0.9758294505908078, 0.9166795416411146, 0.6008587815258186, 0.8517790422999735, 0.9643234137071004, 0.8270021204349962, 0.5441029026123381, 0.9233618505526292, 0.8190595233656908, 0.3559429663587866]
Finish training and take 55m
