Namespace(log_name='./RQ5/javascript_10/f2_codet5p_220m.log', model_name='Salesforce/codet5p-220m', lang='javascript', output_dir='RQ5/javascript_10/f2_codet5p_220m', data_dir='./data/RQ5/javascript_10_2', no_cuda=False, visible_gpu='0', add_task_prefix=False, add_lang_ids=False, num_train_epochs=10, num_test_epochs=10, train_batch_size=8, eval_batch_size=8, gradient_accumulation_steps=2, load_model_path=None, config_name='', tokenizer_name='', max_source_length=128, max_target_length=128, warm_up_ratio=0.1, do_train=True, do_eval=True, do_test=True, do_lower_case=False, learning_rate=5e-05, beam_size=10, weight_decay=0.0, adam_epsilon=1e-08, max_grad_norm=1.0, max_steps=-1, eval_steps=-1, train_steps=-1, local_rank=-1, seed=42, early_stop_threshold=3)
Process rank: -1, device: cuda, n_gpu: 1, distributed training: False, model_name: Salesforce/codet5p-220m
model created!
Total 10 training instances 
***** Running training *****
  Num examples = 10
  Batch size = 8
  Num epoch = 10

***** Running evaluation *****
  Num examples = 100
  Batch size = 8
  epoch = 0
  eval_ppl = 1.00668
  global_step = 2
  train_loss = 1.551
  ********************
Previous best ppl:inf
Achieve Best ppl:1.00668
  ********************
BLEU file: ./data/RQ5/javascript_10_2/validation.jsonl
  codebleu-4 = 9.27 	 Previous best codebleu 0
  ********************
 Achieve Best bleu:9.27
  ********************

***** Running evaluation *****
  Num examples = 100
  Batch size = 8
  epoch = 1
  eval_ppl = 1.00495
  global_step = 3
  train_loss = 1.4771
  ********************
Previous best ppl:1.00668
Achieve Best ppl:1.00495
  ********************
BLEU file: ./data/RQ5/javascript_10_2/validation.jsonl
  codebleu-4 = 17.12 	 Previous best codebleu 9.27
  ********************
 Achieve Best bleu:17.12
  ********************

***** Running evaluation *****
  Num examples = 100
  Batch size = 8
  epoch = 2
  eval_ppl = 1.0042
  global_step = 4
  train_loss = 0.86
  ********************
Previous best ppl:1.00495
Achieve Best ppl:1.0042
  ********************
BLEU file: ./data/RQ5/javascript_10_2/validation.jsonl
  codebleu-4 = 27.1 	 Previous best codebleu 17.12
  ********************
 Achieve Best bleu:27.1
  ********************

***** Running evaluation *****
  Num examples = 100
  Batch size = 8
  epoch = 3
  eval_ppl = 1.00376
  global_step = 5
  train_loss = 0.7053
  ********************
Previous best ppl:1.0042
Achieve Best ppl:1.00376
  ********************
BLEU file: ./data/RQ5/javascript_10_2/validation.jsonl
  codebleu-4 = 30.04 	 Previous best codebleu 27.1
  ********************
 Achieve Best bleu:30.04
  ********************

***** Running evaluation *****
  Num examples = 100
  Batch size = 8
  epoch = 4
  eval_ppl = 1.0034
  global_step = 6
  train_loss = 0.5881
  ********************
Previous best ppl:1.00376
Achieve Best ppl:1.0034
  ********************
BLEU file: ./data/RQ5/javascript_10_2/validation.jsonl
  codebleu-4 = 40.08 	 Previous best codebleu 30.04
  ********************
 Achieve Best bleu:40.08
  ********************

***** Running evaluation *****
  Num examples = 100
  Batch size = 8
  epoch = 5
  eval_ppl = 1.00314
  global_step = 7
  train_loss = 0.406
  ********************
Previous best ppl:1.0034
Achieve Best ppl:1.00314
  ********************
BLEU file: ./data/RQ5/javascript_10_2/validation.jsonl
  codebleu-4 = 43.88 	 Previous best codebleu 40.08
  ********************
 Achieve Best bleu:43.88
  ********************

***** Running evaluation *****
  Num examples = 100
  Batch size = 8
  epoch = 6
  eval_ppl = 1.00296
  global_step = 8
  train_loss = 0.4069
  ********************
Previous best ppl:1.00314
Achieve Best ppl:1.00296
  ********************
BLEU file: ./data/RQ5/javascript_10_2/validation.jsonl
  codebleu-4 = 48.53 	 Previous best codebleu 43.88
  ********************
 Achieve Best bleu:48.53
  ********************

***** Running evaluation *****
  Num examples = 100
  Batch size = 8
  epoch = 7
  eval_ppl = 1.00287
  global_step = 9
  train_loss = 0.3799
  ********************
Previous best ppl:1.00296
Achieve Best ppl:1.00287
  ********************
BLEU file: ./data/RQ5/javascript_10_2/validation.jsonl
  codebleu-4 = 50.06 	 Previous best codebleu 48.53
  ********************
 Achieve Best bleu:50.06
  ********************

***** Running evaluation *****
  Num examples = 100
  Batch size = 8
  epoch = 8
  eval_ppl = 1.00283
  global_step = 10
  train_loss = 0.2888
  ********************
Previous best ppl:1.00287
Achieve Best ppl:1.00283
  ********************
BLEU file: ./data/RQ5/javascript_10_2/validation.jsonl
  codebleu-4 = 49.24 	 Previous best codebleu 50.06
  ********************

***** Running evaluation *****
  Num examples = 100
  Batch size = 8
  epoch = 9
  eval_ppl = 1.00281
  global_step = 11
  train_loss = 0.322
  ********************
Previous best ppl:1.00283
Achieve Best ppl:1.00281
  ********************
BLEU file: ./data/RQ5/javascript_10_2/validation.jsonl
  codebleu-4 = 50.04 	 Previous best codebleu 50.06
  ********************
reload model from RQ5/javascript_10/f2_codet5p_220m/checkpoint-best-bleu
BLEU file: ./data/RQ5/javascript_10_2/test.jsonl
  codebleu = 50.03 
  Total = 500 
  Exact Fixed = 7 
[40, 90, 129, 150, 151, 209, 493]
  Syntax Fixed = 0 
[]
  Cleaned Fixed = 7 
[29, 35, 109, 311, 313, 367, 456]
  ********************
  Total = 500 
  Exact Fixed = 7 
[40, 90, 129, 150, 151, 209, 493]
  Syntax Fixed = 0 
[]
  Cleaned Fixed = 7 
[29, 35, 109, 311, 313, 367, 456]
  codebleu = 50.03 
[0.737896877118873, 0.20741802235547696, 0.4499615708051955, 0.18677183855630736, 0.0009033038126345022, 0.3114330635523529, 0.6863884298635612, 0.6295229742923897, 0.5303543300556994, 0.591516286342532, 0.5797294236034427, 0.6021366771367045, 0.25255157651202054, 0.050017803763163254, 0.47908283615972774, 0.6452148813321528, 0.5606891562047243, 0.6724315693987384, 0.0, 0.7501687939127737, 0.6560369521670946, 0.03494569883285414, 0.8935177912949537, 0.7158229243802021, 0.2578876076283573, 0.5541393908285579, 0.8597766350872547, 0.396349572956634, 0.6983535654700125, 0.36345073380465065, 0.9021799761783864, 0.6111993163235957, 0.07005656061675418, 0.8171611117114357, 0.6126392797557267, 0.5696431220857536, 0.7451384298635613, 0.5437030996295007, 0.3340047425620204, 0.9891483218006352, 0.7448566561657683, 0.8292906179772745, 0.6684686576264115, 0.16018595640707167, 0.717352101225173, 0.6082742323311118, 0.9068382385286933, 0.8178607431385985, 0.3135621416345815, 0.29656907770321406, 0.7517692380063994, 0.7134368475808912, 0.4386595935015213, 0.5264886858900315, 0.3533755248262469, 0.44650852962940435, 0.225226036889931, 0.1680569823835158, 0.2304816830869456, 0.6399591004941562, 0.10614531511533666, 0.2605255056885018, 0.7033800786864218, 0.8321296454239947, 0.02779260183028924, 0.5768364646206958, 0.7869082306429402, 0.5906923789101245, 0.3992286298565113, 0.8993979996497343, 0.8301377689380496, 0.639544029461198, 0.43656300438497986, 0.37016971107762675, 0.47940134229312364, 0.14482758620689656, 0.5069117835177426, 0.5674376570184673, 0.15035209065338123, 0.6560369521670946, 0.6399624270732811, 0.5718336933369629, 0.5637946891611503, 0.4054183564853334, 0.08779678366952054, 0.7147750222765253, 0.40494974146242735, 0.43391990509709355, 0.4519053055706145, 1.0, 0.06733919736118746, 0.7054819616225767, 0.6565560097887984, 0.3851252262472158, 0.7298304277609075, 0.772199578216531, 0.6980472624402649, 0.42600490550791614, 0.8649231085169284, 0.3169765134134991, 0.3244732641116749, 0.7751786587409204, 0.5627200451626766, 0.4056324670646792, 0.37248674743652344, 0.8593981631857175, 0.5592437701698483, 0.5102043912123392, 0.8521347462244511, 0.8096354401872717, 0.5532136440138307, 0.38898420353640983, 0.22499999999999998, 0.714297617187952, 0.902887748772268, 0.8494781978987964, 0.5418035126585234, 0.8220050617526493, 0.7643938999758249, 0.24085491768327127, 0.7522712571363831, 0.823437316619593, 0.589838189991177, 0.12277895397204491, 0.6544375845878311, 0.9090858388287586, 0.1989941191393252, 0.2635704821677916, 1.0, 0.3851173528400069, 0.1047721022519631, 0.7422623816391947, 0.7489906166641133, 0.4764640723141167, 0.2465085296294044, 0.7469334161226613, 0.12250642292957327, 0.6354935638657622, 0.31487084084589945, 0.4614069132492895, 0.4209980392665274, 0.8224714758812384, 0.4984319665830097, 0.34268491638559917, 0.6753600779398393, 0.6086737860987872, 0.13810543558529642, 0.503191349857689, 0.5673747430035098, 1.0, 0.9891483218006352, 0.6241199674940021, 0.2933192603414, 0.526797617187952, 0.7331698335612487, 0.4351680794975595, 0.902700490932961, 0.44188182488281347, 0.17819242312820238, 0.23049138297301558, 0.29157092899041875, 0.1046990877117867, 0.773553137645282, 0.14417647429169284, 0.48624193424630757, 0.4970818198712149, 0.5907915119421392, 0.8237681163057138, 0.3544908721645896, 0.7313823177545624, 0.7860594922037922, 0.3802035480815391, 0.8991129363138861, 0.561267769761279, 0.5441070669348561, 0.77468324333391, 0.0, 0.6093189247482212, 0.45508310949075587, 0.5279905343601452, 0.6051294155160957, 0.14369045176003303, 0.9396769988489013, 0.39687223536357985, 0.3563294390739359, 0.6662517128137839, 0.401706244308338, 0.3057703556125202, 0.6251384298635612, 0.7692946726459926, 0.09540372053057006, 0.7997827167911244, 0.858912994635904, 0.6377108948961138, 0.4213203854285221, 0.7974782659100839, 0.7504004004704901, 0.33183567216420956, 0.5138851964885945, 0.6357741351064675, 0.6724315693987384, 0.674524582150827, 0.15369659430624272, 0.6751705176140901, 0.8648103351245982, 0.07645894485255907, 0.4691679741407212, 0.4303380192160682, 1.0, 0.6407534718346111, 0.8824709043482357, 0.853251435829042, 0.09444798978418573, 0.22107784964043786, 0.5919795940289778, 0.5892013511932701, 0.39462621654037877, 0.6512223502463547, 0.8304054224244419, 0.7639549018034538, 0.5691230775634993, 0.5055980153481091, 0.25704272418535706, 0.4033344681607138, 0.4845182644937875, 0.1659589239821303, 0.47522840682175094, 0.2249549053855492, 0.39279598148119155, 0.3543702469332464, 0.6893858380618342, 0.06847327567880372, 0.5670600924217359, 0.37935440178678986, 0.3508081453961951, 0.396838405481522, 0.9142445273649933, 0.14906955038095676, 0.6429397336493281, 0.26532809062654433, 0.7170126220080686, 0.16517500485197145, 0.3373940575497127, 0.11954007038008096, 0.4453710621987834, 0.591241505559309, 0.660834640807388, 0.4920742135995943, 0.6496441836400741, 0.8576593989567298, 0.5656833689055719, 0.17649475021297867, 0.20866354767478065, 0.7135116214808457, 0.3040355994593641, 0.2379911542742785, 0.4118819918812901, 0.5776340860213285, 0.6617109116485119, 0.36016900549754294, 0.20592395773988476, 0.3035374278127754, 0.40904854199410534, 0.09163009396843476, 0.7878768399908018, 0.7127774792622994, 0.5689180314866947, 0.7515096483905361, 0.3475615240028008, 0.2015372100944879, 0.6560369521670946, 0.6883998245403422, 0.6304397678612106, 0.6214002582757183, 0.776554029901346, 0.4339213351685698, 0.778785113836511, 0.10648766222679504, 0.8378634002940782, 0.2958166302124694, 0.0207008421702286, 0.9542333350628116, 0.44272438732934993, 0.47711560659055585, 0.11582292438020222, 0.3138828510496251, 0.772149973326848, 0.5822109370915456, 0.830168764298918, 0.7163198838651872, 0.10588235294117647, 0.8099752229822192, 0.4667127418271009, 0.6155737848679675, 0.0, 0.7451974543165035, 0.7822324667766456, 0.7602608097855714, 0.6742654297681573, 0.30218632643626797, 0.472020996722366, 0.29736070349708665, 0.6866411249144649, 0.6868474083243508, 0.0, 0.21847710335763476, 0.601321680063778, 0.1430241482940312, 0.5194637253863024, 0.38683567216420955, 0.8725356837831622, 0.41145898320123175, 0.7035117129535005, 0.5488628862515236, 0.4028922179236726, 0.49732515246946574, 0.866815555425146, 0.6259403648918203, 0.05204201760677742, 0.32641839065175154, 0.5831943200635638, 0.40000985781752674, 0.5992019158206943, 0.944274958466798, 0.5339102500446592, 0.7538024285875055, 0.8083325080431145, 0.5985639363699742, 0.6680668487333555, 0.5625735889318473, 0.3319572907937111, 0.012, 0.5261072559244404, 0.714297617187952, 0.12625000009628848, 0.7237485989668333, 0.30831848424488534, 0.7328602200025534, 0.5512749775560664, 0.06311664645829186, 0.40156651918683534, 0.4005326816439736, 0.8566207081945381, 0.9225934589608529, 0.4905278186463043, 0.5674364496822819, 0.5709523403181391, 0.465523972643262, 0.3524372812115157, 0.8176593989567298, 0.26922824699942055, 0.7170015046833873, 0.8515059601346342, 0.4980429266924383, 0.0, 0.49675442954160787, 0.5674961219905689, 0.5085697288931634, 0.1663914067189469, 0.31966915752998515, 0.008694754573109073, 0.557719307720078, 0.39191806659375794, 0.808221529667446, 0.7696296454239946, 0.336068568378893, 0.8737480609952845, 0.45076591901650565, 0.0160475620629869, 0.36587342440580645, 0.34393366415687754, 0.2627166511815171, 0.5228832644008625, 0.3040601423323098, 0.7767231336445126, 0.12346938775510202, 0.7203766888063858, 0.4773122013881379, 0.0001928971555754023, 0.14150479769414245, 0.16428418769833497, 0.8288120051119818, 0.0008629338817361987, 0.43095085436500163, 0.6418697470128399, 0.5578607431385983, 0.05626553465078277, 0.15197416847075057, 0.7285380935292984, 0.604739134738433, 0.1680621012816312, 0.7210658705890922, 0.8818968871753021, 0.4285477174723916, 0.7353746106262073, 0.4821379477582639, 0.5789207115002721, 0.5783036814100584, 0.30559853415724664, 0.4561469513015429, 0.0011158392694023474, 0.2087918430297149, 0.17461452856591836, 0.049999999999999996, 0.3143114471416047, 0.731117687292167, 0.15388436473951614, 0.4485839668798547, 0.6495694833158199, 0.7165113845863448, 0.8214795970295614, 0.39225507984395686, 0.0005945849775917218, 0.31209821372992474, 0.47875874704124055, 0.6549780845589401, 0.3088094728216899, 0.2830669532735086, 0.554739134738433, 0.9437985500759485, 0.3889379432495441, 0.026198875192873054, 0.008497962270424654, 0.4664355844276247, 0.8020054046730669, 0.7907150063286525, 0.0, 0.24867627204965798, 0.5147391347384329, 0.36766806527533374, 0.7163534323816703, 0.17789323694902134, 0.5413013555549733, 0.5642782220842599, 0.6476309505212854, 0.9437836987242729, 0.3054746484981245, 0.4747262001981727, 0.8348591893331347, 0.17321919477359238, 0.24034592550919753, 0.5528265488737891, 0.002447810953246603, 0.3072904955994278, 0.30085669140553134, 0.7882043605744248, 0.2505541558542819, 0.7498018405233149, 0.5616798194467534, 0.11674655903247219, 0.255903071453633, 0.565282441442665, 0.7106391824574765, 0.751102424217016, 0.0857142857142857, 0.8954450935705085, 0.5045234828882075, 0.7420554014474346, 0.48542038065745813, 0.22368343111241673, 0.0584902383192229, 0.5888934767779554, 0.3565882396078713, 0.5523913421855372, 0.4898527106789474, 0.2571428571428571, 0.4616760548423344, 0.18269135687986354, 0.9495565333799167, 0.5181549779290909, 0.4323805997736636, 0.13187118922428087, 0.5486780060731714, 0.6841007521231434, 0.5031078140108968, 0.08160859311251459, 0.2476024922072733, 0.2382915953335315, 0.6891913542015293, 0.4878372832477157, 0.5522745282009293, 0.39675296426202156, 0.6032075164239112, 0.7115187153144993, 0.918115627804579, 0.4399117880830822, 0.8165273869902545, 0.04425752443774605, 0.5241554939163866, 0.25016079085323406, 0.37627573543456505, 0.537247623665976, 1.0, 0.5994100321686132, 0.9039342742606371, 0.4373553496208825, 0.38959934824011627, 0.6222244648066615, 0.33412521274495566, 0.7563261803830599]
Finish training and take 31m
Namespace(log_name='./RQ5/javascript_10/f2_codet5p_220m.log', model_name='Salesforce/codet5p-220m', lang='javascript', output_dir='RQ5/javascript_10/f2_codet5p_220m', data_dir='./data/RQ5/javascript_10_2', no_cuda=False, visible_gpu='0', add_task_prefix=False, add_lang_ids=False, num_train_epochs=10, num_test_epochs=10, train_batch_size=8, eval_batch_size=4, gradient_accumulation_steps=2, load_model_path=None, config_name='', tokenizer_name='', max_source_length=128, max_target_length=128, warm_up_ratio=0.1, do_train=True, do_eval=True, do_test=True, do_lower_case=False, learning_rate=5e-05, beam_size=10, weight_decay=0.0, adam_epsilon=1e-08, max_grad_norm=1.0, max_steps=-1, eval_steps=-1, train_steps=-1, local_rank=-1, seed=42, early_stop_threshold=3)
Process rank: -1, device: cuda, n_gpu: 1, distributed training: False, model_name: Salesforce/codet5p-220m
model created!
Total 10 training instances 
***** Running training *****
  Num examples = 10
  Batch size = 8
  Num epoch = 10

***** Running evaluation *****
  Num examples = 500
  Batch size = 4
  epoch = 0
  eval_ppl = 1.01407
  global_step = 2
  train_loss = 1.551
  ********************
Previous best ppl:inf
Achieve Best ppl:1.01407
  ********************
BLEU file: ./data/RQ5/javascript_10_2/validation.jsonl
  codebleu-4 = 9.22 	 Previous best codebleu 0
  ********************
 Achieve Best bleu:9.22
  ********************

***** Running evaluation *****
  Num examples = 500
  Batch size = 4
  epoch = 1
  eval_ppl = 1.01044
  global_step = 3
  train_loss = 1.4771
  ********************
Previous best ppl:1.01407
Achieve Best ppl:1.01044
  ********************
BLEU file: ./data/RQ5/javascript_10_2/validation.jsonl
