Namespace(log_name='./RQ5/javascript_10/f3_codet5p_770m.log', model_name='Salesforce/codet5p-770m', lang='javascript', output_dir='RQ5/javascript_10/f3_codet5p_770m', data_dir='./data/RQ5/javascript_10_3', no_cuda=False, visible_gpu='0', add_task_prefix=False, add_lang_ids=False, num_train_epochs=10, num_test_epochs=10, train_batch_size=8, eval_batch_size=4, gradient_accumulation_steps=2, load_model_path=None, config_name='', tokenizer_name='', max_source_length=128, max_target_length=128, warm_up_ratio=0.1, do_train=True, do_eval=True, do_test=True, do_lower_case=False, learning_rate=5e-05, beam_size=10, weight_decay=0.0, adam_epsilon=1e-08, max_grad_norm=1.0, max_steps=-1, eval_steps=-1, train_steps=-1, local_rank=-1, seed=42, early_stop_threshold=3)
Process rank: -1, device: cuda, n_gpu: 1, distributed training: False, model_name: Salesforce/codet5p-770m
model created!
Total 10 training instances 
***** Running training *****
  Num examples = 10
  Batch size = 8
  Num epoch = 10

***** Running evaluation *****
  Num examples = 100
  Batch size = 4
  epoch = 0
  eval_ppl = 1.0157
  global_step = 2
  train_loss = 1.9283
  ********************
Previous best ppl:inf
Achieve Best ppl:1.0157
  ********************
BLEU file: ./data/RQ5/javascript_10_3/validation.jsonl
  codebleu-4 = 12.03 	 Previous best codebleu 0
  ********************
 Achieve Best bleu:12.03
  ********************

***** Running evaluation *****
  Num examples = 100
  Batch size = 4
  epoch = 1
  eval_ppl = 1.00909
  global_step = 3
  train_loss = 1.5921
  ********************
Previous best ppl:1.0157
Achieve Best ppl:1.00909
  ********************
BLEU file: ./data/RQ5/javascript_10_3/validation.jsonl
  codebleu-4 = 19.73 	 Previous best codebleu 12.03
  ********************
 Achieve Best bleu:19.73
  ********************

***** Running evaluation *****
  Num examples = 100
  Batch size = 4
  epoch = 2
  eval_ppl = 1.00769
  global_step = 4
  train_loss = 0.965
  ********************
Previous best ppl:1.00909
Achieve Best ppl:1.00769
  ********************
BLEU file: ./data/RQ5/javascript_10_3/validation.jsonl
  codebleu-4 = 26.79 	 Previous best codebleu 19.73
  ********************
 Achieve Best bleu:26.79
  ********************

***** Running evaluation *****
  Num examples = 100
  Batch size = 4
  epoch = 3
  eval_ppl = 1.00659
  global_step = 5
  train_loss = 0.8309
  ********************
Previous best ppl:1.00769
Achieve Best ppl:1.00659
  ********************
BLEU file: ./data/RQ5/javascript_10_3/validation.jsonl
  codebleu-4 = 27.59 	 Previous best codebleu 26.79
  ********************
 Achieve Best bleu:27.59
  ********************

***** Running evaluation *****
  Num examples = 100
  Batch size = 4
  epoch = 4
  eval_ppl = 1.00583
  global_step = 6
  train_loss = 0.4884
  ********************
Previous best ppl:1.00659
Achieve Best ppl:1.00583
  ********************
BLEU file: ./data/RQ5/javascript_10_3/validation.jsonl
  codebleu-4 = 29.64 	 Previous best codebleu 27.59
  ********************
 Achieve Best bleu:29.64
  ********************

***** Running evaluation *****
  Num examples = 100
  Batch size = 4
  epoch = 5
  eval_ppl = 1.0055
  global_step = 7
  train_loss = 0.4169
  ********************
Previous best ppl:1.00583
Achieve Best ppl:1.0055
  ********************
BLEU file: ./data/RQ5/javascript_10_3/validation.jsonl
  codebleu-4 = 33.79 	 Previous best codebleu 29.64
  ********************
 Achieve Best bleu:33.79
  ********************

***** Running evaluation *****
  Num examples = 100
  Batch size = 4
  epoch = 6
  eval_ppl = 1.0054
  global_step = 8
  train_loss = 0.3111
  ********************
Previous best ppl:1.0055
Achieve Best ppl:1.0054
  ********************
BLEU file: ./data/RQ5/javascript_10_3/validation.jsonl
  codebleu-4 = 39.07 	 Previous best codebleu 33.79
  ********************
 Achieve Best bleu:39.07
  ********************

***** Running evaluation *****
  Num examples = 100
  Batch size = 4
  epoch = 7
  eval_ppl = 1.00536
  global_step = 9
  train_loss = 0.2207
  ********************
Previous best ppl:1.0054
Achieve Best ppl:1.00536
  ********************
BLEU file: ./data/RQ5/javascript_10_3/validation.jsonl
  codebleu-4 = 44.67 	 Previous best codebleu 39.07
  ********************
 Achieve Best bleu:44.67
  ********************

***** Running evaluation *****
  Num examples = 100
  Batch size = 4
  epoch = 8
  eval_ppl = 1.00533
  global_step = 10
  train_loss = 0.3143
  ********************
Previous best ppl:1.00536
Achieve Best ppl:1.00533
  ********************
BLEU file: ./data/RQ5/javascript_10_3/validation.jsonl
  codebleu-4 = 44.82 	 Previous best codebleu 44.67
  ********************
 Achieve Best bleu:44.82
  ********************

***** Running evaluation *****
  Num examples = 100
  Batch size = 4
  epoch = 9
  eval_ppl = 1.00533
  global_step = 11
  train_loss = 0.2549
  ********************
Previous best ppl:1.00533
Achieve Best ppl:1.00533
  ********************
BLEU file: ./data/RQ5/javascript_10_3/validation.jsonl
  codebleu-4 = 46.02 	 Previous best codebleu 44.82
  ********************
 Achieve Best bleu:46.02
  ********************
reload model from RQ5/javascript_10/f3_codet5p_770m/checkpoint-best-bleu
BLEU file: ./data/RQ5/javascript_10_3/test.jsonl
  codebleu = 46.99 
  Total = 500 
  Exact Fixed = 5 
[40, 113, 390, 405, 409]
  Syntax Fixed = 1 
[70]
  Cleaned Fixed = 6 
[109, 152, 163, 311, 399, 456]
  ********************
  Total = 500 
  Exact Fixed = 5 
[40, 113, 390, 405, 409]
  Syntax Fixed = 1 
[70]
  Cleaned Fixed = 6 
[109, 152, 163, 311, 399, 456]
  codebleu = 46.99 
[0.5948193479845345, 0.20697538878103366, 0.4499615708051955, 0.6896475098120338, 0.08436692013296332, 0.30723238804226227, 0.6863884298635612, 0.5101330590071013, 0.5303543300556994, 0.591516286342532, 0.33587629645989936, 0.496447548935967, 0.25255157651202054, 0.6329739871337788, 0.3151365008861141, 0.6452148813321528, 0.5606891562047243, 0.3130115231682857, 0.0, 0.6448598858735686, 0.6560369521670946, 0.0004019031272141792, 0.8664229154203225, 0.3068339459626501, 0.026736016557464076, 0.5541393908285579, 0.775359345038461, 0.396349572956634, 0.1998184416113687, 0.404872831358273, 0.28588071427786643, 0.6111993163235957, 0.2790922975564822, 0.030561086890702617, 0.5607942439151187, 0.5696431220857536, 0.5974483778767543, 0.5437030996295007, 0.3540164589892061, 0.9891483218006352, 0.7993098306204527, 0.8292906179772745, 0.24226226705027393, 0.3258065286841859, 0.717352101225173, 0.3975507380413851, 0.9068382385286933, 0.8178607431385985, 0.31978757180445616, 0.008365458227600982, 0.7517692380063994, 0.7358863528261614, 0.059304205169420726, 0.23363827777960458, 0.3533755248262469, 0.39999999999999997, 0.075, 0.5080911661183538, 0.16786350961765578, 0.6399591004941562, 0.16926857194500194, 0.32719217235516845, 0.7033800786864218, 0.8321296454239947, 0.5735670621519633, 0.24702596328288945, 0.7869082306429402, 0.5649618578475022, 0.0, 0.9471974737278606, 0.8301377689380496, 0.6058095193186681, 0.6313659179388997, 0.37016971107762675, 0.5922573597589874, 0.16331360946745563, 0.5069117835177426, 0.44694573249540037, 0.14777334506627948, 0.6560369521670946, 0.5211078690467426, 0.5718336933369629, 0.17648147134115005, 0.4364884021376192, 0.06813743079181561, 0.7147750222765253, 0.506912284423967, 0.11019436185060572, 0.47996086480687705, 0.32068471884885774, 0.06666666666666667, 0.7054819616225767, 0.6791146311515831, 0.39897138009336963, 0.5992709938548251, 0.5785553088859865, 0.6980472624402649, 0.5975819197744826, 0.9321212086381336, 0.3111069937307952, 0.3244732641116749, 0.7819827494849558, 0.30717182027110695, 0.7550038426404158, 0.3194688326095891, 0.605799736031325, 0.42119622547442515, 0.21107414483988887, 0.8521347462244511, 0.8096354401872717, 0.5063742702614256, 0.308947437538266, 0.7135428903906851, 0.42839502083117775, 0.6111593097845102, 0.8494781978987964, 0.5418035126585234, 0.34205904436269763, 0.7476782831596749, 0.32198964277632025, 0.6471683402839902, 0.823437316619593, 0.016842836867733347, 0.047885211958279855, 0.006640675867674144, 0.9090858388287586, 0.19830056153517203, 0.5959813808622627, 0.5920154638699973, 0.293517512788959, 0.1047721022519631, 0.7422623816391947, 0.7489906166641133, 0.5933344681607138, 0.12, 0.09099743663437937, 0.19348034809444703, 0.6631229608890137, 0.3132244990678435, 0.4614069132492895, 0.11355405195714138, 0.8216845173615372, 0.6885563956126466, 0.6690621521176641, 0.4921880550720875, 0.6086737860987872, 0.1342605543861164, 0.503191349857689, 0.13728483838361974, 0.186907716235717, 0.7316134807674601, 0.9203600300581813, 0.2808007185269392, 0.46555772416985086, 0.5968233054937104, 0.39221804708476143, 0.5433409995968342, 0.44188182488281347, 0.05819242312820237, 0.23049138297301558, 0.26657092899041873, 0.2850650380393639, 0.8662528514160328, 0.12420818216889351, 0.48624193424630757, 0.2954697369955988, 0.5636465025036174, 0.7146260314920356, 0.07501048117154568, 0.8020311540826717, 0.7165961386218922, 0.45241016540792056, 0.8991129363138861, 0.33358937803092387, 0.5441070669348561, 0.7932649182246665, 0.2743069270332894, 0.6093189247482212, 0.39989139212241454, 0.32407977007133026, 0.6051294155160957, 0.19722841018875603, 0.9396769988489013, 0.27104993235182995, 0.5507915119421392, 0.6662517128137839, 0.20647144315079663, 0.30588269944275676, 0.5984749700172014, 0.26165078336262476, 0.0011217109238077128, 0.5138553599215497, 0.5540152684934165, 0.6528922179236726, 0.6887796716807859, 0.7888068959389858, 0.7504004004704901, 0.3217665220617668, 0.6040563958711549, 0.6357741351064675, 0.2977605703096388, 0.674524582150827, 0.7658341175017768, 0.6751705176140901, 0.8648103351245982, 0.759599114179158, 0.5538967889031662, 0.6887796716807859, 0.5106148844443372, 0.6407534718346111, 0.7350862773325348, 0.8319725388009627, 0.05167957071956839, 0.29990677220521833, 0.5973080883457038, 0.5361622324114674, 0.32627945612776854, 0.5977086764133333, 0.6411167880947424, 0.6194497666855737, 0.32493231289753866, 0.5669001612658956, 0.25704272418535706, 0.5761697895341449, 0.4845182644937875, 0.7385700028538295, 0.5216689397938243, 0.16154037480437325, 0.40711571496601096, 0.2637245744633643, 0.6930428146435975, 0.3001963438051866, 0.07656615224949202, 0.5902912464933587, 0.31923580235667715, 0.396838405481522, 0.9142445273649933, 0.6765950349550134, 0.579777542742788, 0.26707511545802043, 0.17809424010514693, 0.3935449810248039, 0.35125669270164045, 0.2896504412206137, 0.4453710621987834, 0.30807244148352697, 0.6099306985155997, 0.42538091223228613, 0.6496441836400741, 0.3163186020454375, 0.5223591913956943, 0.17649475021297867, 0.19249975658819896, 0.4357830216047689, 0.30304861293751567, 0.16831537451792405, 0.0, 0.30658629607158133, 0.7591790791391035, 0.36016900549754294, 0.20592395773988476, 0.29895410700534386, 0.7565085579317392, 0.8827895563342798, 0.8628768399908018, 0.7127774792622994, 0.5689180314866947, 0.7723075241800268, 0.3475615240028008, 0.19082292438020224, 0.6560369521670946, 0.7258958605837098, 0.5952468683190866, 0.6793788456922385, 0.776554029901346, 0.4339213351685698, 0.778785113836511, 0.02381136515041503, 0.6083658116862956, 0.12665344789927385, 0.04602539788094515, 0.4182170914472052, 0.4903510788203176, 0.47711560659055585, 0.11582292438020222, 0.3138828510496251, 0.772149973326848, 0.47721921918218624, 0.830168764298918, 0.7586275761728796, 0.11134020618556702, 0.44070989468657723, 0.4667127418271009, 0.8464075798999238, 0.0, 0.7451974543165035, 0.7362307353531614, 0.7163913962005164, 0.6742654297681573, 0.30218632643626797, 0.472020996722366, 0.36082829487437973, 0.6866411249144649, 0.3288137353224801, 0.0, 0.7678525946438988, 0.600986135587106, 0.4022005483418911, 0.061082631675566365, 0.3728792604281609, 0.8725356837831622, 0.41145898320123175, 0.5971451697901886, 0.5488628862515236, 0.4989216156096869, 0.49732515246946574, 0.744845066893126, 0.6259403648918203, 0.04310271587410342, 0.19999999999999998, 0.6269197694084918, 0.34446259675930657, 0.2803183461047015, 0.21185216276659935, 0.5339102500446592, 0.7538024285875055, 0.7129859387503354, 0.32766085397989925, 0.8491382988278742, 0.5828956662164202, 0.3162710162839072, 0.0, 0.5261072559244404, 0.43963300340781625, 0.2929390724672301, 0.19404527641964925, 0.23348005457543278, 0.6953602200025533, 0.5512749775560664, 0.14896098673832114, 0.3445267622459318, 0.4176139795251619, 0.28901809804860434, 0.9225934589608529, 0.4891026658806643, 0.5674364496822819, 0.6030966969438405, 0.465523972643262, 0.5109748066764106, 0.8176593989567298, 0.40436287954123784, 0.7309443592247309, 0.8515059601346342, 0.5973096088583119, 0.0, 0.07203982316349665, 0.18136591793889978, 0.5113715678972871, 0.4503740983364689, 0.5272579010634381, 0.008694754573109073, 0.18665478657275095, 0.39918872709654807, 0.5223015946997971, 0.3467810328638049, 0.1243323844812198, 0.36660387157661867, 0.45076591901650565, 0.28940237682805214, 0.36587342440580645, 0.22595469119531378, 0.2627166511815171, 0.4232530153016465, 0.3040601423323098, 0.6723104602956884, 0.08069897885804689, 0.8896630937030332, 0.7504004004704901, 0.0031323668437758896, 0.6794734270245109, 0.20461833748586147, 0.7014219675924673, 0.07719082257468701, 0.16305283114107186, 0.6894253960277439, 0.5578607431385983, 0.20940756352171846, 0.15, 0.7285380935292984, 0.9891483218006352, 0.2088017714661632, 0.5538967889031662, 0.2378104801880835, 0.462188045525651, 0.3064567264011999, 0.5913567014511316, 0.4307564306266407, 0.5783036814100584, 0.8919671371303186, 0.5989661522564682, 0.00035634915161000233, 0.7448443514503091, 0.3917384128764327, 0.041292897176198246, 1.0, 0.36008080852177077, 0.3378393593932454, 0.6860406910477719, 1.0, 0.3680679213601165, 0.8403116829613333, 0.6074424048742484, 0.0, 0.6863884298635612, 0.5020457805130704, 0.5525172671273101, 0.801169789534145, 0.24589755061325091, 0.5921002985847819, 0.9437985500759485, 0.08877419738180653, 0.05540387552681966, 0.00747180296298018, 0.4664355844276247, 0.598878269816747, 0.7907150063286525, 0.5966064455014148, 0.6559327101364547, 0.5147391347384329, 0.41542642967769045, 0.827915053020484, 0.7215469451057206, 0.4345324507511319, 0.6785117129535003, 0.6021675990462452, 0.9437836987242729, 0.502051132880533, 0.21653935739065958, 0.8348591893331347, 0.4077637026519637, 0.5989150601533832, 0.5209608206501501, 0.008927930640730828, 0.3174152727830285, 0.29911978193198907, 0.4366160185132363, 0.012195906931798407, 0.6861400936911776, 0.5771638579732791, 0.11813117441708759, 0.11915738047461903, 0.6030960677776888, 0.7106391824574765, 0.2834668097803339, 0.0857142857142857, 0.8954450935705085, 0.4276185175184928, 0.6377636819401931, 0.48542038065745813, 0.39784423452774037, 0.0584902383192229, 0.5888934767779554, 0.4332646385897929, 0.5523913421855372, 0.4898527106789474, 0.23049558580168233, 0.436239496021231, 0.49804571205063586, 0.9187050530058252, 0.5181549779290909, 0.4323805997736636, 0.29867459138982494, 0.45966755358388034, 0.6841007521231434, 0.5031078140108968, 0.0809089597795101, 0.3022751944241565, 0.2382915953335315, 0.783006831274597, 0.4878372832477157, 0.003529411764705882, 0.39675296426202156, 0.644257524437746, 0.3122212368763607, 0.19553495640732171, 0.4399117880830822, 0.7450583018440083, 0.24090702262082825, 0.6500353235928973, 0.24699647646124923, 0.37627573543456505, 0.5984626626265804, 0.6574634481857526, 0.5744100321686132, 0.39447887985298, 0.2626721633456252, 0.7629326815734496, 0.6222244648066615, 0.30311206257827183, 0.7563261803830599]
Finish training and take 1h23m
