Namespace(log_name='./RQ5/javascript_10/soft0_1_codet5p_770m.log', model_name='Salesforce/codet5p-770m', lang='javascript', output_dir='RQ5/javascript_10/soft0_1_codet5p_770m', data_dir='./data/RQ5/javascript_10_1', no_cuda=False, visible_gpu='0', num_train_epochs=10, num_test_epochs=1, train_batch_size=4, eval_batch_size=2, gradient_accumulation_steps=1, load_model_path=None, config_name='', tokenizer_name='', max_source_length=512, max_target_length=512, warm_up_ratio=0.1, do_train=True, do_eval=True, do_test=True, freeze=False, learning_rate=5e-05, beam_size=10, weight_decay=0.0, adam_epsilon=1e-08, local_rank=-1, seed=42, early_stop_threshold=3)
Process rank: -1, device: cuda, n_gpu: 1, distributed training: False
Model created!!
[[{'text': '', 'loss_ids': 0, 'shortenable_ids': 0}, {'text': " import React, { Component, PropTypes } from 'react'; import cookie from '../../lib/cookie'; import Avatar from '../widgets/Avatar';", 'loss_ids': 0, 'shortenable_ids': 1}, {'text': '', 'loss_ids': 0, 'shortenable_ids': 0}, {'text': ' no-unused-vars', 'loss_ids': 0, 'shortenable_ids': 0}, {'text': '.', 'loss_ids': 0, 'shortenable_ids': 0}, {'text': '<mask>', 'loss_ids': 1, 'shortenable_ids': 0}, {'text': '', 'loss_ids': 0, 'shortenable_ids': 0}], {'guid': 0, 'tgt_text': "import React, { Component, PropTypes } from 'react'; import Avatar from '../widgets/Avatar';"}]
***** Running training *****
  Num examples = 10
  Batch size = 4
  Num epoch = 10

***** Running evaluation *****
  Num examples = 100
  Batch size = 2
  epoch = 0
  eval_ppl = inf
  global_step = 4
  train_loss = 38.7848
  ********************
Previous best ppl:inf
Achieve Best ppl:inf
  ********************
BLEU file: ./data/RQ5/javascript_10_1/validation.jsonl
  codebleu-4 = 23.13 	 Previous best codebleu 0
  ********************
 Achieve Best bleu:23.13
  ********************

***** Running evaluation *****
  Num examples = 100
  Batch size = 2
  epoch = 1
  eval_ppl = inf
  global_step = 7
  train_loss = 21.6403
  ********************
Previous best ppl:inf
Achieve Best ppl:inf
  ********************
BLEU file: ./data/RQ5/javascript_10_1/validation.jsonl
  codebleu-4 = 48.66 	 Previous best codebleu 23.13
  ********************
 Achieve Best bleu:48.66
  ********************

***** Running evaluation *****
  Num examples = 100
  Batch size = 2
  epoch = 2
  eval_ppl = inf
  global_step = 10
  train_loss = 10.2177
  ********************
Previous best ppl:inf
BLEU file: ./data/RQ5/javascript_10_1/validation.jsonl
  codebleu-4 = 51.25 	 Previous best codebleu 48.66
  ********************
 Achieve Best bleu:51.25
  ********************

***** Running evaluation *****
  Num examples = 100
  Batch size = 2
  epoch = 3
  eval_ppl = inf
  global_step = 13
  train_loss = 5.0587
  ********************
Previous best ppl:inf
BLEU file: ./data/RQ5/javascript_10_1/validation.jsonl
  codebleu-4 = 48.09 	 Previous best codebleu 51.25
  ********************

***** Running evaluation *****
  Num examples = 100
  Batch size = 2
  epoch = 4
  eval_ppl = inf
  global_step = 16
  train_loss = 5.5809
  ********************
Previous best ppl:inf
BLEU file: ./data/RQ5/javascript_10_1/validation.jsonl
  codebleu-4 = 46.34 	 Previous best codebleu 51.25
  ********************

***** Running evaluation *****
  Num examples = 100
  Batch size = 2
  epoch = 5
  eval_ppl = inf
  global_step = 19
  train_loss = 2.3282
  ********************
Previous best ppl:inf
BLEU file: ./data/RQ5/javascript_10_1/validation.jsonl
  codebleu-4 = 48.47 	 Previous best codebleu 51.25
  ********************
early stopping!!!
reload model from RQ5/javascript_10/soft0_1_codet5p_770m/checkpoint-best-bleu
BLEU file: ./data/RQ5/javascript_10_1/test.jsonl
Namespace(log_name='./RQ5/javascript_10/soft0_1_codet5p_770m.log', model_name='Salesforce/codet5p-770m', lang='javascript', output_dir='RQ5/javascript_10/soft0_1_codet5p_770m', data_dir='./data/RQ5/javascript_10_1', no_cuda=False, visible_gpu='0', num_train_epochs=10, num_test_epochs=1, train_batch_size=4, eval_batch_size=2, gradient_accumulation_steps=1, load_model_path=None, config_name='', tokenizer_name='', max_source_length=512, max_target_length=512, warm_up_ratio=0.1, do_train=True, do_eval=True, do_test=True, freeze=False, learning_rate=5e-05, beam_size=10, weight_decay=0.0, adam_epsilon=1e-08, local_rank=-1, seed=42, early_stop_threshold=3)
Process rank: -1, device: cuda, n_gpu: 1, distributed training: False
Model created!!
[[{'text': "import React, { Component, PropTypes } from 'react'; import cookie from '../../lib/cookie'; import Avatar from '../widgets/Avatar';", 'loss_ids': 0, 'shortenable_ids': 1}, {'text': '<mask>', 'loss_ids': 1, 'shortenable_ids': 0}, {'text': '', 'loss_ids': 0, 'shortenable_ids': 0}], {'guid': 0, 'tgt_text': "import React, { Component, PropTypes } from 'react'; import Avatar from '../widgets/Avatar';"}]
***** Running training *****
  Num examples = 10
  Batch size = 4
  Num epoch = 10

***** Running evaluation *****
  Num examples = 100
  Batch size = 2
  epoch = 0
  eval_ppl = inf
  global_step = 4
  train_loss = 42.1746
  ********************
Previous best ppl:inf
Achieve Best ppl:inf
  ********************
BLEU file: ./data/RQ5/javascript_10_1/validation.jsonl
  codebleu-4 = 22.44 	 Previous best codebleu 0
  ********************
 Achieve Best bleu:22.44
  ********************

***** Running evaluation *****
  Num examples = 100
  Batch size = 2
  epoch = 1
  eval_ppl = inf
  global_step = 7
  train_loss = 19.6784
  ********************
Previous best ppl:inf
Achieve Best ppl:inf
  ********************
BLEU file: ./data/RQ5/javascript_10_1/validation.jsonl
  codebleu-4 = 49.7 	 Previous best codebleu 22.44
  ********************
 Achieve Best bleu:49.7
  ********************

***** Running evaluation *****
  Num examples = 100
  Batch size = 2
  epoch = 2
  eval_ppl = inf
  global_step = 10
  train_loss = 8.8314
  ********************
Previous best ppl:inf
BLEU file: ./data/RQ5/javascript_10_1/validation.jsonl
  codebleu-4 = 50.59 	 Previous best codebleu 49.7
  ********************
 Achieve Best bleu:50.59
  ********************

***** Running evaluation *****
  Num examples = 100
  Batch size = 2
  epoch = 3
  eval_ppl = inf
  global_step = 13
  train_loss = 5.1515
  ********************
Previous best ppl:inf
BLEU file: ./data/RQ5/javascript_10_1/validation.jsonl
  codebleu-4 = 49.42 	 Previous best codebleu 50.59
  ********************

***** Running evaluation *****
  Num examples = 100
  Batch size = 2
  epoch = 4
  eval_ppl = inf
  global_step = 16
  train_loss = 1.7741
  ********************
Previous best ppl:inf
BLEU file: ./data/RQ5/javascript_10_1/validation.jsonl
  codebleu-4 = 52.44 	 Previous best codebleu 50.59
  ********************
 Achieve Best bleu:52.44
  ********************

***** Running evaluation *****
  Num examples = 100
  Batch size = 2
  epoch = 5
  eval_ppl = inf
  global_step = 19
  train_loss = 1.5655
  ********************
Previous best ppl:inf
BLEU file: ./data/RQ5/javascript_10_1/validation.jsonl
  codebleu-4 = 52.89 	 Previous best codebleu 52.44
  ********************
 Achieve Best bleu:52.89
  ********************

***** Running evaluation *****
  Num examples = 100
  Batch size = 2
  epoch = 6
  eval_ppl = inf
  global_step = 22
  train_loss = 0.8169
  ********************
Previous best ppl:inf
BLEU file: ./data/RQ5/javascript_10_1/validation.jsonl
  codebleu-4 = 54.08 	 Previous best codebleu 52.89
  ********************
 Achieve Best bleu:54.08
  ********************

***** Running evaluation *****
  Num examples = 100
  Batch size = 2
  epoch = 7
  eval_ppl = inf
  global_step = 25
  train_loss = 0.4428
  ********************
Previous best ppl:inf
BLEU file: ./data/RQ5/javascript_10_1/validation.jsonl
  codebleu-4 = 55.11 	 Previous best codebleu 54.08
  ********************
 Achieve Best bleu:55.11
  ********************

***** Running evaluation *****
  Num examples = 100
  Batch size = 2
  epoch = 8
  eval_ppl = inf
  global_step = 28
  train_loss = 0.381
  ********************
Previous best ppl:inf
BLEU file: ./data/RQ5/javascript_10_1/validation.jsonl
  codebleu-4 = 55.26 	 Previous best codebleu 55.11
  ********************
 Achieve Best bleu:55.26
  ********************

***** Running evaluation *****
  Num examples = 100
  Batch size = 2
  epoch = 9
  eval_ppl = inf
  global_step = 31
  train_loss = 0.2429
  ********************
Previous best ppl:inf
BLEU file: ./data/RQ5/javascript_10_1/validation.jsonl
  codebleu-4 = 55.26 	 Previous best codebleu 55.26
  ********************
reload model from RQ5/javascript_10/soft0_1_codet5p_770m/checkpoint-best-bleu
BLEU file: ./data/RQ5/javascript_10_1/test.jsonl
  codebleu = 55.05 
  Total = 500 
  Exact Fixed = 4 
[40, 113, 129, 405]
  Syntax Fixed = 2 
[3, 311]
  Cleaned Fixed = 3 
[163, 399, 435]
  ********************
  Total = 500 
  Exact Fixed = 4 
[40, 113, 129, 405]
  Syntax Fixed = 2 
[3, 311]
  Cleaned Fixed = 3 
[163, 399, 435]
  codebleu = 55.05 
[0.737896877118873, 0.6919266365055134, 0.762178754714643, 0.6896475098120338, 0.08436692013296332, 0.30919641300156775, 0.6530550965302279, 0.6295229742923897, 0.4404969836484012, 0.591516286342532, 0.6433293751578347, 0.632797764250137, 0.25255157651202054, 0.6329739871337788, 0.4715651917532869, 0.6452148813321528, 0.5363515851042905, 0.6724315693987384, 0.0, 0.6448598858735686, 0.6603605705248194, 0.28178507258525926, 0.8708250323025346, 0.553776723294817, 0.49038145152466306, 0.5541393908285579, 0.7603847425492873, 0.396349572956634, 0.6508081453961951, 0.5548728313582729, 0.8624231729981537, 0.7881136779802395, 0.7283426748675093, 0.8570961003195992, 0.64272438732935, 0.5696431220857536, 0.7451384298635613, 0.4252562381374042, 0.3340047425620204, 0.9891483218006352, 0.8573464528613979, 0.8292906179772745, 0.700590168990773, 0.7430598101300914, 0.6332527923879377, 0.6082742323311118, 0.8058519818855929, 0.8178607431385985, 0.3135621416345815, 0.15906757660399135, 0.7517692380063994, 0.7224409746749009, 0.4551887210243918, 0.4768908160692684, 0.3533755248262469, 0.46272438732934995, 0.18, 0.5338054518326395, 0.712432895242584, 0.6580241834790774, 0.7191441569283882, 0.32719217235516845, 0.6420978076980255, 0.8321296454239947, 0.7158229243802021, 0.7076923076923076, 0.6345044860347671, 0.6983338153069474, 0.35637148699936844, 0.8410729566829183, 0.521172119556444, 0.6551486585921227, 0.6313659179388997, 0.0, 0.6445931574752105, 0.1263157894736842, 0.5069117835177426, 0.5674376570184673, 0.1495352051294258, 0.5794081895724386, 0.7896006392880524, 0.5399450371881073, 0.5637946891611503, 0.4054183564853334, 0.171134871181664, 0.7065485068370296, 0.5090053991612131, 0.43391990509709355, 0.47996086480687705, 0.6492561474202864, 0.06, 0.5021287494162977, 0.5793435451110831, 0.6492633713864637, 0.7298304277609075, 0.7132020450823104, 0.6980472624402649, 0.6871556640337352, 0.8099530372222152, 0.3111069937307952, 0.48151833528931587, 0.7819827494849558, 0.5627200451626766, 0.1891796869686721, 0.7418506489774956, 0.7447223311159012, 0.5026793538054607, 0.4255922090579827, 0.8539458578595907, 0.8096354401872717, 0.5532136440138307, 0.6488884298635612, 0.7135428903906851, 0.714297617187952, 0.04660149224578551, 0.6311468251859658, 0.5418035126585234, 0.7385161928599094, 0.7643938999758249, 0.16458822758233754, 0.7522712571363831, 0.823437316619593, 0.3289630818290568, 0.28515328647075866, 0.6333686850411269, 0.893613602194274, 0.2974610638433307, 0.5959813808622627, 1.0, 0.6618503204869636, 0.14224981392389122, 0.5779782332895496, 0.753611364541793, 0.5738666697167141, 0.29986724447220714, 0.5336915661597348, 0.19348034809444703, 0.7308835793300246, 0.5978601768024037, 0.42430386249654006, 0.5243381867290794, 0.7232871590915826, 0.6546921776695916, 0.7014499169499973, 0.6753600779398393, 0.5026610132484245, 0.13810543558529642, 0.44471504435413284, 0.7053474370736617, 0.8313560704120448, 0.6429326815734496, 0.6507190856640116, 0.2933192603414, 0.526797617187952, 0.5649063628096855, 0.3013033699476973, 0.902700490932961, 0.44188182488281347, 0.09613051366692843, 0.23049138297301558, 0.26772438732935, 0.4719128334478145, 0.8662528514160328, 0.13456995935796623, 0.48624193424630757, 0.38323480975332214, 0.5636465025036174, 0.7227128879652001, 0.3544908721645896, 0.8020311540826717, 0.7860594922037922, 0.45241016540792056, 0.8991129363138861, 0.561267769761279, 0.5441070669348561, 0.7564452295444688, 0.5259572846439411, 0.6093189247482212, 0.39604676296938357, 0.3768509331746196, 0.5161031073231687, 0.19035071477803323, 0.9396769988489013, 0.10758390671207611, 0.5507915119421392, 0.6662517128137839, 0.401706244308338, 0.5382841518266749, 0.7451384298635613, 0.5593215577312984, 0.3225016437885937, 0.7997827167911244, 0.5407699459841662, 0.6707350069254493, 0.6887796716807859, 0.5266823604408755, 0.7504004004704901, 0.3382249347069631, 0.7014995993790445, 0.6357741351064675, 0.6724315693987384, 0.6254119411708872, 0.8433766349070695, 0.6751705176140901, 0.8648103351245982, 0.7803034446230322, 0.4338011996646749, 0.6887796716807859, 0.6166893075041413, 0.5545029145033187, 0.8824709043482357, 0.8132225388009626, 0.06552572456572223, 0.2600677332832448, 0.3422961436136158, 0.56369994186322, 0.32627945612776854, 0.6512223502463547, 0.8304054224244419, 0.76905928498787, 0.5479947964980314, 0.5119808925419361, 0.25704272418535706, 0.44833446816071376, 0.4845182644937875, 0.46904473191093105, 0.47522840682175094, 0.7411697895341449, 0.6642742735155721, 0.44118693104474316, 0.6610406974481838, 0.4056470323084847, 0.5537998353931795, 0.9105639359235915, 0.3508081453961951, 0.396838405481522, 0.9142445273649933, 0.6765950349550134, 0.45428890194969773, 0.636964721661222, 0.7170126220080686, 0.802713932743754, 0.3373940575497127, 0.27558314725722455, 0.4453710621987834, 0.7964886858900315, 0.7158229243802021, 0.4090869158278063, 0.6496441836400741, 0.8576593989567298, 0.746924700641056, 0.17649475021297867, 0.20866354767478065, 0.766682914692771, 0.6748885220437988, 0.05826198148277789, 0.4118819918812901, 0.6431303389366008, 0.6617109116485119, 0.3665582680402964, 0.23669321919655517, 0.8051979380925212, 0.7511200104643803, 0.8827895563342798, 0.871149014981726, 0.7127774792622994, 0.4486590401007454, 0.6416375468606335, 0.5347428106038496, 0.2015372100944879, 0.6603605705248194, 0.7604979526305213, 0.6440993313853645, 0.6509106257652548, 0.776554029901346, 0.4339213351685698, 0.778785113836511, 0.33036017439379955, 0.5050882274498885, 0.32937678709245916, 0.11666737327895797, 0.8035706959990481, 0.4903510788203176, 0.4505658052470366, 0.11582292438020222, 0.7517070403538422, 0.6601608746943686, 0.5822109370915456, 0.6970333504366777, 0.49533888415619304, 0.10588235294117647, 0.7965310924001736, 0.4667127418271009, 0.6636793941806709, 0.0, 0.7451974543165035, 0.8387796716807858, 0.7799696154227835, 0.6742654297681573, 0.8947836446510709, 0.472020996722366, 0.512283842723568, 0.6866411249144649, 0.6868474083243508, 0.0, 0.7927550325129481, 0.7301961448188755, 0.3807256007926331, 0.5194637253863024, 0.39985271067894745, 0.9176675865658077, 0.41145898320123175, 0.634739134738433, 0.4636435551930058, 0.7675606282133942, 0.4673712243113842, 0.4999873858499797, 0.6259403648918203, 0.08104810991505637, 0.32641839065175154, 0.5831943200635638, 0.6785985353726345, 0.5992019158206943, 0.8062002354639284, 0.5339102500446592, 0.7538024285875055, 0.8083325080431145, 0.47627573543456503, 0.8331853395710711, 0.48275794232794217, 0.3361519735310733, 0.0, 0.5261072559244404, 0.34544877465869994, 0.5326080313569397, 0.7125108877355164, 0.30831848424488534, 0.6000374307659534, 0.5780365272269377, 0.1759424130312673, 0.40156651918683534, 0.4005326816439736, 0.9299711370778252, 0.7733777834616749, 0.4905278186463043, 0.5674364496822819, 0.7517253420394067, 0.465523972643262, 0.3695522947044064, 0.8176593989567298, 0.40436287954123784, 0.7170015046833873, 0.80669026043301, 0.6570865573743658, 0.0, 0.5057622511461156, 0.5674961219905689, 0.562001299785531, 0.5307707065593111, 0.5392579010634381, 0.007229599282168711, 0.557719307720078, 0.39191806659375794, 0.808221529667446, 0.7164034549418246, 0.40289299814414176, 0.6864504859737076, 0.45076591901650565, 0.7066480859075945, 0.5396256601430724, 0.3490403912695087, 0.2627166511815171, 0.5228832644008625, 0.31918158875955654, 0.8184276974159628, 0.12, 0.9701564725523897, 0.7504004004704901, 0.0031323668437758896, 0.7431351738566481, 0.20461833748586147, 0.8288120051119818, 0.07719082257468701, 0.44461833748586144, 0.5832773641856321, 0.5578607431385983, 0.5336465025036173, 0.3508081453961951, 0.7285380935292984, 0.5351187056012044, 0.2088017714661632, 0.6528840524072741, 0.6813690289621295, 0.46318082005222316, 0.7353746106262073, 0.4777601556679766, 0.5789207115002721, 0.5783036814100584, 0.8919671371303186, 0.24378163713839862, 0.1650567204976689, 0.7448443514503091, 0.4039114800507836, 0.09710873209319901, 1.0, 0.5515950349550134, 0.3494709443822571, 0.6888665921341386, 0.7047281527834622, 0.7165113845863448, 0.8403116829613333, 0.40939599215703437, 0.0, 0.6530550965302279, 0.47875874704124055, 0.5309537492920497, 0.23014584387314932, 0.29684740832435075, 0.554739134738433, 0.9437985500759485, 0.32799863123756573, 0.05540387552681966, 0.030390470936082048, 0.4664355844276247, 0.8020054046730669, 0.70482959882937, 0.23294877465869998, 0.6559327101364547, 0.5237030996295007, 0.6626791769304377, 0.827915053020484, 0.6567389877523072, 0.7852451152245079, 0.536068568378893, 0.6285833314736662, 0.6680161349579412, 0.5114826536954102, 0.3574452213950214, 0.8348591893331347, 0.6059320393106047, 0.7477655797954694, 0.5528265488737891, 0.25311193401315524, 0.3502278939890302, 0.307730249353226, 0.606849036385896, 0.2505541558542819, 0.5761640614370258, 0.5616798194467534, 0.35624947398505524, 0.11636948157300184, 0.822378125936329, 0.7106391824574765, 0.8160973541465084, 0.0857142857142857, 0.7535100420024814, 0.4832381152599351, 0.7420554014474346, 0.5489718220056494, 0.2661180216547285, 0.12727272727272726, 0.662775442898248, 0.4332646385897929, 0.5510585507100338, 0.3534691804027259, 0.36905601805001587, 0.4616760548423344, 0.7340398687371076, 0.9007145535980361, 0.33274168824131195, 0.3231825136568638, 0.3422106937042266, 0.5486780060731714, 0.6841007521231434, 0.5031078140108968, 0.6586275761728796, 0.7253305249945152, 0.2382915953335315, 0.8502367699851867, 0.4878372832477157, 0.5522745282009293, 0.39675296426202156, 0.5475641376147264, 0.7115187153144993, 0.7888424084106092, 0.31237328339586123, 0.8165273869902545, 0.24090702262082825, 0.5100988738495229, 0.25828576165764644, 0.40650495246497576, 0.537247623665976, 0.6574634481857526, 0.5744100321686132, 0.743934274260637, 0.45759530908884194, 0.7629326815734496, 0.6222244648066615, 0.8239771023387574, 0.7563261803830599]
Finish training and take 49m
