Namespace(log_name='./RQ5/javascript_10/soft0_3_codet5p_220m.log', model_name='Salesforce/codet5p-220m', lang='javascript', output_dir='RQ5/javascript_10/soft0_3_codet5p_220m', data_dir='./data/RQ5/javascript_10_3', no_cuda=False, visible_gpu='0', num_train_epochs=10, num_test_epochs=1, train_batch_size=16, eval_batch_size=2, gradient_accumulation_steps=1, load_model_path=None, config_name='', tokenizer_name='', max_source_length=512, max_target_length=512, warm_up_ratio=0.1, do_train=True, do_eval=True, do_test=True, freeze=False, learning_rate=5e-05, beam_size=10, weight_decay=0.0, adam_epsilon=1e-08, local_rank=-1, seed=42, early_stop_threshold=3)
Process rank: -1, device: cuda, n_gpu: 1, distributed training: False
Model created!!
[[{'text': 'function e() {                  return null !== t && t.apply(this, arguments) || this              }', 'loss_ids': 0, 'shortenable_ids': 1}, {'text': '<mask>', 'loss_ids': 1, 'shortenable_ids': 0}, {'text': '', 'loss_ids': 0, 'shortenable_ids': 0}], {'guid': 0, 'tgt_text': 'function e() {                  var e = t.call(this) || this;                  return e._layer = new PIXI.Container, e._layer.y = -30, e.addChild(e._layer), e._img3 = new PIXI.Sprite, e._layer.addChild(e._img3), e._img2 = new PIXI.Sprite, e._layer.addChild(e._img2), e._img1 = new PIXI.Sprite, e._layer.addChild(e._img1), e._basePos1 = new PIXI.Point, e._basePos2 = new PIXI.Point, e._basePos3 = new PIXI.Point, e._tweens = [], e              }'}]
***** Running training *****
  Num examples = 10
  Batch size = 16
  Num epoch = 10

***** Running evaluation *****
  Num examples = 500
  Batch size = 2
  epoch = 0
  eval_ppl = inf
  global_step = 2
  train_loss = 62.7697
  ********************
Previous best ppl:inf
Achieve Best ppl:inf
  ********************
BLEU file: ./data/RQ5/javascript_10_3/validation.jsonl
  codebleu-4 = 12.33 	 Previous best codebleu 0
  ********************
 Achieve Best bleu:12.33
  ********************

***** Running evaluation *****
  Num examples = 500
  Batch size = 2
  epoch = 1
  eval_ppl = inf
  global_step = 3
  train_loss = 64.3868
  ********************
Previous best ppl:inf
Achieve Best ppl:inf
  ********************
BLEU file: ./data/RQ5/javascript_10_3/validation.jsonl
  codebleu-4 = 20.4 	 Previous best codebleu 12.33
  ********************
 Achieve Best bleu:20.4
  ********************

***** Running evaluation *****
  Num examples = 500
  Batch size = 2
  epoch = 2
  eval_ppl = inf
  global_step = 4
  train_loss = 43.3732
  ********************
Previous best ppl:inf
Achieve Best ppl:inf
  ********************
BLEU file: ./data/RQ5/javascript_10_3/validation.jsonl
  codebleu-4 = 23.02 	 Previous best codebleu 20.4
  ********************
 Achieve Best bleu:23.02
  ********************

***** Running evaluation *****
  Num examples = 500
  Batch size = 2
  epoch = 3
  eval_ppl = inf
  global_step = 5
  train_loss = 33.5793
  ********************
Previous best ppl:inf
Achieve Best ppl:inf
  ********************
BLEU file: ./data/RQ5/javascript_10_3/validation.jsonl
