Namespace(log_name='./RQ5/javascript_10/soft0_3_codet5p_770m.log', model_name='Salesforce/codet5p-770m', lang='javascript', output_dir='RQ5/javascript_10/soft0_3_codet5p_770m', data_dir='./data/RQ5/javascript_10_3', no_cuda=False, visible_gpu='0', num_train_epochs=10, num_test_epochs=1, train_batch_size=4, eval_batch_size=2, gradient_accumulation_steps=1, load_model_path=None, config_name='', tokenizer_name='', max_source_length=512, max_target_length=512, warm_up_ratio=0.1, do_train=True, do_eval=True, do_test=True, freeze=False, learning_rate=5e-05, beam_size=10, weight_decay=0.0, adam_epsilon=1e-08, local_rank=-1, seed=42, early_stop_threshold=3)
Process rank: -1, device: cuda, n_gpu: 1, distributed training: False
Model created!!
[[{'text': 'function e() {                  return null !== t && t.apply(this, arguments) || this              }', 'loss_ids': 0, 'shortenable_ids': 1}, {'text': '<mask>', 'loss_ids': 1, 'shortenable_ids': 0}, {'text': '', 'loss_ids': 0, 'shortenable_ids': 0}], {'guid': 0, 'tgt_text': 'function e() {                  var e = t.call(this) || this;                  return e._layer = new PIXI.Container, e._layer.y = -30, e.addChild(e._layer), e._img3 = new PIXI.Sprite, e._layer.addChild(e._img3), e._img2 = new PIXI.Sprite, e._layer.addChild(e._img2), e._img1 = new PIXI.Sprite, e._layer.addChild(e._img1), e._basePos1 = new PIXI.Point, e._basePos2 = new PIXI.Point, e._basePos3 = new PIXI.Point, e._tweens = [], e              }'}]
***** Running training *****
  Num examples = 10
  Batch size = 4
  Num epoch = 10

***** Running evaluation *****
  Num examples = 100
  Batch size = 2
  epoch = 0
  eval_ppl = inf
  global_step = 4
  train_loss = 56.2262
  ********************
Previous best ppl:inf
Achieve Best ppl:inf
  ********************
BLEU file: ./data/RQ5/javascript_10_3/validation.jsonl
  codebleu-4 = 22.0 	 Previous best codebleu 0
  ********************
 Achieve Best bleu:22.0
  ********************

***** Running evaluation *****
  Num examples = 100
  Batch size = 2
  epoch = 1
  eval_ppl = inf
  global_step = 7
  train_loss = 27.3652
  ********************
Previous best ppl:inf
Achieve Best ppl:inf
  ********************
BLEU file: ./data/RQ5/javascript_10_3/validation.jsonl
  codebleu-4 = 53.48 	 Previous best codebleu 22.0
  ********************
 Achieve Best bleu:53.48
  ********************

***** Running evaluation *****
  Num examples = 100
  Batch size = 2
  epoch = 2
  eval_ppl = inf
  global_step = 10
  train_loss = 17.1363
  ********************
Previous best ppl:inf
BLEU file: ./data/RQ5/javascript_10_3/validation.jsonl
  codebleu-4 = 51.17 	 Previous best codebleu 53.48
  ********************

***** Running evaluation *****
  Num examples = 100
  Batch size = 2
  epoch = 3
  eval_ppl = inf
  global_step = 13
  train_loss = 9.5388
  ********************
Previous best ppl:inf
BLEU file: ./data/RQ5/javascript_10_3/validation.jsonl
  codebleu-4 = 51.45 	 Previous best codebleu 53.48
  ********************

***** Running evaluation *****
  Num examples = 100
  Batch size = 2
  epoch = 4
  eval_ppl = inf
  global_step = 16
  train_loss = 6.2956
  ********************
Previous best ppl:inf
BLEU file: ./data/RQ5/javascript_10_3/validation.jsonl
  codebleu-4 = 48.95 	 Previous best codebleu 53.48
  ********************
early stopping!!!
reload model from RQ5/javascript_10/soft0_3_codet5p_770m/checkpoint-best-bleu
BLEU file: ./data/RQ5/javascript_10_3/test.jsonl
  codebleu = 51.62 
  Total = 500 
  Exact Fixed = 4 
[1, 18, 296, 409]
  Syntax Fixed = 0 
[]
  Cleaned Fixed = 14 
[35, 94, 129, 163, 233, 294, 311, 313, 328, 356, 367, 392, 399, 419]
  ********************
  Total = 500 
  Exact Fixed = 4 
[1, 18, 296, 409]
  Syntax Fixed = 0 
[]
  Cleaned Fixed = 14 
[35, 94, 129, 163, 233, 294, 311, 313, 328, 356, 367, 392, 399, 419]
  codebleu = 51.62 
[0.9891483218006352, 0.6919266365055134, 0.4499615708051955, 0.6220776503143582, 0.08436692013296332, 0.3114330635523529, 0.6932898064747897, 0.5101330590071013, 0.4934099939845978, 0.591516286342532, 0.8955980328281301, 0.7860995029887012, 0.12800521042642896, 0.6329739871337788, 0.9401466267024705, 0.6452148813321528, 0.5631372993900048, 1.0, 0.0, 0.6448598858735686, 0.6133451243573405, 0.28178507258525926, 0.8935177912949537, 0.5642322358777737, 0.47538145152466305, 0.5541393908285579, 0.844985998632622, 0.396349572956634, 0.042724387329349994, 0.4899085823945051, 0.05869925108395743, 0.7090972043690913, 0.5818817070456347, 0.8570961003195992, 0.6126392797557267, 0.5696431220857536, 0.21204523537671588, 0.5437030996295007, 0.3340047425620204, 0.634739134738433, 0.8573464528613979, 0.8292906179772745, 0.700590168990773, 0.7413033438528566, 0.5775495764552927, 0.6082742323311118, 0.7457069797572118, 0.8178607431385985, 0.21445862147356637, 0.2574138233688298, 0.7517692380063994, 0.7358863528261614, 0.32389914723477986, 0.5264886858900315, 0.3353746106262073, 0.46272438732934995, 0.0857142857142857, 0.08734360588916955, 0.17499278294052598, 0.6580241834790774, 0.7082924787290233, 0.23664144875001303, 0.6420978076980255, 0.8321296454239947, 0.3135246211206033, 0.7076923076923076, 0.5714532400808212, 0.6983338153069474, 0.0, 0.8972124779923019, 0.6847482616910893, 0.6475992208375672, 0.6313659179388997, 0.0, 0.15080213903743314, 0.13846153846153847, 0.006826503896445559, 0.17472746508580017, 0.1495352051294258, 0.6293784528702719, 0.36407800067854046, 0.6079232771655521, 0.387499134087404, 0.4054183564853334, 0.20613487118166404, 0.7065485068370296, 0.506912284423967, 0.4247133294559794, 0.4653422975658819, 0.45952911131640256, 0.06, 0.4446724306281599, 0.5793435451110831, 0.8049902107215526, 0.6363718889009198, 0.772199578216531, 0.6980472624402649, 0.6871621017950617, 0.8899929854363868, 0.3853344079090689, 0.3244732641116749, 0.7819827494849558, 0.040256281112898626, 0.1891796869686721, 0.25422298647732317, 0.5996126797775585, 0.42119622547442515, 0.5102043912123392, 0.665414830149895, 0.8420598436025485, 0.5532136440138307, 0.6488884298635612, 0.36037527074182807, 0.714297617187952, 0.6111593097845102, 0.7783263123654529, 0.5418035126585234, 0.3206534384341225, 0.7643938999758249, 0.3922790318189532, 0.7522712571363831, 0.823437316619593, 0.15663264913220276, 0.17004945327583548, 0.6035543711858583, 0.9090858388287586, 0.2974610638433307, 0.5959813808622627, 0.6337480609952845, 0.5237606339347591, 0.1047721022519631, 0.4942582902927063, 0.7489906166641133, 0.5940647874387288, 0.12, 0.10227134118220431, 0.19348034809444703, 0.5770682924306744, 0.5978601768024037, 0.42430386249654006, 0.5243381867290794, 0.7232871590915826, 0.6885563956126466, 0.2799012871842994, 0.6753600779398393, 0.6086737860987872, 0.20953400701386782, 0.503191349857689, 0.6509906017538453, 0.6298734610744183, 0.517606891685234, 0.6241199674940021, 0.225397023399357, 0.526797617187952, 0.5649063628096855, 0.3013033699476973, 0.8690633869650679, 0.4764470422741178, 0.05819242312820237, 0.23049138297301558, 0.26772438732935, 0.5676263835995397, 0.8662528514160328, 0.14417647429169284, 0.6193949501703278, 0.33434470455979726, 0.5636465025036174, 0.7943824886639701, 0.15958368834209907, 0.8020311540826717, 0.7860594922037922, 0.6613214675511194, 0.8991129363138861, 0.561267769761279, 0.5441070669348561, 0.7564452295444688, 0.18624690106638714, 0.6093189247482212, 0.38172969440431265, 0.584518255357676, 0.6051294155160957, 0.1488213539781142, 0.7420433840511582, 0.10758390671207611, 0.5507915119421392, 0.6662517128137839, 0.0002287515458151956, 0.5382841518266749, 0.5772488875680026, 0.5451621476662808, 0.3573011355166036, 0.7997827167911244, 0.40534095740470866, 0.6528922179236726, 0.6887796716807859, 0.5570035285288599, 0.7504004004704901, 0.3500221175710181, 0.7014995993790445, 0.5531179266383359, 0.6724315693987384, 0.674524582150827, 0.17030090339702914, 0.6751705176140901, 0.8648103351245982, 0.5825585991942112, 0.6426062098732228, 0.6887796716807859, 0.689430788668116, 0.6407534718346111, 0.5134953682416259, 0.8132225388009626, 0.07416194001066813, 0.2600677332832448, 0.4679617697938848, 0.5278563658424991, 0.32627945612776854, 0.6512223502463547, 0.59846669284713, 0.3228222909971193, 0.5691230775634993, 0.5055980153481091, 0.25704272418535706, 0.46340630882698075, 0.4845182644937875, 0.46904473191093105, 0.47522840682175094, 0.7411697895341449, 0.6607142567944371, 0.4455903592369812, 0.812812273439955, 0.606419700152545, 0.671995337914775, 0.9105639359235915, 0.5662921348314607, 0.396838405481522, 0.7262719879306045, 0.6765950349550134, 0.44898574001291214, 0.6121547425043918, 0.7170126220080686, 0.802713932743754, 0.3373940575497127, 0.27558314725722455, 0.4453710621987834, 0.7964886858900315, 0.7158229243802021, 0.46697146828894043, 0.6496441836400741, 0.8231779991158767, 0.45962223792522716, 0.17649475021297867, 0.17107118515962755, 0.766682914692771, 0.6748885220437988, 0.05884706830956214, 0.196275735434565, 0.5966696530090795, 0.6105860323027499, 0.3665582680402964, 0.20592395773988476, 0.2983107329408001, 0.7565085579317392, 0.07430621120064783, 0.871149014981726, 0.7127774792622994, 0.4486590401007454, 0.7850118660511431, 0.4803008838570829, 0.03656300438497988, 0.6133451243573405, 0.7441840566053632, 0.6440993313853645, 0.5554284401755778, 0.776554029901346, 0.33740536832751333, 0.778785113836511, 0.10648766222679504, 0.8378634002940782, 0.6126392797557267, 0.11666737327895797, 0.8035706959990481, 0.4903510788203176, 0.47711560659055585, 0.11582292438020222, 0.7517070403538422, 0.7545909332472028, 0.5822109370915456, 0.830168764298918, 0.7616983306277121, 0.10588235294117647, 0.8319390869638097, 0.31515533447396854, 0.8201781496971694, 0.0, 1.0, 0.8387796716807858, 0.6449697969951311, 0.6742654297681573, 0.8947836446510709, 0.5992027451538551, 0.512283842723568, 0.6866411249144649, 0.6194196708682929, 0.022412788792651028, 0.49458753610594774, 0.6341613998239504, 0.3207256007926331, 0.4633087211631649, 0.17325991295455373, 0.8725356837831622, 0.41145898320123175, 0.7035117129535005, 0.5488628862515236, 0.7175606282133943, 0.4969617815012778, 0.8140905862672658, 0.6259403648918203, 0.0536616865191997, 0.19999999999999998, 0.8387796716807858, 0.7109425855650396, 0.5992019158206943, 0.878163401167724, 0.469165356447571, 0.689485255512862, 0.8083325080431145, 0.7118450462868338, 0.775511897558187, 0.48275794232794217, 0.3361519735310733, 0.0, 0.4447433623858905, 0.4102973371873174, 0.2922558226127088, 0.7125108877355164, 0.30831848424488534, 0.7328602200025534, 0.5780365272269377, 0.1759424130312673, 0.40156651918683534, 0.4005326816439736, 0.8022530852680203, 0.9225934589608529, 0.4905278186463043, 0.45095917695500914, 0.6775776410026684, 0.465523972643262, 0.5566478602423253, 0.7649632673173041, 0.5969803377115616, 0.7170015046833873, 0.8515059601346342, 0.6570865573743658, 0.0, 0.5913017814860626, 0.5674961219905689, 0.5134582507008687, 0.5307707065593111, 0.364502868326406, 0.008694754573109073, 0.557719307720078, 0.37129994237561437, 0.808221529667446, 0.7279241325650598, 0.23985271067894742, 0.8737480609952845, 0.36554268145588537, 0.06817112804424888, 0.36587342440580645, 0.014231742501286922, 0.27840946421344553, 0.5228832644008625, 0.32340833096900673, 0.6723104602956884, 0.12, 0.9701564725523897, 0.7504004004704901, 0.0031323668437758896, 0.7431351738566481, 0.2646183374858615, 0.8040142249358395, 0.001425284885666156, 0.43095085436500163, 0.6204339005632913, 0.5902460953544986, 0.2673599122554198, 0.15, 0.7285380935292984, 0.5880724680717664, 0.2088017714661632, 0.6456512240075197, 0.6813690289621295, 0.8955980328281301, 0.5442575244377461, 0.4777601556679766, 0.27747861876990987, 0.5783036814100584, 0.8919671371303186, 0.24378163713839862, 0.030689725496314574, 0.4729307418555062, 0.3866375933720921, 0.0033686151259142228, 0.9086907705911411, 0.731117687292167, 0.3297613037164445, 0.6888665921341386, 1.0, 0.16029726594543942, 0.8403116829613333, 0.40939599215703437, 0.6536911179244789, 0.6863884298635612, 0.5020457805130704, 0.5309537492920497, 0.801169789534145, 0.2830669532735086, 0.6285117129535003, 0.9437985500759485, 0.3889379432495441, 0.05540387552681966, 0.029339380368078014, 0.48417471486240726, 0.7154557474788577, 0.7601337817499505, 0.3275887968144088, 0.6559327101364547, 0.5237030996295007, 0.39646655392658026, 0.4893968050150498, 0.5709656210365359, 0.7928486444658168, 0.12289518163056992, 0.6021675990462452, 0.9009945546583267, 0.6439654153934541, 0.46619868399576414, 0.8348591893331347, 0.6120862230985752, 0.4444467746375167, 0.5444195374242924, 0.09783693344527489, 0.3472827191061711, 0.307730249353226, 0.6387719507771447, 0.23019075251330873, 0.7498018405233149, 0.4496604481293247, 0.12060662848308473, 0.13903854307791302, 0.822378125936329, 0.6156286994696712, 0.8160973541465084, 0.0857142857142857, 0.8623149927952378, 0.4832381152599351, 0.7420554014474346, 0.5068489520860295, 0.45473913473843297, 0.05476190476190476, 0.662775442898248, 0.7717844197183836, 0.5510585507100338, 0.0, 0.3809966405126346, 0.436239496021231, 0.3968001574596791, 0.8288888253961533, 0.33274168824131195, 0.32500121439913165, 0.3127115765126898, 0.4640794138182527, 0.6413042979131219, 0.5031078140108968, 0.10454149367365345, 0.7510658705890922, 0.19493824052469033, 0.7442951894445113, 0.14937109039261492, 0.5522745282009293, 0.39675296426202156, 0.9039342742606371, 0.7115187153144993, 0.4790036104851968, 0.31237328339586123, 0.8032681649781077, 0.20799246756982273, 0.6103888216088829, 0.25828576165764644, 0.37627573543456505, 0.537247623665976, 0.1460563790465229, 0.5994100321686132, 0.48194910810933167, 0.28082062018706494, 0.7629326815734496, 0.6222244648066615, 0.30311206257827183, 0.6962471101251592]
Finish training and take 35m
