Namespace(log_name='./RQ5/javascript_500/f1_codet5p_770m.log', model_name='Salesforce/codet5p-770m', lang='javascript', output_dir='RQ5/javascript_500/f1_codet5p_770m', data_dir='./data/RQ5/javascript_500_3', no_cuda=False, visible_gpu='0', add_task_prefix=False, add_lang_ids=False, num_train_epochs=10, num_test_epochs=10, train_batch_size=8, eval_batch_size=4, gradient_accumulation_steps=2, load_model_path=None, config_name='', tokenizer_name='', max_source_length=128, max_target_length=128, warm_up_ratio=0.1, do_train=True, do_eval=True, do_test=True, do_lower_case=False, learning_rate=5e-05, beam_size=10, weight_decay=0.0, adam_epsilon=1e-08, max_grad_norm=1.0, max_steps=-1, eval_steps=-1, train_steps=-1, local_rank=-1, seed=42, early_stop_threshold=3)
Process rank: -1, device: cuda, n_gpu: 1, distributed training: False, model_name: Salesforce/codet5p-770m
model created!
Total 500 training instances 
***** Running training *****
  Num examples = 500
  Batch size = 8
  Num epoch = 10

***** Running evaluation *****
  Num examples = 500
  Batch size = 4
  epoch = 0
  eval_ppl = 1.00397
  global_step = 63
  train_loss = 0.8421
  ********************
Previous best ppl:inf
Achieve Best ppl:1.00397
  ********************
BLEU file: ./data/RQ5/javascript_500_3/validation.jsonl
  codebleu-4 = 59.91 	 Previous best codebleu 0
  ********************
 Achieve Best bleu:59.91
  ********************

***** Running evaluation *****
  Num examples = 500
  Batch size = 4
  epoch = 1
  eval_ppl = 1.00383
  global_step = 125
  train_loss = 0.3192
  ********************
Previous best ppl:1.00397
Achieve Best ppl:1.00383
  ********************
BLEU file: ./data/RQ5/javascript_500_3/validation.jsonl
  codebleu-4 = 62.36 	 Previous best codebleu 59.91
  ********************
 Achieve Best bleu:62.36
  ********************

***** Running evaluation *****
  Num examples = 500
  Batch size = 4
  epoch = 2
  eval_ppl = 1.00399
  global_step = 187
  train_loss = 0.1651
  ********************
Previous best ppl:1.00383
BLEU file: ./data/RQ5/javascript_500_3/validation.jsonl
  codebleu-4 = 62.59 	 Previous best codebleu 62.36
  ********************
 Achieve Best bleu:62.59
  ********************

***** Running evaluation *****
  Num examples = 500
  Batch size = 4
  epoch = 3
  eval_ppl = 1.00466
  global_step = 249
  train_loss = 0.0875
  ********************
Previous best ppl:1.00383
BLEU file: ./data/RQ5/javascript_500_3/validation.jsonl
  codebleu-4 = 63.01 	 Previous best codebleu 62.59
  ********************
 Achieve Best bleu:63.01
  ********************

***** Running evaluation *****
  Num examples = 500
  Batch size = 4
  epoch = 4
  eval_ppl = 1.00452
  global_step = 311
  train_loss = 0.0715
  ********************
Previous best ppl:1.00383
BLEU file: ./data/RQ5/javascript_500_3/validation.jsonl
  codebleu-4 = 63.92 	 Previous best codebleu 63.01
  ********************
 Achieve Best bleu:63.92
  ********************

***** Running evaluation *****
  Num examples = 500
  Batch size = 4
  epoch = 5
  eval_ppl = 1.00485
  global_step = 373
  train_loss = 0.0365
  ********************
Previous best ppl:1.00383
BLEU file: ./data/RQ5/javascript_500_3/validation.jsonl
  codebleu-4 = 63.26 	 Previous best codebleu 63.92
  ********************

***** Running evaluation *****
  Num examples = 500
  Batch size = 4
  epoch = 6
  eval_ppl = 1.00516
  global_step = 435
  train_loss = 0.0196
  ********************
Previous best ppl:1.00383
BLEU file: ./data/RQ5/javascript_500_3/validation.jsonl
  codebleu-4 = 64.2 	 Previous best codebleu 63.92
  ********************
 Achieve Best bleu:64.2
  ********************

***** Running evaluation *****
  Num examples = 500
  Batch size = 4
  epoch = 7
  eval_ppl = 1.00509
  global_step = 497
  train_loss = 0.013
  ********************
Previous best ppl:1.00383
BLEU file: ./data/RQ5/javascript_500_3/validation.jsonl
  codebleu-4 = 63.53 	 Previous best codebleu 64.2
  ********************

***** Running evaluation *****
  Num examples = 500
  Batch size = 4
  epoch = 8
  eval_ppl = 1.00532
  global_step = 559
  train_loss = 0.0087
  ********************
Previous best ppl:1.00383
BLEU file: ./data/RQ5/javascript_500_3/validation.jsonl
  codebleu-4 = 63.57 	 Previous best codebleu 64.2
  ********************

***** Running evaluation *****
  Num examples = 500
  Batch size = 4
  epoch = 9
  eval_ppl = 1.00541
  global_step = 621
  train_loss = 0.0077
  ********************
Previous best ppl:1.00383
BLEU file: ./data/RQ5/javascript_500_3/validation.jsonl
  codebleu-4 = 63.25 	 Previous best codebleu 64.2
  ********************
reload model from RQ5/javascript_500/f1_codet5p_770m/checkpoint-best-bleu
BLEU file: ./data/RQ5/javascript_500_3/test.jsonl
  codebleu = 63.1 
  Total = 500 
  Exact Fixed = 76 
[1, 11, 20, 21, 26, 37, 38, 40, 51, 69, 78, 80, 90, 95, 96, 98, 104, 110, 119, 122, 129, 133, 134, 145, 152, 168, 176, 178, 186, 192, 195, 202, 204, 208, 212, 220, 227, 231, 236, 241, 249, 258, 262, 265, 269, 271, 290, 299, 301, 317, 322, 323, 326, 353, 356, 367, 383, 385, 387, 393, 394, 405, 408, 409, 412, 428, 429, 431, 435, 437, 453, 454, 471, 477, 481, 500]
  Syntax Fixed = 4 
[32, 109, 311, 373]
  Cleaned Fixed = 4 
[151, 232, 328, 406]
  ********************
  Total = 500 
  Exact Fixed = 76 
[1, 11, 20, 21, 26, 37, 38, 40, 51, 69, 78, 80, 90, 95, 96, 98, 104, 110, 119, 122, 129, 133, 134, 145, 152, 168, 176, 178, 186, 192, 195, 202, 204, 208, 212, 220, 227, 231, 236, 241, 249, 258, 262, 265, 269, 271, 290, 299, 301, 317, 322, 323, 326, 353, 356, 367, 383, 385, 387, 393, 394, 405, 408, 409, 412, 428, 429, 431, 435, 437, 453, 454, 471, 477, 481, 500]
  Syntax Fixed = 4 
[32, 109, 311, 373]
  Cleaned Fixed = 4 
[151, 232, 328, 406]
  codebleu = 63.1 
[0.9891483218006352, 0.6919266365055134, 0.4499615708051955, 0.6896475098120338, 0.08436692013296332, 0.6061556752769435, 0.6863884298635612, 0.6670229742923897, 0.3534599491797626, 0.4198081329071017, 1.0, 0.8696847134058581, 0.3093752451851194, 0.6329739871337788, 0.5408401405239117, 0.6452148813321528, 0.6539381369742995, 0.6724315693987384, 0.0, 1.0, 1.0, 0.28178507258525926, 0.8708250323025346, 0.7158229243802021, 0.4777185731223784, 0.8249365300761395, 0.8597766350872547, 0.396349572956634, 0.6553082743436025, 0.6328785751316023, 0.8515629296941565, 0.9070475294213802, 0.7943817070456347, 0.8570961003195992, 0.5570177454869844, 0.5696431220857536, 1.0, 0.9891483218006352, 0.3340047425620204, 0.9891483218006352, 0.8573464528613979, 0.8292906179772745, 0.29171281650082337, 0.8198293080551287, 0.717352101225173, 0.6082742323311118, 0.9068382385286933, 0.8178607431385985, 0.3053502366259113, 0.7026136760976884, 1.0, 0.805453099521674, 0.5084177428513625, 0.5264886858900315, 0.3533755248262469, 0.5695939886293169, 0.225226036889931, 0.5338054518326395, 0.712432895242584, 0.6399591004941562, 0.7261697895341449, 0.32719217235516845, 0.7033800786864218, 0.8821296454239946, 0.7158229243802021, 0.7076923076923076, 0.7619082306429403, 0.6983338153069474, 0.8249365300761395, 0.9616979821237088, 0.8301377689380496, 0.639544029461198, 0.714297617187952, 0.37016971107762675, 0.6445931574752105, 0.12, 0.7007761645654145, 1.0, 0.1495352051294258, 1.0, 0.7834298712141025, 0.5718336933369629, 0.5637946891611503, 0.4054183564853334, 0.20613487118166404, 0.7065485068370296, 0.48211004236477467, 0.43391990509709355, 0.47996086480687705, 1.0, 0.39025628111289856, 0.7054819616225767, 0.6565560097887984, 0.6492633713864637, 1.0, 1.0, 0.6980472624402649, 1.0, 0.9321212086381336, 0.27345032446975304, 0.48151833528931587, 0.753178401658869, 0.5627200451626766, 1.0, 0.7418506489774956, 0.8593981631857175, 0.5592437701698483, 0.5102043912123392, 0.9270606961251804, 1.0, 0.5532136440138307, 0.6488884298635612, 0.4536911179244788, 0.714297617187952, 0.902887748772268, 0.8494781978987964, 0.5418035126585234, 0.9441518237028776, 1.0, 0.510980970646246, 0.7522712571363831, 1.0, 0.4470581748828688, 0.28515328647075866, 0.6544375845878311, 0.9491673847910091, 0.2974610638433307, 0.5341258702031846, 1.0, 0.6618503204869636, 0.14224981392389122, 0.7422623816391947, 1.0, 1.0, 0.3079510025390523, 0.7695688801748877, 0.19348034809444703, 0.7308835793300246, 0.5978601768024037, 0.6094129773172783, 0.5243381867290794, 0.8261757460125112, 0.6885563956126466, 0.7014499169499973, 0.8651704051777762, 0.6086737860987872, 0.3632462232889623, 0.3947861840279352, 0.736830916576784, 0.8601305921152989, 0.8145082176095655, 1.0, 0.2933192603414, 0.526797617187952, 0.7472982571634935, 0.2593698766283126, 0.5571726600733268, 0.44188182488281347, 0.21170458518859758, 0.23049138297301558, 0.29157092899041875, 0.4479122693430736, 0.773553137645282, 0.14417647429169284, 0.2806588434770144, 0.4970818198712149, 0.5907915119421392, 1.0, 0.3544908721645896, 0.8020311540826717, 0.7860594922037922, 0.45241016540792056, 0.8991129363138861, 0.561267769761279, 0.5441070669348561, 1.0, 0.7677459225855625, 1.0, 0.45508310949075587, 0.5279905343601452, 0.6051294155160957, 0.19035071477803323, 0.9396769988489013, 0.2758114916555782, 0.5507915119421392, 0.907745404768207, 0.401706244308338, 0.5382841518266749, 0.7451384298635613, 0.9056583090096291, 0.4885926413190037, 1.0, 0.5819798032395376, 0.6377108948961138, 1.0, 0.8257887556015677, 0.20665583600437715, 0.33183567216420956, 0.7226252770810941, 0.6357741351064675, 0.6724315693987384, 1.0, 0.6002189310200426, 1.0, 0.8648103351245982, 0.7127918343373373, 0.6426062098732228, 1.0, 0.7328492172088266, 0.642842712474619, 0.79675661863395, 0.8480747380382081, 0.06552572456572223, 0.2600677332832448, 0.49078898990031383, 0.09999999999999999, 0.32627945612776854, 0.6512223502463547, 0.8304054224244419, 1.0, 0.5691230775634993, 0.58189415539785, 0.25704272418535706, 0.5761697895341449, 0.4845182644937875, 0.46904473191093105, 1.0, 0.6030011940352838, 0.06501923786697256, 0.4455903592369812, 1.0, 0.9036307963613739, 0.5537998353931795, 0.9105639359235915, 0.3508081453961951, 1.0, 0.9142445273649933, 0.6765950349550134, 0.6429397336493281, 0.636964721661222, 1.0, 0.802713932743754, 0.3373940575497127, 0.27558314725722455, 0.4453710621987834, 0.7964886858900315, 0.7158229243802021, 0.4920742135995943, 1.0, 0.5910867306258009, 0.5833217176091327, 0.15997084006767517, 0.20866354767478065, 0.766682914692771, 0.6748885220437988, 0.2379911542742785, 0.4118819918812901, 1.0, 0.7591790791391035, 0.36016900549754294, 0.23669321919655517, 1.0, 0.7511200104643803, 0.8827895563342798, 1.0, 0.7127774792622994, 0.9009268392001792, 0.8911681618460494, 1.0, 0.2158229243802022, 1.0, 0.7604979526305213, 0.6440993313853645, 0.6793788456922385, 0.5837346017729355, 0.48392133516856983, 0.778785113836511, 0.33036017439379955, 0.706469885204883, 0.32937678709245916, 0.11666737327895797, 0.9542333350628116, 0.4903510788203176, 0.6559148291083154, 0.11582292438020222, 0.7517070403538422, 0.7905350201669267, 0.5822109370915456, 0.551080793943544, 1.0, 0.09999999999999999, 0.8319390869638097, 0.4667127418271009, 0.8464075798999238, 0.0, 0.7451974543165035, 0.8387796716807858, 0.7300656092802488, 1.0, 0.8276851859011425, 1.0, 0.9039342742606371, 0.6866411249144649, 0.6868474083243508, 0.0, 0.7678525946438988, 0.7557194260336891, 0.3807256007926331, 0.4633087211631649, 0.5473931270915493, 0.9176675865658077, 0.41145898320123175, 0.634739134738433, 0.5488628862515236, 0.85, 0.4969617815012778, 1.0, 0.6259403648918203, 0.08152573352530099, 0.32641839065175154, 0.8387796716807858, 1.0, 0.7135428903906851, 0.944274958466798, 0.6730908208928771, 1.0, 0.8083325080431145, 0.6119613551150405, 0.6667195281968674, 0.5625735889318473, 0.3319572907937111, 0.0, 0.5261072559244404, 0.714297617187952, 0.5326080313569397, 0.7125108877355164, 0.30831848424488534, 0.6953602200025533, 0.5780365272269377, 0.1759424130312673, 0.40156651918683534, 0.4005326816439736, 0.9299711370778252, 0.7956991122779565, 0.4805278186463043, 0.5674364496822819, 0.6160391794642067, 0.465523972643262, 0.6630804239841512, 0.8176593989567298, 0.5969803377115616, 0.7170015046833873, 1.0, 0.7451384298635613, 0.0, 0.8249365300761395, 0.5674961219905689, 0.5652258471820361, 0.5307707065593111, 0.5392579010634381, 0.008694754573109073, 0.557719307720078, 0.41807263856718657, 0.808221529667446, 0.7696296454239946, 0.40289299814414176, 1.0, 0.45076591901650565, 0.5647785789898024, 0.36209152792271854, 0.34393366415687754, 0.2627166511815171, 0.9469728550743763, 0.32340833096900673, 0.8184276974159628, 0.12, 0.9701564725523897, 0.20665583600437715, 0.0031323668437758896, 0.7431351738566481, 0.24548027084905316, 0.8288120051119818, 0.8249365300761395, 0.447298452667235, 0.8835284929846847, 0.5578607431385983, 1.0, 0.3508081453961951, 0.7285380935292984, 0.604739134738433, 0.2088017714661632, 0.7210658705890922, 1.0, 1.0, 0.7353746106262073, 0.4821379477582639, 0.5596777289568529, 0.8651650731090275, 0.8223873319410013, 0.4561469513015429, 0.1650567204976689, 0.7307369699154223, 0.3917384128764327, 0.09648340723669363, 1.0, 0.731117687292167, 0.3565950427753982, 1.0, 1.0, 0.7017343509874177, 0.8403116829613333, 1.0, 0.04535576197454044, 0.6863884298635612, 0.47875874704124055, 0.6549780845589401, 0.801169789534145, 0.29684740832435075, 0.554739134738433, 0.9437985500759485, 0.3889379432495441, 0.05540387552681966, 0.230390470936082, 0.4664355844276247, 0.8601527033303111, 0.8031160202429322, 0.5402233947178415, 1.0, 0.9891483218006352, 0.6626791769304377, 1.0, 0.6567389877523072, 0.7852451152245079, 0.6065049524649757, 1.0, 0.9437836987242729, 1.0, 0.763218199780429, 0.8348591893331347, 0.6120862230985752, 0.8023971576601443, 0.3826556713691657, 0.2585664794677007, 0.3502278939890302, 0.30085669140553134, 0.7553071103169158, 0.39478364465107074, 0.7498018405233149, 0.5616798194467534, 0.35624947398505524, 0.255903071453633, 0.822378125936329, 1.0, 1.0, 0.0857142857142857, 0.41037161862308164, 0.5045234828882075, 0.7420554014474346, 0.5489718220056494, 0.45473913473843297, 0.15999999999999998, 0.662775442898248, 0.9024101654079206, 0.5523913421855372, 0.4062652820919249, 0.36905601805001587, 0.4616760548423344, 0.7340398687371076, 0.9495565333799167, 0.5181549779290909, 1.0, 0.33120784899605216, 0.5486780060731714, 0.7224171275474598, 0.5031078140108968, 0.6254154930444011, 1.0, 0.26848983011454464, 0.8502367699851867, 0.4878372832477157, 0.9891483218006352, 0.36565981894003463, 0.9039342742606371, 0.7115187153144993, 0.8774724087352062, 0.4399117880830822, 0.8165273869902545, 0.24090702262082825, 0.8255980153481091, 0.25016079085323406, 0.5644129773172782, 0.537247623665976, 0.5071296454239946, 0.5994100321686132, 0.7130928202287643, 0.45759530908884194, 0.7629326815734496, 0.6222244648066615, 0.7940267073489322, 1.0]
Finish training and take 47m
