Namespace(log_name='./RQ5/javascript_500/f1_codet5p_220m.log', model_name='Salesforce/codet5p-220m', lang='javascript', output_dir='RQ5/javascript_500/f1_codet5p_220m', data_dir='./data/RQ5/javascript_500_1', no_cuda=False, visible_gpu='0', add_task_prefix=False, add_lang_ids=False, num_train_epochs=10, num_test_epochs=10, train_batch_size=8, eval_batch_size=4, gradient_accumulation_steps=2, load_model_path=None, config_name='', tokenizer_name='', max_source_length=128, max_target_length=128, warm_up_ratio=0.1, do_train=True, do_eval=True, do_test=True, do_lower_case=False, learning_rate=5e-05, beam_size=10, weight_decay=0.0, adam_epsilon=1e-08, max_grad_norm=1.0, max_steps=-1, eval_steps=-1, train_steps=-1, local_rank=-1, seed=42, early_stop_threshold=3)
Process rank: -1, device: cuda, n_gpu: 1, distributed training: False, model_name: Salesforce/codet5p-220m
model created!
Total 500 training instances 
***** Running training *****
  Num examples = 500
  Batch size = 8
  Num epoch = 10

***** Running evaluation *****
  Num examples = 500
  Batch size = 4
  epoch = 0
  eval_ppl = 1.00443
  global_step = 63
  train_loss = 0.8759
  ********************
Previous best ppl:inf
Achieve Best ppl:1.00443
  ********************
BLEU file: ./data/RQ5/javascript_500_1/validation.jsonl
  codebleu-4 = 61.12 	 Previous best codebleu 0
  ********************
 Achieve Best bleu:61.12
  ********************

***** Running evaluation *****
  Num examples = 500
  Batch size = 4
  epoch = 1
  eval_ppl = 1.00427
  global_step = 125
  train_loss = 0.432
  ********************
Previous best ppl:1.00443
Achieve Best ppl:1.00427
  ********************
BLEU file: ./data/RQ5/javascript_500_1/validation.jsonl
  codebleu-4 = 63.21 	 Previous best codebleu 61.12
  ********************
 Achieve Best bleu:63.21
  ********************

***** Running evaluation *****
  Num examples = 500
  Batch size = 4
  epoch = 2
  eval_ppl = 1.00426
  global_step = 187
  train_loss = 0.299
  ********************
Previous best ppl:1.00427
Achieve Best ppl:1.00426
  ********************
BLEU file: ./data/RQ5/javascript_500_1/validation.jsonl
  codebleu-4 = 62.55 	 Previous best codebleu 63.21
  ********************

***** Running evaluation *****
  Num examples = 500
  Batch size = 4
  epoch = 3
  eval_ppl = 1.00449
  global_step = 249
  train_loss = 0.1847
  ********************
Previous best ppl:1.00426
BLEU file: ./data/RQ5/javascript_500_1/validation.jsonl
  codebleu-4 = 64.41 	 Previous best codebleu 63.21
  ********************
 Achieve Best bleu:64.41
  ********************

***** Running evaluation *****
  Num examples = 500
  Batch size = 4
  epoch = 4
  eval_ppl = 1.00461
  global_step = 311
  train_loss = 0.1371
  ********************
Previous best ppl:1.00426
BLEU file: ./data/RQ5/javascript_500_1/validation.jsonl
  codebleu-4 = 63.87 	 Previous best codebleu 64.41
  ********************

***** Running evaluation *****
  Num examples = 500
  Batch size = 4
  epoch = 5
  eval_ppl = 1.00483
  global_step = 373
  train_loss = 0.0987
  ********************
Previous best ppl:1.00426
BLEU file: ./data/RQ5/javascript_500_1/validation.jsonl
  codebleu-4 = 63.34 	 Previous best codebleu 64.41
  ********************

***** Running evaluation *****
  Num examples = 500
  Batch size = 4
  epoch = 6
  eval_ppl = 1.00498
  global_step = 435
  train_loss = 0.0737
  ********************
Previous best ppl:1.00426
BLEU file: ./data/RQ5/javascript_500_1/validation.jsonl
  codebleu-4 = 63.48 	 Previous best codebleu 64.41
  ********************
reload model from RQ5/javascript_500/f1_codet5p_220m/checkpoint-best-bleu
BLEU file: ./data/RQ5/javascript_500_1/test.jsonl
  codebleu = 64.12 
  Total = 500 
  Exact Fixed = 85 
[3, 7, 8, 9, 20, 21, 30, 31, 35, 37, 38, 40, 51, 53, 61, 69, 78, 80, 89, 90, 96, 104, 119, 122, 129, 130, 133, 143, 152, 163, 165, 167, 168, 176, 178, 181, 186, 187, 189, 192, 201, 204, 209, 220, 227, 249, 262, 265, 271, 273, 275, 280, 299, 301, 317, 322, 337, 341, 344, 345, 353, 354, 356, 367, 368, 383, 393, 394, 405, 406, 409, 413, 414, 415, 420, 429, 437, 454, 471, 477, 481, 493, 497, 499, 500]
  Syntax Fixed = 8 
[18, 77, 112, 139, 188, 311, 373, 410]
  Cleaned Fixed = 6 
[151, 170, 294, 313, 328, 456]
  ********************
  Total = 500 
  Exact Fixed = 85 
[3, 7, 8, 9, 20, 21, 30, 31, 35, 37, 38, 40, 51, 53, 61, 69, 78, 80, 89, 90, 96, 104, 119, 122, 129, 130, 133, 143, 152, 163, 165, 167, 168, 176, 178, 181, 186, 187, 189, 192, 201, 204, 209, 220, 227, 249, 262, 265, 271, 273, 275, 280, 299, 301, 317, 322, 337, 341, 344, 345, 353, 354, 356, 367, 368, 383, 393, 394, 405, 406, 409, 413, 414, 415, 420, 429, 437, 454, 471, 477, 481, 493, 497, 499, 500]
  Syntax Fixed = 8 
[18, 77, 112, 139, 188, 311, 373, 410]
  Cleaned Fixed = 6 
[151, 170, 294, 313, 328, 456]
  codebleu = 64.12 
[0.6712302104522061, 0.6919266365055134, 1.0, 0.5229808431453671, 0.08436692013296332, 0.3871698416979993, 1.0, 1.0, 1.0, 0.591516286342532, 0.7773724274761453, 0.8696847134058581, 0.25255157651202054, 0.6329739871337788, 0.5408401405239117, 0.6452148813321528, 0.620688256491589, 0.7550835185056715, 0.0, 1.0, 1.0, 0.03494569883285414, 0.8448376100387898, 0.7158229243802021, 0.4777185731223784, 0.557190822574687, 0.8597766350872547, 0.43021319008106473, 0.6553082743436025, 0.7230619919314705, 1.0, 0.7881136779802395, 0.7943817070456347, 0.8570961003195992, 0.8114529051148651, 0.5696431220857536, 1.0, 0.9891483218006352, 0.3340047425620204, 0.9891483218006352, 0.8573464528613979, 0.8292906179772745, 0.4580993711226721, 0.8198293080551287, 0.717352101225173, 0.6082742323311118, 0.9068382385286933, 0.8178607431385985, 0.3053502366259113, 0.30261367609768847, 1.0, 0.7134368475808912, 1.0, 0.5264886858900315, 0.5742443243492403, 0.5607942439151187, 0.225226036889931, 0.5338054518326395, 0.6352900380997268, 0.6399591004941562, 1.0, 0.2605255056885018, 0.7033800786864218, 0.5991952091552186, 0.7158229243802021, 0.7076923076923076, 0.7936754010709148, 0.6983338153069474, 0.8249365300761395, 0.8678717513910372, 0.8301377689380496, 0.639544029461198, 0.714297617187952, 0.37016971107762675, 0.6445931574752105, 0.13636363636363635, 0.8180987647852345, 1.0, 0.1495352051294258, 1.0, 0.5668276635701768, 0.5718336933369629, 0.5637946891611503, 0.4054183564853334, 0.20613487118166404, 0.7065485068370296, 0.6060345496474888, 0.43391990509709355, 1.0, 1.0, 0.0, 0.7054819616225767, 0.6565560097887984, 0.6492633713864637, 0.7886150441973765, 1.0, 0.6980472624402649, 0.6725445293466269, 0.8849231085169285, 0.3111069937307952, 0.48151833528931587, 0.792541755696136, 0.5627200451626766, 1.0, 0.7418506489774956, 0.8593981631857175, 0.6284996973575898, 0.5102043912123392, 0.6755568064749966, 0.8420598436025485, 0.5532136440138307, 0.8164329076215759, 0.4536911179244788, 0.3379694287810409, 0.902887748772268, 0.8494781978987964, 0.5418035126585234, 0.7947196615743959, 1.0, 0.510980970646246, 0.7522712571363831, 1.0, 0.4470581748828688, 0.36217875471464306, 0.7544375845878311, 0.9491673847910091, 0.2974610638433307, 0.2894039371851951, 1.0, 1.0, 0.1047721022519631, 0.7422623816391947, 1.0, 0.7537105251378287, 0.3508081453961951, 0.8398799677220666, 0.19348034809444703, 0.7159682696703891, 0.756047661202274, 0.6094129773172783, 0.5243381867290794, 0.8261757460125112, 0.8729750254435045, 0.7014499169499973, 0.6753600779398393, 0.6086737860987872, 0.3632462232889623, 0.3947861840279352, 0.736830916576784, 0.8601305921152989, 0.8145082176095655, 1.0, 0.2933192603414, 0.526797617187952, 0.7472982571634935, 0.5812507119775863, 0.902700490932961, 0.5865265109839976, 0.21170458518859758, 0.3897286585981371, 0.29157092899041875, 0.49358204019464635, 1.0, 0.15189466770624754, 1.0, 0.4970818198712149, 1.0, 1.0, 0.3544908721645896, 0.6577359353975811, 0.7860594922037922, 0.45241016540792056, 0.8991129363138861, 0.561267769761279, 0.5481070669348562, 1.0, 0.7677459225855625, 1.0, 0.45508310949075587, 0.5330903592369812, 1.0, 0.19035071477803323, 0.7457855486536635, 0.2758114916555782, 0.5707915119421392, 0.907745404768207, 0.8114529051148651, 0.6868474083243508, 1.0, 0.9056583090096291, 0.49454453297391177, 1.0, 0.8448617421031266, 0.6707350069254493, 0.6887796716807859, 0.8257887556015677, 0.7504004004704901, 0.34414336447190186, 0.7226252770810941, 0.6357741351064675, 1.0, 0.674524582150827, 0.8433766349070695, 1.0, 0.8648103351245982, 0.7803034446230322, 0.6426062098732228, 0.6887796716807859, 1.0, 0.642842712474619, 0.8396137614910928, 0.853251435829042, 0.06552572456572223, 0.22419155352810277, 0.49078898990031383, 0.56369994186322, 0.39462621654037877, 0.6512223502463547, 0.8304054224244419, 1.0, 0.5691230775634993, 0.58189415539785, 0.25704272418535706, 0.5761697895341449, 0.49351804990029324, 0.46904473191093105, 1.0, 0.7250616602316542, 0.6642742735155721, 0.4455903592369812, 0.6893858380618342, 0.4528494378212512, 0.5537998353931795, 0.8082091074184579, 0.3508081453961951, 0.32351606303609787, 0.7262719879306045, 0.753934274260637, 0.6429397336493281, 0.636964721661222, 0.7170126220080686, 0.802713932743754, 0.23120373106826186, 0.27558314725722455, 0.4453710621987834, 0.8877459225855626, 0.7158229243802021, 0.2435627304141043, 1.0, 0.43685373227366575, 0.8391349155411201, 0.15997084006767517, 0.20866354767478065, 0.766682914692771, 0.6748885220437988, 0.2379911542742785, 0.4118819918812901, 0.7737167429613258, 0.9141000841539659, 0.36016900549754294, 0.23669321919655517, 1.0, 0.7511200104643803, 0.8827895563342798, 1.0, 0.7127774792622994, 0.9009268392001792, 0.8911681618460494, 0.5347428106038496, 0.2015372100944879, 1.0, 0.7229132904585939, 1.0, 0.6793788456922385, 1.0, 0.4339213351685698, 0.778785113836511, 0.10648766222679504, 0.8378634002940782, 0.8114529051148651, 0.11666737327895797, 0.9542333350628116, 0.4903510788203176, 0.6559148291083154, 0.10993069851559968, 0.7517070403538422, 0.7545909332472028, 0.5822109370915456, 0.551080793943544, 0.8161547359011423, 0.0857142857142857, 0.7965310924001736, 0.4667127418271009, 0.8201781496971694, 0.0, 0.7451974543165035, 0.8387796716807858, 0.7799696154227835, 1.0, 0.8276851859011425, 1.0, 0.512283842723568, 0.6866411249144649, 0.6868474083243508, 0.0, 0.7678525946438988, 0.7301961448188755, 0.3807256007926331, 0.5194637253863024, 0.38683567216420955, 0.9176675865658077, 0.41145898320123175, 0.7035117129535005, 0.5488628862515236, 0.85, 0.49732515246946574, 1.0, 0.6259403648918203, 0.08152573352530099, 0.32641839065175154, 0.8387796716807858, 1.0, 0.5992019158206943, 0.944274958466798, 0.6730908208928771, 0.7538024285875055, 0.8083325080431145, 0.6119613551150405, 0.5384854611523799, 0.5625735889318473, 0.3319572907937111, 0.0, 0.5261072559244404, 0.714297617187952, 0.5409375983505724, 0.7125108877355164, 0.9891483218006352, 0.6953602200025533, 0.5780365272269377, 0.1759424130312673, 0.9891483218006352, 0.362825564525226, 0.9299711370778252, 1.0, 1.0, 0.5377781264313635, 0.6160391794642067, 0.4439880235161811, 0.6630804239841512, 0.8176593989567298, 0.5969803377115616, 0.7170015046833873, 1.0, 1.0, 0.0, 0.8249365300761395, 0.5674961219905689, 0.23981808679604116, 0.5307707065593111, 0.5392579010634381, 0.008694754573109073, 0.7556583090096292, 0.41807263856718657, 0.808221529667446, 0.7452947691857088, 0.40289299814414176, 1.0, 0.915342532525566, 0.5454272614803233, 0.36587342440580645, 0.34393366415687754, 0.2627166511815171, 0.9469728550743763, 0.32340833096900673, 0.6968115823255887, 0.12, 0.9701564725523897, 0.7504004004704901, 0.0035670026709032432, 0.7431351738566481, 0.24548027084905316, 0.5027616393658039, 0.8249365300761395, 0.447298452667235, 0.6894253960277439, 0.5578607431385983, 0.29705817488286884, 0.3508081453961951, 0.7285380935292984, 0.6214058014050996, 0.2088017714661632, 0.7210658705890922, 1.0, 1.0, 0.7353746106262073, 0.4821379477582639, 0.32727041401362855, 0.5783036814100584, 0.8223873319410013, 0.4561469513015429, 0.1650567204976689, 0.7448443514503091, 0.3917384128764327, 0.10348801095303897, 1.0, 1.0, 0.3378393593932454, 0.31977476369658997, 1.0, 0.9059642451028274, 0.373502164927321, 0.6398520412406209, 0.7135428903906851, 1.0, 1.0, 0.6549780845589401, 0.801169789534145, 0.4339058460894847, 0.554739134738433, 1.0, 0.3889379432495441, 0.05540387552681966, 0.030390470936082048, 0.4664355844276247, 0.8601527033303111, 0.8031160202429322, 0.5402233947178415, 0.6702567906292034, 0.9891483218006352, 0.6626791769304377, 0.7992089806433211, 0.6567389877523072, 0.7685784485578413, 0.654739134738433, 0.604498905545545, 0.9437836987242729, 1.0, 0.8362062829761001, 0.8348591893331347, 0.23583598639174203, 0.7477655797954694, 0.5528265488737891, 0.25311193401315524, 0.3072904955994278, 0.30085669140553134, 0.8547805042101737, 0.39478364465107074, 0.7498018405233149, 0.6310308074685265, 0.35624947398505524, 0.255903071453633, 0.822378125936329, 0.6954734129482922, 1.0, 0.0857142857142857, 0.8954450935705085, 0.5045234828882075, 0.7523456420922296, 0.7518096986739549, 0.45473913473843297, 0.0584902383192229, 0.662775442898248, 0.9024101654079206, 0.5523913421855372, 0.46575232448771275, 0.36905601805001587, 0.4616760548423344, 0.7340398687371076, 0.9495565333799167, 0.5181549779290909, 1.0, 0.4121831032184268, 0.5486780060731714, 0.7224171275474598, 0.7574042800654314, 0.5958302540418435, 1.0, 0.2382915953335315, 0.8502367699851867, 0.4878372832477157, 0.9891483218006352, 0.39675296426202156, 0.9039342742606371, 0.7115187153144993, 0.918115627804579, 0.4399117880830822, 0.7005909039088986, 0.24090702262082825, 0.8255980153481091, 0.25016079085323406, 0.5644129773172782, 0.537247623665976, 1.0, 0.5994100321686132, 0.7130928202287643, 0.45759530908884194, 0.9891483218006352, 0.6222244648066615, 1.0, 1.0]
Finish training and take 17m
