Namespace(log_name='./RQ5/javascript_500/f2_codet5p_770m.log', model_name='Salesforce/codet5p-770m', lang='javascript', output_dir='RQ5/javascript_500/f2_codet5p_770m', data_dir='./data/RQ5/javascript_500_2', no_cuda=False, visible_gpu='0', add_task_prefix=False, add_lang_ids=False, num_train_epochs=10, num_test_epochs=10, train_batch_size=8, eval_batch_size=4, gradient_accumulation_steps=2, load_model_path=None, config_name='', tokenizer_name='', max_source_length=128, max_target_length=128, warm_up_ratio=0.1, do_train=True, do_eval=True, do_test=True, do_lower_case=False, learning_rate=5e-05, beam_size=10, weight_decay=0.0, adam_epsilon=1e-08, max_grad_norm=1.0, max_steps=-1, eval_steps=-1, train_steps=-1, local_rank=-1, seed=42, early_stop_threshold=3)
Process rank: -1, device: cuda, n_gpu: 1, distributed training: False, model_name: Salesforce/codet5p-770m
model created!
Total 500 training instances 
***** Running training *****
  Num examples = 500
  Batch size = 8
  Num epoch = 10

***** Running evaluation *****
  Num examples = 500
  Batch size = 4
  epoch = 0
  eval_ppl = 1.00389
  global_step = 63
  train_loss = 0.8675
  ********************
Previous best ppl:inf
Achieve Best ppl:1.00389
  ********************
BLEU file: ./data/RQ5/javascript_500_2/validation.jsonl
  codebleu-4 = 61.02 	 Previous best codebleu 0
  ********************
 Achieve Best bleu:61.02
  ********************

***** Running evaluation *****
  Num examples = 500
  Batch size = 4
  epoch = 1
  eval_ppl = 1.00375
  global_step = 125
  train_loss = 0.3331
  ********************
Previous best ppl:1.00389
Achieve Best ppl:1.00375
  ********************
BLEU file: ./data/RQ5/javascript_500_2/validation.jsonl
  codebleu-4 = 62.83 	 Previous best codebleu 61.02
  ********************
 Achieve Best bleu:62.83
  ********************

***** Running evaluation *****
  Num examples = 500
  Batch size = 4
  epoch = 2
  eval_ppl = 1.00401
  global_step = 187
  train_loss = 0.1689
  ********************
Previous best ppl:1.00375
BLEU file: ./data/RQ5/javascript_500_2/validation.jsonl
  codebleu-4 = 62.36 	 Previous best codebleu 62.83
  ********************

***** Running evaluation *****
  Num examples = 500
  Batch size = 4
  epoch = 3
  eval_ppl = 1.00453
  global_step = 249
  train_loss = 0.1019
  ********************
Previous best ppl:1.00375
BLEU file: ./data/RQ5/javascript_500_2/validation.jsonl
  codebleu-4 = 62.86 	 Previous best codebleu 62.83
  ********************
 Achieve Best bleu:62.86
  ********************

***** Running evaluation *****
  Num examples = 500
  Batch size = 4
  epoch = 4
  eval_ppl = 1.00463
  global_step = 311
  train_loss = 0.0609
  ********************
Previous best ppl:1.00375
BLEU file: ./data/RQ5/javascript_500_2/validation.jsonl
  codebleu-4 = 62.4 	 Previous best codebleu 62.86
  ********************

***** Running evaluation *****
  Num examples = 500
  Batch size = 4
  epoch = 5
  eval_ppl = 1.00504
  global_step = 373
  train_loss = 0.0322
  ********************
Previous best ppl:1.00375
BLEU file: ./data/RQ5/javascript_500_2/validation.jsonl
  codebleu-4 = 62.66 	 Previous best codebleu 62.86
  ********************

***** Running evaluation *****
  Num examples = 500
  Batch size = 4
  epoch = 6
  eval_ppl = 1.00526
  global_step = 435
  train_loss = 0.0195
  ********************
Previous best ppl:1.00375
BLEU file: ./data/RQ5/javascript_500_2/validation.jsonl
  codebleu-4 = 61.73 	 Previous best codebleu 62.86
  ********************
reload model from RQ5/javascript_500/f2_codet5p_770m/checkpoint-best-bleu
BLEU file: ./data/RQ5/javascript_500_2/test.jsonl
  codebleu = 62.93 
  Total = 500 
  Exact Fixed =  60 
[8, 20, 21, 30, 35, 38, 40, 49, 51, 61, 69, 78, 80, 96, 104, 108, 110, 122, 129, 133, 134, 142, 152, 163, 168, 176, 178, 192, 195, 204, 211, 220, 227, 249, 250, 262, 271, 275, 280, 285, 301, 313, 314, 317, 322, 323, 345, 356, 367, 387, 392, 393, 394, 405, 409, 412, 415, 431, 453, 454, 456, 471, 477, 481, 493, 497, 500]
  Syntax Fixed = 8 
[70, 208, 219, 311, 373, 402, 410, 499]
  Cleaned Fixed = 2 
[294, 328]
  ********************
  Total = 500 
  Exact Fixed = 67 
[8, 20, 21, 30, 35, 38, 40, 49, 51, 61, 69, 78, 80, 96, 104, 108, 110, 122, 129, 133, 134, 142, 152, 163, 168, 176, 178, 192, 195, 204, 211, 220, 227, 249, 250, 262, 271, 275, 280, 285, 301, 313, 314, 317, 322, 323, 345, 356, 367, 387, 392, 393, 394, 405, 409, 412, 415, 431, 453, 454, 456, 471, 477, 481, 493, 497, 500]
  Syntax Fixed = 8 
[70, 208, 219, 311, 373, 402, 410, 499]
  Cleaned Fixed = 2 
[294, 328]
  codebleu = 62.93 
[0.737896877118873, 0.6919266365055134, 0.4532853248794163, 0.6896475098120338, 0.08436692013296332, 0.3114330635523529, 0.6863884298635612, 1.0, 0.4913628689028488, 0.591516286342532, 0.8955980328281301, 0.8696847134058581, 0.25255157651202054, 0.6329739871337788, 0.5408401405239117, 0.6452148813321528, 0.620688256491589, 0.6057649027320717, 0.0, 1.0, 1.0, 0.28178507258525926, 0.8708250323025346, 0.7158229243802021, 0.4982606171027982, 0.557190822574687, 0.8597766350872547, 0.396349572956634, 0.6508081453961951, 0.7230619919314705, 0.8494413741851621, 0.4340764315695067, 0.41257809817415425, 0.8570961003195992, 0.8114529051148651, 0.5696431220857536, 0.7451384298635613, 0.9891483218006352, 0.3340047425620204, 0.9891483218006352, 0.7471696119930195, 0.8292906179772745, 0.6684686576264115, 0.8198293080551287, 0.7466011469076108, 0.6082742323311118, 0.9068382385286933, 0.8178607431385985, 1.0, 0.7026136760976884, 1.0, 0.805453099521674, 0.5217365165784443, 0.5264886858900315, 0.3533755248262469, 0.4497947365831559, 0.225226036889931, 0.5338054518326395, 0.712432895242584, 0.6399591004941562, 1.0, 0.32719217235516845, 0.7033800786864218, 0.8821296454239946, 0.7158229243802021, 0.7076923076923076, 0.7936754010709148, 0.6983338153069474, 0.8249365300761395, 0.9352245063327003, 0.8301377689380496, 0.639544029461198, 0.714297617187952, 0.37016971107762675, 0.6445931574752105, 0.1263157894736842, 0.5069117835177426, 1.0, 0.1495352051294258, 1.0, 0.7896006392880524, 0.86378015960953, 0.5637946891611503, 0.4054183564853334, 0.20613487118166404, 0.7065485068370296, 0.38211004236477475, 0.43391990509709355, 0.47996086480687705, 0.6492561474202864, 0.42940158247728333, 0.7054819616225767, 0.6565560097887984, 0.6492633713864637, 0.7298304277609075, 1.0, 0.6142750906782839, 0.6725445293466269, 0.9321212086381336, 0.3111069937307952, 0.2799449403593628, 0.7819827494849558, 0.5627200451626766, 1.0, 0.7418506489774956, 0.8593981631857175, 0.6284996973575898, 1.0, 0.6755568064749966, 1.0, 0.5532136440138307, 0.6488884298635612, 0.4536911179244788, 0.714297617187952, 0.902887748772268, 0.8494781978987964, 0.5418035126585234, 0.9441518237028776, 0.842133818192679, 0.510980970646246, 0.7522712571363831, 1.0, 0.4470581748828688, 0.36217875471464306, 0.6544375845878311, 0.9491673847910091, 0.2974610638433307, 0.5959813808622627, 1.0, 0.6618503204869636, 0.14224981392389122, 0.733280561178028, 1.0, 1.0, 0.3079510025390523, 0.7814337026380759, 0.19348034809444703, 0.7308835793300246, 0.5478601768024036, 0.5231716191316423, 0.5062377372517496, 1.0, 0.6885563956126466, 0.7014499169499973, 0.6753600779398393, 0.6086737860987872, 0.3632462232889623, 0.3947861840279352, 0.736830916576784, 0.8601305921152989, 0.6429326815734496, 1.0, 0.2933192603414, 0.526797617187952, 0.7331698335612487, 0.4351680794975595, 0.902700490932961, 0.5865265109839976, 0.21170458518859758, 0.23049138297301558, 0.29157092899041875, 0.49358204019464635, 1.0, 0.14417647429169284, 0.48624193424630757, 0.4970818198712149, 0.5907915119421392, 1.0, 0.3544908721645896, 0.8020311540826717, 0.7860594922037922, 0.45241016540792056, 0.8991129363138861, 0.561267769761279, 0.8554801314533595, 1.0, 0.5259572846439411, 1.0, 0.45508310949075587, 0.594064847556794, 0.6051294155160957, 0.19035071477803323, 0.9396769988489013, 0.5963188408034256, 0.5507915119421392, 0.6970198862562978, 0.401706244308338, 0.5382841518266749, 0.7451384298635613, 0.855658309009629, 0.4885926413190037, 1.0, 0.5819798032395376, 0.6707350069254493, 1.0, 0.8257887556015677, 0.7504004004704901, 0.33183567216420956, 0.7226252770810941, 0.6357741351064675, 0.6724315693987384, 0.6965834056802387, 0.6293642808214178, 1.0, 0.8648103351245982, 0.7700146224511601, 0.6426062098732228, 0.8387796716807858, 0.7328492172088266, 0.642842712474619, 1.0, 0.853251435829042, 0.06552572456572223, 0.2600677332832448, 0.7190907364295069, 0.56369994186322, 0.32627945612776854, 0.2717233871643356, 0.8399114554115357, 1.0, 0.5691230775634993, 0.58189415539785, 0.25704272418535706, 0.5761697895341449, 0.4845182644937875, 0.6419303598638295, 1.0, 0.7250616602316542, 0.6642742735155721, 0.5028613863364825, 0.4707012357881737, 0.4528494378212512, 0.0, 0.44942112061573514, 0.3508081453961951, 0.396838405481522, 0.9142445273649933, 0.6765950349550134, 0.6429397336493281, 0.636964721661222, 0.7170126220080686, 0.802713932743754, 0.3373940575497127, 0.27558314725722455, 0.4453710621987834, 0.7964886858900315, 0.7158229243802021, 0.4715869158278063, 1.0, 1.0, 0.7118977233058527, 0.15997084006767517, 0.20866354767478065, 0.766682914692771, 0.6748885220437988, 0.2379911542742785, 0.4118819918812901, 0.7737167429613258, 0.7591790791391035, 0.36016900549754294, 0.23669321919655517, 1.0, 0.7511200104643803, 0.8827895563342798, 0.893803854707065, 0.7127774792622994, 0.9009268392001792, 0.8911681618460494, 0.5347428106038496, 0.2158229243802022, 1.0, 0.7604979526305213, 0.6440993313853645, 0.6793788456922385, 1.0, 0.4339213351685698, 0.778785113836511, 0.33036017439379955, 0.828943672964739, 0.8114529051148651, 0.11666737327895797, 0.9542333350628116, 0.4903510788203176, 0.47711560659055585, 1.0, 0.7341765280314609, 0.7545909332472028, 0.5822109370915456, 0.830168764298918, 0.8161547359011423, 0.10588235294117647, 0.7965310924001736, 0.4667127418271009, 0.8201781496971694, 0.0, 0.7451974543165035, 0.8387796716807858, 0.7799696154227835, 0.6742654297681573, 0.8276851859011425, 1.0, 0.512283842723568, 0.6866411249144649, 0.6868474083243508, 0.0, 0.7678525946438988, 0.7301961448188755, 0.3807256007926331, 0.7028480321005652, 0.38683567216420955, 0.9176675865658077, 0.41145898320123175, 0.9891483218006352, 1.0, 0.85, 0.5388223314197078, 1.0, 0.6259403648918203, 0.08152573352530099, 0.19999999999999998, 0.8387796716807858, 1.0, 0.7135428903906851, 0.944274958466798, 0.5339102500446592, 0.7642174218152427, 0.8083325080431145, 0.6119613551150405, 0.8514771013103095, 0.5625735889318473, 0.3319572907937111, 0.0, 0.5261072559244404, 0.714297617187952, 0.5326080313569397, 0.7125108877355164, 0.30831848424488534, 0.6578602200025533, 0.5780365272269377, 0.1759424130312673, 0.40156651918683534, 0.4005326816439736, 0.9299711370778252, 0.9225934589608529, 1.0, 0.5674364496822819, 0.6160391794642067, 0.465523972643262, 0.6630804239841512, 0.8176593989567298, 0.5969803377115616, 0.7170015046833873, 0.639674617514176, 0.7451384298635613, 0.09999999999999999, 0.8249365300761395, 0.5674961219905689, 0.5224015426808652, 0.5307707065593111, 0.5272579010634381, 0.1530864997129073, 0.557719307720078, 0.41807263856718657, 0.808221529667446, 0.7696296454239946, 0.40289299814414176, 1.0, 0.49645325073350843, 0.6948447998680819, 0.36587342440580645, 0.34393366415687754, 0.2627166511815171, 0.9469728550743763, 0.32340833096900673, 0.8184276974159628, 0.12, 0.9701564725523897, 0.7504004004704901, 0.0031323668437758896, 0.7431351738566481, 0.20461833748586147, 0.6012649790143885, 0.07719082257468701, 0.447298452667235, 0.6894253960277439, 0.5578607431385983, 1.0, 0.3508081453961951, 0.7285380935292984, 0.604739134738433, 0.2088017714661632, 1.0, 1.0, 1.0, 0.7353746106262073, 0.4821379477582639, 0.5789207115002721, 0.8651650731090275, 0.8223873319410013, 0.4561469513015429, 0.1650567204976689, 0.7970182644937875, 0.3917384128764327, 0.10348801095303897, 1.0, 0.731117687292167, 0.3108484236356802, 0.31977476369658997, 1.0, 0.9059642451028274, 0.333474869340481, 1.0, 0.04535576197454044, 0.6530550965302279, 1.0, 0.6549780845589401, 0.801169789534145, 0.29684740832435075, 0.554739134738433, 0.9437985500759485, 0.3889379432495441, 0.05540387552681966, 0.030390470936082048, 0.4664355844276247, 0.8020054046730669, 0.758951909747591, 0.5402233947178415, 0.6559327101364547, 0.5237030996295007, 0.729322874167972, 1.0, 0.6567389877523072, 0.7852451152245079, 0.8228415509428988, 0.6476309505212854, 0.9437836987242729, 0.611555137324453, 0.8362062829761001, 0.8348591893331347, 0.6120862230985752, 0.7477655797954694, 0.5528265488737891, 0.25311193401315524, 0.3502278939890302, 0.30085669140553134, 0.7882043605744248, 0.39478364465107074, 0.7498018405233149, 0.5604316137593354, 0.35624947398505524, 0.255903071453633, 0.822378125936329, 1.0, 1.0, 0.0857142857142857, 1.0, 0.41302644061523, 0.7420554014474346, 0.7565741918773379, 0.45473913473843297, 0.13147527524878538, 0.662775442898248, 0.19896373056994818, 0.512580786852495, 0.4062652820919249, 0.36905601805001587, 0.4616760548423344, 0.7340398687371076, 0.9495565333799167, 0.5181549779290909, 1.0, 0.33120784899605216, 0.5486780060731714, 0.7224171275474598, 0.5031078140108968, 0.6119234076467305, 1.0, 0.2382915953335315, 0.8502367699851867, 0.4878372832477157, 0.9891483218006352, 0.3890893834374494, 0.9039342742606371, 0.7115187153144993, 0.918115627804579, 0.4399117880830822, 0.8165273869902545, 0.24090702262082825, 0.7559722339748326, 0.25016079085323406, 0.31766612508491865, 0.537247623665976, 1.0, 0.5744100321686132, 0.7130928202287643, 0.45759530908884194, 0.9891483218006352, 0.6222244648066615, 0.9498733743967636, 1.0]
Finish training and take 31m
