Namespace(log_name='./RQ5/javascript_500/soft0_3_codet5p_770m.log', model_name='Salesforce/codet5p-770m', lang='javascript', output_dir='RQ5/javascript_500/soft0_3_codet5p_770m', data_dir='./data/RQ5/javascript_500_3', no_cuda=False, visible_gpu='0', num_train_epochs=10, num_test_epochs=1, train_batch_size=4, eval_batch_size=2, gradient_accumulation_steps=1, load_model_path=None, config_name='', tokenizer_name='', max_source_length=512, max_target_length=512, warm_up_ratio=0.1, do_train=True, do_eval=True, do_test=True, freeze=False, learning_rate=5e-05, beam_size=10, weight_decay=0.0, adam_epsilon=1e-08, local_rank=-1, seed=42, early_stop_threshold=3)
Process rank: -1, device: cuda, n_gpu: 1, distributed training: False
Model created!!
[[{'text': ", Image = Canvas.Image   , jade = require('jade')   , app = express.createServer();", 'loss_ids': 0, 'shortenable_ids': 1}, {'text': '<mask>', 'loss_ids': 1, 'shortenable_ids': 0}, {'text': '', 'loss_ids': 0, 'shortenable_ids': 0}], {'guid': 0, 'tgt_text': ', Image = Canvas.Image   , app = express();'}]
***** Running training *****
  Num examples = 500
  Batch size = 4
  Num epoch = 10

***** Running evaluation *****
  Num examples = 100
  Batch size = 2
  epoch = 0
  eval_ppl = inf
  global_step = 126
  train_loss = 18.5636
  ********************
Previous best ppl:inf
Achieve Best ppl:inf
  ********************
BLEU file: ./data/RQ5/javascript_500_3/validation.jsonl
  codebleu-4 = 63.41 	 Previous best codebleu 0
  ********************
 Achieve Best bleu:63.41
  ********************

***** Running evaluation *****
  Num examples = 100
  Batch size = 2
  epoch = 1
  eval_ppl = inf
  global_step = 251
  train_loss = 8.5255
  ********************
Previous best ppl:inf
Achieve Best ppl:inf
  ********************
BLEU file: ./data/RQ5/javascript_500_3/validation.jsonl
  codebleu-4 = 67.6 	 Previous best codebleu 63.41
  ********************
 Achieve Best bleu:67.6
  ********************

***** Running evaluation *****
  Num examples = 100
  Batch size = 2
  epoch = 2
  eval_ppl = inf
  global_step = 376
  train_loss = 4.3688
  ********************
Previous best ppl:inf
BLEU file: ./data/RQ5/javascript_500_3/validation.jsonl
  codebleu-4 = 67.21 	 Previous best codebleu 67.6
  ********************

***** Running evaluation *****
  Num examples = 100
  Batch size = 2
  epoch = 3
  eval_ppl = inf
  global_step = 501
  train_loss = 2.0807
  ********************
Previous best ppl:inf
BLEU file: ./data/RQ5/javascript_500_3/validation.jsonl
  codebleu-4 = 68.07 	 Previous best codebleu 67.6
  ********************
 Achieve Best bleu:68.07
  ********************

***** Running evaluation *****
  Num examples = 100
  Batch size = 2
  epoch = 4
  eval_ppl = inf
  global_step = 626
  train_loss = 1.6153
  ********************
Previous best ppl:inf
BLEU file: ./data/RQ5/javascript_500_3/validation.jsonl
  codebleu-4 = 66.96 	 Previous best codebleu 68.07
  ********************

***** Running evaluation *****
  Num examples = 100
  Batch size = 2
  epoch = 5
  eval_ppl = inf
  global_step = 751
  train_loss = 0.9415
  ********************
Previous best ppl:inf
BLEU file: ./data/RQ5/javascript_500_3/validation.jsonl
  codebleu-4 = 68.16 	 Previous best codebleu 68.07
  ********************
 Achieve Best bleu:68.16
  ********************

***** Running evaluation *****
  Num examples = 100
  Batch size = 2
  epoch = 6
  eval_ppl = inf
  global_step = 876
  train_loss = 0.4316
  ********************
Previous best ppl:inf
BLEU file: ./data/RQ5/javascript_500_3/validation.jsonl
  codebleu-4 = 69.15 	 Previous best codebleu 68.16
  ********************
 Achieve Best bleu:69.15
  ********************

***** Running evaluation *****
  Num examples = 100
  Batch size = 2
  epoch = 7
  eval_ppl = inf
  global_step = 1001
  train_loss = 0.2828
  ********************
Previous best ppl:inf
BLEU file: ./data/RQ5/javascript_500_3/validation.jsonl
  codebleu-4 = 69.73 	 Previous best codebleu 69.15
  ********************
 Achieve Best bleu:69.73
  ********************

***** Running evaluation *****
  Num examples = 100
  Batch size = 2
  epoch = 8
  eval_ppl = inf
  global_step = 1126
  train_loss = 0.2108
  ********************
Previous best ppl:inf
BLEU file: ./data/RQ5/javascript_500_3/validation.jsonl
  codebleu-4 = 69.92 	 Previous best codebleu 69.73
  ********************
 Achieve Best bleu:69.92
  ********************

***** Running evaluation *****
  Num examples = 100
  Batch size = 2
  epoch = 9
  eval_ppl = inf
  global_step = 1251
  train_loss = 0.1746
  ********************
Previous best ppl:inf
BLEU file: ./data/RQ5/javascript_500_3/validation.jsonl
  codebleu-4 = 70.09 	 Previous best codebleu 69.92
  ********************
 Achieve Best bleu:70.09
  ********************
reload model from RQ5/javascript_500/soft0_3_codet5p_770m/checkpoint-best-bleu
BLEU file: ./data/RQ5/javascript_500_3/test.jsonl
  codebleu = 61.86 
  Total = 500 
  Exact Fixed = 77 
[1, 7, 8, 11, 21, 26, 30, 35, 38, 69, 78, 80, 90, 96, 104, 110, 113, 119, 122, 129, 133, 142, 143, 152, 163, 168, 169, 173, 174, 176, 178, 186, 189, 192, 195, 202, 208, 212, 220, 227, 231, 236, 241, 249, 250, 258, 262, 269, 271, 290, 299, 313, 317, 322, 345, 353, 356, 367, 383, 390, 392, 393, 394, 405, 409, 412, 429, 431, 435, 437, 453, 454, 471, 477, 481, 489, 500]
  Syntax Fixed = 5 
[109, 311, 373, 402, 499]
  Cleaned Fixed = 2 
[232, 456]
  ********************
  Total = 500 
  Exact Fixed = 77 
[1, 7, 8, 11, 21, 26, 30, 35, 38, 69, 78, 80, 90, 96, 104, 110, 113, 119, 122, 129, 133, 142, 143, 152, 163, 168, 169, 173, 174, 176, 178, 186, 189, 192, 195, 202, 208, 212, 220, 227, 231, 236, 241, 249, 250, 258, 262, 269, 271, 290, 299, 313, 317, 322, 345, 353, 356, 367, 383, 390, 392, 393, 394, 405, 409, 412, 429, 431, 435, 437, 453, 454, 471, 477, 481, 489, 500]
  Syntax Fixed = 5 
[109, 311, 373, 402, 499]
  Cleaned Fixed = 2 
[232, 456]
  codebleu = 61.86 
[0.9891483218006352, 0.6919266365055134, 0.4499615708051955, 0.6896475098120338, 0.08436692013296332, 0.3114330635523529, 1.0, 1.0, 0.48122747460434984, 0.591516286342532, 1.0, 0.8696847134058581, 0.25255157651202054, 0.6329739871337788, 0.5408401405239117, 0.6452148813321528, 0.5631372993900048, 0.6057649027320717, 0.0, 0.6448598858735686, 1.0, 0.28178507258525926, 0.8708250323025346, 0.7158229243802021, 0.49038145152466306, 0.8249365300761395, 0.8597766350872547, 0.396349572956634, 0.3936652882533379, 0.7230619919314705, 0.8624231729981537, 0.7881136779802395, 0.7943817070456347, 0.8570961003195992, 0.8114529051148651, 0.5696431220857536, 0.7451384298635613, 0.9891483218006352, 0.3340047425620204, 0.634739134738433, 0.8573464528613979, 0.8292906179772745, 0.28766859563694935, 0.7413033438528566, 0.6332527923879377, 0.6082742323311118, 0.8252074160406009, 0.8178607431385985, 0.3053502366259113, 0.6574138233688298, 0.7517692380063994, 0.805453099521674, 0.5217365165784443, 0.5264886858900315, 0.3533755248262469, 0.46272438732934995, 0.225226036889931, 0.5338054518326395, 0.712432895242584, 0.6580241834790774, 0.7261697895341449, 0.2605255056885018, 0.6420978076980255, 0.8321296454239947, 0.7158229243802021, 0.7076923076923076, 0.6345044860347671, 0.6983338153069474, 0.8249365300761395, 0.9616979821237088, 0.6847482616910893, 0.6551486585921227, 0.714297617187952, 0.37016971107762675, 0.6445931574752105, 0.13846153846153847, 0.5789915324823607, 1.0, 0.1495352051294258, 1.0, 0.5498833369001324, 0.5718336933369629, 0.5637946891611503, 0.4054183564853334, 0.20613487118166404, 0.7065485068370296, 0.4998908614631377, 0.43391990509709355, 0.47996086480687705, 1.0, 0.39025628111289856, 0.5021287494162977, 0.6723086808170591, 0.6492633713864637, 0.7886150441973765, 1.0, 0.6980472624402649, 0.6871556640337352, 0.8899929854363868, 0.273531578730426, 0.48151833528931587, 0.7819827494849558, 0.5627200451626766, 0.2578010511749925, 0.7418506489774956, 0.8044054053869931, 0.5670081631742787, 0.5102043912123392, 0.9270606961251804, 1.0, 0.5532136440138307, 0.6488884298635612, 0.7135428903906851, 0.714297617187952, 0.902887748772268, 0.8494781978987964, 0.5418035126585234, 0.9441518237028776, 1.0, 0.510980970646246, 0.7522712571363831, 1.0, 0.4470581748828688, 0.21168485254147001, 0.6544375845878311, 0.9491673847910091, 0.2974610638433307, 0.5959813808622627, 1.0, 0.6618503204869636, 0.14224981392389122, 0.6269940846421196, 1.0, 0.7592325450376052, 0.3079510025390523, 0.68390320373081, 0.24875606856926585, 0.7308835793300246, 0.5478601768024036, 0.636068568378893, 0.5243381867290794, 0.9225934589608529, 0.8729750254435045, 0.7014499169499973, 0.6753600779398393, 0.6086737860987872, 0.3632462232889623, 0.503191349857689, 0.6785176006224589, 0.8313560704120448, 0.6429326815734496, 1.0, 0.2933192603414, 0.526797617187952, 0.5649063628096855, 0.2980439139177952, 0.902700490932961, 0.5865265109839976, 0.21170458518859758, 0.23049138297301558, 0.29157092899041875, 0.5774263257292502, 1.0, 0.14417647429169284, 0.2806588434770144, 0.4970818198712149, 0.5907915119421392, 1.0, 0.8249365300761395, 0.8020311540826717, 0.7860594922037922, 0.45241016540792056, 1.0, 1.0, 0.5809475826393302, 0.9104757374009316, 0.3472498518042225, 1.0, 0.45508310949075587, 0.5279905343601452, 0.6051294155160957, 0.19035071477803323, 0.9396769988489013, 0.10758390671207611, 0.5507915119421392, 0.9102759604675184, 0.401706244308338, 0.5382841518266749, 1.0, 0.7513670487950274, 0.4885926413190037, 1.0, 0.5293552443498337, 0.6707350069254493, 1.0, 0.7711079867772477, 0.7504004004704901, 0.3382249347069631, 0.7014995993790445, 0.6357741351064675, 0.6724315693987384, 1.0, 0.8433766349070695, 0.6517397827309226, 0.8648103351245982, 0.7803034446230322, 0.21298378962768938, 1.0, 0.6724062327149246, 0.642842712474619, 0.79675661863395, 0.8480747380382081, 0.06552572456572223, 0.26919155352810276, 0.49078898990031383, 0.56369994186322, 0.42298084314536705, 0.6512223502463547, 0.8304054224244419, 1.0, 0.5937898552968179, 0.58189415539785, 0.25704272418535706, 0.5761697895341449, 0.4845182644937875, 0.46904473191093105, 1.0, 0.6030011940352838, 0.06501923786697256, 0.4455903592369812, 1.0, 0.9036307963613739, 0.5537998353931795, 0.9105639359235915, 0.3508081453961951, 1.0, 0.9142445273649933, 0.6765950349550134, 0.46053348630208313, 0.636964721661222, 1.0, 0.802713932743754, 0.3373940575497127, 0.27558314725722455, 0.4453710621987834, 0.8877459225855626, 0.7158229243802021, 0.4715869158278063, 1.0, 1.0, 0.6435467900906183, 0.15997084006767517, 0.20866354767478065, 0.766682914692771, 0.6748885220437988, 0.2379911542742785, 0.4118819918812901, 0.8624012259973193, 0.7591790791391035, 0.3665582680402964, 0.23669321919655517, 1.0, 0.7511200104643803, 0.8827895563342798, 0.893803854707065, 0.7127774792622994, 0.8149760688446992, 0.7850118660511431, 1.0, 0.2158229243802022, 1.0, 0.7604979526305213, 0.66801956172107, 0.6509106257652548, 0.3047603282038313, 0.48392133516856983, 0.778785113836511, 0.33036017439379955, 0.706469885204883, 0.1314794487481174, 0.02729845266723499, 0.9542333350628116, 0.4903510788203176, 0.6559148291083154, 0.11582292438020222, 0.7517070403538422, 0.7545909332472028, 0.5822109370915456, 0.551080793943544, 1.0, 0.09999999999999999, 0.8319390869638097, 0.4667127418271009, 0.8464075798999238, 0.0, 0.7451974543165035, 0.8387796716807858, 0.7799696154227835, 1.0, 0.8276851859011425, 0.472020996722366, 0.512283842723568, 0.6866411249144649, 0.6868474083243508, 0.022412788792651028, 0.7678525946438988, 0.7557194260336891, 0.3807256007926331, 0.5194637253863024, 0.38683567216420955, 0.9176675865658077, 0.41145898320123175, 0.9891483218006352, 0.6505658166716081, 0.85, 0.5388223314197078, 0.8923725673979319, 0.6259403648918203, 0.08152573352530099, 0.32641839065175154, 0.8387796716807858, 1.0, 0.4536911179244788, 0.878163401167724, 0.5106404500880432, 0.7642174218152427, 0.8083325080431145, 0.5981716191316424, 0.5040131233897609, 0.48275794232794217, 0.3361519735310733, 0.0, 0.5261072559244404, 0.714297617187952, 0.5326080313569397, 0.7125108877355164, 0.30831848424488534, 0.7328602200025534, 0.5780365272269377, 0.1759424130312673, 0.40156651918683534, 0.4005326816439736, 0.9299711370778252, 0.7956991122779565, 1.0, 0.3784878904958281, 0.6775776410026684, 0.465523972643262, 0.5569959843890482, 0.8176593989567298, 0.5969803377115616, 0.7170015046833873, 1.0, 0.6570865573743658, 0.0, 0.8249365300761395, 0.5674961219905689, 0.25300489998285436, 0.5307707065593111, 0.5272579010634381, 0.008694754573109073, 0.557719307720078, 0.41807263856718657, 0.808221529667446, 0.7696296454239946, 0.40289299814414176, 1.0, 0.45076591901650565, 0.5647785789898024, 0.5098686912125754, 0.3490403912695087, 0.3464886858900315, 0.9469728550743763, 0.32340833096900673, 0.8184276974159628, 0.12, 0.9701564725523897, 0.7504004004704901, 0.0031323668437758896, 0.7431351738566481, 0.20461833748586147, 0.8288120051119818, 0.8249365300761395, 0.447298452667235, 0.7204435697845573, 0.5578607431385983, 0.5835280117027041, 0.3508081453961951, 0.7285380935292984, 0.9891483218006352, 0.2088017714661632, 1.0, 0.7661179464121555, 1.0, 0.7353746106262073, 0.4777601556679766, 0.48756720523942787, 0.5783036814100584, 0.8223873319410013, 0.24378163713839862, 0.1650567204976689, 0.7970182644937875, 0.4039114800507836, 0.10348801095303897, 1.0, 0.731117687292167, 0.3655417586706008, 0.31977476369658997, 1.0, 0.7017343509874177, 0.8403116829613333, 0.7824888488263595, 0.04535576197454044, 0.6863884298635612, 0.47875874704124055, 0.5309537492920497, 0.801169789534145, 0.29684740832435075, 0.554739134738433, 0.9437985500759485, 0.3889379432495441, 0.05540387552681966, 0.230390470936082, 0.4664355844276247, 0.8601527033303111, 0.7300656691761418, 0.3275887968144088, 0.6559327101364547, 0.9891483218006352, 0.6626791769304377, 1.0, 0.6567389877523072, 0.7852451152245079, 0.6065049524649757, 1.0, 0.9009945546583267, 1.0, 0.3136466255601811, 0.8348591893331347, 0.6120862230985752, 0.7477655797954694, 0.5340904181983158, 0.25311193401315524, 0.3502278939890302, 0.307730249353226, 0.6889214900451052, 0.39478364465107074, 0.7498018405233149, 0.5616798194467534, 0.35624947398505524, 0.255903071453633, 0.822378125936329, 1.0, 1.0, 0.0857142857142857, 0.8954450935705085, 0.5327467145132363, 0.7420554014474346, 0.5489718220056494, 0.45473913473843297, 0.05476190476190476, 0.662775442898248, 0.9024101654079206, 0.5510585507100338, 0.4062652820919249, 0.36905601805001587, 0.4616760548423344, 0.7340398687371076, 0.9495565333799167, 0.33274168824131195, 0.7708783243423232, 0.3422106937042266, 0.4967503501000117, 0.7224171275474598, 0.7366289756845221, 0.6254154930444011, 1.0, 0.26848983011454464, 0.7991841018812418, 0.4878372832477157, 0.9891483218006352, 0.36565981894003463, 0.9039342742606371, 0.7115187153144993, 0.730967269400034, 0.31237328339586123, 0.8165273869902545, 0.24090702262082825, 1.0, 0.25016079085323406, 0.40650495246497576, 0.537247623665976, 0.5071296454239946, 0.5744100321686132, 0.754237295389593, 0.45759530908884194, 0.7629326815734496, 0.6222244648066615, 0.9498733743967636, 1.0]
Finish training and take 39m
