Namespace(log_name='./RQ5/javascript_500/soft0_2_codet5p_220m.log', model_name='Salesforce/codet5p-220m', lang='javascript', output_dir='RQ5/javascript_500/soft0_2_codet5p_220m', data_dir='./data/RQ5/javascript_500_2', no_cuda=False, visible_gpu='0', num_train_epochs=10, num_test_epochs=1, train_batch_size=16, eval_batch_size=2, gradient_accumulation_steps=1, load_model_path=None, config_name='', tokenizer_name='', max_source_length=512, max_target_length=512, warm_up_ratio=0.1, do_train=True, do_eval=True, do_test=True, freeze=False, learning_rate=5e-05, beam_size=10, weight_decay=0.0, adam_epsilon=1e-08, local_rank=-1, seed=42, early_stop_threshold=3)
Process rank: -1, device: cuda, n_gpu: 1, distributed training: False
Model created!!
[[{'text': 'isRunning: () => !this.terminated && !this.ended(this),   stop: function() {this.terminated = true;},', 'loss_ids': 0, 'shortenable_ids': 1}, {'text': '<mask>', 'loss_ids': 1, 'shortenable_ids': 0}, {'text': '', 'loss_ids': 0, 'shortenable_ids': 0}], {'guid': 0, 'tgt_text': 'isRunning: function() { return !this.terminated && !this.ended(this) },   stop: function() {this.terminated = true;},'}]
***** Running training *****
  Num examples = 500
  Batch size = 16
  Num epoch = 10

***** Running evaluation *****
  Num examples = 500
  Batch size = 2
  epoch = 0
  eval_ppl = inf
  global_step = 33
  train_loss = 25.6267
  ********************
Previous best ppl:inf
Achieve Best ppl:inf
  ********************
BLEU file: ./data/RQ5/javascript_500_2/validation.jsonl
  codebleu-4 = 57.86 	 Previous best codebleu 0
  ********************
 Achieve Best bleu:57.86
  ********************

***** Running evaluation *****
  Num examples = 500
  Batch size = 2
  epoch = 1
  eval_ppl = inf
  global_step = 65
  train_loss = 12.087
  ********************
Previous best ppl:inf
BLEU file: ./data/RQ5/javascript_500_2/validation.jsonl
  codebleu-4 = 61.09 	 Previous best codebleu 57.86
  ********************
 Achieve Best bleu:61.09
  ********************

***** Running evaluation *****
  Num examples = 500
  Batch size = 2
  epoch = 2
  eval_ppl = inf
  global_step = 97
  train_loss = 8.2719
  ********************
Previous best ppl:inf
BLEU file: ./data/RQ5/javascript_500_2/validation.jsonl
  codebleu-4 = 61.68 	 Previous best codebleu 61.09
  ********************
 Achieve Best bleu:61.68
  ********************

***** Running evaluation *****
  Num examples = 500
  Batch size = 2
  epoch = 3
  eval_ppl = inf
  global_step = 129
  train_loss = 5.7603
  ********************
Previous best ppl:inf
BLEU file: ./data/RQ5/javascript_500_2/validation.jsonl
  codebleu-4 = 62.65 	 Previous best codebleu 61.68
  ********************
 Achieve Best bleu:62.65
  ********************

***** Running evaluation *****
  Num examples = 500
  Batch size = 2
  epoch = 4
  eval_ppl = inf
  global_step = 161
  train_loss = 4.0971
  ********************
Previous best ppl:inf
BLEU file: ./data/RQ5/javascript_500_2/validation.jsonl
  codebleu-4 = 62.47 	 Previous best codebleu 62.65
  ********************

***** Running evaluation *****
  Num examples = 500
  Batch size = 2
  epoch = 5
  eval_ppl = inf
  global_step = 193
  train_loss = 2.859
  ********************
Previous best ppl:inf
BLEU file: ./data/RQ5/javascript_500_2/validation.jsonl
  codebleu-4 = 62.52 	 Previous best codebleu 62.65
  ********************

***** Running evaluation *****
  Num examples = 500
  Batch size = 2
  epoch = 6
  eval_ppl = inf
  global_step = 225
  train_loss = 2.2365
  ********************
Previous best ppl:inf
BLEU file: ./data/RQ5/javascript_500_2/validation.jsonl
  codebleu-4 = 62.63 	 Previous best codebleu 62.65
  ********************
early stopping!!!
reload model from RQ5/javascript_500/soft0_2_codet5p_220m/checkpoint-best-bleu
BLEU file: ./data/RQ5/javascript_500_2/test.jsonl
  codebleu = 62.75 
  Total = 500 
  Exact Fixed = 83 
[3, 8, 9, 20, 21, 26, 30, 35, 38, 49, 50, 51, 69, 78, 80, 84, 96, 104, 108, 110, 112, 119, 122, 129, 133, 134, 150, 152, 163, 165, 168, 176, 178, 192, 195, 204, 208, 211, 220, 227, 230, 236, 237, 249, 265, 269, 271, 273, 275, 278, 294, 301, 313, 317, 322, 323, 341, 345, 350, 356, 367, 383, 392, 393, 394, 399, 402, 405, 409, 412, 415, 420, 435, 439, 449, 453, 454, 471, 477, 481, 493, 497, 500]
  Syntax Fixed = 4 
[45, 86, 373, 410]
  Cleaned Fixed = 5 
[151, 232, 311, 328, 456]
  ********************
  Total = 500 
  Exact Fixed = 83 
[3, 8, 9, 20, 21, 26, 30, 35, 38, 49, 50, 51, 69, 78, 80, 84, 96, 104, 108, 110, 112, 119, 122, 129, 133, 134, 150, 152, 163, 165, 168, 176, 178, 192, 195, 204, 208, 211, 220, 227, 230, 236, 237, 249, 265, 269, 271, 273, 275, 278, 294, 301, 313, 317, 322, 323, 341, 345, 350, 356, 367, 383, 392, 393, 394, 399, 402, 405, 409, 412, 415, 420, 435, 439, 449, 453, 454, 471, 477, 481, 493, 497, 500]
  Syntax Fixed = 4 
[45, 86, 373, 410]
  Cleaned Fixed = 5 
[151, 232, 311, 328, 456]
  codebleu = 62.75 
[0.6712302104522061, 0.6919266365055134, 1.0, 0.5229808431453671, 0.08436692013296332, 0.3114330635523529, 0.6530550965302279, 1.0, 1.0, 0.591516286342532, 0.7773724274761453, 0.8696847134058581, 0.25255157651202054, 0.6329739871337788, 0.5233074695255733, 0.6452148813321528, 0.5631372993900048, 0.6057649027320717, 0.0, 1.0, 1.0, 0.28178507258525926, 0.8708250323025346, 0.7158229243802021, 0.49038145152466306, 0.6720398231634966, 0.8597766350872547, 0.396349572956634, 0.6508081453961951, 0.7230619919314705, 0.8494413741851621, 0.4340764315695067, 0.46977660810833616, 0.8570961003195992, 0.8114529051148651, 0.5696431220857536, 0.7451384298635613, 0.9891483218006352, 0.3340047425620204, 0.634739134738433, 0.8573464528613979, 0.8292906179772745, 0.700590168990773, 0.7413033438528566, 0.7965739953547762, 0.6082742323311118, 0.8079310706494587, 0.8178607431385985, 1.0, 0.6574138233688298, 1.0, 0.805453099521674, 0.5217365165784443, 0.5264886858900315, 0.3533755248262469, 0.46272438732934995, 0.13333333333333333, 0.6721917902475738, 0.6352900380997268, 0.6580241834790774, 0.7261697895341449, 0.32719217235516845, 0.6420978076980255, 0.8321296454239947, 0.7158229243802021, 0.7076923076923076, 0.6345044860347671, 0.6983338153069474, 0.8249365300761395, 0.9616979821237088, 0.6847482616910893, 0.6551486585921227, 0.714297617187952, 0.37016971107762675, 0.6445931574752105, 0.13846153846153847, 0.5879316479759676, 1.0, 0.1495352051294258, 1.0, 0.7834298712141025, 0.7321559547624175, 0.5540205457587201, 0.9891483218006352, 0.20613487118166404, 0.8933439658245279, 0.6060345496474888, 0.43391990509709355, 0.6105000222446973, 0.6492561474202864, 0.06, 0.5021287494162977, 0.5793435451110831, 0.6492633713864637, 0.7298304277609075, 1.0, 0.6980472624402649, 0.6871556640337352, 0.7501566969703226, 0.27345032446975304, 0.48151833528931587, 0.7819827494849558, 0.5627200451626766, 0.2578010511749925, 0.7418506489774956, 0.8044054053869931, 0.5670081631742787, 1.0, 0.6755568064749966, 1.0, 0.5532136440138307, 1.0, 0.4536911179244788, 0.714297617187952, 0.902887748772268, 0.8494781978987964, 0.5418035126585234, 0.8502961496218351, 1.0, 0.510980970646246, 0.7522712571363831, 1.0, 0.4470581748828688, 0.21168485254147001, 0.6544375845878311, 0.9491673847910091, 0.2974610638433307, 0.5959813808622627, 1.0, 0.6618503204869636, 0.14224981392389122, 0.5983709448457449, 1.0, 1.0, 0.3079510025390523, 0.6483161444993117, 0.19348034809444703, 0.7308835793300246, 0.5478601768024036, 0.42430386249654006, 0.5871864727688051, 0.6414435318113729, 0.6958728927330549, 0.6690621521176641, 0.6753600779398393, 0.48829565174788814, 0.3240905446161769, 0.3947861840279352, 0.6785176006224589, 0.9584519390150779, 0.8145082176095655, 1.0, 0.2933192603414, 0.526797617187952, 0.5649063628096855, 0.3513033699476973, 0.902700490932961, 0.5865265109839976, 0.21170458518859758, 0.23049138297301558, 0.29157092899041875, 0.5837915315783544, 1.0, 0.14417647429169284, 1.0, 0.4970818198712149, 0.5907915119421392, 1.0, 0.3544908721645896, 0.8020311540826717, 0.7860594922037922, 0.45241016540792056, 0.8991129363138861, 0.561267769761279, 0.8554801314533595, 0.9104757374009316, 0.3472498518042225, 1.0, 0.45508310949075587, 0.5330903592369812, 0.6051294155160957, 0.19035071477803323, 0.9396769988489013, 0.045969205435414724, 0.5707915119421392, 0.6970198862562978, 0.401706244308338, 0.5382841518266749, 0.7451384298635613, 0.7513670487950274, 0.4885926413190037, 1.0, 0.5293552443498337, 0.6707350069254493, 1.0, 0.8257887556015677, 0.7504004004704901, 0.3382249347069631, 0.7014995993790445, 0.6357741351064675, 0.6550835185056715, 0.6965834056802387, 0.8433766349070695, 1.0, 0.8648103351245982, 0.6744651741992815, 0.5642322358777737, 1.0, 0.6724062327149246, 0.642842712474619, 1.0, 0.853251435829042, 0.06552572456572223, 0.22419155352810277, 0.5686459180704551, 0.56369994186322, 0.32627945612776854, 0.6512223502463547, 0.8304054224244419, 1.0, 0.5691230775634993, 0.5119808925419361, 0.25704272418535706, 0.5761697895341449, 0.4845182644937875, 0.5060973396518061, 1.0, 0.3883526761775949, 0.6642742735155721, 1.0, 0.4373679024548403, 0.9036307963613739, 0.5537998353931795, 0.9105639359235915, 0.34272438732934996, 1.0, 1.0, 0.6765950349550134, 0.46053348630208313, 0.636964721661222, 0.7170126220080686, 0.802713932743754, 0.3373940575497127, 0.27558314725722455, 0.4453710621987834, 0.7691886750930661, 0.7158229243802021, 0.4715869158278063, 1.0, 0.949339732242054, 0.5656833689055719, 0.15997084006767517, 0.20866354767478065, 0.766682914692771, 0.6748885220437988, 0.2379911542742785, 0.4118819918812901, 0.6431303389366008, 0.7591790791391035, 0.3665582680402964, 0.23669321919655517, 0.8051979380925212, 0.7511200104643803, 0.8827895563342798, 1.0, 0.7127774792622994, 0.8149760688446992, 0.7850118660511431, 1.0, 0.2158229243802022, 1.0, 0.7604979526305213, 1.0, 0.6509106257652548, 1.0, 0.4339213351685698, 0.778785113836511, 1.0, 0.8378634002940782, 0.2179371010579758, 0.11666737327895797, 0.9542333350628116, 0.4903510788203176, 0.6559148291083154, 0.11582292438020222, 0.7341765280314609, 0.7545909332472028, 0.5822109370915456, 0.830168764298918, 0.8161547359011423, 0.09999999999999999, 0.8319390869638097, 0.4667127418271009, 1.0, 0.0, 0.7451974543165035, 0.8387796716807858, 0.7799696154227835, 0.5778985929855265, 0.8276851859011425, 1.0, 0.512283842723568, 0.6866411249144649, 0.6868474083243508, 0.0, 0.6873247443252544, 0.7301961448188755, 0.3807256007926331, 0.5194637253863024, 0.38683567216420955, 0.8725356837831622, 0.41145898320123175, 0.9891483218006352, 0.6614608437091956, 0.85, 0.6060557340789965, 0.8923725673979319, 0.6259403648918203, 0.08152573352530099, 0.32641839065175154, 0.8387796716807858, 1.0, 0.7135428903906851, 0.878163401167724, 0.5339102500446592, 0.7538024285875055, 0.8083325080431145, 0.6119613551150405, 0.8293834337892512, 0.48275794232794217, 0.3361519735310733, 0.0, 0.4304576481001763, 0.714297617187952, 0.5326080313569397, 0.7125108877355164, 0.30831848424488534, 0.7328602200025534, 0.5780365272269377, 0.1759424130312673, 0.9891483218006352, 0.4005326816439736, 0.9299711370778252, 0.6233198392739454, 1.0, 0.5674364496822819, 0.6160391794642067, 0.465523972643262, 0.5823805997736635, 0.8933766349070695, 0.5969803377115616, 0.7170015046833873, 0.639674617514176, 0.6570865573743658, 0.0, 0.8249365300761395, 0.5674961219905689, 0.40558472106198573, 0.5307707065593111, 0.5392579010634381, 0.008694754573109073, 0.557719307720078, 0.41807263856718657, 0.808221529667446, 0.7696296454239946, 0.236068568378893, 1.0, 0.45076591901650565, 0.5454272614803233, 0.36587342440580645, 0.3490403912695087, 0.2627166511815171, 0.9469728550743763, 0.32340833096900673, 0.6968115823255887, 0.12, 0.9701564725523897, 0.7504004004704901, 0.0031323668437758896, 0.7431351738566481, 0.20461833748586147, 0.5027616393658039, 0.8249365300761395, 0.447298452667235, 0.5534493956177133, 0.5578607431385983, 0.5835280117027041, 0.3508081453961951, 0.7285380935292984, 0.604739134738433, 0.2088017714661632, 1.0, 0.7661179464121555, 1.0, 0.7353746106262073, 0.4777601556679766, 0.5789207115002721, 0.5783036814100584, 1.0, 0.24378163713839862, 0.1650567204976689, 1.0, 0.4039114800507836, 0.10348801095303897, 1.0, 0.731117687292167, 0.37923025609941297, 0.31977476369658997, 1.0, 0.9059642451028274, 0.8403116829613333, 0.7824888488263595, 0.04535576197454044, 0.6530550965302279, 1.0, 0.5309537492920497, 0.801169789534145, 0.4339058460894847, 0.554739134738433, 1.0, 0.3889379432495441, 0.05540387552681966, 0.030390470936082048, 0.4664355844276247, 0.8601527033303111, 0.7300656691761418, 0.3181760473859727, 0.6559327101364547, 0.5237030996295007, 0.6626791769304377, 0.7568450597353329, 0.6567389877523072, 0.7685784485578413, 0.654739134738433, 1.0, 0.9009945546583267, 0.6439654153934541, 0.8362062829761001, 1.0, 0.6120862230985752, 0.7477655797954694, 0.5528265488737891, 0.25311193401315524, 0.3423991123957192, 0.21577509138148893, 0.722618182509529, 0.39478364465107074, 0.7498018405233149, 1.0, 0.48897284678550934, 0.11636948157300184, 0.822378125936329, 1.0, 1.0, 0.0857142857142857, 0.8954450935705085, 0.5045234828882075, 0.7420554014474346, 0.528277523514601, 0.45473913473843297, 0.08142857142857142, 0.662775442898248, 0.9024101654079206, 0.4592661580353961, 0.4062652820919249, 0.36905601805001587, 0.4616760548423344, 0.7340398687371076, 0.9495565333799167, 0.3580468899723981, 0.7708783243423232, 0.40137247882087534, 0.5486780060731714, 0.7224171275474598, 0.7366289756845221, 0.6586275761728796, 1.0, 0.2382915953335315, 0.8502367699851867, 0.41219121170202055, 0.9891483218006352, 0.39675296426202156, 0.9039342742606371, 0.7115187153144993, 0.7888424084106092, 0.31237328339586123, 0.8165273869902545, 0.24090702262082825, 0.8255980153481091, 0.25016079085323406, 0.40650495246497576, 0.537247623665976, 1.0, 0.7034015874984205, 0.743934274260637, 0.45759530908884194, 0.9891483218006352, 0.44550045795082693, 0.8239771023387574, 1.0]
Finish training and take 32m
