Namespace(log_name='./RQ5/javascript_500/soft7_1_codet5p_770m.log', model_name='Salesforce/codet5p-770m', lang='javascript', output_dir='RQ5/javascript_500/soft7_1_codet5p_770m', data_dir='./data/RQ5/javascript_500_1', no_cuda=False, visible_gpu='0', num_train_epochs=10, num_test_epochs=1, train_batch_size=4, eval_batch_size=2, gradient_accumulation_steps=1, load_model_path=None, config_name='', tokenizer_name='', max_source_length=512, max_target_length=512, warm_up_ratio=0.1, do_train=True, do_eval=True, do_test=True, freeze=False, learning_rate=5e-05, beam_size=10, weight_decay=0.0, adam_epsilon=1e-08, local_rank=-1, seed=42, early_stop_threshold=3)
Process rank: -1, device: cuda, n_gpu: 1, distributed training: False
Model created!!
Namespace(log_name='./RQ5/javascript_500/soft7_1_codet5p_770m.log', model_name='Salesforce/codet5p-770m', lang='javascript', output_dir='RQ5/javascript_500/soft7_1_codet5p_770m', data_dir='./data/RQ5/javascript_500_1', no_cuda=False, visible_gpu='0', num_train_epochs=10, num_test_epochs=1, train_batch_size=4, eval_batch_size=2, gradient_accumulation_steps=1, load_model_path=None, config_name='', tokenizer_name='', max_source_length=512, max_target_length=512, warm_up_ratio=0.1, do_train=True, do_eval=True, do_test=True, freeze=False, learning_rate=5e-05, beam_size=10, weight_decay=0.0, adam_epsilon=1e-08, local_rank=-1, seed=42, early_stop_threshold=3)
Process rank: -1, device: cuda, n_gpu: 1, distributed training: False
Model created!!
[[{'text': '', 'loss_ids': 0, 'shortenable_ids': 0}, {'text': ' _createControlAdapter: function (el) {             debugger;', 'loss_ids': 0, 'shortenable_ids': 1}, {'text': '', 'loss_ids': 0, 'shortenable_ids': 0}, {'text': ' no-debugger', 'loss_ids': 0, 'shortenable_ids': 0}, {'text': '.', 'loss_ids': 0, 'shortenable_ids': 0}, {'text': '<mask>', 'loss_ids': 1, 'shortenable_ids': 0}, {'text': '', 'loss_ids': 0, 'shortenable_ids': 0}], {'guid': 0, 'tgt_text': '_createControlAdapter: function (el) {'}]
***** Running training *****
  Num examples = 500
  Batch size = 4
  Num epoch = 10
Namespace(log_name='./RQ5/javascript_500/soft7_1_codet5p_770m.log', model_name='Salesforce/codet5p-770m', lang='javascript', output_dir='RQ5/javascript_500/soft7_1_codet5p_770m', data_dir='./data/RQ5/javascript_500_1', no_cuda=False, visible_gpu='0', num_train_epochs=10, num_test_epochs=1, train_batch_size=4, eval_batch_size=2, gradient_accumulation_steps=1, load_model_path=None, config_name='', tokenizer_name='', max_source_length=512, max_target_length=512, warm_up_ratio=0.1, do_train=True, do_eval=True, do_test=True, freeze=False, learning_rate=5e-05, beam_size=10, weight_decay=0.0, adam_epsilon=1e-08, local_rank=-1, seed=42, early_stop_threshold=3)
Process rank: -1, device: cuda, n_gpu: 1, distributed training: False
Model created!!
[[{'text': '', 'loss_ids': 0, 'shortenable_ids': 0}, {'text': ' _createControlAdapter: function (el) {             debugger;', 'loss_ids': 0, 'shortenable_ids': 1}, {'text': '', 'loss_ids': 0, 'shortenable_ids': 0}, {'text': ' no-debugger', 'loss_ids': 0, 'shortenable_ids': 0}, {'text': '.', 'loss_ids': 0, 'shortenable_ids': 0}, {'text': '<mask>', 'loss_ids': 1, 'shortenable_ids': 0}, {'text': '', 'loss_ids': 0, 'shortenable_ids': 0}], {'guid': 0, 'tgt_text': '_createControlAdapter: function (el) {'}]
***** Running training *****
  Num examples = 500
  Batch size = 4
  Num epoch = 10

***** Running evaluation *****
  Num examples = 100
  Batch size = 2
  epoch = 0
  eval_ppl = inf
  global_step = 126
  train_loss = 16.8707
  ********************
Previous best ppl:inf
Achieve Best ppl:inf
  ********************
BLEU file: ./data/RQ5/javascript_500_1/validation.jsonl
  codebleu-4 = 67.56 	 Previous best codebleu 0
  ********************
 Achieve Best bleu:67.56
  ********************

***** Running evaluation *****
  Num examples = 100
  Batch size = 2
  epoch = 1
  eval_ppl = inf
  global_step = 251
  train_loss = 7.992
  ********************
Previous best ppl:inf
Achieve Best ppl:inf
  ********************
BLEU file: ./data/RQ5/javascript_500_1/validation.jsonl
  codebleu-4 = 65.72 	 Previous best codebleu 67.56
  ********************

***** Running evaluation *****
  Num examples = 100
  Batch size = 2
  epoch = 2
  eval_ppl = inf
  global_step = 376
  train_loss = 4.039
  ********************
Previous best ppl:inf
BLEU file: ./data/RQ5/javascript_500_1/validation.jsonl
  codebleu-4 = 68.5 	 Previous best codebleu 67.56
  ********************
 Achieve Best bleu:68.5
  ********************

***** Running evaluation *****
  Num examples = 100
  Batch size = 2
  epoch = 3
  eval_ppl = inf
  global_step = 501
  train_loss = 1.9952
  ********************
Previous best ppl:inf
BLEU file: ./data/RQ5/javascript_500_1/validation.jsonl
  codebleu-4 = 67.35 	 Previous best codebleu 68.5
  ********************

***** Running evaluation *****
  Num examples = 100
  Batch size = 2
  epoch = 4
  eval_ppl = inf
  global_step = 626
  train_loss = 0.9551
  ********************
Previous best ppl:inf
BLEU file: ./data/RQ5/javascript_500_1/validation.jsonl
  codebleu-4 = 65.68 	 Previous best codebleu 68.5
  ********************

***** Running evaluation *****
  Num examples = 100
  Batch size = 2
  epoch = 5
  eval_ppl = inf
  global_step = 751
  train_loss = 0.6381
  ********************
Previous best ppl:inf
BLEU file: ./data/RQ5/javascript_500_1/validation.jsonl
  codebleu-4 = 66.53 	 Previous best codebleu 68.5
  ********************
early stopping!!!
reload model from RQ5/javascript_500/soft7_1_codet5p_770m/checkpoint-best-bleu
BLEU file: ./data/RQ5/javascript_500_1/test.jsonl
  codebleu = 62.62 
  Total = 500 
  Exact Fixed = 81 
[3, 7, 8, 9, 11, 20, 21, 30, 35, 38, 40, 69, 78, 80, 96, 104, 122, 129, 133, 134, 142, 143, 152, 163, 168, 176, 178, 181, 186, 187, 190, 192, 195, 201, 202, 204, 208, 209, 220, 227, 230, 241, 245, 249, 262, 265, 270, 271, 278, 280, 299, 301, 313, 317, 322, 323, 337, 341, 345, 356, 367, 385, 387, 390, 392, 393, 394, 405, 409, 412, 415, 420, 431, 437, 453, 454, 471, 477, 481, 497, 500]
  Syntax Fixed = 6 
[77, 136, 373, 402, 410, 499]
  Cleaned Fixed = 4 
[109, 232, 311, 456]
  ********************
  Total = 500 
  Exact Fixed = 81 
[3, 7, 8, 9, 11, 20, 21, 30, 35, 38, 40, 69, 78, 80, 96, 104, 122, 129, 133, 134, 142, 143, 152, 163, 168, 176, 178, 181, 186, 187, 190, 192, 195, 201, 202, 204, 208, 209, 220, 227, 230, 241, 245, 249, 262, 265, 270, 271, 278, 280, 299, 301, 313, 317, 322, 323, 337, 341, 345, 356, 367, 385, 387, 390, 392, 393, 394, 405, 409, 412, 415, 420, 431, 437, 453, 454, 471, 477, 481, 497, 500]
  Syntax Fixed = 6 
[77, 136, 373, 402, 410, 499]
  Cleaned Fixed = 4 
[109, 232, 311, 456]
  codebleu = 62.62 
[0.737896877118873, 0.6919266365055134, 1.0, 0.6896475098120338, 0.08436692013296332, 0.3144425689707266, 1.0, 1.0, 1.0, 0.478763339719069, 1.0, 0.8696847134058581, 0.16683729079773485, 0.6329739871337788, 0.5408401405239117, 0.6452148813321528, 0.5919792422404021, 0.6550835185056715, 0.0, 1.0, 1.0, 0.28178507258525926, 0.8708250323025346, 0.7158229243802021, 0.49038145152466306, 0.53049277925119, 0.7957335778482884, 0.396349572956634, 0.6508081453961951, 0.7230619919314705, 0.8494413741851621, 0.7881136779802395, 0.46977660810833616, 0.8570961003195992, 0.8114529051148651, 0.5696431220857536, 0.7451384298635613, 0.9891483218006352, 0.3340047425620204, 0.9891483218006352, 0.8573464528613979, 0.8292906179772745, 0.700590168990773, 0.7413033438528566, 0.6332527923879377, 0.6082742323311118, 0.8252074160406009, 0.8178607431385985, 0.3053502366259113, 0.6574138233688298, 0.7517692380063994, 0.805453099521674, 0.7438592207992041, 0.5264886858900315, 0.3533755248262469, 0.6508081453961951, 0.13333333333333333, 0.5338054518326395, 0.712432895242584, 0.6580241834790774, 0.7261697895341449, 0.32719217235516845, 0.6420978076980255, 0.8321296454239947, 0.7158229243802021, 0.7076923076923076, 0.434504486034767, 0.6983338153069474, 0.8249365300761395, 0.9616979821237088, 0.6847482616910893, 0.6551486585921227, 0.6313659179388997, 0.37016971107762675, 0.6445931574752105, 0.13846153846153847, 0.8180987647852345, 1.0, 0.1495352051294258, 1.0, 0.7896006392880524, 0.5718336933369629, 0.5637946891611503, 0.38355628719913637, 0.20613487118166404, 0.5941704457050844, 0.5163837612719755, 0.43391990509709355, 0.6105000222446973, 0.6492561474202864, 0.06, 0.5021287494162977, 0.5793435451110831, 0.5909395885250581, 0.8677796163617824, 1.0, 0.6980472624402649, 0.6871556640337352, 0.840238696687355, 0.26611860039592705, 0.2799449403593628, 0.7819827494849558, 0.5627200451626766, 0.2578010511749925, 0.7418506489774956, 0.8044054053869931, 0.5670081631742787, 0.7469655281865365, 0.8521347462244511, 0.8096354401872717, 0.5532136440138307, 0.6488884298635612, 0.4536911179244788, 0.3379694287810409, 0.7948717708183046, 0.8494781978987964, 0.5418035126585234, 0.9441518237028776, 0.842133818192679, 0.510980970646246, 0.7522712571363831, 1.0, 0.4470581748828688, 0.36217875471464306, 0.6544375845878311, 0.9491673847910091, 0.2974610638433307, 0.5959813808622627, 1.0, 0.6618503204869636, 0.14224981392389122, 0.6135730320105406, 1.0, 1.0, 0.30028116187669834, 0.9817076094451254, 0.19348034809444703, 0.7308835793300246, 0.5978601768024037, 0.636068568378893, 0.5871864727688051, 0.9225934589608529, 0.8729750254435045, 0.7014499169499973, 0.6753600779398393, 0.6086737860987872, 0.3240905446161769, 0.3947861840279352, 0.3944915940020498, 0.8313560704120448, 0.6429326815734496, 1.0, 0.2933192603414, 0.526797617187952, 0.5945178483041882, 0.3013033699476973, 0.94393416003725, 0.5865265109839976, 0.21170458518859758, 0.4638247163063489, 0.29157092899041875, 0.5774263257292502, 1.0, 0.14417647429169284, 0.5093188573232306, 0.4970818198712149, 0.5907915119421392, 1.0, 0.3544908721645896, 0.8020311540826717, 0.7860594922037922, 0.45241016540792056, 0.8991129363138861, 0.561267769761279, 0.5441070669348561, 0.9104757374009316, 0.38058318513755585, 1.0, 0.45508310949075587, 0.5279905343601452, 1.0, 0.004076425237158272, 0.9396769988489013, 0.08381132849700869, 0.5507915119421392, 0.907745404768207, 0.8114529051148651, 0.5382841518266749, 0.7451384298635613, 0.8823645203178383, 0.5112111996405785, 1.0, 0.5293552443498337, 0.6707350069254493, 1.0, 0.8257887556015677, 0.7504004004704901, 0.3382249347069631, 0.37861662650065897, 0.6357741351064675, 1.0, 1.0, 0.5542777815027289, 1.0, 0.8648103351245982, 0.7803034446230322, 0.6426062098732228, 1.0, 0.8503143105742339, 0.642842712474619, 0.5747785966559279, 0.853251435829042, 0.06552572456572223, 0.26919155352810276, 0.5686459180704551, 0.56369994186322, 0.32627945612776854, 0.6512223502463547, 0.8304054224244419, 1.0, 0.5691230775634993, 0.9159253679044905, 0.3012734934161263, 0.5761697895341449, 0.49351804990029324, 0.46904473191093105, 1.0, 0.6030011940352838, 0.6642742735155721, 1.0, 0.4373679024548403, 0.9036307963613739, 0.5537998353931795, 0.9105639359235915, 0.3508081453961951, 0.396838405481522, 0.9142445273649933, 0.6765950349550134, 0.46053348630208313, 0.636964721661222, 1.0, 0.802713932743754, 0.3373940575497127, 0.27558314725722455, 1.0, 0.8877459225855626, 0.7158229243802021, 0.4715869158278063, 1.0, 0.8576593989567298, 0.7118977233058527, 0.15997084006767517, 0.20866354767478065, 0.766682914692771, 0.6748885220437988, 0.2379911542742785, 0.4118819918812901, 0.6431303389366008, 0.7591790791391035, 0.3665582680402964, 0.23669321919655517, 1.0, 0.7511200104643803, 0.8827895563342798, 1.0, 0.7127774792622994, 0.8149760688446992, 0.7850118660511431, 0.5347428106038496, 1.0, 1.0, 0.7604979526305213, 0.6440993313853645, 0.6509106257652548, 0.776554029901346, 0.4339213351685698, 0.778785113836511, 1.0, 0.8008467617900312, 0.8114529051148651, 0.11666737327895797, 0.9542333350628116, 0.4903510788203176, 0.47711560659055585, 0.11582292438020222, 0.804522278457162, 0.525900160849234, 0.3969004839706786, 0.551080793943544, 0.8161547359011423, 0.09999999999999999, 0.7965310924001736, 0.4667127418271009, 0.7804979526305214, 0.0, 0.7451974543165035, 0.8387796716807858, 0.8766575586569678, 1.0, 0.8276851859011425, 1.0, 0.512283842723568, 0.6866411249144649, 0.6868474083243508, 0.09999999999999999, 0.4656015499867886, 0.7301961448188755, 0.3807256007926331, 0.5194637253863024, 0.38683567216420955, 0.8725356837831622, 0.41145898320123175, 0.9891483218006352, 0.5488628862515236, 0.85, 0.4969617815012778, 0.8923725673979319, 0.6259403648918203, 0.08152573352530099, 0.32641839065175154, 0.8387796716807858, 1.0, 0.7135428903906851, 0.878163401167724, 0.5339102500446592, 0.7281777985003272, 0.8083325080431145, 0.5981716191316424, 0.3791104801561366, 0.48275794232794217, 0.3361519735310733, 0.0, 0.5261072559244404, 0.714297617187952, 0.5326080313569397, 0.7125108877355164, 0.9891483218006352, 0.6578602200025533, 0.5780365272269377, 0.1759424130312673, 0.9891483218006352, 0.5991425041723254, 0.9299711370778252, 0.9225934589608529, 1.0, 0.5674364496822819, 0.6160391794642067, 0.4439880235161811, 0.5569959843890482, 0.8176593989567298, 0.6219803377115616, 0.7170015046833873, 0.639674617514176, 0.6570865573743658, 0.0, 0.8249365300761395, 0.5674961219905689, 0.4606972076751621, 0.5307707065593111, 0.515257901063438, 0.008694754573109073, 0.557719307720078, 0.41807263856718657, 0.808221529667446, 0.4811997636666665, 0.23985271067894742, 1.0, 0.45076591901650565, 0.5454272614803233, 0.36587342440580645, 0.3490403912695087, 0.2627166511815171, 0.9469728550743763, 0.32340833096900673, 0.8184276974159628, 0.12, 0.9701564725523897, 0.7504004004704901, 0.0035670026709032432, 0.7431351738566481, 0.20461833748586147, 0.5027616393658039, 0.07719082257468701, 0.447298452667235, 0.882688666737673, 0.5578607431385983, 0.8778769644385496, 0.3508081453961951, 0.7285380935292984, 0.9891483218006352, 0.2088017714661632, 1.0, 0.7661179464121555, 1.0, 0.7353746106262073, 0.4777601556679766, 0.6530817392743746, 0.5783036814100584, 0.8223873319410013, 0.24378163713839862, 0.1650567204976689, 0.7970182644937875, 0.4039114800507836, 0.10348801095303897, 1.0, 0.731117687292167, 0.37923025609941297, 0.31977476369658997, 1.0, 0.9059642451028274, 0.8403116829613333, 0.7824888488263595, 0.04535576197454044, 0.6863884298635612, 1.0, 0.5309537492920497, 0.801169789534145, 0.29684740832435075, 0.554739134738433, 1.0, 0.3889379432495441, 0.05540387552681966, 0.030390470936082048, 0.4664355844276247, 0.8601527033303111, 0.7300656691761418, 0.3275887968144088, 0.6661439233697446, 0.5237030996295007, 0.6626791769304377, 1.0, 0.6567389877523072, 0.7852451152245079, 0.6785117129535003, 0.6379694287810409, 0.6870852848948238, 1.0, 0.8362062829761001, 0.8348591893331347, 0.6120862230985752, 0.7100408727133238, 0.5528265488737891, 0.25311193401315524, 0.3502278939890302, 0.307730249353226, 0.722618182509529, 0.39478364465107074, 0.7498018405233149, 0.6310308074685265, 0.35624947398505524, 0.3652331461343674, 0.822378125936329, 1.0, 1.0, 0.0857142857142857, 0.8954450935705085, 0.37122033919666886, 0.7420554014474346, 0.5704003934342209, 0.45473913473843297, 0.06324189691139545, 0.662775442898248, 0.9024101654079206, 0.5510585507100338, 0.46575232448771275, 0.36905601805001587, 0.4616760548423344, 0.7340398687371076, 0.9495565333799167, 0.3190161980452335, 0.7708783243423232, 0.4121831032184268, 0.5486780060731714, 0.7224171275474598, 0.7366289756845221, 0.6586275761728796, 1.0, 0.24934422691247887, 0.8502367699851867, 0.4878372832477157, 0.9891483218006352, 0.39675296426202156, 0.9039342742606371, 0.7115187153144993, 0.730967269400034, 0.31237328339586123, 0.6125395593997215, 0.24090702262082825, 0.8255980153481091, 0.25016079085323406, 0.6731716191316424, 0.537247623665976, 0.07683152092989207, 0.5744100321686132, 0.754237295389593, 0.45759530908884194, 0.9891483218006352, 0.6222244648066615, 0.9498733743967636, 1.0]
Finish training and take 28m
