Namespace(log_name='./RQ5/sstubs_500_1/codet5p_770m_f.log', model_name='Salesforce/codet5p-770m', lang='java', output_dir='RQ5/sstubs_500_1/codet5p_770m_f', data_dir='./data/RQ5/sstubs_500_1', no_cuda=False, visible_gpu='0', add_task_prefix=False, add_lang_ids=False, num_train_epochs=10, num_test_epochs=10, train_batch_size=4, eval_batch_size=4, gradient_accumulation_steps=2, load_model_path=None, config_name='', tokenizer_name='', max_source_length=512, max_target_length=512, warm_up_ratio=0.1, do_train=True, do_eval=True, do_test=True, do_lower_case=False, learning_rate=5e-05, beam_size=10, weight_decay=0.0, adam_epsilon=1e-08, max_grad_norm=1.0, max_steps=-1, eval_steps=-1, train_steps=-1, local_rank=-1, seed=42, early_stop_threshold=2)
Process rank: -1, device: cuda, n_gpu: 1, distributed training: False, model_name: Salesforce/codet5p-770m
model created!
Total 500 training instances 
***** Running training *****
  Num examples = 500
  Batch size = 4
  Num epoch = 10

***** Running evaluation *****
  Num examples = 100
  Batch size = 4
  epoch = 0
  eval_ppl = 1.00032
  global_step = 126
  train_loss = 0.2782
  ********************
Previous best ppl:inf
Achieve Best ppl:1.00032
  ********************
BLEU file: ./data/RQ5/sstubs_500_1/validation.jsonl
  codebleu-4 = 90.82 	 Previous best codebleu 0
  ********************
 Achieve Best bleu:90.82
  ********************

***** Running evaluation *****
  Num examples = 100
  Batch size = 4
  epoch = 1
  eval_ppl = 1.00027
  global_step = 251
  train_loss = 0.0579
  ********************
Previous best ppl:1.00032
Achieve Best ppl:1.00027
  ********************
BLEU file: ./data/RQ5/sstubs_500_1/validation.jsonl
  codebleu-4 = 93.46 	 Previous best codebleu 90.82
  ********************
 Achieve Best bleu:93.46
  ********************

***** Running evaluation *****
  Num examples = 100
  Batch size = 4
  epoch = 2
  eval_ppl = 1.00028
  global_step = 376
  train_loss = 0.0236
  ********************
Previous best ppl:1.00027
BLEU file: ./data/RQ5/sstubs_500_1/validation.jsonl
  codebleu-4 = 95.45 	 Previous best codebleu 93.46
  ********************
 Achieve Best bleu:95.45
  ********************

***** Running evaluation *****
  Num examples = 100
  Batch size = 4
  epoch = 3
  eval_ppl = 1.00029
  global_step = 501
  train_loss = 0.0085
  ********************
Previous best ppl:1.00027
BLEU file: ./data/RQ5/sstubs_500_1/validation.jsonl
  codebleu-4 = 95.37 	 Previous best codebleu 95.45
  ********************

***** Running evaluation *****
  Num examples = 100
  Batch size = 4
  epoch = 4
  eval_ppl = 1.00029
  global_step = 626
  train_loss = 0.0059
  ********************
Previous best ppl:1.00027
BLEU file: ./data/RQ5/sstubs_500_1/validation.jsonl
  codebleu-4 = 95.75 	 Previous best codebleu 95.45
  ********************
 Achieve Best bleu:95.75
  ********************

***** Running evaluation *****
  Num examples = 100
  Batch size = 4
  epoch = 5
  eval_ppl = 1.00029
  global_step = 751
  train_loss = 0.0033
  ********************
Previous best ppl:1.00027
BLEU file: ./data/RQ5/sstubs_500_1/validation.jsonl
  codebleu-4 = 95.03 	 Previous best codebleu 95.75
  ********************

***** Running evaluation *****
  Num examples = 100
  Batch size = 4
  epoch = 6
  eval_ppl = 1.0003
  global_step = 876
  train_loss = 0.004
  ********************
Previous best ppl:1.00027
BLEU file: ./data/RQ5/sstubs_500_1/validation.jsonl
  codebleu-4 = 95.11 	 Previous best codebleu 95.75
  ********************
reload model from RQ5/sstubs_500_1/codet5p_770m_f/checkpoint-best-bleu
BLEU file: ./data/RQ5/sstubs_500_1/test.jsonl
  codebleu = 95.86 
  Total = 500 
  Exact Fixed = 329 
[1, 2, 3, 5, 6, 7, 8, 9, 10, 11, 12, 14, 15, 16, 17, 18, 20, 21, 22, 23, 24, 25, 27, 31, 32, 34, 35, 36, 37, 39, 42, 44, 45, 46, 47, 48, 49, 52, 53, 54, 55, 56, 58, 61, 62, 63, 64, 65, 67, 69, 70, 73, 75, 78, 79, 80, 82, 83, 84, 85, 87, 88, 89, 90, 92, 93, 94, 95, 96, 97, 100, 101, 102, 103, 104, 105, 106, 109, 110, 112, 113, 114, 115, 116, 118, 120, 125, 126, 127, 128, 129, 130, 131, 132, 135, 136, 138, 139, 140, 141, 144, 145, 148, 149, 152, 153, 154, 155, 156, 157, 158, 159, 160, 163, 165, 167, 169, 170, 172, 173, 174, 176, 177, 178, 179, 180, 183, 186, 188, 190, 192, 194, 195, 196, 197, 198, 201, 202, 203, 204, 205, 206, 208, 209, 211, 214, 215, 216, 217, 218, 219, 221, 224, 226, 228, 229, 230, 231, 232, 233, 237, 238, 239, 240, 241, 242, 243, 246, 247, 248, 249, 250, 251, 252, 254, 255, 256, 257, 259, 262, 263, 265, 266, 267, 268, 270, 275, 277, 278, 279, 280, 283, 285, 286, 287, 288, 289, 291, 292, 293, 295, 298, 302, 305, 306, 307, 308, 311, 312, 314, 315, 316, 318, 319, 321, 322, 323, 325, 327, 328, 329, 330, 333, 335, 336, 337, 338, 339, 340, 341, 342, 343, 344, 345, 346, 347, 350, 352, 355, 356, 359, 360, 366, 369, 370, 371, 373, 375, 376, 378, 379, 380, 382, 383, 385, 386, 389, 390, 391, 394, 395, 398, 399, 400, 401, 402, 404, 407, 409, 410, 411, 414, 415, 416, 417, 421, 422, 423, 425, 427, 428, 431, 432, 433, 434, 436, 437, 438, 439, 441, 442, 443, 444, 445, 446, 448, 449, 451, 452, 453, 454, 455, 458, 459, 462, 463, 465, 466, 467, 468, 469, 470, 475, 477, 480, 482, 483, 484, 485, 487, 488, 491, 492, 494, 495, 496, 497, 498, 500]
  Syntax Fixed = 1 
[81]
  Cleaned Fixed = 0 
[]
  ********************
  Total = 500 
  Exact Fixed = 329 
[1, 2, 3, 5, 6, 7, 8, 9, 10, 11, 12, 14, 15, 16, 17, 18, 20, 21, 22, 23, 24, 25, 27, 31, 32, 34, 35, 36, 37, 39, 42, 44, 45, 46, 47, 48, 49, 52, 53, 54, 55, 56, 58, 61, 62, 63, 64, 65, 67, 69, 70, 73, 75, 78, 79, 80, 82, 83, 84, 85, 87, 88, 89, 90, 92, 93, 94, 95, 96, 97, 100, 101, 102, 103, 104, 105, 106, 109, 110, 112, 113, 114, 115, 116, 118, 120, 125, 126, 127, 128, 129, 130, 131, 132, 135, 136, 138, 139, 140, 141, 144, 145, 148, 149, 152, 153, 154, 155, 156, 157, 158, 159, 160, 163, 165, 167, 169, 170, 172, 173, 174, 176, 177, 178, 179, 180, 183, 186, 188, 190, 192, 194, 195, 196, 197, 198, 201, 202, 203, 204, 205, 206, 208, 209, 211, 214, 215, 216, 217, 218, 219, 221, 224, 226, 228, 229, 230, 231, 232, 233, 237, 238, 239, 240, 241, 242, 243, 246, 247, 248, 249, 250, 251, 252, 254, 255, 256, 257, 259, 262, 263, 265, 266, 267, 268, 270, 275, 277, 278, 279, 280, 283, 285, 286, 287, 288, 289, 291, 292, 293, 295, 298, 302, 305, 306, 307, 308, 311, 312, 314, 315, 316, 318, 319, 321, 322, 323, 325, 327, 328, 329, 330, 333, 335, 336, 337, 338, 339, 340, 341, 342, 343, 344, 345, 346, 347, 350, 352, 355, 356, 359, 360, 366, 369, 370, 371, 373, 375, 376, 378, 379, 380, 382, 383, 385, 386, 389, 390, 391, 394, 395, 398, 399, 400, 401, 402, 404, 407, 409, 410, 411, 414, 415, 416, 417, 421, 422, 423, 425, 427, 428, 431, 432, 433, 434, 436, 437, 438, 439, 441, 442, 443, 444, 445, 446, 448, 449, 451, 452, 453, 454, 455, 458, 459, 462, 463, 465, 466, 467, 468, 469, 470, 475, 477, 480, 482, 483, 484, 485, 487, 488, 491, 492, 494, 495, 496, 497, 498, 500]
  Syntax Fixed = 1 
[81]
  Cleaned Fixed = 0 
[]
  codebleu = 95.86 
[1.0, 1.0, 1.0, 0.8947836446510709, 1.0, 1.0, 1.0, 1.0, 1.0, 1.0, 1.0, 1.0, 0.9167248063681421, 1.0, 1.0, 1.0, 1.0, 1.0, 0.9176675865658077, 1.0, 1.0, 1.0, 1.0, 1.0, 1.0, 0.7010984251778435, 1.0, 0.8484460283801449, 0.8665518607362566, 0.8763133788603765, 1.0, 1.0, 0.7099766481408452, 1.0, 1.0, 1.0, 1.0, 0.8651175442818166, 1.0, 0.9236426846280885, 0.9544887439837764, 1.0, 0.8641939857382575, 1.0, 1.0, 1.0, 1.0, 1.0, 1.0, 0.8472999580048346, 0.9261420415269246, 1.0, 1.0, 1.0, 1.0, 1.0, 0.8746806556337734, 1.0, 0.8484460283801449, 0.7491375710149024, 1.0, 1.0, 1.0, 1.0, 1.0, 0.8897268293826727, 1.0, 0.8961079319106557, 1.0, 1.0, 0.9544887439837764, 0.9151340803413444, 1.0, 0.7503432335009788, 1.0, 0.9783152785012215, 0.8348805422215138, 1.0, 1.0, 1.0, 0.9699899456986019, 1.0, 1.0, 1.0, 1.0, 0.9557161384210198, 1.0, 1.0, 1.0, 1.0, 0.8131726792272671, 1.0, 1.0, 1.0, 1.0, 1.0, 1.0, 0.9323598782946632, 0.9339261075829457, 1.0, 1.0, 1.0, 1.0, 1.0, 1.0, 1.0, 0.8845572237610086, 0.970114879479065, 1.0, 1.0, 0.8971311800146564, 1.0, 1.0, 1.0, 1.0, 1.0, 0.9514480358382331, 1.0, 0.936923058378295, 1.0, 0.6106880800400042, 0.9689323767297664, 0.963531800540206, 0.7726680042740901, 1.0, 1.0, 1.0, 1.0, 1.0, 1.0, 1.0, 1.0, 0.9733211546063425, 0.9469728550743763, 1.0, 1.0, 0.9524183912964097, 1.0, 1.0, 1.0, 1.0, 0.9326807851263892, 0.8703511904239886, 1.0, 1.0, 0.9019927469706532, 0.9375231838826312, 1.0, 1.0, 0.9107730833493335, 0.8825294735748568, 1.0, 1.0, 1.0, 1.0, 1.0, 1.0, 1.0, 1.0, 1.0, 0.9071590438599544, 0.8840834056802387, 1.0, 0.8617520551076281, 1.0, 0.8703234696280888, 1.0, 0.9498733743967636, 1.0, 1.0, 0.9587753838819759, 1.0, 1.0, 1.0, 0.7876421850012838, 1.0, 1.0, 1.0, 1.0, 1.0, 0.8897758622583831, 0.9044642401339957, 1.0, 0.8722059305904497, 0.9396655654276309, 1.0, 0.9546221339246326, 1.0, 0.8544642401339957, 1.0, 0.8014447380383962, 1.0, 0.9581095565874824, 1.0, 1.0, 1.0, 1.0, 1.0, 0.7691559470359518, 0.8616715812772971, 1.0, 1.0, 1.0, 1.0, 1.0, 1.0, 0.9312991012532417, 1.0, 1.0, 0.769122578011458, 1.0, 0.8803078606169892, 0.9215834056802388, 1.0, 1.0, 1.0, 1.0, 1.0, 1.0, 0.8181144133703453, 1.0, 0.9656973569421463, 0.9407613352737074, 1.0, 0.7590096946794502, 1.0, 0.868765413173737, 1.0, 1.0, 1.0, 1.0, 1.0, 1.0, 0.884777214048037, 0.9725011474210121, 0.9498733743967636, 1.0, 1.0, 1.0, 1.0, 1.0, 1.0, 1.0, 0.8222725521291268, 0.9325400085710811, 1.0, 1.0, 1.0, 1.0, 1.0, 1.0, 1.0, 0.9600553834135903, 1.0, 1.0, 1.0, 1.0, 0.9583676774082095, 1.0, 0.8531462888634065, 0.8404979526305214, 1.0, 1.0, 0.9517918920357142, 1.0, 1.0, 1.0, 1.0, 0.8212636043254029, 1.0, 0.949068802064335, 0.9616136179279984, 0.6106880800400042, 0.8514121941588377, 1.0, 0.9213836287468253, 1.0, 1.0, 1.0, 1.0, 0.8721212086381336, 0.9600553834135903, 1.0, 0.8648103351245982, 1.0, 1.0, 1.0, 1.0, 1.0, 0.7016265496309229, 1.0, 1.0, 1.0, 0.9497338034253828, 1.0, 0.9439975336408695, 0.9543920430664012, 1.0, 0.8439565321244622, 0.8523636516116309, 0.9601466755014141, 1.0, 0.9332624127367197, 0.8376615528688169, 1.0, 1.0, 1.0, 1.0, 0.9056583090096291, 0.7026615485512439, 1.0, 1.0, 0.7944107194467429, 1.0, 1.0, 1.0, 0.8960973978810894, 1.0, 1.0, 0.9211131842675646, 1.0, 1.0, 1.0, 0.8056751756510949, 1.0, 0.8953661348226227, 1.0, 1.0, 1.0, 1.0, 0.9630476148256921, 0.9056583090096291, 1.0, 0.8215803485831588, 1.0, 1.0, 1.0, 1.0, 1.0, 1.0, 1.0, 1.0, 1.0, 1.0, 1.0, 1.0, 1.0, 0.8236711521266522, 0.9059642451028274, 1.0, 0.9404330472606062, 1.0, 0.9045508804845042, 0.9698138929646263, 1.0, 1.0, 0.9583676774082095, 0.9407613352737074, 1.0, 1.0, 0.9370576952964131, 0.8573835536643046, 0.9443755095409017, 0.9543920430664012, 0.9370576952964131, 1.0, 0.8761569670973709, 0.8576767641936891, 1.0, 1.0, 1.0, 0.9472873156881443, 1.0, 0.9287546369958737, 1.0, 1.0, 0.7292149374693833, 1.0, 1.0, 1.0, 0.9653175874774487, 1.0, 1.0, 0.8684929871970886, 1.0, 1.0, 0.8045788816545087, 0.8648103351245982, 1.0, 1.0, 1.0, 0.6851513300845844, 0.9517918920357142, 1.0, 1.0, 0.7151340803413443, 0.9207265089204273, 1.0, 1.0, 1.0, 1.0, 1.0, 0.8684048223920162, 1.0, 0.8535922152441364, 0.8236711521266522, 1.0, 0.9470228248649237, 1.0, 1.0, 1.0, 0.8642470965743208, 0.9309949427736264, 1.0, 1.0, 1.0, 1.0, 0.9321212086381336, 0.9523104352365284, 0.6925131239952165, 1.0, 1.0, 1.0, 0.8212347889887717, 1.0, 0.9365809638486668, 1.0, 1.0, 0.557115595241456, 0.7810580026281693, 1.0, 1.0, 1.0, 1.0, 0.8736612972497941, 1.0, 1.0, 1.0, 1.0, 0.9693261143428569, 1.0, 1.0, 1.0, 1.0, 1.0, 1.0, 0.9215834056802388, 1.0, 1.0, 0.9149336239632064, 1.0, 1.0, 1.0, 1.0, 1.0, 0.7378414230005441, 0.9044642401339957, 1.0, 1.0, 0.8707360186992235, 0.8212347889887717, 1.0, 1.0, 0.8816015466501335, 1.0, 1.0, 1.0, 1.0, 1.0, 1.0, 0.829922431649786, 0.8482106094153985, 0.9468351265733028, 0.862347908057336, 1.0, 0.9170576952964131, 1.0, 0.9099697272423548, 0.8336806228783213, 1.0, 0.7486246705124127, 1.0, 1.0, 1.0, 1.0, 0.7345176572401336, 1.0, 1.0, 0.9207265089204273, 0.8311846501490564, 1.0, 1.0, 0.9562237378841005, 1.0, 1.0, 1.0, 1.0, 1.0, 0.8463836287468253, 1.0]
Finish training and take 29m
Namespace(log_name='./RQ5/sstubs_500_1/codet5p_770m_f.log', model_name='Salesforce/codet5p-770m', lang='java', output_dir='RQ5/sstubs_500_1/codet5p_770m_f', data_dir='./data/RQ5/sstubs_500_1', no_cuda=False, visible_gpu='0', add_task_prefix=False, add_lang_ids=False, num_train_epochs=10, num_test_epochs=10, train_batch_size=4, eval_batch_size=4, gradient_accumulation_steps=2, load_model_path=None, config_name='', tokenizer_name='', max_source_length=512, max_target_length=512, warm_up_ratio=0.1, do_train=True, do_eval=True, do_test=True, do_lower_case=False, learning_rate=5e-05, beam_size=10, weight_decay=0.0, adam_epsilon=1e-08, max_grad_norm=1.0, max_steps=-1, eval_steps=-1, train_steps=-1, local_rank=-1, seed=42, early_stop_threshold=3)
Process rank: -1, device: cuda, n_gpu: 1, distributed training: False, model_name: Salesforce/codet5p-770m
model created!
Total 500 training instances 
***** Running training *****
  Num examples = 500
  Batch size = 4
  Num epoch = 10

***** Running evaluation *****
  Num examples = 100
  Batch size = 4
  epoch = 0
  eval_ppl = 1.00032
  global_step = 126
  train_loss = 0.2782
  ********************
Previous best ppl:inf
Achieve Best ppl:1.00032
  ********************
BLEU file: ./data/RQ5/sstubs_500_1/validation.jsonl
  codebleu-4 = 90.9 	 Previous best codebleu 0
  ********************
 Achieve Best bleu:90.9
  ********************

***** Running evaluation *****
  Num examples = 100
  Batch size = 4
  epoch = 1
  eval_ppl = 1.00027
  global_step = 251
  train_loss = 0.0579
  ********************
Previous best ppl:1.00032
Achieve Best ppl:1.00027
  ********************
BLEU file: ./data/RQ5/sstubs_500_1/validation.jsonl
  codebleu-4 = 93.49 	 Previous best codebleu 90.9
  ********************
 Achieve Best bleu:93.49
  ********************

***** Running evaluation *****
  Num examples = 100
  Batch size = 4
  epoch = 2
  eval_ppl = 1.00028
  global_step = 376
  train_loss = 0.0236
  ********************
Previous best ppl:1.00027
BLEU file: ./data/RQ5/sstubs_500_1/validation.jsonl
  codebleu-4 = 95.48 	 Previous best codebleu 93.49
  ********************
 Achieve Best bleu:95.48
  ********************

***** Running evaluation *****
  Num examples = 100
  Batch size = 4
  epoch = 3
  eval_ppl = 1.00029
  global_step = 501
  train_loss = 0.0085
  ********************
Previous best ppl:1.00027
BLEU file: ./data/RQ5/sstubs_500_1/validation.jsonl
  codebleu-4 = 95.4 	 Previous best codebleu 95.48
  ********************

***** Running evaluation *****
  Num examples = 100
  Batch size = 4
  epoch = 4
  eval_ppl = 1.00029
  global_step = 626
  train_loss = 0.0059
  ********************
Previous best ppl:1.00027
BLEU file: ./data/RQ5/sstubs_500_1/validation.jsonl
  codebleu-4 = 95.78 	 Previous best codebleu 95.48
  ********************
 Achieve Best bleu:95.78
  ********************

***** Running evaluation *****
  Num examples = 100
  Batch size = 4
  epoch = 5
  eval_ppl = 1.00029
  global_step = 751
  train_loss = 0.0033
  ********************
Previous best ppl:1.00027
BLEU file: ./data/RQ5/sstubs_500_1/validation.jsonl
  codebleu-4 = 95.06 	 Previous best codebleu 95.78
  ********************

***** Running evaluation *****
  Num examples = 100
  Batch size = 4
  epoch = 6
  eval_ppl = 1.0003
  global_step = 876
  train_loss = 0.004
  ********************
Previous best ppl:1.00027
BLEU file: ./data/RQ5/sstubs_500_1/validation.jsonl
  codebleu-4 = 95.14 	 Previous best codebleu 95.78
  ********************

***** Running evaluation *****
  Num examples = 100
  Batch size = 4
  epoch = 7
  eval_ppl = 1.0003
  global_step = 1001
  train_loss = 0.0021
  ********************
Previous best ppl:1.00027
BLEU file: ./data/RQ5/sstubs_500_1/validation.jsonl
  codebleu-4 = 95.23 	 Previous best codebleu 95.78
  ********************
reload model from RQ5/sstubs_500_1/codet5p_770m_f/checkpoint-best-bleu
BLEU file: ./data/RQ5/sstubs_500_1/test.jsonl
  codebleu = 95.91 
  Total = 500 
  Exact Fixed = 329 
[1, 2, 3, 5, 6, 7, 8, 9, 10, 11, 12, 14, 15, 16, 17, 18, 20, 21, 22, 23, 24, 25, 27, 31, 32, 34, 35, 36, 37, 39, 42, 44, 45, 46, 47, 48, 49, 52, 53, 54, 55, 56, 58, 61, 62, 63, 64, 65, 67, 69, 70, 73, 75, 78, 79, 80, 82, 83, 84, 85, 87, 88, 89, 90, 92, 93, 94, 95, 96, 97, 100, 101, 102, 103, 104, 105, 106, 109, 110, 112, 113, 114, 115, 116, 118, 120, 125, 126, 127, 128, 129, 130, 131, 132, 135, 136, 138, 139, 140, 141, 144, 145, 148, 149, 152, 153, 154, 155, 156, 157, 158, 159, 160, 163, 165, 167, 169, 170, 172, 173, 174, 176, 177, 178, 179, 180, 183, 186, 188, 190, 192, 194, 195, 196, 197, 198, 201, 202, 203, 204, 205, 206, 208, 209, 211, 214, 215, 216, 217, 218, 219, 221, 224, 226, 228, 229, 230, 231, 232, 233, 237, 238, 239, 240, 241, 242, 243, 246, 247, 248, 249, 250, 251, 252, 254, 255, 256, 257, 259, 262, 263, 265, 266, 267, 268, 270, 275, 277, 278, 279, 280, 283, 285, 286, 287, 288, 289, 291, 292, 293, 295, 298, 302, 305, 306, 307, 308, 311, 312, 314, 315, 316, 318, 319, 321, 322, 323, 325, 327, 328, 329, 330, 333, 335, 336, 337, 338, 339, 340, 341, 342, 343, 344, 345, 346, 347, 350, 352, 355, 356, 359, 360, 366, 369, 370, 371, 373, 375, 376, 378, 379, 380, 382, 383, 385, 386, 389, 390, 391, 394, 395, 398, 399, 400, 401, 402, 404, 407, 409, 410, 411, 414, 415, 416, 417, 421, 422, 423, 425, 427, 428, 431, 432, 433, 434, 436, 437, 438, 439, 441, 442, 443, 444, 445, 446, 448, 449, 451, 452, 453, 454, 455, 458, 459, 462, 463, 465, 466, 467, 468, 469, 470, 475, 477, 480, 482, 483, 484, 485, 487, 488, 491, 492, 494, 495, 496, 497, 498, 500]
  Syntax Fixed = 1 
[81]
  Cleaned Fixed = 0 
[]
  ********************
  Total = 500 
  Exact Fixed = 329 
[1, 2, 3, 5, 6, 7, 8, 9, 10, 11, 12, 14, 15, 16, 17, 18, 20, 21, 22, 23, 24, 25, 27, 31, 32, 34, 35, 36, 37, 39, 42, 44, 45, 46, 47, 48, 49, 52, 53, 54, 55, 56, 58, 61, 62, 63, 64, 65, 67, 69, 70, 73, 75, 78, 79, 80, 82, 83, 84, 85, 87, 88, 89, 90, 92, 93, 94, 95, 96, 97, 100, 101, 102, 103, 104, 105, 106, 109, 110, 112, 113, 114, 115, 116, 118, 120, 125, 126, 127, 128, 129, 130, 131, 132, 135, 136, 138, 139, 140, 141, 144, 145, 148, 149, 152, 153, 154, 155, 156, 157, 158, 159, 160, 163, 165, 167, 169, 170, 172, 173, 174, 176, 177, 178, 179, 180, 183, 186, 188, 190, 192, 194, 195, 196, 197, 198, 201, 202, 203, 204, 205, 206, 208, 209, 211, 214, 215, 216, 217, 218, 219, 221, 224, 226, 228, 229, 230, 231, 232, 233, 237, 238, 239, 240, 241, 242, 243, 246, 247, 248, 249, 250, 251, 252, 254, 255, 256, 257, 259, 262, 263, 265, 266, 267, 268, 270, 275, 277, 278, 279, 280, 283, 285, 286, 287, 288, 289, 291, 292, 293, 295, 298, 302, 305, 306, 307, 308, 311, 312, 314, 315, 316, 318, 319, 321, 322, 323, 325, 327, 328, 329, 330, 333, 335, 336, 337, 338, 339, 340, 341, 342, 343, 344, 345, 346, 347, 350, 352, 355, 356, 359, 360, 366, 369, 370, 371, 373, 375, 376, 378, 379, 380, 382, 383, 385, 386, 389, 390, 391, 394, 395, 398, 399, 400, 401, 402, 404, 407, 409, 410, 411, 414, 415, 416, 417, 421, 422, 423, 425, 427, 428, 431, 432, 433, 434, 436, 437, 438, 439, 441, 442, 443, 444, 445, 446, 448, 449, 451, 452, 453, 454, 455, 458, 459, 462, 463, 465, 466, 467, 468, 469, 470, 475, 477, 480, 482, 483, 484, 485, 487, 488, 491, 492, 494, 495, 496, 497, 498, 500]
  Syntax Fixed = 1 
[81]
  Cleaned Fixed = 0 
[]
  codebleu = 95.91 
[1.0, 1.0, 1.0, 0.8947836446510709, 1.0, 1.0, 1.0, 1.0, 1.0, 1.0, 1.0, 1.0, 0.9167248063681421, 1.0, 1.0, 1.0, 1.0, 1.0, 0.9176675865658077, 1.0, 1.0, 1.0, 1.0, 1.0, 1.0, 0.7010984251778435, 1.0, 0.8484460283801449, 0.8665518607362566, 0.8763133788603765, 1.0, 1.0, 0.7099766481408452, 1.0, 1.0, 1.0, 1.0, 0.8651175442818166, 1.0, 0.9236426846280885, 0.9544887439837764, 1.0, 0.8641939857382575, 1.0, 1.0, 1.0, 1.0, 1.0, 1.0, 0.8472999580048346, 0.9261420415269246, 1.0, 1.0, 1.0, 1.0, 1.0, 0.8746806556337734, 1.0, 0.8484460283801449, 0.7491375710149024, 1.0, 1.0, 1.0, 1.0, 1.0, 0.8897268293826727, 1.0, 0.8961079319106557, 1.0, 1.0, 0.9544887439837764, 0.9151340803413444, 1.0, 0.7503432335009788, 1.0, 0.9783152785012215, 0.8348805422215138, 1.0, 1.0, 1.0, 0.9699899456986019, 1.0, 1.0, 1.0, 1.0, 0.9557161384210198, 1.0, 1.0, 1.0, 1.0, 0.8131726792272671, 1.0, 1.0, 1.0, 1.0, 1.0, 1.0, 0.9323598782946632, 0.9339261075829457, 1.0, 1.0, 1.0, 1.0, 1.0, 1.0, 1.0, 0.8845572237610086, 0.970114879479065, 1.0, 1.0, 0.8971311800146564, 1.0, 1.0, 1.0, 1.0, 1.0, 0.9364480358382332, 1.0, 0.936923058378295, 1.0, 0.6106880800400042, 0.9689323767297664, 0.963531800540206, 0.7726680042740901, 1.0, 1.0, 1.0, 1.0, 1.0, 1.0, 1.0, 1.0, 0.9733211546063425, 0.9469728550743763, 1.0, 1.0, 0.9524183912964097, 1.0, 1.0, 1.0, 1.0, 0.9326807851263892, 0.8703511904239886, 1.0, 1.0, 0.9019927469706532, 0.9375231838826312, 1.0, 1.0, 0.9357730833493334, 0.8825294735748568, 1.0, 1.0, 1.0, 1.0, 1.0, 1.0, 1.0, 1.0, 1.0, 0.9071590438599544, 0.8840834056802387, 1.0, 0.8617520551076281, 1.0, 0.8703234696280888, 1.0, 0.9498733743967636, 1.0, 1.0, 0.9587753838819759, 1.0, 1.0, 1.0, 0.7876421850012838, 1.0, 1.0, 1.0, 1.0, 1.0, 0.904775862258383, 0.9044642401339957, 1.0, 0.8722059305904497, 0.9396655654276309, 1.0, 0.9546221339246326, 1.0, 0.8544642401339957, 1.0, 0.8014447380383962, 1.0, 0.9581095565874824, 1.0, 1.0, 1.0, 1.0, 1.0, 0.7691559470359518, 0.8616715812772971, 1.0, 1.0, 1.0, 1.0, 1.0, 1.0, 0.9312991012532417, 1.0, 1.0, 0.769122578011458, 1.0, 0.8803078606169892, 0.9215834056802388, 1.0, 1.0, 1.0, 1.0, 1.0, 1.0, 0.8181144133703453, 1.0, 0.9656973569421463, 0.9407613352737074, 1.0, 0.7590096946794502, 1.0, 0.868765413173737, 1.0, 1.0, 1.0, 1.0, 1.0, 1.0, 0.884777214048037, 0.9725011474210121, 0.9498733743967636, 1.0, 1.0, 1.0, 1.0, 1.0, 1.0, 1.0, 0.8222725521291268, 0.9325400085710811, 1.0, 1.0, 1.0, 1.0, 1.0, 1.0, 1.0, 0.9600553834135903, 1.0, 1.0, 1.0, 1.0, 0.9583676774082095, 1.0, 0.8531462888634065, 0.8404979526305214, 1.0, 1.0, 0.9517918920357142, 1.0, 1.0, 1.0, 1.0, 0.8212636043254029, 1.0, 0.949068802064335, 0.9616136179279984, 0.6106880800400042, 0.8514121941588377, 1.0, 0.9213836287468253, 1.0, 1.0, 1.0, 1.0, 0.9321212086381336, 0.9600553834135903, 1.0, 0.8648103351245982, 1.0, 1.0, 1.0, 1.0, 1.0, 0.7016265496309229, 1.0, 1.0, 1.0, 0.9497338034253828, 1.0, 0.9439975336408695, 0.9543920430664012, 1.0, 0.8439565321244622, 0.8523636516116309, 0.9601466755014141, 1.0, 0.9332624127367197, 0.8376615528688169, 1.0, 1.0, 1.0, 1.0, 0.9056583090096291, 0.7026615485512439, 1.0, 1.0, 0.7944107194467429, 1.0, 1.0, 1.0, 0.8784503390575601, 1.0, 1.0, 0.9211131842675646, 1.0, 1.0, 1.0, 0.8056751756510949, 1.0, 0.8953661348226227, 1.0, 1.0, 1.0, 1.0, 0.9630476148256921, 0.9056583090096291, 1.0, 0.8215803485831588, 1.0, 1.0, 1.0, 1.0, 1.0, 1.0, 1.0, 1.0, 1.0, 1.0, 1.0, 1.0, 1.0, 0.8236711521266522, 0.9059642451028274, 1.0, 0.9404330472606062, 1.0, 0.9045508804845042, 0.9698138929646263, 1.0, 1.0, 0.9583676774082095, 0.9407613352737074, 1.0, 1.0, 0.9370576952964131, 0.8573835536643046, 0.9443755095409017, 0.9543920430664012, 0.9370576952964131, 1.0, 0.8761569670973709, 0.8576767641936891, 1.0, 1.0, 1.0, 0.9472873156881443, 1.0, 0.9287546369958737, 1.0, 1.0, 0.7292149374693833, 1.0, 1.0, 1.0, 0.9653175874774487, 1.0, 1.0, 0.8684929871970886, 1.0, 1.0, 0.8045788816545087, 0.8648103351245982, 1.0, 1.0, 1.0, 0.6851513300845844, 0.9517918920357142, 1.0, 1.0, 0.7151340803413443, 0.9207265089204273, 1.0, 1.0, 1.0, 1.0, 1.0, 0.8684048223920162, 1.0, 0.8535922152441364, 0.8236711521266522, 1.0, 0.9470228248649237, 1.0, 1.0, 1.0, 0.8642470965743208, 0.9309949427736264, 1.0, 1.0, 1.0, 1.0, 0.9321212086381336, 0.9523104352365284, 0.6925131239952165, 1.0, 1.0, 1.0, 0.8212347889887717, 1.0, 0.9365809638486668, 1.0, 1.0, 0.557115595241456, 0.7810580026281693, 1.0, 1.0, 1.0, 1.0, 0.8736612972497941, 1.0, 1.0, 1.0, 1.0, 0.9693261143428569, 1.0, 1.0, 1.0, 1.0, 1.0, 1.0, 0.9215834056802388, 1.0, 1.0, 0.9149336239632064, 1.0, 1.0, 1.0, 1.0, 1.0, 0.7378414230005441, 0.9044642401339957, 1.0, 1.0, 0.8707360186992235, 0.8212347889887717, 1.0, 1.0, 0.8816015466501335, 1.0, 1.0, 1.0, 1.0, 1.0, 1.0, 0.829922431649786, 0.8482106094153985, 0.9468351265733028, 0.862347908057336, 1.0, 0.9170576952964131, 1.0, 0.9099697272423548, 0.8336806228783213, 1.0, 0.7486246705124127, 1.0, 1.0, 1.0, 1.0, 0.7345176572401336, 1.0, 1.0, 0.9207265089204273, 0.9061846501490565, 1.0, 1.0, 0.9562237378841005, 1.0, 1.0, 1.0, 1.0, 1.0, 0.9213836287468253, 1.0]
Finish training and take 32m
