Namespace(log_name='./RQ5/bugsinpy_500_3/codet5p_770m_f.log', model_name='Salesforce/codet5p-770m', lang='python', output_dir='RQ5/bugsinpy_500_3/codet5p_770m_f', data_dir='./data/RQ5/bugsinpy_500_3', no_cuda=False, visible_gpu='0', add_task_prefix=False, add_lang_ids=False, num_train_epochs=10, num_test_epochs=10, train_batch_size=4, eval_batch_size=4, gradient_accumulation_steps=2, load_model_path=None, config_name='', tokenizer_name='', max_source_length=512, max_target_length=512, warm_up_ratio=0.1, do_train=True, do_eval=True, do_test=True, do_lower_case=False, learning_rate=5e-05, beam_size=10, weight_decay=0.0, adam_epsilon=1e-08, max_grad_norm=1.0, max_steps=-1, eval_steps=-1, train_steps=-1, local_rank=-1, seed=42, early_stop_threshold=2)
Process rank: -1, device: cuda, n_gpu: 1, distributed training: False, model_name: Salesforce/codet5p-770m
model created!
Total 500 training instances 
***** Running training *****
  Num examples = 500
  Batch size = 4
  Num epoch = 10

***** Running evaluation *****
  Num examples = 100
  Batch size = 4
  epoch = 0
  eval_ppl = 1.00098
  global_step = 126
  train_loss = 0.561
  ********************
Previous best ppl:inf
Achieve Best ppl:1.00098
  ********************
BLEU file: ./data/RQ5/bugsinpy_500_3/validation.jsonl
  codebleu-4 = 76.77 	 Previous best codebleu 0
  ********************
 Achieve Best bleu:76.77
  ********************

***** Running evaluation *****
  Num examples = 100
  Batch size = 4
  epoch = 1
  eval_ppl = 1.00091
  global_step = 251
  train_loss = 0.2924
  ********************
Previous best ppl:1.00098
Achieve Best ppl:1.00091
  ********************
BLEU file: ./data/RQ5/bugsinpy_500_3/validation.jsonl
  codebleu-4 = 76.32 	 Previous best codebleu 76.77
  ********************

***** Running evaluation *****
  Num examples = 100
  Batch size = 4
  epoch = 2
  eval_ppl = 1.00097
  global_step = 376
  train_loss = 0.1541
  ********************
Previous best ppl:1.00091
BLEU file: ./data/RQ5/bugsinpy_500_3/validation.jsonl
  codebleu-4 = 79.48 	 Previous best codebleu 76.77
  ********************
 Achieve Best bleu:79.48
  ********************

***** Running evaluation *****
  Num examples = 100
  Batch size = 4
  epoch = 3
  eval_ppl = 1.00103
  global_step = 501
  train_loss = 0.0906
  ********************
Previous best ppl:1.00091
BLEU file: ./data/RQ5/bugsinpy_500_3/validation.jsonl
  codebleu-4 = 79.91 	 Previous best codebleu 79.48
  ********************
 Achieve Best bleu:79.91
  ********************

***** Running evaluation *****
  Num examples = 100
  Batch size = 4
  epoch = 4
  eval_ppl = 1.00105
  global_step = 626
  train_loss = 0.0518
  ********************
Previous best ppl:1.00091
BLEU file: ./data/RQ5/bugsinpy_500_3/validation.jsonl
  codebleu-4 = 79.18 	 Previous best codebleu 79.91
  ********************

***** Running evaluation *****
  Num examples = 100
  Batch size = 4
  epoch = 5
  eval_ppl = 1.00112
  global_step = 751
  train_loss = 0.0305
  ********************
Previous best ppl:1.00091
BLEU file: ./data/RQ5/bugsinpy_500_3/validation.jsonl
  codebleu-4 = 78.92 	 Previous best codebleu 79.91
  ********************
reload model from RQ5/bugsinpy_500_3/codet5p_770m_f/checkpoint-best-bleu
BLEU file: ./data/RQ5/bugsinpy_500_3/test.jsonl
  codebleu = 79.0 
  Total = 117 
  Exact Fixed = 13 
[29, 35, 58, 66, 73, 79, 85, 86, 91, 98, 107, 109, 116]
  Syntax Fixed = 1 
[62]
  Cleaned Fixed = 0 
[]
  ********************
  Total = 117 
  Exact Fixed = 13 
[29, 35, 58, 66, 73, 79, 85, 86, 91, 98, 107, 109, 116]
  Syntax Fixed = 1 
[62]
  Cleaned Fixed = 0 
[]
  codebleu = 79.0 
[0.8856389378075658, 0.891471971382207, 0.788050295413492, 0.7042953619649426, 0.8814955038434287, 0.9666856331752072, 0.8744879458107344, 0.8631855387221548, 0.7154493482861721, 0.5037077119806818, 0.8962096929024133, 0.57439208387117, 0.7398658182365634, 0.0899658109707887, 0.7093853536262804, 0.8808919461147899, 0.9056583090096291, 0.5950210832270814, 0.8300101016746005, 0.9204219587780458, 0.8834124216164225, 0.9085800872774439, 0.7567533498253904, 0.6883720951974961, 0.9063467386633746, 0.6502002482190439, 0.8362747318435784, 0.8220490209301381, 1.0, 0.7572098935987482, 0.8231560738418289, 0.7504067254288294, 0.6853803599169206, 0.7714650156104186, 1.0, 0.7768711691119308, 0.9576203437853759, 0.9411542454583528, 0.7205089220380079, 0.8387450644384746, 0.7132642165763982, 0.878865255109752, 0.7748639089960065, 0.9142445273649933, 0.7443181170763433, 0.6441425627537012, 0.7520456315632097, 0.39686614731832626, 0.782053171927164, 0.47166395418323315, 0.6508693332230462, 0.7225931341121177, 0.8773104352365284, 0.8434652034268404, 0.8385834949297515, 0.9474759345795825, 0.8077895563342797, 1.0, 0.8573638305228279, 0.5117566728908322, 0.841670026056943, 0.9441518237028776, 0.8234479137638847, 0.6026966865919932, 0.4545507520171642, 1.0, 0.9472873156881443, 0.7715012035371895, 0.8804732693207689, 0.8871978499693505, 0.9178662308912058, 0.7449734989717058, 1.0, 0.8594942629236695, 0.8358395384567638, 0.8107806147142924, 0.7531797171538064, 0.2977788905872532, 1.0, 0.6994074932894399, 0.8475332565755729, 0.8311846501490564, 0.7318286091585733, 0.8971695160234401, 1.0, 1.0, 0.9476860986705828, 0.676525822803221, 0.4381828576433065, 0.8642706682188466, 1.0, 0.7896354401872717, 0.8096114788906146, 0.6374410208386678, 0.6939112308588368, 0.4853955805801071, 0.7420541780659815, 1.0, 0.6439391185600173, 0.4935991892242142, 0.9390331079602834, 0.7639654153934541, 0.7164493834577911, 0.8548397899287874, 0.6728230800934798, 0.7953587603777192, 1.0, 0.7332519354895861, 1.0, 0.884250182279102, 0.8255369674887578, 0.5822983988142723, 0.8300638244826566, 0.8789801838086921, 0.7243849758480987, 1.0, 0.8052050509144788]
Finish training and take 24m
