Namespace(log_name='./RQ5/python_10/f2_codet5p_220m.log', model_name='Salesforce/codet5p-220m', lang='java', output_dir='RQ5/python_10/f2_codet5p_220m', data_dir='./data/RQ5/python_10_2', no_cuda=False, visible_gpu='0', add_task_prefix=False, add_lang_ids=False, num_train_epochs=10, num_test_epochs=10, train_batch_size=8, eval_batch_size=4, gradient_accumulation_steps=2, load_model_path=None, config_name='', tokenizer_name='', max_source_length=128, max_target_length=128, warm_up_ratio=0.1, do_train=True, do_eval=True, do_test=True, do_lower_case=False, learning_rate=5e-05, beam_size=10, weight_decay=0.0, adam_epsilon=1e-08, max_grad_norm=1.0, max_steps=-1, eval_steps=-1, train_steps=-1, local_rank=-1, seed=42, early_stop_threshold=3)
Process rank: -1, device: cuda, n_gpu: 1, distributed training: False, model_name: Salesforce/codet5p-220m
model created!
Total 10 training instances 
***** Running training *****
  Num examples = 10
  Batch size = 8
  Num epoch = 10

***** Running evaluation *****
  Num examples = 103
  Batch size = 4
  epoch = 0
  eval_ppl = 1.00267
  global_step = 2
  train_loss = 1.3618
  ********************
Previous best ppl:inf
Achieve Best ppl:1.00267
  ********************
BLEU file: ./data/RQ5/python_10_2/validation.jsonl
  codebleu-4 = 9.64 	 Previous best codebleu 0
  ********************
 Achieve Best bleu:9.64
  ********************

***** Running evaluation *****
  Num examples = 103
  Batch size = 4
  epoch = 1
  eval_ppl = 1.00206
  global_step = 3
  train_loss = 1.4241
  ********************
Previous best ppl:1.00267
Achieve Best ppl:1.00206
  ********************
BLEU file: ./data/RQ5/python_10_2/validation.jsonl
  codebleu-4 = 13.17 	 Previous best codebleu 9.64
  ********************
 Achieve Best bleu:13.17
  ********************

***** Running evaluation *****
  Num examples = 103
  Batch size = 4
  epoch = 2
  eval_ppl = 1.00192
  global_step = 4
  train_loss = 1.1086
  ********************
Previous best ppl:1.00206
Achieve Best ppl:1.00192
  ********************
BLEU file: ./data/RQ5/python_10_2/validation.jsonl
  codebleu-4 = 23.01 	 Previous best codebleu 13.17
  ********************
 Achieve Best bleu:23.01
  ********************

***** Running evaluation *****
  Num examples = 103
  Batch size = 4
  epoch = 3
  eval_ppl = 1.00185
  global_step = 5
  train_loss = 0.9214
  ********************
Previous best ppl:1.00192
Achieve Best ppl:1.00185
  ********************
BLEU file: ./data/RQ5/python_10_2/validation.jsonl
Namespace(log_name='./RQ5/python_10/f2_codet5p_220m.log', model_name='Salesforce/codet5p-220m', lang='python', output_dir='RQ5/python_10/f2_codet5p_220m', data_dir='./data/RQ5/python_10_2', no_cuda=False, visible_gpu='0', add_task_prefix=False, add_lang_ids=False, num_train_epochs=10, num_test_epochs=10, train_batch_size=8, eval_batch_size=4, gradient_accumulation_steps=2, load_model_path=None, config_name='', tokenizer_name='', max_source_length=128, max_target_length=128, warm_up_ratio=0.1, do_train=True, do_eval=True, do_test=True, do_lower_case=False, learning_rate=5e-05, beam_size=10, weight_decay=0.0, adam_epsilon=1e-08, max_grad_norm=1.0, max_steps=-1, eval_steps=-1, train_steps=-1, local_rank=-1, seed=42, early_stop_threshold=3)
Process rank: -1, device: cuda, n_gpu: 1, distributed training: False, model_name: Salesforce/codet5p-220m
model created!
Total 10 training instances 
***** Running training *****
  Num examples = 10
  Batch size = 8
  Num epoch = 10

***** Running evaluation *****
  Num examples = 103
  Batch size = 4
  epoch = 0
  eval_ppl = 1.00267
  global_step = 2
  train_loss = 1.3618
  ********************
Previous best ppl:inf
Achieve Best ppl:1.00267
  ********************
BLEU file: ./data/RQ5/python_10_2/validation.jsonl
Namespace(log_name='./RQ5/python_10/f2_codet5p_220m.log', model_name='Salesforce/codet5p-220m', lang='python', output_dir='RQ5/python_10/f2_codet5p_220m', data_dir='./data/RQ5/python_10_2', no_cuda=False, visible_gpu='0', add_task_prefix=False, add_lang_ids=False, num_train_epochs=10, num_test_epochs=10, train_batch_size=8, eval_batch_size=4, gradient_accumulation_steps=2, load_model_path=None, config_name='', tokenizer_name='', max_source_length=128, max_target_length=128, warm_up_ratio=0.1, do_train=True, do_eval=True, do_test=True, do_lower_case=False, learning_rate=5e-05, beam_size=10, weight_decay=0.0, adam_epsilon=1e-08, max_grad_norm=1.0, max_steps=-1, eval_steps=-1, train_steps=-1, local_rank=-1, seed=42, early_stop_threshold=3)
Process rank: -1, device: cuda, n_gpu: 1, distributed training: False, model_name: Salesforce/codet5p-220m
model created!
Total 10 training instances 
***** Running training *****
  Num examples = 10
  Batch size = 8
  Num epoch = 10

***** Running evaluation *****
  Num examples = 103
  Batch size = 4
  epoch = 0
  eval_ppl = 1.00267
  global_step = 2
  train_loss = 1.3618
  ********************
Previous best ppl:inf
Achieve Best ppl:1.00267
  ********************
BLEU file: ./data/RQ5/python_10_2/validation.jsonl
  codebleu-4 = 12.87 	 Previous best codebleu 0
  ********************
 Achieve Best bleu:12.87
  ********************

***** Running evaluation *****
  Num examples = 103
  Batch size = 4
  epoch = 1
  eval_ppl = 1.00206
  global_step = 3
  train_loss = 1.4241
  ********************
Previous best ppl:1.00267
Achieve Best ppl:1.00206
  ********************
BLEU file: ./data/RQ5/python_10_2/validation.jsonl
  codebleu-4 = 17.26 	 Previous best codebleu 12.87
  ********************
 Achieve Best bleu:17.26
  ********************

***** Running evaluation *****
  Num examples = 103
  Batch size = 4
  epoch = 2
  eval_ppl = 1.00192
  global_step = 4
  train_loss = 1.1086
  ********************
Previous best ppl:1.00206
Achieve Best ppl:1.00192
  ********************
BLEU file: ./data/RQ5/python_10_2/validation.jsonl
  codebleu-4 = 28.22 	 Previous best codebleu 17.26
  ********************
 Achieve Best bleu:28.22
  ********************

***** Running evaluation *****
  Num examples = 103
  Batch size = 4
  epoch = 3
  eval_ppl = 1.00185
  global_step = 5
  train_loss = 0.9214
  ********************
Previous best ppl:1.00192
Achieve Best ppl:1.00185
  ********************
BLEU file: ./data/RQ5/python_10_2/validation.jsonl
  codebleu-4 = 29.42 	 Previous best codebleu 28.22
  ********************
 Achieve Best bleu:29.42
  ********************

***** Running evaluation *****
  Num examples = 103
  Batch size = 4
  epoch = 4
  eval_ppl = 1.00178
  global_step = 6
  train_loss = 0.6596
  ********************
Previous best ppl:1.00185
Achieve Best ppl:1.00178
  ********************
BLEU file: ./data/RQ5/python_10_2/validation.jsonl
  codebleu-4 = 34.83 	 Previous best codebleu 29.42
  ********************
 Achieve Best bleu:34.83
  ********************

***** Running evaluation *****
  Num examples = 103
  Batch size = 4
  epoch = 5
  eval_ppl = 1.00175
  global_step = 7
  train_loss = 0.6623
  ********************
Previous best ppl:1.00178
Achieve Best ppl:1.00175
  ********************
BLEU file: ./data/RQ5/python_10_2/validation.jsonl
  codebleu-4 = 40.43 	 Previous best codebleu 34.83
  ********************
 Achieve Best bleu:40.43
  ********************

***** Running evaluation *****
  Num examples = 103
  Batch size = 4
  epoch = 6
  eval_ppl = 1.00172
  global_step = 8
  train_loss = 0.6457
  ********************
Previous best ppl:1.00175
Achieve Best ppl:1.00172
  ********************
BLEU file: ./data/RQ5/python_10_2/validation.jsonl
  codebleu-4 = 46.92 	 Previous best codebleu 40.43
  ********************
 Achieve Best bleu:46.92
  ********************

***** Running evaluation *****
  Num examples = 103
  Batch size = 4
  epoch = 7
  eval_ppl = 1.00171
  global_step = 9
  train_loss = 0.5497
  ********************
Previous best ppl:1.00172
Achieve Best ppl:1.00171
  ********************
BLEU file: ./data/RQ5/python_10_2/validation.jsonl
  codebleu-4 = 53.22 	 Previous best codebleu 46.92
  ********************
 Achieve Best bleu:53.22
  ********************

***** Running evaluation *****
  Num examples = 103
  Batch size = 4
  epoch = 8
  eval_ppl = 1.00171
  global_step = 10
  train_loss = 0.5298
  ********************
Previous best ppl:1.00171
Achieve Best ppl:1.00171
  ********************
BLEU file: ./data/RQ5/python_10_2/validation.jsonl
  codebleu-4 = 57.04 	 Previous best codebleu 53.22
  ********************
 Achieve Best bleu:57.04
  ********************

***** Running evaluation *****
  Num examples = 103
  Batch size = 4
  epoch = 9
  eval_ppl = 1.0017
  global_step = 11
  train_loss = 0.4431
  ********************
Previous best ppl:1.00171
Achieve Best ppl:1.0017
  ********************
BLEU file: ./data/RQ5/python_10_2/validation.jsonl
  codebleu-4 = 57.37 	 Previous best codebleu 57.04
  ********************
 Achieve Best bleu:57.37
  ********************
reload model from RQ5/python_10/f2_codet5p_220m/checkpoint-best-bleu
BLEU file: ./data/RQ5/python_10_2/test.jsonl
  codebleu = 57.97 
  Total = 113 
  Exact Fixed = 0 
[]
  Syntax Fixed = 0 
[]
  Cleaned Fixed = 0 
[]
  ********************
  Total = 113 
  Exact Fixed = 0 
[]
  Syntax Fixed = 0 
[]
  Cleaned Fixed = 0 
[]
  codebleu = 57.97 
[0.6728230800934798, 0.8834124216164225, 0.7504067254288294, 0.47166395418323315, 0.215792259100335, 0.892134025359403, 0.8674433454759134, 0.36566356461892024, 0.5571314709024371, 0.7953587603777192, 0.7714650156104186, 0.24294252510872083, 0.8475864225311183, 0.7768711691119308, 0.6883720951974961, 0.8673208349360431, 0.5814410360649169, 0.302294506779862, 0.6798907668533658, 0.8884573785188872, 0.29341625082188516, 0.7520456315632097, 0.5191830995949678, 0.5233429790405228, 0.8234479137638847, 0.05655569772511265, 0.4545507520171642, 0.7711221670600811, 0.2120110323888025, 0.5242858618777545, 0.7502249062515224, 0.8808919461147899, 0.7420541780659815, 0.8231560738418289, 0.1409803996423016, 0.4108489971553696, 0.26294110449010616, 0.7507982187182929, 0.9142445273649933, 0.7093853536262804, 0.788050295413492, 0.32587256648060403, 0.3218236096778031, 0.38112436984431913, 0.3778129901811716, 0.7715012035371895, 0.8077895563342797, 0.6323479512961402, 0.549916846856608, 0.4152377725154969, 0.3317471689296842, 0.7473347403932113, 0.7585846389475988, 0.515599849811825, 0.3149002001423663, 0.5117566728908322, 0.9085800872774439, 0.3478167025731783, 0.6343755949530683, 0.860117164263619, 0.845087053073633, 0.13254707296109913, 0.6356257812621184, 0.435794370343859, 0.8475332565755729, 0.7516247885312668, 0.303768572597393, 0.7890278782295435, 0.6095092370668922, 0.5750974938187585, 0.12059549951555515, 0.2603916499159126, 0.9472873156881443, 0.676525822803221, 0.228671909859266, 0.49150427670545643, 0.8096114788906146, 0.9056583090096291, 0.7449734989717058, 0.8912022993575596, 0.8727790091136098, 0.2486125169950757, 0.7738279988463377, 0.2812624292965639, 0.21363360979101498, 0.32168002191289596, 0.4917701007895387, 0.20253794855155258, 0.856100389882164, 0.9178662308912058, 0.8282346736174131, 0.8021170040829606, 0.6270815708564327, 0.891471971382207, 0.37554213829701466, 0.6681132355706977, 0.7295586116525126, 0.2924092384559586, 0.2577352814023395, 0.8385834949297515, 0.7225931341121177, 0.7768277736984348, 0.31742086357421956, 0.3182866335263333, 0.8300101016746005, 0.27633137258918644, 0.4346724524311052, 0.18197994671315293, 0.15498329488007892, 0.3037502066831362, 0.2735345731031652, 0.7669617847742995, 0.9244980214694567]
Finish training and take 42m
