Namespace(log_name='./RQ5/python_10/f3_codet5p_220m.log', model_name='Salesforce/codet5p-220m', lang='java', output_dir='RQ5/python_10/f3_codet5p_220m', data_dir='./data/RQ5/python_10_3', no_cuda=False, visible_gpu='0', add_task_prefix=False, add_lang_ids=False, num_train_epochs=10, num_test_epochs=10, train_batch_size=8, eval_batch_size=4, gradient_accumulation_steps=2, load_model_path=None, config_name='', tokenizer_name='', max_source_length=128, max_target_length=128, warm_up_ratio=0.1, do_train=True, do_eval=True, do_test=True, do_lower_case=False, learning_rate=5e-05, beam_size=10, weight_decay=0.0, adam_epsilon=1e-08, max_grad_norm=1.0, max_steps=-1, eval_steps=-1, train_steps=-1, local_rank=-1, seed=42, early_stop_threshold=3)
Process rank: -1, device: cuda, n_gpu: 1, distributed training: False, model_name: Salesforce/codet5p-220m
model created!
Total 10 training instances 
***** Running training *****
  Num examples = 10
  Batch size = 8
  Num epoch = 10

***** Running evaluation *****
  Num examples = 103
  Batch size = 4
  epoch = 0
  eval_ppl = 1.00267
  global_step = 2
  train_loss = 1.3293
  ********************
Previous best ppl:inf
Achieve Best ppl:1.00267
  ********************
BLEU file: ./data/RQ5/python_10_3/validation.jsonl
  codebleu-4 = 9.4 	 Previous best codebleu 0
  ********************
 Achieve Best bleu:9.4
  ********************

***** Running evaluation *****
  Num examples = 103
  Batch size = 4
  epoch = 1
  eval_ppl = 1.00208
  global_step = 3
  train_loss = 1.36
  ********************
Previous best ppl:1.00267
Achieve Best ppl:1.00208
  ********************
BLEU file: ./data/RQ5/python_10_3/validation.jsonl
  codebleu-4 = 14.86 	 Previous best codebleu 9.4
  ********************
 Achieve Best bleu:14.86
  ********************

***** Running evaluation *****
  Num examples = 103
  Batch size = 4
  epoch = 2
  eval_ppl = 1.00197
  global_step = 4
  train_loss = 0.9679
  ********************
Previous best ppl:1.00208
Achieve Best ppl:1.00197
  ********************
BLEU file: ./data/RQ5/python_10_3/validation.jsonl
  codebleu-4 = 23.09 	 Previous best codebleu 14.86
  ********************
 Achieve Best bleu:23.09
  ********************

***** Running evaluation *****
  Num examples = 103
  Batch size = 4
  epoch = 3
  eval_ppl = 1.00188
  global_step = 5
  train_loss = 0.7524
  ********************
Previous best ppl:1.00197
Achieve Best ppl:1.00188
  ********************
BLEU file: ./data/RQ5/python_10_3/validation.jsonl
  codebleu-4 = 24.35 	 Previous best codebleu 23.09
  ********************
 Achieve Best bleu:24.35
  ********************

***** Running evaluation *****
  Num examples = 103
  Batch size = 4
  epoch = 4
  eval_ppl = 1.00182
  global_step = 6
  train_loss = 0.7144
  ********************
Previous best ppl:1.00188
Achieve Best ppl:1.00182
  ********************
BLEU file: ./data/RQ5/python_10_3/validation.jsonl
Namespace(log_name='./RQ5/python_10/f3_codet5p_220m.log', model_name='Salesforce/codet5p-220m', lang='python', output_dir='RQ5/python_10/f3_codet5p_220m', data_dir='./data/RQ5/python_10_3', no_cuda=False, visible_gpu='0', add_task_prefix=False, add_lang_ids=False, num_train_epochs=10, num_test_epochs=10, train_batch_size=8, eval_batch_size=4, gradient_accumulation_steps=2, load_model_path=None, config_name='', tokenizer_name='', max_source_length=128, max_target_length=128, warm_up_ratio=0.1, do_train=True, do_eval=True, do_test=True, do_lower_case=False, learning_rate=5e-05, beam_size=10, weight_decay=0.0, adam_epsilon=1e-08, max_grad_norm=1.0, max_steps=-1, eval_steps=-1, train_steps=-1, local_rank=-1, seed=42, early_stop_threshold=3)
Process rank: -1, device: cuda, n_gpu: 1, distributed training: False, model_name: Salesforce/codet5p-220m
model created!
Total 10 training instances 
***** Running training *****
  Num examples = 10
  Batch size = 8
  Num epoch = 10

***** Running evaluation *****
  Num examples = 103
  Batch size = 4
  epoch = 0
  eval_ppl = 1.00267
  global_step = 2
  train_loss = 1.3293
  ********************
Previous best ppl:inf
Achieve Best ppl:1.00267
  ********************
BLEU file: ./data/RQ5/python_10_3/validation.jsonl
Namespace(log_name='./RQ5/python_10/f3_codet5p_220m.log', model_name='Salesforce/codet5p-220m', lang='python', output_dir='RQ5/python_10/f3_codet5p_220m', data_dir='./data/RQ5/python_10_3', no_cuda=False, visible_gpu='0', add_task_prefix=False, add_lang_ids=False, num_train_epochs=10, num_test_epochs=10, train_batch_size=8, eval_batch_size=4, gradient_accumulation_steps=2, load_model_path=None, config_name='', tokenizer_name='', max_source_length=128, max_target_length=128, warm_up_ratio=0.1, do_train=True, do_eval=True, do_test=True, do_lower_case=False, learning_rate=5e-05, beam_size=10, weight_decay=0.0, adam_epsilon=1e-08, max_grad_norm=1.0, max_steps=-1, eval_steps=-1, train_steps=-1, local_rank=-1, seed=42, early_stop_threshold=3)
Process rank: -1, device: cuda, n_gpu: 1, distributed training: False, model_name: Salesforce/codet5p-220m
model created!
Total 10 training instances 
***** Running training *****
  Num examples = 10
  Batch size = 8
  Num epoch = 10

***** Running evaluation *****
  Num examples = 103
  Batch size = 4
  epoch = 0
  eval_ppl = 1.00267
  global_step = 2
  train_loss = 1.3293
  ********************
Previous best ppl:inf
Achieve Best ppl:1.00267
  ********************
BLEU file: ./data/RQ5/python_10_3/validation.jsonl
Namespace(log_name='./RQ5/python_10/f3_codet5p_220m.log', model_name='Salesforce/codet5p-220m', lang='python', output_dir='RQ5/python_10/f3_codet5p_220m', data_dir='./data/RQ5/python_10_3', no_cuda=False, visible_gpu='0', add_task_prefix=False, add_lang_ids=False, num_train_epochs=10, num_test_epochs=10, train_batch_size=8, eval_batch_size=4, gradient_accumulation_steps=2, load_model_path=None, config_name='', tokenizer_name='', max_source_length=128, max_target_length=128, warm_up_ratio=0.1, do_train=True, do_eval=True, do_test=True, do_lower_case=False, learning_rate=5e-05, beam_size=10, weight_decay=0.0, adam_epsilon=1e-08, max_grad_norm=1.0, max_steps=-1, eval_steps=-1, train_steps=-1, local_rank=-1, seed=42, early_stop_threshold=3)
Process rank: -1, device: cuda, n_gpu: 1, distributed training: False, model_name: Salesforce/codet5p-220m
model created!
Total 10 training instances 
***** Running training *****
  Num examples = 10
  Batch size = 8
  Num epoch = 10

***** Running evaluation *****
  Num examples = 103
  Batch size = 4
  epoch = 0
  eval_ppl = 1.00267
  global_step = 2
  train_loss = 1.3293
  ********************
Previous best ppl:inf
Achieve Best ppl:1.00267
  ********************
BLEU file: ./data/RQ5/python_10_3/validation.jsonl
  codebleu-4 = 12.87 	 Previous best codebleu 0
  ********************
 Achieve Best bleu:12.87
  ********************

***** Running evaluation *****
  Num examples = 103
  Batch size = 4
  epoch = 1
  eval_ppl = 1.00208
  global_step = 3
  train_loss = 1.36
  ********************
Previous best ppl:1.00267
Achieve Best ppl:1.00208
  ********************
BLEU file: ./data/RQ5/python_10_3/validation.jsonl
  codebleu-4 = 18.63 	 Previous best codebleu 12.87
  ********************
 Achieve Best bleu:18.63
  ********************

***** Running evaluation *****
  Num examples = 103
  Batch size = 4
  epoch = 2
  eval_ppl = 1.00197
  global_step = 4
  train_loss = 0.9679
  ********************
Previous best ppl:1.00208
Achieve Best ppl:1.00197
  ********************
BLEU file: ./data/RQ5/python_10_3/validation.jsonl
  codebleu-4 = 27.0 	 Previous best codebleu 18.63
  ********************
 Achieve Best bleu:27.0
  ********************

***** Running evaluation *****
  Num examples = 103
  Batch size = 4
  epoch = 3
  eval_ppl = 1.00188
  global_step = 5
  train_loss = 0.7524
  ********************
Previous best ppl:1.00197
Achieve Best ppl:1.00188
  ********************
BLEU file: ./data/RQ5/python_10_3/validation.jsonl
  codebleu-4 = 29.46 	 Previous best codebleu 27.0
  ********************
 Achieve Best bleu:29.46
  ********************

***** Running evaluation *****
  Num examples = 103
  Batch size = 4
  epoch = 4
  eval_ppl = 1.00182
  global_step = 6
  train_loss = 0.7144
  ********************
Previous best ppl:1.00188
Achieve Best ppl:1.00182
  ********************
BLEU file: ./data/RQ5/python_10_3/validation.jsonl
  codebleu-4 = 30.43 	 Previous best codebleu 29.46
  ********************
 Achieve Best bleu:30.43
  ********************

***** Running evaluation *****
  Num examples = 103
  Batch size = 4
  epoch = 5
  eval_ppl = 1.00178
  global_step = 7
  train_loss = 0.5901
  ********************
Previous best ppl:1.00182
Achieve Best ppl:1.00178
  ********************
BLEU file: ./data/RQ5/python_10_3/validation.jsonl
  codebleu-4 = 32.48 	 Previous best codebleu 30.43
  ********************
 Achieve Best bleu:32.48
  ********************

***** Running evaluation *****
  Num examples = 103
  Batch size = 4
  epoch = 6
  eval_ppl = 1.00176
  global_step = 8
  train_loss = 0.6699
  ********************
Previous best ppl:1.00178
Achieve Best ppl:1.00176
  ********************
BLEU file: ./data/RQ5/python_10_3/validation.jsonl
  codebleu-4 = 36.1 	 Previous best codebleu 32.48
  ********************
 Achieve Best bleu:36.1
  ********************

***** Running evaluation *****
  Num examples = 103
  Batch size = 4
  epoch = 7
  eval_ppl = 1.00175
  global_step = 9
  train_loss = 0.5527
  ********************
Previous best ppl:1.00176
Achieve Best ppl:1.00175
  ********************
BLEU file: ./data/RQ5/python_10_3/validation.jsonl
  codebleu-4 = 40.78 	 Previous best codebleu 36.1
  ********************
 Achieve Best bleu:40.78
  ********************

***** Running evaluation *****
  Num examples = 103
  Batch size = 4
  epoch = 8
  eval_ppl = 1.00174
  global_step = 10
  train_loss = 0.5124
  ********************
Previous best ppl:1.00175
Achieve Best ppl:1.00174
  ********************
BLEU file: ./data/RQ5/python_10_3/validation.jsonl
  codebleu-4 = 43.21 	 Previous best codebleu 40.78
  ********************
 Achieve Best bleu:43.21
  ********************

***** Running evaluation *****
  Num examples = 103
  Batch size = 4
  epoch = 9
  eval_ppl = 1.00174
  global_step = 11
  train_loss = 0.4807
  ********************
Previous best ppl:1.00174
Achieve Best ppl:1.00174
  ********************
BLEU file: ./data/RQ5/python_10_3/validation.jsonl
  codebleu-4 = 44.38 	 Previous best codebleu 43.21
  ********************
 Achieve Best bleu:44.38
  ********************
reload model from RQ5/python_10/f3_codet5p_220m/checkpoint-best-bleu
BLEU file: ./data/RQ5/python_10_3/test.jsonl
  codebleu = 45.72 
  Total = 113 
  Exact Fixed = 0 
[]
  Syntax Fixed = 0 
[]
  Cleaned Fixed = 0 
[]
  ********************
  Total = 113 
  Exact Fixed = 0 
[]
  Syntax Fixed = 0 
[]
  Cleaned Fixed = 0 
[]
  codebleu = 45.72 
[0.5805260332859618, 0.7838857426145738, 0.3137740561099564, 0.47166395418323315, 0.21267253890961352, 0.9411542454583528, 0.8674433454759134, 0.3670531833883065, 0.5571314709024371, 0.7953587603777192, 0.7275487275290159, 0.3458122456343603, 0.2403269815570463, 0.7243101810591736, 0.30817660948637865, 0.6634002140542414, 0.2355801465239883, 0.2984747927568601, 0.508940708705303, 0.8538850923122592, 0.29341625082188516, 0.11267813279479039, 0.4569402861697347, 0.5233429790405228, 0.24853580509506473, 0.2941918314575001, 0.13751210630144048, 0.7163669362752553, 0.2046798619299455, 0.5242858618777545, 0.25262679869068533, 0.8808919461147899, 0.2673562477346867, 0.2118412626337655, 0.8962096929024133, 0.4055695287509464, 0.8314037264053669, 0.3380735908639835, 0.9142445273649933, 0.7093853536262804, 0.6782160729006625, 0.31064722760820224, 0.22385073711765618, 0.3660725104133886, 0.38566272208160224, 0.1779930648282, 0.19442256516371711, 0.48407752681534194, 0.549916846856608, 0.16416349174307476, 0.3317471689296842, 0.7710039227236644, 0.3153980960950289, 0.22697407774047482, 0.3114168909986798, 0.2687166366023573, 0.2968101201286323, 0.34350294718891033, 0.24638557005040362, 0.7629824314421743, 0.35818079481440235, 0.14544700540574237, 0.14962762286557396, 0.35276558410381675, 0.8475332565755729, 0.3749536125618605, 0.20756089844985762, 0.7890278782295435, 0.6095092370668922, 0.17312084585050033, 0.6439391185600173, 0.08821544004358359, 0.25697701862104083, 0.676525822803221, 0.31933611731498324, 0.17632181076989348, 0.7310494402477605, 0.28656459095685693, 0.7449734989717058, 0.8912022993575596, 0.8727790091136098, 0.16865601480981493, 0.17516399466473204, 0.2812624292965639, 0.21928128730850063, 0.32168002191289596, 0.6455048346789474, 0.20136931696448973, 0.31505081166068893, 0.9178662308912058, 0.8282346736174131, 0.5660958860217671, 0.2592001327422357, 0.891471971382207, 0.37554213829701466, 0.7167902574330205, 0.7295586116525126, 0.11264180237323847, 0.23890150689391598, 0.6099123027011102, 0.3120119652639028, 0.7768277736984348, 0.37129405839168667, 0.5060250431836375, 0.27726735706328187, 0.8904005689380714, 0.06718140621966225, 0.18197994671315293, 0.3169781386058447, 0.30115351154161313, 0.2789891185577107, 0.7669617847742995, 0.9244980214694567]
Finish training and take 40m
