Namespace(log_name='./RQ5/tfix_900_2/codet5p_220m.log', model_name='Salesforce/codet5p-220m', lang='javascript', output_dir='RQ5/tfix_900_2/codet5p_220m', data_dir='./data/RQ5/tfix_900_2', choice=0, no_cuda=False, visible_gpu='0', num_train_epochs=10, num_test_epochs=1, train_batch_size=8, eval_batch_size=4, gradient_accumulation_steps=1, load_model_path=None, config_name='', tokenizer_name='', max_source_length=512, max_target_length=512, warm_up_ratio=0.1, do_train=True, do_eval=True, do_test=True, freeze=False, learning_rate=5e-05, beam_size=10, weight_decay=0.0, adam_epsilon=1e-08, local_rank=-1, seed=42, early_stop_threshold=3)
Process rank: -1, device: cuda, n_gpu: 1, distributed training: False
Model created!!
[[{'text': "src: ['<%= appDir %>/img']       },       img: {         src: ['<%= appDir %>/fonts']", 'loss_ids': 0, 'shortenable_ids': 1}, {'text': '<mask>', 'loss_ids': 1, 'shortenable_ids': 0}, {'text': 'is the fixed version', 'loss_ids': 0, 'shortenable_ids': 0}], {'guid': 0, 'tgt_text': "src: ['<%= appDir %>/img']       },       fonts: {         src: ['<%= appDir %>/fonts']"}]
***** Running training *****
  Num examples = 900
  Batch size = 8
  Num epoch = 10

***** Running evaluation *****
  Num examples = 100
  Batch size = 4
  epoch = 0
  eval_ppl = inf
  global_step = 114
  train_loss = 20.8939
  ********************
Previous best ppl:inf
Achieve Best ppl:inf
  ********************
BLEU file: ./data/RQ5/tfix_900_2/validation.jsonl
  codebleu-4 = 60.74 	 Previous best codebleu 0
  ********************
 Achieve Best bleu:60.74
  ********************

***** Running evaluation *****
  Num examples = 100
  Batch size = 4
  epoch = 1
  eval_ppl = inf
  global_step = 227
  train_loss = 10.9601
  ********************
Previous best ppl:inf
BLEU file: ./data/RQ5/tfix_900_2/validation.jsonl
  codebleu-4 = 63.13 	 Previous best codebleu 60.74
  ********************
 Achieve Best bleu:63.13
  ********************

***** Running evaluation *****
  Num examples = 100
  Batch size = 4
  epoch = 2
  eval_ppl = inf
  global_step = 340
  train_loss = 6.8937
  ********************
Previous best ppl:inf
BLEU file: ./data/RQ5/tfix_900_2/validation.jsonl
  codebleu-4 = 65.85 	 Previous best codebleu 63.13
  ********************
 Achieve Best bleu:65.85
  ********************

***** Running evaluation *****
  Num examples = 100
  Batch size = 4
  epoch = 3
  eval_ppl = inf
  global_step = 453
  train_loss = 4.7477
  ********************
Previous best ppl:inf
BLEU file: ./data/RQ5/tfix_900_2/validation.jsonl
  codebleu-4 = 64.34 	 Previous best codebleu 65.85
  ********************

***** Running evaluation *****
  Num examples = 100
  Batch size = 4
  epoch = 4
  eval_ppl = inf
  global_step = 566
  train_loss = 2.9674
  ********************
Previous best ppl:inf
BLEU file: ./data/RQ5/tfix_900_2/validation.jsonl
  codebleu-4 = 67.52 	 Previous best codebleu 65.85
  ********************
 Achieve Best bleu:67.52
  ********************

***** Running evaluation *****
  Num examples = 100
  Batch size = 4
  epoch = 5
  eval_ppl = inf
  global_step = 679
  train_loss = 1.9439
  ********************
Previous best ppl:inf
BLEU file: ./data/RQ5/tfix_900_2/validation.jsonl
  codebleu-4 = 66.3 	 Previous best codebleu 67.52
  ********************

***** Running evaluation *****
  Num examples = 100
  Batch size = 4
  epoch = 6
  eval_ppl = inf
  global_step = 792
  train_loss = 1.3283
  ********************
Previous best ppl:inf
BLEU file: ./data/RQ5/tfix_900_2/validation.jsonl
  codebleu-4 = 66.69 	 Previous best codebleu 67.52
  ********************

***** Running evaluation *****
  Num examples = 100
  Batch size = 4
  epoch = 7
  eval_ppl = inf
  global_step = 905
  train_loss = 0.9743
  ********************
Previous best ppl:inf
BLEU file: ./data/RQ5/tfix_900_2/validation.jsonl
  codebleu-4 = 67.77 	 Previous best codebleu 67.52
  ********************
 Achieve Best bleu:67.77
  ********************

***** Running evaluation *****
  Num examples = 100
  Batch size = 4
  epoch = 8
  eval_ppl = inf
  global_step = 1018
  train_loss = 0.759
  ********************
Previous best ppl:inf
BLEU file: ./data/RQ5/tfix_900_2/validation.jsonl
  codebleu-4 = 68.48 	 Previous best codebleu 67.77
  ********************
 Achieve Best bleu:68.48
  ********************

***** Running evaluation *****
  Num examples = 100
  Batch size = 4
  epoch = 9
  eval_ppl = inf
  global_step = 1131
  train_loss = 0.6431
  ********************
Previous best ppl:inf
BLEU file: ./data/RQ5/tfix_900_2/validation.jsonl
  codebleu-4 = 68.23 	 Previous best codebleu 68.48
  ********************
reload model from RQ5/tfix_900_2/codet5p_220m/checkpoint-best-bleu
BLEU file: ./data/RQ5/tfix_900_2/test.jsonl
  codebleu = 62.66 
  Total = 500 
  Exact Fixed = 97 
[6, 9, 12, 17, 24, 33, 40, 45, 54, 57, 59, 65, 74, 84, 98, 114, 122, 128, 140, 142, 143, 145, 147, 153, 154, 157, 170, 172, 176, 179, 182, 184, 188, 189, 191, 193, 194, 198, 201, 202, 209, 212, 214, 223, 226, 232, 238, 252, 253, 256, 259, 263, 264, 268, 289, 290, 296, 301, 303, 316, 327, 328, 329, 330, 333, 336, 339, 340, 344, 347, 348, 350, 359, 360, 361, 367, 368, 372, 374, 390, 393, 417, 428, 435, 438, 439, 442, 445, 448, 457, 460, 473, 474, 480, 481, 491, 497]
  Syntax Fixed = 2 
[123, 341]
  Cleaned Fixed = 5 
[126, 166, 186, 469, 475]
  ********************
  Total = 500 
  Exact Fixed = 97 
[6, 9, 12, 17, 24, 33, 40, 45, 54, 57, 59, 65, 74, 84, 98, 114, 122, 128, 140, 142, 143, 145, 147, 153, 154, 157, 170, 172, 176, 179, 182, 184, 188, 189, 191, 193, 194, 198, 201, 202, 209, 212, 214, 223, 226, 232, 238, 252, 253, 256, 259, 263, 264, 268, 289, 290, 296, 301, 303, 316, 327, 328, 329, 330, 333, 336, 339, 340, 344, 347, 348, 350, 359, 360, 361, 367, 368, 372, 374, 390, 393, 417, 428, 435, 438, 439, 442, 445, 448, 457, 460, 473, 474, 480, 481, 491, 497]
  Syntax Fixed = 2 
[123, 341]
  Cleaned Fixed = 5 
[126, 166, 186, 469, 475]
  codebleu = 62.66 
[0.5670445241047504, 0.7768233041837815, 0.8607300536317346, 0.31331096368700495, 0.5222827094649037, 1.0, 0.0, 0.5026317446103661, 0.49440116757135255, 0.09999999999999999, 0.5368474083243506, 1.0, 0.17189979897705582, 0.4502217165429313, 0.6179484048244397, 0.811117687292167, 1.0, 0.7099766481408452, 0.6885240359080308, 0.25129879162633795, 0.607332317251319, 0.39323313167877133, 0.24915625771353556, 1.0, 0.5970182644937875, 0.008533731833720836, 0.9438645504684042, 0.32184467070784006, 0.6624101654079205, 0.2855072113105671, 0.7059323615142865, 0.0, 1.0, 0.9113854927948712, 0.634664299664302, 0.4659448950659301, 0.0, 0.10556510016615601, 0.7155056700329363, 1.0, 0.5511412946838178, 0.35125137343938573, 0.10202520055807765, 0.6202064481033123, 1.0, 0.3403395101580171, 0.6570057594483909, 0.274670867776058, 0.8208732553989724, 0.5900038817627358, 0.350381564995214, 0.6500004812993425, 0.6558003592103332, 1.0, 0.1297947365831559, 0.5194637253863024, 0.7135428903906851, 0.6667916052421734, 1.0, 0.6410676038432136, 0.9315380507550484, 0.714297617187952, 0.5348435312891645, 0.7065686029208564, 1.0, 0.6197233100748608, 0.6877745357134093, 0.7249001115624251, 0.4294148185315766, 0.28269688894370654, 0.9488930040605423, 0.714297617187952, 0.5426744349179697, 1.0, 0.702664818575847, 0.29035107882031763, 0.0, 0.8965241752682729, 0.43317161913164237, 0.6254581948739375, 0.591516286342532, 0.3734424024864518, 0.8049878311476077, 1.0, 0.5766847927734928, 0.5451417837590342, 0.48115588878443294, 0.7336180153849778, 0.8053935031810717, 0.3591365261541136, 0.7653841394635577, 0.7402739997668998, 0.44517512468103604, 0.45579909520741635, 0.3056299173484432, 0.7470738524243741, 0.6970226564977497, 1.0, 0.8097407224050479, 0.1322023457042879, 0.6641336854467268, 0.9164266028701744, 0.7275723927836586, 0.6445931574752105, 0.7744515423179406, 0.19272438732935, 0.4593867118293433, 0.6683895153674697, 0.7389341412454823, 0.05270446328111167, 0.7919953379147748, 0.521979242240402, 0.39272004516267667, 0.8114529051148651, 0.4819989645916939, 0.8795723049113977, 0.6903510788203177, 0.8160732524237886, 0.5374713058466929, 0.7231896021778675, 0.7302547136373172, 0.915342532525566, 0.9377649116482698, 0.3773869844754326, 0.2176694832919011, 0.8186530227858186, 0.26608813774165146, 0.8422865509093453, 0.5246680028432865, 0.4976113387647193, 0.3604625696285162, 0.3263687626880497, 0.12869111792447885, 0.39089314466834374, 0.6667528334695118, 0.4460952454685818, 0.5777099745360312, 0.44545066106051723, 0.10356766952267597, 0.7135428903906851, 0.6368551910912801, 1.0, 1.0, 0.47180509653022784, 0.8249365300761395, 0.5459435933526045, 1.0, 0.37668959821497894, 0.5862322739141566, 0.22499999999999998, 0.5017430477030709, 0.65351688848084, 0.8114529051148651, 1.0, 0.40825339177238446, 0.7810169160146574, 0.8933766349070695, 0.4169940359456795, 0.19999999999999998, 0.6684064493975892, 0.39347209291868157, 0.3208251006753667, 0.7504004004704901, 0.7954279937030855, 0.4231716191316425, 0.893077966208089, 0.6176384298635612, 0.339320402762534, 0.5481181696435504, 1.0, 0.4551179673016059, 0.7135428903906851, 0.4406441546153521, 0.9500330416345475, 0.4065032326897709, 0.8249365300761395, 0.41996134394226886, 0.5745997086539989, 1.0, 0.11453360085481801, 0.36686807121046905, 0.9194628641483602, 0.5164927712445991, 1.0, 0.6251650731090275, 0.8731931556322046, 0.6884739093341494, 0.7135428903906851, 0.7135428903906851, 0.7725146668513112, 1.0, 0.8724178638423756, 0.8249365300761395, 1.0, 0.5062311498476775, 0.5875015040818632, 0.007044218708112843, 1.0, 0.6441764742916929, 0.5621787547146431, 1.0, 1.0, 0.40485075092622447, 0.7825255142177938, 0.41208749160752645, 0.6271806220068676, 0.4139240818757265, 0.6613122421311423, 0.8114529051148651, 0.24951679260472603, 0.4536716679605682, 1.0, 0.32627945612776854, 1.0, 0.9548374691056617, 0.174436274930823, 0.6129938455930134, 0.44619887519287305, 0.9320894171538912, 0.7586059507468779, 0.36651542412587346, 0.6740103526642764, 1.0, 0.15997084006767517, 0.6324885471323345, 1.0, 0.5811145153819444, 0.8841247388270204, 0.9579869782130006, 0.11558530246943605, 0.6307456993182354, 1.0, 0.0, 0.5992413083109663, 0.6844125934903402, 0.740693294185638, 0.5981716191316424, 1.0, 0.3965193255633748, 0.7875054975857689, 0.7471765364160405, 0.4268169073526533, 0.6519585531485825, 0.7263487966630597, 0.8106391824574766, 0.6127572978503959, 0.43111016267734115, 0.7225371723695806, 0.5042531454411046, 0.6350178817306947, 0.5765896565883736, 1.0, 1.0, 0.6636363636363636, 0.19999999999999998, 1.0, 0.2504033576162784, 0.7564452295444688, 1.0, 0.7299948711471688, 0.5017814354051087, 0.5585140118159326, 0.9250131914571023, 1.0, 0.3966221814435296, 0.5588880593698827, 0.33372428676905674, 0.8249365300761395, 0.7209679853738471, 0.3714877971723338, 0.6182031708143285, 0.8041309711215883, 0.6844125934903402, 0.43829433999099154, 0.19999999999999998, 0.6463729364766281, 0.4016534478992738, 0.6174969094123448, 0.7142845202249919, 0.5551668790236555, 0.5600468038501167, 0.4561694688162282, 0.46604306419874064, 0.6877459225855624, 0.8470997505392659, 0.0, 0.5966289756845221, 0.8420812716756092, 1.0, 1.0, 0.5516551101233702, 0.20178247382494602, 0.6366015466501336, 0.6851384298635612, 0.8576471663887342, 0.8249365300761395, 0.7911679345786041, 0.573043959575943, 0.7212489793637704, 0.10758390671207611, 1.0, 0.5761697895341449, 1.0, 0.38887247882087533, 0.7167176081351031, 0.6264747995737683, 0.9238877689380496, 0.8356658099532572, 0.7559607945381612, 0.8119808925419361, 0.3220998891127413, 0.1344057918034266, 0.22368441215365098, 0.6682556320550647, 0.5680054404199835, 1.0, 0.714297617187952, 0.3502184077768308, 0.5457602194750206, 0.0, 0.8378414230005442, 0.5174693084765555, 0.4899659063626085, 0.6240048954556174, 0.8034645362012123, 0.9617868617067262, 1.0, 1.0, 0.7135428903906851, 1.0, 0.7053304130816762, 0.6273488306532815, 0.8578047138519911, 0.6150350225626804, 0.8078356986646513, 1.0, 0.3669033918159327, 0.6657637800864576, 1.0, 1.0, 0.8074255754853112, 0.5361138988698039, 0.3381394976554918, 0.8808208735688969, 0.6287796716807859, 0.5424094289706055, 1.0, 1.0, 0.5193052677964398, 1.0, 0.7249586401416586, 0.5586848687046155, 0.4147896756607047, 0.4831482892468002, 0.0, 0.4890714508161259, 0.5305242027189159, 0.6745228788727515, 0.9891483218006352, 1.0, 1.0, 0.6245836923955046, 0.6603944867604312, 0.4614470406899055, 0.5027054768195429, 0.5932305781811854, 1.0, 1.0, 0.2696847134058581, 0.8378414230005442, 0.6311119478495857, 1.0, 0.32898762131831805, 1.0, 0.7700435930643703, 0.6327256010336811, 0.3161958186123187, 0.4129740706026147, 0.3053372331674803, 0.7630012724941725, 0.4621787547146431, 0.6398103351245982, 0.8184276974159628, 0.7916479842275448, 0.7811228580967763, 0.5627243873293499, 0.8233303578084277, 0.7530301180787049, 0.8619254788161215, 0.8114529051148651, 0.5654473178899494, 0.771420955333468, 1.0, 0.17731538118686083, 0.4592493207167594, 0.7210821183929019, 0.7230706259860853, 0.12296711450648444, 0.5019774510104837, 0.39374707916270535, 0.5262627946349929, 0.7108049881272258, 0.752380452288719, 0.18585881606736232, 0.39969884422068214, 0.6567867859128023, 0.6354739770278475, 0.8600057888291379, 0.6754386750930661, 0.0857142857142857, 0.0, 0.5526969399378074, 0.8655056700329364, 0.6714771286623475, 0.4668349223621171, 0.05757638252580623, 0.9891483218006352, 0.7547391347384329, 0.038139497655491794, 0.15529892970465703, 0.2518991111280603, 0.5026136760976885, 0.5021287494162977, 0.5383089748131177, 0.5621609692548745, 0.5282467529717347, 0.6453246818220744, 1.0, 0.18702348228670979, 0.6087198543529957, 0.5646170798740607, 0.09442828917687912, 0.685303136808272, 0.5777259638182668, 1.0, 0.6829777303051304, 0.826832696760182, 0.8099068063140256, 1.0, 0.08928571428571427, 0.40739727760582384, 0.7135428903906851, 0.7260484492137269, 0.8845572237610086, 1.0, 0.636068568378893, 0.6883329804487951, 1.0, 0.19404871089985237, 0.5518505299283467, 0.6592906179772744, 0.6124247015824554, 0.8408575494851418, 0.26174137339543524, 0.8648103351245982, 0.08484732042396881, 1.0, 0.8326781496971694, 0.7387037834978107, 1.0, 0.6099380655621088, 0.7780387576883845, 0.5901857846721861, 0.4714698407062744, 0.8677459225855626, 0.6066478602423253, 0.4432027101248005, 0.859664396260277, 0.6807990952074163, 0.6809070226208283, 0.7316423857228858, 0.7195565989965169, 1.0, 1.0, 0.7503567123312754, 0.3, 0.7679855428506688, 0.7220543125543928, 0.8322984946106791, 1.0, 0.8249365300761395, 0.8955980328281301, 0.8115900311996962, 0.08251128145232256, 0.2792606684794797, 0.6654045722268074, 0.6901940524102714, 0.46699403594567956, 0.23868348617790436, 0.5282087277319494, 1.0, 0.5986986916029925, 0.7417161946741139, 0.642418735455043, 0.5674033738135131, 0.6385629301801026, 1.0, 0.7533655306263078, 0.2943237530591414, 0.7691441569283881]
Finish training and take 13m
