Namespace(log_name='./RQ5/tfix_900_2/codet5p_770m_f.log', model_name='Salesforce/codet5p-770m', lang='javascript', output_dir='RQ5/tfix_900_2/codet5p_770m_f', data_dir='./data/RQ5/tfix_900_2', no_cuda=False, visible_gpu='0', add_task_prefix=False, add_lang_ids=False, num_train_epochs=10, num_test_epochs=10, train_batch_size=4, eval_batch_size=4, gradient_accumulation_steps=2, load_model_path=None, config_name='', tokenizer_name='', max_source_length=512, max_target_length=512, warm_up_ratio=0.1, do_train=True, do_eval=True, do_test=True, do_lower_case=False, learning_rate=5e-05, beam_size=10, weight_decay=0.0, adam_epsilon=1e-08, max_grad_norm=1.0, max_steps=-1, eval_steps=-1, train_steps=-1, local_rank=-1, seed=42, early_stop_threshold=2)
Process rank: -1, device: cuda, n_gpu: 1, distributed training: False, model_name: Salesforce/codet5p-770m
model created!
Total 900 training instances 
***** Running training *****
  Num examples = 900
  Batch size = 4
  Num epoch = 10

***** Running evaluation *****
  Num examples = 100
  Batch size = 4
  epoch = 0
  eval_ppl = 1.00333
  global_step = 226
  train_loss = 0.7129
  ********************
Previous best ppl:inf
Achieve Best ppl:1.00333
  ********************
BLEU file: ./data/RQ5/tfix_900_2/validation.jsonl
  codebleu-4 = 65.12 	 Previous best codebleu 0
  ********************
 Achieve Best bleu:65.12
  ********************

***** Running evaluation *****
  Num examples = 100
  Batch size = 4
  epoch = 1
  eval_ppl = 1.00331
  global_step = 451
  train_loss = 0.3536
  ********************
Previous best ppl:1.00333
Achieve Best ppl:1.00331
  ********************
BLEU file: ./data/RQ5/tfix_900_2/validation.jsonl
  codebleu-4 = 66.36 	 Previous best codebleu 65.12
  ********************
 Achieve Best bleu:66.36
  ********************

***** Running evaluation *****
  Num examples = 100
  Batch size = 4
  epoch = 2
  eval_ppl = 1.0038
  global_step = 676
  train_loss = 0.1852
  ********************
Previous best ppl:1.00331
BLEU file: ./data/RQ5/tfix_900_2/validation.jsonl
  codebleu-4 = 66.68 	 Previous best codebleu 66.36
  ********************
 Achieve Best bleu:66.68
  ********************

***** Running evaluation *****
  Num examples = 100
  Batch size = 4
  epoch = 3
  eval_ppl = 1.0039
  global_step = 901
  train_loss = 0.0881
  ********************
Previous best ppl:1.00331
BLEU file: ./data/RQ5/tfix_900_2/validation.jsonl
  codebleu-4 = 66.97 	 Previous best codebleu 66.68
  ********************
 Achieve Best bleu:66.97
  ********************

***** Running evaluation *****
  Num examples = 100
  Batch size = 4
  epoch = 4
  eval_ppl = 1.00427
  global_step = 1126
  train_loss = 0.0452
  ********************
Previous best ppl:1.00331
BLEU file: ./data/RQ5/tfix_900_2/validation.jsonl
  codebleu-4 = 67.07 	 Previous best codebleu 66.97
  ********************
 Achieve Best bleu:67.07
  ********************

***** Running evaluation *****
  Num examples = 100
  Batch size = 4
  epoch = 5
  eval_ppl = 1.00435
  global_step = 1351
  train_loss = 0.0373
  ********************
Previous best ppl:1.00331
BLEU file: ./data/RQ5/tfix_900_2/validation.jsonl
  codebleu-4 = 65.54 	 Previous best codebleu 67.07
  ********************

***** Running evaluation *****
  Num examples = 100
  Batch size = 4
  epoch = 6
  eval_ppl = 1.00447
  global_step = 1576
  train_loss = 0.0216
  ********************
Previous best ppl:1.00331
BLEU file: ./data/RQ5/tfix_900_2/validation.jsonl
  codebleu-4 = 66.31 	 Previous best codebleu 67.07
  ********************
reload model from RQ5/tfix_900_2/codet5p_770m_f/checkpoint-best-bleu
BLEU file: ./data/RQ5/tfix_900_2/test.jsonl
  codebleu = 62.67 
  Total = 500 
  Exact Fixed = 90 
[3, 6, 12, 17, 24, 40, 45, 52, 54, 57, 59, 65, 84, 87, 97, 98, 114, 118, 135, 140, 142, 143, 145, 147, 153, 157, 160, 170, 172, 176, 179, 182, 184, 188, 189, 191, 192, 193, 194, 198, 201, 209, 212, 214, 232, 238, 253, 256, 259, 260, 264, 268, 272, 290, 292, 296, 316, 327, 328, 330, 333, 339, 340, 347, 348, 350, 359, 361, 367, 368, 372, 374, 377, 390, 393, 402, 417, 418, 428, 435, 439, 442, 445, 458, 460, 471, 473, 474, 481, 497]
  Syntax Fixed = 6 
[122, 123, 202, 252, 263, 341]
  Cleaned Fixed = 3 
[186, 469, 475]
  ********************
  Total = 500 
  Exact Fixed = 90 
[3, 6, 12, 17, 24, 40, 45, 52, 54, 57, 59, 65, 84, 87, 97, 98, 114, 118, 135, 140, 142, 143, 145, 147, 153, 157, 160, 170, 172, 176, 179, 182, 184, 188, 189, 191, 192, 193, 194, 198, 201, 209, 212, 214, 232, 238, 253, 256, 259, 260, 264, 268, 272, 290, 292, 296, 316, 327, 328, 330, 333, 339, 340, 347, 348, 350, 359, 361, 367, 368, 372, 374, 377, 390, 393, 402, 417, 418, 428, 435, 439, 442, 445, 458, 460, 471, 473, 474, 481, 497]
  Syntax Fixed = 6 
[122, 123, 202, 252, 263, 341]
  Cleaned Fixed = 3 
[186, 469, 475]
  codebleu = 62.67 
[0.5670445241047504, 0.6932410335616551, 1.0, 0.31331096368700495, 0.27178692314478936, 1.0, 0.0, 0.5026317446103661, 0.4930978393785904, 0.12, 0.5368474083243506, 0.8182722690855053, 0.40958690050695795, 0.7569706667451968, 0.6179484048244397, 0.811117687292167, 1.0, 0.7099766481408452, 0.6885240359080308, 0.6974942116108808, 0.7145082485446812, 0.39323313167877133, 0.28565122400751974, 1.0, 0.569188675093066, 0.006758238160278511, 0.9438645504684042, 0.26164945162585174, 0.6624101654079205, 0.2855072113105671, 0.7059323615142865, 0.0, 0.4507183101653729, 0.9113854927948712, 0.4774541474718788, 0.6068905779332499, 0.0, 0.10556510016615601, 0.7155056700329363, 1.0, 0.5511412946838178, 0.2792203379571145, 0.10202520055807765, 0.6202064481033123, 1.0, 0.3403395101580171, 0.6570057594483909, 0.274670867776058, 0.8208732553989724, 0.5900038817627358, 0.350381564995214, 1.0, 0.6558003592103332, 1.0, 0.1297947365831559, 0.5194637253863024, 0.7135428903906851, 0.6395188779694462, 1.0, 0.6410676038432136, 0.9315380507550484, 0.714297617187952, 0.5348435312891645, 0.5230775462536271, 1.0, 0.28465238167598567, 0.6877745357134093, 0.4706502402815602, 0.4199748401004021, 0.28269688894370654, 0.33071103285752573, 0.714297617187952, 0.8508222909971193, 0.5077265232765378, 0.702664818575847, 0.29035107882031763, 0.0, 0.8965241752682729, 0.39718089591628425, 0.621238225076177, 0.591516286342532, 0.3734424024864518, 0.5121154679264212, 1.0, 0.6359585563603126, 0.5451417837590342, 0.7135428903906851, 0.9264825893849112, 0.8053935031810717, 0.09400818750619536, 0.6795434792085706, 0.7402739997668998, 0.44517512468103604, 0.45579909520741635, 0.38056803775325665, 0.7470738524243741, 1.0, 1.0, 0.8097407224050479, 0.5688724788208753, 0.7357752008852925, 0.8263647702661081, 0.7226704319993449, 0.6445931574752105, 0.7744515423179406, 0.18795337214953334, 0.4593867118293433, 0.8399114554115357, 0.7731493719539119, 0.05270446328111167, 0.7919953379147748, 0.521979242240402, 0.39272004516267667, 0.8114529051148651, 0.4770970038073802, 0.8795723049113977, 0.6903510788203177, 1.0, 0.5143209096122012, 0.7231896021778675, 0.7302547136373172, 0.9469728550743763, 0.9377649116482698, 0.15404434527386615, 0.2176694832919011, 0.7569406664335665, 0.2011770485941022, 0.5600382105380115, 0.5246680028432865, 0.4976113387647193, 0.4488041447621831, 0.6485918913581522, 0.12869111792447885, 0.39089314466834374, 1.0, 0.4460952454685818, 0.553492655520654, 0.43659009005341065, 0.14876752225153467, 0.7135428903906851, 0.6368551910912801, 1.0, 1.0, 0.47180509653022784, 0.8249365300761395, 0.6387218496729328, 1.0, 0.37668959821497894, 0.5862322739141566, 0.26493187938965956, 0.4854183564853334, 0.65351688848084, 0.8114529051148651, 0.8796531437200525, 0.40825339177238446, 0.7810169160146574, 1.0, 0.5669940359456795, 0.22499999999999998, 1.0, 0.5170015046833875, 0.5370116053397941, 0.7504004004704901, 0.7954279937030855, 0.4236670441615923, 0.6038653593066965, 0.27318932213401886, 0.49215257204284135, 0.3500494532758355, 1.0, 0.6868474083243508, 0.7135428903906851, 0.45449078148809957, 0.9500330416345475, 0.4065032326897709, 0.8249365300761395, 0.41996134394226886, 0.5745997086539989, 1.0, 0.11453360085481801, 0.3642605543861164, 1.0, 0.5164927712445991, 1.0, 0.7833647096337428, 0.8731931556322046, 0.6884739093341494, 0.7135428903906851, 0.7135428903906851, 0.7725146668513112, 1.0, 1.0, 0.8249365300761395, 1.0, 0.3128272636606416, 0.5027898306393086, 0.007044218708112843, 1.0, 0.7955692089739603, 0.5621787547146431, 1.0, 0.8958282740277042, 0.40485075092622447, 0.7825255142177938, 0.40436432296800573, 0.6271806220068676, 0.7801620686561217, 0.6613122421311423, 0.8114529051148651, 0.8919978424130428, 0.574985443779147, 1.0, 0.30462621654037875, 1.0, 0.9548374691056617, 0.174436274930823, 0.5796605122596801, 0.44619887519287305, 0.9320894171538912, 0.7755969629986152, 0.4204971804336365, 0.6740103526642764, 0.5170211172065187, 0.15997084006767517, 0.691318859382493, 0.5529203190471866, 0.677288551000834, 0.8841247388270204, 0.7263595238134679, 0.11558530246943605, 0.48074569931823535, 1.0, 0.0, 0.7416865196891184, 0.6844125934903402, 0.740693294185638, 0.5981716191316424, 1.0, 0.3965193255633748, 0.7812973541764453, 0.7471765364160405, 0.4268169073526533, 0.5426231167401457, 0.7263487966630597, 0.9056583090096291, 0.6127572978503959, 0.43111016267734115, 0.7225371723695806, 0.6235160729534663, 0.5333108614657077, 0.5765896565883736, 0.9122428456147664, 1.0, 0.7439207115002722, 0.22499999999999998, 1.0, 0.2772943579237247, 0.836942030771336, 1.0, 1.0, 0.5017814354051087, 0.5585140118159326, 0.8661390743714681, 1.0, 0.4537650385863867, 0.527880257154829, 0.33372428676905674, 0.8249365300761395, 0.7209679853738471, 0.16388503494718448, 0.6848698374809952, 0.8926604071837179, 0.6844125934903402, 0.43829433999099154, 0.19999999999999998, 0.6463729364766281, 0.4016534478992738, 0.6174969094123448, 0.7142845202249919, 0.5551668790236555, 0.5600468038501167, 0.4452105198475923, 0.46604306419874064, 0.5642680213004776, 0.8470997505392659, 0.0, 0.5966289756845221, 0.8849384145327521, 0.594295065161796, 1.0, 0.8487963120906614, 0.8249365300761395, 0.6366015466501336, 0.6851384298635612, 0.6047678311545832, 0.8249365300761395, 0.7911679345786041, 0.573043959575943, 0.7212489793637704, 0.10758390671207611, 0.8374634481857526, 0.5761697895341449, 0.7432453294575581, 0.2531649658092773, 0.7817235549062289, 0.6264747995737683, 0.9238877689380496, 0.8356658099532572, 0.7654636689687846, 0.8642470965743208, 0.3220998891127413, 0.1344057918034266, 0.22368441215365098, 0.6682556320550647, 0.5680054404199835, 0.6565560801010174, 0.714297617187952, 0.3502184077768308, 0.6335851414998527, 0.06666666666666667, 0.7564329076215759, 0.5174693084765555, 0.4899659063626085, 0.6240048954556174, 0.8034645362012123, 0.9617868617067262, 1.0, 1.0, 0.20065521764595157, 1.0, 0.7359735741809917, 0.6273488306532815, 1.0, 0.7897721788095522, 0.8078356986646513, 0.676689598214979, 0.3669033918159327, 0.6857637800864577, 1.0, 1.0, 0.9547081880846386, 0.5347191241991722, 0.3381394976554918, 0.8521964460866425, 0.6287796716807859, 0.5424094289706055, 1.0, 1.0, 0.5193052677964398, 1.0, 0.8069007178395178, 0.6472962677594203, 0.4147896756607047, 0.5952887122558812, 0.0, 0.4890714508161259, 0.5305242027189159, 0.5294576853496258, 0.9891483218006352, 0.6656452663675708, 1.0, 0.6245836923955046, 0.6980083797903092, 0.4614470406899055, 0.5027054768195429, 0.5932305781811854, 1.0, 1.0, 0.2696847134058581, 0.8378414230005442, 0.444006594916457, 1.0, 0.32898762131831805, 1.0, 0.7700435930643703, 0.6370589193523017, 1.0, 0.4129740706026147, 0.3053372331674803, 0.7905056700329363, 0.4621787547146431, 0.6398103351245982, 0.602007580723576, 0.7916479842275448, 0.8059411673492949, 0.5627243873293499, 0.8233303578084277, 0.7530301180787049, 0.7471105586473551, 0.8114529051148651, 0.5654473178899494, 0.6819834568487649, 1.0, 0.12848371230572309, 0.4592493207167594, 0.7210821183929019, 0.7230706259860853, 0.15830229492955689, 0.5019774510104837, 0.410413745829372, 0.5566984938224081, 1.0, 0.752380452288719, 0.18585881606736232, 0.39969884422068214, 0.6567867859128023, 0.6354739770278475, 0.8445506565039518, 0.6754386750930661, 0.0857142857142857, 0.0, 0.6723288176766616, 0.8655056700329364, 0.7745836923955045, 0.5786810485274039, 0.05757638252580623, 0.9891483218006352, 0.9891483218006352, 0.038139497655491794, 0.15529892970465703, 0.2518991111280603, 0.3582729220539707, 0.7054819616225767, 0.5383089748131177, 0.5621609692548745, 0.5282467529717347, 0.6119913484887409, 1.0, 0.06990766251340957, 0.6183689771600134, 0.5646170798740607, 0.21151332797896238, 0.685303136808272, 0.6747700062911317, 1.0, 0.6829777303051304, 0.7304512265303131, 0.5538232304956723, 1.0, 0.08928571428571427, 0.40739727760582384, 0.7135428903906851, 0.7260484492137269, 0.8845572237610086, 1.0, 0.636068568378893, 0.6883329804487951, 0.7148321218614053, 0.19404871089985237, 0.5518505299283467, 0.6592906179772744, 0.7242695976414855, 0.8408575494851418, 0.26174137339543524, 0.8648103351245982, 0.0828714707479615, 0.7566270004009008, 1.0, 0.7387037834978107, 1.0, 0.6099380655621088, 0.6130363975488554, 0.29371181369212096, 0.4714698407062744, 0.8677459225855626, 0.6745410470195684, 0.32501740942395907, 0.859664396260277, 0.6807990952074163, 0.7738783494196637, 1.0, 0.5914784151438899, 1.0, 1.0, 0.9248007629373642, 0.3, 0.6812000145029719, 0.7954890670336492, 0.8322984946106791, 0.6517965513447935, 0.8249365300761395, 0.8955980328281301, 0.7845525506958333, 0.0817743687432679, 0.6785036503543816, 0.562520658360374, 0.6901940524102714, 0.5089439475762831, 0.23868348617790436, 0.5282087277319494, 0.7135160729534664, 0.5986986916029925, 0.6986613814884177, 0.6687192822567756, 0.5494267715823015, 0.8632148025904984, 1.0, 0.7533655306263078, 0.18126528209192488, 0.7011697895341449]
Finish training and take 40m
