Namespace(log_name='./sstubs/2/finetune_codet5p_770m.log', model_name='Salesforce/codet5p-770m', lang='java', output_dir='sstubs/2/finetune_codet5p_770m', data_dir='./data/sstubs/2', no_cuda=False, visible_gpu='0', add_task_prefix=False, add_lang_ids=False, num_train_epochs=10, num_test_epochs=10, train_batch_size=8, eval_batch_size=4, gradient_accumulation_steps=2, load_model_path=None, config_name='', tokenizer_name='', max_source_length=512, max_target_length=512, warm_up_ratio=0.1, do_train=True, do_eval=True, do_test=True, do_lower_case=False, learning_rate=5e-05, beam_size=10, weight_decay=0.0, adam_epsilon=1e-08, max_grad_norm=1.0, max_steps=-1, eval_steps=-1, train_steps=-1, local_rank=-1, seed=42, early_stop_threshold=3)
Process rank: -1, device: cuda, n_gpu: 1, distributed training: False, model_name: Salesforce/codet5p-770m
model created!
Total 260 training instances 
***** Running training *****
  Num examples = 260
  Batch size = 8
  Num epoch = 10

***** Running evaluation *****
  Num examples = 32
  Batch size = 4
  epoch = 0
  eval_ppl = 1.00044
  global_step = 33
  train_loss = 0.4493
  ********************
Previous best ppl:inf
Achieve Best ppl:1.00044
  ********************
BLEU file: ./data/sstubs/2/validation.jsonl
  codebleu-4 = 89.09 	 Previous best codebleu 0
  ********************
 Achieve Best bleu:89.09
  ********************

***** Running evaluation *****
  Num examples = 32
  Batch size = 4
  epoch = 1
  eval_ppl = 1.00032
  global_step = 65
  train_loss = 0.0742
  ********************
Previous best ppl:1.00044
Achieve Best ppl:1.00032
  ********************
BLEU file: ./data/sstubs/2/validation.jsonl
  codebleu-4 = 91.94 	 Previous best codebleu 89.09
  ********************
 Achieve Best bleu:91.94
  ********************

***** Running evaluation *****
  Num examples = 32
  Batch size = 4
  epoch = 2
  eval_ppl = 1.0003
  global_step = 97
  train_loss = 0.0316
  ********************
Previous best ppl:1.00032
Achieve Best ppl:1.0003
  ********************
BLEU file: ./data/sstubs/2/validation.jsonl
  codebleu-4 = 96.06 	 Previous best codebleu 91.94
  ********************
 Achieve Best bleu:96.06
  ********************

***** Running evaluation *****
  Num examples = 32
  Batch size = 4
  epoch = 3
  eval_ppl = 1.00031
  global_step = 129
  train_loss = 0.0163
  ********************
Previous best ppl:1.0003
BLEU file: ./data/sstubs/2/validation.jsonl
  codebleu-4 = 94.97 	 Previous best codebleu 96.06
  ********************

***** Running evaluation *****
  Num examples = 32
  Batch size = 4
  epoch = 4
  eval_ppl = 1.00032
  global_step = 161
  train_loss = 0.009
  ********************
Previous best ppl:1.0003
BLEU file: ./data/sstubs/2/validation.jsonl
  codebleu-4 = 95.72 	 Previous best codebleu 96.06
  ********************

***** Running evaluation *****
  Num examples = 32
  Batch size = 4
  epoch = 5
  eval_ppl = 1.00034
  global_step = 193
  train_loss = 0.0054
  ********************
Previous best ppl:1.0003
BLEU file: ./data/sstubs/2/validation.jsonl
  codebleu-4 = 95.54 	 Previous best codebleu 96.06
  ********************
reload model from sstubs/2/finetune_codet5p_770m/checkpoint-best-bleu
BLEU file: ./data/sstubs/2/test.jsonl
  codebleu = 94.34 
  Total = 32 
  Exact Fixed = 20 
[1, 2, 3, 5, 6, 9, 10, 11, 12, 14, 17, 18, 19, 21, 23, 26, 27, 28, 29, 30]
  Syntax Fixed = 0 
[]
  Cleaned Fixed = 0 
[]
  ********************
  Total = 32 
  Exact Fixed = 20 
[1, 2, 3, 5, 6, 9, 10, 11, 12, 14, 17, 18, 19, 21, 23, 26, 27, 28, 29, 30]
  Syntax Fixed = 0 
[]
  Cleaned Fixed = 0 
[]
  codebleu = 94.34 
[1.0, 1.0, 1.0, 0.8357205832396224, 1.0, 1.0, 0.7555732843655234, 0.7366418918208997, 1.0, 1.0, 1.0, 1.0, 0.645426537036109, 1.0, 0.7726680042740901, 0.9097382001430849, 1.0, 1.0, 1.0, 0.8816015466501335, 1.0, 0.8937646940710373, 1.0, 0.9327938350960072, 0.8927685762874167, 1.0, 1.0, 1.0, 1.0, 1.0, 0.9704328316376207, 0.9620033353993269]
Finish training and take 8m
