Namespace(log_name='./sstubs/2/hard5_codet5p_770m.log', model_name='Salesforce/codet5p-770m', lang='java', output_dir='sstubs/2/hard5_codet5p_770m', data_dir='./data/sstubs/2', no_cuda=False, visible_gpu='0', num_train_epochs=10, num_test_epochs=1, train_batch_size=4, eval_batch_size=4, gradient_accumulation_steps=1, load_model_path=None, config_name='', tokenizer_name='', max_source_length=512, max_target_length=512, warm_up_ratio=0.1, do_train=True, do_eval=True, do_test=True, freeze=False, learning_rate=5e-05, beam_size=10, weight_decay=0.0, adam_epsilon=1e-08, local_rank=-1, seed=42, early_stop_threshold=3)
Process rank: -1, device: cuda, n_gpu: 1, distributed training: False
Model created!!
[[{'text': '};       private final HotSwapPassFactory checkAccessControls =        new HotSwapPassFactory("checkAccessControls", true) {      @Override      protected HotSwapCompilerPass createInternal(AbstractCompiler compiler) {', 'loss_ids': 0, 'shortenable_ids': 1}, {'text': ' is buggy program', 'loss_ids': 0, 'shortenable_ids': 0}, {'text': '<mask>', 'loss_ids': 1, 'shortenable_ids': 0}, {'text': ' is fixed program', 'loss_ids': 0, 'shortenable_ids': 0}], {'guid': 0, 'tgt_text': '};       final HotSwapPassFactory checkAccessControls =        new HotSwapPassFactory("checkAccessControls", true) {      @Override      protected HotSwapCompilerPass createInternal(AbstractCompiler compiler) {'}]
***** Running training *****
  Num examples = 223
  Batch size = 4
  Num epoch = 10

***** Running evaluation *****
  Num examples = 28
  Batch size = 4
  epoch = 0
  eval_ppl = 2.802132261949239e+102
  global_step = 57
  train_loss = 18.3339
  ********************
Previous best ppl:inf
Achieve Best ppl:2.802132261949239e+102
  ********************
BLEU file: ./data/sstubs/2/validation.jsonl
  codebleu-4 = 95.35 	 Previous best codebleu 0
  ********************
 Achieve Best bleu:95.35
  ********************

***** Running evaluation *****
  Num examples = 28
  Batch size = 4
  epoch = 1
  eval_ppl = 6.136321960035329e+100
  global_step = 113
  train_loss = 3.2461
  ********************
Previous best ppl:2.802132261949239e+102
Achieve Best ppl:6.136321960035329e+100
  ********************
BLEU file: ./data/sstubs/2/validation.jsonl
  codebleu-4 = 94.26 	 Previous best codebleu 95.35
  ********************

***** Running evaluation *****
  Num examples = 28
  Batch size = 4
  epoch = 2
  eval_ppl = 1.4797163693903281e+103
  global_step = 169
  train_loss = 1.5612
  ********************
Previous best ppl:6.136321960035329e+100
BLEU file: ./data/sstubs/2/validation.jsonl
  codebleu-4 = 95.6 	 Previous best codebleu 95.35
  ********************
 Achieve Best bleu:95.6
  ********************

***** Running evaluation *****
  Num examples = 28
  Batch size = 4
  epoch = 3
  eval_ppl = 4.711204286967216e+108
  global_step = 225
  train_loss = 1.0482
  ********************
Previous best ppl:6.136321960035329e+100
BLEU file: ./data/sstubs/2/validation.jsonl
  codebleu-4 = 95.47 	 Previous best codebleu 95.6
  ********************

***** Running evaluation *****
  Num examples = 28
  Batch size = 4
  epoch = 4
  eval_ppl = 4.705708119080384e+108
  global_step = 281
  train_loss = 0.5395
  ********************
Previous best ppl:6.136321960035329e+100
BLEU file: ./data/sstubs/2/validation.jsonl
  codebleu-4 = 95.57 	 Previous best codebleu 95.6
  ********************

***** Running evaluation *****
  Num examples = 28
  Batch size = 4
  epoch = 5
  eval_ppl = 7.555371582025791e+105
  global_step = 337
  train_loss = 0.298
  ********************
Previous best ppl:6.136321960035329e+100
BLEU file: ./data/sstubs/2/validation.jsonl
  codebleu-4 = 95.57 	 Previous best codebleu 95.6
  ********************
early stopping!!!
reload model from sstubs/2/hard5_codet5p_770m/checkpoint-best-bleu
BLEU file: ./data/sstubs/2/test.jsonl
  codebleu = 93.97 
  Total = 27 
  Exact Fixed = 15 
[1, 3, 4, 6, 7, 9, 10, 11, 13, 14, 19, 21, 22, 24, 26]
  Syntax Fixed = 0 
[]
  Cleaned Fixed = 0 
[]
  ********************
  Total = 27 
  Exact Fixed = 15 
[1, 3, 4, 6, 7, 9, 10, 11, 13, 14, 19, 21, 22, 24, 26]
  Syntax Fixed = 0 
[]
  Cleaned Fixed = 0 
[]
  codebleu = 93.97 
[1.0, 0.9261420415269246, 1.0, 1.0, 0.8397142137521943, 1.0, 1.0, 0.8476460351025821, 1.0, 1.0, 1.0, 0.7032463562196102, 1.0, 1.0, 0.9495565333799167, 0.8947836446510709, 0.9601466755014141, 0.9325400085710811, 1.0, 0.8755319098520675, 1.0, 1.0, 0.6577095841418729, 1.0, 0.8658230311280162, 1.0, 0.9179855428506689]
Finish training and take 6m
Namespace(log_name='./result/sstubs/2/hard5_codet5p_770m.log', model_name='Salesforce/codet5p-770m', lang='java', output_dir='result/sstubs/2/hard5_codet5p_770m', data_dir='./data/sstubs/2', no_cuda=False, visible_gpu='0', num_train_epochs=10, num_test_epochs=1, train_batch_size=4, eval_batch_size=4, gradient_accumulation_steps=1, load_model_path=None, config_name='', tokenizer_name='', max_source_length=512, max_target_length=512, warm_up_ratio=0.1, do_train=True, do_eval=True, do_test=True, freeze=False, learning_rate=5e-05, beam_size=10, weight_decay=0.0, adam_epsilon=1e-08, local_rank=-1, seed=42, early_stop_threshold=3)
Process rank: -1, device: cuda, n_gpu: 1, distributed training: False
Model created!!
[[{'text': '@SuppressWarnings("unchecked")    @Override   public V value(Object node) {      Object value = adjacentNodeValues.get(node);      if (value == PRED) {        return null;', 'loss_ids': 0, 'shortenable_ids': 1}, {'text': ' is buggy program', 'loss_ids': 0, 'shortenable_ids': 0}, {'text': '<mask>', 'loss_ids': 1, 'shortenable_ids': 0}, {'text': ' is fixed program', 'loss_ids': 0, 'shortenable_ids': 0}], {'guid': 0, 'tgt_text': '@SuppressWarnings("unchecked")    @Override   public V value(N node) {      Object value = adjacentNodeValues.get(node);      if (value == PRED) {        return null;'}]
***** Running training *****
  Num examples = 260
  Batch size = 4
  Num epoch = 10

***** Running evaluation *****
  Num examples = 32
  Batch size = 4
  epoch = 0
  eval_ppl = 7.812871359303935e+112
  global_step = 66
  train_loss = 16.9359
  ********************
Previous best ppl:inf
Achieve Best ppl:7.812871359303935e+112
  ********************
BLEU file: ./data/sstubs/2/validation.jsonl
  codebleu-4 = 94.98 	 Previous best codebleu 0
  ********************
 Achieve Best bleu:94.98
  ********************

***** Running evaluation *****
  Num examples = 32
  Batch size = 4
  epoch = 1
  eval_ppl = 6.101679228147962e+114
  global_step = 131
  train_loss = 3.3647
  ********************
Previous best ppl:7.812871359303935e+112
BLEU file: ./data/sstubs/2/validation.jsonl
  codebleu-4 = 95.54 	 Previous best codebleu 94.98
  ********************
 Achieve Best bleu:95.54
  ********************

***** Running evaluation *****
  Num examples = 32
  Batch size = 4
  epoch = 2
  eval_ppl = 2.682258762566835e+111
  global_step = 196
  train_loss = 1.6286
  ********************
Previous best ppl:7.812871359303935e+112
Achieve Best ppl:2.682258762566835e+111
  ********************
BLEU file: ./data/sstubs/2/validation.jsonl
  codebleu-4 = 94.45 	 Previous best codebleu 95.54
  ********************

***** Running evaluation *****
  Num examples = 32
  Batch size = 4
  epoch = 3
  eval_ppl = 3.8769278544156774e+108
  global_step = 261
  train_loss = 1.1596
  ********************
Previous best ppl:2.682258762566835e+111
Achieve Best ppl:3.8769278544156774e+108
  ********************
BLEU file: ./data/sstubs/2/validation.jsonl
  codebleu-4 = 96.05 	 Previous best codebleu 95.54
  ********************
 Achieve Best bleu:96.05
  ********************

***** Running evaluation *****
  Num examples = 32
  Batch size = 4
  epoch = 4
  eval_ppl = 4.540867175511668e+111
  global_step = 326
  train_loss = 0.5238
  ********************
Previous best ppl:3.8769278544156774e+108
BLEU file: ./data/sstubs/2/validation.jsonl
  codebleu-4 = 95.68 	 Previous best codebleu 96.05
  ********************

***** Running evaluation *****
  Num examples = 32
  Batch size = 4
  epoch = 5
  eval_ppl = 2.770175344428101e+111
  global_step = 391
  train_loss = 0.3025
  ********************
Previous best ppl:3.8769278544156774e+108
BLEU file: ./data/sstubs/2/validation.jsonl
  codebleu-4 = 96.05 	 Previous best codebleu 96.05
  ********************

***** Running evaluation *****
  Num examples = 32
  Batch size = 4
  epoch = 6
  eval_ppl = 4.420943204443702e+109
  global_step = 456
  train_loss = 0.2179
  ********************
Previous best ppl:3.8769278544156774e+108
BLEU file: ./data/sstubs/2/validation.jsonl
  codebleu-4 = 96.05 	 Previous best codebleu 96.05
  ********************
early stopping!!!
reload model from result/sstubs/2/hard5_codet5p_770m/checkpoint-best-bleu
BLEU file: ./data/sstubs/2/test.jsonl
  codebleu = 94.1 
  Total = 32 
  Exact Fixed = 19 
[1, 2, 3, 5, 6, 9, 10, 11, 12, 14, 17, 18, 19, 21, 23, 27, 28, 29, 30]
  Syntax Fixed = 0 
[]
  Cleaned Fixed = 0 
[]
  ********************
  Total = 32 
  Exact Fixed = 19 
[1, 2, 3, 5, 6, 9, 10, 11, 12, 14, 17, 18, 19, 21, 23, 27, 28, 29, 30]
  Syntax Fixed = 0 
[]
  Cleaned Fixed = 0 
[]
  codebleu = 94.1 
[1.0, 1.0, 1.0, 0.8809865946035704, 1.0, 1.0, 0.7555732843655234, 0.6889840736522397, 1.0, 1.0, 1.0, 1.0, 0.645426537036109, 1.0, 0.8387796716807858, 0.9097382001430849, 1.0, 1.0, 1.0, 0.8816015466501335, 1.0, 0.8632190569806657, 1.0, 0.9327938350960072, 0.8927685762874167, 0.9270405384522935, 1.0, 1.0, 1.0, 1.0, 0.9334681110717995, 0.9620033353993269]
Finish training and take 8m
