Namespace(log_name='./sstubs/2/hard9_codet5p_220m.log', model_name='Salesforce/codet5p-220m', lang='java', output_dir='sstubs/2/hard9_codet5p_220m', data_dir='./data/sstubs/2', no_cuda=False, visible_gpu='0', num_train_epochs=10, num_test_epochs=1, train_batch_size=4, eval_batch_size=4, gradient_accumulation_steps=1, load_model_path=None, config_name='', tokenizer_name='', max_source_length=512, max_target_length=512, warm_up_ratio=0.1, do_train=True, do_eval=True, do_test=True, freeze=False, learning_rate=5e-05, beam_size=10, weight_decay=0.0, adam_epsilon=1e-08, local_rank=-1, seed=42, early_stop_threshold=3)
Process rank: -1, device: cuda, n_gpu: 1, distributed training: False
Model created!!
[[{'text': 'Please fix an buggy program', 'loss_ids': 0, 'shortenable_ids': 0}, {'text': ' };       private final HotSwapPassFactory checkAccessControls =        new HotSwapPassFactory("checkAccessControls", true) {      @Override      protected HotSwapCompilerPass createInternal(AbstractCompiler compiler) {', 'loss_ids': 0, 'shortenable_ids': 1}, {'text': ' the bug type is', 'loss_ids': 0, 'shortenable_ids': 0}, {'text': ' Change Modifier', 'loss_ids': 0, 'shortenable_ids': 1}, {'text': ' the abstract syntax tree of bug line before fixing is', 'loss_ids': 0, 'shortenable_ids': 0}, {'text': ' 18', 'loss_ids': 0, 'shortenable_ids': 0}, {'text': '<mask>', 'loss_ids': 1, 'shortenable_ids': 0}, {'text': ' is the fixed version', 'loss_ids': 0, 'shortenable_ids': 0}], {'guid': 0, 'tgt_text': '};       final HotSwapPassFactory checkAccessControls =        new HotSwapPassFactory("checkAccessControls", true) {      @Override      protected HotSwapCompilerPass createInternal(AbstractCompiler compiler) {'}]
***** Running training *****
  Num examples = 223
  Batch size = 4
  Num epoch = 10

***** Running evaluation *****
  Num examples = 28
  Batch size = 4
  epoch = 0
  eval_ppl = 6.693957190301126e+94
  global_step = 57
  train_loss = 18.4399
  ********************
Previous best ppl:inf
Achieve Best ppl:6.693957190301126e+94
  ********************
BLEU file: ./data/sstubs/2/validation.jsonl
  codebleu-4 = 91.34 	 Previous best codebleu 0
  ********************
 Achieve Best bleu:91.34
  ********************

***** Running evaluation *****
  Num examples = 28
  Batch size = 4
  epoch = 1
  eval_ppl = 7.674782704379237e+103
  global_step = 113
  train_loss = 4.4631
  ********************
Previous best ppl:6.693957190301126e+94
BLEU file: ./data/sstubs/2/validation.jsonl
  codebleu-4 = 95.51 	 Previous best codebleu 91.34
  ********************
 Achieve Best bleu:95.51
  ********************

***** Running evaluation *****
  Num examples = 28
  Batch size = 4
  epoch = 2
  eval_ppl = 8.879593387793377e+101
  global_step = 169
  train_loss = 2.1855
  ********************
Previous best ppl:6.693957190301126e+94
BLEU file: ./data/sstubs/2/validation.jsonl
  codebleu-4 = 95.24 	 Previous best codebleu 95.51
  ********************

***** Running evaluation *****
  Num examples = 28
  Batch size = 4
  epoch = 3
  eval_ppl = 2.5712696117803207e+103
  global_step = 225
  train_loss = 1.2175
  ********************
Previous best ppl:6.693957190301126e+94
BLEU file: ./data/sstubs/2/validation.jsonl
  codebleu-4 = 94.31 	 Previous best codebleu 95.51
  ********************

***** Running evaluation *****
  Num examples = 28
  Batch size = 4
  epoch = 4
  eval_ppl = 5.143332970259222e+98
  global_step = 281
  train_loss = 1.0299
  ********************
Previous best ppl:6.693957190301126e+94
BLEU file: ./data/sstubs/2/validation.jsonl
  codebleu-4 = 95.97 	 Previous best codebleu 95.51
  ********************
 Achieve Best bleu:95.97
  ********************

***** Running evaluation *****
  Num examples = 28
  Batch size = 4
  epoch = 5
  eval_ppl = 1.0950925680577853e+104
  global_step = 337
  train_loss = 0.5262
  ********************
Previous best ppl:6.693957190301126e+94
BLEU file: ./data/sstubs/2/validation.jsonl
  codebleu-4 = 95.4 	 Previous best codebleu 95.97
  ********************

***** Running evaluation *****
  Num examples = 28
  Batch size = 4
  epoch = 6
  eval_ppl = 9.642000034869155e+105
  global_step = 393
  train_loss = 0.3855
  ********************
Previous best ppl:6.693957190301126e+94
BLEU file: ./data/sstubs/2/validation.jsonl
  codebleu-4 = 95.97 	 Previous best codebleu 95.97
  ********************

***** Running evaluation *****
  Num examples = 28
  Batch size = 4
  epoch = 7
  eval_ppl = 7.778129117870459e+106
  global_step = 449
  train_loss = 0.2247
  ********************
Previous best ppl:6.693957190301126e+94
BLEU file: ./data/sstubs/2/validation.jsonl
  codebleu-4 = 95.97 	 Previous best codebleu 95.97
  ********************
early stopping!!!
reload model from sstubs/2/hard9_codet5p_220m/checkpoint-best-bleu
BLEU file: ./data/sstubs/2/test.jsonl
  codebleu = 94.15 
  Total = 27 
  Exact Fixed = 16 
[1, 3, 4, 6, 7, 9, 10, 11, 13, 14, 15, 19, 21, 22, 24, 26]
  Syntax Fixed = 0 
[]
  Cleaned Fixed = 0 
[]
  ********************
  Total = 27 
  Exact Fixed = 16 
[1, 3, 4, 6, 7, 9, 10, 11, 13, 14, 15, 19, 21, 22, 24, 26]
  Syntax Fixed = 0 
[]
  Cleaned Fixed = 0 
[]
  codebleu = 94.15 
[1.0, 0.9261420415269246, 1.0, 1.0, 0.8397142137521943, 1.0, 1.0, 0.8476460351025821, 1.0, 1.0, 1.0, 0.7032463562196102, 1.0, 1.0, 1.0, 0.8947836446510709, 0.9601466755014141, 0.9325400085710811, 1.0, 0.8755319098520675, 1.0, 1.0, 0.6577095841418729, 1.0, 0.8658230311280162, 1.0, 0.9179855428506689]
Finish training and take 4m
Namespace(log_name='./result/sstubs/2/hard9_codet5p_220m.log', model_name='Salesforce/codet5p-220m', lang='java', output_dir='result/sstubs/2/hard9_codet5p_220m', data_dir='./data/sstubs/2', no_cuda=False, visible_gpu='0', num_train_epochs=10, num_test_epochs=1, train_batch_size=4, eval_batch_size=4, gradient_accumulation_steps=1, load_model_path=None, config_name='', tokenizer_name='', max_source_length=512, max_target_length=512, warm_up_ratio=0.1, do_train=True, do_eval=True, do_test=True, freeze=False, learning_rate=5e-05, beam_size=10, weight_decay=0.0, adam_epsilon=1e-08, local_rank=-1, seed=42, early_stop_threshold=3)
Process rank: -1, device: cuda, n_gpu: 1, distributed training: False
Model created!!
[[{'text': 'Please fix a buggy program', 'loss_ids': 0, 'shortenable_ids': 0}, {'text': ' @SuppressWarnings("unchecked")    @Override   public V value(Object node) {      Object value = adjacentNodeValues.get(node);      if (value == PRED) {        return null;', 'loss_ids': 0, 'shortenable_ids': 1}, {'text': ' the bug type is', 'loss_ids': 0, 'shortenable_ids': 0}, {'text': ' Change Identifier Used', 'loss_ids': 0, 'shortenable_ids': 0}, {'text': ' the abstract syntax tree of bug line before fixing is', 'loss_ids': 0, 'shortenable_ids': 0}, {'text': ' Object node', 'loss_ids': 0, 'shortenable_ids': 1}, {'text': '<mask>', 'loss_ids': 1, 'shortenable_ids': 0}, {'text': ' is the fixed version', 'loss_ids': 0, 'shortenable_ids': 0}], {'guid': 0, 'tgt_text': '@SuppressWarnings("unchecked")    @Override   public V value(N node) {      Object value = adjacentNodeValues.get(node);      if (value == PRED) {        return null;'}]
***** Running training *****
  Num examples = 260
  Batch size = 4
  Num epoch = 10

***** Running evaluation *****
  Num examples = 32
  Batch size = 4
  epoch = 0
  eval_ppl = 7.882370004441802e+105
  global_step = 66
  train_loss = 17.3211
  ********************
Previous best ppl:inf
Achieve Best ppl:7.882370004441802e+105
  ********************
BLEU file: ./data/sstubs/2/validation.jsonl
  codebleu-4 = 95.05 	 Previous best codebleu 0
  ********************
 Achieve Best bleu:95.05
  ********************

***** Running evaluation *****
  Num examples = 32
  Batch size = 4
  epoch = 1
  eval_ppl = 1.0055246650233837e+107
  global_step = 131
  train_loss = 4.1487
  ********************
Previous best ppl:7.882370004441802e+105
BLEU file: ./data/sstubs/2/validation.jsonl
  codebleu-4 = 95.44 	 Previous best codebleu 95.05
  ********************
 Achieve Best bleu:95.44
  ********************

***** Running evaluation *****
  Num examples = 32
  Batch size = 4
  epoch = 2
  eval_ppl = 3.868798326145335e+106
  global_step = 196
  train_loss = 2.7068
  ********************
Previous best ppl:7.882370004441802e+105
BLEU file: ./data/sstubs/2/validation.jsonl
  codebleu-4 = 95.16 	 Previous best codebleu 95.44
  ********************

***** Running evaluation *****
  Num examples = 32
  Batch size = 4
  epoch = 3
  eval_ppl = 8.649225963594185e+107
  global_step = 261
  train_loss = 1.6719
  ********************
Previous best ppl:7.882370004441802e+105
BLEU file: ./data/sstubs/2/validation.jsonl
  codebleu-4 = 95.59 	 Previous best codebleu 95.44
  ********************
 Achieve Best bleu:95.59
  ********************

***** Running evaluation *****
  Num examples = 32
  Batch size = 4
  epoch = 4
  eval_ppl = 5.875443082199176e+118
  global_step = 326
  train_loss = 1.1377
  ********************
Previous best ppl:7.882370004441802e+105
BLEU file: ./data/sstubs/2/validation.jsonl
  codebleu-4 = 95.85 	 Previous best codebleu 95.59
  ********************
 Achieve Best bleu:95.85
  ********************

***** Running evaluation *****
  Num examples = 32
  Batch size = 4
  epoch = 5
  eval_ppl = 5.0137883917986563e+123
  global_step = 391
  train_loss = 0.6065
  ********************
Previous best ppl:7.882370004441802e+105
BLEU file: ./data/sstubs/2/validation.jsonl
  codebleu-4 = 95.95 	 Previous best codebleu 95.85
  ********************
 Achieve Best bleu:95.95
  ********************

***** Running evaluation *****
  Num examples = 32
  Batch size = 4
  epoch = 6
  eval_ppl = 8.618588098446285e+124
  global_step = 456
  train_loss = 0.4893
  ********************
Previous best ppl:7.882370004441802e+105
BLEU file: ./data/sstubs/2/validation.jsonl
  codebleu-4 = 95.95 	 Previous best codebleu 95.95
  ********************

***** Running evaluation *****
  Num examples = 32
  Batch size = 4
  epoch = 7
  eval_ppl = 2.6374312256082165e+125
  global_step = 521
  train_loss = 0.4743
  ********************
Previous best ppl:7.882370004441802e+105
BLEU file: ./data/sstubs/2/validation.jsonl
  codebleu-4 = 95.92 	 Previous best codebleu 95.95
  ********************

***** Running evaluation *****
  Num examples = 32
  Batch size = 4
  epoch = 8
  eval_ppl = 7.87926353106009e+125
  global_step = 586
  train_loss = 0.2533
  ********************
Previous best ppl:7.882370004441802e+105
BLEU file: ./data/sstubs/2/validation.jsonl
  codebleu-4 = 95.92 	 Previous best codebleu 95.95
  ********************
early stopping!!!
reload model from result/sstubs/2/hard9_codet5p_220m/checkpoint-best-bleu
BLEU file: ./data/sstubs/2/test.jsonl
  codebleu = 93.83 
  Total = 32 
  Exact Fixed = 19 
[1, 2, 3, 5, 6, 9, 10, 11, 12, 14, 17, 18, 19, 21, 23, 27, 28, 29, 30]
  Syntax Fixed = 0 
[]
  Cleaned Fixed = 0 
[]
  ********************
  Total = 32 
  Exact Fixed = 19 
[1, 2, 3, 5, 6, 9, 10, 11, 12, 14, 17, 18, 19, 21, 23, 27, 28, 29, 30]
  Syntax Fixed = 0 
[]
  Cleaned Fixed = 0 
[]
  codebleu = 93.83 
[1.0, 1.0, 1.0, 0.8809865946035704, 1.0, 1.0, 0.7555732843655234, 0.6764840736522396, 1.0, 1.0, 1.0, 1.0, 0.645426537036109, 1.0, 0.7726680042740901, 0.9097382001430849, 1.0, 1.0, 1.0, 0.8816015466501335, 1.0, 0.8937646940710373, 1.0, 0.8952938350960071, 0.8927685762874167, 0.9270405384522935, 1.0, 1.0, 1.0, 1.0, 0.9334681110717995, 0.9620033353993269]
Finish training and take 6m
