Namespace(log_name='./sstubs/2/hard3_codet5p_770m.log', model_name='Salesforce/codet5p-770m', lang='java', output_dir='sstubs/2/hard3_codet5p_770m', data_dir='./data/sstubs/2', no_cuda=False, visible_gpu='0', num_train_epochs=10, num_test_epochs=1, train_batch_size=4, eval_batch_size=4, gradient_accumulation_steps=1, load_model_path=None, config_name='', tokenizer_name='', max_source_length=512, max_target_length=512, warm_up_ratio=0.1, do_train=True, do_eval=True, do_test=True, freeze=False, learning_rate=5e-05, beam_size=10, weight_decay=0.0, adam_epsilon=1e-08, local_rank=-1, seed=42, early_stop_threshold=3)
Process rank: -1, device: cuda, n_gpu: 1, distributed training: False
Model created!!
[[{'text': 'Fix', 'loss_ids': 0, 'shortenable_ids': 0}, {'text': ' };       private final HotSwapPassFactory checkAccessControls =        new HotSwapPassFactory("checkAccessControls", true) {      @Override      protected HotSwapCompilerPass createInternal(AbstractCompiler compiler) {', 'loss_ids': 0, 'shortenable_ids': 1}, {'text': ' fixed program is', 'loss_ids': 0, 'shortenable_ids': 0}, {'text': '<mask>', 'loss_ids': 1, 'shortenable_ids': 0}], {'guid': 0, 'tgt_text': '};       final HotSwapPassFactory checkAccessControls =        new HotSwapPassFactory("checkAccessControls", true) {      @Override      protected HotSwapCompilerPass createInternal(AbstractCompiler compiler) {'}]
***** Running training *****
  Num examples = 223
  Batch size = 4
  Num epoch = 10

***** Running evaluation *****
  Num examples = 28
  Batch size = 4
  epoch = 0
  eval_ppl = 1.0965882771363493e+95
  global_step = 57
  train_loss = 16.0315
  ********************
Previous best ppl:inf
Achieve Best ppl:1.0965882771363493e+95
  ********************
BLEU file: ./data/sstubs/2/validation.jsonl
  codebleu-4 = 94.93 	 Previous best codebleu 0
  ********************
 Achieve Best bleu:94.93
  ********************

***** Running evaluation *****
  Num examples = 28
  Batch size = 4
  epoch = 1
  eval_ppl = 6.816772931034628e+98
  global_step = 113
  train_loss = 3.2936
  ********************
Previous best ppl:1.0965882771363493e+95
BLEU file: ./data/sstubs/2/validation.jsonl
  codebleu-4 = 95.4 	 Previous best codebleu 94.93
  ********************
 Achieve Best bleu:95.4
  ********************

***** Running evaluation *****
  Num examples = 28
  Batch size = 4
  epoch = 2
  eval_ppl = 1.690380422915874e+97
  global_step = 169
  train_loss = 1.965
  ********************
Previous best ppl:1.0965882771363493e+95
BLEU file: ./data/sstubs/2/validation.jsonl
  codebleu-4 = 95.74 	 Previous best codebleu 95.4
  ********************
 Achieve Best bleu:95.74
  ********************

***** Running evaluation *****
  Num examples = 28
  Batch size = 4
  epoch = 3
  eval_ppl = 1.3547797008613284e+102
  global_step = 225
  train_loss = 1.073
  ********************
Previous best ppl:1.0965882771363493e+95
BLEU file: ./data/sstubs/2/validation.jsonl
  codebleu-4 = 93.45 	 Previous best codebleu 95.74
  ********************

***** Running evaluation *****
  Num examples = 28
  Batch size = 4
  epoch = 4
  eval_ppl = 1.764304243918317e+97
  global_step = 281
  train_loss = 0.9635
  ********************
Previous best ppl:1.0965882771363493e+95
BLEU file: ./data/sstubs/2/validation.jsonl
  codebleu-4 = 95.9 	 Previous best codebleu 95.74
  ********************
 Achieve Best bleu:95.9
  ********************

***** Running evaluation *****
  Num examples = 28
  Batch size = 4
  epoch = 5
  eval_ppl = 2.1033034585908e+101
  global_step = 337
  train_loss = 0.509
  ********************
Previous best ppl:1.0965882771363493e+95
BLEU file: ./data/sstubs/2/validation.jsonl
  codebleu-4 = 92.87 	 Previous best codebleu 95.9
  ********************

***** Running evaluation *****
  Num examples = 28
  Batch size = 4
  epoch = 6
  eval_ppl = 1.690789294861114e+100
  global_step = 393
  train_loss = 0.3862
  ********************
Previous best ppl:1.0965882771363493e+95
BLEU file: ./data/sstubs/2/validation.jsonl
  codebleu-4 = 95.45 	 Previous best codebleu 95.9
  ********************

***** Running evaluation *****
  Num examples = 28
  Batch size = 4
  epoch = 7
  eval_ppl = 1.6143451770290755e+101
  global_step = 449
  train_loss = 0.2967
  ********************
Previous best ppl:1.0965882771363493e+95
BLEU file: ./data/sstubs/2/validation.jsonl
  codebleu-4 = 95.45 	 Previous best codebleu 95.9
  ********************
early stopping!!!
reload model from sstubs/2/hard3_codet5p_770m/checkpoint-best-bleu
BLEU file: ./data/sstubs/2/test.jsonl
  codebleu = 94.46 
  Total = 27 
  Exact Fixed = 17 
[1, 3, 4, 5, 6, 7, 9, 10, 11, 13, 14, 15, 19, 21, 22, 24, 26]
  Syntax Fixed = 0 
[]
  Cleaned Fixed = 0 
[]
  ********************
  Total = 27 
  Exact Fixed = 17 
[1, 3, 4, 5, 6, 7, 9, 10, 11, 13, 14, 15, 19, 21, 22, 24, 26]
  Syntax Fixed = 0 
[]
  Cleaned Fixed = 0 
[]
  codebleu = 94.46 
[1.0, 0.9261420415269246, 1.0, 1.0, 1.0, 1.0, 1.0, 0.8476460351025821, 1.0, 1.0, 1.0, 0.7032463562196102, 1.0, 1.0, 1.0, 0.8947836446510709, 0.9601466755014141, 0.9325400085710811, 1.0, 0.8755319098520675, 1.0, 1.0, 0.5816985005416719, 1.0, 0.8658230311280162, 1.0, 0.9179855428506689]
Finish training and take 8m
Namespace(log_name='./result/sstubs/2/hard3_codet5p_770m.log', model_name='Salesforce/codet5p-770m', lang='java', output_dir='result/sstubs/2/hard3_codet5p_770m', data_dir='./data/sstubs/2', no_cuda=False, visible_gpu='0', num_train_epochs=10, num_test_epochs=1, train_batch_size=4, eval_batch_size=4, gradient_accumulation_steps=1, load_model_path=None, config_name='', tokenizer_name='', max_source_length=512, max_target_length=512, warm_up_ratio=0.1, do_train=True, do_eval=True, do_test=True, freeze=False, learning_rate=5e-05, beam_size=10, weight_decay=0.0, adam_epsilon=1e-08, local_rank=-1, seed=42, early_stop_threshold=3)
Process rank: -1, device: cuda, n_gpu: 1, distributed training: False
Model created!!
[[{'text': 'Fix', 'loss_ids': 0, 'shortenable_ids': 0}, {'text': ' @SuppressWarnings("unchecked")    @Override   public V value(Object node) {      Object value = adjacentNodeValues.get(node);      if (value == PRED) {        return null;', 'loss_ids': 0, 'shortenable_ids': 1}, {'text': ' fixed program is', 'loss_ids': 0, 'shortenable_ids': 0}, {'text': '<mask>', 'loss_ids': 1, 'shortenable_ids': 0}], {'guid': 0, 'tgt_text': '@SuppressWarnings("unchecked")    @Override   public V value(N node) {      Object value = adjacentNodeValues.get(node);      if (value == PRED) {        return null;'}]
***** Running training *****
  Num examples = 260
  Batch size = 4
  Num epoch = 10

***** Running evaluation *****
  Num examples = 32
  Batch size = 4
  epoch = 0
  eval_ppl = 8.801108637835737e+106
  global_step = 66
  train_loss = 15.9507
  ********************
Previous best ppl:inf
Achieve Best ppl:8.801108637835737e+106
  ********************
BLEU file: ./data/sstubs/2/validation.jsonl
  codebleu-4 = 95.33 	 Previous best codebleu 0
  ********************
 Achieve Best bleu:95.33
  ********************

***** Running evaluation *****
  Num examples = 32
  Batch size = 4
  epoch = 1
  eval_ppl = 4.4730536080248685e+108
  global_step = 131
  train_loss = 4.2181
  ********************
Previous best ppl:8.801108637835737e+106
BLEU file: ./data/sstubs/2/validation.jsonl
  codebleu-4 = 95.25 	 Previous best codebleu 95.33
  ********************

***** Running evaluation *****
  Num examples = 32
  Batch size = 4
  epoch = 2
  eval_ppl = 1.3692451637404514e+107
  global_step = 196
  train_loss = 2.2988
  ********************
Previous best ppl:8.801108637835737e+106
BLEU file: ./data/sstubs/2/validation.jsonl
  codebleu-4 = 95.26 	 Previous best codebleu 95.33
  ********************

***** Running evaluation *****
  Num examples = 32
  Batch size = 4
  epoch = 3
  eval_ppl = 9.145218462025072e+107
  global_step = 261
  train_loss = 1.051
  ********************
Previous best ppl:8.801108637835737e+106
BLEU file: ./data/sstubs/2/validation.jsonl
  codebleu-4 = 95.95 	 Previous best codebleu 95.33
  ********************
 Achieve Best bleu:95.95
  ********************

***** Running evaluation *****
  Num examples = 32
  Batch size = 4
  epoch = 4
  eval_ppl = 2.3390466171452704e+106
  global_step = 326
  train_loss = 0.6955
  ********************
Previous best ppl:8.801108637835737e+106
Achieve Best ppl:2.3390466171452704e+106
  ********************
BLEU file: ./data/sstubs/2/validation.jsonl
  codebleu-4 = 95.58 	 Previous best codebleu 95.95
  ********************

***** Running evaluation *****
  Num examples = 32
  Batch size = 4
  epoch = 5
  eval_ppl = 8.45276757430598e+107
  global_step = 391
  train_loss = 0.7433
  ********************
Previous best ppl:2.3390466171452704e+106
BLEU file: ./data/sstubs/2/validation.jsonl
  codebleu-4 = 95.95 	 Previous best codebleu 95.95
  ********************

***** Running evaluation *****
  Num examples = 32
  Batch size = 4
  epoch = 6
  eval_ppl = 1.4066104247886139e+109
  global_step = 456
  train_loss = 0.3714
  ********************
Previous best ppl:2.3390466171452704e+106
BLEU file: ./data/sstubs/2/validation.jsonl
  codebleu-4 = 95.95 	 Previous best codebleu 95.95
  ********************

***** Running evaluation *****
  Num examples = 32
  Batch size = 4
  epoch = 7
  eval_ppl = 2.3786985680911437e+111
  global_step = 521
  train_loss = 0.222
  ********************
Previous best ppl:2.3390466171452704e+106
BLEU file: ./data/sstubs/2/validation.jsonl
  codebleu-4 = 95.95 	 Previous best codebleu 95.95
  ********************
early stopping!!!
reload model from result/sstubs/2/hard3_codet5p_770m/checkpoint-best-bleu
BLEU file: ./data/sstubs/2/test.jsonl
  codebleu = 94.06 
  Total = 32 
  Exact Fixed = 19 
[1, 2, 3, 5, 6, 9, 10, 11, 12, 14, 17, 18, 19, 21, 23, 27, 28, 29, 30]
  Syntax Fixed = 0 
[]
  Cleaned Fixed = 0 
[]
  ********************
  Total = 32 
  Exact Fixed = 19 
[1, 2, 3, 5, 6, 9, 10, 11, 12, 14, 17, 18, 19, 21, 23, 27, 28, 29, 30]
  Syntax Fixed = 0 
[]
  Cleaned Fixed = 0 
[]
  codebleu = 94.06 
[1.0, 1.0, 1.0, 0.8809865946035704, 1.0, 1.0, 0.7555732843655234, 0.6889840736522397, 1.0, 1.0, 1.0, 1.0, 0.645426537036109, 1.0, 0.8387796716807858, 0.9097382001430849, 1.0, 1.0, 1.0, 0.8367953537684858, 1.0, 0.8937646940710373, 1.0, 0.9327938350960072, 0.8927685762874167, 0.9270405384522935, 1.0, 1.0, 1.0, 1.0, 0.9334681110717995, 0.9620033353993269]
Finish training and take 14m
