Namespace(log_name='./sstubs/2/hard5_codet5p_220m.log', model_name='Salesforce/codet5p-220m', lang='java', output_dir='sstubs/2/hard5_codet5p_220m', data_dir='./data/sstubs/2', no_cuda=False, visible_gpu='0', num_train_epochs=10, num_test_epochs=1, train_batch_size=4, eval_batch_size=4, gradient_accumulation_steps=1, load_model_path=None, config_name='', tokenizer_name='', max_source_length=512, max_target_length=512, warm_up_ratio=0.1, do_train=True, do_eval=True, do_test=True, freeze=False, learning_rate=5e-05, beam_size=10, weight_decay=0.0, adam_epsilon=1e-08, local_rank=-1, seed=42, early_stop_threshold=3)
Process rank: -1, device: cuda, n_gpu: 1, distributed training: False
Model created!!
[[{'text': '};       private final HotSwapPassFactory checkAccessControls =        new HotSwapPassFactory("checkAccessControls", true) {      @Override      protected HotSwapCompilerPass createInternal(AbstractCompiler compiler) {', 'loss_ids': 0, 'shortenable_ids': 1}, {'text': ' is buggy program', 'loss_ids': 0, 'shortenable_ids': 0}, {'text': '<mask>', 'loss_ids': 1, 'shortenable_ids': 0}, {'text': ' is fixed program', 'loss_ids': 0, 'shortenable_ids': 0}], {'guid': 0, 'tgt_text': '};       final HotSwapPassFactory checkAccessControls =        new HotSwapPassFactory("checkAccessControls", true) {      @Override      protected HotSwapCompilerPass createInternal(AbstractCompiler compiler) {'}]
***** Running training *****
  Num examples = 223
  Batch size = 4
  Num epoch = 10

***** Running evaluation *****
  Num examples = 28
  Batch size = 4
  epoch = 0
  eval_ppl = 6.9226046499663955e+106
  global_step = 57
  train_loss = 20.0232
  ********************
Previous best ppl:inf
Achieve Best ppl:6.9226046499663955e+106
  ********************
BLEU file: ./data/sstubs/2/validation.jsonl
  codebleu-4 = 93.03 	 Previous best codebleu 0
  ********************
 Achieve Best bleu:93.03
  ********************

***** Running evaluation *****
  Num examples = 28
  Batch size = 4
  epoch = 1
  eval_ppl = 7.113172980196724e+105
  global_step = 113
  train_loss = 5.4167
  ********************
Previous best ppl:6.9226046499663955e+106
Achieve Best ppl:7.113172980196724e+105
  ********************
BLEU file: ./data/sstubs/2/validation.jsonl
  codebleu-4 = 95.42 	 Previous best codebleu 93.03
  ********************
 Achieve Best bleu:95.42
  ********************

***** Running evaluation *****
  Num examples = 28
  Batch size = 4
  epoch = 2
  eval_ppl = 8.131487210868298e+110
  global_step = 169
  train_loss = 2.6257
  ********************
Previous best ppl:7.113172980196724e+105
BLEU file: ./data/sstubs/2/validation.jsonl
  codebleu-4 = 95.72 	 Previous best codebleu 95.42
  ********************
 Achieve Best bleu:95.72
  ********************

***** Running evaluation *****
  Num examples = 28
  Batch size = 4
  epoch = 3
  eval_ppl = 8.607406099975051e+114
  global_step = 225
  train_loss = 1.5055
  ********************
Previous best ppl:7.113172980196724e+105
BLEU file: ./data/sstubs/2/validation.jsonl
  codebleu-4 = 95.6 	 Previous best codebleu 95.72
  ********************

***** Running evaluation *****
  Num examples = 28
  Batch size = 4
  epoch = 4
  eval_ppl = 8.83329052939006e+112
  global_step = 281
  train_loss = 1.5142
  ********************
Previous best ppl:7.113172980196724e+105
BLEU file: ./data/sstubs/2/validation.jsonl
  codebleu-4 = 95.42 	 Previous best codebleu 95.72
  ********************

***** Running evaluation *****
  Num examples = 28
  Batch size = 4
  epoch = 5
  eval_ppl = 8.31910315048921e+115
  global_step = 337
  train_loss = 0.8459
  ********************
Previous best ppl:7.113172980196724e+105
BLEU file: ./data/sstubs/2/validation.jsonl
  codebleu-4 = 95.97 	 Previous best codebleu 95.72
  ********************
 Achieve Best bleu:95.97
  ********************

***** Running evaluation *****
  Num examples = 28
  Batch size = 4
  epoch = 6
  eval_ppl = 9.46739819129071e+116
  global_step = 393
  train_loss = 0.6032
  ********************
Previous best ppl:7.113172980196724e+105
BLEU file: ./data/sstubs/2/validation.jsonl
  codebleu-4 = 95.97 	 Previous best codebleu 95.97
  ********************

***** Running evaluation *****
  Num examples = 28
  Batch size = 4
  epoch = 7
  eval_ppl = 5.336950434829042e+117
  global_step = 449
  train_loss = 0.3793
  ********************
Previous best ppl:7.113172980196724e+105
BLEU file: ./data/sstubs/2/validation.jsonl
  codebleu-4 = 95.97 	 Previous best codebleu 95.97
  ********************

***** Running evaluation *****
  Num examples = 28
  Batch size = 4
  epoch = 8
  eval_ppl = 1.070254853934983e+118
  global_step = 505
  train_loss = 0.3517
  ********************
Previous best ppl:7.113172980196724e+105
BLEU file: ./data/sstubs/2/validation.jsonl
  codebleu-4 = 95.97 	 Previous best codebleu 95.97
  ********************
early stopping!!!
reload model from sstubs/2/hard5_codet5p_220m/checkpoint-best-bleu
BLEU file: ./data/sstubs/2/test.jsonl
  codebleu = 92.16 
  Total = 27 
  Exact Fixed = 16 
[1, 3, 4, 5, 6, 7, 9, 10, 11, 13, 14, 19, 21, 22, 24, 26]
  Syntax Fixed = 0 
[]
  Cleaned Fixed = 0 
[]
  ********************
  Total = 27 
  Exact Fixed = 16 
[1, 3, 4, 5, 6, 7, 9, 10, 11, 13, 14, 19, 21, 22, 24, 26]
  Syntax Fixed = 0 
[]
  Cleaned Fixed = 0 
[]
  codebleu = 92.16 
[1.0, 0.9261420415269246, 1.0, 1.0, 1.0, 1.0, 1.0, 0.8476460351025821, 1.0, 1.0, 1.0, 0.7032463562196102, 1.0, 1.0, 0.3004900275854273, 0.8947836446510709, 0.9601466755014141, 0.9325400085710811, 1.0, 0.8755319098520675, 1.0, 1.0, 0.6577095841418729, 1.0, 0.8658230311280162, 1.0, 0.9179855428506689]
Finish training and take 3m
Namespace(log_name='./result/sstubs/2/hard5_codet5p_220m.log', model_name='Salesforce/codet5p-220m', lang='java', output_dir='result/sstubs/2/hard5_codet5p_220m', data_dir='./data/sstubs/2', no_cuda=False, visible_gpu='0', num_train_epochs=10, num_test_epochs=1, train_batch_size=4, eval_batch_size=4, gradient_accumulation_steps=1, load_model_path=None, config_name='', tokenizer_name='', max_source_length=512, max_target_length=512, warm_up_ratio=0.1, do_train=True, do_eval=True, do_test=True, freeze=False, learning_rate=5e-05, beam_size=10, weight_decay=0.0, adam_epsilon=1e-08, local_rank=-1, seed=42, early_stop_threshold=3)
Process rank: -1, device: cuda, n_gpu: 1, distributed training: False
Model created!!
[[{'text': '@SuppressWarnings("unchecked")    @Override   public V value(Object node) {      Object value = adjacentNodeValues.get(node);      if (value == PRED) {        return null;', 'loss_ids': 0, 'shortenable_ids': 1}, {'text': ' is buggy program', 'loss_ids': 0, 'shortenable_ids': 0}, {'text': '<mask>', 'loss_ids': 1, 'shortenable_ids': 0}, {'text': ' is fixed program', 'loss_ids': 0, 'shortenable_ids': 0}], {'guid': 0, 'tgt_text': '@SuppressWarnings("unchecked")    @Override   public V value(N node) {      Object value = adjacentNodeValues.get(node);      if (value == PRED) {        return null;'}]
***** Running training *****
  Num examples = 260
  Batch size = 4
  Num epoch = 10

***** Running evaluation *****
  Num examples = 32
  Batch size = 4
  epoch = 0
  eval_ppl = 1.6317429098820515e+116
  global_step = 66
  train_loss = 20.3274
  ********************
Previous best ppl:inf
Achieve Best ppl:1.6317429098820515e+116
  ********************
BLEU file: ./data/sstubs/2/validation.jsonl
  codebleu-4 = 94.43 	 Previous best codebleu 0
  ********************
 Achieve Best bleu:94.43
  ********************

***** Running evaluation *****
  Num examples = 32
  Batch size = 4
  epoch = 1
  eval_ppl = 4.3580255095736566e+116
  global_step = 131
  train_loss = 4.7324
  ********************
Previous best ppl:1.6317429098820515e+116
BLEU file: ./data/sstubs/2/validation.jsonl
  codebleu-4 = 95.61 	 Previous best codebleu 94.43
  ********************
 Achieve Best bleu:95.61
  ********************

***** Running evaluation *****
  Num examples = 32
  Batch size = 4
  epoch = 2
  eval_ppl = 1.3324544291265126e+122
  global_step = 196
  train_loss = 2.4091
  ********************
Previous best ppl:1.6317429098820515e+116
BLEU file: ./data/sstubs/2/validation.jsonl
  codebleu-4 = 94.19 	 Previous best codebleu 95.61
  ********************

***** Running evaluation *****
  Num examples = 32
  Batch size = 4
  epoch = 3
  eval_ppl = 7.350036083632543e+120
  global_step = 261
  train_loss = 1.4496
  ********************
Previous best ppl:1.6317429098820515e+116
BLEU file: ./data/sstubs/2/validation.jsonl
  codebleu-4 = 95.94 	 Previous best codebleu 95.61
  ********************
 Achieve Best bleu:95.94
  ********************

***** Running evaluation *****
  Num examples = 32
  Batch size = 4
  epoch = 4
  eval_ppl = 3.276789019835075e+122
  global_step = 326
  train_loss = 1.1622
  ********************
Previous best ppl:1.6317429098820515e+116
BLEU file: ./data/sstubs/2/validation.jsonl
  codebleu-4 = 95.87 	 Previous best codebleu 95.94
  ********************

***** Running evaluation *****
  Num examples = 32
  Batch size = 4
  epoch = 5
  eval_ppl = 2.5581186273917425e+124
  global_step = 391
  train_loss = 0.6442
  ********************
Previous best ppl:1.6317429098820515e+116
BLEU file: ./data/sstubs/2/validation.jsonl
  codebleu-4 = 95.98 	 Previous best codebleu 95.94
  ********************
 Achieve Best bleu:95.98
  ********************

***** Running evaluation *****
  Num examples = 32
  Batch size = 4
  epoch = 6
  eval_ppl = 5.558392303554537e+127
  global_step = 456
  train_loss = 0.4744
  ********************
Previous best ppl:1.6317429098820515e+116
BLEU file: ./data/sstubs/2/validation.jsonl
  codebleu-4 = 95.98 	 Previous best codebleu 95.98
  ********************

***** Running evaluation *****
  Num examples = 32
  Batch size = 4
  epoch = 7
  eval_ppl = 1.2380044217058147e+127
  global_step = 521
  train_loss = 0.4541
  ********************
Previous best ppl:1.6317429098820515e+116
BLEU file: ./data/sstubs/2/validation.jsonl
  codebleu-4 = 95.98 	 Previous best codebleu 95.98
  ********************

***** Running evaluation *****
  Num examples = 32
  Batch size = 4
  epoch = 8
  eval_ppl = 1.1795655021860171e+128
  global_step = 586
  train_loss = 0.315
  ********************
Previous best ppl:1.6317429098820515e+116
BLEU file: ./data/sstubs/2/validation.jsonl
  codebleu-4 = 95.98 	 Previous best codebleu 95.98
  ********************
early stopping!!!
reload model from result/sstubs/2/hard5_codet5p_220m/checkpoint-best-bleu
BLEU file: ./data/sstubs/2/test.jsonl
  codebleu = 94.01 
  Total = 32 
  Exact Fixed = 20 
[1, 2, 3, 5, 6, 9, 10, 11, 12, 14, 16, 17, 18, 19, 21, 23, 27, 28, 29, 30]
  Syntax Fixed = 0 
[]
  Cleaned Fixed = 0 
[]
  ********************
  Total = 32 
  Exact Fixed = 20 
[1, 2, 3, 5, 6, 9, 10, 11, 12, 14, 16, 17, 18, 19, 21, 23, 27, 28, 29, 30]
  Syntax Fixed = 0 
[]
  Cleaned Fixed = 0 
[]
  codebleu = 94.01 
[1.0, 1.0, 1.0, 0.8809865946035704, 1.0, 1.0, 0.7555732843655234, 0.6889840736522397, 1.0, 1.0, 1.0, 1.0, 0.645426537036109, 1.0, 0.7726680042740901, 0.9525370159990827, 1.0, 1.0, 1.0, 0.8816015466501335, 1.0, 0.8937646940710373, 1.0, 0.8952938350960071, 0.8927685762874167, 0.9270405384522935, 1.0, 1.0, 1.0, 1.0, 0.9334681110717995, 0.9620033353993269]
Finish training and take 6m
