Namespace(log_name='./sstubs/2/hard4_codet5p_220m.log', model_name='Salesforce/codet5p-220m', lang='java', output_dir='sstubs/2/hard4_codet5p_220m', data_dir='./data/sstubs/2', no_cuda=False, visible_gpu='0', num_train_epochs=10, num_test_epochs=1, train_batch_size=4, eval_batch_size=4, gradient_accumulation_steps=1, load_model_path=None, config_name='', tokenizer_name='', max_source_length=512, max_target_length=512, warm_up_ratio=0.1, do_train=True, do_eval=True, do_test=True, freeze=False, learning_rate=5e-05, beam_size=10, weight_decay=0.0, adam_epsilon=1e-08, local_rank=-1, seed=42, early_stop_threshold=3)
Process rank: -1, device: cuda, n_gpu: 1, distributed training: False
Model created!!
[[{'text': 'Fix', 'loss_ids': 0, 'shortenable_ids': 0}, {'text': ' };       private final HotSwapPassFactory checkAccessControls =        new HotSwapPassFactory("checkAccessControls", true) {      @Override      protected HotSwapCompilerPass createInternal(AbstractCompiler compiler) {', 'loss_ids': 0, 'shortenable_ids': 1}, {'text': '<mask>', 'loss_ids': 1, 'shortenable_ids': 0}, {'text': ' is fixed program', 'loss_ids': 0, 'shortenable_ids': 0}], {'guid': 0, 'tgt_text': '};       final HotSwapPassFactory checkAccessControls =        new HotSwapPassFactory("checkAccessControls", true) {      @Override      protected HotSwapCompilerPass createInternal(AbstractCompiler compiler) {'}]
***** Running training *****
  Num examples = 223
  Batch size = 4
  Num epoch = 10

***** Running evaluation *****
  Num examples = 28
  Batch size = 4
  epoch = 0
  eval_ppl = 1.2359260091248056e+101
  global_step = 57
  train_loss = 20.0451
  ********************
Previous best ppl:inf
Achieve Best ppl:1.2359260091248056e+101
  ********************
BLEU file: ./data/sstubs/2/validation.jsonl
  codebleu-4 = 94.88 	 Previous best codebleu 0
  ********************
 Achieve Best bleu:94.88
  ********************

***** Running evaluation *****
  Num examples = 28
  Batch size = 4
  epoch = 1
  eval_ppl = 4.97724474493074e+103
  global_step = 113
  train_loss = 5.3401
  ********************
Previous best ppl:1.2359260091248056e+101
BLEU file: ./data/sstubs/2/validation.jsonl
  codebleu-4 = 95.24 	 Previous best codebleu 94.88
  ********************
 Achieve Best bleu:95.24
  ********************

***** Running evaluation *****
  Num examples = 28
  Batch size = 4
  epoch = 2
  eval_ppl = 2.686687413768093e+107
  global_step = 169
  train_loss = 2.771
  ********************
Previous best ppl:1.2359260091248056e+101
BLEU file: ./data/sstubs/2/validation.jsonl
  codebleu-4 = 95.66 	 Previous best codebleu 95.24
  ********************
 Achieve Best bleu:95.66
  ********************

***** Running evaluation *****
  Num examples = 28
  Batch size = 4
  epoch = 3
  eval_ppl = 1.5077758994970014e+110
  global_step = 225
  train_loss = 1.332
  ********************
Previous best ppl:1.2359260091248056e+101
BLEU file: ./data/sstubs/2/validation.jsonl
  codebleu-4 = 96.04 	 Previous best codebleu 95.66
  ********************
 Achieve Best bleu:96.04
  ********************

***** Running evaluation *****
  Num examples = 28
  Batch size = 4
  epoch = 4
  eval_ppl = 6.818511094288965e+108
  global_step = 281
  train_loss = 1.0872
  ********************
Previous best ppl:1.2359260091248056e+101
BLEU file: ./data/sstubs/2/validation.jsonl
  codebleu-4 = 95.74 	 Previous best codebleu 96.04
  ********************

***** Running evaluation *****
  Num examples = 28
  Batch size = 4
  epoch = 5
  eval_ppl = 6.17623267611773e+111
  global_step = 337
  train_loss = 1.0591
  ********************
Previous best ppl:1.2359260091248056e+101
BLEU file: ./data/sstubs/2/validation.jsonl
  codebleu-4 = 95.91 	 Previous best codebleu 96.04
  ********************

***** Running evaluation *****
  Num examples = 28
  Batch size = 4
  epoch = 6
  eval_ppl = 4.2168245019791475e+111
  global_step = 393
  train_loss = 0.6393
  ********************
Previous best ppl:1.2359260091248056e+101
BLEU file: ./data/sstubs/2/validation.jsonl
  codebleu-4 = 95.91 	 Previous best codebleu 96.04
  ********************
early stopping!!!
reload model from sstubs/2/hard4_codet5p_220m/checkpoint-best-bleu
BLEU file: ./data/sstubs/2/test.jsonl
  codebleu = 93.68 
  Total = 27 
  Exact Fixed = 15 
[1, 3, 4, 6, 7, 9, 10, 11, 13, 14, 19, 21, 22, 24, 26]
  Syntax Fixed = 0 
[]
  Cleaned Fixed = 0 
[]
  ********************
  Total = 27 
  Exact Fixed = 15 
[1, 3, 4, 6, 7, 9, 10, 11, 13, 14, 19, 21, 22, 24, 26]
  Syntax Fixed = 0 
[]
  Cleaned Fixed = 0 
[]
  codebleu = 93.68 
[1.0, 0.9261420415269246, 1.0, 1.0, 0.8397142137521943, 1.0, 1.0, 0.8476460351025821, 1.0, 1.0, 1.0, 0.7032463562196102, 1.0, 1.0, 0.9495565333799167, 0.8947836446510709, 0.9601466755014141, 0.9325400085710811, 1.0, 0.8755319098520675, 1.0, 1.0, 0.5816985005416719, 1.0, 0.8658230311280162, 1.0, 0.9179855428506689]
Finish training and take 2m
Namespace(log_name='./result/sstubs/2/hard4_codet5p_220m.log', model_name='Salesforce/codet5p-220m', lang='java', output_dir='result/sstubs/2/hard4_codet5p_220m', data_dir='./data/sstubs/2', no_cuda=False, visible_gpu='0', num_train_epochs=10, num_test_epochs=1, train_batch_size=4, eval_batch_size=4, gradient_accumulation_steps=1, load_model_path=None, config_name='', tokenizer_name='', max_source_length=512, max_target_length=512, warm_up_ratio=0.1, do_train=True, do_eval=True, do_test=True, freeze=False, learning_rate=5e-05, beam_size=10, weight_decay=0.0, adam_epsilon=1e-08, local_rank=-1, seed=42, early_stop_threshold=3)
Process rank: -1, device: cuda, n_gpu: 1, distributed training: False
Model created!!
[[{'text': 'Fix', 'loss_ids': 0, 'shortenable_ids': 0}, {'text': ' @SuppressWarnings("unchecked")    @Override   public V value(Object node) {      Object value = adjacentNodeValues.get(node);      if (value == PRED) {        return null;', 'loss_ids': 0, 'shortenable_ids': 1}, {'text': '<mask>', 'loss_ids': 1, 'shortenable_ids': 0}, {'text': ' is fixed program', 'loss_ids': 0, 'shortenable_ids': 0}], {'guid': 0, 'tgt_text': '@SuppressWarnings("unchecked")    @Override   public V value(N node) {      Object value = adjacentNodeValues.get(node);      if (value == PRED) {        return null;'}]
***** Running training *****
  Num examples = 260
  Batch size = 4
  Num epoch = 10

***** Running evaluation *****
  Num examples = 32
  Batch size = 4
  epoch = 0
  eval_ppl = 7.064118938879929e+112
  global_step = 66
  train_loss = 18.564
  ********************
Previous best ppl:inf
Achieve Best ppl:7.064118938879929e+112
  ********************
BLEU file: ./data/sstubs/2/validation.jsonl
  codebleu-4 = 94.73 	 Previous best codebleu 0
  ********************
 Achieve Best bleu:94.73
  ********************

***** Running evaluation *****
  Num examples = 32
  Batch size = 4
  epoch = 1
  eval_ppl = 2.7254697824562e+122
  global_step = 131
  train_loss = 4.5374
  ********************
Previous best ppl:7.064118938879929e+112
BLEU file: ./data/sstubs/2/validation.jsonl
  codebleu-4 = 95.54 	 Previous best codebleu 94.73
  ********************
 Achieve Best bleu:95.54
  ********************

***** Running evaluation *****
  Num examples = 32
  Batch size = 4
  epoch = 2
  eval_ppl = 5.057087030335422e+124
  global_step = 196
  train_loss = 2.2897
  ********************
Previous best ppl:7.064118938879929e+112
BLEU file: ./data/sstubs/2/validation.jsonl
  codebleu-4 = 95.8 	 Previous best codebleu 95.54
  ********************
 Achieve Best bleu:95.8
  ********************

***** Running evaluation *****
  Num examples = 32
  Batch size = 4
  epoch = 3
  eval_ppl = 1.218634898026541e+128
  global_step = 261
  train_loss = 1.359
  ********************
Previous best ppl:7.064118938879929e+112
BLEU file: ./data/sstubs/2/validation.jsonl
  codebleu-4 = 95.36 	 Previous best codebleu 95.8
  ********************

***** Running evaluation *****
  Num examples = 32
  Batch size = 4
  epoch = 4
  eval_ppl = 2.607785005776882e+130
  global_step = 326
  train_loss = 0.7492
  ********************
Previous best ppl:7.064118938879929e+112
BLEU file: ./data/sstubs/2/validation.jsonl
  codebleu-4 = 95.8 	 Previous best codebleu 95.8
  ********************

***** Running evaluation *****
  Num examples = 32
  Batch size = 4
  epoch = 5
  eval_ppl = 4.074629573141858e+132
  global_step = 391
  train_loss = 0.5689
  ********************
Previous best ppl:7.064118938879929e+112
BLEU file: ./data/sstubs/2/validation.jsonl
  codebleu-4 = 95.72 	 Previous best codebleu 95.8
  ********************
early stopping!!!
reload model from result/sstubs/2/hard4_codet5p_220m/checkpoint-best-bleu
BLEU file: ./data/sstubs/2/test.jsonl
  codebleu = 93.43 
  Total = 32 
  Exact Fixed = 17 
[2, 3, 5, 6, 9, 10, 11, 12, 14, 16, 17, 18, 21, 23, 27, 29, 30]
  Syntax Fixed = 1 
[19]
  Cleaned Fixed = 0 
[]
  ********************
  Total = 32 
  Exact Fixed = 17 
[2, 3, 5, 6, 9, 10, 11, 12, 14, 16, 17, 18, 21, 23, 27, 29, 30]
  Syntax Fixed = 1 
[19]
  Cleaned Fixed = 0 
[]
  codebleu = 93.43 
[0.977213679071198, 1.0, 1.0, 0.8809865946035704, 1.0, 1.0, 0.7555732843655234, 0.6357776811679485, 1.0, 1.0, 1.0, 1.0, 0.645426537036109, 1.0, 0.7726680042740901, 0.9525370159990827, 1.0, 1.0, 0.9341303966021619, 0.8816015466501335, 1.0, 0.8937646940710373, 1.0, 0.9327938350960072, 0.8927685762874167, 0.9270405384522935, 1.0, 0.9213836287468253, 1.0, 1.0, 0.9334681110717995, 0.9620033353993269]
Finish training and take 4m
