Namespace(log_name='./sstubs/2/hard8_codet5p_220m.log', model_name='Salesforce/codet5p-220m', lang='java', output_dir='sstubs/2/hard8_codet5p_220m', data_dir='./data/sstubs/2', no_cuda=False, visible_gpu='0', num_train_epochs=10, num_test_epochs=1, train_batch_size=4, eval_batch_size=4, gradient_accumulation_steps=1, load_model_path=None, config_name='', tokenizer_name='', max_source_length=512, max_target_length=512, warm_up_ratio=0.1, do_train=True, do_eval=True, do_test=True, freeze=False, learning_rate=5e-05, beam_size=10, weight_decay=0.0, adam_epsilon=1e-08, local_rank=-1, seed=42, early_stop_threshold=3)
Process rank: -1, device: cuda, n_gpu: 1, distributed training: False
Model created!!
[[{'text': 'Please fix an buggy program', 'loss_ids': 0, 'shortenable_ids': 0}, {'text': ' };       private final HotSwapPassFactory checkAccessControls =        new HotSwapPassFactory("checkAccessControls", true) {      @Override      protected HotSwapCompilerPass createInternal(AbstractCompiler compiler) {', 'loss_ids': 0, 'shortenable_ids': 1}, {'text': ' the abstract syntax tree of bug line before fixing is', 'loss_ids': 0, 'shortenable_ids': 0}, {'text': ' 18', 'loss_ids': 0, 'shortenable_ids': 0}, {'text': '<mask>', 'loss_ids': 1, 'shortenable_ids': 0}, {'text': ' is the fixed version', 'loss_ids': 0, 'shortenable_ids': 0}], {'guid': 0, 'tgt_text': '};       final HotSwapPassFactory checkAccessControls =        new HotSwapPassFactory("checkAccessControls", true) {      @Override      protected HotSwapCompilerPass createInternal(AbstractCompiler compiler) {'}]
***** Running training *****
  Num examples = 223
  Batch size = 4
  Num epoch = 10

***** Running evaluation *****
  Num examples = 28
  Batch size = 4
  epoch = 0
  eval_ppl = 4.754261433627815e+100
  global_step = 57
  train_loss = 18.1882
  ********************
Previous best ppl:inf
Achieve Best ppl:4.754261433627815e+100
  ********************
BLEU file: ./data/sstubs/2/validation.jsonl
  codebleu-4 = 92.53 	 Previous best codebleu 0
  ********************
 Achieve Best bleu:92.53
  ********************

***** Running evaluation *****
  Num examples = 28
  Batch size = 4
  epoch = 1
  eval_ppl = 1.700730319063193e+102
  global_step = 113
  train_loss = 4.6788
  ********************
Previous best ppl:4.754261433627815e+100
BLEU file: ./data/sstubs/2/validation.jsonl
  codebleu-4 = 93.52 	 Previous best codebleu 92.53
  ********************
 Achieve Best bleu:93.52
  ********************

***** Running evaluation *****
  Num examples = 28
  Batch size = 4
  epoch = 2
  eval_ppl = 3.1139942877813106e+105
  global_step = 169
  train_loss = 3.1296
  ********************
Previous best ppl:4.754261433627815e+100
BLEU file: ./data/sstubs/2/validation.jsonl
  codebleu-4 = 91.64 	 Previous best codebleu 93.52
  ********************

***** Running evaluation *****
  Num examples = 28
  Batch size = 4
  epoch = 3
  eval_ppl = 2.504224092436973e+110
  global_step = 225
  train_loss = 1.4573
  ********************
Previous best ppl:4.754261433627815e+100
BLEU file: ./data/sstubs/2/validation.jsonl
  codebleu-4 = 95.03 	 Previous best codebleu 93.52
  ********************
 Achieve Best bleu:95.03
  ********************

***** Running evaluation *****
  Num examples = 28
  Batch size = 4
  epoch = 4
  eval_ppl = 4.7921978926373823e+111
  global_step = 281
  train_loss = 0.9629
  ********************
Previous best ppl:4.754261433627815e+100
BLEU file: ./data/sstubs/2/validation.jsonl
  codebleu-4 = 92.48 	 Previous best codebleu 95.03
  ********************

***** Running evaluation *****
  Num examples = 28
  Batch size = 4
  epoch = 5
  eval_ppl = 8.449383634283601e+111
  global_step = 337
  train_loss = 0.6718
  ********************
Previous best ppl:4.754261433627815e+100
BLEU file: ./data/sstubs/2/validation.jsonl
  codebleu-4 = 92.1 	 Previous best codebleu 95.03
  ********************

***** Running evaluation *****
  Num examples = 28
  Batch size = 4
  epoch = 6
  eval_ppl = 3.6511434991901057e+113
  global_step = 393
  train_loss = 0.4786
  ********************
Previous best ppl:4.754261433627815e+100
BLEU file: ./data/sstubs/2/validation.jsonl
  codebleu-4 = 92.66 	 Previous best codebleu 95.03
  ********************
early stopping!!!
reload model from sstubs/2/hard8_codet5p_220m/checkpoint-best-bleu
BLEU file: ./data/sstubs/2/test.jsonl
  codebleu = 94.06 
  Total = 27 
  Exact Fixed = 17 
[1, 3, 4, 5, 6, 7, 9, 10, 11, 13, 14, 15, 19, 21, 22, 24, 26]
  Syntax Fixed = 0 
[]
  Cleaned Fixed = 0 
[]
  ********************
  Total = 27 
  Exact Fixed = 17 
[1, 3, 4, 5, 6, 7, 9, 10, 11, 13, 14, 15, 19, 21, 22, 24, 26]
  Syntax Fixed = 0 
[]
  Cleaned Fixed = 0 
[]
  codebleu = 94.06 
[1.0, 0.9261420415269246, 1.0, 1.0, 1.0, 1.0, 1.0, 0.8476460351025821, 1.0, 1.0, 1.0, 0.7032463562196102, 1.0, 1.0, 1.0, 0.8947836446510709, 0.9601466755014141, 0.9325400085710811, 1.0, 0.8755319098520675, 1.0, 1.0, 0.6577095841418729, 1.0, 0.8658230311280162, 1.0, 0.7336075951152513]
Finish training and take 4m
Namespace(log_name='./result/sstubs/2/hard8_codet5p_220m.log', model_name='Salesforce/codet5p-220m', lang='java', output_dir='result/sstubs/2/hard8_codet5p_220m', data_dir='./data/sstubs/2', no_cuda=False, visible_gpu='0', num_train_epochs=10, num_test_epochs=1, train_batch_size=4, eval_batch_size=4, gradient_accumulation_steps=1, load_model_path=None, config_name='', tokenizer_name='', max_source_length=512, max_target_length=512, warm_up_ratio=0.1, do_train=True, do_eval=True, do_test=True, freeze=False, learning_rate=5e-05, beam_size=10, weight_decay=0.0, adam_epsilon=1e-08, local_rank=-1, seed=42, early_stop_threshold=3)
Process rank: -1, device: cuda, n_gpu: 1, distributed training: False
Model created!!
[[{'text': 'Please fix a buggy program', 'loss_ids': 0, 'shortenable_ids': 0}, {'text': ' @SuppressWarnings("unchecked")    @Override   public V value(Object node) {      Object value = adjacentNodeValues.get(node);      if (value == PRED) {        return null;', 'loss_ids': 0, 'shortenable_ids': 1}, {'text': ' the abstract syntax tree of bug line before fixing is', 'loss_ids': 0, 'shortenable_ids': 0}, {'text': ' Object node', 'loss_ids': 0, 'shortenable_ids': 1}, {'text': '<mask>', 'loss_ids': 1, 'shortenable_ids': 0}, {'text': ' is the fixed version', 'loss_ids': 0, 'shortenable_ids': 0}], {'guid': 0, 'tgt_text': '@SuppressWarnings("unchecked")    @Override   public V value(N node) {      Object value = adjacentNodeValues.get(node);      if (value == PRED) {        return null;'}]
***** Running training *****
  Num examples = 260
  Batch size = 4
  Num epoch = 10

***** Running evaluation *****
  Num examples = 32
  Batch size = 4
  epoch = 0
  eval_ppl = 2.8743054883788317e+109
  global_step = 66
  train_loss = 17.4553
  ********************
Previous best ppl:inf
Achieve Best ppl:2.8743054883788317e+109
  ********************
BLEU file: ./data/sstubs/2/validation.jsonl
  codebleu-4 = 95.1 	 Previous best codebleu 0
  ********************
 Achieve Best bleu:95.1
  ********************

***** Running evaluation *****
  Num examples = 32
  Batch size = 4
  epoch = 1
  eval_ppl = 2.715489105589682e+109
  global_step = 131
  train_loss = 4.1486
  ********************
Previous best ppl:2.8743054883788317e+109
Achieve Best ppl:2.715489105589682e+109
  ********************
BLEU file: ./data/sstubs/2/validation.jsonl
  codebleu-4 = 95.69 	 Previous best codebleu 95.1
  ********************
 Achieve Best bleu:95.69
  ********************

***** Running evaluation *****
  Num examples = 32
  Batch size = 4
  epoch = 2
  eval_ppl = 1.6262665824066714e+114
  global_step = 196
  train_loss = 2.1191
  ********************
Previous best ppl:2.715489105589682e+109
BLEU file: ./data/sstubs/2/validation.jsonl
  codebleu-4 = 95.53 	 Previous best codebleu 95.69
  ********************

***** Running evaluation *****
  Num examples = 32
  Batch size = 4
  epoch = 3
  eval_ppl = 4.4370771089747815e+116
  global_step = 261
  train_loss = 1.2886
  ********************
Previous best ppl:2.715489105589682e+109
BLEU file: ./data/sstubs/2/validation.jsonl
  codebleu-4 = 95.57 	 Previous best codebleu 95.69
  ********************

***** Running evaluation *****
  Num examples = 32
  Batch size = 4
  epoch = 4
  eval_ppl = 1.5147165008224005e+117
  global_step = 326
  train_loss = 0.8322
  ********************
Previous best ppl:2.715489105589682e+109
BLEU file: ./data/sstubs/2/validation.jsonl
  codebleu-4 = 95.97 	 Previous best codebleu 95.69
  ********************
 Achieve Best bleu:95.97
  ********************

***** Running evaluation *****
  Num examples = 32
  Batch size = 4
  epoch = 5
  eval_ppl = 2.1624773761949753e+118
  global_step = 391
  train_loss = 0.5537
  ********************
Previous best ppl:2.715489105589682e+109
BLEU file: ./data/sstubs/2/validation.jsonl
  codebleu-4 = 96.0 	 Previous best codebleu 95.97
  ********************
 Achieve Best bleu:96.0
  ********************

***** Running evaluation *****
  Num examples = 32
  Batch size = 4
  epoch = 6
  eval_ppl = 4.645001394397478e+113
  global_step = 456
  train_loss = 0.5638
  ********************
Previous best ppl:2.715489105589682e+109
BLEU file: ./data/sstubs/2/validation.jsonl
  codebleu-4 = 96.0 	 Previous best codebleu 96.0
  ********************

***** Running evaluation *****
  Num examples = 32
  Batch size = 4
  epoch = 7
  eval_ppl = 5.640898186230254e+116
  global_step = 521
  train_loss = 0.273
  ********************
Previous best ppl:2.715489105589682e+109
BLEU file: ./data/sstubs/2/validation.jsonl
  codebleu-4 = 95.97 	 Previous best codebleu 96.0
  ********************

***** Running evaluation *****
  Num examples = 32
  Batch size = 4
  epoch = 8
  eval_ppl = 9.047684067733988e+116
  global_step = 586
  train_loss = 0.2061
  ********************
Previous best ppl:2.715489105589682e+109
BLEU file: ./data/sstubs/2/validation.jsonl
  codebleu-4 = 95.97 	 Previous best codebleu 96.0
  ********************
early stopping!!!
reload model from result/sstubs/2/hard8_codet5p_220m/checkpoint-best-bleu
BLEU file: ./data/sstubs/2/test.jsonl
  codebleu = 94.05 
  Total = 32 
  Exact Fixed = 19 
[2, 3, 5, 6, 9, 10, 11, 12, 14, 16, 17, 18, 19, 21, 23, 27, 28, 29, 30]
  Syntax Fixed = 0 
[]
  Cleaned Fixed = 0 
[]
  ********************
  Total = 32 
  Exact Fixed = 19 
[2, 3, 5, 6, 9, 10, 11, 12, 14, 16, 17, 18, 19, 21, 23, 27, 28, 29, 30]
  Syntax Fixed = 0 
[]
  Cleaned Fixed = 0 
[]
  codebleu = 94.05 
[0.977213679071198, 1.0, 1.0, 0.8809865946035704, 1.0, 1.0, 0.7555732843655234, 0.6889840736522397, 1.0, 1.0, 1.0, 1.0, 0.645426537036109, 1.0, 0.7726680042740901, 0.9525370159990827, 1.0, 1.0, 1.0, 0.8816015466501335, 1.0, 0.8937646940710373, 1.0, 0.9327938350960072, 0.8927685762874167, 0.9270405384522935, 1.0, 1.0, 1.0, 1.0, 0.9334681110717995, 0.9620033353993269]
Finish training and take 6m
