Namespace(log_name='./sstubs/2/hard0_codet5p_770m.log', model_name='Salesforce/codet5p-770m', lang='java', output_dir='sstubs/2/hard0_codet5p_770m', data_dir='./data/sstubs/2', no_cuda=False, visible_gpu='0', num_train_epochs=10, num_test_epochs=1, train_batch_size=4, eval_batch_size=4, gradient_accumulation_steps=1, load_model_path=None, config_name='', tokenizer_name='', max_source_length=512, max_target_length=512, warm_up_ratio=0.1, do_train=True, do_eval=True, do_test=True, freeze=False, learning_rate=5e-05, beam_size=10, weight_decay=0.0, adam_epsilon=1e-08, local_rank=-1, seed=42, early_stop_threshold=3)
Process rank: -1, device: cuda, n_gpu: 1, distributed training: False
Model created!!
[[{'text': '};       private final HotSwapPassFactory checkAccessControls =        new HotSwapPassFactory("checkAccessControls", true) {      @Override      protected HotSwapCompilerPass createInternal(AbstractCompiler compiler) {', 'loss_ids': 0, 'shortenable_ids': 1}, {'text': '<mask>', 'loss_ids': 1, 'shortenable_ids': 0}, {'text': ' is the fixed version', 'loss_ids': 0, 'shortenable_ids': 0}], {'guid': 0, 'tgt_text': '};       final HotSwapPassFactory checkAccessControls =        new HotSwapPassFactory("checkAccessControls", true) {      @Override      protected HotSwapCompilerPass createInternal(AbstractCompiler compiler) {'}]
***** Running training *****
  Num examples = 223
  Batch size = 4
  Num epoch = 10

***** Running evaluation *****
  Num examples = 28
  Batch size = 4
  epoch = 0
  eval_ppl = 4.1894603743905256e+91
  global_step = 57
  train_loss = 18.9252
  ********************
Previous best ppl:inf
Achieve Best ppl:4.1894603743905256e+91
  ********************
BLEU file: ./data/sstubs/2/validation.jsonl
  codebleu-4 = 95.22 	 Previous best codebleu 0
  ********************
 Achieve Best bleu:95.22
  ********************

***** Running evaluation *****
  Num examples = 28
  Batch size = 4
  epoch = 1
  eval_ppl = 2.7977164341084425e+95
  global_step = 113
  train_loss = 4.0478
  ********************
Previous best ppl:4.1894603743905256e+91
BLEU file: ./data/sstubs/2/validation.jsonl
  codebleu-4 = 95.31 	 Previous best codebleu 95.22
  ********************
 Achieve Best bleu:95.31
  ********************

***** Running evaluation *****
  Num examples = 28
  Batch size = 4
  epoch = 2
  eval_ppl = 2.2196865006327344e+99
  global_step = 169
  train_loss = 1.9439
  ********************
Previous best ppl:4.1894603743905256e+91
BLEU file: ./data/sstubs/2/validation.jsonl
  codebleu-4 = 93.15 	 Previous best codebleu 95.31
  ********************

***** Running evaluation *****
  Num examples = 28
  Batch size = 4
  epoch = 3
  eval_ppl = 5.395958634164954e+102
  global_step = 225
  train_loss = 1.3725
  ********************
Previous best ppl:4.1894603743905256e+91
BLEU file: ./data/sstubs/2/validation.jsonl
  codebleu-4 = 95.19 	 Previous best codebleu 95.31
  ********************

***** Running evaluation *****
  Num examples = 28
  Batch size = 4
  epoch = 4
  eval_ppl = 6.664464266913283e+105
  global_step = 281
  train_loss = 0.7221
  ********************
Previous best ppl:4.1894603743905256e+91
BLEU file: ./data/sstubs/2/validation.jsonl
  codebleu-4 = 95.2 	 Previous best codebleu 95.31
  ********************
early stopping!!!
reload model from sstubs/2/hard0_codet5p_770m/checkpoint-best-bleu
BLEU file: ./data/sstubs/2/test.jsonl
  codebleu = 94.75 
  Total = 27 
  Exact Fixed = 17 
[1, 3, 4, 5, 6, 7, 9, 10, 11, 13, 14, 15, 19, 21, 22, 24, 26]
  Syntax Fixed = 0 
[]
  Cleaned Fixed = 0 
[]
  ********************
  Total = 27 
  Exact Fixed = 17 
[1, 3, 4, 5, 6, 7, 9, 10, 11, 13, 14, 15, 19, 21, 22, 24, 26]
  Syntax Fixed = 0 
[]
  Cleaned Fixed = 0 
[]
  codebleu = 94.75 
[1.0, 0.9261420415269246, 1.0, 1.0, 1.0, 1.0, 1.0, 0.8476460351025821, 1.0, 1.0, 1.0, 0.7032463562196102, 1.0, 1.0, 1.0, 0.8947836446510709, 0.9601466755014141, 0.9325400085710811, 1.0, 0.8755319098520675, 1.0, 1.0, 0.6577095841418729, 1.0, 0.8658230311280162, 1.0, 0.9179855428506689]
Finish training and take 8m
Namespace(log_name='./result/sstubs/2/hard0_codet5p_770m.log', model_name='Salesforce/codet5p-770m', lang='java', output_dir='result/sstubs/2/hard0_codet5p_770m', data_dir='./data/sstubs/2', no_cuda=False, visible_gpu='0', num_train_epochs=10, num_test_epochs=1, train_batch_size=4, eval_batch_size=4, gradient_accumulation_steps=1, load_model_path=None, config_name='', tokenizer_name='', max_source_length=512, max_target_length=512, warm_up_ratio=0.1, do_train=True, do_eval=True, do_test=True, freeze=False, learning_rate=5e-05, beam_size=10, weight_decay=0.0, adam_epsilon=1e-08, local_rank=-1, seed=42, early_stop_threshold=3)
Process rank: -1, device: cuda, n_gpu: 1, distributed training: False
Model created!!
[[{'text': '@SuppressWarnings("unchecked")    @Override   public V value(Object node) {      Object value = adjacentNodeValues.get(node);      if (value == PRED) {        return null;', 'loss_ids': 0, 'shortenable_ids': 1}, {'text': '<mask>', 'loss_ids': 1, 'shortenable_ids': 0}, {'text': ' is the fixed version', 'loss_ids': 0, 'shortenable_ids': 0}], {'guid': 0, 'tgt_text': '@SuppressWarnings("unchecked")    @Override   public V value(N node) {      Object value = adjacentNodeValues.get(node);      if (value == PRED) {        return null;'}]
***** Running training *****
  Num examples = 260
  Batch size = 4
  Num epoch = 10

***** Running evaluation *****
  Num examples = 32
  Batch size = 4
  epoch = 0
  eval_ppl = 8.835426009895163e+111
  global_step = 66
  train_loss = 17.7058
  ********************
Previous best ppl:inf
Achieve Best ppl:8.835426009895163e+111
  ********************
BLEU file: ./data/sstubs/2/validation.jsonl
  codebleu-4 = 94.57 	 Previous best codebleu 0
  ********************
 Achieve Best bleu:94.57
  ********************

***** Running evaluation *****
  Num examples = 32
  Batch size = 4
  epoch = 1
  eval_ppl = 9.313704455259373e+108
  global_step = 131
  train_loss = 3.4614
  ********************
Previous best ppl:8.835426009895163e+111
Achieve Best ppl:9.313704455259373e+108
  ********************
BLEU file: ./data/sstubs/2/validation.jsonl
  codebleu-4 = 95.49 	 Previous best codebleu 94.57
  ********************
 Achieve Best bleu:95.49
  ********************

***** Running evaluation *****
  Num examples = 32
  Batch size = 4
  epoch = 2
  eval_ppl = 1.4527268149763603e+110
  global_step = 196
  train_loss = 1.867
  ********************
Previous best ppl:9.313704455259373e+108
BLEU file: ./data/sstubs/2/validation.jsonl
  codebleu-4 = 95.16 	 Previous best codebleu 95.49
  ********************

***** Running evaluation *****
  Num examples = 32
  Batch size = 4
  epoch = 3
  eval_ppl = 9.679902710116262e+116
  global_step = 261
  train_loss = 1.2782
  ********************
Previous best ppl:9.313704455259373e+108
BLEU file: ./data/sstubs/2/validation.jsonl
  codebleu-4 = 95.94 	 Previous best codebleu 95.49
  ********************
 Achieve Best bleu:95.94
  ********************

***** Running evaluation *****
  Num examples = 32
  Batch size = 4
  epoch = 4
  eval_ppl = 8.583184199053373e+116
  global_step = 326
  train_loss = 0.4564
  ********************
Previous best ppl:9.313704455259373e+108
BLEU file: ./data/sstubs/2/validation.jsonl
  codebleu-4 = 95.63 	 Previous best codebleu 95.94
  ********************

***** Running evaluation *****
  Num examples = 32
  Batch size = 4
  epoch = 5
  eval_ppl = 9.864944357310462e+115
  global_step = 391
  train_loss = 0.3008
  ********************
Previous best ppl:9.313704455259373e+108
BLEU file: ./data/sstubs/2/validation.jsonl
  codebleu-4 = 96.05 	 Previous best codebleu 95.94
  ********************
 Achieve Best bleu:96.05
  ********************

***** Running evaluation *****
  Num examples = 32
  Batch size = 4
  epoch = 6
  eval_ppl = 8.889532784862822e+118
  global_step = 456
  train_loss = 0.1702
  ********************
Previous best ppl:9.313704455259373e+108
BLEU file: ./data/sstubs/2/validation.jsonl
  codebleu-4 = 96.05 	 Previous best codebleu 96.05
  ********************

***** Running evaluation *****
  Num examples = 32
  Batch size = 4
  epoch = 7
  eval_ppl = 2.636280496649924e+122
  global_step = 521
  train_loss = 0.1305
  ********************
Previous best ppl:9.313704455259373e+108
BLEU file: ./data/sstubs/2/validation.jsonl
  codebleu-4 = 96.05 	 Previous best codebleu 96.05
  ********************

***** Running evaluation *****
  Num examples = 32
  Batch size = 4
  epoch = 8
  eval_ppl = 1.4509080591277767e+122
  global_step = 586
  train_loss = 0.0898
  ********************
Previous best ppl:9.313704455259373e+108
BLEU file: ./data/sstubs/2/validation.jsonl
  codebleu-4 = 96.05 	 Previous best codebleu 96.05
  ********************
early stopping!!!
reload model from result/sstubs/2/hard0_codet5p_770m/checkpoint-best-bleu
BLEU file: ./data/sstubs/2/test.jsonl
  codebleu = 93.86 
  Total = 32 
  Exact Fixed = 20 
[1, 2, 3, 5, 6, 9, 10, 11, 12, 14, 16, 17, 18, 19, 21, 23, 27, 28, 29, 30]
  Syntax Fixed = 0 
[]
  Cleaned Fixed = 0 
[]
  ********************
  Total = 32 
  Exact Fixed = 20 
[1, 2, 3, 5, 6, 9, 10, 11, 12, 14, 16, 17, 18, 19, 21, 23, 27, 28, 29, 30]
  Syntax Fixed = 0 
[]
  Cleaned Fixed = 0 
[]
  codebleu = 93.86 
[1.0, 1.0, 1.0, 0.8809865946035704, 1.0, 1.0, 0.7555732843655234, 0.6889840736522397, 1.0, 1.0, 1.0, 1.0, 0.645426537036109, 1.0, 0.6887796716807858, 0.9525370159990827, 1.0, 1.0, 1.0, 0.8816015466501335, 1.0, 0.8937646940710373, 1.0, 0.9327938350960072, 0.8927685762874167, 0.9270405384522935, 1.0, 1.0, 1.0, 1.0, 0.9334681110717995, 0.9620033353993269]
Finish training and take 11m
