Namespace(log_name='./sstubs/2/hard6_codet5p_770m.log', model_name='Salesforce/codet5p-770m', lang='java', output_dir='sstubs/2/hard6_codet5p_770m', data_dir='./data/sstubs/2', no_cuda=False, visible_gpu='0', num_train_epochs=10, num_test_epochs=1, train_batch_size=4, eval_batch_size=4, gradient_accumulation_steps=1, load_model_path=None, config_name='', tokenizer_name='', max_source_length=512, max_target_length=512, warm_up_ratio=0.1, do_train=True, do_eval=True, do_test=True, freeze=False, learning_rate=5e-05, beam_size=10, weight_decay=0.0, adam_epsilon=1e-08, local_rank=-1, seed=42, early_stop_threshold=3)
Process rank: -1, device: cuda, n_gpu: 1, distributed training: False
Model created!!
[[{'text': 'Fix', 'loss_ids': 0, 'shortenable_ids': 0}, {'text': ' };       private final HotSwapPassFactory checkAccessControls =        new HotSwapPassFactory("checkAccessControls", true) {      @Override      protected HotSwapCompilerPass createInternal(AbstractCompiler compiler) {', 'loss_ids': 0, 'shortenable_ids': 1}, {'text': ' is buggy program', 'loss_ids': 0, 'shortenable_ids': 0}, {'text': '<mask>', 'loss_ids': 1, 'shortenable_ids': 0}, {'text': ' is fixed program', 'loss_ids': 0, 'shortenable_ids': 0}], {'guid': 0, 'tgt_text': '};       final HotSwapPassFactory checkAccessControls =        new HotSwapPassFactory("checkAccessControls", true) {      @Override      protected HotSwapCompilerPass createInternal(AbstractCompiler compiler) {'}]
***** Running training *****
  Num examples = 223
  Batch size = 4
  Num epoch = 10

***** Running evaluation *****
  Num examples = 28
  Batch size = 4
  epoch = 0
  eval_ppl = 1.5463543603115636e+102
  global_step = 57
  train_loss = 15.7763
  ********************
Previous best ppl:inf
Achieve Best ppl:1.5463543603115636e+102
  ********************
BLEU file: ./data/sstubs/2/validation.jsonl
  codebleu-4 = 94.05 	 Previous best codebleu 0
  ********************
 Achieve Best bleu:94.05
  ********************

***** Running evaluation *****
  Num examples = 28
  Batch size = 4
  epoch = 1
  eval_ppl = 8.005692987778922e+102
  global_step = 113
  train_loss = 4.0022
  ********************
Previous best ppl:1.5463543603115636e+102
BLEU file: ./data/sstubs/2/validation.jsonl
  codebleu-4 = 93.73 	 Previous best codebleu 94.05
  ********************

***** Running evaluation *****
  Num examples = 28
  Batch size = 4
  epoch = 2
  eval_ppl = 5.344447737947909e+102
  global_step = 169
  train_loss = 1.8108
  ********************
Previous best ppl:1.5463543603115636e+102
BLEU file: ./data/sstubs/2/validation.jsonl
  codebleu-4 = 94.86 	 Previous best codebleu 94.05
  ********************
 Achieve Best bleu:94.86
  ********************

***** Running evaluation *****
  Num examples = 28
  Batch size = 4
  epoch = 3
  eval_ppl = 4.554873383014363e+106
  global_step = 225
  train_loss = 0.6814
  ********************
Previous best ppl:1.5463543603115636e+102
BLEU file: ./data/sstubs/2/validation.jsonl
  codebleu-4 = 95.4 	 Previous best codebleu 94.86
  ********************
 Achieve Best bleu:95.4
  ********************

***** Running evaluation *****
  Num examples = 28
  Batch size = 4
  epoch = 4
  eval_ppl = 1.2724328586536252e+109
  global_step = 281
  train_loss = 0.4409
  ********************
Previous best ppl:1.5463543603115636e+102
BLEU file: ./data/sstubs/2/validation.jsonl
  codebleu-4 = 95.64 	 Previous best codebleu 95.4
  ********************
 Achieve Best bleu:95.64
  ********************

***** Running evaluation *****
  Num examples = 28
  Batch size = 4
  epoch = 5
  eval_ppl = 1.939111125656811e+109
  global_step = 337
  train_loss = 0.2103
  ********************
Previous best ppl:1.5463543603115636e+102
BLEU file: ./data/sstubs/2/validation.jsonl
  codebleu-4 = 95.35 	 Previous best codebleu 95.64
  ********************

***** Running evaluation *****
  Num examples = 28
  Batch size = 4
  epoch = 6
  eval_ppl = 8.91839699240748e+109
  global_step = 393
  train_loss = 0.2047
  ********************
Previous best ppl:1.5463543603115636e+102
BLEU file: ./data/sstubs/2/validation.jsonl
  codebleu-4 = 95.97 	 Previous best codebleu 95.64
  ********************
 Achieve Best bleu:95.97
  ********************

***** Running evaluation *****
  Num examples = 28
  Batch size = 4
  epoch = 7
  eval_ppl = 4.6879571781145945e+110
  global_step = 449
  train_loss = 0.1347
  ********************
Previous best ppl:1.5463543603115636e+102
BLEU file: ./data/sstubs/2/validation.jsonl
  codebleu-4 = 95.97 	 Previous best codebleu 95.97
  ********************

***** Running evaluation *****
  Num examples = 28
  Batch size = 4
  epoch = 8
  eval_ppl = 1.1499344211912002e+111
  global_step = 505
  train_loss = 0.1179
  ********************
Previous best ppl:1.5463543603115636e+102
BLEU file: ./data/sstubs/2/validation.jsonl
  codebleu-4 = 95.71 	 Previous best codebleu 95.97
  ********************

***** Running evaluation *****
  Num examples = 28
  Batch size = 4
  epoch = 9
  eval_ppl = 1.0768567127308405e+111
  global_step = 561
  train_loss = 0.0928
  ********************
Previous best ppl:1.5463543603115636e+102
BLEU file: ./data/sstubs/2/validation.jsonl
  codebleu-4 = 95.97 	 Previous best codebleu 95.97
  ********************
early stopping!!!
reload model from sstubs/2/hard6_codet5p_770m/checkpoint-best-bleu
BLEU file: ./data/sstubs/2/test.jsonl
  codebleu = 94.75 
  Total = 27 
  Exact Fixed = 17 
[1, 3, 4, 5, 6, 7, 9, 10, 11, 13, 14, 15, 19, 21, 22, 24, 26]
  Syntax Fixed = 0 
[]
  Cleaned Fixed = 0 
[]
  ********************
  Total = 27 
  Exact Fixed = 17 
[1, 3, 4, 5, 6, 7, 9, 10, 11, 13, 14, 15, 19, 21, 22, 24, 26]
  Syntax Fixed = 0 
[]
  Cleaned Fixed = 0 
[]
  codebleu = 94.75 
[1.0, 0.9261420415269246, 1.0, 1.0, 1.0, 1.0, 1.0, 0.8476460351025821, 1.0, 1.0, 1.0, 0.7032463562196102, 1.0, 1.0, 1.0, 0.8947836446510709, 0.9601466755014141, 0.9325400085710811, 1.0, 0.8755319098520675, 1.0, 1.0, 0.6577095841418729, 1.0, 0.8658230311280162, 1.0, 0.9179855428506689]
Finish training and take 8m
Namespace(log_name='./result/sstubs/2/hard6_codet5p_770m.log', model_name='Salesforce/codet5p-770m', lang='java', output_dir='result/sstubs/2/hard6_codet5p_770m', data_dir='./data/sstubs/2', no_cuda=False, visible_gpu='0', num_train_epochs=10, num_test_epochs=1, train_batch_size=4, eval_batch_size=4, gradient_accumulation_steps=1, load_model_path=None, config_name='', tokenizer_name='', max_source_length=512, max_target_length=512, warm_up_ratio=0.1, do_train=True, do_eval=True, do_test=True, freeze=False, learning_rate=5e-05, beam_size=10, weight_decay=0.0, adam_epsilon=1e-08, local_rank=-1, seed=42, early_stop_threshold=3)
Process rank: -1, device: cuda, n_gpu: 1, distributed training: False
Model created!!
[[{'text': 'Fix', 'loss_ids': 0, 'shortenable_ids': 0}, {'text': ' @SuppressWarnings("unchecked")    @Override   public V value(Object node) {      Object value = adjacentNodeValues.get(node);      if (value == PRED) {        return null;', 'loss_ids': 0, 'shortenable_ids': 1}, {'text': ' is buggy program', 'loss_ids': 0, 'shortenable_ids': 0}, {'text': '<mask>', 'loss_ids': 1, 'shortenable_ids': 0}, {'text': ' is fixed program', 'loss_ids': 0, 'shortenable_ids': 0}], {'guid': 0, 'tgt_text': '@SuppressWarnings("unchecked")    @Override   public V value(N node) {      Object value = adjacentNodeValues.get(node);      if (value == PRED) {        return null;'}]
***** Running training *****
  Num examples = 260
  Batch size = 4
  Num epoch = 10

***** Running evaluation *****
  Num examples = 32
  Batch size = 4
  epoch = 0
  eval_ppl = 1.5764889879814434e+105
  global_step = 66
  train_loss = 16.2549
  ********************
Previous best ppl:inf
Achieve Best ppl:1.5764889879814434e+105
  ********************
BLEU file: ./data/sstubs/2/validation.jsonl
  codebleu-4 = 89.7 	 Previous best codebleu 0
  ********************
 Achieve Best bleu:89.7
  ********************

***** Running evaluation *****
  Num examples = 32
  Batch size = 4
  epoch = 1
  eval_ppl = 5.123911027183493e+111
  global_step = 131
  train_loss = 4.0953
  ********************
Previous best ppl:1.5764889879814434e+105
BLEU file: ./data/sstubs/2/validation.jsonl
  codebleu-4 = 95.29 	 Previous best codebleu 89.7
  ********************
 Achieve Best bleu:95.29
  ********************

***** Running evaluation *****
  Num examples = 32
  Batch size = 4
  epoch = 2
  eval_ppl = 1.6853235192394987e+109
  global_step = 196
  train_loss = 1.6901
  ********************
Previous best ppl:1.5764889879814434e+105
BLEU file: ./data/sstubs/2/validation.jsonl
  codebleu-4 = 92.81 	 Previous best codebleu 95.29
  ********************

***** Running evaluation *****
  Num examples = 32
  Batch size = 4
  epoch = 3
  eval_ppl = 1.651428374907831e+113
  global_step = 261
  train_loss = 1.0069
  ********************
Previous best ppl:1.5764889879814434e+105
BLEU file: ./data/sstubs/2/validation.jsonl
  codebleu-4 = 88.5 	 Previous best codebleu 95.29
  ********************

***** Running evaluation *****
  Num examples = 32
  Batch size = 4
  epoch = 4
  eval_ppl = 2.1960555558228654e+112
  global_step = 326
  train_loss = 0.7626
  ********************
Previous best ppl:1.5764889879814434e+105
BLEU file: ./data/sstubs/2/validation.jsonl
  codebleu-4 = 95.59 	 Previous best codebleu 95.29
  ********************
 Achieve Best bleu:95.59
  ********************

***** Running evaluation *****
  Num examples = 32
  Batch size = 4
  epoch = 5
  eval_ppl = 5.536204731817736e+112
  global_step = 391
  train_loss = 0.348
  ********************
Previous best ppl:1.5764889879814434e+105
BLEU file: ./data/sstubs/2/validation.jsonl
  codebleu-4 = 95.87 	 Previous best codebleu 95.59
  ********************
 Achieve Best bleu:95.87
  ********************

***** Running evaluation *****
  Num examples = 32
  Batch size = 4
  epoch = 6
  eval_ppl = 1.8482857662416892e+114
  global_step = 456
  train_loss = 0.2441
  ********************
Previous best ppl:1.5764889879814434e+105
BLEU file: ./data/sstubs/2/validation.jsonl
  codebleu-4 = 95.96 	 Previous best codebleu 95.87
  ********************
 Achieve Best bleu:95.96
  ********************

***** Running evaluation *****
  Num examples = 32
  Batch size = 4
  epoch = 7
  eval_ppl = 3.043159366160814e+113
  global_step = 521
  train_loss = 0.1305
  ********************
Previous best ppl:1.5764889879814434e+105
BLEU file: ./data/sstubs/2/validation.jsonl
  codebleu-4 = 95.96 	 Previous best codebleu 95.96
  ********************

***** Running evaluation *****
  Num examples = 32
  Batch size = 4
  epoch = 8
  eval_ppl = 7.217766884061452e+113
  global_step = 586
  train_loss = 0.0875
  ********************
Previous best ppl:1.5764889879814434e+105
BLEU file: ./data/sstubs/2/validation.jsonl
  codebleu-4 = 95.96 	 Previous best codebleu 95.96
  ********************

***** Running evaluation *****
  Num examples = 32
  Batch size = 4
  epoch = 9
  eval_ppl = 5.460146979483695e+113
  global_step = 651
  train_loss = 0.1339
  ********************
Previous best ppl:1.5764889879814434e+105
BLEU file: ./data/sstubs/2/validation.jsonl
  codebleu-4 = 95.96 	 Previous best codebleu 95.96
  ********************
early stopping!!!
reload model from result/sstubs/2/hard6_codet5p_770m/checkpoint-best-bleu
BLEU file: ./data/sstubs/2/test.jsonl
  codebleu = 93.59 
  Total = 32 
  Exact Fixed = 19 
[1, 2, 3, 5, 6, 9, 10, 11, 12, 14, 17, 18, 19, 21, 23, 27, 28, 29, 30]
  Syntax Fixed = 0 
[]
  Cleaned Fixed = 0 
[]
  ********************
  Total = 32 
  Exact Fixed = 19 
[1, 2, 3, 5, 6, 9, 10, 11, 12, 14, 17, 18, 19, 21, 23, 27, 28, 29, 30]
  Syntax Fixed = 0 
[]
  Cleaned Fixed = 0 
[]
  codebleu = 93.59 
[1.0, 1.0, 1.0, 0.8809865946035704, 1.0, 1.0, 0.7555732843655234, 0.6889840736522397, 1.0, 1.0, 1.0, 1.0, 0.645426537036109, 1.0, 0.6887796716807858, 0.9097382001430849, 1.0, 1.0, 1.0, 0.8367953537684858, 1.0, 0.8937646940710373, 1.0, 0.9327938350960072, 0.8927685762874167, 0.9270405384522935, 1.0, 1.0, 1.0, 1.0, 0.9334681110717995, 0.9620033353993269]
Finish training and take 18m
