Namespace(log_name='./result/sstubs/2/random8_codet5p_770m.log', model_name='Salesforce/codet5p-770m', lang='java', output_dir='result/sstubs/2/random8_codet5p_770m', data_dir='./data/sstubs/2', no_cuda=False, visible_gpu='0', num_train_epochs=10, num_test_epochs=1, train_batch_size=4, eval_batch_size=4, gradient_accumulation_steps=1, load_model_path=None, config_name='', tokenizer_name='', max_source_length=512, max_target_length=512, warm_up_ratio=0.1, do_train=True, do_eval=True, do_test=True, freeze=False, learning_rate=5e-05, beam_size=10, weight_decay=0.0, adam_epsilon=1e-08, local_rank=-1, seed=42, early_stop_threshold=3)
Process rank: -1, device: cuda, n_gpu: 1, distributed training: False
Model created!!
[[{'text': 'Please fix a buggy program', 'loss_ids': 0, 'shortenable_ids': 0}, {'text': ' @SuppressWarnings("unchecked")    @Override   public V value(Object node) {      Object value = adjacentNodeValues.get(node);      if (value == PRED) {        return null;', 'loss_ids': 0, 'shortenable_ids': 1}, {'text': 'the abstract syntax tree of bug line before fixing is', 'loss_ids': 0, 'shortenable_ids': 0}, {'text': ' Object node', 'loss_ids': 0, 'shortenable_ids': 1}, {'text': '<mask>', 'loss_ids': 1, 'shortenable_ids': 0}, {'text': 'is the fixed version', 'loss_ids': 0, 'shortenable_ids': 0}], {'guid': 0, 'tgt_text': '@SuppressWarnings("unchecked")    @Override   public V value(N node) {      Object value = adjacentNodeValues.get(node);      if (value == PRED) {        return null;'}]
***** Running training *****
  Num examples = 260
  Batch size = 4
  Num epoch = 10

***** Running evaluation *****
  Num examples = 32
  Batch size = 4
  epoch = 0
  eval_ppl = 2.9309819209326313e+107
  global_step = 66
  train_loss = 16.0594
  ********************
Previous best ppl:inf
Achieve Best ppl:2.9309819209326313e+107
  ********************
BLEU file: ./data/sstubs/2/validation.jsonl
  codebleu-4 = 94.21 	 Previous best codebleu 0
  ********************
 Achieve Best bleu:94.21
  ********************

***** Running evaluation *****
  Num examples = 32
  Batch size = 4
  epoch = 1
  eval_ppl = 1.1589468370716746e+111
  global_step = 131
  train_loss = 3.6723
  ********************
Previous best ppl:2.9309819209326313e+107
BLEU file: ./data/sstubs/2/validation.jsonl
  codebleu-4 = 95.07 	 Previous best codebleu 94.21
  ********************
 Achieve Best bleu:95.07
  ********************

***** Running evaluation *****
  Num examples = 32
  Batch size = 4
  epoch = 2
  eval_ppl = 5.545451984640853e+112
  global_step = 196
  train_loss = 1.7236
  ********************
Previous best ppl:2.9309819209326313e+107
BLEU file: ./data/sstubs/2/validation.jsonl
  codebleu-4 = 95.68 	 Previous best codebleu 95.07
  ********************
 Achieve Best bleu:95.68
  ********************

***** Running evaluation *****
  Num examples = 32
  Batch size = 4
  epoch = 3
  eval_ppl = 1.271394863277151e+117
  global_step = 261
  train_loss = 1.0875
  ********************
Previous best ppl:2.9309819209326313e+107
BLEU file: ./data/sstubs/2/validation.jsonl
  codebleu-4 = 95.53 	 Previous best codebleu 95.68
  ********************

***** Running evaluation *****
  Num examples = 32
  Batch size = 4
  epoch = 4
  eval_ppl = 2.6174766388159003e+107
  global_step = 326
  train_loss = 0.7309
  ********************
Previous best ppl:2.9309819209326313e+107
Achieve Best ppl:2.6174766388159003e+107
  ********************
BLEU file: ./data/sstubs/2/validation.jsonl
  codebleu-4 = 95.98 	 Previous best codebleu 95.68
  ********************
 Achieve Best bleu:95.98
  ********************

***** Running evaluation *****
  Num examples = 32
  Batch size = 4
  epoch = 5
  eval_ppl = 1.9573752778981682e+113
  global_step = 391
  train_loss = 0.3757
  ********************
Previous best ppl:2.6174766388159003e+107
BLEU file: ./data/sstubs/2/validation.jsonl
  codebleu-4 = 96.09 	 Previous best codebleu 95.98
  ********************
 Achieve Best bleu:96.09
  ********************

***** Running evaluation *****
  Num examples = 32
  Batch size = 4
  epoch = 6
  eval_ppl = 5.14993485878781e+115
  global_step = 456
  train_loss = 0.2228
  ********************
Previous best ppl:2.6174766388159003e+107
BLEU file: ./data/sstubs/2/validation.jsonl
  codebleu-4 = 95.98 	 Previous best codebleu 96.09
  ********************

***** Running evaluation *****
  Num examples = 32
  Batch size = 4
  epoch = 7
  eval_ppl = 3.84298159045878e+116
  global_step = 521
  train_loss = 0.1233
  ********************
Previous best ppl:2.6174766388159003e+107
BLEU file: ./data/sstubs/2/validation.jsonl
  codebleu-4 = 96.09 	 Previous best codebleu 96.09
  ********************

***** Running evaluation *****
  Num examples = 32
  Batch size = 4
  epoch = 8
  eval_ppl = 8.786577713708573e+116
  global_step = 586
  train_loss = 0.0776
  ********************
Previous best ppl:2.6174766388159003e+107
BLEU file: ./data/sstubs/2/validation.jsonl
  codebleu-4 = 96.09 	 Previous best codebleu 96.09
  ********************
early stopping!!!
reload model from result/sstubs/2/random8_codet5p_770m/checkpoint-best-bleu
BLEU file: ./data/sstubs/2/test.jsonl
  codebleu = 93.8 
  Total = 32 
  Exact Fixed = 21 
[1, 2, 3, 5, 6, 9, 10, 11, 12, 14, 16, 17, 18, 19, 21, 23, 26, 27, 28, 29, 30]
  Syntax Fixed = 0 
[]
  Cleaned Fixed = 0 
[]
  ********************
  Total = 32 
  Exact Fixed = 21 
[1, 2, 3, 5, 6, 9, 10, 11, 12, 14, 16, 17, 18, 19, 21, 23, 26, 27, 28, 29, 30]
  Syntax Fixed = 0 
[]
  Cleaned Fixed = 0 
[]
  codebleu = 93.8 
[1.0, 1.0, 1.0, 0.8809865946035704, 1.0, 1.0, 0.6325769337104594, 0.6357776811679485, 1.0, 1.0, 1.0, 1.0, 0.645426537036109, 1.0, 0.7726680042740901, 0.9525370159990827, 1.0, 1.0, 1.0, 0.8816015466501335, 1.0, 0.8937646940710373, 1.0, 0.9327938350960072, 0.8927685762874167, 1.0, 1.0, 1.0, 1.0, 1.0, 0.9334681110717995, 0.9620033353993269]
Finish training and take 15m
