Namespace(log_name='./result/sstubs/2/random9_codet5p_220m.log', model_name='Salesforce/codet5p-220m', lang='java', output_dir='result/sstubs/2/random9_codet5p_220m', data_dir='./data/sstubs/2', no_cuda=False, visible_gpu='0', num_train_epochs=10, num_test_epochs=1, train_batch_size=4, eval_batch_size=4, gradient_accumulation_steps=1, load_model_path=None, config_name='', tokenizer_name='', max_source_length=512, max_target_length=512, warm_up_ratio=0.1, do_train=True, do_eval=True, do_test=True, freeze=False, learning_rate=5e-05, beam_size=10, weight_decay=0.0, adam_epsilon=1e-08, local_rank=-1, seed=42, early_stop_threshold=3)
Process rank: -1, device: cuda, n_gpu: 1, distributed training: False
Model created!!
[[{'text': 'Please fix a buggy program', 'loss_ids': 0, 'shortenable_ids': 0}, {'text': ' @SuppressWarnings("unchecked")    @Override   public V value(Object node) {      Object value = adjacentNodeValues.get(node);      if (value == PRED) {        return null;', 'loss_ids': 0, 'shortenable_ids': 1}, {'text': 'the bug type is', 'loss_ids': 0, 'shortenable_ids': 0}, {'text': ' Change Identifier Used', 'loss_ids': 0, 'shortenable_ids': 0}, {'text': '.', 'loss_ids': 0, 'shortenable_ids': 0}, {'text': 'the abstract syntax tree of bug line before fixing is', 'loss_ids': 0, 'shortenable_ids': 0}, {'text': ' Object node', 'loss_ids': 0, 'shortenable_ids': 1}, {'text': '<mask>', 'loss_ids': 1, 'shortenable_ids': 0}, {'text': 'is the fixed version', 'loss_ids': 0, 'shortenable_ids': 0}], {'guid': 0, 'tgt_text': '@SuppressWarnings("unchecked")    @Override   public V value(N node) {      Object value = adjacentNodeValues.get(node);      if (value == PRED) {        return null;'}]
***** Running training *****
  Num examples = 260
  Batch size = 4
  Num epoch = 10

***** Running evaluation *****
  Num examples = 32
  Batch size = 4
  epoch = 0
  eval_ppl = 7.759340323462614e+121
  global_step = 66
  train_loss = 17.1386
  ********************
Previous best ppl:inf
Achieve Best ppl:7.759340323462614e+121
  ********************
BLEU file: ./data/sstubs/2/validation.jsonl
  codebleu-4 = 94.55 	 Previous best codebleu 0
  ********************
 Achieve Best bleu:94.55
  ********************

***** Running evaluation *****
  Num examples = 32
  Batch size = 4
  epoch = 1
  eval_ppl = 7.022646843092333e+123
  global_step = 131
  train_loss = 5.1925
  ********************
Previous best ppl:7.759340323462614e+121
BLEU file: ./data/sstubs/2/validation.jsonl
  codebleu-4 = 95.56 	 Previous best codebleu 94.55
  ********************
 Achieve Best bleu:95.56
  ********************

***** Running evaluation *****
  Num examples = 32
  Batch size = 4
  epoch = 2
  eval_ppl = 1.547962449834687e+128
  global_step = 196
  train_loss = 2.6386
  ********************
Previous best ppl:7.759340323462614e+121
BLEU file: ./data/sstubs/2/validation.jsonl
  codebleu-4 = 95.71 	 Previous best codebleu 95.56
  ********************
 Achieve Best bleu:95.71
  ********************

***** Running evaluation *****
  Num examples = 32
  Batch size = 4
  epoch = 3
  eval_ppl = 5.006562674932077e+130
  global_step = 261
  train_loss = 1.7192
  ********************
Previous best ppl:7.759340323462614e+121
BLEU file: ./data/sstubs/2/validation.jsonl
  codebleu-4 = 95.43 	 Previous best codebleu 95.71
  ********************

***** Running evaluation *****
  Num examples = 32
  Batch size = 4
  epoch = 4
  eval_ppl = 1.20340587498179e+131
  global_step = 326
  train_loss = 0.9787
  ********************
Previous best ppl:7.759340323462614e+121
BLEU file: ./data/sstubs/2/validation.jsonl
  codebleu-4 = 95.63 	 Previous best codebleu 95.71
  ********************

***** Running evaluation *****
  Num examples = 32
  Batch size = 4
  epoch = 5
  eval_ppl = 5.775926954098153e+132
  global_step = 391
  train_loss = 0.5282
  ********************
Previous best ppl:7.759340323462614e+121
BLEU file: ./data/sstubs/2/validation.jsonl
  codebleu-4 = 96.07 	 Previous best codebleu 95.71
  ********************
 Achieve Best bleu:96.07
  ********************

***** Running evaluation *****
  Num examples = 32
  Batch size = 4
  epoch = 6
  eval_ppl = 1.2781305245448953e+133
  global_step = 456
  train_loss = 0.3701
  ********************
Previous best ppl:7.759340323462614e+121
BLEU file: ./data/sstubs/2/validation.jsonl
  codebleu-4 = 96.07 	 Previous best codebleu 96.07
  ********************

***** Running evaluation *****
  Num examples = 32
  Batch size = 4
  epoch = 7
  eval_ppl = 1.2802587416816802e+134
  global_step = 521
  train_loss = 0.333
  ********************
Previous best ppl:7.759340323462614e+121
BLEU file: ./data/sstubs/2/validation.jsonl
  codebleu-4 = 96.07 	 Previous best codebleu 96.07
  ********************

***** Running evaluation *****
  Num examples = 32
  Batch size = 4
  epoch = 8
  eval_ppl = 4.677992590269278e+134
  global_step = 586
  train_loss = 0.231
  ********************
Previous best ppl:7.759340323462614e+121
BLEU file: ./data/sstubs/2/validation.jsonl
  codebleu-4 = 96.07 	 Previous best codebleu 96.07
  ********************
early stopping!!!
reload model from result/sstubs/2/random9_codet5p_220m/checkpoint-best-bleu
BLEU file: ./data/sstubs/2/test.jsonl
  codebleu = 93.69 
  Total = 32 
  Exact Fixed = 19 
[1, 2, 3, 5, 6, 9, 10, 11, 12, 14, 17, 18, 19, 21, 23, 27, 28, 29, 30]
  Syntax Fixed = 0 
[]
  Cleaned Fixed = 0 
[]
  ********************
  Total = 32 
  Exact Fixed = 19 
[1, 2, 3, 5, 6, 9, 10, 11, 12, 14, 17, 18, 19, 21, 23, 27, 28, 29, 30]
  Syntax Fixed = 0 
[]
  Cleaned Fixed = 0 
[]
  codebleu = 93.69 
[1.0, 1.0, 1.0, 0.8809865946035704, 1.0, 1.0, 0.7555732843655234, 0.6764840736522396, 1.0, 1.0, 1.0, 1.0, 0.645426537036109, 1.0, 0.6887796716807858, 0.9097382001430849, 1.0, 1.0, 1.0, 0.8816015466501335, 1.0, 0.8937646940710373, 1.0, 0.9327938350960072, 0.8927685762874167, 0.9270405384522935, 1.0, 1.0, 1.0, 1.0, 0.9334681110717995, 0.9620033353993269]
Finish training and take 6m
