Namespace(log_name='./result/sstubs/2/random6_codet5p_220m.log', model_name='Salesforce/codet5p-220m', lang='java', output_dir='result/sstubs/2/random6_codet5p_220m', data_dir='./data/sstubs/2', no_cuda=False, visible_gpu='0', num_train_epochs=10, num_test_epochs=1, train_batch_size=4, eval_batch_size=4, gradient_accumulation_steps=1, load_model_path=None, config_name='', tokenizer_name='', max_source_length=512, max_target_length=512, warm_up_ratio=0.1, do_train=True, do_eval=True, do_test=True, freeze=False, learning_rate=5e-05, beam_size=10, weight_decay=0.0, adam_epsilon=1e-08, local_rank=-1, seed=42, early_stop_threshold=3)
Process rank: -1, device: cuda, n_gpu: 1, distributed training: False
Model created!!
[[{'text': 'Fix', 'loss_ids': 0, 'shortenable_ids': 0}, {'text': ' @SuppressWarnings("unchecked")    @Override   public V value(Object node) {      Object value = adjacentNodeValues.get(node);      if (value == PRED) {        return null;', 'loss_ids': 0, 'shortenable_ids': 1}, {'text': 'is buggy program', 'loss_ids': 0, 'shortenable_ids': 0}, {'text': '<mask>', 'loss_ids': 1, 'shortenable_ids': 0}, {'text': 'is fixed program', 'loss_ids': 0, 'shortenable_ids': 0}], {'guid': 0, 'tgt_text': '@SuppressWarnings("unchecked")    @Override   public V value(N node) {      Object value = adjacentNodeValues.get(node);      if (value == PRED) {        return null;'}]
***** Running training *****
  Num examples = 260
  Batch size = 4
  Num epoch = 10

***** Running evaluation *****
  Num examples = 32
  Batch size = 4
  epoch = 0
  eval_ppl = 3.1596454461503096e+121
  global_step = 66
  train_loss = 17.3191
  ********************
Previous best ppl:inf
Achieve Best ppl:3.1596454461503096e+121
  ********************
BLEU file: ./data/sstubs/2/validation.jsonl
  codebleu-4 = 94.76 	 Previous best codebleu 0
  ********************
 Achieve Best bleu:94.76
  ********************

***** Running evaluation *****
  Num examples = 32
  Batch size = 4
  epoch = 1
  eval_ppl = 2.158690466648173e+122
  global_step = 131
  train_loss = 5.4307
  ********************
Previous best ppl:3.1596454461503096e+121
BLEU file: ./data/sstubs/2/validation.jsonl
  codebleu-4 = 93.98 	 Previous best codebleu 94.76
  ********************

***** Running evaluation *****
  Num examples = 32
  Batch size = 4
  epoch = 2
  eval_ppl = 4.350301402686356e+127
  global_step = 196
  train_loss = 2.667
  ********************
Previous best ppl:3.1596454461503096e+121
BLEU file: ./data/sstubs/2/validation.jsonl
  codebleu-4 = 94.58 	 Previous best codebleu 94.76
  ********************

***** Running evaluation *****
  Num examples = 32
  Batch size = 4
  epoch = 3
  eval_ppl = 8.051827806566928e+127
  global_step = 261
  train_loss = 1.6575
  ********************
Previous best ppl:3.1596454461503096e+121
BLEU file: ./data/sstubs/2/validation.jsonl
  codebleu-4 = 95.05 	 Previous best codebleu 94.76
  ********************
 Achieve Best bleu:95.05
  ********************

***** Running evaluation *****
  Num examples = 32
  Batch size = 4
  epoch = 4
  eval_ppl = 2.300633648541623e+130
  global_step = 326
  train_loss = 1.1205
  ********************
Previous best ppl:3.1596454461503096e+121
BLEU file: ./data/sstubs/2/validation.jsonl
  codebleu-4 = 94.89 	 Previous best codebleu 95.05
  ********************

***** Running evaluation *****
  Num examples = 32
  Batch size = 4
  epoch = 5
  eval_ppl = 3.0646444614040873e+130
  global_step = 391
  train_loss = 0.675
  ********************
Previous best ppl:3.1596454461503096e+121
BLEU file: ./data/sstubs/2/validation.jsonl
  codebleu-4 = 95.42 	 Previous best codebleu 95.05
  ********************
 Achieve Best bleu:95.42
  ********************

***** Running evaluation *****
  Num examples = 32
  Batch size = 4
  epoch = 6
  eval_ppl = 1.0898477176606965e+130
  global_step = 456
  train_loss = 0.5106
  ********************
Previous best ppl:3.1596454461503096e+121
BLEU file: ./data/sstubs/2/validation.jsonl
  codebleu-4 = 95.42 	 Previous best codebleu 95.42
  ********************

***** Running evaluation *****
  Num examples = 32
  Batch size = 4
  epoch = 7
  eval_ppl = 1.3776920506383384e+131
  global_step = 521
  train_loss = 0.4221
  ********************
Previous best ppl:3.1596454461503096e+121
BLEU file: ./data/sstubs/2/validation.jsonl
  codebleu-4 = 95.16 	 Previous best codebleu 95.42
  ********************

***** Running evaluation *****
  Num examples = 32
  Batch size = 4
  epoch = 8
  eval_ppl = 3.025901425292706e+129
  global_step = 586
  train_loss = 0.3394
  ********************
Previous best ppl:3.1596454461503096e+121
BLEU file: ./data/sstubs/2/validation.jsonl
  codebleu-4 = 95.42 	 Previous best codebleu 95.42
  ********************
early stopping!!!
reload model from result/sstubs/2/random6_codet5p_220m/checkpoint-best-bleu
BLEU file: ./data/sstubs/2/test.jsonl
  codebleu = 93.67 
  Total = 32 
  Exact Fixed = 20 
[1, 2, 3, 5, 6, 9, 10, 11, 12, 14, 16, 17, 18, 19, 21, 23, 27, 28, 29, 30]
  Syntax Fixed = 0 
[]
  Cleaned Fixed = 0 
[]
  ********************
  Total = 32 
  Exact Fixed = 20 
[1, 2, 3, 5, 6, 9, 10, 11, 12, 14, 16, 17, 18, 19, 21, 23, 27, 28, 29, 30]
  Syntax Fixed = 0 
[]
  Cleaned Fixed = 0 
[]
  codebleu = 93.67 
[1.0, 1.0, 1.0, 0.8809865946035704, 1.0, 1.0, 0.7555732843655234, 0.6264840736522397, 1.0, 1.0, 1.0, 1.0, 0.645426537036109, 1.0, 0.6887796716807858, 0.9525370159990827, 1.0, 1.0, 1.0, 0.8816015466501335, 1.0, 0.8937646940710373, 1.0, 0.9327938350960072, 0.8927685762874167, 0.9270405384522935, 1.0, 1.0, 1.0, 1.0, 0.9334681110717995, 0.9620033353993269]
Finish training and take 6m
