Namespace(log_name='./result/sstubs/2/random7_codet5p_770m.log', model_name='Salesforce/codet5p-770m', lang='java', output_dir='result/sstubs/2/random7_codet5p_770m', data_dir='./data/sstubs/2', no_cuda=False, visible_gpu='0', num_train_epochs=10, num_test_epochs=1, train_batch_size=4, eval_batch_size=4, gradient_accumulation_steps=1, load_model_path=None, config_name='', tokenizer_name='', max_source_length=512, max_target_length=512, warm_up_ratio=0.1, do_train=True, do_eval=True, do_test=True, freeze=False, learning_rate=5e-05, beam_size=10, weight_decay=0.0, adam_epsilon=1e-08, local_rank=-1, seed=42, early_stop_threshold=3)
Process rank: -1, device: cuda, n_gpu: 1, distributed training: False
Model created!!
[[{'text': 'Please fix a buggy program', 'loss_ids': 0, 'shortenable_ids': 0}, {'text': ' @SuppressWarnings("unchecked")    @Override   public V value(Object node) {      Object value = adjacentNodeValues.get(node);      if (value == PRED) {        return null;', 'loss_ids': 0, 'shortenable_ids': 1}, {'text': 'the bug type is', 'loss_ids': 0, 'shortenable_ids': 0}, {'text': ' Change Identifier Used', 'loss_ids': 0, 'shortenable_ids': 0}, {'text': '.', 'loss_ids': 0, 'shortenable_ids': 0}, {'text': '<mask>', 'loss_ids': 1, 'shortenable_ids': 0}, {'text': 'is the fixed version', 'loss_ids': 0, 'shortenable_ids': 0}], {'guid': 0, 'tgt_text': '@SuppressWarnings("unchecked")    @Override   public V value(N node) {      Object value = adjacentNodeValues.get(node);      if (value == PRED) {        return null;'}]
***** Running training *****
  Num examples = 260
  Batch size = 4
  Num epoch = 10

***** Running evaluation *****
  Num examples = 32
  Batch size = 4
  epoch = 0
  eval_ppl = 4.117527381217812e+109
  global_step = 66
  train_loss = 14.8857
  ********************
Previous best ppl:inf
Achieve Best ppl:4.117527381217812e+109
  ********************
BLEU file: ./data/sstubs/2/validation.jsonl
  codebleu-4 = 94.11 	 Previous best codebleu 0
  ********************
 Achieve Best bleu:94.11
  ********************

***** Running evaluation *****
  Num examples = 32
  Batch size = 4
  epoch = 1
  eval_ppl = 1.778748142193419e+111
  global_step = 131
  train_loss = 3.3352
  ********************
Previous best ppl:4.117527381217812e+109
BLEU file: ./data/sstubs/2/validation.jsonl
  codebleu-4 = 94.31 	 Previous best codebleu 94.11
  ********************
 Achieve Best bleu:94.31
  ********************

***** Running evaluation *****
  Num examples = 32
  Batch size = 4
  epoch = 2
  eval_ppl = 1.8959401486113005e+123
  global_step = 196
  train_loss = 1.7787
  ********************
Previous best ppl:4.117527381217812e+109
BLEU file: ./data/sstubs/2/validation.jsonl
  codebleu-4 = 90.41 	 Previous best codebleu 94.31
  ********************

***** Running evaluation *****
  Num examples = 32
  Batch size = 4
  epoch = 3
  eval_ppl = 5.048061639686334e+122
  global_step = 261
  train_loss = 1.4427
  ********************
Previous best ppl:4.117527381217812e+109
BLEU file: ./data/sstubs/2/validation.jsonl
  codebleu-4 = 95.8 	 Previous best codebleu 94.31
  ********************
 Achieve Best bleu:95.8
  ********************

***** Running evaluation *****
  Num examples = 32
  Batch size = 4
  epoch = 4
  eval_ppl = 5.1608043579673245e+124
  global_step = 326
  train_loss = 1.1709
  ********************
Previous best ppl:4.117527381217812e+109
BLEU file: ./data/sstubs/2/validation.jsonl
  codebleu-4 = 95.06 	 Previous best codebleu 95.8
  ********************

***** Running evaluation *****
  Num examples = 32
  Batch size = 4
  epoch = 5
  eval_ppl = 1.6106184234228444e+132
  global_step = 391
  train_loss = 0.6271
  ********************
Previous best ppl:4.117527381217812e+109
BLEU file: ./data/sstubs/2/validation.jsonl
  codebleu-4 = 95.52 	 Previous best codebleu 95.8
  ********************

***** Running evaluation *****
  Num examples = 32
  Batch size = 4
  epoch = 6
  eval_ppl = 4.210458237455431e+133
  global_step = 456
  train_loss = 0.4931
  ********************
Previous best ppl:4.117527381217812e+109
BLEU file: ./data/sstubs/2/validation.jsonl
  codebleu-4 = 95.76 	 Previous best codebleu 95.8
  ********************
early stopping!!!
reload model from result/sstubs/2/random7_codet5p_770m/checkpoint-best-bleu
BLEU file: ./data/sstubs/2/test.jsonl
  codebleu = 93.4 
  Total = 32 
  Exact Fixed = 19 
[1, 2, 3, 5, 6, 10, 11, 12, 14, 16, 17, 18, 19, 21, 23, 27, 28, 29, 30]
  Syntax Fixed = 0 
[]
  Cleaned Fixed = 0 
[]
  ********************
  Total = 32 
  Exact Fixed = 19 
[1, 2, 3, 5, 6, 10, 11, 12, 14, 16, 17, 18, 19, 21, 23, 27, 28, 29, 30]
  Syntax Fixed = 0 
[]
  Cleaned Fixed = 0 
[]
  codebleu = 93.4 
[1.0, 1.0, 1.0, 0.8809865946035704, 1.0, 1.0, 0.6325769337104594, 0.6889840736522397, 0.9517008915274616, 1.0, 1.0, 1.0, 0.6312619764442557, 1.0, 0.7726680042740901, 0.9525370159990827, 1.0, 1.0, 1.0, 0.8367953537684858, 1.0, 0.8937646940710373, 1.0, 0.9327938350960072, 0.8927685762874167, 0.9270405384522935, 1.0, 1.0, 1.0, 1.0, 0.9334681110717995, 0.9620033353993269]
Finish training and take 9m
