Namespace(log_name='./result/sstubs/2/random4_codet5p_770m.log', model_name='Salesforce/codet5p-770m', lang='java', output_dir='result/sstubs/2/random4_codet5p_770m', data_dir='./data/sstubs/2', no_cuda=False, visible_gpu='0', num_train_epochs=10, num_test_epochs=1, train_batch_size=4, eval_batch_size=4, gradient_accumulation_steps=1, load_model_path=None, config_name='', tokenizer_name='', max_source_length=512, max_target_length=512, warm_up_ratio=0.1, do_train=True, do_eval=True, do_test=True, freeze=False, learning_rate=5e-05, beam_size=10, weight_decay=0.0, adam_epsilon=1e-08, local_rank=-1, seed=42, early_stop_threshold=3)
Process rank: -1, device: cuda, n_gpu: 1, distributed training: False
Model created!!
[[{'text': 'Fix', 'loss_ids': 0, 'shortenable_ids': 0}, {'text': ' @SuppressWarnings("unchecked")    @Override   public V value(Object node) {      Object value = adjacentNodeValues.get(node);      if (value == PRED) {        return null;', 'loss_ids': 0, 'shortenable_ids': 1}, {'text': '<mask>', 'loss_ids': 1, 'shortenable_ids': 0}, {'text': 'is fixed program', 'loss_ids': 0, 'shortenable_ids': 0}], {'guid': 0, 'tgt_text': '@SuppressWarnings("unchecked")    @Override   public V value(N node) {      Object value = adjacentNodeValues.get(node);      if (value == PRED) {        return null;'}]
***** Running training *****
  Num examples = 260
  Batch size = 4
  Num epoch = 10

***** Running evaluation *****
  Num examples = 32
  Batch size = 4
  epoch = 0
  eval_ppl = 1.594502310896158e+115
  global_step = 66
  train_loss = 15.9566
  ********************
Previous best ppl:inf
Achieve Best ppl:1.594502310896158e+115
  ********************
BLEU file: ./data/sstubs/2/validation.jsonl
  codebleu-4 = 91.71 	 Previous best codebleu 0
  ********************
 Achieve Best bleu:91.71
  ********************

***** Running evaluation *****
  Num examples = 32
  Batch size = 4
  epoch = 1
  eval_ppl = 5.034458350801005e+108
  global_step = 131
  train_loss = 3.4471
  ********************
Previous best ppl:1.594502310896158e+115
Achieve Best ppl:5.034458350801005e+108
  ********************
BLEU file: ./data/sstubs/2/validation.jsonl
  codebleu-4 = 95.55 	 Previous best codebleu 91.71
  ********************
 Achieve Best bleu:95.55
  ********************

***** Running evaluation *****
  Num examples = 32
  Batch size = 4
  epoch = 2
  eval_ppl = 1.8287536418493e+114
  global_step = 196
  train_loss = 1.6683
  ********************
Previous best ppl:5.034458350801005e+108
BLEU file: ./data/sstubs/2/validation.jsonl
  codebleu-4 = 94.56 	 Previous best codebleu 95.55
  ********************

***** Running evaluation *****
  Num examples = 32
  Batch size = 4
  epoch = 3
  eval_ppl = 1.7902834484300715e+115
  global_step = 261
  train_loss = 1.0289
  ********************
Previous best ppl:5.034458350801005e+108
BLEU file: ./data/sstubs/2/validation.jsonl
  codebleu-4 = 95.66 	 Previous best codebleu 95.55
  ********************
 Achieve Best bleu:95.66
  ********************

***** Running evaluation *****
  Num examples = 32
  Batch size = 4
  epoch = 4
  eval_ppl = 2.425544183434688e+118
  global_step = 326
  train_loss = 0.4447
  ********************
Previous best ppl:5.034458350801005e+108
BLEU file: ./data/sstubs/2/validation.jsonl
  codebleu-4 = 96.06 	 Previous best codebleu 95.66
  ********************
 Achieve Best bleu:96.06
  ********************

***** Running evaluation *****
  Num examples = 32
  Batch size = 4
  epoch = 5
  eval_ppl = 2.7083337393737142e+119
  global_step = 391
  train_loss = 0.2666
  ********************
Previous best ppl:5.034458350801005e+108
BLEU file: ./data/sstubs/2/validation.jsonl
  codebleu-4 = 96.06 	 Previous best codebleu 96.06
  ********************

***** Running evaluation *****
  Num examples = 32
  Batch size = 4
  epoch = 6
  eval_ppl = 1.442059951337251e+118
  global_step = 456
  train_loss = 0.1655
  ********************
Previous best ppl:5.034458350801005e+108
BLEU file: ./data/sstubs/2/validation.jsonl
  codebleu-4 = 95.95 	 Previous best codebleu 96.06
  ********************

***** Running evaluation *****
  Num examples = 32
  Batch size = 4
  epoch = 7
  eval_ppl = 8.283407363422744e+117
  global_step = 521
  train_loss = 0.351
  ********************
Previous best ppl:5.034458350801005e+108
BLEU file: ./data/sstubs/2/validation.jsonl
  codebleu-4 = 95.95 	 Previous best codebleu 96.06
  ********************
early stopping!!!
reload model from result/sstubs/2/random4_codet5p_770m/checkpoint-best-bleu
BLEU file: ./data/sstubs/2/test.jsonl
  codebleu = 92.83 
  Total = 32 
  Exact Fixed = 19 
[1, 2, 3, 5, 6, 9, 10, 11, 12, 14, 17, 18, 19, 21, 23, 27, 28, 29, 30]
  Syntax Fixed = 0 
[]
  Cleaned Fixed = 0 
[]
  ********************
  Total = 32 
  Exact Fixed = 19 
[1, 2, 3, 5, 6, 9, 10, 11, 12, 14, 17, 18, 19, 21, 23, 27, 28, 29, 30]
  Syntax Fixed = 0 
[]
  Cleaned Fixed = 0 
[]
  codebleu = 92.83 
[1.0, 1.0, 1.0, 0.8809865946035704, 1.0, 1.0, 0.7555732843655234, 0.6889840736522397, 1.0, 1.0, 1.0, 1.0, 0.645426537036109, 1.0, 0.5580649610688094, 0.8560516287101299, 1.0, 1.0, 1.0, 0.8154809968794872, 1.0, 0.8937646940710373, 1.0, 0.8952938350960071, 0.8927685762874167, 0.9270405384522935, 1.0, 1.0, 1.0, 1.0, 0.9334681110717995, 0.9620033353993269]
Finish training and take 10m
