Namespace(log_name='./sstubs/2/soft5_codet5p_220m.log', model_name='Salesforce/codet5p-220m', lang='java', output_dir='sstubs/2/soft5_codet5p_220m', data_dir='./data/sstubs/2', no_cuda=False, visible_gpu='0', num_train_epochs=10, num_test_epochs=1, train_batch_size=4, eval_batch_size=4, gradient_accumulation_steps=1, load_model_path=None, config_name='', tokenizer_name='', max_source_length=512, max_target_length=512, warm_up_ratio=0.1, do_train=True, do_eval=True, do_test=True, freeze=False, learning_rate=5e-05, beam_size=10, weight_decay=0.0, adam_epsilon=1e-08, local_rank=-1, seed=42, early_stop_threshold=3)
Process rank: -1, device: cuda, n_gpu: 1, distributed training: False
Model created!!
[[{'text': '};       private final HotSwapPassFactory checkAccessControls =        new HotSwapPassFactory("checkAccessControls", true) {      @Override      protected HotSwapCompilerPass createInternal(AbstractCompiler compiler) {', 'loss_ids': 0, 'shortenable_ids': 1}, {'text': 'is buggy program', 'loss_ids': 0, 'shortenable_ids': 0}, {'text': '<mask>', 'loss_ids': 1, 'shortenable_ids': 0}, {'text': 'is fixed program', 'loss_ids': 0, 'shortenable_ids': 0}], {'guid': 0, 'tgt_text': '};       final HotSwapPassFactory checkAccessControls =        new HotSwapPassFactory("checkAccessControls", true) {      @Override      protected HotSwapCompilerPass createInternal(AbstractCompiler compiler) {'}]
***** Running training *****
  Num examples = 223
  Batch size = 4
  Num epoch = 10

***** Running evaluation *****
  Num examples = 28
  Batch size = 4
  epoch = 0
  eval_ppl = 9.99268627091089e+98
  global_step = 57
  train_loss = 20.7014
  ********************
Previous best ppl:inf
Achieve Best ppl:9.99268627091089e+98
  ********************
BLEU file: ./data/sstubs/2/validation.jsonl
  codebleu-4 = 92.99 	 Previous best codebleu 0
  ********************
 Achieve Best bleu:92.99
  ********************

***** Running evaluation *****
  Num examples = 28
  Batch size = 4
  epoch = 1
  eval_ppl = 1.157257759316375e+101
  global_step = 113
  train_loss = 4.7341
  ********************
Previous best ppl:9.99268627091089e+98
BLEU file: ./data/sstubs/2/validation.jsonl
  codebleu-4 = 95.84 	 Previous best codebleu 92.99
  ********************
 Achieve Best bleu:95.84
  ********************

***** Running evaluation *****
  Num examples = 28
  Batch size = 4
  epoch = 2
  eval_ppl = 8.24851287842182e+101
  global_step = 169
  train_loss = 2.3531
  ********************
Previous best ppl:9.99268627091089e+98
BLEU file: ./data/sstubs/2/validation.jsonl
  codebleu-4 = 94.51 	 Previous best codebleu 95.84
  ********************

***** Running evaluation *****
  Num examples = 28
  Batch size = 4
  epoch = 3
  eval_ppl = 4.1363239294663336e+105
  global_step = 225
  train_loss = 1.4259
  ********************
Previous best ppl:9.99268627091089e+98
BLEU file: ./data/sstubs/2/validation.jsonl
  codebleu-4 = 95.77 	 Previous best codebleu 95.84
  ********************

***** Running evaluation *****
  Num examples = 28
  Batch size = 4
  epoch = 4
  eval_ppl = 3.155517141811364e+108
  global_step = 281
  train_loss = 0.9536
  ********************
Previous best ppl:9.99268627091089e+98
BLEU file: ./data/sstubs/2/validation.jsonl
  codebleu-4 = 95.9 	 Previous best codebleu 95.84
  ********************
 Achieve Best bleu:95.9
  ********************

***** Running evaluation *****
  Num examples = 28
  Batch size = 4
  epoch = 5
  eval_ppl = 3.8475645289777773e+108
  global_step = 337
  train_loss = 0.6338
  ********************
Previous best ppl:9.99268627091089e+98
BLEU file: ./data/sstubs/2/validation.jsonl
  codebleu-4 = 95.77 	 Previous best codebleu 95.9
  ********************

***** Running evaluation *****
  Num examples = 28
  Batch size = 4
  epoch = 6
  eval_ppl = 2.16178400170206e+110
  global_step = 393
  train_loss = 0.3206
  ********************
Previous best ppl:9.99268627091089e+98
BLEU file: ./data/sstubs/2/validation.jsonl
  codebleu-4 = 95.77 	 Previous best codebleu 95.9
  ********************

***** Running evaluation *****
  Num examples = 28
  Batch size = 4
  epoch = 7
  eval_ppl = 8.274609684188286e+109
  global_step = 449
  train_loss = 0.2927
  ********************
Previous best ppl:9.99268627091089e+98
BLEU file: ./data/sstubs/2/validation.jsonl
  codebleu-4 = 95.9 	 Previous best codebleu 95.9
  ********************
early stopping!!!
reload model from sstubs/2/soft5_codet5p_220m/checkpoint-best-bleu
BLEU file: ./data/sstubs/2/test.jsonl
  codebleu = 94.28 
  Total = 27 
  Exact Fixed = 16 
[1, 3, 4, 5, 6, 7, 9, 10, 11, 13, 14, 19, 21, 22, 24, 26]
  Syntax Fixed = 0 
[]
  Cleaned Fixed = 0 
[]
  ********************
  Total = 27 
  Exact Fixed = 16 
[1, 3, 4, 5, 6, 7, 9, 10, 11, 13, 14, 19, 21, 22, 24, 26]
  Syntax Fixed = 0 
[]
  Cleaned Fixed = 0 
[]
  codebleu = 94.28 
[1.0, 0.9261420415269246, 1.0, 1.0, 1.0, 1.0, 1.0, 0.8476460351025821, 1.0, 1.0, 1.0, 0.7032463562196102, 1.0, 1.0, 0.9495565333799167, 0.8947836446510709, 0.9601466755014141, 0.9325400085710811, 1.0, 0.8755319098520675, 1.0, 1.0, 0.5816985005416719, 1.0, 0.8658230311280162, 1.0, 0.9179855428506689]
Finish training and take 4m
Namespace(log_name='./result/sstubs/2/soft5_codet5p_220m.log', model_name='Salesforce/codet5p-220m', lang='java', output_dir='result/sstubs/2/soft5_codet5p_220m', data_dir='./data/sstubs/2', no_cuda=False, visible_gpu='0', num_train_epochs=10, num_test_epochs=1, train_batch_size=4, eval_batch_size=4, gradient_accumulation_steps=1, load_model_path=None, config_name='', tokenizer_name='', max_source_length=512, max_target_length=512, warm_up_ratio=0.1, do_train=True, do_eval=True, do_test=True, freeze=False, learning_rate=5e-05, beam_size=10, weight_decay=0.0, adam_epsilon=1e-08, local_rank=-1, seed=42, early_stop_threshold=3)
Process rank: -1, device: cuda, n_gpu: 1, distributed training: False
Model created!!
[[{'text': '@SuppressWarnings("unchecked")    @Override   public V value(Object node) {      Object value = adjacentNodeValues.get(node);      if (value == PRED) {        return null;', 'loss_ids': 0, 'shortenable_ids': 1}, {'text': 'is buggy program', 'loss_ids': 0, 'shortenable_ids': 0}, {'text': '<mask>', 'loss_ids': 1, 'shortenable_ids': 0}, {'text': 'is fixed program', 'loss_ids': 0, 'shortenable_ids': 0}], {'guid': 0, 'tgt_text': '@SuppressWarnings("unchecked")    @Override   public V value(N node) {      Object value = adjacentNodeValues.get(node);      if (value == PRED) {        return null;'}]
***** Running training *****
  Num examples = 260
  Batch size = 4
  Num epoch = 10

***** Running evaluation *****
  Num examples = 32
  Batch size = 4
  epoch = 0
  eval_ppl = 1.6090827340851323e+109
  global_step = 66
  train_loss = 19.6779
  ********************
Previous best ppl:inf
Achieve Best ppl:1.6090827340851323e+109
  ********************
BLEU file: ./data/sstubs/2/validation.jsonl
  codebleu-4 = 94.83 	 Previous best codebleu 0
  ********************
 Achieve Best bleu:94.83
  ********************

***** Running evaluation *****
  Num examples = 32
  Batch size = 4
  epoch = 1
  eval_ppl = 3.1470342189775286e+118
  global_step = 131
  train_loss = 4.2682
  ********************
Previous best ppl:1.6090827340851323e+109
BLEU file: ./data/sstubs/2/validation.jsonl
  codebleu-4 = 94.84 	 Previous best codebleu 94.83
  ********************
 Achieve Best bleu:94.84
  ********************

***** Running evaluation *****
  Num examples = 32
  Batch size = 4
  epoch = 2
  eval_ppl = 1.9564948949429146e+121
  global_step = 196
  train_loss = 2.3012
  ********************
Previous best ppl:1.6090827340851323e+109
BLEU file: ./data/sstubs/2/validation.jsonl
  codebleu-4 = 92.81 	 Previous best codebleu 94.84
  ********************

***** Running evaluation *****
  Num examples = 32
  Batch size = 4
  epoch = 3
  eval_ppl = 1.2822714686510728e+125
  global_step = 261
  train_loss = 1.3036
  ********************
Previous best ppl:1.6090827340851323e+109
BLEU file: ./data/sstubs/2/validation.jsonl
  codebleu-4 = 94.52 	 Previous best codebleu 94.84
  ********************

***** Running evaluation *****
  Num examples = 32
  Batch size = 4
  epoch = 4
  eval_ppl = 6.67025814976153e+126
  global_step = 326
  train_loss = 1.2459
  ********************
Previous best ppl:1.6090827340851323e+109
BLEU file: ./data/sstubs/2/validation.jsonl
  codebleu-4 = 95.34 	 Previous best codebleu 94.84
  ********************
 Achieve Best bleu:95.34
  ********************

***** Running evaluation *****
  Num examples = 32
  Batch size = 4
  epoch = 5
  eval_ppl = 8.725751607089862e+127
  global_step = 391
  train_loss = 0.7556
  ********************
Previous best ppl:1.6090827340851323e+109
BLEU file: ./data/sstubs/2/validation.jsonl
  codebleu-4 = 95.86 	 Previous best codebleu 95.34
  ********************
 Achieve Best bleu:95.86
  ********************

***** Running evaluation *****
  Num examples = 32
  Batch size = 4
  epoch = 6
  eval_ppl = 3.4006574617048965e+128
  global_step = 456
  train_loss = 0.548
  ********************
Previous best ppl:1.6090827340851323e+109
BLEU file: ./data/sstubs/2/validation.jsonl
  codebleu-4 = 95.97 	 Previous best codebleu 95.86
  ********************
 Achieve Best bleu:95.97
  ********************

***** Running evaluation *****
  Num examples = 32
  Batch size = 4
  epoch = 7
  eval_ppl = 7.44263769401311e+128
  global_step = 521
  train_loss = 0.3002
  ********************
Previous best ppl:1.6090827340851323e+109
BLEU file: ./data/sstubs/2/validation.jsonl
  codebleu-4 = 95.97 	 Previous best codebleu 95.97
  ********************

***** Running evaluation *****
  Num examples = 32
  Batch size = 4
  epoch = 8
  eval_ppl = 2.248041473037202e+129
  global_step = 586
  train_loss = 0.2638
  ********************
Previous best ppl:1.6090827340851323e+109
BLEU file: ./data/sstubs/2/validation.jsonl
  codebleu-4 = 95.97 	 Previous best codebleu 95.97
  ********************

***** Running evaluation *****
  Num examples = 32
  Batch size = 4
  epoch = 9
  eval_ppl = 2.0929206064972908e+129
  global_step = 651
  train_loss = 0.3294
  ********************
Previous best ppl:1.6090827340851323e+109
BLEU file: ./data/sstubs/2/validation.jsonl
  codebleu-4 = 95.97 	 Previous best codebleu 95.97
  ********************
early stopping!!!
reload model from result/sstubs/2/soft5_codet5p_220m/checkpoint-best-bleu
BLEU file: ./data/sstubs/2/test.jsonl
  codebleu = 93.64 
  Total = 32 
  Exact Fixed = 19 
[1, 2, 3, 5, 6, 9, 10, 11, 12, 14, 16, 17, 18, 21, 23, 27, 28, 29, 30]
  Syntax Fixed = 1 
[19]
  Cleaned Fixed = 0 
[]
  ********************
  Total = 32 
  Exact Fixed = 19 
[1, 2, 3, 5, 6, 9, 10, 11, 12, 14, 16, 17, 18, 21, 23, 27, 28, 29, 30]
  Syntax Fixed = 1 
[19]
  Cleaned Fixed = 0 
[]
  codebleu = 93.64 
[1.0, 1.0, 1.0, 0.8809865946035704, 1.0, 1.0, 0.7555732843655234, 0.6889840736522397, 1.0, 1.0, 1.0, 1.0, 0.645426537036109, 1.0, 0.6887796716807858, 0.9525370159990827, 1.0, 1.0, 0.9655267507815484, 0.8816015466501335, 1.0, 0.8937646940710373, 1.0, 0.8952938350960071, 0.8927685762874167, 0.9270405384522935, 1.0, 1.0, 1.0, 1.0, 0.9334681110717995, 0.9620033353993269]
Finish training and take 5m
