Namespace(log_name='./sstubs/2/soft4_codet5p_220m.log', model_name='Salesforce/codet5p-220m', lang='java', output_dir='sstubs/2/soft4_codet5p_220m', data_dir='./data/sstubs/2', no_cuda=False, visible_gpu='0', num_train_epochs=10, num_test_epochs=1, train_batch_size=4, eval_batch_size=4, gradient_accumulation_steps=1, load_model_path=None, config_name='', tokenizer_name='', max_source_length=512, max_target_length=512, warm_up_ratio=0.1, do_train=True, do_eval=True, do_test=True, freeze=False, learning_rate=5e-05, beam_size=10, weight_decay=0.0, adam_epsilon=1e-08, local_rank=-1, seed=42, early_stop_threshold=3)
Process rank: -1, device: cuda, n_gpu: 1, distributed training: False
Model created!!
[[{'text': 'Fix', 'loss_ids': 0, 'shortenable_ids': 0}, {'text': ' };       private final HotSwapPassFactory checkAccessControls =        new HotSwapPassFactory("checkAccessControls", true) {      @Override      protected HotSwapCompilerPass createInternal(AbstractCompiler compiler) {', 'loss_ids': 0, 'shortenable_ids': 1}, {'text': '<mask>', 'loss_ids': 1, 'shortenable_ids': 0}, {'text': 'is fixed program', 'loss_ids': 0, 'shortenable_ids': 0}], {'guid': 0, 'tgt_text': '};       final HotSwapPassFactory checkAccessControls =        new HotSwapPassFactory("checkAccessControls", true) {      @Override      protected HotSwapCompilerPass createInternal(AbstractCompiler compiler) {'}]
***** Running training *****
  Num examples = 223
  Batch size = 4
  Num epoch = 10

***** Running evaluation *****
  Num examples = 28
  Batch size = 4
  epoch = 0
  eval_ppl = 2.0423758469398676e+91
  global_step = 57
  train_loss = 19.4424
  ********************
Previous best ppl:inf
Achieve Best ppl:2.0423758469398676e+91
  ********************
BLEU file: ./data/sstubs/2/validation.jsonl
  codebleu-4 = 95.41 	 Previous best codebleu 0
  ********************
 Achieve Best bleu:95.41
  ********************

***** Running evaluation *****
  Num examples = 28
  Batch size = 4
  epoch = 1
  eval_ppl = 4.843540159874172e+93
  global_step = 113
  train_loss = 4.633
  ********************
Previous best ppl:2.0423758469398676e+91
BLEU file: ./data/sstubs/2/validation.jsonl
  codebleu-4 = 92.95 	 Previous best codebleu 95.41
  ********************

***** Running evaluation *****
  Num examples = 28
  Batch size = 4
  epoch = 2
  eval_ppl = 1.3686848215514825e+101
  global_step = 169
  train_loss = 2.1658
  ********************
Previous best ppl:2.0423758469398676e+91
BLEU file: ./data/sstubs/2/validation.jsonl
  codebleu-4 = 95.47 	 Previous best codebleu 95.41
  ********************
 Achieve Best bleu:95.47
  ********************

***** Running evaluation *****
  Num examples = 28
  Batch size = 4
  epoch = 3
  eval_ppl = 5.809486919060654e+100
  global_step = 225
  train_loss = 1.1402
  ********************
Previous best ppl:2.0423758469398676e+91
BLEU file: ./data/sstubs/2/validation.jsonl
  codebleu-4 = 95.84 	 Previous best codebleu 95.47
  ********************
 Achieve Best bleu:95.84
  ********************

***** Running evaluation *****
  Num examples = 28
  Batch size = 4
  epoch = 4
  eval_ppl = 1.0207530486589873e+102
  global_step = 281
  train_loss = 0.8905
  ********************
Previous best ppl:2.0423758469398676e+91
BLEU file: ./data/sstubs/2/validation.jsonl
  codebleu-4 = 93.18 	 Previous best codebleu 95.84
  ********************

***** Running evaluation *****
  Num examples = 28
  Batch size = 4
  epoch = 5
  eval_ppl = 7.0808641409237975e+102
  global_step = 337
  train_loss = 0.7007
  ********************
Previous best ppl:2.0423758469398676e+91
BLEU file: ./data/sstubs/2/validation.jsonl
  codebleu-4 = 95.97 	 Previous best codebleu 95.84
  ********************
 Achieve Best bleu:95.97
  ********************

***** Running evaluation *****
  Num examples = 28
  Batch size = 4
  epoch = 6
  eval_ppl = 1.1978658353975325e+104
  global_step = 393
  train_loss = 0.4958
  ********************
Previous best ppl:2.0423758469398676e+91
BLEU file: ./data/sstubs/2/validation.jsonl
  codebleu-4 = 95.97 	 Previous best codebleu 95.97
  ********************

***** Running evaluation *****
  Num examples = 28
  Batch size = 4
  epoch = 7
  eval_ppl = 1.3182413563705605e+105
  global_step = 449
  train_loss = 0.2561
  ********************
Previous best ppl:2.0423758469398676e+91
BLEU file: ./data/sstubs/2/validation.jsonl
  codebleu-4 = 95.84 	 Previous best codebleu 95.97
  ********************

***** Running evaluation *****
  Num examples = 28
  Batch size = 4
  epoch = 8
  eval_ppl = 1.1183800738313239e+105
  global_step = 505
  train_loss = 0.2137
  ********************
Previous best ppl:2.0423758469398676e+91
BLEU file: ./data/sstubs/2/validation.jsonl
  codebleu-4 = 95.84 	 Previous best codebleu 95.97
  ********************
early stopping!!!
reload model from sstubs/2/soft4_codet5p_220m/checkpoint-best-bleu
BLEU file: ./data/sstubs/2/test.jsonl
  codebleu = 94.75 
  Total = 27 
  Exact Fixed = 17 
[1, 3, 4, 5, 6, 7, 9, 10, 11, 13, 14, 15, 19, 21, 22, 24, 26]
  Syntax Fixed = 0 
[]
  Cleaned Fixed = 0 
[]
  ********************
  Total = 27 
  Exact Fixed = 17 
[1, 3, 4, 5, 6, 7, 9, 10, 11, 13, 14, 15, 19, 21, 22, 24, 26]
  Syntax Fixed = 0 
[]
  Cleaned Fixed = 0 
[]
  codebleu = 94.75 
[1.0, 0.9261420415269246, 1.0, 1.0, 1.0, 1.0, 1.0, 0.8476460351025821, 1.0, 1.0, 1.0, 0.7032463562196102, 1.0, 1.0, 1.0, 0.8947836446510709, 0.9601466755014141, 0.9325400085710811, 1.0, 0.8755319098520675, 1.0, 1.0, 0.6577095841418729, 1.0, 0.8658230311280162, 1.0, 0.9179855428506689]
Finish training and take 5m
Namespace(log_name='./result/sstubs/2/soft4_codet5p_220m.log', model_name='Salesforce/codet5p-220m', lang='java', output_dir='result/sstubs/2/soft4_codet5p_220m', data_dir='./data/sstubs/2', no_cuda=False, visible_gpu='0', num_train_epochs=10, num_test_epochs=1, train_batch_size=4, eval_batch_size=4, gradient_accumulation_steps=1, load_model_path=None, config_name='', tokenizer_name='', max_source_length=512, max_target_length=512, warm_up_ratio=0.1, do_train=True, do_eval=True, do_test=True, freeze=False, learning_rate=5e-05, beam_size=10, weight_decay=0.0, adam_epsilon=1e-08, local_rank=-1, seed=42, early_stop_threshold=3)
Process rank: -1, device: cuda, n_gpu: 1, distributed training: False
Model created!!
[[{'text': 'Fix', 'loss_ids': 0, 'shortenable_ids': 0}, {'text': ' @SuppressWarnings("unchecked")    @Override   public V value(Object node) {      Object value = adjacentNodeValues.get(node);      if (value == PRED) {        return null;', 'loss_ids': 0, 'shortenable_ids': 1}, {'text': '<mask>', 'loss_ids': 1, 'shortenable_ids': 0}, {'text': 'is fixed program', 'loss_ids': 0, 'shortenable_ids': 0}], {'guid': 0, 'tgt_text': '@SuppressWarnings("unchecked")    @Override   public V value(N node) {      Object value = adjacentNodeValues.get(node);      if (value == PRED) {        return null;'}]
***** Running training *****
  Num examples = 260
  Batch size = 4
  Num epoch = 10

***** Running evaluation *****
  Num examples = 32
  Batch size = 4
  epoch = 0
  eval_ppl = 2.3074279615801533e+104
  global_step = 66
  train_loss = 18.2251
  ********************
Previous best ppl:inf
Achieve Best ppl:2.3074279615801533e+104
  ********************
BLEU file: ./data/sstubs/2/validation.jsonl
  codebleu-4 = 94.7 	 Previous best codebleu 0
  ********************
 Achieve Best bleu:94.7
  ********************

***** Running evaluation *****
  Num examples = 32
  Batch size = 4
  epoch = 1
  eval_ppl = 4.71683762557596e+110
  global_step = 131
  train_loss = 4.2484
  ********************
Previous best ppl:2.3074279615801533e+104
BLEU file: ./data/sstubs/2/validation.jsonl
  codebleu-4 = 95.3 	 Previous best codebleu 94.7
  ********************
 Achieve Best bleu:95.3
  ********************

***** Running evaluation *****
  Num examples = 32
  Batch size = 4
  epoch = 2
  eval_ppl = 1.1394177031905868e+115
  global_step = 196
  train_loss = 2.3035
  ********************
Previous best ppl:2.3074279615801533e+104
BLEU file: ./data/sstubs/2/validation.jsonl
  codebleu-4 = 94.71 	 Previous best codebleu 95.3
  ********************

***** Running evaluation *****
  Num examples = 32
  Batch size = 4
  epoch = 3
  eval_ppl = 1.811690113876683e+118
  global_step = 261
  train_loss = 2.0589
  ********************
Previous best ppl:2.3074279615801533e+104
BLEU file: ./data/sstubs/2/validation.jsonl
  codebleu-4 = 95.37 	 Previous best codebleu 95.3
  ********************
 Achieve Best bleu:95.37
  ********************

***** Running evaluation *****
  Num examples = 32
  Batch size = 4
  epoch = 4
  eval_ppl = 9.743356471530937e+122
  global_step = 326
  train_loss = 1.2809
  ********************
Previous best ppl:2.3074279615801533e+104
BLEU file: ./data/sstubs/2/validation.jsonl
  codebleu-4 = 95.32 	 Previous best codebleu 95.37
  ********************

***** Running evaluation *****
  Num examples = 32
  Batch size = 4
  epoch = 5
  eval_ppl = 5.7352050636444075e+119
  global_step = 391
  train_loss = 0.8431
  ********************
Previous best ppl:2.3074279615801533e+104
BLEU file: ./data/sstubs/2/validation.jsonl
  codebleu-4 = 95.49 	 Previous best codebleu 95.37
  ********************
 Achieve Best bleu:95.49
  ********************

***** Running evaluation *****
  Num examples = 32
  Batch size = 4
  epoch = 6
  eval_ppl = 7.5716598132892605e+124
  global_step = 456
  train_loss = 0.479
  ********************
Previous best ppl:2.3074279615801533e+104
BLEU file: ./data/sstubs/2/validation.jsonl
  codebleu-4 = 96.0 	 Previous best codebleu 95.49
  ********************
 Achieve Best bleu:96.0
  ********************

***** Running evaluation *****
  Num examples = 32
  Batch size = 4
  epoch = 7
  eval_ppl = 1.811157582986483e+125
  global_step = 521
  train_loss = 0.2752
  ********************
Previous best ppl:2.3074279615801533e+104
BLEU file: ./data/sstubs/2/validation.jsonl
  codebleu-4 = 95.6 	 Previous best codebleu 96.0
  ********************

***** Running evaluation *****
  Num examples = 32
  Batch size = 4
  epoch = 8
  eval_ppl = 1.4635351151812835e+126
  global_step = 586
  train_loss = 0.2302
  ********************
Previous best ppl:2.3074279615801533e+104
BLEU file: ./data/sstubs/2/validation.jsonl
  codebleu-4 = 95.97 	 Previous best codebleu 96.0
  ********************

***** Running evaluation *****
  Num examples = 32
  Batch size = 4
  epoch = 9
  eval_ppl = 2.5488771963770083e+126
  global_step = 651
  train_loss = 0.2214
  ********************
Previous best ppl:2.3074279615801533e+104
BLEU file: ./data/sstubs/2/validation.jsonl
  codebleu-4 = 95.97 	 Previous best codebleu 96.0
  ********************
early stopping!!!
reload model from result/sstubs/2/soft4_codet5p_220m/checkpoint-best-bleu
BLEU file: ./data/sstubs/2/test.jsonl
  codebleu = 93.86 
  Total = 32 
  Exact Fixed = 20 
[1, 2, 3, 5, 6, 9, 10, 11, 12, 14, 16, 17, 18, 19, 21, 23, 27, 28, 29, 30]
  Syntax Fixed = 0 
[]
  Cleaned Fixed = 0 
[]
  ********************
  Total = 32 
  Exact Fixed = 20 
[1, 2, 3, 5, 6, 9, 10, 11, 12, 14, 16, 17, 18, 19, 21, 23, 27, 28, 29, 30]
  Syntax Fixed = 0 
[]
  Cleaned Fixed = 0 
[]
  codebleu = 93.86 
[1.0, 1.0, 1.0, 0.8809865946035704, 1.0, 1.0, 0.7555732843655234, 0.6889840736522397, 1.0, 1.0, 1.0, 1.0, 0.645426537036109, 1.0, 0.6887796716807858, 0.9525370159990827, 1.0, 1.0, 1.0, 0.8816015466501335, 1.0, 0.8937646940710373, 1.0, 0.9327938350960072, 0.8927685762874167, 0.9270405384522935, 1.0, 1.0, 1.0, 1.0, 0.9334681110717995, 0.9620033353993269]
Finish training and take 4m
