Namespace(log_name='./sstubs/2/soft3_codet5p_220m.log', model_name='Salesforce/codet5p-220m', lang='java', output_dir='sstubs/2/soft3_codet5p_220m', data_dir='./data/sstubs/2', no_cuda=False, visible_gpu='0', num_train_epochs=10, num_test_epochs=1, train_batch_size=4, eval_batch_size=4, gradient_accumulation_steps=1, load_model_path=None, config_name='', tokenizer_name='', max_source_length=512, max_target_length=512, warm_up_ratio=0.1, do_train=True, do_eval=True, do_test=True, freeze=False, learning_rate=5e-05, beam_size=10, weight_decay=0.0, adam_epsilon=1e-08, local_rank=-1, seed=42, early_stop_threshold=3)
Process rank: -1, device: cuda, n_gpu: 1, distributed training: False
Model created!!
[[{'text': 'Fix', 'loss_ids': 0, 'shortenable_ids': 0}, {'text': ' };       private final HotSwapPassFactory checkAccessControls =        new HotSwapPassFactory("checkAccessControls", true) {      @Override      protected HotSwapCompilerPass createInternal(AbstractCompiler compiler) {', 'loss_ids': 0, 'shortenable_ids': 1}, {'text': 'fixed program is', 'loss_ids': 0, 'shortenable_ids': 0}, {'text': '<mask>', 'loss_ids': 1, 'shortenable_ids': 0}], {'guid': 0, 'tgt_text': '};       final HotSwapPassFactory checkAccessControls =        new HotSwapPassFactory("checkAccessControls", true) {      @Override      protected HotSwapCompilerPass createInternal(AbstractCompiler compiler) {'}]
***** Running training *****
  Num examples = 223
  Batch size = 4
  Num epoch = 10

***** Running evaluation *****
  Num examples = 28
  Batch size = 4
  epoch = 0
  eval_ppl = 6.858206430807159e+87
  global_step = 57
  train_loss = 18.7499
  ********************
Previous best ppl:inf
Achieve Best ppl:6.858206430807159e+87
  ********************
BLEU file: ./data/sstubs/2/validation.jsonl
  codebleu-4 = 93.99 	 Previous best codebleu 0
  ********************
 Achieve Best bleu:93.99
  ********************

***** Running evaluation *****
  Num examples = 28
  Batch size = 4
  epoch = 1
  eval_ppl = 2.0620061543675168e+99
  global_step = 113
  train_loss = 4.8577
  ********************
Previous best ppl:6.858206430807159e+87
BLEU file: ./data/sstubs/2/validation.jsonl
  codebleu-4 = 95.98 	 Previous best codebleu 93.99
  ********************
 Achieve Best bleu:95.98
  ********************

***** Running evaluation *****
  Num examples = 28
  Batch size = 4
  epoch = 2
  eval_ppl = 5.0484275185504456e+107
  global_step = 169
  train_loss = 2.3663
  ********************
Previous best ppl:6.858206430807159e+87
BLEU file: ./data/sstubs/2/validation.jsonl
  codebleu-4 = 95.66 	 Previous best codebleu 95.98
  ********************

***** Running evaluation *****
  Num examples = 28
  Batch size = 4
  epoch = 3
  eval_ppl = 2.4321030280479934e+106
  global_step = 225
  train_loss = 1.1087
  ********************
Previous best ppl:6.858206430807159e+87
BLEU file: ./data/sstubs/2/validation.jsonl
  codebleu-4 = 96.04 	 Previous best codebleu 95.98
  ********************
 Achieve Best bleu:96.04
  ********************

***** Running evaluation *****
  Num examples = 28
  Batch size = 4
  epoch = 4
  eval_ppl = 4.532645500045331e+103
  global_step = 281
  train_loss = 1.1167
  ********************
Previous best ppl:6.858206430807159e+87
BLEU file: ./data/sstubs/2/validation.jsonl
  codebleu-4 = 95.91 	 Previous best codebleu 96.04
  ********************

***** Running evaluation *****
  Num examples = 28
  Batch size = 4
  epoch = 5
  eval_ppl = 3.306710529511637e+106
  global_step = 337
  train_loss = 1.191
  ********************
Previous best ppl:6.858206430807159e+87
BLEU file: ./data/sstubs/2/validation.jsonl
  codebleu-4 = 96.04 	 Previous best codebleu 96.04
  ********************

***** Running evaluation *****
  Num examples = 28
  Batch size = 4
  epoch = 6
  eval_ppl = 1.3280953513574415e+107
  global_step = 393
  train_loss = 0.8509
  ********************
Previous best ppl:6.858206430807159e+87
BLEU file: ./data/sstubs/2/validation.jsonl
  codebleu-4 = 95.87 	 Previous best codebleu 96.04
  ********************
early stopping!!!
reload model from sstubs/2/soft3_codet5p_220m/checkpoint-best-bleu
BLEU file: ./data/sstubs/2/test.jsonl
  codebleu = 92.13 
  Total = 27 
  Exact Fixed = 15 
[1, 3, 4, 6, 7, 9, 10, 11, 13, 14, 19, 21, 22, 24, 26]
  Syntax Fixed = 0 
[]
  Cleaned Fixed = 0 
[]
  ********************
  Total = 27 
  Exact Fixed = 15 
[1, 3, 4, 6, 7, 9, 10, 11, 13, 14, 19, 21, 22, 24, 26]
  Syntax Fixed = 0 
[]
  Cleaned Fixed = 0 
[]
  codebleu = 92.13 
[1.0, 0.9261420415269246, 1.0, 1.0, 0.3428456545380965, 1.0, 1.0, 0.8476460351025821, 1.0, 1.0, 1.0, 0.7032463562196102, 1.0, 1.0, 0.9495565333799167, 0.8947836446510709, 0.9601466755014141, 0.9325400085710811, 1.0, 0.8755319098520675, 1.0, 1.0, 0.6577095841418729, 1.0, 0.8658230311280162, 1.0, 0.9179855428506689]
Finish training and take 4m
Namespace(log_name='./result/sstubs/2/soft3_codet5p_220m.log', model_name='Salesforce/codet5p-220m', lang='java', output_dir='result/sstubs/2/soft3_codet5p_220m', data_dir='./data/sstubs/2', no_cuda=False, visible_gpu='0', num_train_epochs=10, num_test_epochs=1, train_batch_size=4, eval_batch_size=4, gradient_accumulation_steps=1, load_model_path=None, config_name='', tokenizer_name='', max_source_length=512, max_target_length=512, warm_up_ratio=0.1, do_train=True, do_eval=True, do_test=True, freeze=False, learning_rate=5e-05, beam_size=10, weight_decay=0.0, adam_epsilon=1e-08, local_rank=-1, seed=42, early_stop_threshold=3)
Process rank: -1, device: cuda, n_gpu: 1, distributed training: False
Model created!!
[[{'text': 'Fix', 'loss_ids': 0, 'shortenable_ids': 0}, {'text': ' @SuppressWarnings("unchecked")    @Override   public V value(Object node) {      Object value = adjacentNodeValues.get(node);      if (value == PRED) {        return null;', 'loss_ids': 0, 'shortenable_ids': 1}, {'text': 'fixed program is', 'loss_ids': 0, 'shortenable_ids': 0}, {'text': '<mask>', 'loss_ids': 1, 'shortenable_ids': 0}], {'guid': 0, 'tgt_text': '@SuppressWarnings("unchecked")    @Override   public V value(N node) {      Object value = adjacentNodeValues.get(node);      if (value == PRED) {        return null;'}]
***** Running training *****
  Num examples = 260
  Batch size = 4
  Num epoch = 10

***** Running evaluation *****
  Num examples = 32
  Batch size = 4
  epoch = 0
  eval_ppl = 4.228693805199398e+106
  global_step = 66
  train_loss = 17.6755
  ********************
Previous best ppl:inf
Achieve Best ppl:4.228693805199398e+106
  ********************
BLEU file: ./data/sstubs/2/validation.jsonl
  codebleu-4 = 95.0 	 Previous best codebleu 0
  ********************
 Achieve Best bleu:95.0
  ********************

***** Running evaluation *****
  Num examples = 32
  Batch size = 4
  epoch = 1
  eval_ppl = 7.890358338822386e+109
  global_step = 131
  train_loss = 4.0696
  ********************
Previous best ppl:4.228693805199398e+106
BLEU file: ./data/sstubs/2/validation.jsonl
  codebleu-4 = 95.51 	 Previous best codebleu 95.0
  ********************
 Achieve Best bleu:95.51
  ********************

***** Running evaluation *****
  Num examples = 32
  Batch size = 4
  epoch = 2
  eval_ppl = 5.277245264035889e+112
  global_step = 196
  train_loss = 2.0659
  ********************
Previous best ppl:4.228693805199398e+106
BLEU file: ./data/sstubs/2/validation.jsonl
  codebleu-4 = 95.46 	 Previous best codebleu 95.51
  ********************

***** Running evaluation *****
  Num examples = 32
  Batch size = 4
  epoch = 3
  eval_ppl = 6.352207949062071e+116
  global_step = 261
  train_loss = 1.2078
  ********************
Previous best ppl:4.228693805199398e+106
BLEU file: ./data/sstubs/2/validation.jsonl
  codebleu-4 = 94.89 	 Previous best codebleu 95.51
  ********************

***** Running evaluation *****
  Num examples = 32
  Batch size = 4
  epoch = 4
  eval_ppl = 6.168381048341667e+115
  global_step = 326
  train_loss = 0.829
  ********************
Previous best ppl:4.228693805199398e+106
BLEU file: ./data/sstubs/2/validation.jsonl
  codebleu-4 = 95.65 	 Previous best codebleu 95.51
  ********************
 Achieve Best bleu:95.65
  ********************

***** Running evaluation *****
  Num examples = 32
  Batch size = 4
  epoch = 5
  eval_ppl = 2.410236573178462e+117
  global_step = 391
  train_loss = 0.5042
  ********************
Previous best ppl:4.228693805199398e+106
BLEU file: ./data/sstubs/2/validation.jsonl
  codebleu-4 = 95.32 	 Previous best codebleu 95.65
  ********************

***** Running evaluation *****
  Num examples = 32
  Batch size = 4
  epoch = 6
  eval_ppl = 4.904135148814488e+117
  global_step = 456
  train_loss = 0.5518
  ********************
Previous best ppl:4.228693805199398e+106
BLEU file: ./data/sstubs/2/validation.jsonl
  codebleu-4 = 95.58 	 Previous best codebleu 95.65
  ********************

***** Running evaluation *****
  Num examples = 32
  Batch size = 4
  epoch = 7
  eval_ppl = 2.5568425379041096e+118
  global_step = 521
  train_loss = 0.3122
  ********************
Previous best ppl:4.228693805199398e+106
BLEU file: ./data/sstubs/2/validation.jsonl
  codebleu-4 = 95.65 	 Previous best codebleu 95.65
  ********************
early stopping!!!
reload model from result/sstubs/2/soft3_codet5p_220m/checkpoint-best-bleu
BLEU file: ./data/sstubs/2/test.jsonl
  codebleu = 93.68 
  Total = 32 
  Exact Fixed = 20 
[1, 2, 3, 5, 6, 9, 10, 11, 12, 14, 16, 17, 18, 19, 21, 23, 27, 28, 29, 30]
  Syntax Fixed = 0 
[]
  Cleaned Fixed = 0 
[]
  ********************
  Total = 32 
  Exact Fixed = 20 
[1, 2, 3, 5, 6, 9, 10, 11, 12, 14, 16, 17, 18, 19, 21, 23, 27, 28, 29, 30]
  Syntax Fixed = 0 
[]
  Cleaned Fixed = 0 
[]
  codebleu = 93.68 
[1.0, 1.0, 1.0, 0.8809865946035704, 1.0, 1.0, 0.7555732843655234, 0.6482776811679485, 1.0, 1.0, 1.0, 1.0, 0.645426537036109, 1.0, 0.7726680042740901, 0.9525370159990827, 1.0, 1.0, 1.0, 0.7800096394827716, 1.0, 0.8937646940710373, 1.0, 0.9327938350960072, 0.8927685762874167, 0.9270405384522935, 1.0, 1.0, 1.0, 1.0, 0.9334681110717995, 0.9620033353993269]
Finish training and take 3m
