Namespace(log_name='./sstubs/2/soft3_codet5p_770m.log', model_name='Salesforce/codet5p-770m', lang='java', output_dir='sstubs/2/soft3_codet5p_770m', data_dir='./data/sstubs/2', no_cuda=False, visible_gpu='0', num_train_epochs=10, num_test_epochs=1, train_batch_size=4, eval_batch_size=4, gradient_accumulation_steps=1, load_model_path=None, config_name='', tokenizer_name='', max_source_length=512, max_target_length=512, warm_up_ratio=0.1, do_train=True, do_eval=True, do_test=True, freeze=False, learning_rate=5e-05, beam_size=10, weight_decay=0.0, adam_epsilon=1e-08, local_rank=-1, seed=42, early_stop_threshold=3)
Process rank: -1, device: cuda, n_gpu: 1, distributed training: False
Model created!!
[[{'text': 'Fix', 'loss_ids': 0, 'shortenable_ids': 0}, {'text': ' };       private final HotSwapPassFactory checkAccessControls =        new HotSwapPassFactory("checkAccessControls", true) {      @Override      protected HotSwapCompilerPass createInternal(AbstractCompiler compiler) {', 'loss_ids': 0, 'shortenable_ids': 1}, {'text': 'fixed program is', 'loss_ids': 0, 'shortenable_ids': 0}, {'text': '<mask>', 'loss_ids': 1, 'shortenable_ids': 0}], {'guid': 0, 'tgt_text': '};       final HotSwapPassFactory checkAccessControls =        new HotSwapPassFactory("checkAccessControls", true) {      @Override      protected HotSwapCompilerPass createInternal(AbstractCompiler compiler) {'}]
***** Running training *****
  Num examples = 223
  Batch size = 4
  Num epoch = 10

***** Running evaluation *****
  Num examples = 28
  Batch size = 4
  epoch = 0
  eval_ppl = 3.1157386001171876e+96
  global_step = 57
  train_loss = 14.9355
  ********************
Previous best ppl:inf
Achieve Best ppl:3.1157386001171876e+96
  ********************
BLEU file: ./data/sstubs/2/validation.jsonl
  codebleu-4 = 94.5 	 Previous best codebleu 0
  ********************
 Achieve Best bleu:94.5
  ********************

***** Running evaluation *****
  Num examples = 28
  Batch size = 4
  epoch = 1
  eval_ppl = 1.636806786544317e+103
  global_step = 113
  train_loss = 2.9371
  ********************
Previous best ppl:3.1157386001171876e+96
BLEU file: ./data/sstubs/2/validation.jsonl
  codebleu-4 = 95.97 	 Previous best codebleu 94.5
  ********************
 Achieve Best bleu:95.97
  ********************

***** Running evaluation *****
  Num examples = 28
  Batch size = 4
  epoch = 2
  eval_ppl = 5.744366144665915e+107
  global_step = 169
  train_loss = 1.7289
  ********************
Previous best ppl:3.1157386001171876e+96
BLEU file: ./data/sstubs/2/validation.jsonl
  codebleu-4 = 95.84 	 Previous best codebleu 95.97
  ********************

***** Running evaluation *****
  Num examples = 28
  Batch size = 4
  epoch = 3
  eval_ppl = 2.751022959659349e+102
  global_step = 225
  train_loss = 1.4281
  ********************
Previous best ppl:3.1157386001171876e+96
BLEU file: ./data/sstubs/2/validation.jsonl
  codebleu-4 = 95.74 	 Previous best codebleu 95.97
  ********************

***** Running evaluation *****
  Num examples = 28
  Batch size = 4
  epoch = 4
  eval_ppl = 1.1217891827339189e+104
  global_step = 281
  train_loss = 0.5478
  ********************
Previous best ppl:3.1157386001171876e+96
BLEU file: ./data/sstubs/2/validation.jsonl
  codebleu-4 = 93.44 	 Previous best codebleu 95.97
  ********************
early stopping!!!
reload model from sstubs/2/soft3_codet5p_770m/checkpoint-best-bleu
BLEU file: ./data/sstubs/2/test.jsonl
  codebleu = 90.78 
  Total = 27 
  Exact Fixed = 15 
[1, 3, 4, 6, 7, 9, 10, 11, 13, 14, 19, 21, 22, 24, 26]
  Syntax Fixed = 0 
[]
  Cleaned Fixed = 0 
[]
  ********************
  Total = 27 
  Exact Fixed = 15 
[1, 3, 4, 6, 7, 9, 10, 11, 13, 14, 19, 21, 22, 24, 26]
  Syntax Fixed = 0 
[]
  Cleaned Fixed = 0 
[]
  codebleu = 90.78 
[1.0, 0.9261420415269246, 1.0, 1.0, 0.3428456545380965, 1.0, 1.0, 0.8476460351025821, 1.0, 1.0, 1.0, 0.7032463562196102, 1.0, 1.0, 0.6626722898116006, 0.8947836446510709, 0.9601466755014141, 0.9325400085710811, 1.0, 0.8755319098520675, 1.0, 1.0, 0.5816985005416719, 1.0, 0.8658230311280162, 1.0, 0.9179855428506689]
Finish training and take 7m
Namespace(log_name='./result/sstubs/2/soft3_codet5p_770m.log', model_name='Salesforce/codet5p-770m', lang='java', output_dir='result/sstubs/2/soft3_codet5p_770m', data_dir='./data/sstubs/2', no_cuda=False, visible_gpu='0', num_train_epochs=10, num_test_epochs=1, train_batch_size=4, eval_batch_size=4, gradient_accumulation_steps=1, load_model_path=None, config_name='', tokenizer_name='', max_source_length=512, max_target_length=512, warm_up_ratio=0.1, do_train=True, do_eval=True, do_test=True, freeze=False, learning_rate=5e-05, beam_size=10, weight_decay=0.0, adam_epsilon=1e-08, local_rank=-1, seed=42, early_stop_threshold=3)
Process rank: -1, device: cuda, n_gpu: 1, distributed training: False
Model created!!
[[{'text': 'Fix', 'loss_ids': 0, 'shortenable_ids': 0}, {'text': ' @SuppressWarnings("unchecked")    @Override   public V value(Object node) {      Object value = adjacentNodeValues.get(node);      if (value == PRED) {        return null;', 'loss_ids': 0, 'shortenable_ids': 1}, {'text': 'fixed program is', 'loss_ids': 0, 'shortenable_ids': 0}, {'text': '<mask>', 'loss_ids': 1, 'shortenable_ids': 0}], {'guid': 0, 'tgt_text': '@SuppressWarnings("unchecked")    @Override   public V value(N node) {      Object value = adjacentNodeValues.get(node);      if (value == PRED) {        return null;'}]
***** Running training *****
  Num examples = 260
  Batch size = 4
  Num epoch = 10

***** Running evaluation *****
  Num examples = 32
  Batch size = 4
  epoch = 0
  eval_ppl = 1.729655102743675e+101
  global_step = 66
  train_loss = 15.1092
  ********************
Previous best ppl:inf
Achieve Best ppl:1.729655102743675e+101
  ********************
BLEU file: ./data/sstubs/2/validation.jsonl
  codebleu-4 = 94.92 	 Previous best codebleu 0
  ********************
 Achieve Best bleu:94.92
  ********************

***** Running evaluation *****
  Num examples = 32
  Batch size = 4
  epoch = 1
  eval_ppl = 6.218448199690939e+105
  global_step = 131
  train_loss = 3.3049
  ********************
Previous best ppl:1.729655102743675e+101
BLEU file: ./data/sstubs/2/validation.jsonl
  codebleu-4 = 95.6 	 Previous best codebleu 94.92
  ********************
 Achieve Best bleu:95.6
  ********************

***** Running evaluation *****
  Num examples = 32
  Batch size = 4
  epoch = 2
  eval_ppl = 4.30763856620781e+112
  global_step = 196
  train_loss = 1.6421
  ********************
Previous best ppl:1.729655102743675e+101
BLEU file: ./data/sstubs/2/validation.jsonl
  codebleu-4 = 95.95 	 Previous best codebleu 95.6
  ********************
 Achieve Best bleu:95.95
  ********************

***** Running evaluation *****
  Num examples = 32
  Batch size = 4
  epoch = 3
  eval_ppl = 5.463773792749863e+121
  global_step = 261
  train_loss = 1.6402
  ********************
Previous best ppl:1.729655102743675e+101
BLEU file: ./data/sstubs/2/validation.jsonl
  codebleu-4 = 94.8 	 Previous best codebleu 95.95
  ********************

***** Running evaluation *****
  Num examples = 32
  Batch size = 4
  epoch = 4
  eval_ppl = 8.320840283404833e+113
  global_step = 326
  train_loss = 0.8844
  ********************
Previous best ppl:1.729655102743675e+101
BLEU file: ./data/sstubs/2/validation.jsonl
  codebleu-4 = 95.9 	 Previous best codebleu 95.95
  ********************

***** Running evaluation *****
  Num examples = 32
  Batch size = 4
  epoch = 5
  eval_ppl = 1.7304270374939406e+112
  global_step = 391
  train_loss = 0.4848
  ********************
Previous best ppl:1.729655102743675e+101
BLEU file: ./data/sstubs/2/validation.jsonl
  codebleu-4 = 95.56 	 Previous best codebleu 95.95
  ********************
early stopping!!!
reload model from result/sstubs/2/soft3_codet5p_770m/checkpoint-best-bleu
BLEU file: ./data/sstubs/2/test.jsonl
  codebleu = 94.08 
  Total = 32 
  Exact Fixed = 20 
[1, 2, 3, 5, 6, 9, 10, 11, 12, 14, 16, 17, 18, 19, 21, 23, 27, 28, 29, 30]
  Syntax Fixed = 0 
[]
  Cleaned Fixed = 0 
[]
  ********************
  Total = 32 
  Exact Fixed = 20 
[1, 2, 3, 5, 6, 9, 10, 11, 12, 14, 16, 17, 18, 19, 21, 23, 27, 28, 29, 30]
  Syntax Fixed = 0 
[]
  Cleaned Fixed = 0 
[]
  codebleu = 94.08 
[1.0, 1.0, 1.0, 0.8809865946035704, 1.0, 1.0, 0.7555732843655234, 0.6764840736522396, 1.0, 1.0, 1.0, 1.0, 0.645426537036109, 1.0, 0.7726680042740901, 0.9525370159990827, 1.0, 1.0, 1.0, 0.8816015466501335, 1.0, 0.8937646940710373, 1.0, 0.9327938350960072, 0.8927685762874167, 0.9270405384522935, 1.0, 1.0, 1.0, 1.0, 0.9334681110717995, 0.9620033353993269]
Finish training and take 11m
