Namespace(log_name='./sstubs/2/soft8_codet5p_770m.log', model_name='Salesforce/codet5p-770m', lang='java', output_dir='sstubs/2/soft8_codet5p_770m', data_dir='./data/sstubs/2', no_cuda=False, visible_gpu='0', num_train_epochs=10, num_test_epochs=1, train_batch_size=4, eval_batch_size=4, gradient_accumulation_steps=1, load_model_path=None, config_name='', tokenizer_name='', max_source_length=1024, max_target_length=512, warm_up_ratio=0.1, do_train=True, do_eval=True, do_test=True, freeze=False, learning_rate=5e-05, beam_size=10, weight_decay=0.0, adam_epsilon=1e-08, local_rank=-1, seed=42, early_stop_threshold=3)
Process rank: -1, device: cuda, n_gpu: 1, distributed training: False
Model created!!
[[{'text': 'Please fix an buggy program', 'loss_ids': 0, 'shortenable_ids': 0}, {'text': ' };       private final HotSwapPassFactory checkAccessControls =        new HotSwapPassFactory("checkAccessControls", true) {      @Override      protected HotSwapCompilerPass createInternal(AbstractCompiler compiler) {', 'loss_ids': 0, 'shortenable_ids': 1}, {'text': 'the abstract syntax tree of bug line before fixing is', 'loss_ids': 0, 'shortenable_ids': 0}, {'text': ' 18', 'loss_ids': 0, 'shortenable_ids': 0}, {'text': '<mask>', 'loss_ids': 1, 'shortenable_ids': 0}, {'text': 'is the fixed version', 'loss_ids': 0, 'shortenable_ids': 0}], {'guid': 0, 'tgt_text': '};       final HotSwapPassFactory checkAccessControls =        new HotSwapPassFactory("checkAccessControls", true) {      @Override      protected HotSwapCompilerPass createInternal(AbstractCompiler compiler) {'}]
***** Running training *****
  Num examples = 223
  Batch size = 4
  Num epoch = 10
Namespace(log_name='./sstubs/2/soft8_codet5p_770m.log', model_name='Salesforce/codet5p-770m', lang='java', output_dir='sstubs/2/soft8_codet5p_770m', data_dir='./data/sstubs/2', no_cuda=False, visible_gpu='0', num_train_epochs=10, num_test_epochs=1, train_batch_size=4, eval_batch_size=4, gradient_accumulation_steps=1, load_model_path=None, config_name='', tokenizer_name='', max_source_length=512, max_target_length=512, warm_up_ratio=0.1, do_train=True, do_eval=True, do_test=True, freeze=False, learning_rate=5e-05, beam_size=10, weight_decay=0.0, adam_epsilon=1e-08, local_rank=-1, seed=42, early_stop_threshold=3)
Process rank: -1, device: cuda, n_gpu: 1, distributed training: False
Model created!!
[[{'text': 'Please fix an buggy program', 'loss_ids': 0, 'shortenable_ids': 0}, {'text': ' };       private final HotSwapPassFactory checkAccessControls =        new HotSwapPassFactory("checkAccessControls", true) {      @Override      protected HotSwapCompilerPass createInternal(AbstractCompiler compiler) {', 'loss_ids': 0, 'shortenable_ids': 1}, {'text': 'the abstract syntax tree of bug line before fixing is', 'loss_ids': 0, 'shortenable_ids': 0}, {'text': ' 18', 'loss_ids': 0, 'shortenable_ids': 0}, {'text': '<mask>', 'loss_ids': 1, 'shortenable_ids': 0}, {'text': 'is the fixed version', 'loss_ids': 0, 'shortenable_ids': 0}], {'guid': 0, 'tgt_text': '};       final HotSwapPassFactory checkAccessControls =        new HotSwapPassFactory("checkAccessControls", true) {      @Override      protected HotSwapCompilerPass createInternal(AbstractCompiler compiler) {'}]
***** Running training *****
  Num examples = 223
  Batch size = 4
  Num epoch = 10

***** Running evaluation *****
  Num examples = 28
  Batch size = 4
  epoch = 0
  eval_ppl = 1.4928938498533377e+93
  global_step = 57
  train_loss = 15.3317
  ********************
Previous best ppl:inf
Achieve Best ppl:1.4928938498533377e+93
  ********************
BLEU file: ./data/sstubs/2/validation.jsonl
  codebleu-4 = 94.1 	 Previous best codebleu 0
  ********************
 Achieve Best bleu:94.1
  ********************

***** Running evaluation *****
  Num examples = 28
  Batch size = 4
  epoch = 1
  eval_ppl = 3.2400763380827053e+95
  global_step = 113
  train_loss = 3.1759
  ********************
Previous best ppl:1.4928938498533377e+93
BLEU file: ./data/sstubs/2/validation.jsonl
  codebleu-4 = 94.91 	 Previous best codebleu 94.1
  ********************
 Achieve Best bleu:94.91
  ********************

***** Running evaluation *****
  Num examples = 28
  Batch size = 4
  epoch = 2
  eval_ppl = 1.8494370199930075e+97
  global_step = 169
  train_loss = 1.7119
  ********************
Previous best ppl:1.4928938498533377e+93
BLEU file: ./data/sstubs/2/validation.jsonl
  codebleu-4 = 91.65 	 Previous best codebleu 94.91
  ********************

***** Running evaluation *****
  Num examples = 28
  Batch size = 4
  epoch = 3
  eval_ppl = 6.502388130970345e+105
  global_step = 225
  train_loss = 1.1144
  ********************
Previous best ppl:1.4928938498533377e+93
BLEU file: ./data/sstubs/2/validation.jsonl
  codebleu-4 = 95.45 	 Previous best codebleu 94.91
  ********************
 Achieve Best bleu:95.45
  ********************

***** Running evaluation *****
  Num examples = 28
  Batch size = 4
  epoch = 4
  eval_ppl = 2.057734929929731e+106
  global_step = 281
  train_loss = 0.6852
  ********************
Previous best ppl:1.4928938498533377e+93
BLEU file: ./data/sstubs/2/validation.jsonl
  codebleu-4 = 95.97 	 Previous best codebleu 95.45
  ********************
 Achieve Best bleu:95.97
  ********************

***** Running evaluation *****
  Num examples = 28
  Batch size = 4
  epoch = 5
  eval_ppl = 2.5494262828932463e+107
  global_step = 337
  train_loss = 0.2905
  ********************
Previous best ppl:1.4928938498533377e+93
BLEU file: ./data/sstubs/2/validation.jsonl
  codebleu-4 = 95.84 	 Previous best codebleu 95.97
  ********************

***** Running evaluation *****
  Num examples = 28
  Batch size = 4
  epoch = 6
  eval_ppl = 5.594309375044499e+108
  global_step = 393
  train_loss = 0.2181
  ********************
Previous best ppl:1.4928938498533377e+93
BLEU file: ./data/sstubs/2/validation.jsonl
  codebleu-4 = 95.97 	 Previous best codebleu 95.97
  ********************

***** Running evaluation *****
  Num examples = 28
  Batch size = 4
  epoch = 7
  eval_ppl = 5.106166534265212e+108
  global_step = 449
  train_loss = 0.2618
  ********************
Previous best ppl:1.4928938498533377e+93
BLEU file: ./data/sstubs/2/validation.jsonl
  codebleu-4 = 95.83 	 Previous best codebleu 95.97
  ********************
early stopping!!!
reload model from sstubs/2/soft8_codet5p_770m/checkpoint-best-bleu
BLEU file: ./data/sstubs/2/test.jsonl
  codebleu = 94.67 
  Total = 27 
  Exact Fixed = 17 
[1, 3, 4, 5, 6, 7, 9, 10, 11, 13, 14, 15, 19, 21, 22, 24, 26]
  Syntax Fixed = 0 
[]
  Cleaned Fixed = 0 
[]
  ********************
  Total = 27 
  Exact Fixed = 17 
[1, 3, 4, 5, 6, 7, 9, 10, 11, 13, 14, 15, 19, 21, 22, 24, 26]
  Syntax Fixed = 0 
[]
  Cleaned Fixed = 0 
[]
  codebleu = 94.67 
[1.0, 0.9261420415269246, 1.0, 1.0, 1.0, 1.0, 1.0, 0.8476460351025821, 1.0, 1.0, 1.0, 0.7032463562196102, 1.0, 1.0, 1.0, 0.8947836446510709, 0.9601466755014141, 0.9325400085710811, 1.0, 0.8755319098520675, 1.0, 1.0, 0.6334291267434943, 1.0, 0.8702333350628115, 1.0, 0.9179855428506689]
Finish training and take 8m
Namespace(log_name='./result/sstubs/2/soft8_codet5p_770m.log', model_name='Salesforce/codet5p-770m', lang='java', output_dir='result/sstubs/2/soft8_codet5p_770m', data_dir='./data/sstubs/2', no_cuda=False, visible_gpu='0', num_train_epochs=10, num_test_epochs=1, train_batch_size=4, eval_batch_size=4, gradient_accumulation_steps=1, load_model_path=None, config_name='', tokenizer_name='', max_source_length=512, max_target_length=512, warm_up_ratio=0.1, do_train=True, do_eval=True, do_test=True, freeze=False, learning_rate=5e-05, beam_size=10, weight_decay=0.0, adam_epsilon=1e-08, local_rank=-1, seed=42, early_stop_threshold=3)
Process rank: -1, device: cuda, n_gpu: 1, distributed training: False
Model created!!
[[{'text': 'Please fix a buggy program', 'loss_ids': 0, 'shortenable_ids': 0}, {'text': ' @SuppressWarnings("unchecked")    @Override   public V value(Object node) {      Object value = adjacentNodeValues.get(node);      if (value == PRED) {        return null;', 'loss_ids': 0, 'shortenable_ids': 1}, {'text': 'the abstract syntax tree of bug line before fixing is', 'loss_ids': 0, 'shortenable_ids': 0}, {'text': ' Object node', 'loss_ids': 0, 'shortenable_ids': 1}, {'text': '<mask>', 'loss_ids': 1, 'shortenable_ids': 0}, {'text': 'is the fixed version', 'loss_ids': 0, 'shortenable_ids': 0}], {'guid': 0, 'tgt_text': '@SuppressWarnings("unchecked")    @Override   public V value(N node) {      Object value = adjacentNodeValues.get(node);      if (value == PRED) {        return null;'}]
***** Running training *****
  Num examples = 260
  Batch size = 4
  Num epoch = 10

***** Running evaluation *****
  Num examples = 32
  Batch size = 4
  epoch = 0
  eval_ppl = 5.256284227545861e+106
  global_step = 66
  train_loss = 14.8424
  ********************
Previous best ppl:inf
Achieve Best ppl:5.256284227545861e+106
  ********************
BLEU file: ./data/sstubs/2/validation.jsonl
  codebleu-4 = 94.21 	 Previous best codebleu 0
  ********************
 Achieve Best bleu:94.21
  ********************

***** Running evaluation *****
  Num examples = 32
  Batch size = 4
  epoch = 1
  eval_ppl = 2.769586799229514e+102
  global_step = 131
  train_loss = 3.4601
  ********************
Previous best ppl:5.256284227545861e+106
Achieve Best ppl:2.769586799229514e+102
  ********************
BLEU file: ./data/sstubs/2/validation.jsonl
  codebleu-4 = 94.7 	 Previous best codebleu 94.21
  ********************
 Achieve Best bleu:94.7
  ********************

***** Running evaluation *****
  Num examples = 32
  Batch size = 4
  epoch = 2
  eval_ppl = 4.2955897295503325e+110
  global_step = 196
  train_loss = 1.769
  ********************
Previous best ppl:2.769586799229514e+102
BLEU file: ./data/sstubs/2/validation.jsonl
  codebleu-4 = 95.81 	 Previous best codebleu 94.7
  ********************
 Achieve Best bleu:95.81
  ********************

***** Running evaluation *****
  Num examples = 32
  Batch size = 4
  epoch = 3
  eval_ppl = 6.904864758128495e+105
  global_step = 261
  train_loss = 0.9894
  ********************
Previous best ppl:2.769586799229514e+102
BLEU file: ./data/sstubs/2/validation.jsonl
  codebleu-4 = 95.67 	 Previous best codebleu 95.81
  ********************

***** Running evaluation *****
  Num examples = 32
  Batch size = 4
  epoch = 4
  eval_ppl = 4.812629876644301e+102
  global_step = 326
  train_loss = 1.1431
  ********************
Previous best ppl:2.769586799229514e+102
BLEU file: ./data/sstubs/2/validation.jsonl
  codebleu-4 = 94.37 	 Previous best codebleu 95.81
  ********************

***** Running evaluation *****
  Num examples = 32
  Batch size = 4
  epoch = 5
  eval_ppl = 3.3415041365490277e+109
  global_step = 391
  train_loss = 0.5099
  ********************
Previous best ppl:2.769586799229514e+102
BLEU file: ./data/sstubs/2/validation.jsonl
  codebleu-4 = 96.0 	 Previous best codebleu 95.81
  ********************
 Achieve Best bleu:96.0
  ********************

***** Running evaluation *****
  Num examples = 32
  Batch size = 4
  epoch = 6
  eval_ppl = 8.490044930946448e+111
  global_step = 456
  train_loss = 0.2902
  ********************
Previous best ppl:2.769586799229514e+102
BLEU file: ./data/sstubs/2/validation.jsonl
  codebleu-4 = 96.11 	 Previous best codebleu 96.0
  ********************
 Achieve Best bleu:96.11
  ********************

***** Running evaluation *****
  Num examples = 32
  Batch size = 4
  epoch = 7
  eval_ppl = 5.028391332434806e+111
  global_step = 521
  train_loss = 0.188
  ********************
Previous best ppl:2.769586799229514e+102
BLEU file: ./data/sstubs/2/validation.jsonl
  codebleu-4 = 96.11 	 Previous best codebleu 96.11
  ********************

***** Running evaluation *****
  Num examples = 32
  Batch size = 4
  epoch = 8
  eval_ppl = 4.650732385239835e+111
  global_step = 586
  train_loss = 0.1386
  ********************
Previous best ppl:2.769586799229514e+102
BLEU file: ./data/sstubs/2/validation.jsonl
  codebleu-4 = 96.11 	 Previous best codebleu 96.11
  ********************

***** Running evaluation *****
  Num examples = 32
  Batch size = 4
  epoch = 9
  eval_ppl = 1.1354479902777467e+112
  global_step = 651
  train_loss = 0.1153
  ********************
Previous best ppl:2.769586799229514e+102
BLEU file: ./data/sstubs/2/validation.jsonl
  codebleu-4 = 95.87 	 Previous best codebleu 96.11
  ********************
early stopping!!!
reload model from result/sstubs/2/soft8_codet5p_770m/checkpoint-best-bleu
BLEU file: ./data/sstubs/2/test.jsonl
  codebleu = 93.45 
  Total = 32 
  Exact Fixed = 20 
[1, 2, 3, 5, 6, 9, 10, 11, 12, 14, 17, 18, 19, 21, 23, 26, 27, 28, 29, 30]
  Syntax Fixed = 0 
[]
  Cleaned Fixed = 0 
[]
  ********************
  Total = 32 
  Exact Fixed = 20 
[1, 2, 3, 5, 6, 9, 10, 11, 12, 14, 17, 18, 19, 21, 23, 26, 27, 28, 29, 30]
  Syntax Fixed = 0 
[]
  Cleaned Fixed = 0 
[]
  codebleu = 93.45 
[1.0, 1.0, 1.0, 0.8809865946035704, 1.0, 1.0, 0.6325769337104594, 0.6889840736522397, 1.0, 1.0, 1.0, 1.0, 0.645426537036109, 1.0, 0.6887796716807858, 0.9097382001430849, 1.0, 1.0, 1.0, 0.8816015466501335, 1.0, 0.8937646940710373, 1.0, 0.8952938350960071, 0.8927685762874167, 1.0, 1.0, 1.0, 1.0, 1.0, 0.9334681110717995, 0.9620033353993269]
Finish training and take 11m
