Namespace(log_name='./RQ5/tfix_700_1/codet5p_770m_f.log', model_name='Salesforce/codet5p-770m', lang='javascript', output_dir='RQ5/tfix_700_1/codet5p_770m_f', data_dir='./data/RQ5/tfix_700_1', no_cuda=False, visible_gpu='0', add_task_prefix=False, add_lang_ids=False, num_train_epochs=10, num_test_epochs=10, train_batch_size=4, eval_batch_size=4, gradient_accumulation_steps=2, load_model_path=None, config_name='', tokenizer_name='', max_source_length=512, max_target_length=512, warm_up_ratio=0.1, do_train=True, do_eval=True, do_test=True, do_lower_case=False, learning_rate=5e-05, beam_size=10, weight_decay=0.0, adam_epsilon=1e-08, max_grad_norm=1.0, max_steps=-1, eval_steps=-1, train_steps=-1, local_rank=-1, seed=42, early_stop_threshold=2)
Process rank: -1, device: cuda, n_gpu: 1, distributed training: False, model_name: Salesforce/codet5p-770m
model created!
Total 700 training instances 
***** Running training *****
  Num examples = 700
  Batch size = 4
  Num epoch = 10

***** Running evaluation *****
  Num examples = 100
  Batch size = 4
  epoch = 0
  eval_ppl = 1.00433
  global_step = 176
  train_loss = 0.8059
  ********************
Previous best ppl:inf
Achieve Best ppl:1.00433
  ********************
BLEU file: ./data/RQ5/tfix_700_1/validation.jsonl
  codebleu-4 = 61.23 	 Previous best codebleu 0
  ********************
 Achieve Best bleu:61.23
  ********************

***** Running evaluation *****
  Num examples = 100
  Batch size = 4
  epoch = 1
  eval_ppl = 1.00461
  global_step = 351
  train_loss = 0.3937
  ********************
Previous best ppl:1.00433
BLEU file: ./data/RQ5/tfix_700_1/validation.jsonl
  codebleu-4 = 61.75 	 Previous best codebleu 61.23
  ********************
 Achieve Best bleu:61.75
  ********************

***** Running evaluation *****
  Num examples = 100
  Batch size = 4
  epoch = 2
  eval_ppl = 1.00446
  global_step = 526
  train_loss = 0.2103
  ********************
Previous best ppl:1.00433
BLEU file: ./data/RQ5/tfix_700_1/validation.jsonl
  codebleu-4 = 65.95 	 Previous best codebleu 61.75
  ********************
 Achieve Best bleu:65.95
  ********************

***** Running evaluation *****
  Num examples = 100
  Batch size = 4
  epoch = 3
  eval_ppl = 1.00493
  global_step = 701
  train_loss = 0.1092
  ********************
Previous best ppl:1.00433
BLEU file: ./data/RQ5/tfix_700_1/validation.jsonl
  codebleu-4 = 62.02 	 Previous best codebleu 65.95
  ********************

***** Running evaluation *****
  Num examples = 100
  Batch size = 4
  epoch = 4
  eval_ppl = 1.00504
  global_step = 876
  train_loss = 0.0601
  ********************
Previous best ppl:1.00433
BLEU file: ./data/RQ5/tfix_700_1/validation.jsonl
  codebleu-4 = 63.05 	 Previous best codebleu 65.95
  ********************
reload model from RQ5/tfix_700_1/codet5p_770m_f/checkpoint-best-bleu
BLEU file: ./data/RQ5/tfix_700_1/test.jsonl
  codebleu = 63.55 
  Total = 500 
  Exact Fixed = 82 
[14, 16, 17, 22, 31, 40, 42, 49, 53, 57, 58, 60, 68, 69, 74, 76, 78, 88, 93, 101, 111, 115, 121, 124, 126, 133, 135, 143, 145, 149, 162, 163, 169, 172, 183, 184, 185, 190, 200, 201, 205, 210, 214, 224, 232, 235, 238, 255, 263, 296, 300, 306, 307, 313, 314, 315, 316, 333, 339, 343, 356, 364, 367, 372, 379, 399, 401, 404, 408, 411, 416, 419, 421, 434, 444, 446, 460, 472, 480, 483, 485, 491]
  Syntax Fixed = 7 
[26, 32, 55, 110, 127, 239, 363]
  Cleaned Fixed = 1 
[278]
  ********************
  Total = 500 
  Exact Fixed = 82 
[14, 16, 17, 22, 31, 40, 42, 49, 53, 57, 58, 60, 68, 69, 74, 76, 78, 88, 93, 101, 111, 115, 121, 124, 126, 133, 135, 143, 145, 149, 162, 163, 169, 172, 183, 184, 185, 190, 200, 201, 205, 210, 214, 224, 232, 235, 238, 255, 263, 296, 300, 306, 307, 313, 314, 315, 316, 333, 339, 343, 356, 364, 367, 372, 379, 399, 401, 404, 408, 411, 416, 419, 421, 434, 444, 446, 460, 472, 480, 483, 485, 491]
  Syntax Fixed = 7 
[26, 32, 55, 110, 127, 239, 363]
  Cleaned Fixed = 1 
[278]
  codebleu = 63.55 
[0.36593621655465947, 0.7722098058658784, 0.8415580218210685, 0.5451417837590342, 0.3519980391978243, 0.10498068698681223, 0.3398382857983091, 0.828218881300387, 0.794039094142812, 0.5381054355852963, 0.824425175651095, 0.414297617187952, 0.3121594417706924, 0.8114529051148651, 0.5055431170332984, 1.0, 1.0, 0.3416265496309229, 0.5701122864094044, 0.46956347168367374, 0.9097825010853771, 0.8249365300761395, 0.5570177454869844, 0.5058144125160369, 0.39933142821865175, 0.9407613352737074, 0.5428297584838295, 0.6287206814660993, 0.38702445125781215, 0.6459857482140212, 1.0, 0.9386050981300567, 0.7461273419647574, 0.6721601914106421, 0.3270978199484016, 0.45040497426175063, 0.8774634481857526, 0.26493187938965956, 0.8853031368082722, 0.7135428903906851, 0.4427200451626767, 0.9891483218006352, 0.7122853668557851, 0.6785036503543816, 0.8356274376774735, 0.9431571237072573, 0.2558003592103332, 0.5651262246489266, 1.0, 0.6170431917683231, 0.736415359709709, 0.5266408688157863, 1.0, 0.8696847134058581, 0.9437093494839239, 0.396349572956634, 1.0, 1.0, 0.45715804963968226, 1.0, 0.4905880158658711, 0.5854978414909923, 0.8052607518236046, 0.6731716191316424, 0.804522278457162, 0.8148057063751251, 0.7743879997645702, 1.0, 1.0, 0.5189589454524783, 0.5129834344293507, 0.6206334767740918, 0.28890659929471596, 0.8114529051148651, 0.6523132290596774, 1.0, 0.4512584668303705, 1.0, 0.4748988356434154, 0.6100556283626637, 0.8261420415269246, 0.5836807718571589, 0.6901940524102714, 0.651535222322672, 0.7148321218614053, 0.6564216156096869, 0.588804774838485, 1.0, 0.5295971223679855, 0.8630487585927691, 0.15356651918683534, 0.4315573034129083, 0.8114529051148651, 0.732915044416911, 0.4122631192408515, 0.6745410470195684, 0.8231417981671627, 0.39873667339437135, 0.605957922152907, 0.9266829146927709, 0.9891483218006352, 0.6416532852733938, 0.7275723927836586, 0.22902739697311758, 0.7107462157845232, 0.6265958401383632, 0.7903356967388899, 0.8165273869902545, 0.16535576197454044, 0.9315380507550484, 1.0, 0.6220897363333115, 0.6555342747735904, 0.5442862628913174, 1.0, 0.6357741351064675, 0.8255980153481091, 0.7722719423576758, 0.3570177454869843, 0.7506656240001803, 1.0, 0.0731716191316424, 0.629920929034602, 1.0, 0.8990265449613299, 1.0, 0.6402562811128987, 0.556487662226795, 0.5523753896742678, 0.037180895916284235, 0.4903510788203176, 0.0, 1.0, 0.884411967378405, 1.0, 0.2298355357735218, 0.6201281281538, 0.704138988439773, 0.4057960578543881, 0.8891592275613756, 0.7264603256176001, 0.4901365436405146, 1.0, 0.5844496694137683, 1.0, 0.762178754714643, 0.5919356636832942, 0.36482184137761786, 0.8114529051148651, 0.5365573165566148, 0.7201105699434522, 0.04202520055807766, 0.6253884207952959, 0.6536911179244789, 0.2534424024864518, 0.8330693404648544, 0.6712302104522061, 0.5390272275654318, 0.3253313725311576, 0.38618867833902004, 0.5289052690315463, 0.8114529051148651, 1.0, 0.4947090605201514, 0.5142742735155721, 0.003157006751173676, 0.4771052192777594, 0.6307456993182354, 1.0, 0.49738247502891575, 0.38333251237656163, 0.9891483218006352, 0.027660853979899265, 0.28137597527686664, 0.13601162290160312, 0.8695475294213804, 0.46978313398707483, 0.35586539345697804, 0.9039342742606371, 0.7462637890346522, 0.06808859345352361, 0.35260703155848694, 1.0, 1.0, 1.0, 0.6006394976554918, 0.5741421356237311, 0.6842422495772638, 0.36857333884076315, 1.0, 0.7163791393142085, 0.10355282536317818, 0.44478640618236376, 0.597415144816797, 0.6903510788203177, 0.16756612845215674, 0.8821296454239946, 0.5334126180997758, 0.5960182409639856, 0.8114529051148651, 1.0, 0.33660944616115085, 0.8387838840911439, 0.9130169160146575, 1.0, 0.7417094915222344, 0.6860530279406571, 0.8301971233899816, 0.7623676872921671, 1.0, 0.5550049310474542, 0.6817027374009171, 0.8034443090225696, 1.0, 0.625500606374912, 0.7451384298635613, 0.7423958127221755, 0.6310308074685265, 0.177190822574687, 0.8291884689534064, 0.21100892280323053, 0.5924424048742483, 0.0, 1.0, 0.45066219168465615, 0.6025800201933551, 0.7301961448188755, 0.6903510788203177, 0.6092728765398896, 0.5354481856728994, 0.0, 1.0, 0.8232148025904986, 0.5131501387427619, 1.0, 0.5903002647780772, 0.3305982337929354, 1.0, 0.676689598214979, 0.09138854364080462, 0.7954935638657621, 0.32955072273222924, 0.6224868193126019, 0.8845572237610086, 0.46450187841569407, 0.2505742404217245, 0.3449411645032098, 0.7805474753161002, 0.4432027101248005, 0.49355421767347835, 0.08152573352530099, 0.7170369693946632, 0.8983157796360077, 0.461310124171185, 1.0, 0.6903510788203177, 0.4326263272143769, 0.6451645648968785, 0.3703988534694904, 0.6324902811275372, 0.5178989075058493, 0.9211131842675646, 1.0, 0.8300792809207385, 0.5872804287510066, 0.29514178375903416, 0.38412587020318456, 0.503404575411008, 0.8513726633741598, 0.6661120443406857, 0.19192238765013264, 0.7742639365747201, 0.4237755479780052, 0.7129572906529957, 0.8736081095465102, 0.8477687013973068, 0.6592906179772744, 0.9315322401426118, 0.07153421598018944, 0.7249806313063976, 0.6133444077360203, 0.9480161711338555, 0.9033331043272477, 0.35749864901624717, 0.5334126180997758, 0.3378956194073067, 0.7970182644937875, 0.2636668331849268, 0.9149143346564272, 0.6489448749779825, 0.6558003592103332, 0.9130169160146575, 0.2564444613071244, 0.42071425679443714, 0.31407610853279483, 1.0, 0.6780037023195763, 0.6240818114834638, 0.47180509653022784, 1.0, 0.4887096364908238, 0.6903510788203177, 0.7642470965743207, 0.7358502882945588, 0.6324794353697702, 1.0, 1.0, 0.8178607431385985, 0.620688256491589, 0.6355230163254099, 0.45222870310832236, 0.5383089748131177, 1.0, 1.0, 1.0, 1.0, 0.882842712474619, 0.5765188209577117, 0.5342084433274925, 0.5230961802727407, 0.29131986230786855, 0.8038961967467184, 0.4338060477996766, 0.4964902913435728, 0.8975948805844232, 0.7407663499402519, 0.576907475658101, 0.43732658824904136, 0.5365573165566148, 0.47786341412302047, 0.7456907908606256, 0.6892870539097846, 1.0, 0.714297617187952, 0.6517765449003101, 0.6490264366907621, 0.5791809210596278, 0.3632462232889623, 1.0, 0.5111556732259859, 0.4048126665159984, 0.3683403311159409, 1.0, 0.5483858698628123, 0.7686443097434874, 0.6431227591816079, 0.8017397827309225, 0.07930709861041217, 0.8586064963566447, 0.3276490875169621, 0.6066855853913183, 0.464210168451354, 0.2863745099844712, 0.5609260915878896, 0.6519266365055134, 1.0, 0.20034796016239415, 0.8336698749156344, 0.08869475457310907, 0.6793788456922385, 0.41585825915406704, 0.9092813183436577, 0.9839086859867843, 1.0, 0.271340855162866, 0.15421129818718932, 0.9891483218006352, 0.590165142943764, 0.6530550965302279, 0.6417820909228815, 0.8492181148332096, 1.0, 0.5774963429007336, 0.6583332549596508, 0.5519698034749387, 0.7553637155933474, 0.8525366466180964, 0.7883092393403118, 1.0, 0.3610202619925232, 0.6969247006410559, 0.5402233947178415, 0.6173530323196162, 0.075, 0.653569980258921, 0.2943275206465659, 0.29722643810031, 0.6051384298635611, 0.9039342742606371, 0.6903510788203177, 0.7541431361904901, 0.8357967156935899, 0.6289313661614635, 0.5845720003763292, 0.676275735434565, 0.3714764154580026, 0.09999999999999999, 0.29080814539619515, 1.0, 0.7591116846422887, 1.0, 0.367641751923923, 0.593328204480502, 1.0, 0.704412072331663, 0.0, 0.5704690849699224, 1.0, 0.6129938455930134, 0.64272438732935, 1.0, 0.8559168616046278, 0.6371808959162841, 0.15, 0.7396270263254157, 1.0, 0.3412357943853062, 0.5314065798531268, 0.6922382617563554, 0.9059642451028274, 1.0, 0.13601162290160312, 0.7148321218614053, 0.7144948346694379, 0.7372412759062261, 0.22157963703746342, 0.6607530176165711, 0.6793200369028839, 0.23687288125023864, 0.03115588878443292, 0.5745852221368928, 0.37668959821497894, 0.38183354569032213, 1.0, 0.8661547359011423, 0.3259403648918202, 0.5334147323445907, 0.6532926890836623, 0.49050226732803315, 0.9320894171538912, 0.6508081453961951, 0.8205326290822457, 0.6801359448960247, 1.0, 0.6995228788727517, 0.7135428903906851, 0.7811990674748787, 0.28605185738761973, 0.6573796544032584, 0.7401287898502638, 0.8103529851697227, 0.8386800272334847, 0.30773427050988034, 0.6838528189756714, 0.5470783037679993, 0.5149139863647084, 0.7065605978001186, 0.859655200961138, 0.5408401405239117, 1.0, 0.5801154532856382, 0.3601170131427238, 0.6626614154793047, 0.4861819120064648, 0.6020152218734391, 0.7076923076923076, 0.8642470965743208, 0.3166508010405151, 0.04362372606317965, 0.7936596701765952, 0.07944994767545024, 0.8249365300761395, 0.30410225109429134, 0.7569706667451968, 0.7451384298635613, 0.13337173484667555, 0.6358635773085612, 0.565671952352334, 0.5462643645578655, 0.8002990379863884, 0.8164562066675629, 0.8510406910477719, 1.0, 0.30632518247626744, 1.0, 0.644295712874323, 0.2984144755595478, 0.8586654659334061, 0.5943893444913173, 0.0, 1.0, 0.6628887558084715, 0.3965193255633748, 0.9248876722716672, 0.6290960494103124, 0.8150666162955742, 0.5335665191868353, 0.6190128819697975, 0.6573831527026088, 0.19794175949732912]
Finish training and take 28m
