Namespace(log_name='./RQ5/sstubs_8_2/codet5p_220m.log', model_name='Salesforce/codet5p-220m', lang='java', output_dir='RQ5/sstubs_8_2/codet5p_220m', data_dir='./data/RQ5/sstubs_8_2', choice=0, no_cuda=False, visible_gpu='0', num_train_epochs=10, num_test_epochs=1, train_batch_size=8, eval_batch_size=4, gradient_accumulation_steps=1, load_model_path=None, config_name='', tokenizer_name='', max_source_length=512, max_target_length=512, warm_up_ratio=0.1, do_train=True, do_eval=True, do_test=True, freeze=False, learning_rate=5e-05, beam_size=10, weight_decay=0.0, adam_epsilon=1e-08, local_rank=-1, seed=42, early_stop_threshold=3)
Process rank: -1, device: cuda, n_gpu: 1, distributed training: False
Model created!!
[[{'text': '*     * @return The closed DataStream    */  public DataStream<OUT> writeAsCsv(String path) {    return writeAsCsv(this, path, new WriteFormatAsCsv<OUT>(), 1, null);   }', 'loss_ids': 0, 'shortenable_ids': 1}, {'text': '<mask>', 'loss_ids': 1, 'shortenable_ids': 0}, {'text': 'is the fixed version', 'loss_ids': 0, 'shortenable_ids': 0}], {'guid': 0, 'tgt_text': '*     * @return The closed DataStream    */  public DataStreamSink<OUT> writeAsCsv(String path) {    return writeAsCsv(this, path, new WriteFormatAsCsv<OUT>(), 1, null);   }'}]
***** Running training *****
  Num examples = 8
  Batch size = 8
  Num epoch = 10

***** Running evaluation *****
  Num examples = 100
  Batch size = 4
  epoch = 0
  eval_ppl = 6.150234611041912e+300
  global_step = 2
  train_loss = 54.6975
  ********************
Previous best ppl:inf
Achieve Best ppl:6.150234611041912e+300
  ********************
BLEU file: ./data/RQ5/sstubs_8_2/validation.jsonl
  codebleu-4 = 16.53 	 Previous best codebleu 0
  ********************
 Achieve Best bleu:16.53
  ********************

***** Running evaluation *****
  Num examples = 100
  Batch size = 4
  epoch = 1
  eval_ppl = 2.082156400174389e+296
  global_step = 3
  train_loss = 55.8334
  ********************
Previous best ppl:6.150234611041912e+300
Achieve Best ppl:2.082156400174389e+296
  ********************
BLEU file: ./data/RQ5/sstubs_8_2/validation.jsonl
  codebleu-4 = 21.85 	 Previous best codebleu 16.53
  ********************
 Achieve Best bleu:21.85
  ********************

***** Running evaluation *****
  Num examples = 100
  Batch size = 4
  epoch = 2
  eval_ppl = 1.1754268054255459e+290
  global_step = 4
  train_loss = 30.2315
  ********************
Previous best ppl:2.082156400174389e+296
Achieve Best ppl:1.1754268054255459e+290
  ********************
BLEU file: ./data/RQ5/sstubs_8_2/validation.jsonl
  codebleu-4 = 26.74 	 Previous best codebleu 21.85
  ********************
 Achieve Best bleu:26.74
  ********************

***** Running evaluation *****
  Num examples = 100
  Batch size = 4
  epoch = 3
  eval_ppl = 1.0002265444254878e+284
  global_step = 5
  train_loss = 23.1224
  ********************
Previous best ppl:1.1754268054255459e+290
Achieve Best ppl:1.0002265444254878e+284
  ********************
BLEU file: ./data/RQ5/sstubs_8_2/validation.jsonl
  codebleu-4 = 30.7 	 Previous best codebleu 26.74
  ********************
 Achieve Best bleu:30.7
  ********************

***** Running evaluation *****
  Num examples = 100
  Batch size = 4
  epoch = 4
  eval_ppl = 1.0713556027957586e+279
  global_step = 6
  train_loss = 16.8782
  ********************
Previous best ppl:1.0002265444254878e+284
Achieve Best ppl:1.0713556027957586e+279
  ********************
BLEU file: ./data/RQ5/sstubs_8_2/validation.jsonl
  codebleu-4 = 33.82 	 Previous best codebleu 30.7
  ********************
 Achieve Best bleu:33.82
  ********************

***** Running evaluation *****
  Num examples = 100
  Batch size = 4
  epoch = 5
  eval_ppl = 6.032662720871794e+275
  global_step = 7
  train_loss = 15.1253
  ********************
Previous best ppl:1.0713556027957586e+279
Achieve Best ppl:6.032662720871794e+275
  ********************
BLEU file: ./data/RQ5/sstubs_8_2/validation.jsonl
  codebleu-4 = 51.95 	 Previous best codebleu 33.82
  ********************
 Achieve Best bleu:51.95
  ********************

***** Running evaluation *****
  Num examples = 100
  Batch size = 4
  epoch = 6
  eval_ppl = 4.3105476531804827e+273
  global_step = 8
  train_loss = 10.8681
  ********************
Previous best ppl:6.032662720871794e+275
Achieve Best ppl:4.3105476531804827e+273
  ********************
BLEU file: ./data/RQ5/sstubs_8_2/validation.jsonl
  codebleu-4 = 67.7 	 Previous best codebleu 51.95
  ********************
 Achieve Best bleu:67.7
  ********************

***** Running evaluation *****
  Num examples = 100
  Batch size = 4
  epoch = 7
  eval_ppl = 1.4438518711953534e+272
  global_step = 9
  train_loss = 8.6145
  ********************
Previous best ppl:4.3105476531804827e+273
Achieve Best ppl:1.4438518711953534e+272
  ********************
BLEU file: ./data/RQ5/sstubs_8_2/validation.jsonl
  codebleu-4 = 80.15 	 Previous best codebleu 67.7
  ********************
 Achieve Best bleu:80.15
  ********************

***** Running evaluation *****
  Num examples = 100
  Batch size = 4
  epoch = 8
  eval_ppl = 1.1697838042047443e+271
  global_step = 10
  train_loss = 7.5636
  ********************
Previous best ppl:1.4438518711953534e+272
Achieve Best ppl:1.1697838042047443e+271
  ********************
BLEU file: ./data/RQ5/sstubs_8_2/validation.jsonl
  codebleu-4 = 84.3 	 Previous best codebleu 80.15
  ********************
 Achieve Best bleu:84.3
  ********************

***** Running evaluation *****
  Num examples = 100
  Batch size = 4
  epoch = 9
  eval_ppl = 4.32206684158703e+270
  global_step = 11
  train_loss = 5.6615
  ********************
Previous best ppl:1.1697838042047443e+271
Achieve Best ppl:4.32206684158703e+270
  ********************
BLEU file: ./data/RQ5/sstubs_8_2/validation.jsonl
  codebleu-4 = 85.81 	 Previous best codebleu 84.3
  ********************
 Achieve Best bleu:85.81
  ********************
reload model from RQ5/sstubs_8_2/codet5p_220m/checkpoint-best-bleu
BLEU file: ./data/RQ5/sstubs_8_2/test.jsonl
  codebleu = 84.11 
  Total = 500 
  Exact Fixed = 100 
[2, 3, 5, 8, 11, 16, 17, 27, 29, 38, 40, 41, 49, 59, 63, 67, 76, 78, 93, 99, 100, 104, 105, 124, 132, 137, 149, 156, 157, 160, 166, 167, 171, 173, 174, 182, 198, 201, 203, 211, 239, 242, 249, 252, 253, 256, 258, 265, 270, 276, 284, 288, 300, 302, 308, 312, 313, 317, 322, 324, 325, 334, 345, 346, 350, 354, 365, 367, 371, 374, 379, 380, 382, 383, 386, 387, 389, 395, 407, 409, 411, 413, 420, 428, 447, 449, 451, 453, 455, 456, 458, 460, 464, 466, 468, 472, 475, 479, 482, 488]
  Syntax Fixed = 1 
[223]
  Cleaned Fixed = 3 
[14, 55, 243]
  ********************
  Total = 500 
  Exact Fixed = 100 
[2, 3, 5, 8, 11, 16, 17, 27, 29, 38, 40, 41, 49, 59, 63, 67, 76, 78, 93, 99, 100, 104, 105, 124, 132, 137, 149, 156, 157, 160, 166, 167, 171, 173, 174, 182, 198, 201, 203, 211, 239, 242, 249, 252, 253, 256, 258, 265, 270, 276, 284, 288, 300, 302, 308, 312, 313, 317, 322, 324, 325, 334, 345, 346, 350, 354, 365, 367, 371, 374, 379, 380, 382, 383, 386, 387, 389, 395, 407, 409, 411, 413, 420, 428, 447, 449, 451, 453, 455, 456, 458, 460, 464, 466, 468, 472, 475, 479, 482, 488]
  Syntax Fixed = 1 
[223]
  Cleaned Fixed = 3 
[14, 55, 243]
  codebleu = 84.11 
[0.7633002255730409, 1.0, 1.0, 0.8925170735873492, 1.0, 0.461936477113848, 0.9598988001907718, 1.0, 0.783801630906283, 0.940598945729278, 1.0, 0.640900539283551, 0.4750913490042128, 0.98612097182042, 0.8429907351625132, 1.0, 1.0, 0.9585425656492537, 0.792956903878446, 0.9655267507815484, 0.8158463815378669, 0.35205043614047987, 0.20548584495146813, 0.8063115837355967, 0.8697836446510707, 0.9389022492632448, 1.0, 0.2382869634246752, 1.0, 0.9030744125576402, 0.8965296466431494, 0.822851316815723, 0.9676665036259338, 0.2693722085537628, 0.7854352575955446, 0.9156471681629372, 0.9312991012532417, 1.0, 0.9327424974247918, 1.0, 1.0, 0.9427895563342799, 0.6164886858900315, 0.892905577954039, 0.9145980101874507, 0.6703942399725379, 0.7577432088686142, 0.801180028968093, 1.0, 0.48495091579804955, 0.7229730981438639, 0.783801630906283, 0.8517982611930965, 0.896013967469204, 0.98612097182042, 0.9262222844116816, 0.5630576862511726, 0.8986766170158926, 1.0, 0.910233087519547, 0.9600948805844232, 0.7682726564977498, 1.0, 0.35809378715302453, 0.9225510753875747, 0.9327424974247918, 1.0, 0.9185321610524646, 0.9537546369958738, 0.7663044721514153, 0.921180099742096, 0.9141000841539659, 0.947461659207192, 0.9327424974247918, 0.6731716191316424, 1.0, 0.792956903878446, 1.0, 0.8955980328281301, 0.9026321368482364, 0.792956903878446, 0.8387796716807858, 0.8397142137521943, 0.7514090744551187, 0.8387796716807858, 0.9215126923513757, 0.783801630906283, 0.9514967635709539, 0.9499861168443409, 0.9327424974247918, 0.8063115837355967, 0.9680975247490764, 1.0, 0.8337841808515074, 0.792956903878446, 0.9266829146927709, 0.9612141455329344, 0.08454672198975086, 1.0, 1.0, 0.30409251929440767, 0.6268736649990799, 0.8194184206145404, 1.0, 1.0, 0.9166076129557432, 0.8651363282410627, 0.6731716191316424, 0.8952738864082956, 0.8642470965743208, 0.8748733743967635, 0.936923058378295, 0.8171337463862796, 0.9465864294209791, 0.8721507316445842, 0.6102550600782918, 0.8772724139191397, 0.6113472882852959, 0.7602310643984627, 0.2597764750359386, 0.7640599810690952, 0.931383346147761, 0.9188441984944269, 1.0, 0.9631318837364407, 0.801169789534145, 0.31958076259103524, 0.8655056700329364, 0.8394141655908587, 0.330645113392379, 0.940598945729278, 1.0, 0.8603492376669343, 0.9537546369958738, 0.9275923820999126, 0.7577432088686142, 1.0, 0.8840842505737976, 0.783801630906283, 0.7577432088686142, 0.35205043614047987, 0.9156854227921107, 0.9610055919835154, 0.8539352197087007, 0.8063115837355967, 0.944274958466798, 0.5966919584732244, 0.9145980101874507, 1.0, 0.8176625406504057, 0.2382869634246752, 0.551623347703528, 0.9259520853518541, 0.9220788932733706, 0.9016241185920362, 1.0, 1.0, 0.870917365833942, 0.9389022492632448, 1.0, 0.8194184206145404, 0.9437985500759485, 0.910233087519547, 0.8894185928819611, 0.9327424974247918, 1.0, 1.0, 0.7549491302505903, 0.8176625406504057, 0.719859844317331, 1.0, 0.8732920633129446, 1.0, 1.0, 0.9471695160234401, 0.9443755095409017, 0.9259520853518541, 0.8020772327457721, 0.8531462888634065, 0.3540396192874326, 0.8853457989463581, 1.0, 0.9524183912964097, 0.9270405384522935, 0.909624266823112, 0.8263400048588452, 0.8535087661549325, 0.9090440252597953, 0.9159631710866061, 0.30795332498421946, 0.9493239030379825, 0.783801630906283, 0.8208454755531776, 0.9653175874774487, 0.9630476148256921, 0.792956903878446, 0.936752055107628, 1.0, 0.7834673072634236, 0.826755142576473, 1.0, 0.7830011774921302, 1.0, 0.783801630906283, 0.681072945544059, 0.9002387147711433, 0.9072571488256155, 0.3597554292633871, 0.9327424974247918, 0.9714741186824503, 1.0, 0.6435211987989561, 0.9748004580725187, 0.7571043044738265, 0.9372110492852396, 0.8397142137521943, 0.792956903878446, 0.2992641238787188, 0.9468351265733028, 0.8710309210098863, 0.9558104142545454, 0.9711766444291812, 0.9656193728858682, 0.8583884533532088, 0.5522812488118628, 0.8387796716807858, 0.792956903878446, 0.792956903878446, 0.9201281281538001, 0.9296190778846383, 0.9389022492632448, 0.6229661941006033, 0.317954371073107, 0.9500330416345475, 0.8542545001206854, 0.8134658863594189, 0.8798671164621197, 0.896686138227716, 1.0, 0.9431571237072573, 0.783801630906283, 1.0, 0.987026696724848, 0.8397142137521943, 0.6936882487796171, 0.8981449415543648, 0.9675420713984233, 0.919122578011458, 1.0, 0.8643107867080341, 0.9415948169054367, 1.0, 1.0, 0.9500330416345475, 0.8176625406504057, 1.0, 0.9471695160234401, 1.0, 0.916130814280227, 0.7554783858090635, 0.48347664681290603, 0.9657517567313276, 0.9498167308405902, 0.8154702514101111, 1.0, 0.8063115837355967, 0.776008572810357, 0.330645113392379, 0.9327424974247918, 1.0, 0.8235575849230793, 0.9543920430664012, 0.8828760722289721, 0.7812640075614892, 0.2649914527014747, 1.0, 0.9517918920357142, 0.6229661941006033, 0.9211131842675646, 0.9024486727710714, 0.9225510753875747, 0.9608514269956967, 0.9178662308912058, 1.0, 0.919122578011458, 0.7864046402732705, 0.9558104142545454, 1.0, 0.9108242908590016, 0.6384395272437342, 0.783801630906283, 0.9059642451028274, 0.46723347247213615, 0.909624266823112, 0.783801630906283, 0.6731716191316424, 0.8439975336408694, 0.792956903878446, 0.9215126923513757, 1.0, 0.7032463562196102, 1.0, 0.9493239030379825, 0.9069956068765044, 0.7486246705124127, 0.9355163382076239, 0.8748733743967635, 1.0, 0.852565642646234, 0.8397142137521943, 0.9090440252597953, 1.0, 1.0, 0.792956903878446, 0.9100055159882576, 0.8425810755896723, 1.0, 0.33472086518578925, 0.783801630906283, 0.31952809190533094, 0.8512473804020153, 1.0, 0.9471695160234401, 1.0, 1.0, 0.9610055919835154, 0.792956903878446, 0.9327424974247918, 0.9558104142545454, 0.9155105345510666, 0.954646559321255, 0.48633323830055003, 0.6776464558458859, 1.0, 0.7733435159102884, 0.6653163608689328, 0.8845572237610086, 0.792956903878446, 0.5666302487737696, 0.792956903878446, 0.9182146075841924, 0.8606751756510949, 0.973200733636699, 0.6508081453961951, 1.0, 1.0, 0.8816015466501335, 0.9327424974247918, 0.6103531181632182, 1.0, 0.9259520853518541, 0.8454973367014018, 0.792956903878446, 1.0, 0.9327424974247918, 0.7026615485512439, 0.792956903878446, 0.8674435206185069, 0.9032515472878528, 0.7107939156539536, 0.8215323955703762, 0.9327424974247918, 0.7132644719307741, 0.9337401174705089, 1.0, 0.9327424974247918, 1.0, 0.5430850973778745, 0.9327424974247918, 0.9493239030379825, 1.0, 0.8149139863647084, 0.6320746161712677, 1.0, 0.8632148025904984, 0.7775183098277306, 0.833609076977466, 0.9222725521291268, 1.0, 1.0, 0.8045788816545087, 1.0, 1.0, 0.8459894670707158, 0.9427895563342799, 1.0, 1.0, 0.792956903878446, 1.0, 0.35629753997354174, 0.2289295063239038, 0.8642470965743208, 0.9459851946757585, 0.807689953438363, 1.0, 0.9656973569421463, 0.9459851946757585, 0.8748733743967635, 0.8643107867080341, 0.9231609308520066, 0.8806751756510949, 0.792956903878446, 0.9673871209776717, 0.8892259799760112, 0.9160192719604185, 0.35642173170062713, 1.0, 0.792956903878446, 1.0, 0.7600433015737362, 1.0, 0.792956903878446, 1.0, 0.29870452580807605, 0.6868474083243508, 0.931383346147761, 0.9711218088844558, 0.20548584495146813, 0.8756368981695506, 1.0, 0.9568875967581427, 0.837953800346686, 0.9746774581465578, 0.9579282063849641, 0.920283409368625, 0.6326048116604646, 0.29182508941915297, 1.0, 0.9698138929646263, 0.3275170576575673, 0.977213679071198, 0.783801630906283, 0.9473839944401292, 0.8570683297776855, 0.882842712474619, 0.3301425448507248, 0.9471695160234401, 0.913495759498449, 0.9558104142545454, 0.8940816483943355, 0.4002899294479918, 0.8134658863594189, 0.908570644649277, 0.330645113392379, 0.9327424974247918, 0.8325902385842845, 1.0, 0.9427895563342799, 1.0, 0.8643107867080341, 1.0, 0.9602891460062635, 1.0, 0.9471695160234401, 1.0, 1.0, 0.703831657072016, 1.0, 0.9327424974247918, 1.0, 0.9637364956234171, 0.8176625406504057, 0.28189250093005297, 1.0, 0.8215638795108318, 1.0, 0.9061219331660904, 1.0, 0.9523104352365284, 0.9662841501484707, 0.8473945490906141, 1.0, 0.8480216541046928, 0.230686770444375, 1.0, 0.9351094805035236, 0.7695271789607849, 0.8767099682404029, 1.0, 0.9466595714446484, 0.7830011774921302, 1.0, 0.30409251929440767, 0.9833784780225703, 0.330645113392379, 0.8892385063159653, 0.9023338728659691, 1.0, 0.8748733743967635, 0.783801630906283, 0.9327424974247918, 0.8476460351025821, 0.21945965710558565, 0.9270405384522935, 0.8667343878768172, 0.9309949427736264, 0.783801630906283, 0.17848899763516907, 0.9435321610524647, 0.729569385400124]
Finish training and take 41m
