Namespace(log_name='./RQ5/python_5/1_codet5p_770m.log', model_name='Salesforce/codet5p-770m', lang='python', output_dir='RQ5/python_5/1_codet5p_770m', data_dir='./data/RQ5/python_5_1', no_cuda=False, visible_gpu='0', num_train_epochs=10, num_test_epochs=1, train_batch_size=4, eval_batch_size=2, gradient_accumulation_steps=1, load_model_path=None, config_name='', tokenizer_name='', max_source_length=512, max_target_length=512, warm_up_ratio=0.1, do_train=True, do_eval=True, do_test=True, freeze=False, learning_rate=5e-05, beam_size=10, weight_decay=0.0, adam_epsilon=1e-08, local_rank=-1, seed=42, early_stop_threshold=3)
Process rank: -1, device: cuda, n_gpu: 1, distributed training: False
Model created!!
[[{'text': 'def minimum_spanning_tree(weight_by_edge):     group_by_node = {}     mst_edges = set()     for edge in sorted(weight_by_edge, key=weight_by_edge.__getitem__):         u, v = edge         if group_by_node.setdefault(u, {u}) != group_by_node.setdefault(v, {v}):             mst_edges.add(edge)             group_by_node[u].update(group_by_node[v])             for node in group_by_node[v]:                 group_by_node[node].update(group_by_node[u])     return mst_edges', 'loss_ids': 0, 'shortenable_ids': 1}, {'text': '<mask>', 'loss_ids': 1, 'shortenable_ids': 0}, {'text': '', 'loss_ids': 0, 'shortenable_ids': 0}], {'guid': 0, 'tgt_text': 'def minimum_spanning_tree(weight_by_edge):     group_by_node = {}     mst_edges = set()     for edge in sorted(weight_by_edge, key=weight_by_edge.__getitem__):         u, v = edge         if group_by_node.setdefault(u, {u}) != group_by_node.setdefault(v, {v}):             mst_edges.add(edge)             group_by_node[u].update(group_by_node[v])             for node in group_by_node[v]:                 group_by_node[node] = group_by_node[u]     return mst_edges'}]
***** Running training *****
  Num examples = 5
  Batch size = 4
  Num epoch = 10
Namespace(log_name='./RQ5/python_5/1_codet5p_770m.log', model_name='Salesforce/codet5p-770m', lang='python', output_dir='RQ5/python_5/1_codet5p_770m', data_dir='./data/RQ5/python_5_1', no_cuda=False, visible_gpu='0', num_train_epochs=10, num_test_epochs=1, train_batch_size=4, eval_batch_size=2, gradient_accumulation_steps=1, load_model_path=None, config_name='', tokenizer_name='', max_source_length=512, max_target_length=512, warm_up_ratio=0.1, do_train=True, do_eval=True, do_test=True, freeze=False, learning_rate=5e-05, beam_size=10, weight_decay=0.0, adam_epsilon=1e-08, local_rank=-1, seed=42, early_stop_threshold=3)
Process rank: -1, device: cuda, n_gpu: 1, distributed training: False
Model created!!
[[{'text': 'def minimum_spanning_tree(weight_by_edge):     group_by_node = {}     mst_edges = set()     for edge in sorted(weight_by_edge, key=weight_by_edge.__getitem__):         u, v = edge         if group_by_node.setdefault(u, {u}) != group_by_node.setdefault(v, {v}):             mst_edges.add(edge)             group_by_node[u].update(group_by_node[v])             for node in group_by_node[v]:                 group_by_node[node].update(group_by_node[u])     return mst_edges', 'loss_ids': 0, 'shortenable_ids': 1}, {'text': '<mask>', 'loss_ids': 1, 'shortenable_ids': 0}, {'text': '', 'loss_ids': 0, 'shortenable_ids': 0}], {'guid': 0, 'tgt_text': 'def minimum_spanning_tree(weight_by_edge):     group_by_node = {}     mst_edges = set()     for edge in sorted(weight_by_edge, key=weight_by_edge.__getitem__):         u, v = edge         if group_by_node.setdefault(u, {u}) != group_by_node.setdefault(v, {v}):             mst_edges.add(edge)             group_by_node[u].update(group_by_node[v])             for node in group_by_node[v]:                 group_by_node[node] = group_by_node[u]     return mst_edges'}]
***** Running training *****
  Num examples = 5
  Batch size = 4
  Num epoch = 10

***** Running evaluation *****
  Num examples = 104
  Batch size = 2
  epoch = 0
  eval_ppl = inf
  global_step = 3
  train_loss = 58.705
  ********************
Previous best ppl:inf
Achieve Best ppl:inf
  ********************
BLEU file: ./data/RQ5/python_5_1/validation.jsonl
  codebleu-4 = 25.72 	 Previous best codebleu 0
  ********************
 Achieve Best bleu:25.72
  ********************

***** Running evaluation *****
  Num examples = 104
  Batch size = 2
  epoch = 1
  eval_ppl = inf
  global_step = 5
  train_loss = 44.9443
  ********************
Previous best ppl:inf
Achieve Best ppl:inf
  ********************
BLEU file: ./data/RQ5/python_5_1/validation.jsonl
  codebleu-4 = 44.25 	 Previous best codebleu 25.72
  ********************
 Achieve Best bleu:44.25
  ********************

***** Running evaluation *****
  Num examples = 104
  Batch size = 2
  epoch = 2
  eval_ppl = inf
  global_step = 7
  train_loss = 19.3716
  ********************
Previous best ppl:inf
BLEU file: ./data/RQ5/python_5_1/validation.jsonl
  codebleu-4 = 64.79 	 Previous best codebleu 44.25
  ********************
 Achieve Best bleu:64.79
  ********************

***** Running evaluation *****
  Num examples = 104
  Batch size = 2
  epoch = 3
  eval_ppl = inf
  global_step = 9
  train_loss = 18.238
  ********************
Previous best ppl:inf
BLEU file: ./data/RQ5/python_5_1/validation.jsonl
  codebleu-4 = 65.01 	 Previous best codebleu 64.79
  ********************
 Achieve Best bleu:65.01
  ********************

***** Running evaluation *****
  Num examples = 104
  Batch size = 2
  epoch = 4
  eval_ppl = inf
  global_step = 11
  train_loss = 10.0769
  ********************
Previous best ppl:inf
BLEU file: ./data/RQ5/python_5_1/validation.jsonl
  codebleu-4 = 63.21 	 Previous best codebleu 65.01
  ********************

***** Running evaluation *****
  Num examples = 104
  Batch size = 2
  epoch = 5
  eval_ppl = inf
  global_step = 13
  train_loss = 5.5671
  ********************
Previous best ppl:inf
BLEU file: ./data/RQ5/python_5_1/validation.jsonl
  codebleu-4 = 63.51 	 Previous best codebleu 65.01
  ********************

***** Running evaluation *****
  Num examples = 104
  Batch size = 2
  epoch = 6
  eval_ppl = inf
  global_step = 15
  train_loss = 4.7025
  ********************
Previous best ppl:inf
BLEU file: ./data/RQ5/python_5_1/validation.jsonl
  codebleu-4 = 64.59 	 Previous best codebleu 65.01
  ********************
early stopping!!!
reload model from RQ5/python_5/1_codet5p_770m/checkpoint-best-bleu
BLEU file: ./data/RQ5/python_5_1/test.jsonl
  codebleu = 69.62 
  Total = 113 
  Exact Fixed = 0 
[]
  Syntax Fixed = 1 
[93]
  Cleaned Fixed = 0 
[]
  ********************
  Total = 113 
  Exact Fixed = 0 
[]
  Syntax Fixed = 1 
[93]
  Cleaned Fixed = 0 
[]
  codebleu = 69.62 
[0.5400866820229104, 0.8834124216164225, 0.6601281703247908, 0.47166395418323315, 0.7460188650831869, 0.8559974608395682, 0.8470129833224621, 0.8300638244826566, 0.5571314709024371, 0.7953587603777192, 0.7714650156104186, 0.8068413656728535, 0.766049964027068, 0.7768711691119308, 0.6883720951974961, 0.8673208349360431, 0.8856389378075658, 0.6413921957402942, 0.5308711590102285, 0.8884573785188872, 0.725598015348109, 0.583933634540305, 0.9204219587780458, 0.27159385035915584, 0.8234479137638847, 0.5974473393489441, 0.4326232813277148, 0.7711221670600811, 0.6236721441735065, 0.568803606953774, 0.2813127919970617, 0.8808919461147899, 0.7420541780659815, 0.8231560738418289, 0.798066833393199, 0.4425912418158795, 0.8703246706459902, 0.7507982187182929, 0.9142445273649933, 0.7093853536262804, 0.688330309705379, 0.7572098935987482, 0.8548397899287874, 0.4740532618616287, 0.39686614731832626, 0.7715012035371895, 0.6520501098554417, 0.6784094747795878, 0.549916846856608, 0.4227247591256027, 0.8820517186123604, 0.27997085120596316, 0.7585846389475988, 0.5911195501972704, 0.8362747318435784, 0.5117566728908322, 0.8452632926847805, 0.6426377339074121, 0.27340971449064555, 0.860117164263619, 0.845087053073633, 0.2575910180936324, 0.14701913799841637, 0.5037077119806818, 0.8475332565755729, 0.6383232169458333, 0.7531797171538064, 0.848034624064077, 0.6441425627537012, 0.5750974938187585, 0.27129997043118725, 0.2909718763883706, 0.9472873156881443, 0.676525822803221, 0.21324962332358233, 0.49150427670545643, 0.6975903401692451, 0.9056583090096291, 0.7449734989717058, 0.8912022993575596, 0.36059701898432744, 0.7318286091585733, 0.6909439898635137, 0.8358395384567638, 0.884250182279102, 0.8399114554115357, 0.46875290622423266, 0.7332519354895861, 0.8086254987195756, 0.8619327819513372, 0.8814955038434287, 0.8021170040829606, 0.8328659436907109, 0.8736270526063763, 0.7716359373212662, 0.8934863054803268, 0.8768686925984219, 0.8834630241782442, 0.7884485258508804, 0.7806433250520022, 0.7225931341121177, 0.878865255109752, 0.8441782169344423, 0.5987555090179778, 0.8300101016746005, 0.8631855387221548, 0.621240758456996, 0.7965270894086058, 0.3347001307683412, 0.9246350539097654, 0.7279953314821065, 0.7415658664772448, 0.9244980214694567]
Finish training and take 1h8m
