Namespace(log_name='./RQ5/python_5/2_codet5p_770m.log', model_name='Salesforce/codet5p-770m', lang='python', output_dir='RQ5/python_5/2_codet5p_770m', data_dir='./data/RQ5/python_5_2', no_cuda=False, visible_gpu='0', num_train_epochs=10, num_test_epochs=1, train_batch_size=4, eval_batch_size=2, gradient_accumulation_steps=1, load_model_path=None, config_name='', tokenizer_name='', max_source_length=512, max_target_length=512, warm_up_ratio=0.1, do_train=True, do_eval=True, do_test=True, freeze=False, learning_rate=5e-05, beam_size=10, weight_decay=0.0, adam_epsilon=1e-08, local_rank=-1, seed=42, early_stop_threshold=3)
Process rank: -1, device: cuda, n_gpu: 1, distributed training: False
Model created!!
[[{'text': 'class APIRouter(routing.Router):              response_model_exclude_unset=bool(                  response_model_exclude_unset or response_model_skip_defaults              ),              include_in_schema=include_in_schema,              response_class=response_class or self.default_response_class,              name=name,', 'loss_ids': 0, 'shortenable_ids': 1}, {'text': '<mask>', 'loss_ids': 1, 'shortenable_ids': 0}, {'text': '', 'loss_ids': 0, 'shortenable_ids': 0}], {'guid': 0, 'tgt_text': 'class APIRouter(routing.Router):              response_model_exclude_unset=bool(                  response_model_exclude_unset or response_model_skip_defaults              ),             response_model_exclude_defaults=response_model_exclude_defaults,             response_model_exclude_none=response_model_exclude_none,              include_in_schema=include_in_schema,              response_class=response_class or self.default_response_class,              name=name,'}]
***** Running training *****
  Num examples = 5
  Batch size = 4
  Num epoch = 10
Namespace(log_name='./RQ5/python_5/2_codet5p_770m.log', model_name='Salesforce/codet5p-770m', lang='python', output_dir='RQ5/python_5/2_codet5p_770m', data_dir='./data/RQ5/python_5_2', no_cuda=False, visible_gpu='0', num_train_epochs=10, num_test_epochs=1, train_batch_size=4, eval_batch_size=2, gradient_accumulation_steps=1, load_model_path=None, config_name='', tokenizer_name='', max_source_length=512, max_target_length=512, warm_up_ratio=0.1, do_train=True, do_eval=True, do_test=True, freeze=False, learning_rate=5e-05, beam_size=10, weight_decay=0.0, adam_epsilon=1e-08, local_rank=-1, seed=42, early_stop_threshold=3)
Process rank: -1, device: cuda, n_gpu: 1, distributed training: False
Model created!!
[[{'text': 'class APIRouter(routing.Router):              response_model_exclude_unset=bool(                  response_model_exclude_unset or response_model_skip_defaults              ),              include_in_schema=include_in_schema,              response_class=response_class or self.default_response_class,              name=name,', 'loss_ids': 0, 'shortenable_ids': 1}, {'text': '<mask>', 'loss_ids': 1, 'shortenable_ids': 0}, {'text': '', 'loss_ids': 0, 'shortenable_ids': 0}], {'guid': 0, 'tgt_text': 'class APIRouter(routing.Router):              response_model_exclude_unset=bool(                  response_model_exclude_unset or response_model_skip_defaults              ),             response_model_exclude_defaults=response_model_exclude_defaults,             response_model_exclude_none=response_model_exclude_none,              include_in_schema=include_in_schema,              response_class=response_class or self.default_response_class,              name=name,'}]
***** Running training *****
  Num examples = 5
  Batch size = 4
  Num epoch = 10

***** Running evaluation *****
  Num examples = 104
  Batch size = 2
  epoch = 0
  eval_ppl = inf
  global_step = 3
  train_loss = 113.9822
  ********************
Previous best ppl:inf
Achieve Best ppl:inf
  ********************
BLEU file: ./data/RQ5/python_5_2/validation.jsonl
  codebleu-4 = 28.01 	 Previous best codebleu 0
  ********************
 Achieve Best bleu:28.01
  ********************

***** Running evaluation *****
  Num examples = 104
  Batch size = 2
  epoch = 1
  eval_ppl = inf
  global_step = 5
  train_loss = 152.8833
  ********************
Previous best ppl:inf
Achieve Best ppl:inf
  ********************
BLEU file: ./data/RQ5/python_5_2/validation.jsonl
Namespace(log_name='./RQ5/python_5/2_codet5p_770m.log', model_name='Salesforce/codet5p-770m', lang='python', output_dir='RQ5/python_5/2_codet5p_770m', data_dir='./data/RQ5/python_5_2', no_cuda=False, visible_gpu='0', num_train_epochs=10, num_test_epochs=1, train_batch_size=4, eval_batch_size=2, gradient_accumulation_steps=1, load_model_path=None, config_name='', tokenizer_name='', max_source_length=512, max_target_length=512, warm_up_ratio=0.1, do_train=True, do_eval=True, do_test=True, freeze=False, learning_rate=5e-05, beam_size=10, weight_decay=0.0, adam_epsilon=1e-08, local_rank=-1, seed=42, early_stop_threshold=3)
Process rank: -1, device: cuda, n_gpu: 1, distributed training: False
Model created!!
[[{'text': 'class APIRouter(routing.Router):              response_model_exclude_unset=bool(                  response_model_exclude_unset or response_model_skip_defaults              ),              include_in_schema=include_in_schema,              response_class=response_class or self.default_response_class,              name=name,', 'loss_ids': 0, 'shortenable_ids': 1}, {'text': '<mask>', 'loss_ids': 1, 'shortenable_ids': 0}, {'text': '', 'loss_ids': 0, 'shortenable_ids': 0}], {'guid': 0, 'tgt_text': 'class APIRouter(routing.Router):              response_model_exclude_unset=bool(                  response_model_exclude_unset or response_model_skip_defaults              ),             response_model_exclude_defaults=response_model_exclude_defaults,             response_model_exclude_none=response_model_exclude_none,              include_in_schema=include_in_schema,              response_class=response_class or self.default_response_class,              name=name,'}]
***** Running training *****
  Num examples = 5
  Batch size = 4
  Num epoch = 10

***** Running evaluation *****
  Num examples = 104
  Batch size = 2
  epoch = 0
  eval_ppl = inf
  global_step = 3
  train_loss = 113.9822
  ********************
Previous best ppl:inf
Achieve Best ppl:inf
  ********************
BLEU file: ./data/RQ5/python_5_2/validation.jsonl
  codebleu-4 = 28.01 	 Previous best codebleu 0
  ********************
 Achieve Best bleu:28.01
  ********************

***** Running evaluation *****
  Num examples = 104
  Batch size = 2
  epoch = 1
  eval_ppl = inf
  global_step = 5
  train_loss = 152.8833
  ********************
Previous best ppl:inf
Achieve Best ppl:inf
  ********************
BLEU file: ./data/RQ5/python_5_2/validation.jsonl
  codebleu-4 = 35.39 	 Previous best codebleu 28.01
  ********************
 Achieve Best bleu:35.39
  ********************

***** Running evaluation *****
  Num examples = 104
  Batch size = 2
  epoch = 2
  eval_ppl = inf
  global_step = 7
  train_loss = 57.7659
  ********************
Previous best ppl:inf
BLEU file: ./data/RQ5/python_5_2/validation.jsonl
  codebleu-4 = 55.73 	 Previous best codebleu 35.39
  ********************
 Achieve Best bleu:55.73
  ********************

***** Running evaluation *****
  Num examples = 104
  Batch size = 2
  epoch = 3
  eval_ppl = inf
  global_step = 9
  train_loss = 31.9864
  ********************
Previous best ppl:inf
BLEU file: ./data/RQ5/python_5_2/validation.jsonl
  codebleu-4 = 67.99 	 Previous best codebleu 55.73
  ********************
 Achieve Best bleu:67.99
  ********************

***** Running evaluation *****
  Num examples = 104
  Batch size = 2
  epoch = 4
  eval_ppl = inf
  global_step = 11
  train_loss = 31.7005
  ********************
Previous best ppl:inf
BLEU file: ./data/RQ5/python_5_2/validation.jsonl
  codebleu-4 = 72.22 	 Previous best codebleu 67.99
  ********************
 Achieve Best bleu:72.22
  ********************

***** Running evaluation *****
  Num examples = 104
  Batch size = 2
  epoch = 5
  eval_ppl = inf
  global_step = 13
  train_loss = 15.3944
  ********************
Previous best ppl:inf
BLEU file: ./data/RQ5/python_5_2/validation.jsonl
  codebleu-4 = 73.58 	 Previous best codebleu 72.22
  ********************
 Achieve Best bleu:73.58
  ********************

***** Running evaluation *****
  Num examples = 104
  Batch size = 2
  epoch = 6
  eval_ppl = inf
  global_step = 15
  train_loss = 10.6164
  ********************
Previous best ppl:inf
BLEU file: ./data/RQ5/python_5_2/validation.jsonl
  codebleu-4 = 72.81 	 Previous best codebleu 73.58
  ********************

***** Running evaluation *****
  Num examples = 104
  Batch size = 2
  epoch = 7
  eval_ppl = inf
  global_step = 17
  train_loss = 8.9683
  ********************
Previous best ppl:inf
BLEU file: ./data/RQ5/python_5_2/validation.jsonl
  codebleu-4 = 72.47 	 Previous best codebleu 73.58
  ********************

***** Running evaluation *****
  Num examples = 104
  Batch size = 2
  epoch = 8
  eval_ppl = inf
  global_step = 19
  train_loss = 9.2312
  ********************
Previous best ppl:inf
BLEU file: ./data/RQ5/python_5_2/validation.jsonl
  codebleu-4 = 71.83 	 Previous best codebleu 73.58
  ********************
early stopping!!!
reload model from RQ5/python_5/2_codet5p_770m/checkpoint-best-bleu
BLEU file: ./data/RQ5/python_5_2/test.jsonl
  codebleu = 74.79 
  Total = 113 
  Exact Fixed = 0 
[]
  Syntax Fixed = 1 
[24]
  Cleaned Fixed = 0 
[]
  ********************
  Total = 113 
  Exact Fixed = 0 
[]
  Syntax Fixed = 1 
[24]
  Cleaned Fixed = 0 
[]
  codebleu = 74.79 
[0.6728230800934798, 0.8834124216164225, 0.6601281703247908, 0.47166395418323315, 0.8052050509144788, 0.9411542454583528, 0.8674433454759134, 0.8300638244826566, 0.5571314709024371, 0.7953587603777192, 0.7714650156104186, 0.8068413656728535, 0.8475864225311183, 0.7768711691119308, 0.6883720951974961, 0.8673208349360431, 0.8856389378075658, 0.6413921957402942, 0.7443181170763433, 0.7993127476344095, 0.725598015348109, 0.583933634540305, 0.9204219587780458, 0.7965739953547762, 0.8234479137638847, 0.6508693332230462, 0.4516167878212213, 0.7711221670600811, 0.6853803599169206, 0.568803606953774, 0.7896354401872717, 0.8808919461147899, 0.7420541780659815, 0.8231560738418289, 0.8962096929024133, 0.8773104352365284, 0.8147968759653995, 0.7507982187182929, 0.9142445273649933, 0.7093853536262804, 0.788050295413492, 0.7572098935987482, 0.8548397899287874, 0.4620409463149278, 0.39686614731832626, 0.7715012035371895, 0.8077895563342797, 0.7302695949841846, 0.549916846856608, 0.4107857654137589, 0.8820517186123604, 0.7549669674736412, 0.7585846389475988, 0.5911195501972704, 0.8362747318435784, 0.5117566728908322, 0.8390795096350865, 0.6939112308588368, 0.7042953619649426, 0.860117164263619, 0.845087053073633, 0.20867343826082332, 0.6356257812621184, 0.5037077119806818, 0.8475332565755729, 0.6894030131991926, 0.7531797171538064, 0.848034624064077, 0.6441425627537012, 0.5750974938187585, 0.6439391185600173, 0.2909718763883706, 0.9472873156881443, 0.676525822803221, 0.6675881054170294, 0.49150427670545643, 0.6975903401692451, 0.9056583090096291, 0.7449734989717058, 0.8912022993575596, 0.8727790091136098, 0.7318286091585733, 0.6909439898635137, 0.8358395384567638, 0.884250182279102, 0.8399114554115357, 0.8573638305228279, 0.7332519354895861, 0.8086254987195756, 0.9178662308912058, 0.8814955038434287, 0.8021170040829606, 0.8594942629236695, 0.8736270526063763, 0.782053171927164, 0.8934863054803268, 0.8789801838086921, 0.8834630241782442, 0.7273984854899362, 0.8385834949297515, 0.7225931341121177, 0.878865255109752, 0.8441782169344423, 0.610067068626702, 0.8300101016746005, 0.8631855387221548, 0.1264183320973505, 0.8611544762176193, 0.7243849758480987, 0.9246350539097654, 0.9046292183049148, 0.7415658664772448, 0.9244980214694567]
Finish training and take 1h4m
