Namespace(log_name='./RQ5/sstubs_16_1/codet5p_770m_f.log', model_name='Salesforce/codet5p-770m', lang='java', output_dir='RQ5/sstubs_16_1/codet5p_770m_f', data_dir='./data/RQ5/sstubs_16_1', no_cuda=False, visible_gpu='0', add_task_prefix=False, add_lang_ids=False, num_train_epochs=10, num_test_epochs=10, train_batch_size=4, eval_batch_size=4, gradient_accumulation_steps=2, load_model_path=None, config_name='', tokenizer_name='', max_source_length=512, max_target_length=512, warm_up_ratio=0.1, do_train=True, do_eval=True, do_test=True, do_lower_case=False, learning_rate=5e-05, beam_size=10, weight_decay=0.0, adam_epsilon=1e-08, max_grad_norm=1.0, max_steps=-1, eval_steps=-1, train_steps=-1, local_rank=-1, seed=42, early_stop_threshold=2)
Process rank: -1, device: cuda, n_gpu: 1, distributed training: False, model_name: Salesforce/codet5p-770m
model created!
Total 16 training instances 
***** Running training *****
  Num examples = 16
  Batch size = 4
  Num epoch = 10

***** Running evaluation *****
  Num examples = 100
  Batch size = 4
  epoch = 0
  eval_ppl = 1.00181
  global_step = 5
  train_loss = 1.0528
  ********************
Previous best ppl:inf
Achieve Best ppl:1.00181
  ********************
BLEU file: ./data/RQ5/sstubs_16_1/validation.jsonl
  codebleu-4 = 22.33 	 Previous best codebleu 0
  ********************
 Achieve Best bleu:22.33
  ********************

***** Running evaluation *****
  Num examples = 100
  Batch size = 4
  epoch = 1
  eval_ppl = 1.00091
  global_step = 9
  train_loss = 0.4388
  ********************
Previous best ppl:1.00181
Achieve Best ppl:1.00091
  ********************
BLEU file: ./data/RQ5/sstubs_16_1/validation.jsonl
  codebleu-4 = 50.05 	 Previous best codebleu 22.33
  ********************
 Achieve Best bleu:50.05
  ********************

***** Running evaluation *****
  Num examples = 100
  Batch size = 4
  epoch = 2
  eval_ppl = 1.00074
  global_step = 13
  train_loss = 0.1608
  ********************
Previous best ppl:1.00091
Achieve Best ppl:1.00074
  ********************
BLEU file: ./data/RQ5/sstubs_16_1/validation.jsonl
  codebleu-4 = 87.04 	 Previous best codebleu 50.05
  ********************
 Achieve Best bleu:87.04
  ********************

***** Running evaluation *****
  Num examples = 100
  Batch size = 4
  epoch = 3
  eval_ppl = 1.00064
  global_step = 17
  train_loss = 0.0674
  ********************
Previous best ppl:1.00074
Achieve Best ppl:1.00064
  ********************
BLEU file: ./data/RQ5/sstubs_16_1/validation.jsonl
  codebleu-4 = 85.07 	 Previous best codebleu 87.04
  ********************

***** Running evaluation *****
  Num examples = 100
  Batch size = 4
  epoch = 4
  eval_ppl = 1.00061
  global_step = 21
  train_loss = 0.0465
  ********************
Previous best ppl:1.00064
Achieve Best ppl:1.00061
  ********************
BLEU file: ./data/RQ5/sstubs_16_1/validation.jsonl
  codebleu-4 = 83.91 	 Previous best codebleu 87.04
  ********************

***** Running evaluation *****
  Num examples = 100
  Batch size = 4
  epoch = 5
  eval_ppl = 1.00058
  global_step = 25
  train_loss = 0.0436
  ********************
Previous best ppl:1.00061
Achieve Best ppl:1.00058
  ********************
BLEU file: ./data/RQ5/sstubs_16_1/validation.jsonl
  codebleu-4 = 87.29 	 Previous best codebleu 87.04
  ********************
 Achieve Best bleu:87.29
  ********************

***** Running evaluation *****
  Num examples = 100
  Batch size = 4
  epoch = 6
  eval_ppl = 1.00057
  global_step = 29
  train_loss = 0.0328
  ********************
Previous best ppl:1.00058
Achieve Best ppl:1.00057
  ********************
BLEU file: ./data/RQ5/sstubs_16_1/validation.jsonl
  codebleu-4 = 89.29 	 Previous best codebleu 87.29
  ********************
 Achieve Best bleu:89.29
  ********************

***** Running evaluation *****
  Num examples = 100
  Batch size = 4
  epoch = 7
  eval_ppl = 1.00056
  global_step = 33
  train_loss = 0.0134
  ********************
Previous best ppl:1.00057
Achieve Best ppl:1.00056
  ********************
BLEU file: ./data/RQ5/sstubs_16_1/validation.jsonl
  codebleu-4 = 89.03 	 Previous best codebleu 89.29
  ********************

***** Running evaluation *****
  Num examples = 100
  Batch size = 4
  epoch = 8
  eval_ppl = 1.00056
  global_step = 37
  train_loss = 0.0217
  ********************
Previous best ppl:1.00056
Achieve Best ppl:1.00056
  ********************
BLEU file: ./data/RQ5/sstubs_16_1/validation.jsonl
  codebleu-4 = 88.95 	 Previous best codebleu 89.29
  ********************

***** Running evaluation *****
  Num examples = 100
  Batch size = 4
  epoch = 9
  eval_ppl = 1.00056
  global_step = 41
  train_loss = 0.0161
  ********************
Previous best ppl:1.00056
BLEU file: ./data/RQ5/sstubs_16_1/validation.jsonl
  codebleu-4 = 88.91 	 Previous best codebleu 89.29
  ********************
reload model from RQ5/sstubs_16_1/codet5p_770m_f/checkpoint-best-bleu
BLEU file: ./data/RQ5/sstubs_16_1/test.jsonl
  codebleu = 89.78 
  Total = 500 
  Exact Fixed = 206 
[1, 2, 3, 5, 6, 7, 8, 9, 10, 11, 14, 17, 18, 20, 23, 24, 25, 30, 32, 34, 35, 36, 37, 39, 42, 45, 46, 47, 48, 49, 52, 55, 56, 58, 62, 63, 64, 65, 69, 73, 75, 80, 82, 83, 87, 88, 92, 93, 96, 97, 100, 101, 103, 105, 106, 110, 112, 113, 114, 118, 125, 126, 127, 129, 130, 131, 135, 136, 138, 139, 140, 141, 144, 145, 148, 149, 152, 153, 154, 155, 156, 160, 165, 166, 170, 172, 173, 176, 177, 183, 186, 188, 192, 196, 197, 198, 204, 205, 209, 214, 215, 221, 228, 229, 230, 232, 233, 237, 238, 239, 240, 241, 242, 248, 249, 250, 252, 254, 255, 256, 257, 259, 262, 263, 265, 266, 267, 268, 270, 278, 279, 280, 283, 286, 287, 288, 291, 295, 298, 306, 308, 311, 316, 318, 319, 321, 322, 323, 327, 333, 337, 339, 340, 342, 343, 344, 345, 346, 347, 350, 355, 359, 360, 370, 371, 375, 376, 379, 383, 385, 389, 394, 400, 401, 407, 416, 417, 422, 423, 427, 433, 438, 442, 448, 451, 452, 454, 455, 458, 459, 462, 463, 465, 466, 467, 469, 470, 475, 477, 480, 487, 488, 494, 496, 497, 498]
  Syntax Fixed = 0 
[]
  Cleaned Fixed = 0 
[]
  ********************
  Total = 500 
  Exact Fixed = 206 
[1, 2, 3, 5, 6, 7, 8, 9, 10, 11, 14, 17, 18, 20, 23, 24, 25, 30, 32, 34, 35, 36, 37, 39, 42, 45, 46, 47, 48, 49, 52, 55, 56, 58, 62, 63, 64, 65, 69, 73, 75, 80, 82, 83, 87, 88, 92, 93, 96, 97, 100, 101, 103, 105, 106, 110, 112, 113, 114, 118, 125, 126, 127, 129, 130, 131, 135, 136, 138, 139, 140, 141, 144, 145, 148, 149, 152, 153, 154, 155, 156, 160, 165, 166, 170, 172, 173, 176, 177, 183, 186, 188, 192, 196, 197, 198, 204, 205, 209, 214, 215, 221, 228, 229, 230, 232, 233, 237, 238, 239, 240, 241, 242, 248, 249, 250, 252, 254, 255, 256, 257, 259, 262, 263, 265, 266, 267, 268, 270, 278, 279, 280, 283, 286, 287, 288, 291, 295, 298, 306, 308, 311, 316, 318, 319, 321, 322, 323, 327, 333, 337, 339, 340, 342, 343, 344, 345, 346, 347, 350, 355, 359, 360, 370, 371, 375, 376, 379, 383, 385, 389, 394, 400, 401, 407, 416, 417, 422, 423, 427, 433, 438, 442, 448, 451, 452, 454, 455, 458, 459, 462, 463, 465, 466, 467, 469, 470, 475, 477, 480, 487, 488, 494, 496, 497, 498]
  Syntax Fixed = 0 
[]
  Cleaned Fixed = 0 
[]
  codebleu = 89.78 
[1.0, 1.0, 1.0, 0.8947836446510709, 1.0, 1.0, 1.0, 1.0, 1.0, 1.0, 1.0, 0.8748733743967635, 0.9167248063681421, 1.0, 0.936752055107628, 0.9407686479202226, 1.0, 1.0, 0.9176675865658077, 1.0, 0.32306322887747174, 0.9147581010783108, 1.0, 1.0, 1.0, 0.7010984251778435, 0.9056583090096291, 0.673192721030647, 0.8665518607362566, 1.0, 0.8397142137521943, 1.0, 0.7099766481408452, 1.0, 1.0, 1.0, 1.0, 0.9272945586059962, 1.0, 0.9097612564056814, 0.9093978589879124, 1.0, 0.823727560959342, 0.8107071060704356, 1.0, 1.0, 1.0, 1.0, 1.0, 0.8472999580048346, 0.9261420415269246, 1.0, 0.8362511196423215, 0.9435321610524647, 1.0, 1.0, 0.8489269688168015, 1.0, 0.673192721030647, 0.7491375710149024, 0.6744710944351258, 1.0, 1.0, 1.0, 1.0, 0.8897268293826727, 0.9600948805844232, 0.8961079319106557, 1.0, 0.6744710944351258, 0.38568966389323306, 0.34967742302943955, 1.0, 0.7503432335009788, 1.0, 0.9456202538775613, 0.6273054922148188, 0.9583676774082095, 0.8748733743967635, 1.0, 0.8659582334129627, 1.0, 1.0, 0.8821296454239946, 0.6744710944351258, 0.9557161384210198, 1.0, 1.0, 0.7669732643109628, 0.9028743010640048, 0.8131726792272671, 1.0, 1.0, 0.8989289901708486, 0.8107071060704356, 1.0, 1.0, 0.9323598782946632, 0.9339261075829457, 1.0, 1.0, 0.9259520853518541, 1.0, 0.8748733743967635, 1.0, 1.0, 0.30897601767888844, 0.970114879479065, 0.9215126923513757, 1.0, 0.9498733743967636, 1.0, 1.0, 1.0, 0.8910871854638854, 0.8397142137521943, 0.9364480358382332, 1.0, 0.936923058378295, 0.9215126923513757, 0.5840050165543608, 0.9689323767297664, 0.914811572255932, 0.8387796716807858, 1.0, 1.0, 1.0, 0.9215126923513757, 1.0, 1.0, 1.0, 0.9427895563342799, 0.9733211546063425, 0.9469728550743763, 1.0, 1.0, 0.9524183912964097, 1.0, 1.0, 1.0, 1.0, 0.9326807851263892, 0.8703511904239886, 1.0, 1.0, 0.9019927469706532, 0.3687912617573307, 1.0, 1.0, 0.9357730833493334, 0.8911161586072973, 1.0, 1.0, 1.0, 1.0, 1.0, 0.8629467492522684, 0.909624266823112, 0.8806751756510949, 1.0, 0.928815027869274, 0.8108477869741841, 0.26287946874403356, 0.8617520551076281, 1.0, 1.0, 0.936752055107628, 0.37225753484662233, 0.9028743010640048, 1.0, 0.9587753838819759, 1.0, 1.0, 0.9439975336408695, 0.7987143406074877, 1.0, 1.0, 0.9584627887351178, 0.9466595714446484, 0.9267516766457782, 0.3915367361667559, 0.9044642401339957, 1.0, 0.6652163429174993, 0.9530008025801151, 1.0, 0.9546221339246326, 1.0, 0.8664266028701744, 0.9387616321274028, 0.8014447380383962, 1.0, 0.9581095565874824, 0.8439975336408694, 0.8815471473605285, 1.0, 1.0, 1.0, 0.7831318837364406, 0.8616715812772971, 0.2927756219063881, 0.942891989734737, 0.9238394500691973, 1.0, 1.0, 0.8821296454239946, 0.9312991012532417, 0.9600948805844232, 1.0, 0.769122578011458, 0.9238394500691973, 0.23650062123852764, 0.8298603920162009, 1.0, 1.0, 0.9141720281459855, 0.9365276486140073, 0.5873305782427797, 0.9583676774082095, 0.8846386294351021, 1.0, 0.9656973569421463, 0.9407613352737074, 0.8434927919506363, 0.45597505545291095, 0.936752055107628, 0.9188441984944269, 1.0, 1.0, 1.0, 0.8852005472381914, 1.0, 1.0, 0.884777214048037, 0.9725011474210121, 0.3605922856214896, 1.0, 1.0, 1.0, 1.0, 1.0, 1.0, 0.884137748772268, 0.8074305487814923, 0.859003534418477, 0.6744710944351258, 0.5873305782427797, 1.0, 1.0, 1.0, 0.8881901606873797, 1.0, 0.9600553834135903, 1.0, 1.0, 1.0, 1.0, 0.9583676774082095, 1.0, 0.8531462888634065, 0.8404979526305214, 1.0, 1.0, 0.9517918920357142, 1.0, 1.0, 1.0, 1.0, 0.8212636043254029, 1.0, 0.7517487837056417, 0.9616136179279984, 0.5840050165543608, 0.8385956040543796, 0.8989289901708486, 0.9213836287468253, 0.8821296454239946, 1.0, 1.0, 1.0, 0.8721212086381336, 0.8791028584168332, 1.0, 0.8648103351245982, 0.9466595714446484, 1.0, 1.0, 1.0, 0.9038898481683997, 0.7016265496309229, 1.0, 0.8947836446510709, 0.8626149393966556, 0.9497338034253828, 1.0, 0.9273308669742027, 0.9543920430664012, 1.0, 0.8698869964564975, 0.23097722410022042, 0.9601466755014141, 0.9238877689380496, 0.9332624127367197, 0.8376615528688169, 0.8721507316445842, 1.0, 0.8748733743967635, 1.0, 0.8497534749280808, 0.7026615485512439, 1.0, 0.9259520853518541, 0.7944107194467429, 0.9637364956234171, 0.25585795130906724, 1.0, 0.8960973978810894, 1.0, 1.0, 0.3237473351921286, 1.0, 1.0, 1.0, 0.5850662816271308, 0.8989289901708486, 0.8953661348226227, 1.0, 0.9583676774082095, 0.9810075923400849, 0.9468351265733028, 0.9630476148256921, 0.9056583090096291, 1.0, 0.8215803485831588, 0.9215126923513757, 0.9327938350960072, 1.0, 0.8815471473605285, 1.0, 1.0, 0.6308077326783975, 1.0, 1.0, 1.0, 1.0, 1.0, 1.0, 0.8667343878768172, 0.7201794290515868, 1.0, 0.23571246202332002, 0.8748733743967635, 0.6207463801185964, 0.9698138929646263, 1.0, 0.9493239030379825, 0.9583676774082095, 0.3327807271067011, 1.0, 1.0, 0.9370576952964131, 0.8573835536643046, 0.9443755095409017, 0.9543920430664012, 0.9370576952964131, 0.9465864294209791, 0.8761569670973709, 0.8576767641936891, 0.21033638081817022, 1.0, 1.0, 0.9472873156881443, 0.9466595714446484, 0.9287546369958737, 1.0, 1.0, 0.17848899763516907, 0.9038898481683997, 1.0, 0.7016265496309229, 0.9653175874774487, 0.8336063484341889, 1.0, 0.8684929871970886, 1.0, 0.8806751756510949, 0.33241382199743813, 0.8648103351245982, 1.0, 0.9072266209023174, 0.7942596682976488, 0.6851513300845844, 0.9517918920357142, 1.0, 0.8852005472381914, 0.7583676774082094, 0.9207265089204273, 0.940598945729278, 0.8748733743967635, 1.0, 1.0, 0.9583676774082095, 0.9321212086381336, 0.940101844638672, 0.8535922152441364, 0.8667343878768172, 1.0, 0.9470228248649237, 0.9141000841539659, 0.8821296454239946, 0.8989289901708486, 0.6965962771573206, 0.9309949427736264, 0.9441518237028776, 0.9028743010640048, 1.0, 1.0, 0.9321212086381336, 0.9523104352365284, 0.6925131239952165, 0.9500330416345475, 1.0, 1.0, 0.5565327779260459, 0.6308077326783975, 0.9365809638486668, 1.0, 0.5873305782427797, 0.557115595241456, 0.7810580026281693, 0.8535087661549325, 0.7877842946802818, 1.0, 0.8887608832115137, 0.9215834056802388, 0.9584627887351178, 0.936752055107628, 1.0, 0.957982876787582, 0.9693261143428569, 0.9354021130737269, 1.0, 0.9085309210098864, 0.9273494066519052, 0.9583676774082095, 0.8949975756542023, 0.9215834056802388, 1.0, 0.9500330416345475, 0.9052186899151904, 1.0, 1.0, 0.8655056700329364, 1.0, 1.0, 0.7378414230005441, 0.8819521435207798, 1.0, 1.0, 0.8663876896583911, 0.5565327779260459, 1.0, 1.0, 0.8816015466501335, 1.0, 1.0, 1.0, 0.3051235522805842, 1.0, 1.0, 0.3268683963658685, 0.2930992059559449, 0.9468351265733028, 0.862347908057336, 1.0, 0.9170576952964131, 1.0, 0.9099697272423548, 0.8648103351245982, 1.0, 0.7001129433458121, 0.9141000841539659, 0.5864168498311542, 0.7942596682976488, 0.8535087661549325, 0.6457346057758955, 1.0, 1.0, 0.9207265089204273, 0.9061846501490565, 0.8871606681680837, 0.8852005472381914, 0.9562237378841005, 1.0, 0.928067052222928, 1.0, 1.0, 1.0, 0.8228404231788209, 0.940101844638672]
Finish training and take 1h14m
