Namespace(log_name='./RQ5/bugsinpy_16_1/codet5p_220m_f.log', model_name='Salesforce/codet5p-220m', lang='python', output_dir='RQ5/bugsinpy_16_1/codet5p_220m_f', data_dir='./data/RQ5/bugsinpy_16_1', no_cuda=False, visible_gpu='0', add_task_prefix=False, add_lang_ids=False, num_train_epochs=10, num_test_epochs=10, train_batch_size=8, eval_batch_size=4, gradient_accumulation_steps=2, load_model_path=None, config_name='', tokenizer_name='', max_source_length=512, max_target_length=512, warm_up_ratio=0.1, do_train=True, do_eval=True, do_test=True, do_lower_case=False, learning_rate=5e-05, beam_size=10, weight_decay=0.0, adam_epsilon=1e-08, max_grad_norm=1.0, max_steps=-1, eval_steps=-1, train_steps=-1, local_rank=-1, seed=42, early_stop_threshold=3)
Process rank: -1, device: cuda, n_gpu: 1, distributed training: False, model_name: Salesforce/codet5p-220m
model created!
Total 16 training instances 
***** Running training *****
  Num examples = 16
  Batch size = 8
  Num epoch = 10

***** Running evaluation *****
  Num examples = 100
  Batch size = 4
  epoch = 0
  eval_ppl = 1.00213
  global_step = 3
  train_loss = 0.9851
  ********************
Previous best ppl:inf
Achieve Best ppl:1.00213
  ********************
BLEU file: ./data/RQ5/bugsinpy_16_1/validation.jsonl
  codebleu-4 = 15.34 	 Previous best codebleu 0
  ********************
 Achieve Best bleu:15.34
  ********************

***** Running evaluation *****
  Num examples = 100
  Batch size = 4
  epoch = 1
  eval_ppl = 1.00178
  global_step = 5
  train_loss = 0.5845
  ********************
Previous best ppl:1.00213
Achieve Best ppl:1.00178
  ********************
BLEU file: ./data/RQ5/bugsinpy_16_1/validation.jsonl
  codebleu-4 = 33.47 	 Previous best codebleu 15.34
  ********************
 Achieve Best bleu:33.47
  ********************

***** Running evaluation *****
  Num examples = 100
  Batch size = 4
  epoch = 2
  eval_ppl = 1.00169
  global_step = 7
  train_loss = 0.3649
  ********************
Previous best ppl:1.00178
Achieve Best ppl:1.00169
  ********************
BLEU file: ./data/RQ5/bugsinpy_16_1/validation.jsonl
  codebleu-4 = 62.23 	 Previous best codebleu 33.47
  ********************
 Achieve Best bleu:62.23
  ********************

***** Running evaluation *****
  Num examples = 100
  Batch size = 4
  epoch = 3
  eval_ppl = 1.00167
  global_step = 9
  train_loss = 0.2724
  ********************
Previous best ppl:1.00169
Achieve Best ppl:1.00167
  ********************
BLEU file: ./data/RQ5/bugsinpy_16_1/validation.jsonl
  codebleu-4 = 69.86 	 Previous best codebleu 62.23
  ********************
 Achieve Best bleu:69.86
  ********************

***** Running evaluation *****
  Num examples = 100
  Batch size = 4
  epoch = 4
  eval_ppl = 1.00165
  global_step = 11
  train_loss = 0.2228
  ********************
Previous best ppl:1.00167
Achieve Best ppl:1.00165
  ********************
BLEU file: ./data/RQ5/bugsinpy_16_1/validation.jsonl
  codebleu-4 = 70.72 	 Previous best codebleu 69.86
  ********************
 Achieve Best bleu:70.72
  ********************

***** Running evaluation *****
  Num examples = 100
  Batch size = 4
  epoch = 5
  eval_ppl = 1.00165
  global_step = 13
  train_loss = 0.1903
  ********************
Previous best ppl:1.00165
Achieve Best ppl:1.00165
  ********************
BLEU file: ./data/RQ5/bugsinpy_16_1/validation.jsonl
  codebleu-4 = 70.5 	 Previous best codebleu 70.72
  ********************

***** Running evaluation *****
  Num examples = 100
  Batch size = 4
  epoch = 6
  eval_ppl = 1.00165
  global_step = 15
  train_loss = 0.1496
  ********************
Previous best ppl:1.00165
BLEU file: ./data/RQ5/bugsinpy_16_1/validation.jsonl
  codebleu-4 = 71.42 	 Previous best codebleu 70.72
  ********************
 Achieve Best bleu:71.42
  ********************

***** Running evaluation *****
  Num examples = 100
  Batch size = 4
  epoch = 7
  eval_ppl = 1.00165
  global_step = 17
  train_loss = 0.1376
  ********************
Previous best ppl:1.00165
BLEU file: ./data/RQ5/bugsinpy_16_1/validation.jsonl
  codebleu-4 = 70.46 	 Previous best codebleu 71.42
  ********************

***** Running evaluation *****
  Num examples = 100
  Batch size = 4
  epoch = 8
  eval_ppl = 1.00166
  global_step = 19
  train_loss = 0.106
  ********************
Previous best ppl:1.00165
BLEU file: ./data/RQ5/bugsinpy_16_1/validation.jsonl
  codebleu-4 = 69.48 	 Previous best codebleu 71.42
  ********************

***** Running evaluation *****
  Num examples = 100
  Batch size = 4
  epoch = 9
  eval_ppl = 1.00167
  global_step = 21
  train_loss = 0.1206
  ********************
Previous best ppl:1.00165
BLEU file: ./data/RQ5/bugsinpy_16_1/validation.jsonl
  codebleu-4 = 69.53 	 Previous best codebleu 71.42
  ********************
reload model from RQ5/bugsinpy_16_1/codet5p_220m_f/checkpoint-best-bleu
BLEU file: ./data/RQ5/bugsinpy_16_1/test.jsonl
  codebleu = 70.96 
  Total = 117 
  Exact Fixed = 0 
[]
  Syntax Fixed = 0 
[]
  Cleaned Fixed = 0 
[]
  ********************
  Total = 117 
  Exact Fixed = 0 
[]
  Syntax Fixed = 0 
[]
  Cleaned Fixed = 0 
[]
  codebleu = 70.96 
[0.7768711691119308, 0.7585846389475988, 0.2846333289320666, 0.7768277736984348, 0.3133492633745348, 0.38814037227703635, 0.769112175007131, 0.6883720951974961, 0.860117164263619, 0.8573638305228279, 0.6728230800934798, 0.8744879458107344, 0.9472873156881443, 0.8884573785188872, 0.7715012035371895, 0.7332519354895861, 0.905409892013934, 0.7449734989717058, 0.8871978499693505, 0.23294580002164597, 0.7572098935987482, 0.5936056097912514, 0.8674433454759134, 0.7318286091585733, 0.7225931341121177, 0.8856389378075658, 0.8077895563342797, 0.2835002681286323, 0.8834630241782442, 0.7507982187182929, 0.8195330229945343, 0.6441425627537012, 0.3565667676652214, 0.8358395384567638, 0.6853803599169206, 0.7711221670600811, 0.8634090336969251, 0.6626248203090549, 0.676525822803221, 0.8300101016746005, 0.5117566728908322, 0.28601583468689884, 0.6439391185600173, 0.49150427670545643, 0.7639654153934541, 0.7520456315632097, 0.7042953619649426, 0.8234479137638847, 0.4545507520171642, 0.7890278782295435, 0.884250182279102, 0.8627606169106636, 0.9056583090096291, 0.6798907668533658, 0.8493510429443742, 0.7761701902116538, 0.8611544762176193, 0.8231560738418289, 0.6939112308588368, 0.725598015348109, 0.6374410208386678, 0.6356257812621184, 0.18449237939051247, 0.47166395418323315, 0.8758824583470641, 0.9085800872774439, 0.8362747318435784, 0.7093853536262804, 0.6584716430730965, 0.8834124216164225, 0.8814955038434287, 0.8594942629236695, 0.8475864225311183, 0.3320931796762475, 0.515599849811825, 0.8631855387221548, 0.8086778290189935, 0.5750974938187585, 0.7504067254288294, 0.891471971382207, 0.2516611462391821, 0.788050295413492, 0.9411542454583528, 0.6508693332230462, 0.6036945996720463, 0.8808919461147899, 0.8475332565755729, 0.9204219587780458, 0.8300638244826566, 0.2264029661482962, 0.7549669674736412, 0.8754861943073293, 0.7205089220380079, 0.7420541780659815, 0.7666045848523868, 0.8399114554115357, 0.9178662308912058, 0.7508650198569218, 0.5037077119806818, 0.8962096929024133, 0.6413921957402942, 0.39686614731832626, 0.7381684490594698, 0.8021170040829606, 0.5571314709024371, 0.9142445273649933, 0.9390331079602834, 0.8434652034268404, 0.23375512728052114, 0.5681295751079041, 0.7953587603777192, 0.32426089327854846, 0.6943796254883225, 0.7714650156104186, 0.7738279988463377, 0.5105314121341393, 0.8385834949297515]
Finish training and take 49m
