Namespace(log_name='./sstubs/1/hard4_codet5p_770m.log', model_name='Salesforce/codet5p-770m', lang='java', output_dir='sstubs/1/hard4_codet5p_770m', data_dir='./data/sstubs/1', no_cuda=False, visible_gpu='0', num_train_epochs=10, num_test_epochs=1, train_batch_size=4, eval_batch_size=4, gradient_accumulation_steps=1, load_model_path=None, config_name='', tokenizer_name='', max_source_length=512, max_target_length=512, warm_up_ratio=0.1, do_train=True, do_eval=True, do_test=True, freeze=False, learning_rate=5e-05, beam_size=10, weight_decay=0.0, adam_epsilon=1e-08, local_rank=-1, seed=42, early_stop_threshold=3)
Process rank: -1, device: cuda, n_gpu: 1, distributed training: False
Model created!!
[[{'text': 'Fix', 'loss_ids': 0, 'shortenable_ids': 0}, {'text': ' appendToBody.ret();      }     private void generateHashPositionMethod(ClassDefinition classDefinition, CallSiteBinder callSiteBinder, List<Type> joinChannelTypes, List<FieldDefinition> joinChannelFields, FieldDefinition hashChannelField)      {          Parameter blockIndex = arg("blockIndex", int.class);          Parameter blockPosition = arg("blockPosition", int.class);', 'loss_ids': 0, 'shortenable_ids': 1}, {'text': '<mask>', 'loss_ids': 1, 'shortenable_ids': 0}, {'text': ' is fixed program', 'loss_ids': 0, 'shortenable_ids': 0}], {'guid': 0, 'tgt_text': 'appendToBody.ret();      }     private static void generateHashPositionMethod(ClassDefinition classDefinition, CallSiteBinder callSiteBinder, List<Type> joinChannelTypes, List<FieldDefinition> joinChannelFields, FieldDefinition hashChannelField)      {          Parameter blockIndex = arg("blockIndex", int.class);          Parameter blockPosition = arg("blockPosition", int.class);'}]
***** Running training *****
  Num examples = 223
  Batch size = 4
  Num epoch = 10

***** Running evaluation *****
  Num examples = 28
  Batch size = 4
  epoch = 0
  eval_ppl = 1.5899311499261438e+103
  global_step = 57
  train_loss = 16.0346
  ********************
Previous best ppl:inf
Achieve Best ppl:1.5899311499261438e+103
  ********************
BLEU file: ./data/sstubs/1/validation.jsonl
  codebleu-4 = 94.01 	 Previous best codebleu 0
  ********************
 Achieve Best bleu:94.01
  ********************

***** Running evaluation *****
  Num examples = 28
  Batch size = 4
  epoch = 1
  eval_ppl = 3.365616357654018e+104
  global_step = 113
  train_loss = 3.4029
  ********************
Previous best ppl:1.5899311499261438e+103
BLEU file: ./data/sstubs/1/validation.jsonl
  codebleu-4 = 93.77 	 Previous best codebleu 94.01
  ********************

***** Running evaluation *****
  Num examples = 28
  Batch size = 4
  epoch = 2
  eval_ppl = 1.7668346283620616e+106
  global_step = 169
  train_loss = 1.8428
  ********************
Previous best ppl:1.5899311499261438e+103
BLEU file: ./data/sstubs/1/validation.jsonl
  codebleu-4 = 94.69 	 Previous best codebleu 94.01
  ********************
 Achieve Best bleu:94.69
  ********************

***** Running evaluation *****
  Num examples = 28
  Batch size = 4
  epoch = 3
  eval_ppl = 8.752757236346365e+105
  global_step = 225
  train_loss = 1.1501
  ********************
Previous best ppl:1.5899311499261438e+103
BLEU file: ./data/sstubs/1/validation.jsonl
  codebleu-4 = 85.98 	 Previous best codebleu 94.69
  ********************

***** Running evaluation *****
  Num examples = 28
  Batch size = 4
  epoch = 4
  eval_ppl = 1.5555951154011506e+101
  global_step = 281
  train_loss = 1.0497
  ********************
Previous best ppl:1.5899311499261438e+103
Achieve Best ppl:1.5555951154011506e+101
  ********************
BLEU file: ./data/sstubs/1/validation.jsonl
  codebleu-4 = 94.52 	 Previous best codebleu 94.69
  ********************

***** Running evaluation *****
  Num examples = 28
  Batch size = 4
  epoch = 5
  eval_ppl = 4.2855593340804585e+100
  global_step = 337
  train_loss = 0.5553
  ********************
Previous best ppl:1.5555951154011506e+101
Achieve Best ppl:4.2855593340804585e+100
  ********************
BLEU file: ./data/sstubs/1/validation.jsonl
  codebleu-4 = 94.69 	 Previous best codebleu 94.69
  ********************

***** Running evaluation *****
  Num examples = 28
  Batch size = 4
  epoch = 6
  eval_ppl = 2.28323943307415e+100
  global_step = 393
  train_loss = 0.2938
  ********************
Previous best ppl:4.2855593340804585e+100
Achieve Best ppl:2.28323943307415e+100
  ********************
BLEU file: ./data/sstubs/1/validation.jsonl
  codebleu-4 = 93.56 	 Previous best codebleu 94.69
  ********************

***** Running evaluation *****
  Num examples = 28
  Batch size = 4
  epoch = 7
  eval_ppl = 4.974688523768416e+98
  global_step = 449
  train_loss = 0.2608
  ********************
Previous best ppl:2.28323943307415e+100
Achieve Best ppl:4.974688523768416e+98
  ********************
BLEU file: ./data/sstubs/1/validation.jsonl
  codebleu-4 = 93.56 	 Previous best codebleu 94.69
  ********************

***** Running evaluation *****
  Num examples = 28
  Batch size = 4
  epoch = 8
  eval_ppl = 4.40934998475289e+99
  global_step = 505
  train_loss = 0.1347
  ********************
Previous best ppl:4.974688523768416e+98
BLEU file: ./data/sstubs/1/validation.jsonl
  codebleu-4 = 93.56 	 Previous best codebleu 94.69
  ********************

***** Running evaluation *****
  Num examples = 28
  Batch size = 4
  epoch = 9
  eval_ppl = 7.533935819593698e+99
  global_step = 561
  train_loss = 0.1052
  ********************
Previous best ppl:4.974688523768416e+98
BLEU file: ./data/sstubs/1/validation.jsonl
  codebleu-4 = 93.56 	 Previous best codebleu 94.69
  ********************
reload model from sstubs/1/hard4_codet5p_770m/checkpoint-best-bleu
BLEU file: ./data/sstubs/1/test.jsonl
  codebleu = 96.06 
  Total = 27 
  Exact Fixed = 14 
[1, 4, 5, 6, 9, 12, 13, 16, 17, 20, 21, 24, 26, 27]
  Syntax Fixed = 0 
[]
  Cleaned Fixed = 0 
[]
  ********************
  Total = 27 
  Exact Fixed = 14 
[1, 4, 5, 6, 9, 12, 13, 16, 17, 20, 21, 24, 26, 27]
  Syntax Fixed = 0 
[]
  Cleaned Fixed = 0 
[]
  codebleu = 96.06 
[1.0, 0.9245037448286011, 0.9056583090096291, 1.0, 1.0, 1.0, 0.9523104352365284, 0.9315722311515438, 1.0, 0.9406018863753673, 0.9133094076861077, 1.0, 1.0, 0.8158463815378669, 0.9136815104017959, 1.0, 1.0, 0.9521775318277603, 0.8955980328281301, 1.0, 1.0, 0.9439975336408695, 0.9120033353993269, 1.0, 0.9339261075829457, 1.0, 1.0]
Finish training and take 9m
Namespace(log_name='./result/sstubs/1/hard4_codet5p_770m.log', model_name='Salesforce/codet5p-770m', lang='java', output_dir='result/sstubs/1/hard4_codet5p_770m', data_dir='./data/sstubs/1', no_cuda=False, visible_gpu='0', num_train_epochs=10, num_test_epochs=1, train_batch_size=4, eval_batch_size=4, gradient_accumulation_steps=1, load_model_path=None, config_name='', tokenizer_name='', max_source_length=512, max_target_length=512, warm_up_ratio=0.1, do_train=True, do_eval=True, do_test=True, freeze=False, learning_rate=5e-05, beam_size=10, weight_decay=0.0, adam_epsilon=1e-08, local_rank=-1, seed=42, early_stop_threshold=3)
Process rank: -1, device: cuda, n_gpu: 1, distributed training: False
Model created!!
[[{'text': 'Fix', 'loss_ids': 0, 'shortenable_ids': 0}, {'text': ' CLIENT.user_unpinFile(id);    }   public void worker_addCheckpoint(long workerId, int fileId, long fileSizeBytes,         String checkpointPath)             throws FileDoesNotExistException, SuspectedFileSizeException, TException {      CLIENT.worker_addCheckpoint(workerId, fileId, fileSizeBytes, checkpointPath);    }   public void worker_cachedFile(long workerId, long workerUsedBytes, int fileId,         long fileSizeBytes) throws FileDoesNotExistException, SuspectedFileSizeException, TException {      CLIENT.worker_cacheFile(workerId, workerUsedBytes, fileId, fileSizeBytes);    }', 'loss_ids': 0, 'shortenable_ids': 1}, {'text': '<mask>', 'loss_ids': 1, 'shortenable_ids': 0}, {'text': ' is fixed program', 'loss_ids': 0, 'shortenable_ids': 0}], {'guid': 0, 'tgt_text': 'CLIENT.user_unpinFile(id);    }   public synchronized void worker_addCheckpoint(long workerId, int fileId, long fileSizeBytes,         String checkpointPath)             throws FileDoesNotExistException, SuspectedFileSizeException, TException {      CLIENT.worker_addCheckpoint(workerId, fileId, fileSizeBytes, checkpointPath);    }   public synchronized void worker_cachedFile(long workerId, long workerUsedBytes, int fileId,         long fileSizeBytes) throws FileDoesNotExistException, SuspectedFileSizeException, TException {      CLIENT.worker_cacheFile(workerId, workerUsedBytes, fileId, fileSizeBytes);    }'}]
***** Running training *****
  Num examples = 260
  Batch size = 4
  Num epoch = 10

***** Running evaluation *****
  Num examples = 32
  Batch size = 4
  epoch = 0
  eval_ppl = 8.600730117972342e+111
  global_step = 66
  train_loss = 16.1255
  ********************
Previous best ppl:inf
Achieve Best ppl:8.600730117972342e+111
  ********************
BLEU file: ./data/sstubs/1/validation.jsonl
  codebleu-4 = 91.94 	 Previous best codebleu 0
  ********************
 Achieve Best bleu:91.94
  ********************

***** Running evaluation *****
  Num examples = 32
  Batch size = 4
  epoch = 1
  eval_ppl = 6.976382127247841e+114
  global_step = 131
  train_loss = 3.7903
  ********************
Previous best ppl:8.600730117972342e+111
BLEU file: ./data/sstubs/1/validation.jsonl
  codebleu-4 = 92.86 	 Previous best codebleu 91.94
  ********************
 Achieve Best bleu:92.86
  ********************

***** Running evaluation *****
  Num examples = 32
  Batch size = 4
  epoch = 2
  eval_ppl = 2.670546256179457e+117
  global_step = 196
  train_loss = 2.0308
  ********************
Previous best ppl:8.600730117972342e+111
BLEU file: ./data/sstubs/1/validation.jsonl
  codebleu-4 = 93.67 	 Previous best codebleu 92.86
  ********************
 Achieve Best bleu:93.67
  ********************

***** Running evaluation *****
  Num examples = 32
  Batch size = 4
  epoch = 3
  eval_ppl = 2.3388544931772884e+117
  global_step = 261
  train_loss = 1.4407
  ********************
Previous best ppl:8.600730117972342e+111
BLEU file: ./data/sstubs/1/validation.jsonl
  codebleu-4 = 92.68 	 Previous best codebleu 93.67
  ********************

***** Running evaluation *****
  Num examples = 32
  Batch size = 4
  epoch = 4
  eval_ppl = 8.143846380418836e+126
  global_step = 326
  train_loss = 0.8844
  ********************
Previous best ppl:8.600730117972342e+111
BLEU file: ./data/sstubs/1/validation.jsonl
  codebleu-4 = 94.14 	 Previous best codebleu 93.67
  ********************
 Achieve Best bleu:94.14
  ********************

***** Running evaluation *****
  Num examples = 32
  Batch size = 4
  epoch = 5
  eval_ppl = 6.731635693608217e+127
  global_step = 391
  train_loss = 0.4615
  ********************
Previous best ppl:8.600730117972342e+111
BLEU file: ./data/sstubs/1/validation.jsonl
  codebleu-4 = 92.89 	 Previous best codebleu 94.14
  ********************

***** Running evaluation *****
  Num examples = 32
  Batch size = 4
  epoch = 6
  eval_ppl = 1.2767491758695491e+122
  global_step = 456
  train_loss = 0.3959
  ********************
Previous best ppl:8.600730117972342e+111
BLEU file: ./data/sstubs/1/validation.jsonl
  codebleu-4 = 93.75 	 Previous best codebleu 94.14
  ********************

***** Running evaluation *****
  Num examples = 32
  Batch size = 4
  epoch = 7
  eval_ppl = 4.456514619748132e+115
  global_step = 521
  train_loss = 0.7675
  ********************
Previous best ppl:8.600730117972342e+111
BLEU file: ./data/sstubs/1/validation.jsonl
  codebleu-4 = 94.14 	 Previous best codebleu 94.14
  ********************
early stopping!!!
reload model from result/sstubs/1/hard4_codet5p_770m/checkpoint-best-bleu
BLEU file: ./data/sstubs/1/test.jsonl
  codebleu = 93.13 
  Total = 32 
  Exact Fixed = 20 
[5, 6, 8, 10, 12, 14, 15, 16, 19, 22, 23, 24, 25, 26, 27, 28, 29, 30, 31, 32]
  Syntax Fixed = 0 
[]
  Cleaned Fixed = 0 
[]
  ********************
  Total = 32 
  Exact Fixed = 20 
[5, 6, 8, 10, 12, 14, 15, 16, 19, 22, 23, 24, 25, 26, 27, 28, 29, 30, 31, 32]
  Syntax Fixed = 0 
[]
  Cleaned Fixed = 0 
[]
  codebleu = 93.13 
[0.8561340786437819, 0.9370576952964131, 0.8230182155863233, 0.837899604900433, 1.0, 1.0, 0.7308217159428345, 1.0, 0.6303364196389183, 1.0, 0.9383022364276514, 1.0, 0.6772264301009557, 1.0, 1.0, 1.0, 0.9372561368734473, 0.8761815104017958, 1.0, 0.7016265496309229, 0.9493239030379825, 1.0, 1.0, 0.9532616077763247, 1.0, 1.0, 1.0, 1.0, 0.9532616077763247, 1.0, 1.0, 1.0]
Finish training and take 10m
