Namespace(log_name='./sstubs/1/hard3_codet5p_220m.log', model_name='Salesforce/codet5p-220m', lang='java', output_dir='sstubs/1/hard3_codet5p_220m', data_dir='./data/sstubs/1', no_cuda=False, visible_gpu='0', num_train_epochs=10, num_test_epochs=1, train_batch_size=4, eval_batch_size=4, gradient_accumulation_steps=1, load_model_path=None, config_name='', tokenizer_name='', max_source_length=512, max_target_length=512, warm_up_ratio=0.1, do_train=True, do_eval=True, do_test=True, freeze=False, learning_rate=5e-05, beam_size=10, weight_decay=0.0, adam_epsilon=1e-08, local_rank=-1, seed=42, early_stop_threshold=3)
Process rank: -1, device: cuda, n_gpu: 1, distributed training: False
Model created!!
[[{'text': 'Fix', 'loss_ids': 0, 'shortenable_ids': 0}, {'text': ' appendToBody.ret();      }     private void generateHashPositionMethod(ClassDefinition classDefinition, CallSiteBinder callSiteBinder, List<Type> joinChannelTypes, List<FieldDefinition> joinChannelFields, FieldDefinition hashChannelField)      {          Parameter blockIndex = arg("blockIndex", int.class);          Parameter blockPosition = arg("blockPosition", int.class);', 'loss_ids': 0, 'shortenable_ids': 1}, {'text': ' fixed program is', 'loss_ids': 0, 'shortenable_ids': 0}, {'text': '<mask>', 'loss_ids': 1, 'shortenable_ids': 0}], {'guid': 0, 'tgt_text': 'appendToBody.ret();      }     private static void generateHashPositionMethod(ClassDefinition classDefinition, CallSiteBinder callSiteBinder, List<Type> joinChannelTypes, List<FieldDefinition> joinChannelFields, FieldDefinition hashChannelField)      {          Parameter blockIndex = arg("blockIndex", int.class);          Parameter blockPosition = arg("blockPosition", int.class);'}]
***** Running training *****
  Num examples = 223
  Batch size = 4
  Num epoch = 10

***** Running evaluation *****
  Num examples = 28
  Batch size = 4
  epoch = 0
  eval_ppl = 3.581198324390128e+97
  global_step = 57
  train_loss = 18.2608
  ********************
Previous best ppl:inf
Achieve Best ppl:3.581198324390128e+97
  ********************
BLEU file: ./data/sstubs/1/validation.jsonl
  codebleu-4 = 92.94 	 Previous best codebleu 0
  ********************
 Achieve Best bleu:92.94
  ********************

***** Running evaluation *****
  Num examples = 28
  Batch size = 4
  epoch = 1
  eval_ppl = 1.3671720552311212e+98
  global_step = 113
  train_loss = 4.731
  ********************
Previous best ppl:3.581198324390128e+97
BLEU file: ./data/sstubs/1/validation.jsonl
  codebleu-4 = 93.78 	 Previous best codebleu 92.94
  ********************
 Achieve Best bleu:93.78
  ********************

***** Running evaluation *****
  Num examples = 28
  Batch size = 4
  epoch = 2
  eval_ppl = 6.9189930193855545e+100
  global_step = 169
  train_loss = 2.454
  ********************
Previous best ppl:3.581198324390128e+97
BLEU file: ./data/sstubs/1/validation.jsonl
  codebleu-4 = 92.65 	 Previous best codebleu 93.78
  ********************

***** Running evaluation *****
  Num examples = 28
  Batch size = 4
  epoch = 3
  eval_ppl = 1.5302487706944633e+105
  global_step = 225
  train_loss = 1.6428
  ********************
Previous best ppl:3.581198324390128e+97
BLEU file: ./data/sstubs/1/validation.jsonl
  codebleu-4 = 94.41 	 Previous best codebleu 93.78
  ********************
 Achieve Best bleu:94.41
  ********************

***** Running evaluation *****
  Num examples = 28
  Batch size = 4
  epoch = 4
  eval_ppl = 3.0604044432435503e+108
  global_step = 281
  train_loss = 1.0666
  ********************
Previous best ppl:3.581198324390128e+97
BLEU file: ./data/sstubs/1/validation.jsonl
  codebleu-4 = 94.68 	 Previous best codebleu 94.41
  ********************
 Achieve Best bleu:94.68
  ********************

***** Running evaluation *****
  Num examples = 28
  Batch size = 4
  epoch = 5
  eval_ppl = 2.0326827157471416e+109
  global_step = 337
  train_loss = 0.6872
  ********************
Previous best ppl:3.581198324390128e+97
BLEU file: ./data/sstubs/1/validation.jsonl
  codebleu-4 = 93.96 	 Previous best codebleu 94.68
  ********************

***** Running evaluation *****
  Num examples = 28
  Batch size = 4
  epoch = 6
  eval_ppl = 1.5556141073234364e+110
  global_step = 393
  train_loss = 0.3676
  ********************
Previous best ppl:3.581198324390128e+97
BLEU file: ./data/sstubs/1/validation.jsonl
  codebleu-4 = 94.21 	 Previous best codebleu 94.68
  ********************

***** Running evaluation *****
  Num examples = 28
  Batch size = 4
  epoch = 7
  eval_ppl = 2.023918373005314e+111
  global_step = 449
  train_loss = 0.347
  ********************
Previous best ppl:3.581198324390128e+97
BLEU file: ./data/sstubs/1/validation.jsonl
  codebleu-4 = 93.96 	 Previous best codebleu 94.68
  ********************
early stopping!!!
reload model from sstubs/1/hard3_codet5p_220m/checkpoint-best-bleu
BLEU file: ./data/sstubs/1/test.jsonl
  codebleu = 94.84 
  Total = 27 
  Exact Fixed = 15 
[1, 4, 5, 6, 7, 9, 12, 13, 16, 17, 20, 21, 24, 26, 27]
  Syntax Fixed = 0 
[]
  Cleaned Fixed = 0 
[]
  ********************
  Total = 27 
  Exact Fixed = 15 
[1, 4, 5, 6, 7, 9, 12, 13, 16, 17, 20, 21, 24, 26, 27]
  Syntax Fixed = 0 
[]
  Cleaned Fixed = 0 
[]
  codebleu = 94.84 
[1.0, 0.9245037448286011, 0.8389213653390948, 1.0, 1.0, 1.0, 1.0, 0.9315722311515438, 1.0, 0.6704145208713238, 0.8910871854638854, 1.0, 1.0, 0.8158463815378669, 0.9136815104017959, 1.0, 1.0, 0.9521775318277603, 0.8955980328281301, 1.0, 1.0, 0.9273308669742027, 0.9120033353993269, 1.0, 0.9339261075829457, 1.0, 1.0]
Finish training and take 3m
Namespace(log_name='./result/sstubs/1/hard3_codet5p_220m.log', model_name='Salesforce/codet5p-220m', lang='java', output_dir='result/sstubs/1/hard3_codet5p_220m', data_dir='./data/sstubs/1', no_cuda=False, visible_gpu='0', num_train_epochs=10, num_test_epochs=1, train_batch_size=4, eval_batch_size=4, gradient_accumulation_steps=1, load_model_path=None, config_name='', tokenizer_name='', max_source_length=512, max_target_length=512, warm_up_ratio=0.1, do_train=True, do_eval=True, do_test=True, freeze=False, learning_rate=5e-05, beam_size=10, weight_decay=0.0, adam_epsilon=1e-08, local_rank=-1, seed=42, early_stop_threshold=3)
Process rank: -1, device: cuda, n_gpu: 1, distributed training: False
Model created!!
[[{'text': 'Fix', 'loss_ids': 0, 'shortenable_ids': 0}, {'text': ' CLIENT.user_unpinFile(id);    }   public void worker_addCheckpoint(long workerId, int fileId, long fileSizeBytes,         String checkpointPath)             throws FileDoesNotExistException, SuspectedFileSizeException, TException {      CLIENT.worker_addCheckpoint(workerId, fileId, fileSizeBytes, checkpointPath);    }   public void worker_cachedFile(long workerId, long workerUsedBytes, int fileId,         long fileSizeBytes) throws FileDoesNotExistException, SuspectedFileSizeException, TException {      CLIENT.worker_cacheFile(workerId, workerUsedBytes, fileId, fileSizeBytes);    }', 'loss_ids': 0, 'shortenable_ids': 1}, {'text': ' fixed program is', 'loss_ids': 0, 'shortenable_ids': 0}, {'text': '<mask>', 'loss_ids': 1, 'shortenable_ids': 0}], {'guid': 0, 'tgt_text': 'CLIENT.user_unpinFile(id);    }   public synchronized void worker_addCheckpoint(long workerId, int fileId, long fileSizeBytes,         String checkpointPath)             throws FileDoesNotExistException, SuspectedFileSizeException, TException {      CLIENT.worker_addCheckpoint(workerId, fileId, fileSizeBytes, checkpointPath);    }   public synchronized void worker_cachedFile(long workerId, long workerUsedBytes, int fileId,         long fileSizeBytes) throws FileDoesNotExistException, SuspectedFileSizeException, TException {      CLIENT.worker_cacheFile(workerId, workerUsedBytes, fileId, fileSizeBytes);    }'}]
***** Running training *****
  Num examples = 260
  Batch size = 4
  Num epoch = 10

***** Running evaluation *****
  Num examples = 32
  Batch size = 4
  epoch = 0
  eval_ppl = 1.1668948338956263e+112
  global_step = 66
  train_loss = 17.7697
  ********************
Previous best ppl:inf
Achieve Best ppl:1.1668948338956263e+112
  ********************
BLEU file: ./data/sstubs/1/validation.jsonl
  codebleu-4 = 92.89 	 Previous best codebleu 0
  ********************
 Achieve Best bleu:92.89
  ********************

***** Running evaluation *****
  Num examples = 32
  Batch size = 4
  epoch = 1
  eval_ppl = 5.410092916652819e+119
  global_step = 131
  train_loss = 5.0558
  ********************
Previous best ppl:1.1668948338956263e+112
BLEU file: ./data/sstubs/1/validation.jsonl
  codebleu-4 = 94.89 	 Previous best codebleu 92.89
  ********************
 Achieve Best bleu:94.89
  ********************

***** Running evaluation *****
  Num examples = 32
  Batch size = 4
  epoch = 2
  eval_ppl = 2.2073053740900367e+123
  global_step = 196
  train_loss = 2.6615
  ********************
Previous best ppl:1.1668948338956263e+112
BLEU file: ./data/sstubs/1/validation.jsonl
  codebleu-4 = 95.13 	 Previous best codebleu 94.89
  ********************
 Achieve Best bleu:95.13
  ********************

***** Running evaluation *****
  Num examples = 32
  Batch size = 4
  epoch = 3
  eval_ppl = 2.5590582141294543e+126
  global_step = 261
  train_loss = 2.0252
  ********************
Previous best ppl:1.1668948338956263e+112
BLEU file: ./data/sstubs/1/validation.jsonl
  codebleu-4 = 94.28 	 Previous best codebleu 95.13
  ********************

***** Running evaluation *****
  Num examples = 32
  Batch size = 4
  epoch = 4
  eval_ppl = 8.4604507199549235e+127
  global_step = 326
  train_loss = 1.129
  ********************
Previous best ppl:1.1668948338956263e+112
BLEU file: ./data/sstubs/1/validation.jsonl
  codebleu-4 = 94.22 	 Previous best codebleu 95.13
  ********************

***** Running evaluation *****
  Num examples = 32
  Batch size = 4
  epoch = 5
  eval_ppl = 4.274748386759993e+129
  global_step = 391
  train_loss = 0.5791
  ********************
Previous best ppl:1.1668948338956263e+112
BLEU file: ./data/sstubs/1/validation.jsonl
  codebleu-4 = 93.84 	 Previous best codebleu 95.13
  ********************
early stopping!!!
reload model from result/sstubs/1/hard3_codet5p_220m/checkpoint-best-bleu
BLEU file: ./data/sstubs/1/test.jsonl
  codebleu = 92.56 
  Total = 32 
  Exact Fixed = 19 
[5, 6, 8, 10, 14, 15, 16, 19, 22, 23, 24, 25, 26, 27, 28, 29, 30, 31, 32]
  Syntax Fixed = 0 
[]
  Cleaned Fixed = 0 
[]
  ********************
  Total = 32 
  Exact Fixed = 19 
[5, 6, 8, 10, 14, 15, 16, 19, 22, 23, 24, 25, 26, 27, 28, 29, 30, 31, 32]
  Syntax Fixed = 0 
[]
  Cleaned Fixed = 0 
[]
  codebleu = 92.56 
[0.8824709043482357, 0.9370576952964131, 0.8230182155863233, 0.837899604900433, 1.0, 1.0, 0.7308217159428345, 1.0, 0.9546221339246326, 1.0, 0.9383022364276514, 0.8107613352737074, 0.6772264301009557, 1.0, 1.0, 1.0, 0.9372561368734473, 0.9136815104017959, 1.0, 0.7016265496309229, 0.8688918550727496, 1.0, 1.0, 0.8032616077763247, 1.0, 1.0, 1.0, 1.0, 0.8032616077763247, 1.0, 1.0, 1.0]
Finish training and take 4m
