Namespace(log_name='./result/sstubs/1/random2_codet5p_220m.log', model_name='Salesforce/codet5p-220m', lang='java', output_dir='result/sstubs/1/random2_codet5p_220m', data_dir='./data/sstubs/1', no_cuda=False, visible_gpu='0', num_train_epochs=10, num_test_epochs=1, train_batch_size=4, eval_batch_size=4, gradient_accumulation_steps=1, load_model_path=None, config_name='', tokenizer_name='', max_source_length=512, max_target_length=512, warm_up_ratio=0.1, do_train=True, do_eval=True, do_test=True, freeze=False, learning_rate=5e-05, beam_size=10, weight_decay=0.0, adam_epsilon=1e-08, local_rank=-1, seed=42, early_stop_threshold=3)
Process rank: -1, device: cuda, n_gpu: 1, distributed training: False
Model created!!
[[{'text': 'Fix the bug in', 'loss_ids': 0, 'shortenable_ids': 0}, {'text': ' CLIENT.user_unpinFile(id);    }   public void worker_addCheckpoint(long workerId, int fileId, long fileSizeBytes,         String checkpointPath)             throws FileDoesNotExistException, SuspectedFileSizeException, TException {      CLIENT.worker_addCheckpoint(workerId, fileId, fileSizeBytes, checkpointPath);    }   public void worker_cachedFile(long workerId, long workerUsedBytes, int fileId,         long fileSizeBytes) throws FileDoesNotExistException, SuspectedFileSizeException, TException {      CLIENT.worker_cacheFile(workerId, workerUsedBytes, fileId, fileSizeBytes);    }', 'loss_ids': 0, 'shortenable_ids': 1}, {'text': '<mask>', 'loss_ids': 1, 'shortenable_ids': 0}], {'guid': 0, 'tgt_text': 'CLIENT.user_unpinFile(id);    }   public synchronized void worker_addCheckpoint(long workerId, int fileId, long fileSizeBytes,         String checkpointPath)             throws FileDoesNotExistException, SuspectedFileSizeException, TException {      CLIENT.worker_addCheckpoint(workerId, fileId, fileSizeBytes, checkpointPath);    }   public synchronized void worker_cachedFile(long workerId, long workerUsedBytes, int fileId,         long fileSizeBytes) throws FileDoesNotExistException, SuspectedFileSizeException, TException {      CLIENT.worker_cacheFile(workerId, workerUsedBytes, fileId, fileSizeBytes);    }'}]
***** Running training *****
  Num examples = 260
  Batch size = 4
  Num epoch = 10

***** Running evaluation *****
  Num examples = 32
  Batch size = 4
  epoch = 0
  eval_ppl = 3.553300310245234e+111
  global_step = 66
  train_loss = 18.9405
  ********************
Previous best ppl:inf
Achieve Best ppl:3.553300310245234e+111
  ********************
BLEU file: ./data/sstubs/1/validation.jsonl
  codebleu-4 = 88.67 	 Previous best codebleu 0
  ********************
 Achieve Best bleu:88.67
  ********************

***** Running evaluation *****
  Num examples = 32
  Batch size = 4
  epoch = 1
  eval_ppl = 5.112607591976109e+119
  global_step = 131
  train_loss = 5.0087
  ********************
Previous best ppl:3.553300310245234e+111
BLEU file: ./data/sstubs/1/validation.jsonl
  codebleu-4 = 93.96 	 Previous best codebleu 88.67
  ********************
 Achieve Best bleu:93.96
  ********************

***** Running evaluation *****
  Num examples = 32
  Batch size = 4
  epoch = 2
  eval_ppl = 5.911905225075756e+124
  global_step = 196
  train_loss = 3.1269
  ********************
Previous best ppl:3.553300310245234e+111
BLEU file: ./data/sstubs/1/validation.jsonl
  codebleu-4 = 90.94 	 Previous best codebleu 93.96
  ********************

***** Running evaluation *****
  Num examples = 32
  Batch size = 4
  epoch = 3
  eval_ppl = 1.4121820069794734e+130
  global_step = 261
  train_loss = 1.8984
  ********************
Previous best ppl:3.553300310245234e+111
BLEU file: ./data/sstubs/1/validation.jsonl
  codebleu-4 = 93.75 	 Previous best codebleu 93.96
  ********************

***** Running evaluation *****
  Num examples = 32
  Batch size = 4
  epoch = 4
  eval_ppl = 1.0658586791543929e+133
  global_step = 326
  train_loss = 1.0601
  ********************
Previous best ppl:3.553300310245234e+111
BLEU file: ./data/sstubs/1/validation.jsonl
  codebleu-4 = 94.25 	 Previous best codebleu 93.96
  ********************
 Achieve Best bleu:94.25
  ********************

***** Running evaluation *****
  Num examples = 32
  Batch size = 4
  epoch = 5
  eval_ppl = 2.6041095252977243e+132
  global_step = 391
  train_loss = 0.6194
  ********************
Previous best ppl:3.553300310245234e+111
BLEU file: ./data/sstubs/1/validation.jsonl
  codebleu-4 = 91.06 	 Previous best codebleu 94.25
  ********************

***** Running evaluation *****
  Num examples = 32
  Batch size = 4
  epoch = 6
  eval_ppl = 1.288886097304598e+131
  global_step = 456
  train_loss = 0.5154
  ********************
Previous best ppl:3.553300310245234e+111
BLEU file: ./data/sstubs/1/validation.jsonl
  codebleu-4 = 94.05 	 Previous best codebleu 94.25
  ********************

***** Running evaluation *****
  Num examples = 32
  Batch size = 4
  epoch = 7
  eval_ppl = 1.1251443066464864e+133
  global_step = 521
  train_loss = 0.3213
  ********************
Previous best ppl:3.553300310245234e+111
BLEU file: ./data/sstubs/1/validation.jsonl
  codebleu-4 = 94.11 	 Previous best codebleu 94.25
  ********************
early stopping!!!
reload model from result/sstubs/1/random2_codet5p_220m/checkpoint-best-bleu
BLEU file: ./data/sstubs/1/test.jsonl
  codebleu = 93.06 
  Total = 32 
  Exact Fixed = 19 
[5, 6, 8, 10, 12, 15, 16, 19, 22, 23, 24, 25, 26, 27, 28, 29, 30, 31, 32]
  Syntax Fixed = 0 
[]
  Cleaned Fixed = 0 
[]
  ********************
  Total = 32 
  Exact Fixed = 19 
[5, 6, 8, 10, 12, 15, 16, 19, 22, 23, 24, 25, 26, 27, 28, 29, 30, 31, 32]
  Syntax Fixed = 0 
[]
  Cleaned Fixed = 0 
[]
  codebleu = 93.06 
[0.8824709043482357, 0.9370576952964131, 0.7855182155863232, 0.837899604900433, 1.0, 1.0, 0.7308217159428345, 1.0, 0.9546221339246326, 1.0, 0.9383022364276514, 1.0, 0.6772264301009557, 0.9269395879040603, 1.0, 1.0, 0.9372561368734473, 0.9136815104017959, 1.0, 0.7016265496309229, 0.9493239030379825, 1.0, 1.0, 0.8032616077763247, 1.0, 1.0, 1.0, 1.0, 0.8032616077763247, 1.0, 1.0, 1.0]
Finish training and take 4m
