Namespace(log_name='./result/sstubs/1/random1_codet5p_770m.log', model_name='Salesforce/codet5p-770m', lang='java', output_dir='result/sstubs/1/random1_codet5p_770m', data_dir='./data/sstubs/1', no_cuda=False, visible_gpu='0', num_train_epochs=10, num_test_epochs=1, train_batch_size=4, eval_batch_size=4, gradient_accumulation_steps=1, load_model_path=None, config_name='', tokenizer_name='', max_source_length=512, max_target_length=512, warm_up_ratio=0.1, do_train=True, do_eval=True, do_test=True, freeze=False, learning_rate=5e-05, beam_size=10, weight_decay=0.0, adam_epsilon=1e-08, local_rank=-1, seed=42, early_stop_threshold=3)
Process rank: -1, device: cuda, n_gpu: 1, distributed training: False
Model created!!
[[{'text': 'CLIENT.user_unpinFile(id);    }   public void worker_addCheckpoint(long workerId, int fileId, long fileSizeBytes,         String checkpointPath)             throws FileDoesNotExistException, SuspectedFileSizeException, TException {      CLIENT.worker_addCheckpoint(workerId, fileId, fileSizeBytes, checkpointPath);    }   public void worker_cachedFile(long workerId, long workerUsedBytes, int fileId,         long fileSizeBytes) throws FileDoesNotExistException, SuspectedFileSizeException, TException {      CLIENT.worker_cacheFile(workerId, workerUsedBytes, fileId, fileSizeBytes);    }', 'loss_ids': 0, 'shortenable_ids': 1}, {'text': 'the fixed version is', 'loss_ids': 0, 'shortenable_ids': 0}, {'text': '<mask>', 'loss_ids': 1, 'shortenable_ids': 0}], {'guid': 0, 'tgt_text': 'CLIENT.user_unpinFile(id);    }   public synchronized void worker_addCheckpoint(long workerId, int fileId, long fileSizeBytes,         String checkpointPath)             throws FileDoesNotExistException, SuspectedFileSizeException, TException {      CLIENT.worker_addCheckpoint(workerId, fileId, fileSizeBytes, checkpointPath);    }   public synchronized void worker_cachedFile(long workerId, long workerUsedBytes, int fileId,         long fileSizeBytes) throws FileDoesNotExistException, SuspectedFileSizeException, TException {      CLIENT.worker_cacheFile(workerId, workerUsedBytes, fileId, fileSizeBytes);    }'}]
***** Running training *****
  Num examples = 260
  Batch size = 4
  Num epoch = 10

***** Running evaluation *****
  Num examples = 32
  Batch size = 4
  epoch = 0
  eval_ppl = 3.068479838078674e+114
  global_step = 66
  train_loss = 16.5005
  ********************
Previous best ppl:inf
Achieve Best ppl:3.068479838078674e+114
  ********************
BLEU file: ./data/sstubs/1/validation.jsonl
  codebleu-4 = 90.48 	 Previous best codebleu 0
  ********************
 Achieve Best bleu:90.48
  ********************

***** Running evaluation *****
  Num examples = 32
  Batch size = 4
  epoch = 1
  eval_ppl = 1.1349916980343114e+113
  global_step = 131
  train_loss = 4.2534
  ********************
Previous best ppl:3.068479838078674e+114
Achieve Best ppl:1.1349916980343114e+113
  ********************
BLEU file: ./data/sstubs/1/validation.jsonl
  codebleu-4 = 93.11 	 Previous best codebleu 90.48
  ********************
 Achieve Best bleu:93.11
  ********************

***** Running evaluation *****
  Num examples = 32
  Batch size = 4
  epoch = 2
  eval_ppl = 4.386108570174173e+111
  global_step = 196
  train_loss = 2.0792
  ********************
Previous best ppl:1.1349916980343114e+113
Achieve Best ppl:4.386108570174173e+111
  ********************
BLEU file: ./data/sstubs/1/validation.jsonl
  codebleu-4 = 90.28 	 Previous best codebleu 93.11
  ********************

***** Running evaluation *****
  Num examples = 32
  Batch size = 4
  epoch = 3
  eval_ppl = 2.617980261504054e+114
  global_step = 261
  train_loss = 2.1498
  ********************
Previous best ppl:4.386108570174173e+111
BLEU file: ./data/sstubs/1/validation.jsonl
  codebleu-4 = 92.7 	 Previous best codebleu 93.11
  ********************

***** Running evaluation *****
  Num examples = 32
  Batch size = 4
  epoch = 4
  eval_ppl = 3.559660928669229e+121
  global_step = 326
  train_loss = 1.1319
  ********************
Previous best ppl:4.386108570174173e+111
BLEU file: ./data/sstubs/1/validation.jsonl
  codebleu-4 = 93.28 	 Previous best codebleu 93.11
  ********************
 Achieve Best bleu:93.28
  ********************

***** Running evaluation *****
  Num examples = 32
  Batch size = 4
  epoch = 5
  eval_ppl = 1.5071249483265298e+116
  global_step = 391
  train_loss = 0.6524
  ********************
Previous best ppl:4.386108570174173e+111
BLEU file: ./data/sstubs/1/validation.jsonl
  codebleu-4 = 94.09 	 Previous best codebleu 93.28
  ********************
 Achieve Best bleu:94.09
  ********************

***** Running evaluation *****
  Num examples = 32
  Batch size = 4
  epoch = 6
  eval_ppl = 3.590463024104971e+118
  global_step = 456
  train_loss = 0.4509
  ********************
Previous best ppl:4.386108570174173e+111
BLEU file: ./data/sstubs/1/validation.jsonl
  codebleu-4 = 94.09 	 Previous best codebleu 94.09
  ********************

***** Running evaluation *****
  Num examples = 32
  Batch size = 4
  epoch = 7
  eval_ppl = 2.170634680095221e+118
  global_step = 521
  train_loss = 0.1738
  ********************
Previous best ppl:4.386108570174173e+111
BLEU file: ./data/sstubs/1/validation.jsonl
  codebleu-4 = 94.07 	 Previous best codebleu 94.09
  ********************

***** Running evaluation *****
  Num examples = 32
  Batch size = 4
  epoch = 8
  eval_ppl = 1.6655472179264986e+118
  global_step = 586
  train_loss = 0.1386
  ********************
Previous best ppl:4.386108570174173e+111
BLEU file: ./data/sstubs/1/validation.jsonl
  codebleu-4 = 94.07 	 Previous best codebleu 94.09
  ********************
early stopping!!!
reload model from result/sstubs/1/random1_codet5p_770m/checkpoint-best-bleu
BLEU file: ./data/sstubs/1/test.jsonl
  codebleu = 91.77 
  Total = 32 
  Exact Fixed = 18 
[5, 6, 8, 10, 14, 15, 16, 19, 22, 23, 24, 25, 26, 27, 29, 30, 31, 32]
  Syntax Fixed = 0 
[]
  Cleaned Fixed = 0 
[]
  ********************
  Total = 32 
  Exact Fixed = 18 
[5, 6, 8, 10, 14, 15, 16, 19, 22, 23, 24, 25, 26, 27, 29, 30, 31, 32]
  Syntax Fixed = 0 
[]
  Cleaned Fixed = 0 
[]
  codebleu = 91.77 
[0.8561340786437819, 0.9370576952964131, 0.8230182155863233, 0.837899604900433, 1.0, 1.0, 0.7308217159428345, 1.0, 0.6303364196389183, 1.0, 0.9383022364276514, 0.8107613352737074, 0.6772264301009557, 1.0, 1.0, 1.0, 0.9372561368734473, 0.827377881272203, 1.0, 0.7016265496309229, 0.9493239030379825, 1.0, 1.0, 0.8782616077763247, 1.0, 1.0, 1.0, 0.9514967635709539, 0.8782616077763247, 1.0, 1.0, 1.0]
Finish training and take 15m
