Namespace(log_name='./result/sstubs/1/random3_codet5p_770m.log', model_name='Salesforce/codet5p-770m', lang='java', output_dir='result/sstubs/1/random3_codet5p_770m', data_dir='./data/sstubs/1', no_cuda=False, visible_gpu='0', num_train_epochs=10, num_test_epochs=1, train_batch_size=4, eval_batch_size=4, gradient_accumulation_steps=1, load_model_path=None, config_name='', tokenizer_name='', max_source_length=1024, max_target_length=1024, warm_up_ratio=0.1, do_train=True, do_eval=True, do_test=True, freeze=False, learning_rate=5e-05, beam_size=10, weight_decay=0.0, adam_epsilon=1e-08, local_rank=-1, seed=42, early_stop_threshold=3)
Process rank: -1, device: cuda, n_gpu: 1, distributed training: False
Model created!!
Namespace(log_name='./result/sstubs/1/random3_codet5p_770m.log', model_name='Salesforce/codet5p-770m', lang='java', output_dir='result/sstubs/1/random3_codet5p_770m', data_dir='./data/sstubs/1', no_cuda=False, visible_gpu='0', num_train_epochs=10, num_test_epochs=1, train_batch_size=4, eval_batch_size=4, gradient_accumulation_steps=1, load_model_path=None, config_name='', tokenizer_name='', max_source_length=512, max_target_length=512, warm_up_ratio=0.1, do_train=True, do_eval=True, do_test=True, freeze=False, learning_rate=5e-05, beam_size=10, weight_decay=0.0, adam_epsilon=1e-08, local_rank=-1, seed=42, early_stop_threshold=3)
Process rank: -1, device: cuda, n_gpu: 1, distributed training: False
Model created!!
[[{'text': 'Fix the bug in', 'loss_ids': 0, 'shortenable_ids': 0}, {'text': ' CLIENT.user_unpinFile(id);    }   public void worker_addCheckpoint(long workerId, int fileId, long fileSizeBytes,         String checkpointPath)             throws FileDoesNotExistException, SuspectedFileSizeException, TException {      CLIENT.worker_addCheckpoint(workerId, fileId, fileSizeBytes, checkpointPath);    }   public void worker_cachedFile(long workerId, long workerUsedBytes, int fileId,         long fileSizeBytes) throws FileDoesNotExistException, SuspectedFileSizeException, TException {      CLIENT.worker_cacheFile(workerId, workerUsedBytes, fileId, fileSizeBytes);    }', 'loss_ids': 0, 'shortenable_ids': 1}, {'text': '<mask>', 'loss_ids': 1, 'shortenable_ids': 0}], {'guid': 0, 'tgt_text': 'CLIENT.user_unpinFile(id);    }   public synchronized void worker_addCheckpoint(long workerId, int fileId, long fileSizeBytes,         String checkpointPath)             throws FileDoesNotExistException, SuspectedFileSizeException, TException {      CLIENT.worker_addCheckpoint(workerId, fileId, fileSizeBytes, checkpointPath);    }   public synchronized void worker_cachedFile(long workerId, long workerUsedBytes, int fileId,         long fileSizeBytes) throws FileDoesNotExistException, SuspectedFileSizeException, TException {      CLIENT.worker_cacheFile(workerId, workerUsedBytes, fileId, fileSizeBytes);    }'}]
***** Running training *****
  Num examples = 260
  Batch size = 4
  Num epoch = 10

***** Running evaluation *****
  Num examples = 32
  Batch size = 4
  epoch = 0
  eval_ppl = 2.77685350851925e+105
  global_step = 66
  train_loss = 16.9421
  ********************
Previous best ppl:inf
Achieve Best ppl:2.77685350851925e+105
  ********************
BLEU file: ./data/sstubs/1/validation.jsonl
  codebleu-4 = 93.76 	 Previous best codebleu 0
  ********************
 Achieve Best bleu:93.76
  ********************

***** Running evaluation *****
  Num examples = 32
  Batch size = 4
  epoch = 1
  eval_ppl = 1.2511956619148013e+104
  global_step = 131
  train_loss = 3.8145
  ********************
Previous best ppl:2.77685350851925e+105
Achieve Best ppl:1.2511956619148013e+104
  ********************
BLEU file: ./data/sstubs/1/validation.jsonl
  codebleu-4 = 93.43 	 Previous best codebleu 93.76
  ********************

***** Running evaluation *****
  Num examples = 32
  Batch size = 4
  epoch = 2
  eval_ppl = 4.57378227634671e+106
  global_step = 196
  train_loss = 1.6508
  ********************
Previous best ppl:1.2511956619148013e+104
BLEU file: ./data/sstubs/1/validation.jsonl
  codebleu-4 = 92.86 	 Previous best codebleu 93.76
  ********************

***** Running evaluation *****
  Num examples = 32
  Batch size = 4
  epoch = 3
  eval_ppl = 8.588480244396657e+110
  global_step = 261
  train_loss = 0.9916
  ********************
Previous best ppl:1.2511956619148013e+104
BLEU file: ./data/sstubs/1/validation.jsonl
  codebleu-4 = 92.06 	 Previous best codebleu 93.76
  ********************

***** Running evaluation *****
  Num examples = 32
  Batch size = 4
  epoch = 4
  eval_ppl = 2.4455392219549687e+104
  global_step = 326
  train_loss = 0.539
  ********************
Previous best ppl:1.2511956619148013e+104
BLEU file: ./data/sstubs/1/validation.jsonl
  codebleu-4 = 94.34 	 Previous best codebleu 93.76
  ********************
 Achieve Best bleu:94.34
  ********************

***** Running evaluation *****
  Num examples = 32
  Batch size = 4
  epoch = 5
  eval_ppl = 1.6597702240854786e+108
  global_step = 391
  train_loss = 0.4122
  ********************
Previous best ppl:1.2511956619148013e+104
BLEU file: ./data/sstubs/1/validation.jsonl
  codebleu-4 = 94.58 	 Previous best codebleu 94.34
  ********************
 Achieve Best bleu:94.58
  ********************

***** Running evaluation *****
  Num examples = 32
  Batch size = 4
  epoch = 6
  eval_ppl = 9.51831991220658e+110
  global_step = 456
  train_loss = 0.2362
  ********************
Previous best ppl:1.2511956619148013e+104
BLEU file: ./data/sstubs/1/validation.jsonl
  codebleu-4 = 94.29 	 Previous best codebleu 94.58
  ********************

***** Running evaluation *****
  Num examples = 32
  Batch size = 4
  epoch = 7
  eval_ppl = 1.5313892483986503e+111
  global_step = 521
  train_loss = 0.1251
  ********************
Previous best ppl:1.2511956619148013e+104
BLEU file: ./data/sstubs/1/validation.jsonl
  codebleu-4 = 94.29 	 Previous best codebleu 94.58
  ********************

***** Running evaluation *****
  Num examples = 32
  Batch size = 4
  epoch = 8
  eval_ppl = 2.586326267516285e+111
  global_step = 586
  train_loss = 0.1088
  ********************
Previous best ppl:1.2511956619148013e+104
BLEU file: ./data/sstubs/1/validation.jsonl
  codebleu-4 = 94.24 	 Previous best codebleu 94.58
  ********************
early stopping!!!
reload model from result/sstubs/1/random3_codet5p_770m/checkpoint-best-bleu
BLEU file: ./data/sstubs/1/test.jsonl
  codebleu = 91.96 
  Total = 32 
  Exact Fixed = 19 
[5, 6, 8, 10, 12, 15, 16, 19, 22, 23, 24, 25, 26, 27, 28, 29, 30, 31, 32]
  Syntax Fixed = 0 
[]
  Cleaned Fixed = 0 
[]
  ********************
  Total = 32 
  Exact Fixed = 19 
[5, 6, 8, 10, 12, 15, 16, 19, 22, 23, 24, 25, 26, 27, 28, 29, 30, 31, 32]
  Syntax Fixed = 0 
[]
  Cleaned Fixed = 0 
[]
  codebleu = 91.96 
[0.8561340786437819, 0.9370576952964131, 0.7855182155863232, 0.837899604900433, 1.0, 1.0, 0.7308217159428345, 1.0, 0.6303364196389183, 1.0, 0.9383022364276514, 1.0, 0.6772264301009557, 0.9269395879040603, 1.0, 1.0, 0.9372561368734473, 0.9136815104017959, 1.0, 0.7016265496309229, 0.9493239030379825, 1.0, 1.0, 0.8032616077763247, 1.0, 1.0, 1.0, 1.0, 0.8032616077763247, 1.0, 1.0, 1.0]
Finish training and take 10m
Namespace(log_name='./result/sstubs/1/random3_codet5p_770m.log', model_name='Salesforce/codet5p-770m', lang='java', output_dir='result/sstubs/1/random3_codet5p_770m', data_dir='./data/sstubs/1', no_cuda=False, visible_gpu='0', num_train_epochs=10, num_test_epochs=1, train_batch_size=4, eval_batch_size=4, gradient_accumulation_steps=1, load_model_path=None, config_name='', tokenizer_name='', max_source_length=512, max_target_length=512, warm_up_ratio=0.1, do_train=True, do_eval=True, do_test=True, freeze=False, learning_rate=5e-05, beam_size=10, weight_decay=0.0, adam_epsilon=1e-08, local_rank=-1, seed=42, early_stop_threshold=3)
Process rank: -1, device: cuda, n_gpu: 1, distributed training: False
Model created!!
[[{'text': 'Fix', 'loss_ids': 0, 'shortenable_ids': 0}, {'text': ' CLIENT.user_unpinFile(id);    }   public void worker_addCheckpoint(long workerId, int fileId, long fileSizeBytes,         String checkpointPath)             throws FileDoesNotExistException, SuspectedFileSizeException, TException {      CLIENT.worker_addCheckpoint(workerId, fileId, fileSizeBytes, checkpointPath);    }   public void worker_cachedFile(long workerId, long workerUsedBytes, int fileId,         long fileSizeBytes) throws FileDoesNotExistException, SuspectedFileSizeException, TException {      CLIENT.worker_cacheFile(workerId, workerUsedBytes, fileId, fileSizeBytes);    }', 'loss_ids': 0, 'shortenable_ids': 1}, {'text': 'fixed program is', 'loss_ids': 0, 'shortenable_ids': 0}, {'text': '<mask>', 'loss_ids': 1, 'shortenable_ids': 0}], {'guid': 0, 'tgt_text': 'CLIENT.user_unpinFile(id);    }   public synchronized void worker_addCheckpoint(long workerId, int fileId, long fileSizeBytes,         String checkpointPath)             throws FileDoesNotExistException, SuspectedFileSizeException, TException {      CLIENT.worker_addCheckpoint(workerId, fileId, fileSizeBytes, checkpointPath);    }   public synchronized void worker_cachedFile(long workerId, long workerUsedBytes, int fileId,         long fileSizeBytes) throws FileDoesNotExistException, SuspectedFileSizeException, TException {      CLIENT.worker_cacheFile(workerId, workerUsedBytes, fileId, fileSizeBytes);    }'}]
***** Running training *****
  Num examples = 260
  Batch size = 4
  Num epoch = 10

***** Running evaluation *****
  Num examples = 32
  Batch size = 4
  epoch = 0
  eval_ppl = 9.704140379614281e+109
  global_step = 66
  train_loss = 15.0369
  ********************
Previous best ppl:inf
Achieve Best ppl:9.704140379614281e+109
  ********************
BLEU file: ./data/sstubs/1/validation.jsonl
  codebleu-4 = 88.51 	 Previous best codebleu 0
  ********************
 Achieve Best bleu:88.51
  ********************

***** Running evaluation *****
  Num examples = 32
  Batch size = 4
  epoch = 1
  eval_ppl = 1.1599237067767043e+110
  global_step = 131
  train_loss = 3.4025
  ********************
Previous best ppl:9.704140379614281e+109
BLEU file: ./data/sstubs/1/validation.jsonl
  codebleu-4 = 88.65 	 Previous best codebleu 88.51
  ********************
 Achieve Best bleu:88.65
  ********************

***** Running evaluation *****
  Num examples = 32
  Batch size = 4
  epoch = 2
  eval_ppl = 5.166385325432621e+119
  global_step = 196
  train_loss = 1.8385
  ********************
Previous best ppl:9.704140379614281e+109
BLEU file: ./data/sstubs/1/validation.jsonl
  codebleu-4 = 93.82 	 Previous best codebleu 88.65
  ********************
 Achieve Best bleu:93.82
  ********************

***** Running evaluation *****
  Num examples = 32
  Batch size = 4
  epoch = 3
  eval_ppl = 1.3263024269047615e+121
  global_step = 261
  train_loss = 1.3705
  ********************
Previous best ppl:9.704140379614281e+109
BLEU file: ./data/sstubs/1/validation.jsonl
  codebleu-4 = 93.59 	 Previous best codebleu 93.82
  ********************

***** Running evaluation *****
  Num examples = 32
  Batch size = 4
  epoch = 4
  eval_ppl = 2.03187439048522e+122
  global_step = 326
  train_loss = 0.6809
  ********************
Previous best ppl:9.704140379614281e+109
BLEU file: ./data/sstubs/1/validation.jsonl
  codebleu-4 = 93.7 	 Previous best codebleu 93.82
  ********************

***** Running evaluation *****
  Num examples = 32
  Batch size = 4
  epoch = 5
  eval_ppl = 9.180967495213221e+120
  global_step = 391
  train_loss = 0.5163
  ********************
Previous best ppl:9.704140379614281e+109
BLEU file: ./data/sstubs/1/validation.jsonl
  codebleu-4 = 93.95 	 Previous best codebleu 93.82
  ********************
 Achieve Best bleu:93.95
  ********************

***** Running evaluation *****
  Num examples = 32
  Batch size = 4
  epoch = 6
  eval_ppl = 1.5972198724385725e+118
  global_step = 456
  train_loss = 0.4017
  ********************
Previous best ppl:9.704140379614281e+109
BLEU file: ./data/sstubs/1/validation.jsonl
  codebleu-4 = 93.95 	 Previous best codebleu 93.95
  ********************

***** Running evaluation *****
  Num examples = 32
  Batch size = 4
  epoch = 7
  eval_ppl = 2.31099353989281e+136
  global_step = 521
  train_loss = 0.3759
  ********************
Previous best ppl:9.704140379614281e+109
BLEU file: ./data/sstubs/1/validation.jsonl
  codebleu-4 = 93.95 	 Previous best codebleu 93.95
  ********************

***** Running evaluation *****
  Num examples = 32
  Batch size = 4
  epoch = 8
  eval_ppl = 6.849338966714377e+142
  global_step = 586
  train_loss = 0.1505
  ********************
Previous best ppl:9.704140379614281e+109
BLEU file: ./data/sstubs/1/validation.jsonl
  codebleu-4 = 93.93 	 Previous best codebleu 93.95
  ********************
early stopping!!!
reload model from result/sstubs/1/random3_codet5p_770m/checkpoint-best-bleu
BLEU file: ./data/sstubs/1/test.jsonl
  codebleu = 92.73 
  Total = 32 
  Exact Fixed = 19 
[5, 6, 8, 10, 14, 15, 16, 19, 22, 23, 24, 25, 26, 27, 28, 29, 30, 31, 32]
  Syntax Fixed = 0 
[]
  Cleaned Fixed = 0 
[]
  ********************
  Total = 32 
  Exact Fixed = 19 
[5, 6, 8, 10, 14, 15, 16, 19, 22, 23, 24, 25, 26, 27, 28, 29, 30, 31, 32]
  Syntax Fixed = 0 
[]
  Cleaned Fixed = 0 
[]
  codebleu = 92.73 
[0.8561340786437819, 0.9370576952964131, 0.8230182155863233, 0.837899604900433, 1.0, 1.0, 0.7308217159428345, 1.0, 0.9546221339246326, 1.0, 0.9383022364276514, 0.8107613352737074, 0.6772264301009557, 1.0, 1.0, 1.0, 0.9372561368734473, 0.9136815104017959, 1.0, 0.7016265496309229, 0.9493239030379825, 1.0, 1.0, 0.8032616077763247, 1.0, 1.0, 1.0, 1.0, 0.8032616077763247, 1.0, 1.0, 1.0]
Finish training and take 11m
