Namespace(log_name='./result/sstubs/1/soft9_codet5p_220m.log', model_name='Salesforce/codet5p-220m', lang='java', output_dir='result/sstubs/1/soft9_codet5p_220m', data_dir='./data/sstubs/1', no_cuda=False, visible_gpu='0', choice=9, num_train_epochs=10, num_test_epochs=1, train_batch_size=4, eval_batch_size=4, gradient_accumulation_steps=1, load_model_path=None, config_name='', tokenizer_name='', max_source_length=512, max_target_length=512, warm_up_ratio=0.1, do_train=True, do_eval=True, do_test=True, freeze=False, learning_rate=5e-05, beam_size=10, weight_decay=0.0, adam_epsilon=1e-08, local_rank=-1, seed=42, early_stop_threshold=3)
Process rank: -1, device: cuda, n_gpu: 1, distributed training: False
Model created!!
[[{'text': 'Please fix a buggy program', 'loss_ids': 0, 'shortenable_ids': 0}, {'text': ' CLIENT.user_unpinFile(id);    }   public void worker_addCheckpoint(long workerId, int fileId, long fileSizeBytes,         String checkpointPath)             throws FileDoesNotExistException, SuspectedFileSizeException, TException {      CLIENT.worker_addCheckpoint(workerId, fileId, fileSizeBytes, checkpointPath);    }   public void worker_cachedFile(long workerId, long workerUsedBytes, int fileId,         long fileSizeBytes) throws FileDoesNotExistException, SuspectedFileSizeException, TException {      CLIENT.worker_cacheFile(workerId, workerUsedBytes, fileId, fileSizeBytes);    }', 'loss_ids': 0, 'shortenable_ids': 1}, {'text': 'the bug type is', 'loss_ids': 0, 'shortenable_ids': 0}, {'text': ' Change Modifier', 'loss_ids': 0, 'shortenable_ids': 0}, {'text': '.', 'loss_ids': 0, 'shortenable_ids': 0}, {'text': 'the abstract syntax tree of bug line before fixing is', 'loss_ids': 0, 'shortenable_ids': 0}, {'text': ' 1', 'loss_ids': 0, 'shortenable_ids': 1}, {'text': '<mask>', 'loss_ids': 1, 'shortenable_ids': 0}, {'text': 'is the fixed version', 'loss_ids': 0, 'shortenable_ids': 0}], {'guid': 0, 'tgt_text': 'CLIENT.user_unpinFile(id);    }   public synchronized void worker_addCheckpoint(long workerId, int fileId, long fileSizeBytes,         String checkpointPath)             throws FileDoesNotExistException, SuspectedFileSizeException, TException {      CLIENT.worker_addCheckpoint(workerId, fileId, fileSizeBytes, checkpointPath);    }   public synchronized void worker_cachedFile(long workerId, long workerUsedBytes, int fileId,         long fileSizeBytes) throws FileDoesNotExistException, SuspectedFileSizeException, TException {      CLIENT.worker_cacheFile(workerId, workerUsedBytes, fileId, fileSizeBytes);    }'}]
***** Running training *****
  Num examples = 260
  Batch size = 4
  Num epoch = 10

***** Running evaluation *****
  Num examples = 32
  Batch size = 4
  epoch = 0
  eval_ppl = 1.7447439977353678e+108
  global_step = 66
  train_loss = 18.1798
  ********************
Previous best ppl:inf
Achieve Best ppl:1.7447439977353678e+108
  ********************
BLEU file: ./data/sstubs/1/validation.jsonl
  codebleu-4 = 93.08 	 Previous best codebleu 0
  ********************
 Achieve Best bleu:93.08
  ********************

***** Running evaluation *****
  Num examples = 32
  Batch size = 4
  epoch = 1
  eval_ppl = 8.897635514771727e+113
  global_step = 131
  train_loss = 4.5436
  ********************
Previous best ppl:1.7447439977353678e+108
BLEU file: ./data/sstubs/1/validation.jsonl
  codebleu-4 = 91.99 	 Previous best codebleu 93.08
  ********************

***** Running evaluation *****
  Num examples = 32
  Batch size = 4
  epoch = 2
  eval_ppl = 6.052100469157693e+116
  global_step = 196
  train_loss = 2.9225
  ********************
Previous best ppl:1.7447439977353678e+108
BLEU file: ./data/sstubs/1/validation.jsonl
  codebleu-4 = 93.72 	 Previous best codebleu 93.08
  ********************
 Achieve Best bleu:93.72
  ********************

***** Running evaluation *****
  Num examples = 32
  Batch size = 4
  epoch = 3
  eval_ppl = 3.0762847152483754e+121
  global_step = 261
  train_loss = 1.7835
  ********************
Previous best ppl:1.7447439977353678e+108
BLEU file: ./data/sstubs/1/validation.jsonl
  codebleu-4 = 94.42 	 Previous best codebleu 93.72
  ********************
 Achieve Best bleu:94.42
  ********************

***** Running evaluation *****
  Num examples = 32
  Batch size = 4
  epoch = 4
  eval_ppl = 7.010896194681933e+123
  global_step = 326
  train_loss = 1.1665
  ********************
Previous best ppl:1.7447439977353678e+108
BLEU file: ./data/sstubs/1/validation.jsonl
  codebleu-4 = 94.19 	 Previous best codebleu 94.42
  ********************

***** Running evaluation *****
  Num examples = 32
  Batch size = 4
  epoch = 5
  eval_ppl = 4.141276198095515e+125
  global_step = 391
  train_loss = 0.5545
  ********************
Previous best ppl:1.7447439977353678e+108
BLEU file: ./data/sstubs/1/validation.jsonl
  codebleu-4 = 94.41 	 Previous best codebleu 94.42
  ********************

***** Running evaluation *****
  Num examples = 32
  Batch size = 4
  epoch = 6
  eval_ppl = 9.881232298038147e+126
  global_step = 456
  train_loss = 0.3578
  ********************
Previous best ppl:1.7447439977353678e+108
BLEU file: ./data/sstubs/1/validation.jsonl
  codebleu-4 = 93.98 	 Previous best codebleu 94.42
  ********************
early stopping!!!
reload model from result/sstubs/1/soft9_codet5p_220m/checkpoint-best-bleu
BLEU file: ./data/sstubs/1/test.jsonl
  codebleu = 93.98 
  Total = 32 
  Exact Fixed = 19 
[5, 6, 8, 10, 12, 15, 16, 19, 22, 23, 24, 25, 26, 27, 28, 29, 30, 31, 32]
  Syntax Fixed = 0 
[]
  Cleaned Fixed = 0 
[]
  ********************
  Total = 32 
  Exact Fixed = 19 
[5, 6, 8, 10, 12, 15, 16, 19, 22, 23, 24, 25, 26, 27, 28, 29, 30, 31, 32]
  Syntax Fixed = 0 
[]
  Cleaned Fixed = 0 
[]
  codebleu = 93.98 
[0.8824709043482357, 0.9370576952964131, 0.8230182155863233, 0.837899604900433, 1.0, 1.0, 0.7264120829024213, 1.0, 0.9546221339246326, 1.0, 0.9383022364276514, 1.0, 0.6370064603480783, 0.9269395879040603, 1.0, 1.0, 0.9372561368734473, 0.9136815104017959, 1.0, 0.7016265496309229, 0.9493239030379825, 1.0, 1.0, 0.9532616077763247, 1.0, 1.0, 1.0, 1.0, 0.9532616077763247, 1.0, 1.0, 1.0]
Finish training and take 3m
