Namespace(log_name='./sstubs/1/soft4_codet5p_220m.log', model_name='Salesforce/codet5p-220m', lang='java', output_dir='sstubs/1/soft4_codet5p_220m', data_dir='./data/sstubs/1', no_cuda=False, visible_gpu='0', num_train_epochs=10, num_test_epochs=1, train_batch_size=4, eval_batch_size=4, gradient_accumulation_steps=1, load_model_path=None, config_name='', tokenizer_name='', max_source_length=512, max_target_length=512, warm_up_ratio=0.1, do_train=True, do_eval=True, do_test=True, freeze=False, learning_rate=5e-05, beam_size=10, weight_decay=0.0, adam_epsilon=1e-08, local_rank=-1, seed=42, early_stop_threshold=3)
Process rank: -1, device: cuda, n_gpu: 1, distributed training: False
Model created!!
[[{'text': 'Fix', 'loss_ids': 0, 'shortenable_ids': 0}, {'text': ' appendToBody.ret();      }     private void generateHashPositionMethod(ClassDefinition classDefinition, CallSiteBinder callSiteBinder, List<Type> joinChannelTypes, List<FieldDefinition> joinChannelFields, FieldDefinition hashChannelField)      {          Parameter blockIndex = arg("blockIndex", int.class);          Parameter blockPosition = arg("blockPosition", int.class);', 'loss_ids': 0, 'shortenable_ids': 1}, {'text': '<mask>', 'loss_ids': 1, 'shortenable_ids': 0}, {'text': 'is fixed program', 'loss_ids': 0, 'shortenable_ids': 0}], {'guid': 0, 'tgt_text': 'appendToBody.ret();      }     private static void generateHashPositionMethod(ClassDefinition classDefinition, CallSiteBinder callSiteBinder, List<Type> joinChannelTypes, List<FieldDefinition> joinChannelFields, FieldDefinition hashChannelField)      {          Parameter blockIndex = arg("blockIndex", int.class);          Parameter blockPosition = arg("blockPosition", int.class);'}]
***** Running training *****
  Num examples = 223
  Batch size = 4
  Num epoch = 10

***** Running evaluation *****
  Num examples = 28
  Batch size = 4
  epoch = 0
  eval_ppl = 5.68766231418413e+88
  global_step = 57
  train_loss = 18.7876
  ********************
Previous best ppl:inf
Achieve Best ppl:5.68766231418413e+88
  ********************
BLEU file: ./data/sstubs/1/validation.jsonl
  codebleu-4 = 91.81 	 Previous best codebleu 0
  ********************
 Achieve Best bleu:91.81
  ********************

***** Running evaluation *****
  Num examples = 28
  Batch size = 4
  epoch = 1
  eval_ppl = 3.70572883669777e+95
  global_step = 113
  train_loss = 4.1883
  ********************
Previous best ppl:5.68766231418413e+88
BLEU file: ./data/sstubs/1/validation.jsonl
  codebleu-4 = 93.04 	 Previous best codebleu 91.81
  ********************
 Achieve Best bleu:93.04
  ********************

***** Running evaluation *****
  Num examples = 28
  Batch size = 4
  epoch = 2
  eval_ppl = 4.43981940530117e+97
  global_step = 169
  train_loss = 2.1864
  ********************
Previous best ppl:5.68766231418413e+88
BLEU file: ./data/sstubs/1/validation.jsonl
  codebleu-4 = 91.92 	 Previous best codebleu 93.04
  ********************

***** Running evaluation *****
  Num examples = 28
  Batch size = 4
  epoch = 3
  eval_ppl = 2.1116886036283174e+101
  global_step = 225
  train_loss = 1.2455
  ********************
Previous best ppl:5.68766231418413e+88
BLEU file: ./data/sstubs/1/validation.jsonl
  codebleu-4 = 93.47 	 Previous best codebleu 93.04
  ********************
 Achieve Best bleu:93.47
  ********************

***** Running evaluation *****
  Num examples = 28
  Batch size = 4
  epoch = 4
  eval_ppl = 6.446557472416661e+101
  global_step = 281
  train_loss = 1.0038
  ********************
Previous best ppl:5.68766231418413e+88
BLEU file: ./data/sstubs/1/validation.jsonl
  codebleu-4 = 93.57 	 Previous best codebleu 93.47
  ********************
 Achieve Best bleu:93.57
  ********************

***** Running evaluation *****
  Num examples = 28
  Batch size = 4
  epoch = 5
  eval_ppl = 1.4963109235614733e+103
  global_step = 337
  train_loss = 0.7493
  ********************
Previous best ppl:5.68766231418413e+88
BLEU file: ./data/sstubs/1/validation.jsonl
  codebleu-4 = 94.41 	 Previous best codebleu 93.57
  ********************
 Achieve Best bleu:94.41
  ********************

***** Running evaluation *****
  Num examples = 28
  Batch size = 4
  epoch = 6
  eval_ppl = 2.1438559803022925e+102
  global_step = 393
  train_loss = 0.4843
  ********************
Previous best ppl:5.68766231418413e+88
BLEU file: ./data/sstubs/1/validation.jsonl
  codebleu-4 = 94.41 	 Previous best codebleu 94.41
  ********************

***** Running evaluation *****
  Num examples = 28
  Batch size = 4
  epoch = 7
  eval_ppl = 1.9184147520465482e+102
  global_step = 449
  train_loss = 0.3459
  ********************
Previous best ppl:5.68766231418413e+88
BLEU file: ./data/sstubs/1/validation.jsonl
  codebleu-4 = 94.15 	 Previous best codebleu 94.41
  ********************

***** Running evaluation *****
  Num examples = 28
  Batch size = 4
  epoch = 8
  eval_ppl = 9.41600649990152e+102
  global_step = 505
  train_loss = 0.3391
  ********************
Previous best ppl:5.68766231418413e+88
BLEU file: ./data/sstubs/1/validation.jsonl
  codebleu-4 = 94.15 	 Previous best codebleu 94.41
  ********************
early stopping!!!
reload model from sstubs/1/soft4_codet5p_220m/checkpoint-best-bleu
BLEU file: ./data/sstubs/1/test.jsonl
  codebleu = 95.8 
  Total = 27 
  Exact Fixed = 16 
[1, 4, 5, 6, 7, 9, 10, 12, 13, 16, 17, 20, 21, 24, 26, 27]
  Syntax Fixed = 0 
[]
  Cleaned Fixed = 0 
[]
  ********************
  Total = 27 
  Exact Fixed = 16 
[1, 4, 5, 6, 7, 9, 10, 12, 13, 16, 17, 20, 21, 24, 26, 27]
  Syntax Fixed = 0 
[]
  Cleaned Fixed = 0 
[]
  codebleu = 95.8 
[1.0, 0.8951997581861981, 0.9056583090096291, 1.0, 1.0, 1.0, 1.0, 0.9315722311515438, 1.0, 1.0, 0.8688649632416632, 1.0, 1.0, 0.8158463815378669, 0.9136815104017959, 1.0, 1.0, 0.9188441984944269, 0.8955980328281301, 1.0, 1.0, 0.9439975336408695, 0.8436863061899045, 1.0, 0.9339261075829457, 1.0, 1.0]
Finish training and take 4m
Namespace(log_name='./result/sstubs/1/soft4_codet5p_220m.log', model_name='Salesforce/codet5p-220m', lang='java', output_dir='result/sstubs/1/soft4_codet5p_220m', data_dir='./data/sstubs/1', no_cuda=False, visible_gpu='0', num_train_epochs=10, num_test_epochs=1, train_batch_size=4, eval_batch_size=4, gradient_accumulation_steps=1, load_model_path=None, config_name='', tokenizer_name='', max_source_length=512, max_target_length=512, warm_up_ratio=0.1, do_train=True, do_eval=True, do_test=True, freeze=False, learning_rate=5e-05, beam_size=10, weight_decay=0.0, adam_epsilon=1e-08, local_rank=-1, seed=42, early_stop_threshold=3)
Process rank: -1, device: cuda, n_gpu: 1, distributed training: False
Model created!!
[[{'text': 'Fix', 'loss_ids': 0, 'shortenable_ids': 0}, {'text': ' CLIENT.user_unpinFile(id);    }   public void worker_addCheckpoint(long workerId, int fileId, long fileSizeBytes,         String checkpointPath)             throws FileDoesNotExistException, SuspectedFileSizeException, TException {      CLIENT.worker_addCheckpoint(workerId, fileId, fileSizeBytes, checkpointPath);    }   public void worker_cachedFile(long workerId, long workerUsedBytes, int fileId,         long fileSizeBytes) throws FileDoesNotExistException, SuspectedFileSizeException, TException {      CLIENT.worker_cacheFile(workerId, workerUsedBytes, fileId, fileSizeBytes);    }', 'loss_ids': 0, 'shortenable_ids': 1}, {'text': '<mask>', 'loss_ids': 1, 'shortenable_ids': 0}, {'text': 'is fixed program', 'loss_ids': 0, 'shortenable_ids': 0}], {'guid': 0, 'tgt_text': 'CLIENT.user_unpinFile(id);    }   public synchronized void worker_addCheckpoint(long workerId, int fileId, long fileSizeBytes,         String checkpointPath)             throws FileDoesNotExistException, SuspectedFileSizeException, TException {      CLIENT.worker_addCheckpoint(workerId, fileId, fileSizeBytes, checkpointPath);    }   public synchronized void worker_cachedFile(long workerId, long workerUsedBytes, int fileId,         long fileSizeBytes) throws FileDoesNotExistException, SuspectedFileSizeException, TException {      CLIENT.worker_cacheFile(workerId, workerUsedBytes, fileId, fileSizeBytes);    }'}]
***** Running training *****
  Num examples = 260
  Batch size = 4
  Num epoch = 10

***** Running evaluation *****
  Num examples = 32
  Batch size = 4
  epoch = 0
  eval_ppl = 2.8647992108595604e+102
  global_step = 66
  train_loss = 17.9458
  ********************
Previous best ppl:inf
Achieve Best ppl:2.8647992108595604e+102
  ********************
BLEU file: ./data/sstubs/1/validation.jsonl
  codebleu-4 = 93.38 	 Previous best codebleu 0
  ********************
 Achieve Best bleu:93.38
  ********************

***** Running evaluation *****
  Num examples = 32
  Batch size = 4
  epoch = 1
  eval_ppl = 1.5080412686178074e+111
  global_step = 131
  train_loss = 4.6074
  ********************
Previous best ppl:2.8647992108595604e+102
BLEU file: ./data/sstubs/1/validation.jsonl
  codebleu-4 = 90.67 	 Previous best codebleu 93.38
  ********************

***** Running evaluation *****
  Num examples = 32
  Batch size = 4
  epoch = 2
  eval_ppl = 7.492336424558184e+118
  global_step = 196
  train_loss = 2.4192
  ********************
Previous best ppl:2.8647992108595604e+102
BLEU file: ./data/sstubs/1/validation.jsonl
  codebleu-4 = 93.34 	 Previous best codebleu 93.38
  ********************

***** Running evaluation *****
  Num examples = 32
  Batch size = 4
  epoch = 3
  eval_ppl = 1.7571702539306942e+126
  global_step = 261
  train_loss = 1.7893
  ********************
Previous best ppl:2.8647992108595604e+102
BLEU file: ./data/sstubs/1/validation.jsonl
  codebleu-4 = 93.97 	 Previous best codebleu 93.38
  ********************
 Achieve Best bleu:93.97
  ********************

***** Running evaluation *****
  Num examples = 32
  Batch size = 4
  epoch = 4
  eval_ppl = 1.67669973281499e+129
  global_step = 326
  train_loss = 0.8904
  ********************
Previous best ppl:2.8647992108595604e+102
BLEU file: ./data/sstubs/1/validation.jsonl
  codebleu-4 = 93.63 	 Previous best codebleu 93.97
  ********************

***** Running evaluation *****
  Num examples = 32
  Batch size = 4
  epoch = 5
  eval_ppl = 1.2341868936756466e+130
  global_step = 391
  train_loss = 0.6321
  ********************
Previous best ppl:2.8647992108595604e+102
BLEU file: ./data/sstubs/1/validation.jsonl
  codebleu-4 = 93.63 	 Previous best codebleu 93.97
  ********************

***** Running evaluation *****
  Num examples = 32
  Batch size = 4
  epoch = 6
  eval_ppl = 8.633487815942958e+130
  global_step = 456
  train_loss = 0.4166
  ********************
Previous best ppl:2.8647992108595604e+102
BLEU file: ./data/sstubs/1/validation.jsonl
  codebleu-4 = 94.01 	 Previous best codebleu 93.97
  ********************
 Achieve Best bleu:94.01
  ********************

***** Running evaluation *****
  Num examples = 32
  Batch size = 4
  epoch = 7
  eval_ppl = 1.6807422447729999e+131
  global_step = 521
  train_loss = 0.2863
  ********************
Previous best ppl:2.8647992108595604e+102
BLEU file: ./data/sstubs/1/validation.jsonl
  codebleu-4 = 94.01 	 Previous best codebleu 94.01
  ********************

***** Running evaluation *****
  Num examples = 32
  Batch size = 4
  epoch = 8
  eval_ppl = 5.616184911115719e+131
  global_step = 586
  train_loss = 0.2471
  ********************
Previous best ppl:2.8647992108595604e+102
BLEU file: ./data/sstubs/1/validation.jsonl
  codebleu-4 = 94.01 	 Previous best codebleu 94.01
  ********************

***** Running evaluation *****
  Num examples = 32
  Batch size = 4
  epoch = 9
  eval_ppl = 6.696812704052234e+130
  global_step = 651
  train_loss = 0.2263
  ********************
Previous best ppl:2.8647992108595604e+102
BLEU file: ./data/sstubs/1/validation.jsonl
  codebleu-4 = 94.01 	 Previous best codebleu 94.01
  ********************
early stopping!!!
reload model from result/sstubs/1/soft4_codet5p_220m/checkpoint-best-bleu
BLEU file: ./data/sstubs/1/test.jsonl
  codebleu = 93.87 
  Total = 32 
  Exact Fixed = 19 
[5, 6, 8, 10, 12, 15, 16, 19, 22, 23, 24, 25, 26, 27, 28, 29, 30, 31, 32]
  Syntax Fixed = 0 
[]
  Cleaned Fixed = 0 
[]
  ********************
  Total = 32 
  Exact Fixed = 19 
[5, 6, 8, 10, 12, 15, 16, 19, 22, 23, 24, 25, 26, 27, 28, 29, 30, 31, 32]
  Syntax Fixed = 0 
[]
  Cleaned Fixed = 0 
[]
  codebleu = 93.87 
[0.8824709043482357, 0.9370576952964131, 0.8230182155863233, 0.837899604900433, 1.0, 1.0, 0.7308217159428345, 1.0, 0.9546221339246326, 1.0, 0.9383022364276514, 1.0, 0.6370064603480783, 0.9269395879040603, 1.0, 1.0, 0.9372561368734473, 0.8761815104017958, 1.0, 0.7016265496309229, 0.9493239030379825, 1.0, 1.0, 0.9532616077763247, 1.0, 1.0, 1.0, 1.0, 0.9532616077763247, 1.0, 1.0, 1.0]
Finish training and take 4m
