Namespace(log_name='./sstubs/1/soft3_codet5p_770m.log', model_name='Salesforce/codet5p-770m', lang='java', output_dir='sstubs/1/soft3_codet5p_770m', data_dir='./data/sstubs/1', no_cuda=False, visible_gpu='0', num_train_epochs=10, num_test_epochs=1, train_batch_size=4, eval_batch_size=4, gradient_accumulation_steps=1, load_model_path=None, config_name='', tokenizer_name='', max_source_length=512, max_target_length=512, warm_up_ratio=0.1, do_train=True, do_eval=True, do_test=True, freeze=False, learning_rate=5e-05, beam_size=10, weight_decay=0.0, adam_epsilon=1e-08, local_rank=-1, seed=42, early_stop_threshold=3)
Process rank: -1, device: cuda, n_gpu: 1, distributed training: False
Model created!!
[[{'text': 'Fix', 'loss_ids': 0, 'shortenable_ids': 0}, {'text': ' appendToBody.ret();      }     private void generateHashPositionMethod(ClassDefinition classDefinition, CallSiteBinder callSiteBinder, List<Type> joinChannelTypes, List<FieldDefinition> joinChannelFields, FieldDefinition hashChannelField)      {          Parameter blockIndex = arg("blockIndex", int.class);          Parameter blockPosition = arg("blockPosition", int.class);', 'loss_ids': 0, 'shortenable_ids': 1}, {'text': 'fixed program is', 'loss_ids': 0, 'shortenable_ids': 0}, {'text': '<mask>', 'loss_ids': 1, 'shortenable_ids': 0}], {'guid': 0, 'tgt_text': 'appendToBody.ret();      }     private static void generateHashPositionMethod(ClassDefinition classDefinition, CallSiteBinder callSiteBinder, List<Type> joinChannelTypes, List<FieldDefinition> joinChannelFields, FieldDefinition hashChannelField)      {          Parameter blockIndex = arg("blockIndex", int.class);          Parameter blockPosition = arg("blockPosition", int.class);'}]
***** Running training *****
  Num examples = 223
  Batch size = 4
  Num epoch = 10

***** Running evaluation *****
  Num examples = 28
  Batch size = 4
  epoch = 0
  eval_ppl = 2.4633600176026285e+99
  global_step = 57
  train_loss = 15.6934
  ********************
Previous best ppl:inf
Achieve Best ppl:2.4633600176026285e+99
  ********************
BLEU file: ./data/sstubs/1/validation.jsonl
  codebleu-4 = 93.07 	 Previous best codebleu 0
  ********************
 Achieve Best bleu:93.07
  ********************

***** Running evaluation *****
  Num examples = 28
  Batch size = 4
  epoch = 1
  eval_ppl = 1.5256889501373774e+99
  global_step = 113
  train_loss = 3.4222
  ********************
Previous best ppl:2.4633600176026285e+99
Achieve Best ppl:1.5256889501373774e+99
  ********************
BLEU file: ./data/sstubs/1/validation.jsonl
  codebleu-4 = 93.63 	 Previous best codebleu 93.07
  ********************
 Achieve Best bleu:93.63
  ********************

***** Running evaluation *****
  Num examples = 28
  Batch size = 4
  epoch = 2
  eval_ppl = 5.240421692364463e+100
  global_step = 169
  train_loss = 1.5997
  ********************
Previous best ppl:1.5256889501373774e+99
BLEU file: ./data/sstubs/1/validation.jsonl
  codebleu-4 = 92.86 	 Previous best codebleu 93.63
  ********************

***** Running evaluation *****
  Num examples = 28
  Batch size = 4
  epoch = 3
  eval_ppl = 4.99328770692264e+100
  global_step = 225
  train_loss = 0.9219
  ********************
Previous best ppl:1.5256889501373774e+99
BLEU file: ./data/sstubs/1/validation.jsonl
  codebleu-4 = 93.14 	 Previous best codebleu 93.63
  ********************
Namespace(log_name='./sstubs/1/soft3_codet5p_770m.log', model_name='Salesforce/codet5p-770m', lang='java', output_dir='sstubs/1/soft3_codet5p_770m', data_dir='./data/sstubs/1', no_cuda=False, visible_gpu='0', num_train_epochs=10, num_test_epochs=1, train_batch_size=4, eval_batch_size=4, gradient_accumulation_steps=1, load_model_path=None, config_name='', tokenizer_name='', max_source_length=512, max_target_length=512, warm_up_ratio=0.1, do_train=True, do_eval=True, do_test=True, freeze=False, learning_rate=5e-05, beam_size=10, weight_decay=0.0, adam_epsilon=1e-08, local_rank=-1, seed=42, early_stop_threshold=3)
Process rank: -1, device: cuda, n_gpu: 1, distributed training: False
Model created!!
[[{'text': 'Fix', 'loss_ids': 0, 'shortenable_ids': 0}, {'text': ' appendToBody.ret();      }     private void generateHashPositionMethod(ClassDefinition classDefinition, CallSiteBinder callSiteBinder, List<Type> joinChannelTypes, List<FieldDefinition> joinChannelFields, FieldDefinition hashChannelField)      {          Parameter blockIndex = arg("blockIndex", int.class);          Parameter blockPosition = arg("blockPosition", int.class);', 'loss_ids': 0, 'shortenable_ids': 1}, {'text': 'fixed program is', 'loss_ids': 0, 'shortenable_ids': 0}, {'text': '<mask>', 'loss_ids': 1, 'shortenable_ids': 0}], {'guid': 0, 'tgt_text': 'appendToBody.ret();      }     private static void generateHashPositionMethod(ClassDefinition classDefinition, CallSiteBinder callSiteBinder, List<Type> joinChannelTypes, List<FieldDefinition> joinChannelFields, FieldDefinition hashChannelField)      {          Parameter blockIndex = arg("blockIndex", int.class);          Parameter blockPosition = arg("blockPosition", int.class);'}]
***** Running training *****
  Num examples = 223
  Batch size = 4
  Num epoch = 10

***** Running evaluation *****
  Num examples = 28
  Batch size = 4
  epoch = 4
  eval_ppl = 2.0419801035955956e+100
  global_step = 281
  train_loss = 0.5706
  ********************
Previous best ppl:1.5256889501373774e+99
BLEU file: ./data/sstubs/1/validation.jsonl
  codebleu-4 = 94.42 	 Previous best codebleu 93.63
  ********************
 Achieve Best bleu:94.42
  ********************

***** Running evaluation *****
  Num examples = 28
  Batch size = 4
  epoch = 0
  eval_ppl = 2.2952139836608232e+98
  global_step = 57
  train_loss = 15.2348
  ********************
Previous best ppl:inf
Achieve Best ppl:2.2952139836608232e+98
  ********************
BLEU file: ./data/sstubs/1/validation.jsonl

***** Running evaluation *****
  Num examples = 28
  Batch size = 4
  epoch = 5
  eval_ppl = 7.270298471532452e+98
  global_step = 337
  train_loss = 0.5263
  ********************
Previous best ppl:1.5256889501373774e+99
Achieve Best ppl:7.270298471532452e+98
  ********************
BLEU file: ./data/sstubs/1/validation.jsonl
  codebleu-4 = 93.94 	 Previous best codebleu 0
  ********************
 Achieve Best bleu:93.94
  ********************
  codebleu-4 = 94.42 	 Previous best codebleu 94.42
  ********************

***** Running evaluation *****
  Num examples = 28
  Batch size = 4
  epoch = 6
  eval_ppl = 2.085447240057538e+101
  global_step = 393
  train_loss = 0.4391
  ********************
Previous best ppl:7.270298471532452e+98
BLEU file: ./data/sstubs/1/validation.jsonl
  codebleu-4 = 94.42 	 Previous best codebleu 94.42
  ********************

***** Running evaluation *****
  Num examples = 28
  Batch size = 4
  epoch = 1
  eval_ppl = 2.0587051092158333e+99
  global_step = 113
  train_loss = 3.3248
  ********************
Previous best ppl:2.2952139836608232e+98
BLEU file: ./data/sstubs/1/validation.jsonl
  codebleu-4 = 92.63 	 Previous best codebleu 93.94
  ********************

***** Running evaluation *****
  Num examples = 28
  Batch size = 4
  epoch = 7
  eval_ppl = 2.1137628262997863e+100
  global_step = 449
  train_loss = 0.1631
  ********************
Previous best ppl:7.270298471532452e+98
BLEU file: ./data/sstubs/1/validation.jsonl
  codebleu-4 = 94.42 	 Previous best codebleu 94.42
  ********************

***** Running evaluation *****
  Num examples = 28
  Batch size = 4
  epoch = 2
  eval_ppl = 3.796856452704369e+98
  global_step = 169
  train_loss = 1.4713
  ********************
Previous best ppl:2.2952139836608232e+98
BLEU file: ./data/sstubs/1/validation.jsonl
  codebleu-4 = 94.05 	 Previous best codebleu 93.94
  ********************
 Achieve Best bleu:94.05
  ********************

***** Running evaluation *****
  Num examples = 28
  Batch size = 4
  epoch = 3
  eval_ppl = 2.6138297005121837e+92
  global_step = 225
  train_loss = 1.0165
  ********************
Previous best ppl:2.2952139836608232e+98
Achieve Best ppl:2.6138297005121837e+92
  ********************
BLEU file: ./data/sstubs/1/validation.jsonl
  codebleu-4 = 94.16 	 Previous best codebleu 94.05
  ********************
 Achieve Best bleu:94.16
  ********************

***** Running evaluation *****
  Num examples = 28
  Batch size = 4
  epoch = 4
  eval_ppl = 7.389007388892107e+107
  global_step = 281
  train_loss = 1.3173
  ********************
Previous best ppl:2.6138297005121837e+92
BLEU file: ./data/sstubs/1/validation.jsonl
  codebleu-4 = 92.47 	 Previous best codebleu 94.16
  ********************

***** Running evaluation *****
  Num examples = 28
  Batch size = 4
  epoch = 5
  eval_ppl = 2.8962994156733733e+111
  global_step = 337
  train_loss = 0.6118
  ********************
Previous best ppl:2.6138297005121837e+92
BLEU file: ./data/sstubs/1/validation.jsonl
  codebleu-4 = 95.12 	 Previous best codebleu 94.16
  ********************
 Achieve Best bleu:95.12
  ********************

***** Running evaluation *****
  Num examples = 28
  Batch size = 4
  epoch = 6
  eval_ppl = 3.0124807121495584e+112
  global_step = 393
  train_loss = 0.3091
  ********************
Previous best ppl:2.6138297005121837e+92
BLEU file: ./data/sstubs/1/validation.jsonl
  codebleu-4 = 94.65 	 Previous best codebleu 95.12
  ********************

***** Running evaluation *****
  Num examples = 28
  Batch size = 4
  epoch = 7
  eval_ppl = 4.1583136930034635e+112
  global_step = 449
  train_loss = 0.1417
  ********************
Previous best ppl:2.6138297005121837e+92
BLEU file: ./data/sstubs/1/validation.jsonl
  codebleu-4 = 95.12 	 Previous best codebleu 95.12
  ********************

***** Running evaluation *****
  Num examples = 28
  Batch size = 4
  epoch = 8
  eval_ppl = 6.330761974018405e+112
  global_step = 505
  train_loss = 0.1458
  ********************
Previous best ppl:2.6138297005121837e+92
BLEU file: ./data/sstubs/1/validation.jsonl
  codebleu-4 = 95.12 	 Previous best codebleu 95.12
  ********************
early stopping!!!
reload model from sstubs/1/soft3_codet5p_770m/checkpoint-best-bleu
BLEU file: ./data/sstubs/1/test.jsonl
  codebleu = 96.19 
  Total = 27 
  Exact Fixed = 16 
[1, 4, 5, 6, 7, 9, 10, 12, 13, 16, 17, 20, 21, 24, 26, 27]
  Syntax Fixed = 0 
[]
  Cleaned Fixed = 0 
[]
  ********************
  Total = 27 
  Exact Fixed = 16 
[1, 4, 5, 6, 7, 9, 10, 12, 13, 16, 17, 20, 21, 24, 26, 27]
  Syntax Fixed = 0 
[]
  Cleaned Fixed = 0 
[]
  codebleu = 96.19 
[1.0, 0.9245037448286011, 0.9056583090096291, 1.0, 1.0, 1.0, 1.0, 0.9315722311515438, 1.0, 1.0, 0.8910871854638854, 1.0, 1.0, 0.8158463815378669, 0.9136815104017959, 1.0, 1.0, 0.9188441984944269, 0.8955980328281301, 1.0, 1.0, 0.9273308669742027, 0.9120033353993269, 1.0, 0.9339261075829457, 1.0, 1.0]
Finish training and take 12m
Namespace(log_name='./result/sstubs/1/soft3_codet5p_770m.log', model_name='Salesforce/codet5p-770m', lang='java', output_dir='result/sstubs/1/soft3_codet5p_770m', data_dir='./data/sstubs/1', no_cuda=False, visible_gpu='0', num_train_epochs=10, num_test_epochs=1, train_batch_size=4, eval_batch_size=4, gradient_accumulation_steps=1, load_model_path=None, config_name='', tokenizer_name='', max_source_length=512, max_target_length=512, warm_up_ratio=0.1, do_train=True, do_eval=True, do_test=True, freeze=False, learning_rate=5e-05, beam_size=10, weight_decay=0.0, adam_epsilon=1e-08, local_rank=-1, seed=42, early_stop_threshold=3)
Process rank: -1, device: cuda, n_gpu: 1, distributed training: False
Model created!!
[[{'text': 'Fix', 'loss_ids': 0, 'shortenable_ids': 0}, {'text': ' CLIENT.user_unpinFile(id);    }   public void worker_addCheckpoint(long workerId, int fileId, long fileSizeBytes,         String checkpointPath)             throws FileDoesNotExistException, SuspectedFileSizeException, TException {      CLIENT.worker_addCheckpoint(workerId, fileId, fileSizeBytes, checkpointPath);    }   public void worker_cachedFile(long workerId, long workerUsedBytes, int fileId,         long fileSizeBytes) throws FileDoesNotExistException, SuspectedFileSizeException, TException {      CLIENT.worker_cacheFile(workerId, workerUsedBytes, fileId, fileSizeBytes);    }', 'loss_ids': 0, 'shortenable_ids': 1}, {'text': 'fixed program is', 'loss_ids': 0, 'shortenable_ids': 0}, {'text': '<mask>', 'loss_ids': 1, 'shortenable_ids': 0}], {'guid': 0, 'tgt_text': 'CLIENT.user_unpinFile(id);    }   public synchronized void worker_addCheckpoint(long workerId, int fileId, long fileSizeBytes,         String checkpointPath)             throws FileDoesNotExistException, SuspectedFileSizeException, TException {      CLIENT.worker_addCheckpoint(workerId, fileId, fileSizeBytes, checkpointPath);    }   public synchronized void worker_cachedFile(long workerId, long workerUsedBytes, int fileId,         long fileSizeBytes) throws FileDoesNotExistException, SuspectedFileSizeException, TException {      CLIENT.worker_cacheFile(workerId, workerUsedBytes, fileId, fileSizeBytes);    }'}]
***** Running training *****
  Num examples = 260
  Batch size = 4
  Num epoch = 10

***** Running evaluation *****
  Num examples = 32
  Batch size = 4
  epoch = 0
  eval_ppl = 1.955986946783869e+113
  global_step = 66
  train_loss = 14.7619
  ********************
Previous best ppl:inf
Achieve Best ppl:1.955986946783869e+113
  ********************
BLEU file: ./data/sstubs/1/validation.jsonl
  codebleu-4 = 93.32 	 Previous best codebleu 0
  ********************
 Achieve Best bleu:93.32
  ********************

***** Running evaluation *****
  Num examples = 32
  Batch size = 4
  epoch = 1
  eval_ppl = 1.611501555069727e+111
  global_step = 131
  train_loss = 3.1765
  ********************
Previous best ppl:1.955986946783869e+113
Achieve Best ppl:1.611501555069727e+111
  ********************
BLEU file: ./data/sstubs/1/validation.jsonl
  codebleu-4 = 92.28 	 Previous best codebleu 93.32
  ********************

***** Running evaluation *****
  Num examples = 32
  Batch size = 4
  epoch = 2
  eval_ppl = 3.2628259801905854e+115
  global_step = 196
  train_loss = 1.7459
  ********************
Previous best ppl:1.611501555069727e+111
BLEU file: ./data/sstubs/1/validation.jsonl
  codebleu-4 = 92.17 	 Previous best codebleu 93.32
  ********************

***** Running evaluation *****
  Num examples = 32
  Batch size = 4
  epoch = 3
  eval_ppl = 1.4257111416506014e+111
  global_step = 261
  train_loss = 1.5345
  ********************
Previous best ppl:1.611501555069727e+111
Achieve Best ppl:1.4257111416506014e+111
  ********************
BLEU file: ./data/sstubs/1/validation.jsonl
  codebleu-4 = 93.64 	 Previous best codebleu 93.32
  ********************
 Achieve Best bleu:93.64
  ********************

***** Running evaluation *****
  Num examples = 32
  Batch size = 4
  epoch = 4
  eval_ppl = 4.291008909665921e+116
  global_step = 326
  train_loss = 0.897
  ********************
Previous best ppl:1.4257111416506014e+111
BLEU file: ./data/sstubs/1/validation.jsonl
  codebleu-4 = 93.64 	 Previous best codebleu 93.64
  ********************

***** Running evaluation *****
  Num examples = 32
  Batch size = 4
  epoch = 5
  eval_ppl = 1.1495031490717679e+116
  global_step = 391
  train_loss = 0.4676
  ********************
Previous best ppl:1.4257111416506014e+111
BLEU file: ./data/sstubs/1/validation.jsonl
  codebleu-4 = 94.14 	 Previous best codebleu 93.64
  ********************
 Achieve Best bleu:94.14
  ********************

***** Running evaluation *****
  Num examples = 32
  Batch size = 4
  epoch = 6
  eval_ppl = 8.578732408041154e+116
  global_step = 456
  train_loss = 0.1854
  ********************
Previous best ppl:1.4257111416506014e+111
BLEU file: ./data/sstubs/1/validation.jsonl
  codebleu-4 = 94.14 	 Previous best codebleu 94.14
  ********************

***** Running evaluation *****
  Num examples = 32
  Batch size = 4
  epoch = 7
  eval_ppl = 1.0277665217163031e+117
  global_step = 521
  train_loss = 0.1117
  ********************
Previous best ppl:1.4257111416506014e+111
BLEU file: ./data/sstubs/1/validation.jsonl
  codebleu-4 = 94.14 	 Previous best codebleu 94.14
  ********************

***** Running evaluation *****
  Num examples = 32
  Batch size = 4
  epoch = 8
  eval_ppl = 1.7555006390158178e+117
  global_step = 586
  train_loss = 0.1008
  ********************
Previous best ppl:1.4257111416506014e+111
BLEU file: ./data/sstubs/1/validation.jsonl
  codebleu-4 = 94.14 	 Previous best codebleu 94.14
  ********************
early stopping!!!
reload model from result/sstubs/1/soft3_codet5p_770m/checkpoint-best-bleu
BLEU file: ./data/sstubs/1/test.jsonl
  codebleu = 91.67 
  Total = 32 
  Exact Fixed = 18 
[5, 6, 8, 10, 15, 16, 19, 22, 23, 24, 25, 26, 27, 28, 29, 30, 31, 32]
  Syntax Fixed = 0 
[]
  Cleaned Fixed = 0 
[]
  ********************
  Total = 32 
  Exact Fixed = 18 
[5, 6, 8, 10, 15, 16, 19, 22, 23, 24, 25, 26, 27, 28, 29, 30, 31, 32]
  Syntax Fixed = 0 
[]
  Cleaned Fixed = 0 
[]
  codebleu = 91.67 
[0.8561340786437819, 0.9370576952964131, 0.6306009904206332, 0.837899604900433, 1.0, 1.0, 0.7308217159428345, 1.0, 0.6303364196389183, 1.0, 0.9383022364276514, 0.8107613352737074, 0.6772264301009557, 0.9259520853518541, 1.0, 1.0, 0.9372561368734473, 0.8648778812722031, 1.0, 0.7016265496309229, 0.9493239030379825, 1.0, 1.0, 0.9532616077763247, 1.0, 1.0, 1.0, 1.0, 0.9532616077763247, 1.0, 1.0, 1.0]
Finish training and take 16m
