Namespace(log_name='./sstubs/1/soft0_codet5p_220m.log', model_name='Salesforce/codet5p-220m', lang='java', output_dir='sstubs/1/soft0_codet5p_220m', data_dir='./data/sstubs/1', no_cuda=False, visible_gpu='0', num_train_epochs=10, num_test_epochs=1, train_batch_size=4, eval_batch_size=4, gradient_accumulation_steps=1, load_model_path=None, config_name='', tokenizer_name='', max_source_length=512, max_target_length=512, warm_up_ratio=0.1, do_train=True, do_eval=True, do_test=True, freeze=False, learning_rate=5e-05, beam_size=10, weight_decay=0.0, adam_epsilon=1e-08, local_rank=-1, seed=42, early_stop_threshold=3)
Process rank: -1, device: cuda, n_gpu: 1, distributed training: False
Model created!!
[[{'text': 'appendToBody.ret();      }     private void generateHashPositionMethod(ClassDefinition classDefinition, CallSiteBinder callSiteBinder, List<Type> joinChannelTypes, List<FieldDefinition> joinChannelFields, FieldDefinition hashChannelField)      {          Parameter blockIndex = arg("blockIndex", int.class);          Parameter blockPosition = arg("blockPosition", int.class);', 'loss_ids': 0, 'shortenable_ids': 1}, {'text': '<mask>', 'loss_ids': 1, 'shortenable_ids': 0}, {'text': 'is the fixed version', 'loss_ids': 0, 'shortenable_ids': 0}], {'guid': 0, 'tgt_text': 'appendToBody.ret();      }     private static void generateHashPositionMethod(ClassDefinition classDefinition, CallSiteBinder callSiteBinder, List<Type> joinChannelTypes, List<FieldDefinition> joinChannelFields, FieldDefinition hashChannelField)      {          Parameter blockIndex = arg("blockIndex", int.class);          Parameter blockPosition = arg("blockPosition", int.class);'}]
***** Running training *****
  Num examples = 223
  Batch size = 4
  Num epoch = 10

***** Running evaluation *****
  Num examples = 28
  Batch size = 4
  epoch = 0
  eval_ppl = 4.550229537811599e+88
  global_step = 57
  train_loss = 20.9324
  ********************
Previous best ppl:inf
Achieve Best ppl:4.550229537811599e+88
  ********************
BLEU file: ./data/sstubs/1/validation.jsonl
  codebleu-4 = 92.2 	 Previous best codebleu 0
  ********************
 Achieve Best bleu:92.2
  ********************

***** Running evaluation *****
  Num examples = 28
  Batch size = 4
  epoch = 1
  eval_ppl = 5.353600690323862e+95
  global_step = 113
  train_loss = 4.4464
  ********************
Previous best ppl:4.550229537811599e+88
BLEU file: ./data/sstubs/1/validation.jsonl
  codebleu-4 = 92.65 	 Previous best codebleu 92.2
  ********************
 Achieve Best bleu:92.65
  ********************

***** Running evaluation *****
  Num examples = 28
  Batch size = 4
  epoch = 2
  eval_ppl = 2.370097466090204e+99
  global_step = 169
  train_loss = 2.5384
  ********************
Previous best ppl:4.550229537811599e+88
BLEU file: ./data/sstubs/1/validation.jsonl
  codebleu-4 = 92.64 	 Previous best codebleu 92.65
  ********************

***** Running evaluation *****
  Num examples = 28
  Batch size = 4
  epoch = 3
  eval_ppl = 1.8402970616474475e+99
  global_step = 225
  train_loss = 1.2725
  ********************
Previous best ppl:4.550229537811599e+88
BLEU file: ./data/sstubs/1/validation.jsonl
  codebleu-4 = 94.44 	 Previous best codebleu 92.65
  ********************
 Achieve Best bleu:94.44
  ********************

***** Running evaluation *****
  Num examples = 28
  Batch size = 4
  epoch = 4
  eval_ppl = 1.0039769714100314e+101
  global_step = 281
  train_loss = 0.723
  ********************
Previous best ppl:4.550229537811599e+88
BLEU file: ./data/sstubs/1/validation.jsonl
  codebleu-4 = 93.99 	 Previous best codebleu 94.44
  ********************

***** Running evaluation *****
  Num examples = 28
  Batch size = 4
  epoch = 5
  eval_ppl = 4.3816189631464965e+100
  global_step = 337
  train_loss = 0.4292
  ********************
Previous best ppl:4.550229537811599e+88
BLEU file: ./data/sstubs/1/validation.jsonl
  codebleu-4 = 92.86 	 Previous best codebleu 94.44
  ********************

***** Running evaluation *****
  Num examples = 28
  Batch size = 4
  epoch = 6
  eval_ppl = 2.0752406572946592e+100
  global_step = 393
  train_loss = 0.3382
  ********************
Previous best ppl:4.550229537811599e+88
BLEU file: ./data/sstubs/1/validation.jsonl
  codebleu-4 = 93.52 	 Previous best codebleu 94.44
  ********************
early stopping!!!
reload model from sstubs/1/soft0_codet5p_220m/checkpoint-best-bleu
BLEU file: ./data/sstubs/1/test.jsonl
  codebleu = 96.31 
  Total = 27 
  Exact Fixed = 16 
[1, 4, 5, 6, 7, 9, 10, 12, 13, 16, 17, 20, 21, 24, 26, 27]
  Syntax Fixed = 0 
[]
  Cleaned Fixed = 0 
[]
  ********************
  Total = 27 
  Exact Fixed = 16 
[1, 4, 5, 6, 7, 9, 10, 12, 13, 16, 17, 20, 21, 24, 26, 27]
  Syntax Fixed = 0 
[]
  Cleaned Fixed = 0 
[]
  codebleu = 96.31 
[1.0, 0.9245037448286011, 0.9056583090096291, 1.0, 1.0, 1.0, 1.0, 0.9315722311515438, 1.0, 1.0, 0.8910871854638854, 1.0, 1.0, 0.8158463815378669, 0.9136815104017959, 1.0, 1.0, 0.9521775318277603, 0.8955980328281301, 1.0, 1.0, 0.9273308669742027, 0.9120033353993269, 1.0, 0.9339261075829457, 1.0, 1.0]
Finish training and take 4m
Namespace(log_name='./result/sstubs/1/soft0_codet5p_220m.log', model_name='Salesforce/codet5p-220m', lang='java', output_dir='result/sstubs/1/soft0_codet5p_220m', data_dir='./data/sstubs/1', no_cuda=False, visible_gpu='0', num_train_epochs=10, num_test_epochs=1, train_batch_size=4, eval_batch_size=4, gradient_accumulation_steps=1, load_model_path=None, config_name='', tokenizer_name='', max_source_length=512, max_target_length=512, warm_up_ratio=0.1, do_train=True, do_eval=True, do_test=True, freeze=False, learning_rate=5e-05, beam_size=10, weight_decay=0.0, adam_epsilon=1e-08, local_rank=-1, seed=42, early_stop_threshold=3)
Process rank: -1, device: cuda, n_gpu: 1, distributed training: False
Model created!!
[[{'text': 'CLIENT.user_unpinFile(id);    }   public void worker_addCheckpoint(long workerId, int fileId, long fileSizeBytes,         String checkpointPath)             throws FileDoesNotExistException, SuspectedFileSizeException, TException {      CLIENT.worker_addCheckpoint(workerId, fileId, fileSizeBytes, checkpointPath);    }   public void worker_cachedFile(long workerId, long workerUsedBytes, int fileId,         long fileSizeBytes) throws FileDoesNotExistException, SuspectedFileSizeException, TException {      CLIENT.worker_cacheFile(workerId, workerUsedBytes, fileId, fileSizeBytes);    }', 'loss_ids': 0, 'shortenable_ids': 1}, {'text': '<mask>', 'loss_ids': 1, 'shortenable_ids': 0}, {'text': 'is the fixed version', 'loss_ids': 0, 'shortenable_ids': 0}], {'guid': 0, 'tgt_text': 'CLIENT.user_unpinFile(id);    }   public synchronized void worker_addCheckpoint(long workerId, int fileId, long fileSizeBytes,         String checkpointPath)             throws FileDoesNotExistException, SuspectedFileSizeException, TException {      CLIENT.worker_addCheckpoint(workerId, fileId, fileSizeBytes, checkpointPath);    }   public synchronized void worker_cachedFile(long workerId, long workerUsedBytes, int fileId,         long fileSizeBytes) throws FileDoesNotExistException, SuspectedFileSizeException, TException {      CLIENT.worker_cacheFile(workerId, workerUsedBytes, fileId, fileSizeBytes);    }'}]
***** Running training *****
  Num examples = 260
  Batch size = 4
  Num epoch = 10

***** Running evaluation *****
  Num examples = 32
  Batch size = 4
  epoch = 0
  eval_ppl = 5.1908813641771255e+104
  global_step = 66
  train_loss = 19.8552
  ********************
Previous best ppl:inf
Achieve Best ppl:5.1908813641771255e+104
  ********************
BLEU file: ./data/sstubs/1/validation.jsonl
  codebleu-4 = 93.12 	 Previous best codebleu 0
  ********************
 Achieve Best bleu:93.12
  ********************

***** Running evaluation *****
  Num examples = 32
  Batch size = 4
  epoch = 1
  eval_ppl = 9.583234124741712e+108
  global_step = 131
  train_loss = 4.6323
  ********************
Previous best ppl:5.1908813641771255e+104
BLEU file: ./data/sstubs/1/validation.jsonl
  codebleu-4 = 89.99 	 Previous best codebleu 93.12
  ********************

***** Running evaluation *****
  Num examples = 32
  Batch size = 4
  epoch = 2
  eval_ppl = 2.3638008176438083e+115
  global_step = 196
  train_loss = 2.5239
  ********************
Previous best ppl:5.1908813641771255e+104
BLEU file: ./data/sstubs/1/validation.jsonl
  codebleu-4 = 92.94 	 Previous best codebleu 93.12
  ********************

***** Running evaluation *****
  Num examples = 32
  Batch size = 4
  epoch = 3
  eval_ppl = 8.738113914831855e+113
  global_step = 261
  train_loss = 1.9461
  ********************
Previous best ppl:5.1908813641771255e+104
BLEU file: ./data/sstubs/1/validation.jsonl
  codebleu-4 = 93.74 	 Previous best codebleu 93.12
  ********************
 Achieve Best bleu:93.74
  ********************

***** Running evaluation *****
  Num examples = 32
  Batch size = 4
  epoch = 4
  eval_ppl = 1.4625446611248619e+115
  global_step = 326
  train_loss = 0.9636
  ********************
Previous best ppl:5.1908813641771255e+104
BLEU file: ./data/sstubs/1/validation.jsonl
  codebleu-4 = 94.0 	 Previous best codebleu 93.74
  ********************
 Achieve Best bleu:94.0
  ********************

***** Running evaluation *****
  Num examples = 32
  Batch size = 4
  epoch = 5
  eval_ppl = 2.1441256083750042e+113
  global_step = 391
  train_loss = 0.7345
  ********************
Previous best ppl:5.1908813641771255e+104
BLEU file: ./data/sstubs/1/validation.jsonl
  codebleu-4 = 94.38 	 Previous best codebleu 94.0
  ********************
 Achieve Best bleu:94.38
  ********************

***** Running evaluation *****
  Num examples = 32
  Batch size = 4
  epoch = 6
  eval_ppl = 3.8283404550451854e+115
  global_step = 456
  train_loss = 0.4924
  ********************
Previous best ppl:5.1908813641771255e+104
BLEU file: ./data/sstubs/1/validation.jsonl
  codebleu-4 = 94.68 	 Previous best codebleu 94.38
  ********************
 Achieve Best bleu:94.68
  ********************

***** Running evaluation *****
  Num examples = 32
  Batch size = 4
  epoch = 7
  eval_ppl = 1.5066995656884453e+116
  global_step = 521
  train_loss = 0.2915
  ********************
Previous best ppl:5.1908813641771255e+104
BLEU file: ./data/sstubs/1/validation.jsonl
  codebleu-4 = 94.68 	 Previous best codebleu 94.68
  ********************

***** Running evaluation *****
  Num examples = 32
  Batch size = 4
  epoch = 8
  eval_ppl = 1.735173313764621e+116
  global_step = 586
  train_loss = 0.2741
  ********************
Previous best ppl:5.1908813641771255e+104
BLEU file: ./data/sstubs/1/validation.jsonl
  codebleu-4 = 94.68 	 Previous best codebleu 94.68
  ********************

***** Running evaluation *****
  Num examples = 32
  Batch size = 4
  epoch = 9
  eval_ppl = 3.804611790676265e+116
  global_step = 651
  train_loss = 0.2119
  ********************
Previous best ppl:5.1908813641771255e+104
BLEU file: ./data/sstubs/1/validation.jsonl
  codebleu-4 = 94.68 	 Previous best codebleu 94.68
  ********************
early stopping!!!
reload model from result/sstubs/1/soft0_codet5p_220m/checkpoint-best-bleu
BLEU file: ./data/sstubs/1/test.jsonl
  codebleu = 94.11 
  Total = 32 
  Exact Fixed = 20 
[5, 6, 8, 10, 12, 14, 15, 16, 19, 22, 23, 24, 25, 26, 27, 28, 29, 30, 31, 32]
  Syntax Fixed = 0 
[]
  Cleaned Fixed = 0 
[]
  ********************
  Total = 32 
  Exact Fixed = 20 
[5, 6, 8, 10, 12, 14, 15, 16, 19, 22, 23, 24, 25, 26, 27, 28, 29, 30, 31, 32]
  Syntax Fixed = 0 
[]
  Cleaned Fixed = 0 
[]
  codebleu = 94.11 
[0.8824709043482357, 0.9370576952964131, 0.7855182155863232, 0.837899604900433, 1.0, 1.0, 0.7308217159428345, 1.0, 0.9546221339246326, 1.0, 0.9383022364276514, 1.0, 0.6772264301009557, 1.0, 1.0, 1.0, 0.9372561368734473, 0.8761815104017958, 1.0, 0.7016265496309229, 0.9493239030379825, 1.0, 1.0, 0.9532616077763247, 1.0, 1.0, 1.0, 1.0, 0.9532616077763247, 1.0, 1.0, 1.0]
Finish training and take 4m
