Namespace(log_name='./sstubs/1/soft0_codet5p_770m.log', model_name='Salesforce/codet5p-770m', lang='java', output_dir='sstubs/1/soft0_codet5p_770m', data_dir='./data/sstubs/1', no_cuda=False, visible_gpu='0', num_train_epochs=10, num_test_epochs=1, train_batch_size=4, eval_batch_size=4, gradient_accumulation_steps=1, load_model_path=None, config_name='', tokenizer_name='', max_source_length=512, max_target_length=512, warm_up_ratio=0.1, do_train=True, do_eval=True, do_test=True, freeze=False, learning_rate=5e-05, beam_size=10, weight_decay=0.0, adam_epsilon=1e-08, local_rank=-1, seed=42, early_stop_threshold=3)
Process rank: -1, device: cuda, n_gpu: 1, distributed training: False
Model created!!
[[{'text': 'appendToBody.ret();      }     private void generateHashPositionMethod(ClassDefinition classDefinition, CallSiteBinder callSiteBinder, List<Type> joinChannelTypes, List<FieldDefinition> joinChannelFields, FieldDefinition hashChannelField)      {          Parameter blockIndex = arg("blockIndex", int.class);          Parameter blockPosition = arg("blockPosition", int.class);', 'loss_ids': 0, 'shortenable_ids': 1}, {'text': '<mask>', 'loss_ids': 1, 'shortenable_ids': 0}, {'text': 'is the fixed version', 'loss_ids': 0, 'shortenable_ids': 0}], {'guid': 0, 'tgt_text': 'appendToBody.ret();      }     private static void generateHashPositionMethod(ClassDefinition classDefinition, CallSiteBinder callSiteBinder, List<Type> joinChannelTypes, List<FieldDefinition> joinChannelFields, FieldDefinition hashChannelField)      {          Parameter blockIndex = arg("blockIndex", int.class);          Parameter blockPosition = arg("blockPosition", int.class);'}]
***** Running training *****
  Num examples = 223
  Batch size = 4
  Num epoch = 10

***** Running evaluation *****
  Num examples = 28
  Batch size = 4
  epoch = 0
  eval_ppl = 1.1997748128674216e+96
  global_step = 57
  train_loss = 16.4867
  ********************
Previous best ppl:inf
Achieve Best ppl:1.1997748128674216e+96
  ********************
BLEU file: ./data/sstubs/1/validation.jsonl
  codebleu-4 = 93.07 	 Previous best codebleu 0
  ********************
 Achieve Best bleu:93.07
  ********************

***** Running evaluation *****
  Num examples = 28
  Batch size = 4
  epoch = 1
  eval_ppl = 8.77578588825835e+96
  global_step = 113
  train_loss = 3.4054
  ********************
Previous best ppl:1.1997748128674216e+96
BLEU file: ./data/sstubs/1/validation.jsonl
  codebleu-4 = 95.16 	 Previous best codebleu 93.07
  ********************
 Achieve Best bleu:95.16
  ********************

***** Running evaluation *****
  Num examples = 28
  Batch size = 4
  epoch = 2
  eval_ppl = 3.536921536965663e+95
  global_step = 169
  train_loss = 1.9523
  ********************
Previous best ppl:1.1997748128674216e+96
Achieve Best ppl:3.536921536965663e+95
  ********************
BLEU file: ./data/sstubs/1/validation.jsonl
  codebleu-4 = 94.18 	 Previous best codebleu 95.16
  ********************

***** Running evaluation *****
  Num examples = 28
  Batch size = 4
  epoch = 3
  eval_ppl = 1.91767648955816e+99
  global_step = 225
  train_loss = 1.0885
  ********************
Previous best ppl:3.536921536965663e+95
BLEU file: ./data/sstubs/1/validation.jsonl
  codebleu-4 = 93.3 	 Previous best codebleu 95.16
  ********************

***** Running evaluation *****
  Num examples = 28
  Batch size = 4
  epoch = 4
  eval_ppl = 6.712612081268987e+98
  global_step = 281
  train_loss = 0.46
  ********************
Previous best ppl:3.536921536965663e+95
BLEU file: ./data/sstubs/1/validation.jsonl
  codebleu-4 = 94.78 	 Previous best codebleu 95.16
  ********************

***** Running evaluation *****
  Num examples = 28
  Batch size = 4
  epoch = 5
  eval_ppl = 2.883660324715856e+100
  global_step = 337
  train_loss = 0.3732
  ********************
Previous best ppl:3.536921536965663e+95
BLEU file: ./data/sstubs/1/validation.jsonl
  codebleu-4 = 94.88 	 Previous best codebleu 95.16
  ********************
early stopping!!!
reload model from sstubs/1/soft0_codet5p_770m/checkpoint-best-bleu
BLEU file: ./data/sstubs/1/test.jsonl
  codebleu = 96.05 
  Total = 27 
  Exact Fixed = 15 
[1, 4, 5, 6, 7, 9, 12, 13, 16, 17, 20, 21, 24, 26, 27]
  Syntax Fixed = 0 
[]
  Cleaned Fixed = 0 
[]
  ********************
  Total = 27 
  Exact Fixed = 15 
[1, 4, 5, 6, 7, 9, 12, 13, 16, 17, 20, 21, 24, 26, 27]
  Syntax Fixed = 0 
[]
  Cleaned Fixed = 0 
[]
  codebleu = 96.05 
[1.0, 0.9245037448286011, 0.9056583090096291, 1.0, 1.0, 1.0, 1.0, 0.9315722311515438, 1.0, 0.9292254379986697, 0.8910871854638854, 1.0, 1.0, 0.8158463815378669, 0.9136815104017959, 1.0, 1.0, 0.9521775318277603, 0.8955980328281301, 1.0, 1.0, 0.9273308669742027, 0.9120033353993269, 1.0, 0.9339261075829457, 1.0, 1.0]
Finish training and take 8m
Namespace(log_name='./result/sstubs/1/soft0_codet5p_770m.log', model_name='Salesforce/codet5p-770m', lang='java', output_dir='result/sstubs/1/soft0_codet5p_770m', data_dir='./data/sstubs/1', no_cuda=False, visible_gpu='0', num_train_epochs=10, num_test_epochs=1, train_batch_size=4, eval_batch_size=4, gradient_accumulation_steps=1, load_model_path=None, config_name='', tokenizer_name='', max_source_length=512, max_target_length=512, warm_up_ratio=0.1, do_train=True, do_eval=True, do_test=True, freeze=False, learning_rate=5e-05, beam_size=10, weight_decay=0.0, adam_epsilon=1e-08, local_rank=-1, seed=42, early_stop_threshold=3)
Process rank: -1, device: cuda, n_gpu: 1, distributed training: False
Model created!!
[[{'text': 'CLIENT.user_unpinFile(id);    }   public void worker_addCheckpoint(long workerId, int fileId, long fileSizeBytes,         String checkpointPath)             throws FileDoesNotExistException, SuspectedFileSizeException, TException {      CLIENT.worker_addCheckpoint(workerId, fileId, fileSizeBytes, checkpointPath);    }   public void worker_cachedFile(long workerId, long workerUsedBytes, int fileId,         long fileSizeBytes) throws FileDoesNotExistException, SuspectedFileSizeException, TException {      CLIENT.worker_cacheFile(workerId, workerUsedBytes, fileId, fileSizeBytes);    }', 'loss_ids': 0, 'shortenable_ids': 1}, {'text': '<mask>', 'loss_ids': 1, 'shortenable_ids': 0}, {'text': 'is the fixed version', 'loss_ids': 0, 'shortenable_ids': 0}], {'guid': 0, 'tgt_text': 'CLIENT.user_unpinFile(id);    }   public synchronized void worker_addCheckpoint(long workerId, int fileId, long fileSizeBytes,         String checkpointPath)             throws FileDoesNotExistException, SuspectedFileSizeException, TException {      CLIENT.worker_addCheckpoint(workerId, fileId, fileSizeBytes, checkpointPath);    }   public synchronized void worker_cachedFile(long workerId, long workerUsedBytes, int fileId,         long fileSizeBytes) throws FileDoesNotExistException, SuspectedFileSizeException, TException {      CLIENT.worker_cacheFile(workerId, workerUsedBytes, fileId, fileSizeBytes);    }'}]
***** Running training *****
  Num examples = 260
  Batch size = 4
  Num epoch = 10

***** Running evaluation *****
  Num examples = 32
  Batch size = 4
  epoch = 0
  eval_ppl = 1.739557417843427e+116
  global_step = 66
  train_loss = 15.349
  ********************
Previous best ppl:inf
Achieve Best ppl:1.739557417843427e+116
  ********************
BLEU file: ./data/sstubs/1/validation.jsonl
  codebleu-4 = 93.31 	 Previous best codebleu 0
  ********************
 Achieve Best bleu:93.31
  ********************

***** Running evaluation *****
  Num examples = 32
  Batch size = 4
  epoch = 1
  eval_ppl = 1.0933241546139574e+114
  global_step = 131
  train_loss = 3.4556
  ********************
Previous best ppl:1.739557417843427e+116
Achieve Best ppl:1.0933241546139574e+114
  ********************
BLEU file: ./data/sstubs/1/validation.jsonl
  codebleu-4 = 89.74 	 Previous best codebleu 93.31
  ********************

***** Running evaluation *****
  Num examples = 32
  Batch size = 4
  epoch = 2
  eval_ppl = 2.9961441334918214e+116
  global_step = 196
  train_loss = 1.5364
  ********************
Previous best ppl:1.0933241546139574e+114
BLEU file: ./data/sstubs/1/validation.jsonl
  codebleu-4 = 93.24 	 Previous best codebleu 93.31
  ********************

***** Running evaluation *****
  Num examples = 32
  Batch size = 4
  epoch = 3
  eval_ppl = 2.1289396286877494e+111
  global_step = 261
  train_loss = 1.2005
  ********************
Previous best ppl:1.0933241546139574e+114
Achieve Best ppl:2.1289396286877494e+111
  ********************
BLEU file: ./data/sstubs/1/validation.jsonl
  codebleu-4 = 93.67 	 Previous best codebleu 93.31
  ********************
 Achieve Best bleu:93.67
  ********************

***** Running evaluation *****
  Num examples = 32
  Batch size = 4
  epoch = 4
  eval_ppl = 2.89873663600658e+111
  global_step = 326
  train_loss = 0.8336
  ********************
Previous best ppl:2.1289396286877494e+111
BLEU file: ./data/sstubs/1/validation.jsonl
  codebleu-4 = 93.67 	 Previous best codebleu 93.67
  ********************

***** Running evaluation *****
  Num examples = 32
  Batch size = 4
  epoch = 5
  eval_ppl = 8.991008270111603e+114
  global_step = 391
  train_loss = 0.4645
  ********************
Previous best ppl:2.1289396286877494e+111
BLEU file: ./data/sstubs/1/validation.jsonl
  codebleu-4 = 93.67 	 Previous best codebleu 93.67
  ********************

***** Running evaluation *****
  Num examples = 32
  Batch size = 4
  epoch = 6
  eval_ppl = 4.604506711151304e+114
  global_step = 456
  train_loss = 1.3403
  ********************
Previous best ppl:2.1289396286877494e+111
BLEU file: ./data/sstubs/1/validation.jsonl
  codebleu-4 = 93.9 	 Previous best codebleu 93.67
  ********************
 Achieve Best bleu:93.9
  ********************

***** Running evaluation *****
  Num examples = 32
  Batch size = 4
  epoch = 7
  eval_ppl = 2.755021406604776e+115
  global_step = 521
  train_loss = 1.6599
  ********************
Previous best ppl:2.1289396286877494e+111
BLEU file: ./data/sstubs/1/validation.jsonl
  codebleu-4 = 93.9 	 Previous best codebleu 93.9
  ********************

***** Running evaluation *****
  Num examples = 32
  Batch size = 4
  epoch = 8
  eval_ppl = 4.015624255108227e+114
  global_step = 586
  train_loss = 0.3929
  ********************
Previous best ppl:2.1289396286877494e+111
BLEU file: ./data/sstubs/1/validation.jsonl
  codebleu-4 = 93.9 	 Previous best codebleu 93.9
  ********************

***** Running evaluation *****
  Num examples = 32
  Batch size = 4
  epoch = 9
  eval_ppl = 2.715765356006201e+114
  global_step = 651
  train_loss = 0.2911
  ********************
Previous best ppl:2.1289396286877494e+111
BLEU file: ./data/sstubs/1/validation.jsonl
  codebleu-4 = 93.9 	 Previous best codebleu 93.9
  ********************
early stopping!!!
reload model from result/sstubs/1/soft0_codet5p_770m/checkpoint-best-bleu
BLEU file: ./data/sstubs/1/test.jsonl
  codebleu = 91.53 
  Total = 32 
  Exact Fixed = 19 
[5, 6, 8, 10, 12, 15, 16, 19, 22, 23, 24, 25, 26, 27, 28, 29, 30, 31, 32]
  Syntax Fixed = 0 
[]
  Cleaned Fixed = 0 
[]
  ********************
  Total = 32 
  Exact Fixed = 19 
[5, 6, 8, 10, 12, 15, 16, 19, 22, 23, 24, 25, 26, 27, 28, 29, 30, 31, 32]
  Syntax Fixed = 0 
[]
  Cleaned Fixed = 0 
[]
  codebleu = 91.53 
[0.8561340786437819, 0.9370576952964131, 0.6477511215677019, 0.837899604900433, 1.0, 1.0, 0.7308217159428345, 1.0, 0.6303364196389183, 1.0, 0.9383022364276514, 1.0, 0.6772264301009557, 0.9269395879040603, 1.0, 1.0, 0.9372561368734473, 0.9136815104017959, 1.0, 0.7016265496309229, 0.9493239030379825, 1.0, 1.0, 0.8032616077763247, 1.0, 1.0, 1.0, 1.0, 0.8032616077763247, 1.0, 1.0, 1.0]
Finish training and take 17m
