Namespace(log_name='./sstubs/1/soft5_codet5p_220m.log', model_name='Salesforce/codet5p-220m', lang='java', output_dir='sstubs/1/soft5_codet5p_220m', data_dir='./data/sstubs/1', no_cuda=False, visible_gpu='0', num_train_epochs=10, num_test_epochs=1, train_batch_size=4, eval_batch_size=4, gradient_accumulation_steps=1, load_model_path=None, config_name='', tokenizer_name='', max_source_length=512, max_target_length=512, warm_up_ratio=0.1, do_train=True, do_eval=True, do_test=True, freeze=False, learning_rate=5e-05, beam_size=10, weight_decay=0.0, adam_epsilon=1e-08, local_rank=-1, seed=42, early_stop_threshold=3)
Process rank: -1, device: cuda, n_gpu: 1, distributed training: False
Model created!!
[[{'text': 'appendToBody.ret();      }     private void generateHashPositionMethod(ClassDefinition classDefinition, CallSiteBinder callSiteBinder, List<Type> joinChannelTypes, List<FieldDefinition> joinChannelFields, FieldDefinition hashChannelField)      {          Parameter blockIndex = arg("blockIndex", int.class);          Parameter blockPosition = arg("blockPosition", int.class);', 'loss_ids': 0, 'shortenable_ids': 1}, {'text': 'is buggy program', 'loss_ids': 0, 'shortenable_ids': 0}, {'text': '<mask>', 'loss_ids': 1, 'shortenable_ids': 0}, {'text': 'is fixed program', 'loss_ids': 0, 'shortenable_ids': 0}], {'guid': 0, 'tgt_text': 'appendToBody.ret();      }     private static void generateHashPositionMethod(ClassDefinition classDefinition, CallSiteBinder callSiteBinder, List<Type> joinChannelTypes, List<FieldDefinition> joinChannelFields, FieldDefinition hashChannelField)      {          Parameter blockIndex = arg("blockIndex", int.class);          Parameter blockPosition = arg("blockPosition", int.class);'}]
***** Running training *****
  Num examples = 223
  Batch size = 4
  Num epoch = 10

***** Running evaluation *****
  Num examples = 28
  Batch size = 4
  epoch = 0
  eval_ppl = 2.2672581440237998e+94
  global_step = 57
  train_loss = 19.785
  ********************
Previous best ppl:inf
Achieve Best ppl:2.2672581440237998e+94
  ********************
BLEU file: ./data/sstubs/1/validation.jsonl
  codebleu-4 = 92.82 	 Previous best codebleu 0
  ********************
 Achieve Best bleu:92.82
  ********************

***** Running evaluation *****
  Num examples = 28
  Batch size = 4
  epoch = 1
  eval_ppl = 2.4542128028615573e+101
  global_step = 113
  train_loss = 4.593
  ********************
Previous best ppl:2.2672581440237998e+94
BLEU file: ./data/sstubs/1/validation.jsonl
  codebleu-4 = 94.1 	 Previous best codebleu 92.82
  ********************
 Achieve Best bleu:94.1
  ********************

***** Running evaluation *****
  Num examples = 28
  Batch size = 4
  epoch = 2
  eval_ppl = 4.741656065456078e+89
  global_step = 169
  train_loss = 2.6988
  ********************
Previous best ppl:2.2672581440237998e+94
Achieve Best ppl:4.741656065456078e+89
  ********************
BLEU file: ./data/sstubs/1/validation.jsonl
  codebleu-4 = 92.67 	 Previous best codebleu 94.1
  ********************

***** Running evaluation *****
  Num examples = 28
  Batch size = 4
  epoch = 3
  eval_ppl = 4.146236470792107e+101
  global_step = 225
  train_loss = 1.474
  ********************
Previous best ppl:4.741656065456078e+89
BLEU file: ./data/sstubs/1/validation.jsonl
  codebleu-4 = 93.16 	 Previous best codebleu 94.1
  ********************

***** Running evaluation *****
  Num examples = 28
  Batch size = 4
  epoch = 4
  eval_ppl = 7.493414934669182e+101
  global_step = 281
  train_loss = 0.7397
  ********************
Previous best ppl:4.741656065456078e+89
BLEU file: ./data/sstubs/1/validation.jsonl
  codebleu-4 = 93.41 	 Previous best codebleu 94.1
  ********************

***** Running evaluation *****
  Num examples = 28
  Batch size = 4
  epoch = 5
  eval_ppl = 1.7735601499320528e+102
  global_step = 337
  train_loss = 0.4393
  ********************
Previous best ppl:4.741656065456078e+89
BLEU file: ./data/sstubs/1/validation.jsonl
  codebleu-4 = 94.04 	 Previous best codebleu 94.1
  ********************
early stopping!!!
reload model from sstubs/1/soft5_codet5p_220m/checkpoint-best-bleu
BLEU file: ./data/sstubs/1/test.jsonl
  codebleu = 95.83 
  Total = 27 
  Exact Fixed = 12 
[1, 4, 5, 6, 9, 12, 13, 17, 20, 21, 26, 27]
  Syntax Fixed = 0 
[]
  Cleaned Fixed = 0 
[]
  ********************
  Total = 27 
  Exact Fixed = 12 
[1, 4, 5, 6, 9, 12, 13, 17, 20, 21, 26, 27]
  Syntax Fixed = 0 
[]
  Cleaned Fixed = 0 
[]
  codebleu = 95.83 
[1.0, 0.9245037448286011, 0.9056583090096291, 1.0, 1.0, 1.0, 0.9523104352365284, 0.9315722311515438, 1.0, 0.9406018863753673, 0.9133094076861077, 1.0, 1.0, 0.8158463815378669, 0.9136815104017959, 0.973200733636699, 1.0, 0.9521775318277603, 0.8955980328281301, 1.0, 1.0, 0.9439975336408695, 0.9120033353993269, 0.9655267507815484, 0.9339261075829457, 1.0, 1.0]
Finish training and take 3m
Namespace(log_name='./result/sstubs/1/soft5_codet5p_220m.log', model_name='Salesforce/codet5p-220m', lang='java', output_dir='result/sstubs/1/soft5_codet5p_220m', data_dir='./data/sstubs/1', no_cuda=False, visible_gpu='0', num_train_epochs=10, num_test_epochs=1, train_batch_size=4, eval_batch_size=4, gradient_accumulation_steps=1, load_model_path=None, config_name='', tokenizer_name='', max_source_length=512, max_target_length=512, warm_up_ratio=0.1, do_train=True, do_eval=True, do_test=True, freeze=False, learning_rate=5e-05, beam_size=10, weight_decay=0.0, adam_epsilon=1e-08, local_rank=-1, seed=42, early_stop_threshold=3)
Process rank: -1, device: cuda, n_gpu: 1, distributed training: False
Model created!!
[[{'text': 'CLIENT.user_unpinFile(id);    }   public void worker_addCheckpoint(long workerId, int fileId, long fileSizeBytes,         String checkpointPath)             throws FileDoesNotExistException, SuspectedFileSizeException, TException {      CLIENT.worker_addCheckpoint(workerId, fileId, fileSizeBytes, checkpointPath);    }   public void worker_cachedFile(long workerId, long workerUsedBytes, int fileId,         long fileSizeBytes) throws FileDoesNotExistException, SuspectedFileSizeException, TException {      CLIENT.worker_cacheFile(workerId, workerUsedBytes, fileId, fileSizeBytes);    }', 'loss_ids': 0, 'shortenable_ids': 1}, {'text': 'is buggy program', 'loss_ids': 0, 'shortenable_ids': 0}, {'text': '<mask>', 'loss_ids': 1, 'shortenable_ids': 0}, {'text': 'is fixed program', 'loss_ids': 0, 'shortenable_ids': 0}], {'guid': 0, 'tgt_text': 'CLIENT.user_unpinFile(id);    }   public synchronized void worker_addCheckpoint(long workerId, int fileId, long fileSizeBytes,         String checkpointPath)             throws FileDoesNotExistException, SuspectedFileSizeException, TException {      CLIENT.worker_addCheckpoint(workerId, fileId, fileSizeBytes, checkpointPath);    }   public synchronized void worker_cachedFile(long workerId, long workerUsedBytes, int fileId,         long fileSizeBytes) throws FileDoesNotExistException, SuspectedFileSizeException, TException {      CLIENT.worker_cacheFile(workerId, workerUsedBytes, fileId, fileSizeBytes);    }'}]
***** Running training *****
  Num examples = 260
  Batch size = 4
  Num epoch = 10

***** Running evaluation *****
  Num examples = 32
  Batch size = 4
  epoch = 0
  eval_ppl = 5.182323567096187e+115
  global_step = 66
  train_loss = 19.475
  ********************
Previous best ppl:inf
Achieve Best ppl:5.182323567096187e+115
  ********************
BLEU file: ./data/sstubs/1/validation.jsonl
  codebleu-4 = 92.69 	 Previous best codebleu 0
  ********************
 Achieve Best bleu:92.69
  ********************

***** Running evaluation *****
  Num examples = 32
  Batch size = 4
  epoch = 1
  eval_ppl = 1.4424469071264908e+113
  global_step = 131
  train_loss = 4.5207
  ********************
Previous best ppl:5.182323567096187e+115
Achieve Best ppl:1.4424469071264908e+113
  ********************
BLEU file: ./data/sstubs/1/validation.jsonl
  codebleu-4 = 91.72 	 Previous best codebleu 92.69
  ********************

***** Running evaluation *****
  Num examples = 32
  Batch size = 4
  epoch = 2
  eval_ppl = 1.2563653798831388e+122
  global_step = 196
  train_loss = 2.5811
  ********************
Previous best ppl:1.4424469071264908e+113
BLEU file: ./data/sstubs/1/validation.jsonl
  codebleu-4 = 93.78 	 Previous best codebleu 92.69
  ********************
 Achieve Best bleu:93.78
  ********************

***** Running evaluation *****
  Num examples = 32
  Batch size = 4
  epoch = 3
  eval_ppl = 3.403630318408878e+121
  global_step = 261
  train_loss = 1.5064
  ********************
Previous best ppl:1.4424469071264908e+113
BLEU file: ./data/sstubs/1/validation.jsonl
  codebleu-4 = 94.07 	 Previous best codebleu 93.78
  ********************
 Achieve Best bleu:94.07
  ********************

***** Running evaluation *****
  Num examples = 32
  Batch size = 4
  epoch = 4
  eval_ppl = 4.432240016206195e+124
  global_step = 326
  train_loss = 0.911
  ********************
Previous best ppl:1.4424469071264908e+113
BLEU file: ./data/sstubs/1/validation.jsonl
  codebleu-4 = 95.13 	 Previous best codebleu 94.07
  ********************
 Achieve Best bleu:95.13
  ********************

***** Running evaluation *****
  Num examples = 32
  Batch size = 4
  epoch = 5
  eval_ppl = 1.5318412786333911e+125
  global_step = 391
  train_loss = 0.6426
  ********************
Previous best ppl:1.4424469071264908e+113
BLEU file: ./data/sstubs/1/validation.jsonl
  codebleu-4 = 94.68 	 Previous best codebleu 95.13
  ********************

***** Running evaluation *****
  Num examples = 32
  Batch size = 4
  epoch = 6
  eval_ppl = 4.470543737228405e+122
  global_step = 456
  train_loss = 0.3819
  ********************
Previous best ppl:1.4424469071264908e+113
BLEU file: ./data/sstubs/1/validation.jsonl
  codebleu-4 = 94.68 	 Previous best codebleu 95.13
  ********************

***** Running evaluation *****
  Num examples = 32
  Batch size = 4
  epoch = 7
  eval_ppl = 8.652476525020635e+122
  global_step = 521
  train_loss = 0.3944
  ********************
Previous best ppl:1.4424469071264908e+113
BLEU file: ./data/sstubs/1/validation.jsonl
  codebleu-4 = 94.3 	 Previous best codebleu 95.13
  ********************
early stopping!!!
reload model from result/sstubs/1/soft5_codet5p_220m/checkpoint-best-bleu
BLEU file: ./data/sstubs/1/test.jsonl
  codebleu = 93.75 
  Total = 32 
  Exact Fixed = 19 
[5, 6, 8, 10, 14, 15, 16, 19, 22, 23, 24, 25, 26, 27, 28, 29, 30, 31, 32]
  Syntax Fixed = 0 
[]
  Cleaned Fixed = 0 
[]
  ********************
  Total = 32 
  Exact Fixed = 19 
[5, 6, 8, 10, 14, 15, 16, 19, 22, 23, 24, 25, 26, 27, 28, 29, 30, 31, 32]
  Syntax Fixed = 0 
[]
  Cleaned Fixed = 0 
[]
  codebleu = 93.75 
[0.8824709043482357, 0.9370576952964131, 0.8605182155863231, 0.837899604900433, 1.0, 1.0, 0.7308217159428345, 1.0, 0.9546221339246326, 1.0, 0.9383022364276514, 0.8107613352737074, 0.6772264301009557, 1.0, 1.0, 1.0, 0.9372561368734473, 0.8761815104017958, 1.0, 0.7016265496309229, 0.9493239030379825, 1.0, 1.0, 0.9532616077763247, 1.0, 1.0, 1.0, 1.0, 0.9532616077763247, 1.0, 1.0, 1.0]
Finish training and take 4m
