Namespace(log_name='./sstubs/1/soft6_codet5p_220m.log', model_name='Salesforce/codet5p-220m', lang='java', output_dir='sstubs/1/soft6_codet5p_220m', data_dir='./data/sstubs/1', no_cuda=False, visible_gpu='0', num_train_epochs=10, num_test_epochs=1, train_batch_size=4, eval_batch_size=4, gradient_accumulation_steps=1, load_model_path=None, config_name='', tokenizer_name='', max_source_length=512, max_target_length=512, warm_up_ratio=0.1, do_train=True, do_eval=True, do_test=True, freeze=False, learning_rate=5e-05, beam_size=10, weight_decay=0.0, adam_epsilon=1e-08, local_rank=-1, seed=42, early_stop_threshold=3)
Process rank: -1, device: cuda, n_gpu: 1, distributed training: False
Model created!!
[[{'text': 'Fix', 'loss_ids': 0, 'shortenable_ids': 0}, {'text': ' appendToBody.ret();      }     private void generateHashPositionMethod(ClassDefinition classDefinition, CallSiteBinder callSiteBinder, List<Type> joinChannelTypes, List<FieldDefinition> joinChannelFields, FieldDefinition hashChannelField)      {          Parameter blockIndex = arg("blockIndex", int.class);          Parameter blockPosition = arg("blockPosition", int.class);', 'loss_ids': 0, 'shortenable_ids': 1}, {'text': 'is buggy program', 'loss_ids': 0, 'shortenable_ids': 0}, {'text': '<mask>', 'loss_ids': 1, 'shortenable_ids': 0}, {'text': 'is fixed program', 'loss_ids': 0, 'shortenable_ids': 0}], {'guid': 0, 'tgt_text': 'appendToBody.ret();      }     private static void generateHashPositionMethod(ClassDefinition classDefinition, CallSiteBinder callSiteBinder, List<Type> joinChannelTypes, List<FieldDefinition> joinChannelFields, FieldDefinition hashChannelField)      {          Parameter blockIndex = arg("blockIndex", int.class);          Parameter blockPosition = arg("blockPosition", int.class);'}]
***** Running training *****
  Num examples = 223
  Batch size = 4
  Num epoch = 10

***** Running evaluation *****
  Num examples = 28
  Batch size = 4
  epoch = 0
  eval_ppl = 1.3843837486366126e+95
  global_step = 57
  train_loss = 17.6747
  ********************
Previous best ppl:inf
Achieve Best ppl:1.3843837486366126e+95
  ********************
BLEU file: ./data/sstubs/1/validation.jsonl
  codebleu-4 = 92.09 	 Previous best codebleu 0
  ********************
 Achieve Best bleu:92.09
  ********************

***** Running evaluation *****
  Num examples = 28
  Batch size = 4
  epoch = 1
  eval_ppl = 2.55737350195642e+95
  global_step = 113
  train_loss = 4.2835
  ********************
Previous best ppl:1.3843837486366126e+95
BLEU file: ./data/sstubs/1/validation.jsonl
  codebleu-4 = 93.95 	 Previous best codebleu 92.09
  ********************
 Achieve Best bleu:93.95
  ********************

***** Running evaluation *****
  Num examples = 28
  Batch size = 4
  epoch = 2
  eval_ppl = 3.553993468893751e+97
  global_step = 169
  train_loss = 2.3947
  ********************
Previous best ppl:1.3843837486366126e+95
BLEU file: ./data/sstubs/1/validation.jsonl
  codebleu-4 = 94.17 	 Previous best codebleu 93.95
  ********************
 Achieve Best bleu:94.17
  ********************

***** Running evaluation *****
  Num examples = 28
  Batch size = 4
  epoch = 3
  eval_ppl = 4.911063775619984e+99
  global_step = 225
  train_loss = 1.436
  ********************
Previous best ppl:1.3843837486366126e+95
BLEU file: ./data/sstubs/1/validation.jsonl
  codebleu-4 = 93.73 	 Previous best codebleu 94.17
  ********************

***** Running evaluation *****
  Num examples = 28
  Batch size = 4
  epoch = 4
  eval_ppl = 1.9474212980629206e+98
  global_step = 281
  train_loss = 0.7703
  ********************
Previous best ppl:1.3843837486366126e+95
BLEU file: ./data/sstubs/1/validation.jsonl
  codebleu-4 = 94.19 	 Previous best codebleu 94.17
  ********************
 Achieve Best bleu:94.19
  ********************

***** Running evaluation *****
  Num examples = 28
  Batch size = 4
  epoch = 5
  eval_ppl = 1.7100631888882564e+99
  global_step = 337
  train_loss = 0.4858
  ********************
Previous best ppl:1.3843837486366126e+95
BLEU file: ./data/sstubs/1/validation.jsonl
  codebleu-4 = 94.11 	 Previous best codebleu 94.19
  ********************

***** Running evaluation *****
  Num examples = 28
  Batch size = 4
  epoch = 6
  eval_ppl = 2.888359806998965e+99
  global_step = 393
  train_loss = 0.3155
  ********************
Previous best ppl:1.3843837486366126e+95
BLEU file: ./data/sstubs/1/validation.jsonl
  codebleu-4 = 94.15 	 Previous best codebleu 94.19
  ********************

***** Running evaluation *****
  Num examples = 28
  Batch size = 4
  epoch = 7
  eval_ppl = 3.2270694045731585e+99
  global_step = 449
  train_loss = 0.2404
  ********************
Previous best ppl:1.3843837486366126e+95
BLEU file: ./data/sstubs/1/validation.jsonl
  codebleu-4 = 94.15 	 Previous best codebleu 94.19
  ********************
early stopping!!!
reload model from sstubs/1/soft6_codet5p_220m/checkpoint-best-bleu
BLEU file: ./data/sstubs/1/test.jsonl
  codebleu = 96.19 
  Total = 27 
  Exact Fixed = 16 
[1, 4, 5, 6, 7, 9, 10, 12, 13, 16, 17, 20, 21, 24, 26, 27]
  Syntax Fixed = 0 
[]
  Cleaned Fixed = 0 
[]
  ********************
  Total = 27 
  Exact Fixed = 16 
[1, 4, 5, 6, 7, 9, 10, 12, 13, 16, 17, 20, 21, 24, 26, 27]
  Syntax Fixed = 0 
[]
  Cleaned Fixed = 0 
[]
  codebleu = 96.19 
[1.0, 0.9245037448286011, 0.9056583090096291, 1.0, 1.0, 1.0, 1.0, 0.9315722311515438, 1.0, 1.0, 0.8910871854638854, 1.0, 1.0, 0.8158463815378669, 0.9136815104017959, 1.0, 1.0, 0.9188441984944269, 0.8955980328281301, 1.0, 1.0, 0.9273308669742027, 0.9120033353993269, 1.0, 0.9339261075829457, 1.0, 1.0]
Finish training and take 3m
Namespace(log_name='./result/sstubs/1/soft6_codet5p_220m.log', model_name='Salesforce/codet5p-220m', lang='java', output_dir='result/sstubs/1/soft6_codet5p_220m', data_dir='./data/sstubs/1', no_cuda=False, visible_gpu='0', num_train_epochs=10, num_test_epochs=1, train_batch_size=4, eval_batch_size=4, gradient_accumulation_steps=1, load_model_path=None, config_name='', tokenizer_name='', max_source_length=512, max_target_length=512, warm_up_ratio=0.1, do_train=True, do_eval=True, do_test=True, freeze=False, learning_rate=5e-05, beam_size=10, weight_decay=0.0, adam_epsilon=1e-08, local_rank=-1, seed=42, early_stop_threshold=3)
Process rank: -1, device: cuda, n_gpu: 1, distributed training: False
Model created!!
[[{'text': 'Fix', 'loss_ids': 0, 'shortenable_ids': 0}, {'text': ' CLIENT.user_unpinFile(id);    }   public void worker_addCheckpoint(long workerId, int fileId, long fileSizeBytes,         String checkpointPath)             throws FileDoesNotExistException, SuspectedFileSizeException, TException {      CLIENT.worker_addCheckpoint(workerId, fileId, fileSizeBytes, checkpointPath);    }   public void worker_cachedFile(long workerId, long workerUsedBytes, int fileId,         long fileSizeBytes) throws FileDoesNotExistException, SuspectedFileSizeException, TException {      CLIENT.worker_cacheFile(workerId, workerUsedBytes, fileId, fileSizeBytes);    }', 'loss_ids': 0, 'shortenable_ids': 1}, {'text': 'is buggy program', 'loss_ids': 0, 'shortenable_ids': 0}, {'text': '<mask>', 'loss_ids': 1, 'shortenable_ids': 0}, {'text': 'is fixed program', 'loss_ids': 0, 'shortenable_ids': 0}], {'guid': 0, 'tgt_text': 'CLIENT.user_unpinFile(id);    }   public synchronized void worker_addCheckpoint(long workerId, int fileId, long fileSizeBytes,         String checkpointPath)             throws FileDoesNotExistException, SuspectedFileSizeException, TException {      CLIENT.worker_addCheckpoint(workerId, fileId, fileSizeBytes, checkpointPath);    }   public synchronized void worker_cachedFile(long workerId, long workerUsedBytes, int fileId,         long fileSizeBytes) throws FileDoesNotExistException, SuspectedFileSizeException, TException {      CLIENT.worker_cacheFile(workerId, workerUsedBytes, fileId, fileSizeBytes);    }'}]
***** Running training *****
  Num examples = 260
  Batch size = 4
  Num epoch = 10

***** Running evaluation *****
  Num examples = 32
  Batch size = 4
  epoch = 0
  eval_ppl = 3.016349767018365e+108
  global_step = 66
  train_loss = 17.3583
  ********************
Previous best ppl:inf
Achieve Best ppl:3.016349767018365e+108
  ********************
BLEU file: ./data/sstubs/1/validation.jsonl
  codebleu-4 = 93.77 	 Previous best codebleu 0
  ********************
 Achieve Best bleu:93.77
  ********************

***** Running evaluation *****
  Num examples = 32
  Batch size = 4
  epoch = 1
  eval_ppl = 9.135762216295239e+113
  global_step = 131
  train_loss = 4.2727
  ********************
Previous best ppl:3.016349767018365e+108
BLEU file: ./data/sstubs/1/validation.jsonl
  codebleu-4 = 93.78 	 Previous best codebleu 93.77
  ********************
 Achieve Best bleu:93.78
  ********************

***** Running evaluation *****
  Num examples = 32
  Batch size = 4
  epoch = 2
  eval_ppl = 9.494820433403691e+125
  global_step = 196
  train_loss = 2.1847
  ********************
Previous best ppl:3.016349767018365e+108
BLEU file: ./data/sstubs/1/validation.jsonl
  codebleu-4 = 91.95 	 Previous best codebleu 93.78
  ********************

***** Running evaluation *****
  Num examples = 32
  Batch size = 4
  epoch = 3
  eval_ppl = 1.0798308141280561e+126
  global_step = 261
  train_loss = 1.528
  ********************
Previous best ppl:3.016349767018365e+108
BLEU file: ./data/sstubs/1/validation.jsonl
  codebleu-4 = 93.66 	 Previous best codebleu 93.78
  ********************

***** Running evaluation *****
  Num examples = 32
  Batch size = 4
  epoch = 4
  eval_ppl = 2.237406098661261e+128
  global_step = 326
  train_loss = 0.8881
  ********************
Previous best ppl:3.016349767018365e+108
BLEU file: ./data/sstubs/1/validation.jsonl
  codebleu-4 = 94.24 	 Previous best codebleu 93.78
  ********************
 Achieve Best bleu:94.24
  ********************

***** Running evaluation *****
  Num examples = 32
  Batch size = 4
  epoch = 5
  eval_ppl = 1.3178022620193186e+125
  global_step = 391
  train_loss = 0.6507
  ********************
Previous best ppl:3.016349767018365e+108
BLEU file: ./data/sstubs/1/validation.jsonl
  codebleu-4 = 94.15 	 Previous best codebleu 94.24
  ********************

***** Running evaluation *****
  Num examples = 32
  Batch size = 4
  epoch = 6
  eval_ppl = 1.66961889016777e+126
  global_step = 456
  train_loss = 0.3323
  ********************
Previous best ppl:3.016349767018365e+108
BLEU file: ./data/sstubs/1/validation.jsonl
  codebleu-4 = 94.01 	 Previous best codebleu 94.24
  ********************

***** Running evaluation *****
  Num examples = 32
  Batch size = 4
  epoch = 7
  eval_ppl = 9.644383796170146e+126
  global_step = 521
  train_loss = 0.2865
  ********************
Previous best ppl:3.016349767018365e+108
BLEU file: ./data/sstubs/1/validation.jsonl
  codebleu-4 = 94.01 	 Previous best codebleu 94.24
  ********************
early stopping!!!
reload model from result/sstubs/1/soft6_codet5p_220m/checkpoint-best-bleu
BLEU file: ./data/sstubs/1/test.jsonl
  codebleu = 93.41 
  Total = 32 
  Exact Fixed = 20 
[5, 6, 8, 10, 12, 14, 15, 16, 19, 22, 23, 24, 25, 26, 27, 28, 29, 30, 31, 32]
  Syntax Fixed = 0 
[]
  Cleaned Fixed = 0 
[]
  ********************
  Total = 32 
  Exact Fixed = 20 
[5, 6, 8, 10, 12, 14, 15, 16, 19, 22, 23, 24, 25, 26, 27, 28, 29, 30, 31, 32]
  Syntax Fixed = 0 
[]
  Cleaned Fixed = 0 
[]
  codebleu = 93.41 
[0.8824709043482357, 0.9370576952964131, 0.8605182155863231, 0.837899604900433, 1.0, 1.0, 0.7308217159428345, 1.0, 0.9546221339246326, 1.0, 0.9383022364276514, 1.0, 0.6772264301009557, 1.0, 1.0, 1.0, 0.9372561368734473, 0.8761815104017958, 1.0, 0.7016265496309229, 0.9493239030379825, 1.0, 1.0, 0.8032616077763247, 1.0, 1.0, 1.0, 1.0, 0.8032616077763247, 1.0, 1.0, 1.0]
Finish training and take 5m
