Namespace(log_name='./sstubs/1/soft7_codet5p_770m.log', model_name='Salesforce/codet5p-770m', lang='java', output_dir='sstubs/1/soft7_codet5p_770m', data_dir='./data/sstubs/1', no_cuda=False, visible_gpu='0', num_train_epochs=10, num_test_epochs=1, train_batch_size=4, eval_batch_size=4, gradient_accumulation_steps=1, load_model_path=None, config_name='', tokenizer_name='', max_source_length=512, max_target_length=512, warm_up_ratio=0.1, do_train=True, do_eval=True, do_test=True, freeze=False, learning_rate=5e-05, beam_size=10, weight_decay=0.0, adam_epsilon=1e-08, local_rank=-1, seed=42, early_stop_threshold=3)
Process rank: -1, device: cuda, n_gpu: 1, distributed training: False
Model created!!
[[{'text': 'Please fix an buggy program', 'loss_ids': 0, 'shortenable_ids': 0}, {'text': ' appendToBody.ret();      }     private void generateHashPositionMethod(ClassDefinition classDefinition, CallSiteBinder callSiteBinder, List<Type> joinChannelTypes, List<FieldDefinition> joinChannelFields, FieldDefinition hashChannelField)      {          Parameter blockIndex = arg("blockIndex", int.class);          Parameter blockPosition = arg("blockPosition", int.class);', 'loss_ids': 0, 'shortenable_ids': 1}, {'text': 'the bug type is', 'loss_ids': 0, 'shortenable_ids': 0}, {'text': ' Change Modifier', 'loss_ids': 0, 'shortenable_ids': 1}, {'text': '.', 'loss_ids': 0, 'shortenable_ids': 0}, {'text': '<mask>', 'loss_ids': 1, 'shortenable_ids': 0}, {'text': 'is the fixed version', 'loss_ids': 0, 'shortenable_ids': 0}], {'guid': 0, 'tgt_text': 'appendToBody.ret();      }     private static void generateHashPositionMethod(ClassDefinition classDefinition, CallSiteBinder callSiteBinder, List<Type> joinChannelTypes, List<FieldDefinition> joinChannelFields, FieldDefinition hashChannelField)      {          Parameter blockIndex = arg("blockIndex", int.class);          Parameter blockPosition = arg("blockPosition", int.class);'}]
***** Running training *****
  Num examples = 223
  Batch size = 4
  Num epoch = 10

***** Running evaluation *****
  Num examples = 28
  Batch size = 4
  epoch = 0
  eval_ppl = 9.666768431101691e+94
  global_step = 57
  train_loss = 14.8965
  ********************
Previous best ppl:inf
Achieve Best ppl:9.666768431101691e+94
  ********************
BLEU file: ./data/sstubs/1/validation.jsonl
  codebleu-4 = 93.37 	 Previous best codebleu 0
  ********************
 Achieve Best bleu:93.37
  ********************

***** Running evaluation *****
  Num examples = 28
  Batch size = 4
  epoch = 1
  eval_ppl = 7.171953786196798e+89
  global_step = 113
  train_loss = 3.2398
  ********************
Previous best ppl:9.666768431101691e+94
Achieve Best ppl:7.171953786196798e+89
  ********************
BLEU file: ./data/sstubs/1/validation.jsonl
  codebleu-4 = 91.49 	 Previous best codebleu 93.37
  ********************

***** Running evaluation *****
  Num examples = 28
  Batch size = 4
  epoch = 2
  eval_ppl = 1.0256481734585015e+103
  global_step = 169
  train_loss = 1.5014
  ********************
Previous best ppl:7.171953786196798e+89
BLEU file: ./data/sstubs/1/validation.jsonl
  codebleu-4 = 93.44 	 Previous best codebleu 93.37
  ********************
 Achieve Best bleu:93.44
  ********************

***** Running evaluation *****
  Num examples = 28
  Batch size = 4
  epoch = 3
  eval_ppl = 2.1187052557486356e+98
  global_step = 225
  train_loss = 1.0875
  ********************
Previous best ppl:7.171953786196798e+89
BLEU file: ./data/sstubs/1/validation.jsonl
  codebleu-4 = 93.59 	 Previous best codebleu 93.44
  ********************
 Achieve Best bleu:93.59
  ********************

***** Running evaluation *****
  Num examples = 28
  Batch size = 4
  epoch = 4
  eval_ppl = 6.227694590462625e+105
  global_step = 281
  train_loss = 1.2435
  ********************
Previous best ppl:7.171953786196798e+89
BLEU file: ./data/sstubs/1/validation.jsonl
  codebleu-4 = 94.06 	 Previous best codebleu 93.59
  ********************
 Achieve Best bleu:94.06
  ********************

***** Running evaluation *****
  Num examples = 28
  Batch size = 4
  epoch = 5
  eval_ppl = 1.6663314278735695e+106
  global_step = 337
  train_loss = 0.7242
  ********************
Previous best ppl:7.171953786196798e+89
BLEU file: ./data/sstubs/1/validation.jsonl
  codebleu-4 = 94.69 	 Previous best codebleu 94.06
  ********************
 Achieve Best bleu:94.69
  ********************

***** Running evaluation *****
  Num examples = 28
  Batch size = 4
  epoch = 6
  eval_ppl = 6.375359035447104e+106
  global_step = 393
  train_loss = 0.1852
  ********************
Previous best ppl:7.171953786196798e+89
BLEU file: ./data/sstubs/1/validation.jsonl
  codebleu-4 = 94.47 	 Previous best codebleu 94.69
  ********************

***** Running evaluation *****
  Num examples = 28
  Batch size = 4
  epoch = 7
  eval_ppl = 3.227119471628506e+107
  global_step = 449
  train_loss = 0.1046
  ********************
Previous best ppl:7.171953786196798e+89
BLEU file: ./data/sstubs/1/validation.jsonl
  codebleu-4 = 94.47 	 Previous best codebleu 94.69
  ********************

***** Running evaluation *****
  Num examples = 28
  Batch size = 4
  epoch = 8
  eval_ppl = 3.739119739199886e+110
  global_step = 505
  train_loss = 0.1726
  ********************
Previous best ppl:7.171953786196798e+89
BLEU file: ./data/sstubs/1/validation.jsonl
  codebleu-4 = 94.47 	 Previous best codebleu 94.69
  ********************
early stopping!!!
reload model from sstubs/1/soft7_codet5p_770m/checkpoint-best-bleu
BLEU file: ./data/sstubs/1/test.jsonl
  codebleu = 96.25 
  Total = 27 
  Exact Fixed = 16 
[1, 4, 5, 6, 7, 9, 10, 12, 13, 16, 17, 20, 21, 24, 26, 27]
  Syntax Fixed = 0 
[]
  Cleaned Fixed = 0 
[]
  ********************
  Total = 27 
  Exact Fixed = 16 
[1, 4, 5, 6, 7, 9, 10, 12, 13, 16, 17, 20, 21, 24, 26, 27]
  Syntax Fixed = 0 
[]
  Cleaned Fixed = 0 
[]
  codebleu = 96.25 
[1.0, 0.9245037448286011, 0.9056583090096291, 1.0, 1.0, 1.0, 1.0, 0.9315722311515438, 1.0, 1.0, 0.8910871854638854, 1.0, 1.0, 0.8158463815378669, 0.9136815104017959, 1.0, 1.0, 0.9188441984944269, 0.8955980328281301, 1.0, 1.0, 0.9439975336408695, 0.9120033353993269, 1.0, 0.9339261075829457, 1.0, 1.0]
Finish training and take 8m
Namespace(log_name='./result/sstubs/1/soft7_codet5p_770m.log', model_name='Salesforce/codet5p-770m', lang='java', output_dir='result/sstubs/1/soft7_codet5p_770m', data_dir='./data/sstubs/1', no_cuda=False, visible_gpu='0', num_train_epochs=10, num_test_epochs=1, train_batch_size=4, eval_batch_size=4, gradient_accumulation_steps=1, load_model_path=None, config_name='', tokenizer_name='', max_source_length=512, max_target_length=512, warm_up_ratio=0.1, do_train=True, do_eval=True, do_test=True, freeze=False, learning_rate=5e-05, beam_size=10, weight_decay=0.0, adam_epsilon=1e-08, local_rank=-1, seed=42, early_stop_threshold=3)
Process rank: -1, device: cuda, n_gpu: 1, distributed training: False
Model created!!
[[{'text': 'Please fix a buggy program', 'loss_ids': 0, 'shortenable_ids': 0}, {'text': ' CLIENT.user_unpinFile(id);    }   public void worker_addCheckpoint(long workerId, int fileId, long fileSizeBytes,         String checkpointPath)             throws FileDoesNotExistException, SuspectedFileSizeException, TException {      CLIENT.worker_addCheckpoint(workerId, fileId, fileSizeBytes, checkpointPath);    }   public void worker_cachedFile(long workerId, long workerUsedBytes, int fileId,         long fileSizeBytes) throws FileDoesNotExistException, SuspectedFileSizeException, TException {      CLIENT.worker_cacheFile(workerId, workerUsedBytes, fileId, fileSizeBytes);    }', 'loss_ids': 0, 'shortenable_ids': 1}, {'text': 'the bug type is', 'loss_ids': 0, 'shortenable_ids': 0}, {'text': ' Change Modifier', 'loss_ids': 0, 'shortenable_ids': 0}, {'text': '.', 'loss_ids': 0, 'shortenable_ids': 0}, {'text': '<mask>', 'loss_ids': 1, 'shortenable_ids': 0}, {'text': 'is the fixed version', 'loss_ids': 0, 'shortenable_ids': 0}], {'guid': 0, 'tgt_text': 'CLIENT.user_unpinFile(id);    }   public synchronized void worker_addCheckpoint(long workerId, int fileId, long fileSizeBytes,         String checkpointPath)             throws FileDoesNotExistException, SuspectedFileSizeException, TException {      CLIENT.worker_addCheckpoint(workerId, fileId, fileSizeBytes, checkpointPath);    }   public synchronized void worker_cachedFile(long workerId, long workerUsedBytes, int fileId,         long fileSizeBytes) throws FileDoesNotExistException, SuspectedFileSizeException, TException {      CLIENT.worker_cacheFile(workerId, workerUsedBytes, fileId, fileSizeBytes);    }'}]
***** Running training *****
  Num examples = 260
  Batch size = 4
  Num epoch = 10

***** Running evaluation *****
  Num examples = 32
  Batch size = 4
  epoch = 0
  eval_ppl = 1.2099207120724777e+111
  global_step = 66
  train_loss = 14.6145
  ********************
Previous best ppl:inf
Achieve Best ppl:1.2099207120724777e+111
  ********************
BLEU file: ./data/sstubs/1/validation.jsonl
  codebleu-4 = 93.41 	 Previous best codebleu 0
  ********************
 Achieve Best bleu:93.41
  ********************

***** Running evaluation *****
  Num examples = 32
  Batch size = 4
  epoch = 1
  eval_ppl = 5.516158397046592e+105
  global_step = 131
  train_loss = 3.0228
  ********************
Previous best ppl:1.2099207120724777e+111
Achieve Best ppl:5.516158397046592e+105
  ********************
BLEU file: ./data/sstubs/1/validation.jsonl
  codebleu-4 = 91.35 	 Previous best codebleu 93.41
  ********************

***** Running evaluation *****
  Num examples = 32
  Batch size = 4
  epoch = 2
  eval_ppl = 4.1346906262956326e+116
  global_step = 196
  train_loss = 1.9469
  ********************
Previous best ppl:5.516158397046592e+105
BLEU file: ./data/sstubs/1/validation.jsonl
  codebleu-4 = 93.73 	 Previous best codebleu 93.41
  ********************
 Achieve Best bleu:93.73
  ********************

***** Running evaluation *****
  Num examples = 32
  Batch size = 4
  epoch = 3
  eval_ppl = 3.9938420781939455e+119
  global_step = 261
  train_loss = 1.7101
  ********************
Previous best ppl:5.516158397046592e+105
BLEU file: ./data/sstubs/1/validation.jsonl
  codebleu-4 = 92.66 	 Previous best codebleu 93.73
  ********************

***** Running evaluation *****
  Num examples = 32
  Batch size = 4
  epoch = 4
  eval_ppl = 5.6079512521883214e+119
  global_step = 326
  train_loss = 0.9422
  ********************
Previous best ppl:5.516158397046592e+105
BLEU file: ./data/sstubs/1/validation.jsonl
  codebleu-4 = 94.14 	 Previous best codebleu 93.73
  ********************
 Achieve Best bleu:94.14
  ********************

***** Running evaluation *****
  Num examples = 32
  Batch size = 4
  epoch = 5
  eval_ppl = 5.937522649612512e+120
  global_step = 391
  train_loss = 0.3253
  ********************
Previous best ppl:5.516158397046592e+105
BLEU file: ./data/sstubs/1/validation.jsonl
  codebleu-4 = 94.14 	 Previous best codebleu 94.14
  ********************

***** Running evaluation *****
  Num examples = 32
  Batch size = 4
  epoch = 6
  eval_ppl = 8.103636399220671e+122
  global_step = 456
  train_loss = 0.1554
  ********************
Previous best ppl:5.516158397046592e+105
BLEU file: ./data/sstubs/1/validation.jsonl
  codebleu-4 = 94.14 	 Previous best codebleu 94.14
  ********************

***** Running evaluation *****
  Num examples = 32
  Batch size = 4
  epoch = 7
  eval_ppl = 3.1709989162068827e+123
  global_step = 521
  train_loss = 0.1024
  ********************
Previous best ppl:5.516158397046592e+105
BLEU file: ./data/sstubs/1/validation.jsonl
  codebleu-4 = 94.14 	 Previous best codebleu 94.14
  ********************
early stopping!!!
reload model from result/sstubs/1/soft7_codet5p_770m/checkpoint-best-bleu
BLEU file: ./data/sstubs/1/test.jsonl
  codebleu = 92.27 
  Total = 32 
  Exact Fixed = 20 
[5, 6, 8, 10, 12, 14, 15, 16, 19, 22, 23, 24, 25, 26, 27, 28, 29, 30, 31, 32]
  Syntax Fixed = 0 
[]
  Cleaned Fixed = 0 
[]
  ********************
  Total = 32 
  Exact Fixed = 20 
[5, 6, 8, 10, 12, 14, 15, 16, 19, 22, 23, 24, 25, 26, 27, 28, 29, 30, 31, 32]
  Syntax Fixed = 0 
[]
  Cleaned Fixed = 0 
[]
  codebleu = 92.27 
[0.8561340786437819, 0.9370576952964131, 0.8605182155863231, 0.837899604900433, 1.0, 1.0, 0.7308217159428345, 1.0, 0.6303364196389183, 1.0, 0.9383022364276514, 1.0, 0.6772264301009557, 1.0, 1.0, 1.0, 0.9372561368734473, 0.8648778812722031, 1.0, 0.7016265496309229, 0.9493239030379825, 1.0, 1.0, 0.8032616077763247, 1.0, 1.0, 1.0, 1.0, 0.8032616077763247, 1.0, 1.0, 1.0]
Finish training and take 13m
