Namespace(log_name='./RQ5/sstubs_1_2/codet5p_770m_f.log', model_name='Salesforce/codet5p-770m', lang='java', output_dir='RQ5/sstubs_1_2/codet5p_770m_f', data_dir='./data/RQ5/sstubs_1_2', no_cuda=False, visible_gpu='0', add_task_prefix=False, add_lang_ids=False, num_train_epochs=10, num_test_epochs=10, train_batch_size=4, eval_batch_size=4, gradient_accumulation_steps=2, load_model_path=None, config_name='', tokenizer_name='', max_source_length=512, max_target_length=512, warm_up_ratio=0.1, do_train=True, do_eval=True, do_test=True, do_lower_case=False, learning_rate=5e-05, beam_size=10, weight_decay=0.0, adam_epsilon=1e-08, max_grad_norm=1.0, max_steps=-1, eval_steps=-1, train_steps=-1, local_rank=-1, seed=42, early_stop_threshold=2)
Process rank: -1, device: cuda, n_gpu: 1, distributed training: False, model_name: Salesforce/codet5p-770m
model created!
Total 1 training instances 
***** Running training *****
  Num examples = 1
  Batch size = 4
  Num epoch = 10

***** Running evaluation *****
  Num examples = 100
  Batch size = 4
  epoch = 0
  eval_ppl = 1.00435
  global_step = 1
  train_loss = 1.1613
  ********************
Previous best ppl:inf
Achieve Best ppl:1.00435
  ********************
BLEU file: ./data/RQ5/sstubs_1_2/validation.jsonl
  codebleu-4 = 21.23 	 Previous best codebleu 0
  ********************
 Achieve Best bleu:21.23
  ********************

***** Running evaluation *****
  Num examples = 100
  Batch size = 4
  epoch = 1
  eval_ppl = 1.00435
  global_step = 1
  train_loss = 1.1577
  ********************
Previous best ppl:1.00435
BLEU file: ./data/RQ5/sstubs_1_2/validation.jsonl
  codebleu-4 = 21.23 	 Previous best codebleu 21.23
  ********************

***** Running evaluation *****
  Num examples = 100
  Batch size = 4
  epoch = 2
  eval_ppl = 1.00435
  global_step = 1
  train_loss = 1.3294
  ********************
Previous best ppl:1.00435
BLEU file: ./data/RQ5/sstubs_1_2/validation.jsonl
  codebleu-4 = 21.23 	 Previous best codebleu 21.23
  ********************
reload model from RQ5/sstubs_1_2/codet5p_770m_f/checkpoint-best-bleu
BLEU file: ./data/RQ5/sstubs_1_2/test.jsonl
  codebleu = 18.8 
  Total = 500 
  Exact Fixed = 0 
[]
  Syntax Fixed = 0 
[]
  Cleaned Fixed = 0 
[]
  ********************
  Total = 500 
  Exact Fixed = 0 
[]
  Syntax Fixed = 0 
[]
  Cleaned Fixed = 0 
[]
  codebleu = 18.8 
[0.15215837900043658, 0.13884369847259667, 0.33407696631864425, 0.03430622009569377, 0.18475396664680602, 0.09197590879210202, 0.22205055377223237, 0.17262266870670723, 0.0, 0.023376623376623374, 0.16225558647379743, 0.007925844362974688, 0.5845958095612224, 0.16501421796940463, 0.025878209518418696, 0.19673851240293783, 0.17154209505080056, 0.13484319019054822, 0.02922653124776714, 0.24140877002726416, 0.27532529274690243, 0.23139923026838521, 0.23445263663049798, 0.19775036037554009, 0.04631940657962605, 0.36324478780116726, 0.2043557618004413, 0.1734636487883117, 0.19673851240293783, 0.3051055366261409, 0.05989353515930462, 0.011688311688311687, 0.029032258064516127, 0.30521165603847666, 0.02763157894736842, 0.0957414559346006, 0.3004469726104001, 0.33407696631864425, 0.22424957109087662, 0.2043557618004413, 0.2043557618004413, 0.10376193416582058, 0.44660542290110344, 0.012328767123287671, 0.31488919879418203, 0.3044235217604872, 0.5264124517891908, 0.27006038395962767, 0.17154209505080056, 0.005625660618159346, 0.17436232287080256, 0.05032436386744865, 0.3401184604763918, 0.07976009269047694, 0.16501421796940463, 0.03219629087486011, 0.23901347658362426, 0.29702610378836036, 0.14468231052539587, 0.23771036681769095, 0.23523581771222302, 0.00017027238733017085, 0.19922109407897998, 0.17235364273123388, 0.20490194959248473, 0.16415392904500423, 0.1793042073168549, 0.02266822453330937, 0.3244163562244022, 0.014457720250637041, 0.0, 0.28700052392846276, 0.2838743667319579, 0.17704369771530887, 0.0, 0.1715275428909446, 0.025178584736786726, 0.18328976715023593, 0.5181017094297827, 0.2511022375885289, 0.0501824032070684, 0.3299213607552392, 0.36596719375518344, 0.5085448548117275, 0.3071655833514049, 0.35228538044276747, 0.0, 0.5323320828937448, 0.1616549250202055, 0.16415392904500423, 0.19775036037554009, 0.03116883116883117, 0.12543691139556454, 0.1074279379157428, 0.035479295165252354, 0.33058180655282904, 0.5324926621170245, 0.06696854743639961, 0.1919249850272328, 0.17154209505080056, 0.2849497766788463, 0.20214744464356618, 0.29351656864430314, 0.17560822667733614, 0.16937207776564575, 0.3204772398346576, 0.04285714285714285, 0.04285714285714285, 0.013483146067415729, 0.30184661147252484, 0.018897946149002007, 0.015384615384615384, 0.0, 0.013101052617339634, 0.023684210526315787, 0.6112104069024458, 0.3080754749615927, 0.237924040027988, 0.3902670355461788, 0.043152974170113545, 0.5952428923045565, 0.010567762060210074, 0.32813411371271883, 0.1682276929413124, 0.3166047769297069, 0.011428571428571429, 0.3119127247823699, 0.3118356217188802, 0.20348294984757934, 0.015813575349783598, 0.3096466574665085, 0.1732986968514359, 0.6013109764975215, 0.2694714485587541, 0.1781978349974921, 0.5264124517891908, 0.1654292520910438, 0.07479968876491658, 0.0, 0.5264124517891908, 0.23139923026838521, 0.3349026403155057, 0.006700486000308968, 0.08709677419354839, 0.19775036037554009, 0.3241981738510966, 0.0, 0.5560141334558825, 0.1618501235361059, 0.20464613836793738, 0.1734636487883117, 0.007792207792207792, 0.28097045110658675, 0.33956094292296524, 0.3356873020966198, 0.25144684698866016, 0.17268465611903877, 0.024674799965416272, 0.17476841311599264, 0.18553691835339825, 0.29351656864430314, 0.2680366640510557, 0.23771036681769095, 0.05161290322580645, 0.18778668675707744, 0.18328976715023593, 0.2079157854605102, 0.2247658761042224, 0.20464613836793738, 0.5000928870522922, 0.21958318974875227, 0.08062519475519375, 0.16937207776564575, 0.17895472298358212, 0.3170713412813154, 0.29349652176066787, 0.28097045110658675, 0.0, 0.2521870690018358, 0.045714285714285714, 0.22952886255793692, 0.13884369847259667, 0.14914344775214367, 0.294910157544058, 0.0, 0.250785169651801, 0.013100475080851999, 0.0, 0.18789318155863013, 0.31634988187141583, 0.6202520112195533, 0.05416058934747644, 0.018518518518518517, 0.08744008036584026, 0.09917611679101392, 0.07223283973718905, 0.17213957568565572, 0.18475396664680602, 0.03870818168944026, 0.16009710583745743, 0.1542764250517077, 0.0890845431315058, 0.16962287955857624, 0.0614792804739489, 0.0, 0.0200071217206977, 0.5233528235054105, 0.13205832573319415, 0.22424957109087662, 0.29077855741047975, 0.16779101332961016, 0.035526315789473684, 0.304485827569393, 0.00020424520719452917, 0.3827408069860254, 0.36596719375518344, 0.025178584736786726, 0.1384125733464655, 0.32959767958130815, 0.0053791637136782425, 0.4622808123522332, 0.028254211351627687, 0.20324052002636994, 0.1389406858641829, 0.019354838709677417, 0.2374890995964471, 0.1365998983247133, 0.08148710977266502, 0.2680415505628064, 0.276542283990384, 0.1609425077145932, 0.0, 0.3158817642176165, 0.26273918235721205, 0.004027715177468913, 0.4424375106105608, 0.18095684803001877, 0.04471187573099754, 0.17895472298358212, 0.30771877222116933, 0.0371371289815135, 0.16617832807396374, 0.18320409063267637, 0.36596719375518344, 0.0, 0.2975633799810697, 0.023300970873786405, 0.06585475518159509, 0.17126167501818088, 0.13510346090459624, 0.05917972782531399, 0.1597710851406993, 0.17026125695653727, 0.26273918235721205, 0.20464613836793738, 0.1793042073168549, 0.3170713412813154, 0.17393060224060686, 0.36711345088134617, 0.30915219890290335, 0.31101968530473323, 0.26771906659523653, 0.035526315789473684, 0.2667312453272088, 0.1918760281491546, 0.19775036037554009, 0.07913762611800947, 0.015813575349783598, 0.15008811386336285, 0.1479751425535235, 0.3430947745039799, 0.26124756930690385, 0.054509708658064954, 0.07818693056040565, 0.2519041230487654, 0.2043557618004413, 0.5335903261526862, 0.0, 0.019736842105263157, 0.18599279110624917, 0.20490194959248473, 0.23234853731925584, 0.3447649956873251, 0.1867185060235655, 0.020388349514563104, 0.0064516129032258064, 0.4622808123522332, 0.17026125695653727, 0.30281541378700894, 0.2648243673317666, 0.025178584736784887, 0.27729382320050944, 0.21856870775831594, 0.0, 0.0, 0.0, 0.012897414425898136, 0.07252937376712054, 0.35228538044276747, 0.17560822667733614, 0.039473684210526314, 0.1654809237303406, 0.6202520112195533, 0.23338908776309464, 0.317491001797969, 0.20712976960167628, 0.018897946149002007, 0.1682276929413124, 0.029126213592233007, 0.36981208928145265, 0.015384615384615384, 0.1764048032945797, 0.1918760281491546, 0.10525547532801634, 0.25087586851251825, 0.213020558909682, 0.30087007083522443, 0.34514888622316264, 0.0, 0.31750896976528215, 0.3050016852244216, 0.1654809237303406, 0.3170713412813154, 0.18328976715023593, 0.1980575840950728, 0.006700486000308968, 0.02922653124776714, 0.15008811386336285, 0.22130976134483013, 0.3024895012085267, 0.11525088117054957, 0.4626596499052684, 0.18307510981223224, 0.18553691835339825, 0.035526315789473684, 0.15067183785979882, 0.007407407407407407, 0.11945978175526152, 0.2788507990177686, 0.052743268405923374, 0.19256764325451736, 0.050649350649350645, 0.05940380620131424, 0.5793103448275863, 0.15428006524134194, 0.17126167501818088, 0.31526498044884377, 0.22424957109087662, 0.4829420305171493, 0.10998382599488399, 0.28097045110658675, 0.2938586859785072, 0.04748280314590922, 0.17393060224060686, 0.2494050557116485, 0.04023842309526355, 0.12638017353320594, 0.156640755291972, 0.13622883514775141, 0.2252701374409829, 0.3281498611490227, 0.17704369771530887, 0.004020650229436023, 0.31118976841157836, 0.04591836734693878, 0.22424957109087662, 0.25144684698866016, 0.6173668076373966, 0.2494050557116485, 0.6202520112195533, 0.17895472298358212, 0.3001402995428433, 0.07523033347759082, 0.17393060224060686, 0.007594936708860759, 0.04193548387096774, 0.019736842105263157, 0.011164261059092302, 0.16273288302165367, 0.21958318974875227, 0.26843421101318155, 0.17262266870670723, 0.20054242342937117, 0.02763157894736842, 0.10376193416582058, 0.1473084223101911, 0.1867185060235655, 0.05131054212949279, 0.1682276929413124, 0.045714285714285714, 0.30039352845963474, 0.30184661147252484, 0.10192995148939753, 0.45297579271276106, 0.16225558647379743, 0.08488013376245848, 0.10192995148939753, 0.018897946149002007, 0.13510346090459624, 0.18048964796610903, 0.2554047557387454, 0.025179659290865422, 0.32559892584555933, 0.14750562791539945, 0.20898408028142754, 0.3696903846503201, 0.2043557618004413, 0.1272549921341536, 0.18328976715023593, 0.2106750098829365, 0.18138358173280095, 0.0354787228164168, 0.1715275428909446, 0.006060499769492935, 0.01674034443959114, 0.010567762060210074, 0.1660905666817086, 0.23445263663049798, 0.007995066569151443, 0.20054242342937117, 0.17986485763955068, 0.29129773702226036, 0.0746910528079913, 0.6228045670404309, 0.2639523070190537, 0.15869165931839535, 0.1750783254769677, 0.1867185060235655, 0.3029314225439768, 0.3090988479145487, 0.3436364104116769, 0.05018352442447491, 0.17508387235238537, 0.033993859540319596, 0.22940947858722888, 0.2608358691860107, 0.3170713412813154, 0.04477058313110488, 0.22130976134483013, 0.27418710587165096, 0.540073916357425, 0.45866273378018063, 0.3592316154273712, 0.015813575349783598, 0.17704369771530887, 0.373377760914809, 0.17560822667733614, 0.14757993360201177, 0.2043557618004413, 0.13510346090459624, 0.1793042073168549, 0.1443002592500588, 0.18553691835339825, 0.3170713412813154, 0.17560822667733614, 0.17560822667733614, 0.0064516129032258064, 0.1473084223101911, 0.18778668675707744, 0.16937207776564575, 0.000572119615970849, 0.20464613836793738, 0.2152197317145254, 0.1654292520910438, 0.11239669421487603, 0.16617832807396374, 0.0004347169006759357, 0.16225558647379743, 0.03636304951895384, 0.27469594864932867, 0.12466108946658327, 0.21958318974875227, 0.0064516129032258064, 0.29457265711000313, 0.17895472298358212, 0.008737864077669903, 0.15183805300759565, 0.01851674641148325, 0.30087007083522443, 0.29207236323139507, 0.0890845431315058, 0.1714319320674253, 0.2849497766788463, 0.9464242122895274, 0.015813575349783598, 0.33950203364395803, 0.33779796344999774, 0.17154209505080056, 0.018897946149002007, 0.04436626181550493, 0.18778668675707744, 0.4106641405212569, 0.020388349514563104, 0.3131727306299525, 0.13080586752009327, 0.014826050505160903, 0.04521614263040678, 0.007692307692307692, 0.02727272727272727, 0.0503243638674548]
Finish training and take 1h1m
