Namespace(log_name='./RQ5/bugsinpy_900_3/codet5p_770m_f.log', model_name='Salesforce/codet5p-770m', lang='python', output_dir='RQ5/bugsinpy_900_3/codet5p_770m_f', data_dir='./data/RQ5/bugsinpy_900_3', no_cuda=False, visible_gpu='0', add_task_prefix=False, add_lang_ids=False, num_train_epochs=10, num_test_epochs=10, train_batch_size=4, eval_batch_size=4, gradient_accumulation_steps=2, load_model_path=None, config_name='', tokenizer_name='', max_source_length=512, max_target_length=512, warm_up_ratio=0.1, do_train=True, do_eval=True, do_test=True, do_lower_case=False, learning_rate=5e-05, beam_size=10, weight_decay=0.0, adam_epsilon=1e-08, max_grad_norm=1.0, max_steps=-1, eval_steps=-1, train_steps=-1, local_rank=-1, seed=42, early_stop_threshold=3)
Process rank: -1, device: cuda, n_gpu: 1, distributed training: False, model_name: Salesforce/codet5p-770m
model created!
Total 900 training instances 
***** Running training *****
  Num examples = 900
  Batch size = 4
  Num epoch = 10

***** Running evaluation *****
  Num examples = 100
  Batch size = 4
  epoch = 0
  eval_ppl = 1.00093
  global_step = 226
  train_loss = 0.549
  ********************
Previous best ppl:inf
Achieve Best ppl:1.00093
  ********************
BLEU file: ./data/RQ5/bugsinpy_900_3/validation.jsonl
  codebleu-4 = 77.77 	 Previous best codebleu 0
  ********************
 Achieve Best bleu:77.77
  ********************

***** Running evaluation *****
  Num examples = 100
  Batch size = 4
  epoch = 1
  eval_ppl = 1.0009
  global_step = 451
  train_loss = 0.3119
  ********************
Previous best ppl:1.00093
Achieve Best ppl:1.0009
  ********************
BLEU file: ./data/RQ5/bugsinpy_900_3/validation.jsonl
  codebleu-4 = 77.01 	 Previous best codebleu 77.77
  ********************

***** Running evaluation *****
  Num examples = 100
  Batch size = 4
  epoch = 2
  eval_ppl = 1.00092
  global_step = 676
  train_loss = 0.1835
  ********************
Previous best ppl:1.0009
BLEU file: ./data/RQ5/bugsinpy_900_3/validation.jsonl
  codebleu-4 = 79.14 	 Previous best codebleu 77.77
  ********************
 Achieve Best bleu:79.14
  ********************

***** Running evaluation *****
  Num examples = 100
  Batch size = 4
  epoch = 3
  eval_ppl = 1.00099
  global_step = 901
  train_loss = 0.1068
  ********************
Previous best ppl:1.0009
BLEU file: ./data/RQ5/bugsinpy_900_3/validation.jsonl
  codebleu-4 = 77.38 	 Previous best codebleu 79.14
  ********************

***** Running evaluation *****
  Num examples = 100
  Batch size = 4
  epoch = 4
  eval_ppl = 1.001
  global_step = 1126
  train_loss = 0.0608
  ********************
Previous best ppl:1.0009
BLEU file: ./data/RQ5/bugsinpy_900_3/validation.jsonl
  codebleu-4 = 78.18 	 Previous best codebleu 79.14
  ********************

***** Running evaluation *****
  Num examples = 100
  Batch size = 4
  epoch = 5
  eval_ppl = 1.00111
  global_step = 1351
  train_loss = 0.0346
  ********************
Previous best ppl:1.0009
BLEU file: ./data/RQ5/bugsinpy_900_3/validation.jsonl
  codebleu-4 = 78.95 	 Previous best codebleu 79.14
  ********************
reload model from RQ5/bugsinpy_900_3/codet5p_770m_f/checkpoint-best-bleu
BLEU file: ./data/RQ5/bugsinpy_900_3/test.jsonl
  codebleu = 77.77 
  Total = 117 
  Exact Fixed = 11 
[9, 23, 35, 42, 66, 73, 79, 85, 107, 109, 116]
  Syntax Fixed = 1 
[62]
  Cleaned Fixed = 0 
[]
  ********************
  Total = 117 
  Exact Fixed = 11 
[9, 23, 35, 42, 66, 73, 79, 85, 107, 109, 116]
  Syntax Fixed = 1 
[62]
  Cleaned Fixed = 0 
[]
  codebleu = 77.77 
[0.8856389378075658, 0.891471971382207, 0.788050295413492, 0.7042953619649426, 0.8814955038434287, 0.9666856331752072, 0.8744879458107344, 0.8205751423122611, 1.0, 0.5037077119806818, 0.8962096929024133, 0.49150427670545643, 0.8068413656728535, 0.7021315408363604, 0.7093853536262804, 0.8808919461147899, 0.7779853689231081, 0.610067068626702, 0.8300101016746005, 0.9204219587780458, 0.8834124216164225, 0.9085800872774439, 1.0, 0.6883720951974961, 0.9063467386633746, 0.8352894783834772, 0.8362747318435784, 0.8754861943073293, 0.8346354401872718, 0.7572098935987482, 0.8231560738418289, 0.7504067254288294, 0.7217017872886777, 0.7714650156104186, 1.0, 0.7890003035062592, 0.9576203437853759, 0.9411542454583528, 0.7205089220380079, 0.6572726626071705, 0.8884573785188872, 1.0, 0.7789632293980846, 0.9142445273649933, 0.6798907668533658, 0.6441425627537012, 0.7520456315632097, 0.39686614731832626, 0.782053171927164, 0.47166395418323315, 0.6508693332230462, 0.7225931341121177, 0.8773104352365284, 0.8434652034268404, 0.8385834949297515, 0.9474759345795825, 0.8077895563342797, 0.7811422794173712, 0.4902704874187754, 0.5117566728908322, 0.8782734899756608, 0.9441518237028776, 0.8234479137638847, 0.6153157342110407, 0.4545507520171642, 1.0, 0.9472873156881443, 0.5117428588862533, 0.8627606169106636, 0.8871978499693505, 0.9178662308912058, 0.7449734989717058, 1.0, 0.7388721037764168, 0.7304170264952821, 0.8107806147142924, 0.7531797171538064, 0.29646575927412194, 1.0, 0.6936199831009335, 0.8475332565755729, 0.7738279988463377, 0.7318286091585733, 0.8971695160234401, 1.0, 0.5339224769839812, 0.9476860986705828, 0.676525822803221, 0.7507982187182929, 0.6413921957402942, 0.621240758456996, 0.7896354401872717, 0.8096114788906146, 0.6374410208386678, 0.6939112308588368, 0.5571314709024371, 0.7420541780659815, 0.8966500088203005, 0.6439391185600173, 0.4935991892242142, 0.9390331079602834, 0.7639654153934541, 0.7164493834577911, 0.8548397899287874, 0.6063596334217315, 0.68965030200429, 1.0, 0.7332519354895861, 1.0, 0.884250182279102, 0.6098939588560303, 0.4625664145666047, 0.7734230378433196, 0.8789801838086921, 0.7243849758480987, 1.0, 0.6831708548501114]
Finish training and take 29m
