Namespace(log_name='./RQ5/sstubs_900_1/codet5p_770m.log', model_name='Salesforce/codet5p-770m', lang='java', output_dir='RQ5/sstubs_900_1/codet5p_770m', data_dir='./data/RQ5/sstubs_900_1', choice=0, no_cuda=False, visible_gpu='0', num_train_epochs=10, num_test_epochs=1, train_batch_size=4, eval_batch_size=4, gradient_accumulation_steps=1, load_model_path=None, config_name='', tokenizer_name='', max_source_length=512, max_target_length=512, warm_up_ratio=0.1, do_train=True, do_eval=True, do_test=True, freeze=False, learning_rate=5e-05, beam_size=10, weight_decay=0.0, adam_epsilon=1e-08, local_rank=-1, seed=42, early_stop_threshold=3)
Process rank: -1, device: cuda, n_gpu: 1, distributed training: False
Model created!!
[[{'text': '* @should find object given valid uuid    * @should return null if no object found with given uuid    */  public GlobalProperty getGlobalPropertyByUuid(String uuid) throws APIException;   /**    * Get a listing or important variables used in openmrs', 'loss_ids': 0, 'shortenable_ids': 1}, {'text': '<mask>', 'loss_ids': 1, 'shortenable_ids': 0}, {'text': 'is the fixed version', 'loss_ids': 0, 'shortenable_ids': 0}], {'guid': 0, 'tgt_text': '* @should find object given valid uuid    * @should return null if no object found with given uuid    */  public GlobalProperty getGlobalPropertyByUuid(String uuid);   /**    * Get a listing or important variables used in openmrs'}]
***** Running training *****
  Num examples = 900
  Batch size = 4
  Num epoch = 10

***** Running evaluation *****
  Num examples = 100
  Batch size = 4
  epoch = 0
  eval_ppl = inf
  global_step = 226
  train_loss = 10.2474
  ********************
Previous best ppl:inf
Achieve Best ppl:inf
  ********************
BLEU file: ./data/RQ5/sstubs_900_1/validation.jsonl
  codebleu-4 = 93.36 	 Previous best codebleu 0
  ********************
 Achieve Best bleu:93.36
  ********************

***** Running evaluation *****
  Num examples = 100
  Batch size = 4
  epoch = 1
  eval_ppl = inf
  global_step = 451
  train_loss = 2.9962
  ********************
Previous best ppl:inf
BLEU file: ./data/RQ5/sstubs_900_1/validation.jsonl
  codebleu-4 = 93.86 	 Previous best codebleu 93.36
  ********************
 Achieve Best bleu:93.86
  ********************

***** Running evaluation *****
  Num examples = 100
  Batch size = 4
  epoch = 2
  eval_ppl = inf
  global_step = 676
  train_loss = 1.1192
  ********************
Previous best ppl:inf
BLEU file: ./data/RQ5/sstubs_900_1/validation.jsonl
  codebleu-4 = 95.73 	 Previous best codebleu 93.86
  ********************
 Achieve Best bleu:95.73
  ********************

***** Running evaluation *****
  Num examples = 100
  Batch size = 4
  epoch = 3
  eval_ppl = inf
  global_step = 901
  train_loss = 0.9426
  ********************
Previous best ppl:inf
BLEU file: ./data/RQ5/sstubs_900_1/validation.jsonl
  codebleu-4 = 95.45 	 Previous best codebleu 95.73
  ********************

***** Running evaluation *****
  Num examples = 100
  Batch size = 4
  epoch = 4
  eval_ppl = inf
  global_step = 1126
  train_loss = 0.4868
  ********************
Previous best ppl:inf
BLEU file: ./data/RQ5/sstubs_900_1/validation.jsonl
  codebleu-4 = 96.23 	 Previous best codebleu 95.73
  ********************
 Achieve Best bleu:96.23
  ********************

***** Running evaluation *****
  Num examples = 100
  Batch size = 4
  epoch = 5
  eval_ppl = inf
  global_step = 1351
  train_loss = 0.3603
  ********************
Previous best ppl:inf
BLEU file: ./data/RQ5/sstubs_900_1/validation.jsonl
  codebleu-4 = 95.13 	 Previous best codebleu 96.23
  ********************

***** Running evaluation *****
  Num examples = 100
  Batch size = 4
  epoch = 6
  eval_ppl = inf
  global_step = 1576
  train_loss = 0.2126
  ********************
Previous best ppl:inf
BLEU file: ./data/RQ5/sstubs_900_1/validation.jsonl
  codebleu-4 = 95.27 	 Previous best codebleu 96.23
  ********************

***** Running evaluation *****
  Num examples = 100
  Batch size = 4
  epoch = 7
  eval_ppl = inf
  global_step = 1801
  train_loss = 0.1213
  ********************
Previous best ppl:inf
BLEU file: ./data/RQ5/sstubs_900_1/validation.jsonl
  codebleu-4 = 95.29 	 Previous best codebleu 96.23
  ********************
early stopping!!!
reload model from RQ5/sstubs_900_1/codet5p_770m/checkpoint-best-bleu
BLEU file: ./data/RQ5/sstubs_900_1/test.jsonl
  codebleu = 96.31 
  Total = 500 
  Exact Fixed = 354 
[1, 2, 3, 4, 5, 6, 7, 8, 9, 10, 11, 12, 14, 15, 17, 18, 19, 20, 21, 22, 23, 24, 25, 27, 28, 29, 30, 31, 32, 34, 35, 36, 37, 38, 39, 42, 43, 44, 45, 46, 47, 48, 49, 52, 54, 55, 56, 57, 58, 59, 61, 62, 63, 64, 65, 67, 69, 70, 71, 73, 75, 78, 79, 80, 82, 83, 84, 85, 86, 87, 88, 89, 90, 91, 92, 93, 94, 95, 96, 97, 100, 101, 102, 103, 104, 105, 106, 109, 110, 112, 114, 115, 116, 118, 119, 120, 121, 125, 126, 127, 128, 129, 130, 131, 132, 135, 136, 138, 139, 140, 141, 143, 144, 145, 148, 149, 152, 153, 155, 156, 157, 158, 160, 162, 164, 165, 166, 167, 168, 169, 170, 171, 172, 173, 174, 176, 177, 178, 179, 180, 183, 185, 186, 188, 190, 192, 194, 195, 196, 197, 198, 199, 201, 202, 203, 204, 205, 206, 207, 208, 209, 211, 212, 214, 215, 218, 221, 224, 226, 228, 229, 230, 231, 232, 233, 236, 237, 238, 239, 240, 241, 242, 243, 246, 247, 248, 249, 250, 252, 254, 255, 256, 258, 259, 261, 262, 263, 265, 266, 267, 268, 270, 271, 273, 275, 277, 278, 279, 280, 283, 285, 286, 287, 288, 289, 291, 292, 293, 295, 298, 299, 305, 306, 307, 308, 309, 311, 312, 314, 315, 316, 318, 319, 320, 321, 322, 323, 324, 325, 327, 328, 329, 330, 332, 333, 334, 335, 336, 337, 338, 339, 340, 341, 342, 343, 344, 345, 346, 347, 348, 350, 351, 352, 355, 357, 359, 360, 369, 370, 371, 373, 375, 376, 378, 379, 380, 382, 383, 385, 389, 390, 391, 394, 395, 398, 399, 400, 401, 404, 405, 406, 407, 409, 410, 411, 414, 415, 416, 417, 418, 419, 421, 422, 423, 425, 426, 427, 428, 429, 433, 434, 436, 438, 440, 442, 444, 445, 446, 448, 449, 451, 452, 453, 454, 455, 458, 459, 462, 463, 465, 466, 467, 468, 469, 470, 475, 477, 479, 480, 482, 483, 484, 486, 487, 488, 490, 491, 492, 494, 495, 496, 497, 498, 500]
  Syntax Fixed = 3 
[81, 117, 396]
  Cleaned Fixed = 0 
[]
  ********************
  Total = 500 
  Exact Fixed = 354 
[1, 2, 3, 4, 5, 6, 7, 8, 9, 10, 11, 12, 14, 15, 17, 18, 19, 20, 21, 22, 23, 24, 25, 27, 28, 29, 30, 31, 32, 34, 35, 36, 37, 38, 39, 42, 43, 44, 45, 46, 47, 48, 49, 52, 54, 55, 56, 57, 58, 59, 61, 62, 63, 64, 65, 67, 69, 70, 71, 73, 75, 78, 79, 80, 82, 83, 84, 85, 86, 87, 88, 89, 90, 91, 92, 93, 94, 95, 96, 97, 100, 101, 102, 103, 104, 105, 106, 109, 110, 112, 114, 115, 116, 118, 119, 120, 121, 125, 126, 127, 128, 129, 130, 131, 132, 135, 136, 138, 139, 140, 141, 143, 144, 145, 148, 149, 152, 153, 155, 156, 157, 158, 160, 162, 164, 165, 166, 167, 168, 169, 170, 171, 172, 173, 174, 176, 177, 178, 179, 180, 183, 185, 186, 188, 190, 192, 194, 195, 196, 197, 198, 199, 201, 202, 203, 204, 205, 206, 207, 208, 209, 211, 212, 214, 215, 218, 221, 224, 226, 228, 229, 230, 231, 232, 233, 236, 237, 238, 239, 240, 241, 242, 243, 246, 247, 248, 249, 250, 252, 254, 255, 256, 258, 259, 261, 262, 263, 265, 266, 267, 268, 270, 271, 273, 275, 277, 278, 279, 280, 283, 285, 286, 287, 288, 289, 291, 292, 293, 295, 298, 299, 305, 306, 307, 308, 309, 311, 312, 314, 315, 316, 318, 319, 320, 321, 322, 323, 324, 325, 327, 328, 329, 330, 332, 333, 334, 335, 336, 337, 338, 339, 340, 341, 342, 343, 344, 345, 346, 347, 348, 350, 351, 352, 355, 357, 359, 360, 369, 370, 371, 373, 375, 376, 378, 379, 380, 382, 383, 385, 389, 390, 391, 394, 395, 398, 399, 400, 401, 404, 405, 406, 407, 409, 410, 411, 414, 415, 416, 417, 418, 419, 421, 422, 423, 425, 426, 427, 428, 429, 433, 434, 436, 438, 440, 442, 444, 445, 446, 448, 449, 451, 452, 453, 454, 455, 458, 459, 462, 463, 465, 466, 467, 468, 469, 470, 475, 477, 479, 480, 482, 483, 484, 486, 487, 488, 490, 491, 492, 494, 495, 496, 497, 498, 500]
  Syntax Fixed = 3 
[81, 117, 396]
  Cleaned Fixed = 0 
[]
  codebleu = 96.31 
[1.0, 1.0, 1.0, 1.0, 1.0, 1.0, 1.0, 1.0, 1.0, 1.0, 1.0, 1.0, 0.9167248063681421, 1.0, 1.0, 0.9485932253610538, 1.0, 1.0, 1.0, 1.0, 1.0, 1.0, 1.0, 1.0, 1.0, 0.7010984251778435, 1.0, 1.0, 1.0, 1.0, 1.0, 1.0, 0.7099766481408452, 1.0, 1.0, 1.0, 1.0, 1.0, 1.0, 0.9236426846280885, 0.9257671218945684, 1.0, 1.0, 1.0, 1.0, 1.0, 1.0, 1.0, 1.0, 0.8472999580048346, 0.9261420415269246, 1.0, 0.8227700846204091, 1.0, 1.0, 1.0, 1.0, 1.0, 1.0, 0.8915245507589378, 1.0, 1.0, 1.0, 1.0, 1.0, 0.8153277062446734, 1.0, 0.8961079319106557, 1.0, 1.0, 1.0, 0.9151340803413444, 1.0, 0.7503432335009788, 1.0, 0.9783152785012215, 0.8348805422215138, 1.0, 1.0, 1.0, 0.9699899456986019, 1.0, 1.0, 1.0, 1.0, 1.0, 1.0, 1.0, 1.0, 1.0, 0.9397034771178456, 1.0, 1.0, 1.0, 1.0, 1.0, 1.0, 0.8966152245764476, 0.9339261075829457, 1.0, 1.0, 1.0, 1.0, 1.0, 1.0, 1.0, 0.8845572237610086, 0.970114879479065, 1.0, 1.0, 0.8971311800146564, 1.0, 0.8989289901708486, 1.0, 1.0, 1.0, 0.9027245358790694, 1.0, 1.0, 1.0, 1.0, 0.9689323767297664, 0.963531800540206, 0.8387796716807858, 1.0, 1.0, 1.0, 1.0, 1.0, 1.0, 1.0, 1.0, 0.9733211546063425, 0.9469728550743763, 1.0, 1.0, 0.9524183912964097, 1.0, 1.0, 1.0, 1.0, 0.7318772952783126, 0.9464844774151098, 1.0, 1.0, 0.9019927469706532, 0.9375231838826312, 1.0, 1.0, 0.9357730833493334, 0.8825294735748568, 1.0, 1.0, 0.8989289901708486, 1.0, 1.0, 0.9321659033471614, 1.0, 0.8350913490042129, 1.0, 0.9542869266769511, 1.0, 0.822395584879356, 1.0, 1.0, 1.0, 1.0, 1.0, 1.0, 1.0, 1.0, 1.0, 1.0, 1.0, 0.7876421850012838, 1.0, 1.0, 1.0, 1.0, 1.0, 0.904775862258383, 0.9044642401339957, 1.0, 0.801180028968093, 1.0, 1.0, 0.9546221339246326, 1.0, 0.8664266028701744, 1.0, 0.8014447380383962, 1.0, 0.9581095565874824, 1.0, 1.0, 1.0, 1.0, 1.0, 1.0, 0.9564084233825603, 1.0, 1.0, 1.0, 1.0, 1.0, 1.0, 1.0, 1.0, 1.0, 0.8991143708627416, 1.0, 1.0, 0.9215834056802388, 1.0, 1.0, 0.9141720281459855, 0.9365276486140073, 1.0, 0.9583676774082095, 0.8846386294351021, 1.0, 0.9222862123570568, 0.9407613352737074, 1.0, 0.7590096946794502, 1.0, 0.9188441984944269, 1.0, 1.0, 0.9680988793409613, 1.0, 1.0, 1.0, 0.884777214048037, 0.9725011474210121, 1.0, 1.0, 1.0, 1.0, 1.0, 1.0, 1.0, 1.0, 0.8367520551076282, 0.9325400085710811, 1.0, 1.0, 1.0, 1.0, 1.0, 0.9372561368734473, 1.0, 0.7315864913736738, 1.0, 1.0, 1.0, 0.9394161339970881, 0.9492523028091309, 1.0, 0.8531462888634065, 1.0, 1.0, 1.0, 0.8755319098520675, 1.0, 1.0, 1.0, 1.0, 0.8212636043254029, 1.0, 1.0, 0.9259881201117277, 1.0, 0.907357971193316, 1.0, 0.8509588599283562, 1.0, 1.0, 1.0, 1.0, 0.9321212086381336, 0.9089670069930953, 1.0, 0.8648103351245982, 1.0, 1.0, 1.0, 1.0, 1.0, 0.7016265496309229, 1.0, 1.0, 1.0, 0.8423411194167466, 1.0, 0.9439975336408695, 0.9119950221406494, 1.0, 1.0, 0.7962718684980241, 0.9601466755014141, 0.9238877689380496, 0.9332624127367197, 0.9155105345510666, 1.0, 1.0, 1.0, 1.0, 1.0, 0.7026615485512439, 1.0, 1.0, 0.7944107194467429, 1.0, 1.0, 1.0, 0.8960973978810894, 1.0, 1.0, 1.0, 1.0, 1.0, 1.0, 1.0, 1.0, 0.8953661348226227, 1.0, 1.0, 0.9794339527758515, 0.9349697756418187, 0.9630476148256921, 1.0, 1.0, 1.0, 1.0, 1.0, 1.0, 1.0, 1.0, 1.0, 1.0, 1.0, 1.0, 1.0, 1.0, 1.0, 1.0, 0.9417343878768174, 0.966664755877954, 1.0, 1.0, 1.0, 0.9181872441208678, 0.8879782978063422, 1.0, 0.9493239030379825, 0.9492523028091309, 0.9407613352737074, 1.0, 1.0, 0.9370576952964131, 0.8573835536643046, 0.9443755095409017, 0.9543920430664012, 0.9370576952964131, 0.9465864294209791, 0.8761569670973709, 0.8576767641936891, 1.0, 1.0, 1.0, 0.9472873156881443, 1.0, 0.9287546369958737, 1.0, 1.0, 0.7292149374693833, 1.0, 1.0, 1.0, 0.9653175874774487, 0.9475019272263487, 1.0, 0.8422237749567263, 1.0, 0.8350913490042129, 0.8045788816545087, 0.8648103351245982, 1.0, 1.0, 1.0, 0.6851513300845844, 0.8755319098520675, 1.0, 1.0, 0.9583676774082095, 0.9207265089204273, 1.0, 1.0, 1.0, 1.0, 0.9583676774082095, 0.6786383641379152, 1.0, 1.0, 0.9417343878768174, 1.0, 0.9470228248649237, 1.0, 1.0, 1.0, 0.8642470965743208, 0.7579847964396061, 1.0, 1.0, 1.0, 1.0, 1.0, 1.0, 0.7032463562196102, 1.0, 1.0, 1.0, 0.8212347889887717, 1.0, 1.0, 1.0, 1.0, 0.9528172251226807, 0.794363328583614, 0.8535087661549325, 0.6048815777187274, 1.0, 1.0, 0.9215834056802388, 1.0, 0.936752055107628, 1.0, 0.957982876787582, 1.0, 0.9187354464070601, 1.0, 0.9085309210098864, 1.0, 1.0, 0.8994134124087425, 0.9215834056802388, 1.0, 1.0, 0.6234927640344824, 1.0, 1.0, 1.0, 1.0, 1.0, 0.7378414230005441, 0.9044642401339957, 1.0, 1.0, 0.8707360186992235, 0.8212347889887717, 1.0, 1.0, 0.8816015466501335, 1.0, 1.0, 1.0, 1.0, 1.0, 1.0, 0.829922431649786, 0.8112458888495773, 0.9468351265733028, 0.862347908057336, 1.0, 0.8313412454774565, 1.0, 0.9099697272423548, 1.0, 1.0, 0.7512913371790793, 1.0, 1.0, 1.0, 0.8535087661549325, 1.0, 1.0, 1.0, 0.9207265089204273, 1.0, 1.0, 1.0, 0.9562237378841005, 1.0, 1.0, 1.0, 1.0, 1.0, 0.8463836287468253, 1.0]
Finish training and take 35m
