Namespace(log_name='./RQ5/sstubs_900_1/codet5p_770m_f.log', model_name='Salesforce/codet5p-770m', lang='java', output_dir='RQ5/sstubs_900_1/codet5p_770m_f', data_dir='./data/RQ5/sstubs_900_1', no_cuda=False, visible_gpu='0', add_task_prefix=False, add_lang_ids=False, num_train_epochs=10, num_test_epochs=10, train_batch_size=4, eval_batch_size=4, gradient_accumulation_steps=2, load_model_path=None, config_name='', tokenizer_name='', max_source_length=512, max_target_length=512, warm_up_ratio=0.1, do_train=True, do_eval=True, do_test=True, do_lower_case=False, learning_rate=5e-05, beam_size=10, weight_decay=0.0, adam_epsilon=1e-08, max_grad_norm=1.0, max_steps=-1, eval_steps=-1, train_steps=-1, local_rank=-1, seed=42, early_stop_threshold=2)
Process rank: -1, device: cuda, n_gpu: 1, distributed training: False, model_name: Salesforce/codet5p-770m
model created!
Total 900 training instances 
***** Running training *****
  Num examples = 900
  Batch size = 4
  Num epoch = 10

***** Running evaluation *****
  Num examples = 100
  Batch size = 4
  epoch = 0
  eval_ppl = 1.00027
  global_step = 226
  train_loss = 0.2516
  ********************
Previous best ppl:inf
Achieve Best ppl:1.00027
  ********************
BLEU file: ./data/RQ5/sstubs_900_1/validation.jsonl
  codebleu-4 = 94.51 	 Previous best codebleu 0
  ********************
 Achieve Best bleu:94.51
  ********************

***** Running evaluation *****
  Num examples = 100
  Batch size = 4
  epoch = 1
  eval_ppl = 1.00023
  global_step = 451
  train_loss = 0.0551
  ********************
Previous best ppl:1.00027
Achieve Best ppl:1.00023
  ********************
BLEU file: ./data/RQ5/sstubs_900_1/validation.jsonl
  codebleu-4 = 94.67 	 Previous best codebleu 94.51
  ********************
 Achieve Best bleu:94.67
  ********************

***** Running evaluation *****
  Num examples = 100
  Batch size = 4
  epoch = 2
  eval_ppl = 1.00024
  global_step = 676
  train_loss = 0.0204
  ********************
Previous best ppl:1.00023
BLEU file: ./data/RQ5/sstubs_900_1/validation.jsonl
  codebleu-4 = 94.82 	 Previous best codebleu 94.67
  ********************
 Achieve Best bleu:94.82
  ********************

***** Running evaluation *****
  Num examples = 100
  Batch size = 4
  epoch = 3
  eval_ppl = 1.00023
  global_step = 901
  train_loss = 0.0115
  ********************
Previous best ppl:1.00023
BLEU file: ./data/RQ5/sstubs_900_1/validation.jsonl
  codebleu-4 = 95.87 	 Previous best codebleu 94.82
  ********************
 Achieve Best bleu:95.87
  ********************

***** Running evaluation *****
  Num examples = 100
  Batch size = 4
  epoch = 4
  eval_ppl = 1.00027
  global_step = 1126
  train_loss = 0.0074
  ********************
Previous best ppl:1.00023
BLEU file: ./data/RQ5/sstubs_900_1/validation.jsonl
  codebleu-4 = 91.92 	 Previous best codebleu 95.87
  ********************

***** Running evaluation *****
  Num examples = 100
  Batch size = 4
  epoch = 5
  eval_ppl = 1.00026
  global_step = 1351
  train_loss = 0.0235
  ********************
Previous best ppl:1.00023
BLEU file: ./data/RQ5/sstubs_900_1/validation.jsonl
  codebleu-4 = 95.66 	 Previous best codebleu 95.87
  ********************
reload model from RQ5/sstubs_900_1/codet5p_770m_f/checkpoint-best-bleu
BLEU file: ./data/RQ5/sstubs_900_1/test.jsonl
  codebleu = 96.63 
  Total = 500 
  Exact Fixed = 355 
[1, 2, 3, 4, 5, 6, 7, 8, 9, 10, 11, 12, 14, 15, 16, 17, 18, 19, 20, 21, 22, 23, 24, 25, 28, 31, 32, 34, 35, 36, 37, 38, 39, 41, 42, 43, 44, 45, 46, 47, 48, 49, 52, 54, 55, 56, 57, 58, 59, 60, 61, 62, 63, 64, 65, 67, 69, 70, 73, 75, 78, 79, 80, 82, 83, 84, 85, 86, 87, 88, 89, 90, 91, 92, 93, 94, 95, 96, 97, 100, 101, 102, 103, 104, 105, 106, 109, 110, 112, 113, 114, 115, 116, 118, 119, 120, 121, 125, 126, 127, 128, 129, 130, 131, 132, 135, 136, 138, 139, 140, 141, 144, 145, 148, 149, 151, 152, 153, 154, 155, 156, 157, 158, 160, 162, 165, 167, 168, 169, 170, 171, 172, 173, 174, 176, 177, 178, 179, 180, 183, 185, 186, 188, 190, 192, 194, 195, 196, 197, 198, 199, 201, 202, 203, 204, 205, 206, 207, 208, 209, 211, 212, 214, 215, 217, 218, 221, 224, 226, 228, 229, 230, 231, 232, 233, 236, 237, 238, 239, 240, 241, 242, 243, 246, 247, 248, 249, 250, 252, 254, 255, 256, 258, 259, 261, 262, 263, 265, 266, 267, 268, 270, 271, 273, 275, 277, 278, 279, 280, 282, 283, 285, 286, 287, 288, 289, 291, 292, 293, 295, 297, 298, 299, 305, 306, 307, 308, 309, 311, 312, 314, 315, 316, 318, 319, 320, 321, 322, 323, 325, 327, 328, 330, 333, 334, 335, 336, 337, 338, 339, 340, 341, 342, 343, 344, 345, 346, 347, 348, 350, 351, 352, 355, 357, 359, 360, 366, 369, 370, 371, 373, 374, 375, 376, 378, 379, 380, 382, 383, 385, 389, 390, 391, 394, 395, 398, 399, 400, 401, 404, 405, 406, 407, 409, 410, 411, 414, 415, 416, 417, 418, 419, 421, 422, 423, 425, 426, 427, 428, 429, 430, 433, 434, 436, 438, 442, 444, 445, 448, 449, 451, 452, 453, 454, 455, 458, 459, 460, 462, 463, 465, 466, 467, 468, 469, 470, 473, 475, 477, 479, 480, 482, 483, 484, 486, 487, 488, 491, 492, 494, 495, 496, 497, 498, 500]
  Syntax Fixed = 1 
[324]
  Cleaned Fixed = 0 
[]
  ********************
  Total = 500 
  Exact Fixed = 355 
[1, 2, 3, 4, 5, 6, 7, 8, 9, 10, 11, 12, 14, 15, 16, 17, 18, 19, 20, 21, 22, 23, 24, 25, 28, 31, 32, 34, 35, 36, 37, 38, 39, 41, 42, 43, 44, 45, 46, 47, 48, 49, 52, 54, 55, 56, 57, 58, 59, 60, 61, 62, 63, 64, 65, 67, 69, 70, 73, 75, 78, 79, 80, 82, 83, 84, 85, 86, 87, 88, 89, 90, 91, 92, 93, 94, 95, 96, 97, 100, 101, 102, 103, 104, 105, 106, 109, 110, 112, 113, 114, 115, 116, 118, 119, 120, 121, 125, 126, 127, 128, 129, 130, 131, 132, 135, 136, 138, 139, 140, 141, 144, 145, 148, 149, 151, 152, 153, 154, 155, 156, 157, 158, 160, 162, 165, 167, 168, 169, 170, 171, 172, 173, 174, 176, 177, 178, 179, 180, 183, 185, 186, 188, 190, 192, 194, 195, 196, 197, 198, 199, 201, 202, 203, 204, 205, 206, 207, 208, 209, 211, 212, 214, 215, 217, 218, 221, 224, 226, 228, 229, 230, 231, 232, 233, 236, 237, 238, 239, 240, 241, 242, 243, 246, 247, 248, 249, 250, 252, 254, 255, 256, 258, 259, 261, 262, 263, 265, 266, 267, 268, 270, 271, 273, 275, 277, 278, 279, 280, 282, 283, 285, 286, 287, 288, 289, 291, 292, 293, 295, 297, 298, 299, 305, 306, 307, 308, 309, 311, 312, 314, 315, 316, 318, 319, 320, 321, 322, 323, 325, 327, 328, 330, 333, 334, 335, 336, 337, 338, 339, 340, 341, 342, 343, 344, 345, 346, 347, 348, 350, 351, 352, 355, 357, 359, 360, 366, 369, 370, 371, 373, 374, 375, 376, 378, 379, 380, 382, 383, 385, 389, 390, 391, 394, 395, 398, 399, 400, 401, 404, 405, 406, 407, 409, 410, 411, 414, 415, 416, 417, 418, 419, 421, 422, 423, 425, 426, 427, 428, 429, 430, 433, 434, 436, 438, 442, 444, 445, 448, 449, 451, 452, 453, 454, 455, 458, 459, 460, 462, 463, 465, 466, 467, 468, 469, 470, 473, 475, 477, 479, 480, 482, 483, 484, 486, 487, 488, 491, 492, 494, 495, 496, 497, 498, 500]
  Syntax Fixed = 1 
[324]
  Cleaned Fixed = 0 
[]
  codebleu = 96.63 
[1.0, 1.0, 1.0, 1.0, 1.0, 1.0, 1.0, 1.0, 1.0, 1.0, 1.0, 1.0, 0.9167248063681421, 1.0, 1.0, 1.0, 1.0, 1.0, 1.0, 1.0, 1.0, 1.0, 1.0, 1.0, 1.0, 0.7010984251778435, 0.9056583090096291, 1.0, 0.8665518607362566, 0.8946755533748081, 1.0, 1.0, 0.7099766481408452, 1.0, 1.0, 1.0, 1.0, 1.0, 1.0, 0.9236426846280885, 1.0, 1.0, 1.0, 1.0, 1.0, 1.0, 1.0, 1.0, 1.0, 0.8472999580048346, 0.9261420415269246, 1.0, 0.8227700846204091, 1.0, 1.0, 1.0, 1.0, 1.0, 1.0, 1.0, 1.0, 1.0, 1.0, 1.0, 1.0, 0.9220761217192599, 1.0, 0.8961079319106557, 1.0, 1.0, 0.9774278780598358, 0.9151340803413444, 1.0, 0.7503432335009788, 1.0, 0.9783152785012215, 0.8348805422215138, 1.0, 1.0, 1.0, 0.9324899456986018, 1.0, 1.0, 1.0, 1.0, 1.0, 1.0, 1.0, 1.0, 1.0, 1.0, 1.0, 1.0, 1.0, 1.0, 1.0, 1.0, 0.8966152245764476, 0.9339261075829457, 1.0, 1.0, 1.0, 1.0, 1.0, 1.0, 1.0, 0.8845572237610086, 0.970114879479065, 1.0, 1.0, 0.9498733743967636, 1.0, 1.0, 1.0, 1.0, 1.0, 0.9664480358382332, 1.0, 1.0, 1.0, 1.0, 0.9689323767297664, 0.963531800540206, 0.8387796716807858, 1.0, 1.0, 1.0, 1.0, 1.0, 1.0, 1.0, 1.0, 0.9733211546063425, 0.9469728550743763, 1.0, 1.0, 0.9524183912964097, 1.0, 1.0, 1.0, 1.0, 0.8794064540059643, 0.9560654761382743, 1.0, 1.0, 0.9019927469706532, 0.9375231838826312, 1.0, 1.0, 0.9107730833493335, 1.0, 1.0, 1.0, 1.0, 1.0, 1.0, 1.0, 1.0, 0.8806751756510949, 1.0, 0.9637364956234171, 1.0, 0.9211131842675646, 0.8393598310759671, 1.0, 0.9001611527913365, 1.0, 1.0, 1.0, 1.0, 1.0, 1.0, 1.0, 1.0, 0.7876421850012838, 1.0, 1.0, 1.0, 1.0, 1.0, 0.8897758622583831, 0.9044642401339957, 1.0, 0.6872831146033551, 1.0, 1.0, 0.7721522140799328, 1.0, 0.8664266028701744, 1.0, 0.8014447380383962, 1.0, 0.9581095565874824, 1.0, 1.0, 1.0, 1.0, 1.0, 1.0, 0.8616715812772971, 1.0, 1.0, 1.0, 1.0, 1.0, 1.0, 1.0, 1.0, 1.0, 0.8991143708627416, 1.0, 1.0, 0.9215834056802388, 1.0, 1.0, 0.9141720281459855, 1.0, 1.0, 0.9583676774082095, 0.8846386294351021, 1.0, 0.9656973569421463, 0.9407613352737074, 1.0, 0.6914667774263845, 1.0, 0.9188441984944269, 1.0, 1.0, 1.0, 1.0, 1.0, 1.0, 0.884777214048037, 0.9725011474210121, 1.0, 1.0, 1.0, 1.0, 1.0, 1.0, 1.0, 1.0, 0.8222725521291268, 0.9325400085710811, 1.0, 1.0, 1.0, 1.0, 1.0, 0.9372561368734473, 1.0, 0.7315864913736738, 1.0, 1.0, 1.0, 0.9394161339970881, 1.0, 1.0, 0.8531462888634065, 1.0, 1.0, 1.0, 0.9517918920357142, 1.0, 1.0, 1.0, 1.0, 0.8212636043254029, 1.0, 1.0, 0.9616136179279984, 1.0, 0.907357971193316, 1.0, 0.9213836287468253, 1.0, 1.0, 1.0, 1.0, 0.9321212086381336, 1.0, 1.0, 0.8648103351245982, 1.0, 1.0, 1.0, 1.0, 1.0, 0.7016265496309229, 1.0, 1.0, 1.0, 0.8423411194167466, 1.0, 0.9439975336408695, 1.0, 1.0, 1.0, 0.8523636516116309, 0.9601466755014141, 0.9238877689380496, 0.9073577002591073, 0.9155105345510666, 1.0, 1.0, 1.0, 1.0, 1.0, 0.7026615485512439, 1.0, 1.0, 0.7944107194467429, 1.0, 1.0, 1.0, 0.8608032802340306, 1.0, 1.0, 1.0, 1.0, 1.0, 1.0, 0.8806751756510949, 1.0, 0.8953661348226227, 1.0, 1.0, 0.9375095932012256, 1.0, 0.9630476148256921, 0.9056583090096291, 1.0, 1.0, 1.0, 1.0, 1.0, 1.0, 1.0, 1.0, 1.0, 1.0, 1.0, 1.0, 1.0, 1.0, 1.0, 0.9417343878768174, 0.966664755877954, 1.0, 1.0, 1.0, 0.9181872441208678, 0.9698138929646263, 1.0, 0.9493239030379825, 1.0, 0.9407613352737074, 1.0, 1.0, 0.9370576952964131, 0.8573835536643046, 0.9443755095409017, 0.9543920430664012, 0.9370576952964131, 1.0, 0.8761569670973709, 0.8576767641936891, 1.0, 1.0, 1.0, 0.9472873156881443, 1.0, 1.0, 1.0, 1.0, 0.7292149374693833, 1.0, 1.0, 1.0, 0.9653175874774487, 1.0, 1.0, 0.8684929871970886, 1.0, 0.8806751756510949, 0.8045788816545087, 0.8648103351245982, 1.0, 1.0, 1.0, 0.6851513300845844, 0.9517918920357142, 1.0, 1.0, 0.7651340803413443, 0.9207265089204273, 1.0, 1.0, 1.0, 1.0, 0.9583676774082095, 0.6786383641379152, 1.0, 1.0, 0.9417343878768174, 1.0, 0.9470228248649237, 1.0, 1.0, 1.0, 0.8642470965743208, 0.9309949427736264, 1.0, 1.0, 1.0, 1.0, 1.0, 1.0, 0.6925131239952165, 1.0, 1.0, 1.0, 0.8212347889887717, 1.0, 1.0, 1.0, 1.0, 1.0, 1.0, 0.8535087661549325, 0.6407450559597011, 1.0, 1.0, 0.9215834056802388, 1.0, 0.936752055107628, 1.0, 0.957982876787582, 0.9693261143428569, 0.9187354464070601, 1.0, 0.9085309210098864, 1.0, 1.0, 0.8680755047899835, 0.9215834056802388, 1.0, 1.0, 0.9497338034253828, 1.0, 1.0, 1.0, 1.0, 1.0, 0.7378414230005441, 0.9044642401339957, 1.0, 1.0, 1.0, 0.8212347889887717, 1.0, 1.0, 0.8816015466501335, 1.0, 1.0, 1.0, 1.0, 1.0, 1.0, 0.829922431649786, 0.8482106094153985, 1.0, 0.862347908057336, 1.0, 0.9170576952964131, 1.0, 0.9099697272423548, 1.0, 1.0, 0.7512913371790793, 1.0, 1.0, 1.0, 0.8535087661549325, 1.0, 1.0, 1.0, 0.9207265089204273, 0.9061846501490565, 1.0, 1.0, 0.9562237378841005, 1.0, 1.0, 1.0, 1.0, 1.0, 0.8463836287468253, 1.0]
Finish training and take 33m
