Namespace(log_name='./RQ5/sstubs_100_2/codet5p_220m.log', model_name='Salesforce/codet5p-220m', lang='java', output_dir='RQ5/sstubs_100_2/codet5p_220m', data_dir='./data/RQ5/sstubs_100_2', choice=0, no_cuda=False, visible_gpu='0', num_train_epochs=10, num_test_epochs=1, train_batch_size=8, eval_batch_size=4, gradient_accumulation_steps=1, load_model_path=None, config_name='', tokenizer_name='', max_source_length=512, max_target_length=512, warm_up_ratio=0.1, do_train=True, do_eval=True, do_test=True, freeze=False, learning_rate=5e-05, beam_size=10, weight_decay=0.0, adam_epsilon=1e-08, local_rank=-1, seed=42, early_stop_threshold=3)
Process rank: -1, device: cuda, n_gpu: 1, distributed training: False
Model created!!
[[{'text': 'from("direct:joinBrothers").aggregator(header(TYPE_HEADER),                                  brothersAggregator);                 agg.setBatchTimeout(1000L);                  agg.removeHeader(SURNAME_HEADER)                          .removeHeader(TYPE_HEADER)                          .to("mock:result");', 'loss_ids': 0, 'shortenable_ids': 1}, {'text': '<mask>', 'loss_ids': 1, 'shortenable_ids': 0}, {'text': 'is the fixed version', 'loss_ids': 0, 'shortenable_ids': 0}], {'guid': 0, 'tgt_text': 'from("direct:joinBrothers").aggregator(header(TYPE_HEADER),                                  brothersAggregator);                 agg.setBatchTimeout(2000L);                  agg.removeHeader(SURNAME_HEADER)                          .removeHeader(TYPE_HEADER)                          .to("mock:result");'}]
***** Running training *****
  Num examples = 100
  Batch size = 8
  Num epoch = 10

***** Running evaluation *****
  Num examples = 100
  Batch size = 4
  epoch = 0
  eval_ppl = 5.180727928152686e+252
  global_step = 14
  train_loss = 30.2822
  ********************
Previous best ppl:inf
Achieve Best ppl:5.180727928152686e+252
  ********************
BLEU file: ./data/RQ5/sstubs_100_2/validation.jsonl
  codebleu-4 = 90.61 	 Previous best codebleu 0
  ********************
 Achieve Best bleu:90.61
  ********************

***** Running evaluation *****
  Num examples = 100
  Batch size = 4
  epoch = 1
  eval_ppl = inf
  global_step = 27
  train_loss = 7.099
  ********************
Previous best ppl:5.180727928152686e+252
BLEU file: ./data/RQ5/sstubs_100_2/validation.jsonl
  codebleu-4 = 92.82 	 Previous best codebleu 90.61
  ********************
 Achieve Best bleu:92.82
  ********************

***** Running evaluation *****
  Num examples = 100
  Batch size = 4
  epoch = 2
  eval_ppl = inf
  global_step = 40
  train_loss = 3.4052
  ********************
Previous best ppl:5.180727928152686e+252
BLEU file: ./data/RQ5/sstubs_100_2/validation.jsonl
  codebleu-4 = 93.51 	 Previous best codebleu 92.82
  ********************
 Achieve Best bleu:93.51
  ********************

***** Running evaluation *****
  Num examples = 100
  Batch size = 4
  epoch = 3
  eval_ppl = inf
  global_step = 53
  train_loss = 1.871
  ********************
Previous best ppl:5.180727928152686e+252
BLEU file: ./data/RQ5/sstubs_100_2/validation.jsonl
  codebleu-4 = 93.35 	 Previous best codebleu 93.51
  ********************

***** Running evaluation *****
  Num examples = 100
  Batch size = 4
  epoch = 4
  eval_ppl = inf
  global_step = 66
  train_loss = 1.1381
  ********************
Previous best ppl:5.180727928152686e+252
BLEU file: ./data/RQ5/sstubs_100_2/validation.jsonl
  codebleu-4 = 93.65 	 Previous best codebleu 93.51
  ********************
 Achieve Best bleu:93.65
  ********************

***** Running evaluation *****
  Num examples = 100
  Batch size = 4
  epoch = 5
  eval_ppl = inf
  global_step = 79
  train_loss = 0.8705
  ********************
Previous best ppl:5.180727928152686e+252
BLEU file: ./data/RQ5/sstubs_100_2/validation.jsonl
  codebleu-4 = 92.87 	 Previous best codebleu 93.65
  ********************

***** Running evaluation *****
  Num examples = 100
  Batch size = 4
  epoch = 6
  eval_ppl = inf
  global_step = 92
  train_loss = 0.6898
  ********************
Previous best ppl:5.180727928152686e+252
BLEU file: ./data/RQ5/sstubs_100_2/validation.jsonl
  codebleu-4 = 93.71 	 Previous best codebleu 93.65
  ********************
 Achieve Best bleu:93.71
  ********************

***** Running evaluation *****
  Num examples = 100
  Batch size = 4
  epoch = 7
  eval_ppl = inf
  global_step = 105
  train_loss = 0.5135
  ********************
Previous best ppl:5.180727928152686e+252
BLEU file: ./data/RQ5/sstubs_100_2/validation.jsonl
  codebleu-4 = 93.74 	 Previous best codebleu 93.71
  ********************
 Achieve Best bleu:93.74
  ********************

***** Running evaluation *****
  Num examples = 100
  Batch size = 4
  epoch = 8
  eval_ppl = inf
  global_step = 118
  train_loss = 0.5327
  ********************
Previous best ppl:5.180727928152686e+252
BLEU file: ./data/RQ5/sstubs_100_2/validation.jsonl
  codebleu-4 = 93.79 	 Previous best codebleu 93.74
  ********************
 Achieve Best bleu:93.79
  ********************

***** Running evaluation *****
  Num examples = 100
  Batch size = 4
  epoch = 9
  eval_ppl = inf
  global_step = 131
  train_loss = 0.3591
  ********************
Previous best ppl:5.180727928152686e+252
BLEU file: ./data/RQ5/sstubs_100_2/validation.jsonl
  codebleu-4 = 93.79 	 Previous best codebleu 93.79
  ********************
reload model from RQ5/sstubs_100_2/codet5p_220m/checkpoint-best-bleu
BLEU file: ./data/RQ5/sstubs_100_2/test.jsonl
  codebleu = 92.85 
  Total = 500 
  Exact Fixed = 235 
[2, 3, 5, 8, 9, 11, 14, 16, 17, 18, 19, 24, 27, 29, 37, 38, 39, 40, 41, 49, 52, 55, 59, 63, 65, 66, 67, 69, 74, 76, 77, 78, 81, 86, 87, 88, 89, 90, 91, 93, 95, 97, 98, 99, 100, 104, 105, 111, 113, 116, 122, 124, 126, 127, 128, 131, 132, 133, 134, 135, 137, 139, 143, 145, 146, 149, 153, 155, 156, 157, 165, 166, 167, 171, 173, 174, 175, 177, 182, 189, 191, 192, 194, 196, 198, 201, 203, 204, 209, 211, 217, 221, 223, 224, 226, 227, 228, 236, 239, 240, 241, 242, 243, 249, 251, 252, 253, 256, 257, 258, 259, 262, 263, 265, 266, 269, 270, 274, 276, 277, 280, 281, 284, 287, 288, 291, 295, 297, 298, 299, 300, 302, 303, 307, 308, 312, 313, 314, 317, 319, 322, 323, 324, 325, 326, 327, 328, 329, 338, 340, 341, 345, 346, 347, 348, 350, 351, 353, 354, 355, 357, 362, 363, 366, 367, 368, 369, 370, 371, 374, 375, 378, 379, 380, 382, 383, 386, 387, 388, 389, 394, 395, 398, 401, 402, 403, 407, 408, 409, 411, 412, 413, 414, 416, 420, 421, 424, 426, 428, 430, 432, 437, 438, 439, 442, 443, 445, 447, 449, 451, 454, 455, 456, 458, 459, 460, 463, 464, 466, 467, 468, 470, 471, 472, 475, 478, 479, 482, 486, 488, 489, 490, 491, 497, 500]
  Syntax Fixed = 3 
[160, 334, 453]
  Cleaned Fixed = 0 
[]
  ********************
  Total = 500 
  Exact Fixed = 235 
[2, 3, 5, 8, 9, 11, 14, 16, 17, 18, 19, 24, 27, 29, 37, 38, 39, 40, 41, 49, 52, 55, 59, 63, 65, 66, 67, 69, 74, 76, 77, 78, 81, 86, 87, 88, 89, 90, 91, 93, 95, 97, 98, 99, 100, 104, 105, 111, 113, 116, 122, 124, 126, 127, 128, 131, 132, 133, 134, 135, 137, 139, 143, 145, 146, 149, 153, 155, 156, 157, 165, 166, 167, 171, 173, 174, 175, 177, 182, 189, 191, 192, 194, 196, 198, 201, 203, 204, 209, 211, 217, 221, 223, 224, 226, 227, 228, 236, 239, 240, 241, 242, 243, 249, 251, 252, 253, 256, 257, 258, 259, 262, 263, 265, 266, 269, 270, 274, 276, 277, 280, 281, 284, 287, 288, 291, 295, 297, 298, 299, 300, 302, 303, 307, 308, 312, 313, 314, 317, 319, 322, 323, 324, 325, 326, 327, 328, 329, 338, 340, 341, 345, 346, 347, 348, 350, 351, 353, 354, 355, 357, 362, 363, 366, 367, 368, 369, 370, 371, 374, 375, 378, 379, 380, 382, 383, 386, 387, 388, 389, 394, 395, 398, 401, 402, 403, 407, 408, 409, 411, 412, 413, 414, 416, 420, 421, 424, 426, 428, 430, 432, 437, 438, 439, 442, 443, 445, 447, 449, 451, 454, 455, 456, 458, 459, 460, 463, 464, 466, 467, 468, 470, 471, 472, 475, 478, 479, 482, 486, 488, 489, 490, 491, 497, 500]
  Syntax Fixed = 3 
[160, 334, 453]
  Cleaned Fixed = 0 
[]
  codebleu = 92.85 
[0.7633002255730409, 1.0, 1.0, 0.7518926435998933, 1.0, 0.461936477113848, 0.9598988001907718, 1.0, 1.0, 0.940598945729278, 1.0, 0.8222725521291268, 0.8056751756510949, 1.0, 0.9411690661254029, 1.0, 1.0, 1.0, 1.0, 0.9655267507815484, 0.8158463815378669, 0.8998848301604019, 0.8984375659602104, 1.0, 0.8697836446510707, 0.9830124435719327, 1.0, 0.894726759864654, 1.0, 0.9472873156881443, 0.8965296466431494, 0.822851316815723, 0.9676665036259338, 0.8821296454239946, 0.8474334174872993, 0.9156471681629372, 1.0, 1.0, 1.0, 1.0, 1.0, 0.9427895563342799, 0.8186396203812509, 0.8626916964461248, 0.9145980101874507, 0.7350948805844232, 0.6977206422162042, 0.801180028968093, 1.0, 0.6861542078368468, 0.7229730981438639, 1.0, 0.8953661348226227, 0.896013967469204, 1.0, 0.9262222844116816, 0.5630576862511726, 0.8986766170158926, 1.0, 0.910233087519547, 0.9600948805844232, 0.8509588599283562, 1.0, 0.9765440084058021, 1.0, 1.0, 1.0, 0.9185321610524646, 1.0, 0.793975543926688, 0.9637364956234171, 0.9141000841539659, 0.947461659207192, 1.0, 0.6731716191316424, 1.0, 1.0, 1.0, 0.8955980328281301, 0.9026321368482364, 1.0, 0.8387796716807858, 0.8397142137521943, 0.7044792205714416, 0.6887796716807858, 1.0, 1.0, 1.0, 1.0, 1.0, 1.0, 0.9680975247490764, 1.0, 0.8337841808515074, 1.0, 0.8755729917407291, 1.0, 1.0, 1.0, 1.0, 0.8803078606169892, 0.6268736649990799, 0.8194184206145404, 1.0, 1.0, 0.9166076129557432, 0.900291645780765, 0.6731716191316424, 0.8952738864082956, 0.8642470965743208, 1.0, 0.936923058378295, 1.0, 0.7704057633491392, 0.8721507316445842, 1.0, 0.8772724139191397, 0.6577095841418729, 0.8399114554115357, 0.8607207851851004, 0.8665518607362566, 1.0, 0.9188441984944269, 1.0, 0.9631318837364407, 1.0, 1.0, 1.0, 0.8394141655908587, 0.9583676774082095, 1.0, 1.0, 1.0, 1.0, 1.0, 0.6977206422162042, 1.0, 0.9500330416345475, 1.0, 0.6977206422162042, 0.8998848301604019, 0.9156854227921107, 1.0, 0.8539352197087007, 1.0, 1.0, 0.8651650731090275, 0.9145980101874507, 1.0, 0.8394397942598091, 0.894726759864654, 0.551623347703528, 1.0, 0.9220788932733706, 1.0, 1.0, 1.0, 0.928067052222928, 0.9830124435719327, 0.9341303966021619, 0.8194184206145404, 0.9437985500759485, 0.910233087519547, 0.8894185928819611, 1.0, 1.0, 1.0, 0.7549491302505903, 0.8394397942598091, 0.719859844317331, 1.0, 0.9274843030447293, 1.0, 1.0, 1.0, 0.9443755095409017, 1.0, 0.8020772327457721, 0.8531462888634065, 0.7507139083458813, 0.8853457989463581, 1.0, 0.9524183912964097, 0.9270405384522935, 0.909624266823112, 0.8263400048588452, 0.8535087661549325, 0.9090440252597953, 1.0, 0.8490506294864315, 1.0, 1.0, 0.8488639150612545, 1.0, 0.9630476148256921, 1.0, 0.936752055107628, 1.0, 0.9479527984830745, 0.9546221339246326, 1.0, 0.7830011774921302, 1.0, 1.0, 0.681072945544059, 0.9535682301774412, 0.9072571488256155, 0.9583676774082095, 1.0, 0.9714741186824503, 1.0, 0.7133434750181247, 0.9748004580725187, 0.7571043044738265, 0.9372110492852396, 0.8397142137521943, 1.0, 0.8689975336408694, 0.9468351265733028, 0.9085309210098864, 1.0, 0.9711766444291812, 1.0, 1.0, 0.6040692180123179, 1.0, 1.0, 1.0, 0.9201281281538001, 0.9296190778846383, 0.9830124435719327, 0.6229661941006033, 0.9498733743967636, 0.9500330416345475, 0.970114879479065, 1.0, 0.9015688472130516, 0.9725011474210121, 1.0, 1.0, 1.0, 1.0, 1.0, 0.8397142137521943, 0.9546221339246326, 0.8981449415543648, 0.9675420713984233, 0.9108579930646856, 1.0, 0.8599047347214918, 1.0, 1.0, 1.0, 0.9500330416345475, 0.8394397942598091, 1.0, 1.0, 1.0, 1.0, 0.7554783858090635, 0.7165518607362565, 1.0, 1.0, 0.7984839217792663, 1.0, 1.0, 0.776008572810357, 0.9583676774082095, 1.0, 1.0, 0.8235575849230793, 0.9543920430664012, 0.957982876787582, 1.0, 0.7698548656934749, 1.0, 1.0, 0.6229661941006033, 0.9211131842675646, 1.0, 1.0, 0.9608514269956967, 0.940387748772268, 1.0, 0.8991143708627416, 0.8228404231788209, 1.0, 1.0, 0.9108242908590016, 0.8671763677889426, 1.0, 0.9059642451028274, 0.740389003740471, 0.909624266823112, 1.0, 0.6731716191316424, 1.0, 1.0, 1.0, 1.0, 0.7032463562196102, 1.0, 1.0, 0.9193114455112912, 0.7486246705124127, 0.9355163382076239, 1.0, 1.0, 0.847313480980378, 0.8397142137521943, 0.9090440252597953, 1.0, 1.0, 1.0, 0.9270405384522935, 0.8425810755896723, 1.0, 0.8848468039511168, 1.0, 0.9498733743967636, 0.9489900112686158, 1.0, 1.0, 1.0, 1.0, 1.0, 1.0, 1.0, 1.0, 0.9155105345510666, 0.954646559321255, 0.8446183457471304, 0.6776464558458859, 0.9341303966021619, 0.8165138781676962, 0.7491375710149024, 0.8845572237610086, 1.0, 0.5666302487737696, 1.0, 1.0, 0.8606751756510949, 0.973200733636699, 0.6508081453961951, 1.0, 1.0, 1.0, 1.0, 0.6103531181632182, 1.0, 1.0, 0.8731838768910194, 1.0, 1.0, 1.0, 0.7026615485512439, 1.0, 0.8674435206185069, 0.9241497117221709, 0.726332468260181, 0.8215323955703762, 1.0, 1.0, 0.9520099029923956, 0.8750501938749425, 1.0, 1.0, 1.0, 1.0, 1.0, 1.0, 0.8149139863647084, 0.7383403869893825, 1.0, 1.0, 0.9581095565874824, 0.9660210594050409, 1.0, 1.0, 1.0, 0.8045788816545087, 1.0, 1.0, 0.8459894670707158, 0.9427895563342799, 1.0, 1.0, 1.0, 1.0, 0.7867027487884595, 0.8357712991769117, 0.8642470965743208, 0.9116788368020918, 1.0, 1.0, 0.9656973569421463, 0.9116788368020918, 1.0, 0.8599047347214918, 0.940101844638672, 1.0, 1.0, 1.0, 0.8892259799760112, 0.9524183912964097, 0.9765440084058021, 1.0, 1.0, 1.0, 0.7877842946802818, 1.0, 1.0, 1.0, 1.0, 0.6868474083243508, 1.0, 0.9711218088844558, 0.8984375659602104, 0.940598945729278, 1.0, 1.0, 0.8728116873413116, 0.9746774581465578, 1.0, 0.9277194960988864, 1.0, 0.793992508705015, 1.0, 0.9698138929646263, 1.0, 0.977213679071198, 1.0, 0.9473839944401292, 0.9058089637441036, 0.882842712474619, 0.8580551848499416, 1.0, 1.0, 1.0, 0.8940816483943355, 0.9361684767997713, 1.0, 1.0, 0.9583676774082095, 1.0, 0.8472367293037075, 1.0, 0.9427895563342799, 1.0, 0.8599047347214918, 1.0, 0.9602891460062635, 0.9341303966021619, 1.0, 1.0, 1.0, 0.8098590091001723, 1.0, 1.0, 1.0, 0.9637364956234171, 0.8394397942598091, 1.0, 1.0, 0.8535922152441364, 1.0, 0.9519682498738435, 1.0, 0.9523104352365284, 1.0, 1.0, 1.0, 0.9408900847454558, 0.9493239030379825, 1.0, 0.9660493922322488, 0.7876421850012838, 1.0, 1.0, 0.9466595714446484, 0.7830011774921302, 1.0, 0.8803078606169892, 0.9833784780225703, 0.9583676774082095, 1.0, 0.9023338728659691, 1.0, 1.0, 1.0, 1.0, 0.8476460351025821, 0.7533050635111456, 0.9270405384522935, 0.8667343878768172, 0.9309949427736264, 1.0, 0.7292149374693833, 0.9435321610524647, 1.0]
Finish training and take 11m
