Namespace(log_name='./RQ5/tfix_32_3/codet5p_770m.log', model_name='Salesforce/codet5p-770m', lang='javascript', output_dir='RQ5/tfix_32_3/codet5p_770m', data_dir='./data/RQ5/tfix_32_3', choice=0, no_cuda=False, visible_gpu='0', num_train_epochs=10, num_test_epochs=1, train_batch_size=4, eval_batch_size=4, gradient_accumulation_steps=1, load_model_path=None, config_name='', tokenizer_name='', max_source_length=512, max_target_length=512, warm_up_ratio=0.1, do_train=True, do_eval=True, do_test=True, freeze=False, learning_rate=5e-05, beam_size=10, weight_decay=0.0, adam_epsilon=1e-08, local_rank=-1, seed=42, early_stop_threshold=2)
Process rank: -1, device: cuda, n_gpu: 1, distributed training: False
Model created!!
[[{'text': 'function addCommentsToSgf(callback) {     Comment.find({ kifu: kifu._id })', 'loss_ids': 0, 'shortenable_ids': 1}, {'text': '<mask>', 'loss_ids': 1, 'shortenable_ids': 0}, {'text': 'is the fixed version', 'loss_ids': 0, 'shortenable_ids': 0}], {'guid': 0, 'tgt_text': 'var addCommentsToSgf = function (callback) {     Comment.find({ kifu: kifu._id })'}]
***** Running training *****
  Num examples = 32
  Batch size = 4
  Num epoch = 10

***** Running evaluation *****
  Num examples = 100
  Batch size = 4
  epoch = 0
  eval_ppl = 1.3962227268463287e+217
  global_step = 9
  train_loss = 29.3985
  ********************
Previous best ppl:inf
Achieve Best ppl:1.3962227268463287e+217
  ********************
BLEU file: ./data/RQ5/tfix_32_3/validation.jsonl
  codebleu-4 = 53.26 	 Previous best codebleu 0
  ********************
 Achieve Best bleu:53.26
  ********************

***** Running evaluation *****
  Num examples = 100
  Batch size = 4
  epoch = 1
  eval_ppl = 2.959378935891892e+280
  global_step = 17
  train_loss = 11.792
  ********************
Previous best ppl:1.3962227268463287e+217
BLEU file: ./data/RQ5/tfix_32_3/validation.jsonl
  codebleu-4 = 53.39 	 Previous best codebleu 53.26
  ********************
 Achieve Best bleu:53.39
  ********************

***** Running evaluation *****
  Num examples = 100
  Batch size = 4
  epoch = 2
  eval_ppl = 1.3378240037219876e+289
  global_step = 25
  train_loss = 4.1559
  ********************
Previous best ppl:1.3962227268463287e+217
BLEU file: ./data/RQ5/tfix_32_3/validation.jsonl
  codebleu-4 = 57.59 	 Previous best codebleu 53.39
  ********************
 Achieve Best bleu:57.59
  ********************

***** Running evaluation *****
  Num examples = 100
  Batch size = 4
  epoch = 3
  eval_ppl = inf
  global_step = 33
  train_loss = 2.1495
  ********************
Previous best ppl:1.3962227268463287e+217
BLEU file: ./data/RQ5/tfix_32_3/validation.jsonl
  codebleu-4 = 57.33 	 Previous best codebleu 57.59
  ********************

***** Running evaluation *****
  Num examples = 100
  Batch size = 4
  epoch = 4
  eval_ppl = inf
  global_step = 41
  train_loss = 0.791
  ********************
Previous best ppl:1.3962227268463287e+217
BLEU file: ./data/RQ5/tfix_32_3/validation.jsonl
  codebleu-4 = 57.77 	 Previous best codebleu 57.59
  ********************
 Achieve Best bleu:57.77
  ********************

***** Running evaluation *****
  Num examples = 100
  Batch size = 4
  epoch = 5
  eval_ppl = inf
  global_step = 49
  train_loss = 0.3451
  ********************
Previous best ppl:1.3962227268463287e+217
BLEU file: ./data/RQ5/tfix_32_3/validation.jsonl
  codebleu-4 = 58.05 	 Previous best codebleu 57.77
  ********************
 Achieve Best bleu:58.05
  ********************

***** Running evaluation *****
  Num examples = 100
  Batch size = 4
  epoch = 6
  eval_ppl = inf
  global_step = 57
  train_loss = 0.2811
  ********************
Previous best ppl:1.3962227268463287e+217
BLEU file: ./data/RQ5/tfix_32_3/validation.jsonl
  codebleu-4 = 58.16 	 Previous best codebleu 58.05
  ********************
 Achieve Best bleu:58.16
  ********************

***** Running evaluation *****
  Num examples = 100
  Batch size = 4
  epoch = 7
  eval_ppl = inf
  global_step = 65
  train_loss = 0.4981
  ********************
Previous best ppl:1.3962227268463287e+217
BLEU file: ./data/RQ5/tfix_32_3/validation.jsonl
  codebleu-4 = 58.0 	 Previous best codebleu 58.16
  ********************

***** Running evaluation *****
  Num examples = 100
  Batch size = 4
  epoch = 8
  eval_ppl = inf
  global_step = 73
  train_loss = 0.1182
  ********************
Previous best ppl:1.3962227268463287e+217
BLEU file: ./data/RQ5/tfix_32_3/validation.jsonl
  codebleu-4 = 58.12 	 Previous best codebleu 58.16
  ********************
early stopping!!!
reload model from RQ5/tfix_32_3/codet5p_770m/checkpoint-best-bleu
BLEU file: ./data/RQ5/tfix_32_3/test.jsonl
  codebleu = 56.38 
  Total = 500 
  Exact Fixed = 31 
[3, 13, 47, 53, 59, 67, 111, 117, 130, 131, 133, 147, 152, 153, 162, 188, 198, 199, 217, 229, 253, 269, 271, 284, 308, 317, 340, 389, 449, 453, 493]
  Syntax Fixed = 1 
[345]
  Cleaned Fixed = 10 
[9, 61, 120, 139, 159, 170, 268, 336, 345, 417]
  ********************
  Total = 500 
  Exact Fixed = 31 
[3, 13, 47, 53, 59, 67, 111, 117, 130, 131, 133, 147, 152, 153, 162, 188, 198, 199, 217, 229, 253, 269, 271, 284, 308, 317, 340, 389, 449, 453, 493]
  Syntax Fixed = 1 
[345]
  Cleaned Fixed = 10 
[9, 61, 120, 139, 159, 170, 268, 336, 345, 417]
  codebleu = 56.38 
[0.13302463133083384, 0.8170015046833874, 1.0, 0.3668284850162606, 0.5642010748634618, 0.8697471734123385, 0.7130804239841513, 0.11582292438020222, 0.6119613551150405, 0.6779253872262, 0.3499927730653973, 0.7067366858513033, 0.6640033451354017, 0.49718705940327845, 0.39323313167877133, 0.6127572978503959, 0.3695721997545157, 0.3951417837590342, 0.5154648889134016, 0.9207265089204273, 0.8214203428813993, 0.3743172882353815, 0.1636363636363636, 0.5055188769352307, 0.4970106305726538, 0.2504033576162784, 0.7949680697811121, 0.15747669278081078, 0.5406130222063663, 0.110722640539825, 0.535133493667276, 0.6142482969348242, 0.7114217991038729, 0.4198769757196277, 0.3326555560719357, 0.8149139863647084, 0.2695461009583294, 0.8504403342456683, 0.6934531647858191, 0.41673766744658963, 0.763761398744189, 0.22267396568917747, 0.5277537539048389, 0.5229326815734496, 0.4938300093345578, 0.5652887122558813, 1.0, 0.602585911416486, 0.46877089663917104, 0.8951959058230954, 0.5123984208296868, 0.5266057619745405, 1.0, 0.32435175818106565, 0.6720398231634966, 0.861482988138697, 0.8968939355581875, 0.8581179629766709, 1.0, 0.6607530176165711, 0.8826042515417132, 0.4585617401550842, 0.5610771314034941, 0.4803494323607689, 0.5558895153674697, 0.48289849585465594, 1.0, 0.5970182644937875, 0.6517008915274617, 0.5416581477675209, 0.2752284068217509, 0.20369111792447886, 0.08978100888954238, 0.8917740712291482, 0.5007846217557572, 0.10805513973166703, 0.4887096364908238, 0.4531431294418838, 0.643291057814614, 0.6724062327149246, 0.6530747837026651, 0.6387289085944345, 0.26090620551116817, 0.6953856477238599, 0.5766433148075119, 0.9179350389391119, 0.0, 0.2966597993138361, 0.0485646584311115, 0.5675986891240699, 0.3751383030603742, 0.606475983900985, 0.4376733077091023, 0.814064525684886, 0.4134404736596011, 0.4484520389345378, 0.7459627599846212, 0.016782765293716924, 0.6488884298635612, 0.483668171350054, 0.5553082743436026, 0.4965144687034782, 0.8199440232953434, 0.0, 0.07719082257468701, 0.1714285714285714, 0.48167268419835185, 0.467913762972279, 0.7764804587657133, 0.5024101654079205, 1.0, 0.6785036503543816, 0.35473913473843294, 0.2752973371873174, 0.2924537101693822, 0.5566638701334943, 0.9474466761527047, 0.16950123401194037, 0.19999999999999998, 0.08953276868214524, 0.33036017439379955, 0.9068864709786153, 0.6228161758510766, 0.10906101778358473, 0.8840188084091536, 0.8150666162955742, 0.4118819918812901, 0.5551676892768422, 0.7562262989907678, 0.9891483218006352, 1.0, 0.7386991709927695, 1.0, 0.7768898072067754, 0.22619887519287302, 0.4544627617245256, 0.4831321633398339, 0.5822125353044847, 0.9228963827959196, 0.6937464703296872, 0.7239139638913099, 0.5960707868709735, 0.27528728007290226, 0.5440521407974296, 0.6853543509327785, 0.7530045026259591, 1.0, 0.523507649142383, 0.4419207433602358, 0.5063942770541421, 0.7059117582516798, 1.0, 1.0, 0.40135160729534664, 0.7728222909971192, 0.5632387151836264, 0.31000593340104576, 0.8245957586820076, 0.7290594020931371, 0.5266057619745405, 0.5348435312891645, 0.7863340021370451, 0.5461243465154161, 0.5301818996067954, 0.7424282823720908, 0.6745836923955046, 0.4363518046738012, 0.35511870560120445, 0.5606672680560794, 0.0, 0.6336131842675646, 0.4858412195420705, 0.4831458551130241, 0.5532531256091296, 0.6477517173276517, 0.7202172177276029, 0.7436210610284252, 0.6063990045631434, 0.8273136413238535, 0.510409269308891, 0.7269320077439674, 0.5992305511647729, 0.7302007404183433, 0.8426568563575418, 0.6814650334361707, 0.3812999423756144, 0.6956009081078438, 1.0, 0.4231498701419104, 0.49716968796987465, 0.050923035847610806, 0.5728633222115624, 0.7218723908052287, 0.49393424193861524, 0.3376480475289295, 0.4718765181257531, 0.5266551101233702, 0.8114529051148651, 1.0, 0.39873667339437135, 0.15429293535427072, 0.6863884298635612, 0.7296508600957852, 0.6867787885259955, 0.4739790984471416, 0.6459247942853364, 0.9226212781081518, 0.0731716191316424, 0.4307250470563342, 0.5442680213004776, 0.21245371016938225, 0.349188727096548, 0.9080331470954286, 0.272412788792651, 0.8249783514952764, 0.2067414939499072, 1.0, 0.6663998078842303, 0.42493877026999405, 0.619750295236949, 0.59820323220824, 0.35624947398505524, 0.42087700937497863, 0.43237505222504025, 0.5419627617245256, 0.6093189247482212, 0.6271806220068676, 0.46132529083669765, 1.0, 0.5660528353107435, 0.3678831758068888, 0.7862551025473414, 0.4821379477582639, 0.47035576197454043, 0.7521271372862586, 0.5274151448167971, 0.6726527033303111, 0.7448443514503091, 0.5783855817369018, 0.6029055732198362, 0.3965630043849799, 0.7816396051000123, 0.0, 0.3538685674110905, 0.5944836924880659, 0.6208906511898491, 0.7080707346422974, 0.145244327318979, 0.4435027248795795, 0.565629122056696, 0.0375, 0.7796468115916302, 1.0, 0.6179144359460748, 0.4089903936086955, 0.4223835094667513, 0.0, 0.6613564407173638, 0.7355980328281302, 0.09418181350952061, 0.5376172770255981, 0.5721360784673309, 0.7190318733197926, 0.604436274930823, 0.565895296523178, 0.6124900507484021, 0.0, 0.6993751196103626, 1.0, 0.367641751923923, 1.0, 0.8082416075216149, 0.73659581790699, 0.177190822574687, 0.13636363636363635, 0.5058144125160369, 0.7439654153934541, 0.8020701463285549, 0.20749713980746443, 0.8212928138736779, 0.6519830178464932, 0.6372686210702381, 0.6041077305454495, 1.0, 0.5113423898593796, 0.3210022750677429, 0.29123935575300347, 0.6899766481408451, 0.6768986255548952, 0.7014788118630328, 0.8244788648855748, 0.29286074313859833, 0.8398078253515011, 0.7721214735047168, 0.5782030614679, 0.027660853979899265, 0.5550049310474542, 0.820109647033614, 0.5843539719797703, 0.6197856242749173, 0.43701826449378744, 0.7215433553637871, 0.15837703500732306, 0.3814205333654446, 0.7839520803542337, 0.3844698211793555, 0.6107000692160132, 1.0, 0.40220728137560635, 0.816225472769031, 0.8312424689833122, 0.3189508954085808, 0.7460474584273435, 0.8251411716151402, 0.46526859680566335, 0.7531697895341449, 0.9318657024016066, 0.5290092325728539, 0.6060574827359351, 0.5678911585054794, 0.5537998353931795, 0.006458652248848414, 0.6392333266349789, 0.5110656166644442, 0.37549356386576216, 0.630608601765937, 0.678707375819837, 0.5189589454524783, 0.5382922926202521, 0.4343002319965344, 0.6000985483850564, 0.6742738870938194, 0.4959953038804974, 0.72455988025806, 0.4707909983708979, 0.6553082743436025, 0.8140165767392193, 0.7144948346694379, 0.4709261928229648, 1.0, 0.6352900380997268, 0.7329853689231081, 0.7668758886842345, 0.5942976171879519, 0.9228963827959196, 0.6209070226208282, 0.4776873053131037, 0.5909402501865353, 0.38304611372110686, 0.47786341412302047, 0.6721193723777923, 0.6999214919756145, 0.6781982935333077, 0.5167500239658253, 0.6737569575259978, 0.3426136760976885, 0.5883089748131176, 0.8016991175434878, 0.6075637496795644, 0.5140913145175611, 0.4147896756607047, 0.8155450160863305, 0.4967900328493899, 0.370321911798854, 0.43554564932669804, 0.7391886750930661, 0.4407283286877167, 0.5669580702376444, 0.34003623200632915, 0.12201368865751627, 0.6530550965302279, 0.42778187550634333, 0.4366371358026476, 0.37189462110559945, 0.3105028374306678, 0.11321771168817468, 0.5405634555698329, 0.6892870539097846, 0.8102736261199102, 0.545545649326698, 0.8042470965743207, 0.5205863954147486, 0.5721248060099497, 0.04448415542647708, 0.271340855162866, 0.6355353074494696, 0.5217365165784443, 0.5513106022759322, 1.0, 0.6193453441662242, 0.8174230148919821, 0.4444597200395934, 0.5271706258633102, 0.34272438732934996, 0.3807256007926331, 0.8165273869902545, 0.6941813926327731, 0.7308835793300246, 0.35437970233785665, 0.5763240578218234, 0.11841238567827725, 0.5519698034749387, 0.5509782586537075, 0.6863559408133775, 0.7017410285928236, 0.7787918207406566, 0.8604352575955447, 0.4054183564853334, 0.34575990398983625, 0.8433369370338967, 0.5894606988288391, 0.691735368923108, 0.5084373166195929, 0.8696187021511392, 0.40209781994840155, 0.40400364537321126, 0.6816015466501335, 0.31343124563819974, 0.6289439475762831, 0.24658767523161879, 0.23683637774429345, 0.664322380152994, 0.3372632052291401, 0.940598945729278, 0.7923043045126105, 0.43819881886061685, 0.19272438732935, 0.6278821760519093, 0.28909196525218883, 0.29221582485699105, 0.4085332823846201, 0.8661547359011423, 0.15472876794829787, 0.688062756936776, 0.39999999999999997, 0.7023594991536818, 0.7429370522068693, 0.6847340670900772, 0.8742687840283396, 0.48861662650065896, 0.554739134738433, 0.7744515423179406, 0.8519938276459833, 0.44318582487514385, 0.8228963827959196, 0.6375167201921692, 0.5316562756993463, 0.6901940524102714, 1.0, 0.6733027629890207, 0.31189939365136443, 0.8542712839031905, 1.0, 0.39206686043974615, 0.28890659929471596, 0.6578607431385983, 0.41080814539619515, 0.7322642870443095, 0.7505301986989676, 0.7156824318881916, 0.003996009641464269, 0.8253119306693903, 0.47102574599540464, 0.5811145153819444, 0.34237314915011985, 0.34509049865171215, 0.4697917956198946, 0.22719082257468703, 0.4016265496309229, 0.45473913473843297, 0.3008557137029968, 0.7412242091620882, 0.355067633384039, 0.7398815472813818, 0.4326263272143769, 0.643309301212212, 0.13496157080519555, 0.12, 0.8010669062882427, 0.7016265496309229, 0.766682914692771, 0.6028785751316023, 0.36393172467891854, 0.7451384298635613, 0.6137392159029667, 0.42880120128837773, 0.5907820443144609, 0.4619776961182084, 0.8180779662080888, 0.6629581948739375, 0.566221018567181, 0.025555238068023588, 1.0, 0.6988219320042083, 0.7396773803089467, 0.6492633713864637, 0.7279095254199106, 0.8691371695837178, 0.1942247917643758, 0.7158229243802021]
Finish training and take 17m
