Namespace(log_name='./RQ5/sstubs_8_1/codet5p_770m.log', model_name='Salesforce/codet5p-770m', lang='java', output_dir='RQ5/sstubs_8_1/codet5p_770m', data_dir='./data/RQ5/sstubs_8_1', choice=0, no_cuda=False, visible_gpu='0', num_train_epochs=10, num_test_epochs=1, train_batch_size=4, eval_batch_size=4, gradient_accumulation_steps=1, load_model_path=None, config_name='', tokenizer_name='', max_source_length=512, max_target_length=512, warm_up_ratio=0.1, do_train=True, do_eval=True, do_test=True, freeze=False, learning_rate=5e-05, beam_size=10, weight_decay=0.0, adam_epsilon=1e-08, local_rank=-1, seed=42, early_stop_threshold=3)
Process rank: -1, device: cuda, n_gpu: 1, distributed training: False
Model created!!
[[{'text': 'final PrintWriter output = mock(PrintWriter.class);          when(request.getMethod()).thenReturn("POST");         when(request.getRequestURI()).thenReturn("/tasks/gc");          when(request.getParameterNames()).thenReturn(Collections.enumeration(ImmutableList.of("runs")));          when(request.getParameterValues("runs")).thenReturn(new String[]{"1"});          when(response.getWriter()).thenReturn(output);', 'loss_ids': 0, 'shortenable_ids': 1}, {'text': '<mask>', 'loss_ids': 1, 'shortenable_ids': 0}, {'text': 'is the fixed version', 'loss_ids': 0, 'shortenable_ids': 0}], {'guid': 0, 'tgt_text': 'final PrintWriter output = mock(PrintWriter.class);          when(request.getMethod()).thenReturn("POST");         when(request.getServletPath()).thenReturn("/tasks/gc");          when(request.getParameterNames()).thenReturn(Collections.enumeration(ImmutableList.of("runs")));          when(request.getParameterValues("runs")).thenReturn(new String[]{"1"});          when(response.getWriter()).thenReturn(output);'}]
***** Running training *****
  Num examples = 8
  Batch size = 4
  Num epoch = 10

***** Running evaluation *****
  Num examples = 100
  Batch size = 4
  epoch = 0
  eval_ppl = 1.5995153458795362e+279
  global_step = 3
  train_loss = 40.1979
  ********************
Previous best ppl:inf
Achieve Best ppl:1.5995153458795362e+279
  ********************
BLEU file: ./data/RQ5/sstubs_8_1/validation.jsonl
  codebleu-4 = 24.55 	 Previous best codebleu 0
  ********************
 Achieve Best bleu:24.55
  ********************

***** Running evaluation *****
  Num examples = 100
  Batch size = 4
  epoch = 1
  eval_ppl = 3.2819869531979225e+257
  global_step = 5
  train_loss = 20.1808
  ********************
Previous best ppl:1.5995153458795362e+279
Achieve Best ppl:3.2819869531979225e+257
  ********************
BLEU file: ./data/RQ5/sstubs_8_1/validation.jsonl
  codebleu-4 = 44.22 	 Previous best codebleu 24.55
  ********************
 Achieve Best bleu:44.22
  ********************

***** Running evaluation *****
  Num examples = 100
  Batch size = 4
  epoch = 2
  eval_ppl = 4.0505517211789495e+277
  global_step = 7
  train_loss = 5.1099
  ********************
Previous best ppl:3.2819869531979225e+257
BLEU file: ./data/RQ5/sstubs_8_1/validation.jsonl
  codebleu-4 = 78.16 	 Previous best codebleu 44.22
  ********************
 Achieve Best bleu:78.16
  ********************

***** Running evaluation *****
  Num examples = 100
  Batch size = 4
  epoch = 3
  eval_ppl = 9.254056364820016e+301
  global_step = 9
  train_loss = 2.6039
  ********************
Previous best ppl:3.2819869531979225e+257
BLEU file: ./data/RQ5/sstubs_8_1/validation.jsonl
  codebleu-4 = 83.35 	 Previous best codebleu 78.16
  ********************
 Achieve Best bleu:83.35
  ********************

***** Running evaluation *****
  Num examples = 100
  Batch size = 4
  epoch = 4
  eval_ppl = inf
  global_step = 11
  train_loss = 0.5439
  ********************
Previous best ppl:3.2819869531979225e+257
BLEU file: ./data/RQ5/sstubs_8_1/validation.jsonl
  codebleu-4 = 84.07 	 Previous best codebleu 83.35
  ********************
 Achieve Best bleu:84.07
  ********************

***** Running evaluation *****
  Num examples = 100
  Batch size = 4
  epoch = 5
  eval_ppl = inf
  global_step = 13
  train_loss = 0.557
  ********************
Previous best ppl:3.2819869531979225e+257
BLEU file: ./data/RQ5/sstubs_8_1/validation.jsonl
  codebleu-4 = 84.32 	 Previous best codebleu 84.07
  ********************
 Achieve Best bleu:84.32
  ********************

***** Running evaluation *****
  Num examples = 100
  Batch size = 4
  epoch = 6
  eval_ppl = inf
  global_step = 15
  train_loss = 0.7377
  ********************
Previous best ppl:3.2819869531979225e+257
BLEU file: ./data/RQ5/sstubs_8_1/validation.jsonl
  codebleu-4 = 84.73 	 Previous best codebleu 84.32
  ********************
 Achieve Best bleu:84.73
  ********************

***** Running evaluation *****
  Num examples = 100
  Batch size = 4
  epoch = 7
  eval_ppl = inf
  global_step = 17
  train_loss = 0.761
  ********************
Previous best ppl:3.2819869531979225e+257
BLEU file: ./data/RQ5/sstubs_8_1/validation.jsonl
  codebleu-4 = 84.31 	 Previous best codebleu 84.73
  ********************

***** Running evaluation *****
  Num examples = 100
  Batch size = 4
  epoch = 8
  eval_ppl = inf
  global_step = 19
  train_loss = 0.4419
  ********************
Previous best ppl:3.2819869531979225e+257
BLEU file: ./data/RQ5/sstubs_8_1/validation.jsonl
  codebleu-4 = 83.8 	 Previous best codebleu 84.73
  ********************

***** Running evaluation *****
  Num examples = 100
  Batch size = 4
  epoch = 9
  eval_ppl = inf
  global_step = 21
  train_loss = 0.4318
  ********************
Previous best ppl:3.2819869531979225e+257
BLEU file: ./data/RQ5/sstubs_8_1/validation.jsonl
  codebleu-4 = 84.29 	 Previous best codebleu 84.73
  ********************
early stopping!!!
reload model from RQ5/sstubs_8_1/codet5p_770m/checkpoint-best-bleu
BLEU file: ./data/RQ5/sstubs_8_1/test.jsonl
  codebleu = 85.13 
  Total = 500 
  Exact Fixed = 125 
[1, 3, 14, 18, 20, 23, 25, 32, 34, 36, 47, 48, 52, 55, 56, 58, 62, 65, 69, 75, 82, 87, 88, 96, 101, 102, 105, 109, 110, 112, 114, 120, 121, 125, 126, 127, 128, 129, 135, 136, 138, 139, 145, 148, 153, 160, 173, 176, 183, 186, 188, 192, 196, 198, 203, 204, 209, 211, 214, 215, 221, 228, 230, 232, 233, 238, 240, 241, 248, 249, 252, 259, 266, 267, 268, 270, 273, 283, 287, 291, 295, 298, 308, 311, 312, 316, 318, 321, 322, 323, 327, 333, 335, 342, 343, 345, 350, 359, 360, 370, 379, 383, 389, 394, 400, 401, 422, 423, 427, 438, 448, 452, 454, 455, 459, 464, 465, 467, 469, 475, 477, 480, 488, 494, 498]
  Syntax Fixed = 0 
[]
  Cleaned Fixed = 6 
[61, 70, 85, 246, 341, 425]
  ********************
  Total = 500 
  Exact Fixed = 125 
[1, 3, 14, 18, 20, 23, 25, 32, 34, 36, 47, 48, 52, 55, 56, 58, 62, 65, 69, 75, 82, 87, 88, 96, 101, 102, 105, 109, 110, 112, 114, 120, 121, 125, 126, 127, 128, 129, 135, 136, 138, 139, 145, 148, 153, 160, 173, 176, 183, 186, 188, 192, 196, 198, 203, 204, 209, 211, 214, 215, 221, 228, 230, 232, 233, 238, 240, 241, 248, 249, 252, 259, 266, 267, 268, 270, 273, 283, 287, 291, 295, 298, 308, 311, 312, 316, 318, 321, 322, 323, 327, 333, 335, 342, 343, 345, 350, 359, 360, 370, 379, 383, 389, 394, 400, 401, 422, 423, 427, 438, 448, 452, 454, 455, 459, 464, 465, 467, 469, 475, 477, 480, 488, 494, 498]
  Syntax Fixed = 0 
[]
  Cleaned Fixed = 6 
[61, 70, 85, 246, 341, 425]
  codebleu = 85.13 
[1.0, 0.9471695160234401, 1.0, 0.8947836446510709, 0.8176625406504057, 0.8412123173599384, 0.2259529563985114, 0.7819028822360282, 0.6093184561956347, 0.7819028822360282, 0.7819028822360282, 0.8748733743967635, 0.9167248063681421, 1.0, 0.936752055107628, 0.9257686479202227, 0.9327424974247918, 1.0, 0.9176675865658077, 1.0, 0.7446175044980925, 0.8336339962320415, 1.0, 0.853964085660508, 1.0, 0.7010984251778435, 0.7427564507745177, 0.8892742146930692, 0.8665518607362566, 0.6725622705865831, 0.753539840620477, 1.0, 0.65859330317218, 1.0, 0.17253242150322212, 1.0, 0.9259520853518541, 0.9272945586059962, 0.9327424974247918, 0.9236426846280885, 0.7815774165473165, 0.9490847437807148, 0.8641939857382575, 0.7806930145174624, 0.8509958739837391, 0.9471695160234401, 1.0, 1.0, 0.27830317343360095, 0.8472999580048346, 0.8971127902247926, 1.0, 0.8362511196423215, 0.9435321610524647, 1.0, 1.0, 0.8489269688168015, 1.0, 0.8892742146930692, 0.7177700129825513, 0.987026696724848, 1.0, 0.5688100992556542, 0.27830317343360095, 1.0, 0.8596302028883616, 0.9600948805844232, 0.8961079319106557, 1.0, 0.987026696724848, 0.8771203229311448, 0.8291032710564037, 0.9600553834135903, 0.5803956479708586, 1.0, 0.954404037661345, 0.8348805422215138, 0.9583676774082095, 0.8748733743967635, 0.8482227062370575, 0.8892385063159653, 1.0, 0.9600553834135903, 0.8821296454239946, 0.987026696724848, 0.7559156830324045, 1.0, 1.0, 0.8045262210759584, 0.9275923820999126, 0.7062225530147351, 0.27830317343360095, 0.8509958739837391, 0.7932555322546102, 0.7806930145174624, 1.0, 0.9327424974247918, 0.9323598782946632, 0.9339261075829457, 0.9471695160234401, 1.0, 1.0, 0.27830317343360095, 0.8748733743967635, 1.0, 0.9327424974247918, 0.8142735303489506, 0.7678808183860186, 1.0, 1.0, 0.8753386597139896, 1.0, 0.27830317343360095, 1.0, 0.864852147721258, 0.753539840620477, 0.9027245358790694, 0.9327424974247918, 0.8036920331680233, 1.0, 1.0, 0.8476129589691654, 0.9007487580828386, 0.8387796716807858, 1.0, 1.0, 1.0, 1.0, 1.0, 0.26804347135420237, 0.6093184561956347, 0.9427895563342799, 0.9496594188867309, 0.7591211541191165, 1.0, 1.0, 0.9160192719604185, 1.0, 1.0, 0.937037793221539, 0.27830317343360095, 0.7789686319891309, 0.8376886366846652, 0.9327424974247918, 1.0, 0.9019927469706532, 0.9148954992547789, 1.0, 0.27830317343360095, 0.8201899582646597, 0.8615610542536678, 0.778217378209213, 1.0, 0.27830317343360095, 0.27830317343360095, 0.7475650368522859, 0.7386907661850663, 0.8185803147258994, 0.8350913490042129, 1.0, 0.8506625131471046, 0.826991033561655, 0.822395584879356, 0.8617520551076281, 0.9327424974247918, 0.6848374736577851, 0.936752055107628, 0.8218776836909385, 0.9275923820999126, 0.7819028822360282, 0.9167918417601055, 0.937037793221539, 1.0, 0.9439975336408695, 0.7695271789607849, 1.0, 0.9327424974247918, 0.5834193080741832, 0.8482722386911785, 0.9267516766457782, 0.8461535442804737, 0.9044642401339957, 1.0, 0.6973841785137411, 0.9530008025801151, 1.0, 0.8899727657233814, 1.0, 0.8664266028701744, 0.8744249878358439, 0.8014447380383962, 1.0, 0.9253401143941313, 0.8439975336408694, 0.8665471473605286, 1.0, 0.9327424974247918, 1.0, 0.7396196795552973, 0.8925746014665643, 0.9263743829012012, 0.942891989734737, 1.0, 1.0, 0.7819028822360282, 0.8821296454239946, 0.9312991012532417, 0.9600948805844232, 1.0, 0.41284799513794634, 1.0, 0.6045366061224913, 0.7285800654245772, 1.0, 1.0, 0.8634090336969251, 0.8799038013550624, 0.7819028822360282, 0.8492332805584706, 0.6144790552597483, 1.0, 0.9222862123570568, 0.9070500762946592, 0.9085309210098864, 0.7590096946794502, 0.936752055107628, 0.8765182158436144, 1.0, 0.6093184561956347, 0.9680988793409613, 0.5688100992556542, 1.0, 1.0, 0.884777214048037, 0.7128127111981606, 0.8218776836909385, 0.937037793221539, 1.0, 0.9327424974247918, 1.0, 1.0, 0.27830317343360095, 0.884137748772268, 0.8222725521291268, 0.8272363907340718, 0.987026696724848, 0.24194458372002287, 1.0, 1.0, 0.5988938580235035, 0.7738792827268854, 1.0, 0.7255139739363371, 0.8176625406504057, 0.9327424974247918, 0.8482227062370575, 0.7179620657182054, 0.8235464764872675, 1.0, 0.8339340439481011, 0.8404979526305214, 0.937037793221539, 0.778217378209213, 0.6579649905521198, 0.7475650368522859, 1.0, 1.0, 1.0, 0.8212636043254029, 1.0, 0.8965459217005187, 0.9259881201117277, 1.0, 0.907357971193316, 0.7932555322546102, 0.45182374078322574, 0.8821296454239946, 0.9323598782946632, 0.8571486858327837, 0.9600553834135903, 0.8411299909042294, 0.7258182000922713, 1.0, 0.8648103351245982, 0.9466595714446484, 0.5287915407637687, 1.0, 0.8875493112196993, 0.7117447880586575, 0.7016265496309229, 1.0, 0.8947836446510709, 0.8518808554274806, 0.8888838201359337, 1.0, 0.9439975336408695, 0.800899703577884, 1.0, 0.8698869964564975, 0.5804818837437793, 0.7125049064935683, 0.9238877689380496, 0.9250058906784395, 0.9155105345510666, 0.8721507316445842, 0.937037793221539, 0.8748733743967635, 1.0, 0.7829003934342208, 0.6939809337479977, 1.0, 1.0, 0.6866804203779142, 0.9637364956234171, 0.9647268293826727, 1.0, 0.7526739411294175, 1.0, 0.778217378209213, 0.9211131842675646, 1.0, 1.0, 1.0, 0.5704770660663978, 0.7932555322546102, 0.8517982611930965, 1.0, 0.8492332805584706, 0.8200823315427166, 0.4859892260306518, 0.9149664672035416, 0.8158279037009086, 1.0, 0.44252225442900023, 1.0, 0.8164806644750696, 0.9327424974247918, 0.8665471473605286, 0.7638153524994504, 0.6093184561956347, 0.98612097182042, 1.0, 1.0, 0.8571486858327837, 1.0, 0.778217378209213, 0.8176625406504057, 0.6516945961736913, 0.966664755877954, 1.0, 0.8331853396949827, 0.8748733743967635, 0.5914241244471201, 0.9698138929646263, 0.7475650368522859, 0.6910437384182698, 0.8235464764872675, 0.9407613352737074, 1.0, 1.0, 0.8570843030104809, 0.8573835536643046, 0.9443755095409017, 0.7165393284307203, 0.9136222331075061, 0.8272606565082552, 0.658507349974698, 0.8321430966688137, 0.7819028822360282, 1.0, 0.6785975956496146, 0.870409853055653, 0.9466595714446484, 0.9287546369958737, 0.9327424974247918, 0.9441518237028776, 0.6944052758989994, 0.7117447880586575, 1.0, 0.7005725127561513, 0.8865082025945992, 0.7740350271473719, 1.0, 0.8422237749567263, 0.9490847437807148, 0.8350913490042129, 0.8045788816545087, 0.8648103351245982, 1.0, 0.8856206996558257, 0.7080852951659315, 0.6851513300845844, 0.6579649905521198, 1.0, 0.2259529563985114, 0.8083676774082095, 0.776692365689096, 0.6426875593664854, 0.8748733743967635, 1.0, 1.0, 0.8492332805584706, 0.8757234253445136, 0.9242861066371528, 0.06998882899225438, 0.6516945961736913, 0.9327424974247918, 0.8531579344604394, 0.9141000841539659, 0.8821296454239946, 0.7819028822360282, 0.7983252880753817, 0.851979756324329, 0.8706368513246237, 0.9275923820999126, 0.8709708325672811, 0.26772104468326746, 0.9032234253445137, 0.8169709568952135, 0.7032463562196102, 0.9500330416345475, 1.0, 1.0, 0.7504447139239261, 0.98612097182042, 0.9093560883576932, 1.0, 0.7819028822360282, 0.4713723658043605, 0.7730177152011628, 0.7303450374391555, 0.7877842946802818, 0.8509958739837391, 0.8799291948379105, 0.9215834056802388, 0.5834193080741832, 0.35426351303727244, 1.0, 0.957982876787582, 0.9444533409865377, 0.9354021130737269, 0.7819028822360282, 0.9085309210098864, 0.9013411867760128, 0.8492332805584706, 0.8394141655908587, 0.8428698152014287, 1.0, 0.9500330416345475, 0.9072054025967227, 0.27830317343360095, 1.0, 0.8655056700329364, 1.0, 1.0, 0.5628524890071801, 0.8425030364877768, 0.8875493112196993, 1.0, 0.8984375659602104, 0.7504447139239261, 0.7842878499631818, 0.9327424974247918, 1.0, 1.0, 0.778217378209213, 1.0, 0.9509004453320677, 1.0, 0.9327424974247918, 0.829922431649786, 0.8064501924857368, 0.9468351265733028, 0.8276442284466219, 1.0, 0.8182339253320035, 1.0, 0.9099697272423548, 0.7646000248599482, 1.0, 0.7486246705124127, 0.9141000841539659, 0.6913701313008938, 0.7080852951659315, 0.7303450374391555, 0.764569461732898, 0.27830317343360095, 1.0, 0.801147925370779, 0.7963795010367266, 0.8301216154891767, 0.8054178159767102, 0.9562237378841005, 1.0, 0.880836632348794, 0.8412123173599384, 0.8571486858327837, 1.0, 0.9213836287468253, 0.9242861066371528]
Finish training and take 32m
