Namespace(log_name='./RQ5/sstubs_8_1/codet5p_770m_f.log', model_name='Salesforce/codet5p-770m', lang='java', output_dir='RQ5/sstubs_8_1/codet5p_770m_f', data_dir='./data/RQ5/sstubs_8_1', no_cuda=False, visible_gpu='0', add_task_prefix=False, add_lang_ids=False, num_train_epochs=10, num_test_epochs=10, train_batch_size=4, eval_batch_size=4, gradient_accumulation_steps=2, load_model_path=None, config_name='', tokenizer_name='', max_source_length=512, max_target_length=512, warm_up_ratio=0.1, do_train=True, do_eval=True, do_test=True, do_lower_case=False, learning_rate=5e-05, beam_size=10, weight_decay=0.0, adam_epsilon=1e-08, max_grad_norm=1.0, max_steps=-1, eval_steps=-1, train_steps=-1, local_rank=-1, seed=42, early_stop_threshold=2)
Process rank: -1, device: cuda, n_gpu: 1, distributed training: False, model_name: Salesforce/codet5p-770m
model created!
Total 8 training instances 
***** Running training *****
  Num examples = 8
  Batch size = 4
  Num epoch = 10

***** Running evaluation *****
  Num examples = 100
  Batch size = 4
  epoch = 0
  eval_ppl = 1.0026
  global_step = 3
  train_loss = 1.0325
  ********************
Previous best ppl:inf
Achieve Best ppl:1.0026
  ********************
BLEU file: ./data/RQ5/sstubs_8_1/validation.jsonl
  codebleu-4 = 17.03 	 Previous best codebleu 0
  ********************
 Achieve Best bleu:17.03
  ********************

***** Running evaluation *****
  Num examples = 100
  Batch size = 4
  epoch = 1
  eval_ppl = 1.00146
  global_step = 5
  train_loss = 0.5586
  ********************
Previous best ppl:1.0026
Achieve Best ppl:1.00146
  ********************
BLEU file: ./data/RQ5/sstubs_8_1/validation.jsonl
  codebleu-4 = 28.37 	 Previous best codebleu 17.03
  ********************
 Achieve Best bleu:28.37
  ********************

***** Running evaluation *****
  Num examples = 100
  Batch size = 4
  epoch = 2
  eval_ppl = 1.00103
  global_step = 7
  train_loss = 0.2102
  ********************
Previous best ppl:1.00146
Achieve Best ppl:1.00103
  ********************
BLEU file: ./data/RQ5/sstubs_8_1/validation.jsonl
  codebleu-4 = 35.13 	 Previous best codebleu 28.37
  ********************
 Achieve Best bleu:35.13
  ********************

***** Running evaluation *****
  Num examples = 100
  Batch size = 4
  epoch = 3
  eval_ppl = 1.00085
  global_step = 9
  train_loss = 0.0901
  ********************
Previous best ppl:1.00103
Achieve Best ppl:1.00085
  ********************
BLEU file: ./data/RQ5/sstubs_8_1/validation.jsonl
  codebleu-4 = 71.59 	 Previous best codebleu 35.13
  ********************
 Achieve Best bleu:71.59
  ********************

***** Running evaluation *****
  Num examples = 100
  Batch size = 4
  epoch = 4
  eval_ppl = 1.00079
  global_step = 11
  train_loss = 0.061
  ********************
Previous best ppl:1.00085
Achieve Best ppl:1.00079
  ********************
BLEU file: ./data/RQ5/sstubs_8_1/validation.jsonl
  codebleu-4 = 81.84 	 Previous best codebleu 71.59
  ********************
 Achieve Best bleu:81.84
  ********************

***** Running evaluation *****
  Num examples = 100
  Batch size = 4
  epoch = 5
  eval_ppl = 1.00076
  global_step = 13
  train_loss = 0.0554
  ********************
Previous best ppl:1.00079
Achieve Best ppl:1.00076
  ********************
BLEU file: ./data/RQ5/sstubs_8_1/validation.jsonl
  codebleu-4 = 79.84 	 Previous best codebleu 81.84
  ********************

***** Running evaluation *****
  Num examples = 100
  Batch size = 4
  epoch = 6
  eval_ppl = 1.00078
  global_step = 15
  train_loss = 0.0369
  ********************
Previous best ppl:1.00076
BLEU file: ./data/RQ5/sstubs_8_1/validation.jsonl
  codebleu-4 = 75.53 	 Previous best codebleu 81.84
  ********************

***** Running evaluation *****
  Num examples = 100
  Batch size = 4
  epoch = 7
  eval_ppl = 1.00079
  global_step = 17
  train_loss = 0.0117
  ********************
Previous best ppl:1.00076
BLEU file: ./data/RQ5/sstubs_8_1/validation.jsonl
  codebleu-4 = 69.18 	 Previous best codebleu 81.84
  ********************
reload model from RQ5/sstubs_8_1/codet5p_770m_f/checkpoint-best-bleu
BLEU file: ./data/RQ5/sstubs_8_1/test.jsonl
  codebleu = 83.77 
  Total = 500 
  Exact Fixed = 108 
[3, 5, 6, 14, 18, 20, 32, 34, 36, 37, 44, 45, 47, 48, 52, 56, 58, 65, 69, 75, 80, 82, 87, 88, 93, 95, 96, 101, 109, 110, 112, 114, 120, 125, 127, 128, 138, 148, 152, 156, 160, 176, 183, 186, 196, 203, 204, 211, 214, 215, 228, 232, 233, 238, 240, 241, 248, 249, 252, 254, 256, 263, 265, 268, 279, 283, 287, 291, 298, 308, 311, 319, 321, 322, 323, 333, 335, 339, 342, 344, 345, 346, 347, 350, 355, 360, 370, 383, 389, 394, 400, 401, 422, 423, 433, 448, 454, 465, 466, 467, 469, 475, 477, 488, 494, 496, 497, 498]
  Syntax Fixed = 0 
[]
  Cleaned Fixed = 0 
[]
  ********************
  Total = 500 
  Exact Fixed = 108 
[3, 5, 6, 14, 18, 20, 32, 34, 36, 37, 44, 45, 47, 48, 52, 56, 58, 65, 69, 75, 80, 82, 87, 88, 93, 95, 96, 101, 109, 110, 112, 114, 120, 125, 127, 128, 138, 148, 152, 156, 160, 176, 183, 186, 196, 203, 204, 211, 214, 215, 228, 232, 233, 238, 240, 241, 248, 249, 252, 254, 256, 263, 265, 268, 279, 283, 287, 291, 298, 308, 311, 319, 321, 322, 323, 333, 335, 339, 342, 344, 345, 346, 347, 350, 355, 360, 370, 383, 389, 394, 400, 401, 422, 423, 433, 448, 454, 465, 466, 467, 469, 475, 477, 488, 494, 496, 497, 498]
  Syntax Fixed = 0 
[]
  Cleaned Fixed = 0 
[]
  codebleu = 83.77 
[0.9814866681800039, 0.8636148546523572, 1.0, 0.8947836446510709, 1.0, 1.0, 0.9217146126934004, 0.9289542494919141, 0.9217146126934004, 0.24505174486077533, 0.20934564381593693, 0.8748733743967635, 0.9167248063681421, 1.0, 0.936752055107628, 0.9407686479202226, 0.966410184624177, 1.0, 0.8584854378118203, 1.0, 0.5858394328041254, 0.9147581010783108, 0.9431571237072573, 0.9383203613505964, 0.9558104142545454, 0.7010984251778435, 0.9056583090096291, 0.82280466423493, 0.8665518607362566, 0.5288056133514245, 0.8522142137521944, 1.0, 0.7099766481408452, 1.0, 0.23134922722104162, 1.0, 1.0, 0.9272945586059962, 0.966410184624177, 0.9236426846280885, 0.7584978066784707, 0.8063115837355967, 0.8641939857382575, 1.0, 1.0, 0.8636148546523572, 1.0, 1.0, 0.48323824432696205, 0.8472999580048346, 0.9261420415269246, 1.0, 0.8362511196423215, 0.2560458818044484, 0.9613758560746299, 1.0, 0.8746806556337734, 1.0, 0.82280466423493, 0.7491375710149024, 0.9349206889674164, 0.9257116180592027, 0.9217146126934004, 0.9289542494919141, 1.0, 0.8897268293826727, 0.9600948805844232, 0.8480582060293878, 1.0, 0.9349206889674164, 0.9544887439837764, 0.29781296962051246, 0.9600553834135903, 0.7503432335009788, 1.0, 0.9456202538775613, 0.6273054922148188, 0.9583676774082095, 0.8748733743967635, 1.0, 0.8659582334129627, 1.0, 0.9600553834135903, 0.32155072082891467, 0.9349206889674164, 0.7585460262768389, 1.0, 1.0, 0.5341117833221469, 0.9028743010640048, 0.7686663370779354, 0.9289542494919141, 1.0, 0.8989289901708486, 1.0, 1.0, 0.966410184624177, 0.9323598782946632, 0.9042809909845275, 0.8636148546523572, 1.0, 0.9075456757766818, 0.4912347625145305, 0.8748733743967635, 0.9431571237072573, 0.966410184624177, 0.43816287965026784, 0.970114879479065, 1.0, 1.0, 0.9498733743967636, 1.0, 0.48323824432696205, 1.0, 0.8688649632416632, 0.4439466753694217, 0.9364480358382332, 0.966410184624177, 0.6335671178038194, 1.0, 0.13735230045312866, 0.9689323767297664, 0.8071727801476218, 0.7726680042740901, 1.0, 0.9317899201148767, 1.0, 1.0, 0.9537546369958738, 0.16952302174996514, 0.9217146126934004, 0.9427895563342799, 0.9417935652281944, 0.9469728550743763, 0.9540286538025624, 0.9514967635709539, 0.3173880774585838, 1.0, 0.9462412221016683, 0.9683839208477296, 0.48323824432696205, 0.9326807851263892, 0.3019142400705483, 0.966410184624177, 0.9493239030379825, 0.890926009100689, 0.8592326634807539, 1.0, 0.5339024140221744, 0.9357730833493334, 0.8426473142793995, 1.0, 0.9295451446225973, 0.2125070947062033, 0.5339024140221744, 1.0, 0.8629467492522684, 0.6611052066333137, 0.8350913490042129, 1.0, 0.9637364956234171, 0.8108477869741841, 0.49489484172698567, 0.8617520551076281, 0.966410184624177, 0.5012093242157263, 0.936752055107628, 0.34008411334132294, 0.9028743010640048, 0.24467015875858944, 0.9167918417601055, 0.9683839208477296, 0.9317899201148767, 0.9439975336408695, 0.7174036669284285, 1.0, 0.966410184624177, 0.8586012865640271, 0.9466595714446484, 0.9267516766457782, 0.39469463090359796, 0.9044642401339957, 1.0, 0.760908080643411, 0.8534389065968864, 1.0, 0.9546221339246326, 0.9312991012532417, 0.8664266028701744, 0.9387616321274028, 0.7692147269524259, 0.9514967635709539, 0.9581095565874824, 0.8439975336408694, 0.8665471473605286, 1.0, 0.966410184624177, 0.9431571237072573, 0.7831318837364406, 0.9564084233825603, 0.8741986305069213, 0.942891989734737, 1.0, 1.0, 0.23134922722104162, 0.8821296454239946, 0.8555641924881596, 0.8401947120798108, 0.920283409368625, 0.769122578011458, 1.0, 0.3300460411137885, 0.26285075227987476, 1.0, 1.0, 0.9141720281459855, 0.6120080119252573, 0.49730737477045545, 0.3392789945232167, 0.8846386294351021, 0.9613758560746299, 0.9656973569421463, 0.9407613352737074, 0.6104522211034897, 0.7590096946794502, 0.936752055107628, 0.9188441984944269, 1.0, 0.8054178159767102, 0.9468221277457924, 0.9217146126934004, 1.0, 1.0, 0.884777214048037, 0.9725011474210121, 0.8637823413761385, 0.9683839208477296, 1.0, 0.966410184624177, 1.0, 1.0, 0.48323824432696205, 0.8576000259528752, 0.8074305487814923, 0.2730884883198865, 0.9349206889674164, 0.2125070947062033, 1.0, 1.0, 0.9217146126934004, 0.8881901606873797, 1.0, 0.008582154522734961, 1.0, 0.966410184624177, 1.0, 0.3540396192874326, 0.9151340803413444, 0.9493239030379825, 0.8531462888634065, 0.8404979526305214, 0.9683839208477296, 1.0, 0.7747529901542004, 1.0, 0.9558104142545454, 0.9558104142545454, 1.0, 0.7928907799397201, 0.9431571237072573, 0.91318292752171, 0.9616136179279984, 0.13735230045312866, 0.8385956040543796, 0.8989289901708486, 0.9213836287468253, 0.8554783858090633, 0.9323598782946632, 1.0, 0.9600553834135903, 0.9321212086381336, 0.876718344902683, 1.0, 0.5935529656096408, 0.7653192614552098, 0.883847952968652, 1.0, 0.9565292378112795, 0.7732599671031046, 0.7016265496309229, 1.0, 0.6824374311936985, 0.8282998245725102, 0.9497338034253828, 0.9295451446225973, 0.9439975336408695, 0.9543920430664012, 1.0, 0.8698869964564975, 0.8523636516116309, 0.9601466755014141, 0.9146180809762077, 0.9332624127367197, 0.857572561049248, 0.8721507316445842, 0.9683839208477296, 0.8748733743967635, 1.0, 0.9056583090096291, 0.7026615485512439, 1.0, 0.9075456757766818, 0.47960944726103033, 0.9637364956234171, 0.9533802028883616, 0.9431571237072573, 0.8784503390575601, 0.9493239030379825, 1.0, 0.9211131842675646, 1.0, 1.0, 1.0, 0.3088117679152176, 0.8989289901708486, 0.8953661348226227, 0.9295451446225973, 0.8864107875634373, 0.8279336571257282, 0.9468351265733028, 0.9630476148256921, 0.9056583090096291, 1.0, 0.8215803485831588, 1.0, 0.626789911161561, 0.966410184624177, 0.8665471473605286, 1.0, 0.7004681202749905, 0.9306939586207805, 1.0, 0.9454192501733101, 1.0, 1.0, 1.0, 1.0, 0.8667343878768172, 0.7201794290515868, 1.0, 0.6411173068581533, 0.8748733743967635, 0.4667870035451118, 0.9490742122482716, 1.0, 0.9493239030379825, 0.9151340803413444, 0.9114994402938219, 0.962474977395186, 1.0, 0.8145727631302027, 0.6015883403876526, 0.8700920849141065, 0.9041734668686527, 0.8259536554794944, 0.6139184651501883, 0.33197044589367214, 0.2722432659416367, 0.20934564381593693, 1.0, 0.9323598782946632, 0.31750731752698497, 0.7653192614552098, 0.8900944778325635, 0.966410184624177, 0.9441518237028776, 0.3490317037683313, 0.7732599671031046, 0.9454192501733101, 0.6868474083243508, 0.8910165087857704, 0.2793226463215938, 1.0, 0.318128282435837, 0.8063115837355967, 0.8350913490042129, 0.6873156327254, 0.5935529656096408, 1.0, 0.9680975247490764, 0.7942596682976488, 0.6851513300845844, 0.7747529901542004, 1.0, 0.9217146126934004, 0.7425949077241197, 0.8716973699330344, 0.3193153427821769, 0.8748733743967635, 1.0, 1.0, 0.3392789945232167, 0.8332234253445137, 0.9231609308520066, 0.23586162755498513, 0.8667343878768172, 0.966410184624177, 0.8729559708737928, 0.9141000841539659, 0.3235702458779912, 0.24467015875858944, 0.2784276747324126, 0.8223487067473321, 0.9191518237028775, 0.9028743010640048, 0.9059642451028274, 0.9217146126934004, 0.9321212086381336, 0.9523104352365284, 0.6831434175150302, 0.9500330416345475, 1.0, 1.0, 0.5565327779260459, 0.9306939586207805, 0.9093560883576932, 0.920283409368625, 0.2125070947062033, 0.557115595241456, 0.743657568025789, 0.8535087661549325, 0.7877842946802818, 1.0, 0.8887608832115137, 0.9215834056802388, 0.8586012865640271, 0.936752055107628, 0.9576902216791403, 0.957982876787582, 0.9693261143428569, 0.9354021130737269, 0.9289542494919141, 0.9085309210098864, 0.5922152366849519, 0.3385596140947033, 0.8949975756542023, 0.30985348702702314, 1.0, 0.9500330416345475, 0.9052186899151904, 0.5339024140221744, 0.9493239030379825, 0.8565989766063478, 1.0, 0.9493239030379825, 0.7369082306429402, 0.8819521435207798, 0.9565292378112795, 0.9257116180592027, 0.8984375659602104, 0.5565327779260459, 0.5301416910008514, 0.966410184624177, 0.9722478176379696, 1.0, 1.0, 1.0, 0.779599183063822, 1.0, 0.966410184624177, 0.7808439007892183, 0.3107088415179759, 0.9468351265733028, 0.862347908057336, 1.0, 0.9170576952964131, 1.0, 0.8894612154268684, 0.8648103351245982, 0.9537546369958738, 0.542037473001985, 0.9141000841539659, 0.6830393709313536, 0.7942596682976488, 0.8535087661549325, 0.7345176572401336, 0.48323824432696205, 1.0, 0.9207265089204273, 0.6600192499375536, 0.836233388492041, 0.8054178159767102, 0.9562237378841005, 1.0, 0.928067052222928, 1.0, 1.0, 1.0, 0.48763954640137097, 0.9231609308520066]
Finish training and take 1h9m
