Namespace(log_name='./RQ5/bugsinpy_8_3/codet5p_770m.log', model_name='Salesforce/codet5p-770m', lang='python', output_dir='RQ5/bugsinpy_8_3/codet5p_770m', data_dir='./data/RQ5/bugsinpy_8_3', choice=0, no_cuda=False, visible_gpu='0', num_train_epochs=10, num_test_epochs=1, train_batch_size=4, eval_batch_size=4, gradient_accumulation_steps=1, load_model_path=None, config_name='', tokenizer_name='', max_source_length=512, max_target_length=512, warm_up_ratio=0.1, do_train=True, do_eval=True, do_test=True, freeze=False, learning_rate=5e-05, beam_size=10, weight_decay=0.0, adam_epsilon=1e-08, local_rank=-1, seed=42, early_stop_threshold=3)
Process rank: -1, device: cuda, n_gpu: 1, distributed training: False
Model created!!
[[{'text': "def _ensure_default_collection(collection_list=None):  class CollectionSearch:     _collections = FieldAttribute(isa='list', listof=string_types, priority=100, default=_ensure_default_collection)      def _load_collections(self, attr, ds):", 'loss_ids': 0, 'shortenable_ids': 1}, {'text': '<mask>', 'loss_ids': 1, 'shortenable_ids': 0}, {'text': 'is the fixed version', 'loss_ids': 0, 'shortenable_ids': 0}], {'guid': 0, 'tgt_text': "def _ensure_default_collection(collection_list=None):  class CollectionSearch:     _collections = FieldAttribute(isa='list', listof=string_types, priority=100, default=_ensure_default_collection,                                   always_post_validate=True, static=True)      def _load_collections(self, attr, ds):"}]
***** Running training *****
  Num examples = 8
  Batch size = 4
  Num epoch = 10

***** Running evaluation *****
  Num examples = 100
  Batch size = 4
  epoch = 0
  eval_ppl = 2.4061856537233117e+256
  global_step = 3
  train_loss = 122.0884
  ********************
Previous best ppl:inf
Achieve Best ppl:2.4061856537233117e+256
  ********************
BLEU file: ./data/RQ5/bugsinpy_8_3/validation.jsonl
  codebleu-4 = 26.24 	 Previous best codebleu 0
  ********************
 Achieve Best bleu:26.24
  ********************

***** Running evaluation *****
  Num examples = 100
  Batch size = 4
  epoch = 1
  eval_ppl = 6.544911250264883e+238
  global_step = 5
  train_loss = 87.5609
  ********************
Previous best ppl:2.4061856537233117e+256
Achieve Best ppl:6.544911250264883e+238
  ********************
BLEU file: ./data/RQ5/bugsinpy_8_3/validation.jsonl
  codebleu-4 = 42.57 	 Previous best codebleu 26.24
  ********************
 Achieve Best bleu:42.57
  ********************

***** Running evaluation *****
  Num examples = 100
  Batch size = 4
  epoch = 2
  eval_ppl = 1.4789792120852054e+252
  global_step = 7
  train_loss = 51.4351
  ********************
Previous best ppl:6.544911250264883e+238
BLEU file: ./data/RQ5/bugsinpy_8_3/validation.jsonl
  codebleu-4 = 55.06 	 Previous best codebleu 42.57
  ********************
 Achieve Best bleu:55.06
  ********************

***** Running evaluation *****
  Num examples = 100
  Batch size = 4
  epoch = 3
  eval_ppl = 2.060931491402465e+274
  global_step = 9
  train_loss = 36.7208
  ********************
Previous best ppl:6.544911250264883e+238
BLEU file: ./data/RQ5/bugsinpy_8_3/validation.jsonl
  codebleu-4 = 62.62 	 Previous best codebleu 55.06
  ********************
 Achieve Best bleu:62.62
  ********************

***** Running evaluation *****
  Num examples = 100
  Batch size = 4
  epoch = 4
  eval_ppl = 7.490838218988452e+291
  global_step = 11
  train_loss = 28.2449
  ********************
Previous best ppl:6.544911250264883e+238
BLEU file: ./data/RQ5/bugsinpy_8_3/validation.jsonl
  codebleu-4 = 62.07 	 Previous best codebleu 62.62
  ********************

***** Running evaluation *****
  Num examples = 100
  Batch size = 4
  epoch = 5
  eval_ppl = inf
  global_step = 13
  train_loss = 17.9403
  ********************
Previous best ppl:6.544911250264883e+238
BLEU file: ./data/RQ5/bugsinpy_8_3/validation.jsonl
  codebleu-4 = 64.92 	 Previous best codebleu 62.62
  ********************
 Achieve Best bleu:64.92
  ********************

***** Running evaluation *****
  Num examples = 100
  Batch size = 4
  epoch = 6
  eval_ppl = inf
  global_step = 15
  train_loss = 13.8135
  ********************
Previous best ppl:6.544911250264883e+238
BLEU file: ./data/RQ5/bugsinpy_8_3/validation.jsonl
  codebleu-4 = 67.88 	 Previous best codebleu 64.92
  ********************
 Achieve Best bleu:67.88
  ********************

***** Running evaluation *****
  Num examples = 100
  Batch size = 4
  epoch = 7
  eval_ppl = inf
  global_step = 17
  train_loss = 8.8197
  ********************
Previous best ppl:6.544911250264883e+238
BLEU file: ./data/RQ5/bugsinpy_8_3/validation.jsonl
  codebleu-4 = 69.63 	 Previous best codebleu 67.88
  ********************
 Achieve Best bleu:69.63
  ********************

***** Running evaluation *****
  Num examples = 100
  Batch size = 4
  epoch = 8
  eval_ppl = inf
  global_step = 19
  train_loss = 7.741
  ********************
Previous best ppl:6.544911250264883e+238
BLEU file: ./data/RQ5/bugsinpy_8_3/validation.jsonl
  codebleu-4 = 69.56 	 Previous best codebleu 69.63
  ********************

***** Running evaluation *****
  Num examples = 100
  Batch size = 4
  epoch = 9
  eval_ppl = inf
  global_step = 21
  train_loss = 6.9343
  ********************
Previous best ppl:6.544911250264883e+238
BLEU file: ./data/RQ5/bugsinpy_8_3/validation.jsonl
  codebleu-4 = 68.49 	 Previous best codebleu 69.63
  ********************
reload model from RQ5/bugsinpy_8_3/codet5p_770m/checkpoint-best-bleu
BLEU file: ./data/RQ5/bugsinpy_8_3/test.jsonl
  codebleu = 65.34 
  Total = 117 
  Exact Fixed = 0 
[]
  Syntax Fixed = 0 
[]
  Cleaned Fixed = 0 
[]
  ********************
  Total = 117 
  Exact Fixed = 0 
[]
  Syntax Fixed = 0 
[]
  Cleaned Fixed = 0 
[]
  codebleu = 65.34 
[0.8856389378075658, 0.8736270526063763, 0.688330309705379, 0.7042953619649426, 0.6771920566628981, 0.6452840011848956, 0.8703246706459902, 0.8631855387221548, 0.7585846389475988, 0.5037077119806818, 0.4233517598805052, 0.49150427670545643, 0.8068413656728535, 0.0, 0.7093853536262804, 0.8808919461147899, 0.5723518222275459, 0.5789009935422094, 0.8300101016746005, 0.9204219587780458, 0.8834124216164225, 0.8923125000332248, 0.8674433454759134, 0.6883720951974961, 0.8550940202952, 0.8352894783834772, 0.8362747318435784, 0.11787443280100368, 0.15771143814252836, 0.7572098935987482, 0.8231560738418289, 0.6601281703247908, 0.6061967899372046, 0.7714650156104186, 0.7273984854899362, 0.7768711691119308, 0.8820517186123604, 0.9411542454583528, 0.24819625432240866, 0.2318062719677901, 0.8884573785188872, 0.878865255109752, 0.09904870393147729, 0.9142445273649933, 0.5465574335200324, 0.6441425627537012, 0.583933634540305, 0.4383671043156424, 0.782053171927164, 0.47166395418323315, 0.6508693332230462, 0.31081510211084096, 0.8773104352365284, 0.16711172175343508, 0.7708607163563501, 0.9474759345795825, 0.6520501098554417, 0.2939897023340857, 0.4902704874187754, 0.5117566728908322, 0.2883229353807816, 0.7393947138510502, 0.8234479137638847, 0.1464204022460499, 0.4516167878212213, 0.8441782169344423, 0.9472873156881443, 0.5976301703621436, 0.8086254987195756, 0.8871978499693505, 0.9178662308912058, 0.7449734989717058, 0.8611544762176193, 0.8594942629236695, 0.8358395384567638, 0.8107806147142924, 0.7531797171538064, 0.2909718763883706, 0.568803606953774, 0.6359159728717962, 0.8475332565755729, 0.7738279988463377, 0.7318286091585733, 0.24502411434194815, 0.8834630241782442, 0.5750974938187585, 0.8807926879441415, 0.676525822803221, 0.7507982187182929, 0.6413921957402942, 0.621240758456996, 0.2737847464953681, 0.6848514316252776, 0.6374410208386678, 0.6841374317909407, 0.5571314709024371, 0.28610001513115074, 0.7313508326169692, 0.6439391185600173, 0.5911195501972704, 0.0, 0.7371306732060934, 0.32151312740389615, 0.8548397899287874, 0.6728230800934798, 0.68965030200429, 0.5233429790405228, 0.7332519354895861, 0.7711221670600811, 0.884250182279102, 0.8195330229945343, 0.4740532618616287, 0.8300638244826566, 0.8789801838086921, 0.5681295751079041, 0.7890278782295435, 0.20638746363546148]
Finish training and take 58m
