Namespace(log_name='./RQ5/tfix_300_1/codet5p_770m.log', model_name='Salesforce/codet5p-770m', lang='javascript', output_dir='RQ5/tfix_300_1/codet5p_770m', data_dir='./data/RQ5/tfix_300_1', choice=0, no_cuda=False, visible_gpu='0', num_train_epochs=10, num_test_epochs=1, train_batch_size=4, eval_batch_size=4, gradient_accumulation_steps=1, load_model_path=None, config_name='', tokenizer_name='', max_source_length=512, max_target_length=512, warm_up_ratio=0.1, do_train=True, do_eval=True, do_test=True, freeze=False, learning_rate=5e-05, beam_size=10, weight_decay=0.0, adam_epsilon=1e-08, local_rank=-1, seed=42, early_stop_threshold=2)
Process rank: -1, device: cuda, n_gpu: 1, distributed training: False
Model created!!
[[{'text': 'var restart_pos = recur_pos + tag_name.length + 2;      var close_pos2 = arguments.callee(buff.substring(restart_pos), tag_name, open_tag_rex, close_tag);     if(close_pos2 < 0){', 'loss_ids': 0, 'shortenable_ids': 1}, {'text': '<mask>', 'loss_ids': 1, 'shortenable_ids': 0}, {'text': 'is the fixed version', 'loss_ids': 0, 'shortenable_ids': 0}], {'guid': 0, 'tgt_text': 'var restart_pos = recur_pos + tag_name.length + 2;      var close_pos2 = __find_close_pos(buff.substring(restart_pos), tag_name, open_tag_rex, close_tag);     if(close_pos2 < 0){'}]
***** Running training *****
  Num examples = 300
  Batch size = 4
  Num epoch = 10

***** Running evaluation *****
  Num examples = 100
  Batch size = 4
  epoch = 0
  eval_ppl = inf
  global_step = 76
  train_loss = 18.8986
  ********************
Previous best ppl:inf
Achieve Best ppl:inf
  ********************
BLEU file: ./data/RQ5/tfix_300_1/validation.jsonl
  codebleu-4 = 59.62 	 Previous best codebleu 0
  ********************
 Achieve Best bleu:59.62
  ********************

***** Running evaluation *****
  Num examples = 100
  Batch size = 4
  epoch = 1
  eval_ppl = inf
  global_step = 151
  train_loss = 7.8281
  ********************
Previous best ppl:inf
BLEU file: ./data/RQ5/tfix_300_1/validation.jsonl
  codebleu-4 = 61.02 	 Previous best codebleu 59.62
  ********************
 Achieve Best bleu:61.02
  ********************

***** Running evaluation *****
  Num examples = 100
  Batch size = 4
  epoch = 2
  eval_ppl = inf
  global_step = 226
  train_loss = 3.3997
  ********************
Previous best ppl:inf
Achieve Best ppl:inf
  ********************
BLEU file: ./data/RQ5/tfix_300_1/validation.jsonl
  codebleu-4 = 60.18 	 Previous best codebleu 61.02
  ********************

***** Running evaluation *****
  Num examples = 100
  Batch size = 4
  epoch = 3
  eval_ppl = inf
  global_step = 301
  train_loss = 2.0035
  ********************
Previous best ppl:inf
BLEU file: ./data/RQ5/tfix_300_1/validation.jsonl
  codebleu-4 = 59.18 	 Previous best codebleu 61.02
  ********************

***** Running evaluation *****
  Num examples = 100
  Batch size = 4
  epoch = 4
  eval_ppl = inf
  global_step = 376
  train_loss = 1.2334
  ********************
Previous best ppl:inf
BLEU file: ./data/RQ5/tfix_300_1/validation.jsonl
  codebleu-4 = 60.77 	 Previous best codebleu 61.02
  ********************
early stopping!!!
reload model from RQ5/tfix_300_1/codet5p_770m/checkpoint-best-bleu
BLEU file: ./data/RQ5/tfix_300_1/test.jsonl
  codebleu = 60.69 
  Total = 500 
  Exact Fixed = 60 
[14, 16, 21, 22, 31, 32, 41, 49, 58, 64, 69, 70, 71, 86, 88, 92, 93, 121, 124, 131, 143, 145, 176, 182, 184, 185, 188, 201, 224, 238, 263, 265, 267, 275, 289, 300, 339, 340, 343, 356, 371, 377, 383, 399, 404, 411, 416, 417, 419, 427, 432, 434, 444, 446, 465, 466, 482, 491, 494, 496]
  Syntax Fixed = 3 
[87, 208, 363]
  Cleaned Fixed = 0 
[]
  ********************
  Total = 500 
  Exact Fixed = 60 
[14, 16, 21, 22, 31, 32, 41, 49, 58, 64, 69, 70, 71, 86, 88, 92, 93, 121, 124, 131, 143, 145, 176, 182, 184, 185, 188, 201, 224, 238, 263, 265, 267, 275, 289, 300, 339, 340, 343, 356, 371, 377, 383, 399, 404, 411, 416, 417, 419, 427, 432, 434, 444, 446, 465, 466, 482, 491, 494, 496]
  Syntax Fixed = 3 
[87, 208, 363]
  Cleaned Fixed = 0 
[]
  codebleu = 60.69 
[0.3488152698595746, 0.8789433149074164, 0.7179378848210265, 0.5451417837590342, 0.3519980391978243, 0.8216460780407606, 0.3398382857983091, 0.8134968604249424, 0.7489935400021297, 0.6964886858900314, 0.824425175651095, 0.36071425679443714, 0.3121594417706924, 0.8114529051148651, 0.3765571186590545, 1.0, 0.7588083737623459, 0.5404095184045611, 0.5701122864094044, 0.48843612102791145, 0.915342532525566, 0.8249365300761395, 0.5570177454869844, 0.5058144125160369, 0.3857581307813625, 0.8301924337951765, 0.5428297584838295, 0.6287206814660993, 0.38702445125781215, 0.6459857482140212, 1.0, 0.8725952960066128, 0.6908005346740018, 0.621862347508016, 0.30209781994840157, 0.45040497426175063, 0.8774634481857526, 0.15, 0.8478031368082721, 0.5596414762602546, 0.9891483218006352, 0.3071336753117571, 0.7122853668557851, 0.6785036503543816, 0.8749033669907234, 0.9431571237072573, 0.2558003592103332, 0.4702342964986172, 1.0, 0.5205584248799071, 0.41494193057548645, 0.5563385782378045, 0.33143323351342646, 0.8696847134058581, 0.8072450667968947, 0.396349572956634, 0.6530550965302279, 1.0, 0.45715804963968226, 0.6273520828335467, 0.4905880158658711, 0.5854978414909923, 0.8052607518236046, 0.9891483218006352, 0.7517070403538422, 0.9260406910477721, 0.49330171021453717, 0.6314586912068489, 1.0, 1.0, 1.0, 0.4172802645678128, 0.28890659929471596, 0.5843871292056362, 0.5865806248142346, 0.4384745049484735, 0.4062884569805182, 0.7678559487964205, 0.7158229243802021, 0.6884734483714399, 0.6132366516010306, 0.6953602200025533, 0.6901940524102714, 0.651535222322672, 0.7024927637399985, 1.0, 0.8164329076215759, 1.0, 0.5295971223679855, 0.8630487585927691, 0.15356651918683534, 0.6863724797464211, 0.8114529051148651, 0.7553359752999136, 0.44375943570639337, 0.6745410470195684, 0.7887437726770301, 0.39873667339437135, 0.6266865967254232, 0.9266829146927709, 0.5229326815734496, 0.6416532852733938, 0.7275723927836586, 0.6667398994436676, 0.745426163651824, 0.6265958401383632, 0.7903356967388899, 0.8165273869902545, 0.16535576197454044, 0.6345506179209857, 0.8974634481857526, 0.5055157411027793, 0.6181634302376205, 0.6245487261605229, 0.6684858433085569, 0.6357741351064675, 0.8255980153481091, 0.6221584174428315, 0.526714715183954, 0.7506656240001803, 1.0, 0.0731716191316424, 0.629920929034602, 0.8785485259130981, 0.8990265449613299, 0.8568099218170029, 0.4531855447309179, 0.3379694287810409, 0.5523753896742678, 0.02357226111775114, 0.8114529051148651, 0.5811409219639153, 0.7245741928928766, 0.5772323880422623, 0.45438169149982227, 0.056781444981273, 0.6201281281538, 0.8952738864082956, 0.42984444596533256, 0.7668758886842345, 0.6063274829622546, 0.4901365436405146, 1.0, 0.5844496694137683, 1.0, 0.762178754714643, 0.4871565984992923, 0.36482184137761786, 0.5157990952074163, 0.5365573165566148, 0.7622140386340444, 0.04202520055807766, 0.6002569359025927, 0.6536911179244789, 0.2534424024864518, 0.8330693404648544, 0.6712302104522061, 0.5390272275654318, 0.3253313725311576, 0.40360035956930645, 0.5289052690315463, 0.11367377306961232, 0.859642549895431, 0.4947090605201514, 0.5142742735155721, 0.015983916734430125, 0.4771052192777594, 0.48074569931823535, 0.4105831851375559, 0.6625508357540224, 0.38333251237656163, 0.5009596020209375, 0.027660853979899265, 0.293552528551965, 0.6157132877459149, 0.9169064540059644, 0.46978313398707483, 0.35586539345697804, 0.9039342742606371, 0.551935203785477, 0.051526140590323385, 1.0, 0.571700750841684, 0.7450395226130992, 1.0, 0.6006394976554918, 0.6153934274260637, 1.0, 0.377146793694639, 0.636964721661222, 0.6339262873537368, 0.08172116000198423, 0.44478640618236376, 0.4829570445323632, 0.0, 0.13825557556207113, 0.8821296454239946, 0.39265089013075094, 0.5960182409639856, 0.4736728434913504, 1.0, 0.30462367113656974, 0.7944964819871267, 0.7698924838781129, 0.8724634481857527, 0.6336728671665921, 0.6120804309520255, 0.9439975336408695, 0.7623676872921671, 0.5575523755474183, 0.5550049310474542, 0.6817027374009171, 0.8034443090225696, 0.5465698984457527, 0.625500606374912, 0.6583332549596508, 0.7423958127221755, 0.5616798194467534, 0.177190822574687, 0.8291884689534064, 0.21100892280323053, 0.5924424048742483, 0.0, 1.0, 0.5016265496309229, 0.5761656063479224, 0.7301961448188755, 0.0, 0.497517568823789, 0.5253973734293995, 0.0, 0.5566984938224081, 0.8232148025904986, 0.5131501387427619, 0.679122578011458, 0.5987433254597354, 0.343544769427946, 1.0, 0.5227886222566653, 0.09138854364080462, 0.7954935638657621, 0.980720400721969, 0.4383850702885347, 0.8845572237610086, 0.7302007404183433, 0.2505742404217245, 0.4531855447309179, 0.7834298712141025, 0.4432027101248005, 0.37257593934497335, 0.08152573352530099, 0.7170369693946632, 0.6983157796360075, 0.46557545970108716, 0.4808294148110796, 0.6903510788203177, 0.4326263272143769, 0.6451645648968785, 0.3703988534694904, 0.5887463412678369, 0.5178989075058493, 0.9211131842675646, 1.0, 0.8300792809207385, 1.0, 0.29514178375903416, 1.0, 0.503404575411008, 0.8513726633741598, 0.6661120443406857, 0.19192238765013264, 0.8134557045901138, 0.4237755479780052, 0.6998687230934104, 0.9129869340329653, 0.6828613511382454, 0.6592906179772744, 0.830917115840428, 0.07153421598018944, 0.30837978946484446, 0.5710049965424899, 0.9480161711338555, 0.802972494830033, 0.5847385307544747, 0.39265089013075094, 0.45434652748871707, 0.7970182644937875, 0.2636668331849268, 0.8113498738634284, 0.6489448749779825, 0.6558003592103332, 0.9130169160146575, 0.33199814517849774, 0.39969884422068214, 0.5030199848772627, 0.5381429054415754, 0.6813738950704837, 0.8291884689534064, 0.47180509653022784, 1.0, 0.4887096364908238, 0.0, 0.6174839565793364, 0.7717008591025114, 0.6324794353697702, 0.8406917387138457, 0.5661330700432716, 0.5488421587214205, 0.5631372993900048, 0.6355230163254099, 0.45222870310832236, 0.5383089748131177, 0.5384982616910893, 0.5327129272910257, 0.6887796716807859, 0.5092272948800609, 0.882842712474619, 0.5765188209577117, 0.5342084433274925, 0.7715250551467709, 0.26347186640984777, 0.8038961967467184, 0.4714698407062744, 0.4964902913435728, 0.8975948805844232, 0.7431916688758325, 0.40532965705225055, 0.43732658824904136, 0.5365573165566148, 0.47786341412302047, 0.7456907908606256, 0.6130037692121442, 0.5879792831098578, 0.714297617187952, 0.4333451243573405, 0.6490264366907621, 0.6273527866928292, 0.3632462232889623, 1.0, 1.0, 0.38315024898948147, 0.5421867136374356, 1.0, 0.5483858698628123, 0.7686443097434874, 0.5445795536136034, 0.8017397827309225, 0.012439772921131308, 0.7440674255796451, 0.3276490875169621, 0.6066855853913183, 0.3968869117455417, 0.3882203984945388, 0.5609260915878896, 0.6519266365055134, 1.0, 0.4330296743340222, 0.6302733611924758, 0.07305049597803911, 0.6509106257652548, 0.41585825915406704, 0.9092813183436577, 0.9839086859867843, 0.7730288260771192, 0.32366872634609734, 0.15421129818718932, 0.3949005844802781, 0.70248174129905, 0.6530550965302279, 0.7970182644937875, 1.0, 0.5530199848772628, 0.5774963429007336, 0.6583332549596508, 0.5519698034749387, 0.8975222218133634, 1.0, 0.6950746442974585, 0.5249883996044001, 0.3610202619925232, 0.6392333266349789, 0.3275887968144088, 1.0, 0.0857142857142857, 0.767477931967225, 0.40660822240095185, 0.36857333884076315, 0.47180509653022784, 0.9039342742606371, 0.6903510788203177, 0.6214284196739419, 0.8242502844619755, 0.6289313661614635, 0.6274291432334721, 0.676275735434565, 0.3714764154580026, 0.09999999999999999, 0.29080814539619515, 1.0, 0.7034998206712277, 0.6320615067866382, 0.2856539529718911, 0.593328204480502, 1.0, 0.7418205419054216, 0.0, 0.27107577186759024, 0.5671035617046176, 0.564281405832647, 0.64272438732935, 1.0, 0.43512351342372024, 0.5927200451626766, 0.15, 0.7304885888713295, 1.0, 0.6941672631204736, 0.5992413083109663, 1.0, 0.7969743810233871, 0.5147212473253818, 0.13601162290160312, 0.7148321218614053, 0.7144948346694379, 0.7543841330490832, 0.6907437555816495, 1.0, 0.8824709043482357, 0.24608629126175074, 0.03115588878443292, 0.5745852221368928, 1.0, 0.38183354569032213, 1.0, 0.8661547359011423, 0.3259403648918202, 0.5334147323445907, 0.9292132304382279, 0.6376288368886729, 0.9320894171538912, 0.5827243873293501, 0.8205326290822457, 0.6801359448960247, 0.8578047138519911, 0.6995228788727517, 0.7135428903906851, 0.7916479842275448, 0.28605185738761973, 0.6983761581889011, 0.8603738717856269, 0.7965481359238318, 0.8386800272334847, 0.3339955250179895, 0.6838528189756714, 0.5470783037679993, 0.5149139863647084, 0.7065605978001186, 0.8172581800353864, 0.5408401405239117, 0.6304241997444744, 0.5801154532856382, 0.3831939362196469, 0.6626614154793047, 0.4940378154875154, 1.0, 1.0, 0.32321430740939866, 0.3091967901468555, 0.04603121926729405, 0.8072438843453339, 0.15869475457310905, 0.33433367971754413, 0.31747481206286177, 0.7569706667451968, 0.7451384298635613, 0.13337173484667555, 0.6619172171553045, 0.565671952352334, 0.813934274260637, 0.5361389376928125, 0.8164562066675629, 0.6406097721075377, 0.5837758819112949, 0.3497138229062596, 0.6324789691832559, 0.6162109760811862, 0.3445683217133939, 0.8586654659334061, 0.5943893444913173, 0.6, 1.0, 0.6628887558084715, 0.3965193255633748, 0.8382867235893177, 0.6290960494103124, 1.0, 0.5335665191868353, 0.6113235238734058, 0.6573831527026088, 0.6109308002123074]
Finish training and take 12m
