Namespace(log_name='./RQ5/python_100/2_codet5p_770m.log', model_name='Salesforce/codet5p-770m', lang='python', output_dir='RQ5/python_100/2_codet5p_770m', data_dir='./data/RQ5/python_100_2', no_cuda=False, visible_gpu='0', num_train_epochs=10, num_test_epochs=1, train_batch_size=4, eval_batch_size=2, gradient_accumulation_steps=1, load_model_path=None, config_name='', tokenizer_name='', max_source_length=512, max_target_length=512, warm_up_ratio=0.1, do_train=True, do_eval=True, do_test=True, freeze=False, learning_rate=5e-05, beam_size=10, weight_decay=0.0, adam_epsilon=1e-08, local_rank=-1, seed=42, early_stop_threshold=3)
Process rank: -1, device: cuda, n_gpu: 1, distributed training: False
Model created!!
[[{'text': 'class Sequential(Model):                  or (inputs, targets, sample_weights)              steps: Total number of steps (batches of samples)                  to yield from `generator` before stopping.              max_queue_size: maximum size for the generator queue              workers: maximum number of processes to spin up              use_multiprocessing: if True, use process based threading.', 'loss_ids': 0, 'shortenable_ids': 1}, {'text': '<mask>', 'loss_ids': 1, 'shortenable_ids': 0}, {'text': '', 'loss_ids': 0, 'shortenable_ids': 0}], {'guid': 0, 'tgt_text': 'class Sequential(Model):                  or (inputs, targets, sample_weights)              steps: Total number of steps (batches of samples)                  to yield from `generator` before stopping.                 Optional for `Sequence`: if unspecified, will use                 the `len(generator)` as a number of steps.              max_queue_size: maximum size for the generator queue              workers: maximum number of processes to spin up              use_multiprocessing: if True, use process based threading.'}]
***** Running training *****
  Num examples = 100
  Batch size = 4
  Num epoch = 10

***** Running evaluation *****
  Num examples = 104
  Batch size = 2
  epoch = 0
  eval_ppl = inf
  global_step = 26
  train_loss = 63.5338
  ********************
Previous best ppl:inf
Achieve Best ppl:inf
  ********************
BLEU file: ./data/RQ5/python_100_2/validation.jsonl
  codebleu-4 = 70.54 	 Previous best codebleu 0
  ********************
 Achieve Best bleu:70.54
  ********************

***** Running evaluation *****
  Num examples = 104
  Batch size = 2
  epoch = 1
  eval_ppl = inf
  global_step = 51
  train_loss = 29.1317
  ********************
Previous best ppl:inf
BLEU file: ./data/RQ5/python_100_2/validation.jsonl
  codebleu-4 = 72.77 	 Previous best codebleu 70.54
  ********************
 Achieve Best bleu:72.77
  ********************

***** Running evaluation *****
  Num examples = 104
  Batch size = 2
  epoch = 2
  eval_ppl = inf
  global_step = 76
  train_loss = 14.414
  ********************
Previous best ppl:inf
BLEU file: ./data/RQ5/python_100_2/validation.jsonl
  codebleu-4 = 74.5 	 Previous best codebleu 72.77
  ********************
 Achieve Best bleu:74.5
  ********************

***** Running evaluation *****
  Num examples = 104
  Batch size = 2
  epoch = 3
  eval_ppl = inf
  global_step = 101
  train_loss = 8.1539
  ********************
Previous best ppl:inf
BLEU file: ./data/RQ5/python_100_2/validation.jsonl
  codebleu-4 = 75.45 	 Previous best codebleu 74.5
  ********************
 Achieve Best bleu:75.45
  ********************

***** Running evaluation *****
  Num examples = 104
  Batch size = 2
  epoch = 4
  eval_ppl = inf
  global_step = 126
  train_loss = 4.7838
  ********************
Previous best ppl:inf
BLEU file: ./data/RQ5/python_100_2/validation.jsonl
  codebleu-4 = 75.53 	 Previous best codebleu 75.45
  ********************
 Achieve Best bleu:75.53
  ********************

***** Running evaluation *****
  Num examples = 104
  Batch size = 2
  epoch = 5
  eval_ppl = inf
  global_step = 151
  train_loss = 2.7957
  ********************
Previous best ppl:inf
BLEU file: ./data/RQ5/python_100_2/validation.jsonl
  codebleu-4 = 75.38 	 Previous best codebleu 75.53
  ********************

***** Running evaluation *****
  Num examples = 104
  Batch size = 2
  epoch = 6
  eval_ppl = inf
  global_step = 176
  train_loss = 1.3718
  ********************
Previous best ppl:inf
BLEU file: ./data/RQ5/python_100_2/validation.jsonl
  codebleu-4 = 75.71 	 Previous best codebleu 75.53
  ********************
 Achieve Best bleu:75.71
  ********************

***** Running evaluation *****
  Num examples = 104
  Batch size = 2
  epoch = 7
  eval_ppl = inf
  global_step = 201
  train_loss = 0.9798
  ********************
Previous best ppl:inf
BLEU file: ./data/RQ5/python_100_2/validation.jsonl
  codebleu-4 = 75.4 	 Previous best codebleu 75.71
  ********************

***** Running evaluation *****
  Num examples = 104
  Batch size = 2
  epoch = 8
  eval_ppl = inf
  global_step = 226
  train_loss = 0.7815
  ********************
Previous best ppl:inf
BLEU file: ./data/RQ5/python_100_2/validation.jsonl
  codebleu-4 = 75.54 	 Previous best codebleu 75.71
  ********************

***** Running evaluation *****
  Num examples = 104
  Batch size = 2
  epoch = 9
  eval_ppl = inf
  global_step = 251
  train_loss = 0.7323
  ********************
Previous best ppl:inf
BLEU file: ./data/RQ5/python_100_2/validation.jsonl
  codebleu-4 = 75.71 	 Previous best codebleu 75.71
  ********************
early stopping!!!
reload model from RQ5/python_100/2_codet5p_770m/checkpoint-best-bleu
BLEU file: ./data/RQ5/python_100_2/test.jsonl
  codebleu = 75.56 
  Total = 113 
  Exact Fixed = 2 
[24, 99]
  Syntax Fixed = 0 
[]
  Cleaned Fixed = 0 
[]
  ********************
  Total = 113 
  Exact Fixed = 2 
[24, 99]
  Syntax Fixed = 0 
[]
  Cleaned Fixed = 0 
[]
  codebleu = 75.56 
[0.6728230800934798, 0.8834124216164225, 0.6601281703247908, 0.47166395418323315, 0.8052050509144788, 0.9411542454583528, 0.8674433454759134, 0.7642282849475618, 0.5571314709024371, 0.7953587603777192, 0.7714650156104186, 0.7032812567308011, 0.8475864225311183, 0.7768711691119308, 0.6883720951974961, 0.6722064575490235, 0.8856389378075658, 0.6413921957402942, 0.7443181170763433, 0.8884573785188872, 0.6952148813321528, 0.583933634540305, 0.9204219587780458, 1.0, 0.8113911005301697, 0.6508693332230462, 0.4545507520171642, 0.7711221670600811, 0.6853803599169206, 0.568803606953774, 0.7896354401872717, 0.8808919461147899, 0.7420541780659815, 0.8231560738418289, 0.8962096929024133, 0.8773104352365284, 0.8703246706459902, 0.7507982187182929, 0.9142445273649933, 0.7093853536262804, 0.788050295413492, 0.7572098935987482, 0.8548397899287874, 0.4740532618616287, 0.32031608308714776, 0.7715012035371895, 0.8077895563342797, 0.8782734899756608, 0.549916846856608, 0.7205089220380079, 0.9309470682699423, 0.7549669674736412, 0.7585846389475988, 0.5911195501972704, 0.8362747318435784, 0.5117566728908322, 0.8923125000332248, 0.6939112308588368, 0.7042953619649426, 0.860117164263619, 0.845087053073633, 0.20867343826082332, 0.6356257812621184, 0.5037077119806818, 0.5615947181324565, 0.7503415008507734, 0.7531797171538064, 0.848034624064077, 0.6441425627537012, 0.5750974938187585, 0.6439391185600173, 0.2909718763883706, 0.9472873156881443, 0.676525822803221, 0.6675881054170294, 0.49150427670545643, 0.8096114788906146, 0.9056583090096291, 0.7449734989717058, 0.8912022993575596, 0.8727790091136098, 0.7318286091585733, 0.7738279988463377, 0.8358395384567638, 0.884250182279102, 0.7325236905792025, 0.8573638305228279, 0.7332519354895861, 0.7121930647932263, 0.9178662308912058, 0.8814955038434287, 0.8021170040829606, 0.8594942629236695, 0.8736270526063763, 0.782053171927164, 0.8934863054803268, 0.8789801838086921, 0.8834630241782442, 0.9355467351067721, 0.8385834949297515, 0.7225931341121177, 0.878865255109752, 0.8441782169344423, 0.610067068626702, 0.8300101016746005, 0.8631855387221548, 0.621240758456996, 0.8611544762176193, 0.7243849758480987, 0.9246350539097654, 0.9046292183049148, 0.7669617847742995, 0.8637158857744637]
Finish training and take 43m
