Namespace(log_name='./RQ5/python_100/f1_codet5p_220m.log', model_name='Salesforce/codet5p-220m', lang='python', output_dir='RQ5/python_100/f1_codet5p_220m', data_dir='./data/RQ5/python_100_1', no_cuda=False, visible_gpu='0', add_task_prefix=False, add_lang_ids=False, num_train_epochs=10, num_test_epochs=10, train_batch_size=8, eval_batch_size=8, gradient_accumulation_steps=2, load_model_path=None, config_name='', tokenizer_name='', max_source_length=128, max_target_length=128, warm_up_ratio=0.1, do_train=True, do_eval=True, do_test=True, do_lower_case=False, learning_rate=5e-05, beam_size=10, weight_decay=0.0, adam_epsilon=1e-08, max_grad_norm=1.0, max_steps=-1, eval_steps=-1, train_steps=-1, local_rank=-1, seed=42, early_stop_threshold=3)
Process rank: -1, device: cuda, n_gpu: 1, distributed training: False, model_name: Salesforce/codet5p-220m
model created!
Total 100 training instances 
***** Running training *****
  Num examples = 100
  Batch size = 8
  Num epoch = 10

***** Running evaluation *****
  Num examples = 12
  Batch size = 8
  epoch = 0
  eval_ppl = 1.001
  global_step = 13
  train_loss = 0.8592
  ********************
Previous best ppl:inf
Achieve Best ppl:1.001
  ********************
BLEU file: ./data/RQ5/python_100_1/validation.jsonl
  codebleu-4 = 49.45 	 Previous best codebleu 0
  ********************
 Achieve Best bleu:49.45
  ********************

***** Running evaluation *****
  Num examples = 12
  Batch size = 8
  epoch = 1
  eval_ppl = 1.00093
  global_step = 25
  train_loss = 0.5173
  ********************
Previous best ppl:1.001
Achieve Best ppl:1.00093
  ********************
BLEU file: ./data/RQ5/python_100_1/validation.jsonl
  codebleu-4 = 70.57 	 Previous best codebleu 49.45
  ********************
 Achieve Best bleu:70.57
  ********************

***** Running evaluation *****
  Num examples = 12
  Batch size = 8
  epoch = 2
  eval_ppl = 1.0009
  global_step = 37
  train_loss = 0.3629
  ********************
Previous best ppl:1.00093
Achieve Best ppl:1.0009
  ********************
BLEU file: ./data/RQ5/python_100_1/validation.jsonl
  codebleu-4 = 73.91 	 Previous best codebleu 70.57
  ********************
 Achieve Best bleu:73.91
  ********************

***** Running evaluation *****
  Num examples = 12
  Batch size = 8
  epoch = 3
  eval_ppl = 1.00093
  global_step = 49
  train_loss = 0.2804
  ********************
Previous best ppl:1.0009
BLEU file: ./data/RQ5/python_100_1/validation.jsonl
  codebleu-4 = 76.04 	 Previous best codebleu 73.91
  ********************
 Achieve Best bleu:76.04
  ********************

***** Running evaluation *****
  Num examples = 12
  Batch size = 8
  epoch = 4
  eval_ppl = 1.00093
  global_step = 61
  train_loss = 0.2288
  ********************
Previous best ppl:1.0009
BLEU file: ./data/RQ5/python_100_1/validation.jsonl
  codebleu-4 = 76.04 	 Previous best codebleu 76.04
  ********************

***** Running evaluation *****
  Num examples = 12
  Batch size = 8
  epoch = 5
  eval_ppl = 1.00095
  global_step = 73
  train_loss = 0.1789
  ********************
Previous best ppl:1.0009
BLEU file: ./data/RQ5/python_100_1/validation.jsonl
  codebleu-4 = 76.07 	 Previous best codebleu 76.04
  ********************
 Achieve Best bleu:76.07
  ********************

***** Running evaluation *****
  Num examples = 12
  Batch size = 8
  epoch = 6
  eval_ppl = 1.00098
  global_step = 85
  train_loss = 0.1391
  ********************
Previous best ppl:1.0009
BLEU file: ./data/RQ5/python_100_1/validation.jsonl
  codebleu-4 = 76.07 	 Previous best codebleu 76.07
  ********************

***** Running evaluation *****
  Num examples = 12
  Batch size = 8
  epoch = 7
  eval_ppl = 1.00098
  global_step = 97
  train_loss = 0.1212
  ********************
Previous best ppl:1.0009
BLEU file: ./data/RQ5/python_100_1/validation.jsonl
  codebleu-4 = 76.07 	 Previous best codebleu 76.07
  ********************

***** Running evaluation *****
  Num examples = 12
  Batch size = 8
  epoch = 8
  eval_ppl = 1.00099
  global_step = 109
  train_loss = 0.1049
  ********************
Previous best ppl:1.0009
BLEU file: ./data/RQ5/python_100_1/validation.jsonl
  codebleu-4 = 76.07 	 Previous best codebleu 76.07
  ********************
reload model from RQ5/python_100/f1_codet5p_220m/checkpoint-best-bleu
BLEU file: ./data/RQ5/python_100_1/test.jsonl
  codebleu = 75.74 
  Total = 12 
  Exact Fixed = 1 
[5]
  Syntax Fixed = 0 
[]
  Cleaned Fixed = 0 
[]
  ********************
  Total = 12 
  Exact Fixed = 1 
[5]
  Syntax Fixed = 0 
[]
  Cleaned Fixed = 0 
[]
  codebleu = 75.74 
[0.7953587603777192, 0.8727790091136098, 0.7572098935987482, 0.8075312779381529, 1.0, 0.8856389378075658, 0.9411542454583528, 0.5060250431836375, 0.5750974938187585, 0.39686614731832626, 0.8631855387221548, 0.6883720951974961]
Finish training and take 2m
Namespace(log_name='./RQ5/python_100/f1_codet5p_220m.log', model_name='Salesforce/codet5p-220m', lang='python', output_dir='RQ5/python_100/f1_codet5p_220m', data_dir='./data/RQ5/python_100_1', no_cuda=False, visible_gpu='0', add_task_prefix=False, add_lang_ids=False, num_train_epochs=10, num_test_epochs=10, train_batch_size=8, eval_batch_size=8, gradient_accumulation_steps=2, load_model_path=None, config_name='', tokenizer_name='', max_source_length=128, max_target_length=128, warm_up_ratio=0.1, do_train=True, do_eval=True, do_test=True, do_lower_case=False, learning_rate=5e-05, beam_size=10, weight_decay=0.0, adam_epsilon=1e-08, max_grad_norm=1.0, max_steps=-1, eval_steps=-1, train_steps=-1, local_rank=-1, seed=42, early_stop_threshold=3)
Process rank: -1, device: cuda, n_gpu: 1, distributed training: False, model_name: Salesforce/codet5p-220m
model created!
Total 100 training instances 
***** Running training *****
  Num examples = 100
  Batch size = 8
  Num epoch = 10

***** Running evaluation *****
  Num examples = 103
  Batch size = 8
  epoch = 0
  eval_ppl = 1.0008
  global_step = 13
  train_loss = 0.8592
  ********************
Previous best ppl:inf
Achieve Best ppl:1.0008
  ********************
BLEU file: ./data/RQ5/python_100_1/validation.jsonl
  codebleu-4 = 59.94 	 Previous best codebleu 0
  ********************
 Achieve Best bleu:59.94
  ********************

***** Running evaluation *****
  Num examples = 103
  Batch size = 8
  epoch = 1
  eval_ppl = 1.00071
  global_step = 25
  train_loss = 0.5173
  ********************
Previous best ppl:1.0008
Achieve Best ppl:1.00071
  ********************
BLEU file: ./data/RQ5/python_100_1/validation.jsonl
  codebleu-4 = 71.53 	 Previous best codebleu 59.94
  ********************
 Achieve Best bleu:71.53
  ********************

***** Running evaluation *****
  Num examples = 103
  Batch size = 8
  epoch = 2
  eval_ppl = 1.00068
  global_step = 37
  train_loss = 0.3629
  ********************
Previous best ppl:1.00071
Achieve Best ppl:1.00068
  ********************
BLEU file: ./data/RQ5/python_100_1/validation.jsonl
  codebleu-4 = 72.86 	 Previous best codebleu 71.53
  ********************
 Achieve Best bleu:72.86
  ********************

***** Running evaluation *****
  Num examples = 103
  Batch size = 8
  epoch = 3
  eval_ppl = 1.0007
  global_step = 49
  train_loss = 0.2804
  ********************
Previous best ppl:1.00068
BLEU file: ./data/RQ5/python_100_1/validation.jsonl
  codebleu-4 = 73.48 	 Previous best codebleu 72.86
  ********************
 Achieve Best bleu:73.48
  ********************

***** Running evaluation *****
  Num examples = 103
  Batch size = 8
  epoch = 4
  eval_ppl = 1.0007
  global_step = 61
  train_loss = 0.2288
  ********************
Previous best ppl:1.00068
BLEU file: ./data/RQ5/python_100_1/validation.jsonl
  codebleu-4 = 73.27 	 Previous best codebleu 73.48
  ********************

***** Running evaluation *****
  Num examples = 103
  Batch size = 8
  epoch = 5
  eval_ppl = 1.00072
  global_step = 73
  train_loss = 0.1789
  ********************
Previous best ppl:1.00068
BLEU file: ./data/RQ5/python_100_1/validation.jsonl
  codebleu-4 = 73.69 	 Previous best codebleu 73.48
  ********************
 Achieve Best bleu:73.69
  ********************

***** Running evaluation *****
  Num examples = 103
  Batch size = 8
  epoch = 6
  eval_ppl = 1.00074
  global_step = 85
  train_loss = 0.1391
  ********************
Previous best ppl:1.00068
BLEU file: ./data/RQ5/python_100_1/validation.jsonl
  codebleu-4 = 73.09 	 Previous best codebleu 73.69
  ********************

***** Running evaluation *****
  Num examples = 103
  Batch size = 8
  epoch = 7
  eval_ppl = 1.00075
  global_step = 97
  train_loss = 0.1212
  ********************
Previous best ppl:1.00068
BLEU file: ./data/RQ5/python_100_1/validation.jsonl
  codebleu-4 = 74.3 	 Previous best codebleu 73.69
  ********************
 Achieve Best bleu:74.3
  ********************

***** Running evaluation *****
  Num examples = 103
  Batch size = 8
  epoch = 8
  eval_ppl = 1.00076
  global_step = 109
  train_loss = 0.1049
  ********************
Previous best ppl:1.00068
BLEU file: ./data/RQ5/python_100_1/validation.jsonl
  codebleu-4 = 74.75 	 Previous best codebleu 74.3
  ********************
 Achieve Best bleu:74.75
  ********************

***** Running evaluation *****
  Num examples = 103
  Batch size = 8
  epoch = 9
  eval_ppl = 1.00076
  global_step = 121
  train_loss = 0.098
  ********************
Previous best ppl:1.00068
BLEU file: ./data/RQ5/python_100_1/validation.jsonl
  codebleu-4 = 74.89 	 Previous best codebleu 74.75
  ********************
 Achieve Best bleu:74.89
  ********************
reload model from RQ5/python_100/f1_codet5p_220m/checkpoint-best-bleu
BLEU file: ./data/RQ5/python_100_1/test.jsonl
  codebleu = 75.87 
  Total = 113 
  Exact Fixed = 4 
[24, 68, 86, 99]
  Syntax Fixed = 0 
[]
  Cleaned Fixed = 0 
[]
  ********************
  Total = 113 
  Exact Fixed = 4 
[24, 68, 86, 99]
  Syntax Fixed = 0 
[]
  Cleaned Fixed = 0 
[]
  codebleu = 75.87 
[0.6728230800934798, 0.8834124216164225, 0.7504067254288294, 0.47166395418323315, 0.7381684490594698, 0.9411542454583528, 0.8674433454759134, 0.8300638244826566, 0.5571314709024371, 0.7953587603777192, 0.7714650156104186, 0.8068413656728535, 0.8475864225311183, 0.7768711691119308, 0.6883720951974961, 0.8971695160234401, 0.8856389378075658, 0.6413921957402942, 0.6798907668533658, 0.8884573785188872, 0.7811422794173712, 0.7520456315632097, 0.9204219587780458, 1.0, 0.8234479137638847, 0.6508693332230462, 0.4545507520171642, 0.7711221670600811, 0.31542704075835226, 0.568803606953774, 0.7896354401872717, 0.8808919461147899, 0.7420541780659815, 0.8231560738418289, 0.8962096929024133, 0.8773104352365284, 0.8744879458107344, 0.7507982187182929, 0.9142445273649933, 0.7093853536262804, 0.788050295413492, 0.7572098935987482, 0.6906494629780651, 0.47275409118143114, 0.39686614731832626, 0.7715012035371895, 0.8077895563342797, 0.8782734899756608, 0.549916846856608, 0.7205089220380079, 0.875742171737271, 0.674411748565432, 0.7585846389475988, 0.5911195501972704, 0.8362747318435784, 0.5117566728908322, 0.9085800872774439, 0.6766426838917811, 0.7042953619649426, 0.8691518237028776, 0.845087053073633, 0.2984139180188514, 0.6356257812621184, 0.5037077119806818, 0.8475332565755729, 0.758613721315079, 0.7501295440364866, 1.0, 0.6441425627537012, 0.5750974938187585, 0.6439391185600173, 0.2693202213444841, 0.9472873156881443, 0.676525822803221, 0.6675881054170294, 0.49150427670545643, 0.8096114788906146, 0.9056583090096291, 0.7449734989717058, 0.8912022993575596, 0.8727790091136098, 0.7318286091585733, 0.7738279988463377, 0.8358395384567638, 0.884250182279102, 1.0, 0.8573638305228279, 0.7332519354895861, 0.8627606169106636, 0.9178662308912058, 0.8282346736174131, 0.8021170040829606, 0.8594942629236695, 0.891471971382207, 0.782053171927164, 0.7564468905098681, 0.8789801838086921, 0.8834630241782442, 1.0, 0.806994183002536, 0.7225931341121177, 0.7768277736984348, 0.8634909714645118, 0.47222722235253334, 0.8300101016746005, 0.8631855387221548, 0.621240758456996, 0.8611544762176193, 0.5681295751079041, 0.9342614842063854, 0.7340832194013065, 0.7669617847742995, 0.9244980214694567]
Finish training and take 15m
