Namespace(log_name='./RQ5/python_100/f2_codet5p_770m.log', model_name='Salesforce/codet5p-770m', lang='python', output_dir='RQ5/python_100/f2_codet5p_770m', data_dir='./data/RQ5/python_100_2', no_cuda=False, visible_gpu='0', add_task_prefix=False, add_lang_ids=False, num_train_epochs=10, num_test_epochs=10, train_batch_size=8, eval_batch_size=4, gradient_accumulation_steps=2, load_model_path=None, config_name='', tokenizer_name='', max_source_length=128, max_target_length=128, warm_up_ratio=0.1, do_train=True, do_eval=True, do_test=True, do_lower_case=False, learning_rate=5e-05, beam_size=10, weight_decay=0.0, adam_epsilon=1e-08, max_grad_norm=1.0, max_steps=-1, eval_steps=-1, train_steps=-1, local_rank=-1, seed=42, early_stop_threshold=3)
Process rank: -1, device: cuda, n_gpu: 1, distributed training: False, model_name: Salesforce/codet5p-770m
model created!
Total 100 training instances 
***** Running training *****
  Num examples = 100
  Batch size = 8
  Num epoch = 10

***** Running evaluation *****
  Num examples = 103
  Batch size = 4
  epoch = 0
  eval_ppl = 1.00143
  global_step = 13
  train_loss = 0.8974
  ********************
Previous best ppl:inf
Achieve Best ppl:1.00143
  ********************
BLEU file: ./data/RQ5/python_100_2/validation.jsonl
  codebleu-4 = 62.32 	 Previous best codebleu 0
  ********************
 Achieve Best bleu:62.32
  ********************

***** Running evaluation *****
  Num examples = 103
  Batch size = 4
  epoch = 1
  eval_ppl = 1.00124
  global_step = 25
  train_loss = 0.4434
  ********************
Previous best ppl:1.00143
Achieve Best ppl:1.00124
  ********************
BLEU file: ./data/RQ5/python_100_2/validation.jsonl
  codebleu-4 = 73.57 	 Previous best codebleu 62.32
  ********************
 Achieve Best bleu:73.57
  ********************

***** Running evaluation *****
  Num examples = 103
  Batch size = 4
  epoch = 2
  eval_ppl = 1.00124
  global_step = 37
  train_loss = 0.2421
  ********************
Previous best ppl:1.00124
Achieve Best ppl:1.00124
  ********************
BLEU file: ./data/RQ5/python_100_2/validation.jsonl
  codebleu-4 = 72.75 	 Previous best codebleu 73.57
  ********************

***** Running evaluation *****
  Num examples = 103
  Batch size = 4
  epoch = 3
  eval_ppl = 1.00131
  global_step = 49
  train_loss = 0.1468
  ********************
Previous best ppl:1.00124
BLEU file: ./data/RQ5/python_100_2/validation.jsonl
  codebleu-4 = 73.67 	 Previous best codebleu 73.57
  ********************
 Achieve Best bleu:73.67
  ********************

***** Running evaluation *****
  Num examples = 103
  Batch size = 4
  epoch = 4
  eval_ppl = 1.00138
  global_step = 61
  train_loss = 0.0841
  ********************
Previous best ppl:1.00124
BLEU file: ./data/RQ5/python_100_2/validation.jsonl
  codebleu-4 = 73.53 	 Previous best codebleu 73.67
  ********************

***** Running evaluation *****
  Num examples = 103
  Batch size = 4
  epoch = 5
  eval_ppl = 1.0015
  global_step = 73
  train_loss = 0.0574
  ********************
Previous best ppl:1.00124
BLEU file: ./data/RQ5/python_100_2/validation.jsonl
  codebleu-4 = 74.21 	 Previous best codebleu 73.67
  ********************
 Achieve Best bleu:74.21
  ********************

***** Running evaluation *****
  Num examples = 103
  Batch size = 4
  epoch = 6
  eval_ppl = 1.00152
  global_step = 85
  train_loss = 0.0329
  ********************
Previous best ppl:1.00124
BLEU file: ./data/RQ5/python_100_2/validation.jsonl
  codebleu-4 = 74.04 	 Previous best codebleu 74.21
  ********************

***** Running evaluation *****
  Num examples = 103
  Batch size = 4
  epoch = 7
  eval_ppl = 1.00153
  global_step = 97
  train_loss = 0.0255
  ********************
Previous best ppl:1.00124
BLEU file: ./data/RQ5/python_100_2/validation.jsonl
  codebleu-4 = 72.62 	 Previous best codebleu 74.21
  ********************

***** Running evaluation *****
  Num examples = 103
  Batch size = 4
  epoch = 8
  eval_ppl = 1.00156
  global_step = 109
  train_loss = 0.0205
  ********************
Previous best ppl:1.00124
BLEU file: ./data/RQ5/python_100_2/validation.jsonl
  codebleu-4 = 74.55 	 Previous best codebleu 74.21
  ********************
 Achieve Best bleu:74.55
  ********************

***** Running evaluation *****
  Num examples = 103
  Batch size = 4
  epoch = 9
  eval_ppl = 1.00157
  global_step = 121
  train_loss = 0.0217
  ********************
Previous best ppl:1.00124
BLEU file: ./data/RQ5/python_100_2/validation.jsonl
  codebleu-4 = 74.34 	 Previous best codebleu 74.55
  ********************
reload model from RQ5/python_100/f2_codet5p_770m/checkpoint-best-bleu
BLEU file: ./data/RQ5/python_100_2/test.jsonl
  codebleu = 74.94 
  Total = 113 
  Exact Fixed = 2 
[24, 99]
  Syntax Fixed = 1 
[44]
  Cleaned Fixed = 0 
[]
  ********************
  Total = 113 
  Exact Fixed = 2 
[24, 99]
  Syntax Fixed = 1 
[44]
  Cleaned Fixed = 0 
[]
  codebleu = 74.94 
[0.6728230800934798, 0.8505702153233261, 0.7504067254288294, 0.47166395418323315, 0.8052050509144788, 0.9411542454583528, 0.8674433454759134, 0.8300638244826566, 0.5571314709024371, 0.7953587603777192, 0.7714650156104186, 0.8068413656728535, 0.8475864225311183, 0.7768711691119308, 0.6883720951974961, 0.8971695160234401, 0.8856389378075658, 0.6413921957402942, 0.7443181170763433, 0.8884573785188872, 0.2947694749463006, 0.7520456315632097, 0.9204219587780458, 1.0, 0.8061434593731014, 0.6508693332230462, 0.4545507520171642, 0.7711221670600811, 0.6383801995082642, 0.568803606953774, 0.7896354401872717, 0.8808919461147899, 0.7420541780659815, 0.8231560738418289, 0.8962096929024133, 0.8773104352365284, 0.8744879458107344, 0.7507982187182929, 0.9142445273649933, 0.7093853536262804, 0.788050295413492, 0.7572098935987482, 0.8548397899287874, 0.8617601816890221, 0.39686614731832626, 0.5976301703621436, 0.8077895563342797, 0.7508650198569218, 0.549916846856608, 0.6747089019829979, 0.875742171737271, 0.7549669674736412, 0.7585846389475988, 0.5911195501972704, 0.8362747318435784, 0.5117566728908322, 0.8603333897795216, 0.6552141124632096, 0.7042953619649426, 0.860117164263619, 0.845087053073633, 0.2984139180188514, 0.6356257812621184, 0.5037077119806818, 0.5615947181324565, 0.758613721315079, 0.7501295440364866, 0.848034624064077, 0.6441425627537012, 0.5626129479914603, 0.6439391185600173, 0.3058354531813301, 0.9472873156881443, 0.676525822803221, 0.6675881054170294, 0.49150427670545643, 0.8096114788906146, 0.9056583090096291, 0.7449734989717058, 0.8912022993575596, 0.8727790091136098, 0.7318286091585733, 0.7738279988463377, 0.8358395384567638, 0.884250182279102, 0.3221566043052433, 0.4902704874187754, 0.7332519354895861, 0.8627606169106636, 0.9178662308912058, 0.8282346736174131, 0.7452102688430284, 0.8594942629236695, 0.891471971382207, 0.782053171927164, 0.6766735146520817, 0.8789801838086921, 0.8834630241782442, 1.0, 0.8385834949297515, 0.7225931341121177, 0.878865255109752, 0.8217893900984881, 0.4676316765150235, 0.8300101016746005, 0.8631855387221548, 0.621240758456996, 0.8611544762176193, 0.7243849758480987, 0.9342614842063854, 0.9046292183049148, 0.7689128556624429, 0.9244980214694567]
Finish training and take 36m
