Namespace(log_name='./RQ5/sstubs_300_3/codet5p_770m_f.log', model_name='Salesforce/codet5p-770m', lang='java', output_dir='RQ5/sstubs_300_3/codet5p_770m_f', data_dir='./data/RQ5/sstubs_300_3', no_cuda=False, visible_gpu='0', add_task_prefix=False, add_lang_ids=False, num_train_epochs=10, num_test_epochs=10, train_batch_size=4, eval_batch_size=4, gradient_accumulation_steps=2, load_model_path=None, config_name='', tokenizer_name='', max_source_length=512, max_target_length=512, warm_up_ratio=0.1, do_train=True, do_eval=True, do_test=True, do_lower_case=False, learning_rate=5e-05, beam_size=10, weight_decay=0.0, adam_epsilon=1e-08, max_grad_norm=1.0, max_steps=-1, eval_steps=-1, train_steps=-1, local_rank=-1, seed=42, early_stop_threshold=2)
Process rank: -1, device: cuda, n_gpu: 1, distributed training: False, model_name: Salesforce/codet5p-770m
model created!
Total 300 training instances 
***** Running training *****
  Num examples = 300
  Batch size = 4
  Num epoch = 10

***** Running evaluation *****
  Num examples = 100
  Batch size = 4
  epoch = 0
  eval_ppl = 1.00035
  global_step = 76
  train_loss = 0.3721
  ********************
Previous best ppl:inf
Achieve Best ppl:1.00035
  ********************
BLEU file: ./data/RQ5/sstubs_300_3/validation.jsonl
  codebleu-4 = 93.32 	 Previous best codebleu 0
  ********************
 Achieve Best bleu:93.32
  ********************

***** Running evaluation *****
  Num examples = 100
  Batch size = 4
  epoch = 1
  eval_ppl = 1.00032
  global_step = 151
  train_loss = 0.0692
  ********************
Previous best ppl:1.00035
Achieve Best ppl:1.00032
  ********************
BLEU file: ./data/RQ5/sstubs_300_3/validation.jsonl
  codebleu-4 = 93.83 	 Previous best codebleu 93.32
  ********************
 Achieve Best bleu:93.83
  ********************

***** Running evaluation *****
  Num examples = 100
  Batch size = 4
  epoch = 2
  eval_ppl = 1.00033
  global_step = 226
  train_loss = 0.0362
  ********************
Previous best ppl:1.00032
BLEU file: ./data/RQ5/sstubs_300_3/validation.jsonl
  codebleu-4 = 93.85 	 Previous best codebleu 93.83
  ********************
 Achieve Best bleu:93.85
  ********************

***** Running evaluation *****
  Num examples = 100
  Batch size = 4
  epoch = 3
  eval_ppl = 1.00036
  global_step = 301
  train_loss = 0.0202
  ********************
Previous best ppl:1.00032
BLEU file: ./data/RQ5/sstubs_300_3/validation.jsonl
  codebleu-4 = 94.25 	 Previous best codebleu 93.85
  ********************
 Achieve Best bleu:94.25
  ********************

***** Running evaluation *****
  Num examples = 100
  Batch size = 4
  epoch = 4
  eval_ppl = 1.00035
  global_step = 376
  train_loss = 0.0156
  ********************
Previous best ppl:1.00032
BLEU file: ./data/RQ5/sstubs_300_3/validation.jsonl
  codebleu-4 = 94.44 	 Previous best codebleu 94.25
  ********************
 Achieve Best bleu:94.44
  ********************

***** Running evaluation *****
  Num examples = 100
  Batch size = 4
  epoch = 5
  eval_ppl = 1.00038
  global_step = 451
  train_loss = 0.0099
  ********************
Previous best ppl:1.00032
BLEU file: ./data/RQ5/sstubs_300_3/validation.jsonl
  codebleu-4 = 93.98 	 Previous best codebleu 94.44
  ********************

***** Running evaluation *****
  Num examples = 100
  Batch size = 4
  epoch = 6
  eval_ppl = 1.00039
  global_step = 526
  train_loss = 0.0063
  ********************
Previous best ppl:1.00032
BLEU file: ./data/RQ5/sstubs_300_3/validation.jsonl
  codebleu-4 = 94.46 	 Previous best codebleu 94.44
  ********************
 Achieve Best bleu:94.46
  ********************

***** Running evaluation *****
  Num examples = 100
  Batch size = 4
  epoch = 7
  eval_ppl = 1.0004
  global_step = 601
  train_loss = 0.0033
  ********************
Previous best ppl:1.00032
BLEU file: ./data/RQ5/sstubs_300_3/validation.jsonl
  codebleu-4 = 94.04 	 Previous best codebleu 94.46
  ********************

***** Running evaluation *****
  Num examples = 100
  Batch size = 4
  epoch = 8
  eval_ppl = 1.0004
  global_step = 676
  train_loss = 0.0031
  ********************
Previous best ppl:1.00032
BLEU file: ./data/RQ5/sstubs_300_3/validation.jsonl
  codebleu-4 = 94.08 	 Previous best codebleu 94.46
  ********************
reload model from RQ5/sstubs_300_3/codet5p_770m_f/checkpoint-best-bleu
BLEU file: ./data/RQ5/sstubs_300_3/test.jsonl
  codebleu = 94.78 
  Total = 500 
  Exact Fixed = 275 
[1, 2, 3, 8, 10, 12, 13, 17, 18, 19, 20, 25, 26, 28, 30, 32, 33, 34, 36, 37, 38, 39, 42, 49, 50, 53, 54, 56, 57, 59, 64, 70, 72, 73, 75, 76, 80, 82, 86, 88, 89, 91, 92, 96, 99, 100, 102, 103, 104, 106, 108, 110, 112, 115, 116, 117, 120, 122, 123, 124, 126, 130, 131, 135, 138, 139, 140, 141, 142, 144, 147, 152, 153, 154, 155, 156, 157, 159, 160, 161, 162, 164, 166, 168, 172, 176, 180, 181, 183, 184, 188, 189, 192, 193, 196, 198, 199, 200, 202, 203, 204, 205, 207, 210, 213, 219, 223, 224, 226, 227, 229, 231, 232, 235, 236, 238, 241, 243, 244, 246, 247, 249, 250, 253, 255, 256, 257, 258, 259, 261, 264, 265, 267, 269, 270, 272, 274, 276, 278, 281, 282, 283, 285, 288, 289, 291, 292, 294, 295, 296, 298, 299, 301, 302, 303, 304, 306, 308, 309, 311, 312, 313, 316, 318, 319, 320, 321, 324, 325, 329, 330, 334, 337, 340, 341, 342, 343, 344, 346, 350, 354, 355, 356, 357, 359, 360, 362, 364, 365, 366, 367, 368, 370, 373, 374, 376, 377, 378, 379, 382, 383, 384, 386, 387, 388, 389, 390, 392, 393, 395, 396, 398, 399, 401, 402, 404, 405, 407, 408, 410, 412, 413, 417, 418, 424, 425, 428, 431, 432, 436, 437, 440, 441, 442, 444, 445, 446, 449, 450, 452, 453, 454, 457, 458, 459, 460, 462, 463, 465, 466, 467, 468, 469, 471, 474, 475, 476, 477, 478, 479, 480, 481, 483, 484, 486, 488, 489, 490, 492, 493, 494, 495, 496, 497, 499]
  Syntax Fixed = 6 
[29, 90, 225, 317, 349, 420]
  Cleaned Fixed = 0 
[]
  ********************
  Total = 500 
  Exact Fixed = 275 
[1, 2, 3, 8, 10, 12, 13, 17, 18, 19, 20, 25, 26, 28, 30, 32, 33, 34, 36, 37, 38, 39, 42, 49, 50, 53, 54, 56, 57, 59, 64, 70, 72, 73, 75, 76, 80, 82, 86, 88, 89, 91, 92, 96, 99, 100, 102, 103, 104, 106, 108, 110, 112, 115, 116, 117, 120, 122, 123, 124, 126, 130, 131, 135, 138, 139, 140, 141, 142, 144, 147, 152, 153, 154, 155, 156, 157, 159, 160, 161, 162, 164, 166, 168, 172, 176, 180, 181, 183, 184, 188, 189, 192, 193, 196, 198, 199, 200, 202, 203, 204, 205, 207, 210, 213, 219, 223, 224, 226, 227, 229, 231, 232, 235, 236, 238, 241, 243, 244, 246, 247, 249, 250, 253, 255, 256, 257, 258, 259, 261, 264, 265, 267, 269, 270, 272, 274, 276, 278, 281, 282, 283, 285, 288, 289, 291, 292, 294, 295, 296, 298, 299, 301, 302, 303, 304, 306, 308, 309, 311, 312, 313, 316, 318, 319, 320, 321, 324, 325, 329, 330, 334, 337, 340, 341, 342, 343, 344, 346, 350, 354, 355, 356, 357, 359, 360, 362, 364, 365, 366, 367, 368, 370, 373, 374, 376, 377, 378, 379, 382, 383, 384, 386, 387, 388, 389, 390, 392, 393, 395, 396, 398, 399, 401, 402, 404, 405, 407, 408, 410, 412, 413, 417, 418, 424, 425, 428, 431, 432, 436, 437, 440, 441, 442, 444, 445, 446, 449, 450, 452, 453, 454, 457, 458, 459, 460, 462, 463, 465, 466, 467, 468, 469, 471, 474, 475, 476, 477, 478, 479, 480, 481, 483, 484, 486, 488, 489, 490, 492, 493, 494, 495, 496, 497, 499]
  Syntax Fixed = 6 
[29, 90, 225, 317, 349, 420]
  Cleaned Fixed = 0 
[]
  codebleu = 94.78 
[1.0, 1.0, 1.0, 0.9495565333799167, 0.6627822280234787, 0.7016265496309229, 0.9211131842675646, 1.0, 0.557115595241456, 1.0, 0.894726759864654, 1.0, 1.0, 0.6766433148075119, 0.9073284209965369, 0.8632148025904984, 1.0, 1.0, 1.0, 1.0, 0.8194907652001931, 0.8606751756510949, 0.6577095841418729, 0.9642824612307761, 1.0, 1.0, 0.8400553834135902, 1.0, 0.9699899456986019, 1.0, 0.881955507815954, 1.0, 1.0, 1.0, 0.8642470965743208, 1.0, 1.0, 1.0, 1.0, 0.9725011474210121, 0.8961079319106557, 1.0, 0.9517918920357142, 0.8368293296348667, 0.9546221339246326, 0.9543920430664012, 0.936752055107628, 0.9012977329022187, 1.0, 1.0, 0.9642836546885394, 0.9523104352365284, 1.0, 1.0, 0.850084905673596, 1.0, 1.0, 0.9509004453320677, 1.0, 0.9830124435719327, 0.9495565333799167, 0.9468351265733028, 0.8606751756510949, 1.0, 0.6919044591507169, 0.9545187036711082, 0.3345021007252746, 0.6526670151860275, 0.909059993322914, 1.0, 0.8020772327457721, 1.0, 1.0, 0.805438392944647, 1.0, 1.0, 0.8566632780233401, 0.8133116091221643, 0.7130825083995453, 1.0, 0.9108242908590016, 1.0, 0.9441518237028776, 0.8676184836694505, 0.8674435206185069, 1.0, 0.9207265089204273, 1.0, 1.0, 0.9699899456986019, 1.0, 1.0, 0.9680975247490764, 0.8309401076758502, 0.8255195881312929, 1.0, 0.9637364956234171, 0.9830124435719327, 1.0, 1.0, 0.9207265089204273, 1.0, 1.0, 1.0, 0.8977573831682686, 1.0, 0.9026775857310148, 1.0, 0.9706304665534506, 1.0, 0.9629467492522685, 1.0, 0.9026321368482364, 0.9098501992036327, 1.0, 1.0, 1.0, 0.898610628990282, 0.9422672588258918, 1.0, 0.8642470965743208, 1.0, 1.0, 1.0, 0.9327938350960072, 1.0, 0.8313123185424158, 0.9118239030379824, 0.9044642401339957, 1.0, 1.0, 0.9318351265733027, 0.8147166794810943, 0.9516914291770746, 1.0, 0.9145980101874507, 0.9274843030447293, 1.0, 1.0, 1.0, 1.0, 1.0, 0.8986766170158926, 1.0, 0.8016164190158708, 0.92532824097235, 1.0, 0.894726759864654, 0.9058089637441036, 0.8145980101874506, 0.9567814728909636, 1.0, 1.0, 1.0, 1.0, 1.0, 1.0, 0.9725011474210121, 1.0, 1.0, 1.0, 1.0, 0.9501570703145379, 1.0, 0.9352133283258579, 1.0, 0.8947836446510709, 1.0, 0.956711228908929, 0.9616102999368312, 0.8337841808515074, 1.0, 0.6627822280234787, 0.9170576952964131, 0.8377253763997345, 1.0, 0.9120033353993269, 0.9523104352365284, 0.8667343878768172, 1.0, 1.0, 0.8955980328281301, 1.0, 1.0, 0.9490051755223876, 0.839770048649259, 0.839770048649259, 1.0, 1.0, 0.772496321151799, 0.9321212086381336, 1.0, 1.0, 0.9354021130737269, 0.891318859382493, 1.0, 0.9219188985107609, 1.0, 1.0, 1.0, 0.9056583090096291, 1.0, 1.0, 1.0, 1.0, 0.8689975336408694, 1.0, 0.8777538763403605, 0.8655056700329364, 1.0, 0.8865561184422389, 0.8642470965743208, 1.0, 0.9725011474210121, 0.9460079469916434, 0.8453810580040362, 0.9830124435719327, 0.9104745446407605, 1.0, 0.892387748772268, 0.9584627887351178, 0.8947836446510709, 1.0, 1.0, 0.9699899456986019, 1.0, 1.0, 0.7032349297460765, 1.0, 0.8933633833099063, 1.0, 1.0, 0.9830124435719327, 0.7942663828924112, 1.0, 1.0, 0.901672684198352, 1.0, 0.7016265496309229, 0.9675420713984233, 1.0, 0.7369342414615079, 1.0, 1.0, 0.466097058160062, 1.0, 1.0, 0.9361684767997713, 1.0, 1.0, 0.9525078218537795, 0.9437985500759485, 1.0, 0.8655948908847075, 1.0, 1.0, 1.0, 1.0, 1.0, 0.9600948805844232, 1.0, 0.8540633215890829, 0.8557768311681513, 1.0, 1.0, 0.9104979088289846, 1.0, 0.9521775318277603, 1.0, 1.0, 0.8474334174872993, 1.0, 0.8544642401339957, 1.0, 0.9524183912964097, 1.0, 0.9331580236066618, 1.0, 0.8519348099950308, 0.9616136179279984, 1.0, 1.0, 1.0, 0.9143879239397519, 1.0, 0.936752055107628, 0.9470228248649237, 1.0, 1.0, 0.8285011024195315, 1.0, 1.0, 0.9165239329369728, 1.0, 1.0, 1.0, 0.9245037448286011, 1.0, 1.0, 0.7016265496309229, 1.0, 1.0, 1.0, 1.0, 0.9224309863862572, 1.0, 0.8453810580040362, 1.0, 1.0, 0.7533050635111456, 1.0, 1.0, 1.0, 0.9620033353993269, 0.7663187022564415, 1.0, 0.9709199634623005, 1.0, 1.0, 1.0, 1.0, 0.9565292378112795, 0.924762622326577, 1.0, 1.0, 0.3683508638118963, 0.9441518237028776, 0.9045508804845042, 1.0, 1.0, 0.9427895563342799, 0.8886420415269245, 0.9693261143428569, 1.0, 0.8521105690558852, 0.8320856318465295, 1.0, 0.8730911354138612, 0.9436140613395863, 1.0, 1.0, 1.0, 1.0, 1.0, 0.9325400085710811, 1.0, 0.8821296454239946, 0.9498733743967636, 0.8952738864082956, 1.0, 0.859279267136342, 0.8370137268359095, 0.9076642269253836, 1.0, 1.0, 1.0, 1.0, 0.5311083104794627, 1.0, 1.0, 0.9498733743967636, 1.0, 0.9318351265733027, 1.0, 1.0, 1.0, 1.0, 1.0, 0.9498733743967636, 1.0, 0.9472873156881443, 0.9499861168443409, 1.0, 1.0, 0.9572615927227479, 1.0, 1.0, 1.0, 1.0, 0.9690470390182255, 0.8, 1.0, 1.0, 1.0, 0.9675420713984233, 1.0, 1.0, 1.0, 1.0, 1.0, 0.862347908057336, 1.0, 1.0, 0.816720286885113, 1.0, 1.0, 0.9261420415269246, 1.0, 1.0, 0.7452117874843764, 1.0, 1.0, 0.8768874158387014, 1.0, 1.0, 0.8846386294351021, 1.0, 1.0, 0.9497338034253828, 1.0, 0.797355414531276, 1.0, 1.0, 0.9546221339246326, 0.9090440252597953, 0.8022703799866535, 1.0, 1.0, 0.9107730833493335, 0.9699899456986019, 0.5311083104794627, 0.9052050509144789, 0.9746774581465578, 1.0, 1.0, 0.9800683463319189, 0.936752055107628, 1.0, 0.9107730833493335, 0.9498733743967636, 1.0, 1.0, 0.9498733743967636, 0.8291559470359517, 0.9307091932148608, 1.0, 1.0, 0.9365276486140073, 0.9498733743967636, 1.0, 1.0, 1.0, 0.9493239030379825, 1.0, 1.0, 1.0, 0.9435321610524647, 0.9437985500759485, 1.0, 1.0, 0.9498733743967636, 1.0, 1.0, 1.0, 0.9468351265733028, 0.8965296466431494, 1.0, 1.0, 1.0, 1.0, 0.9407613352737074, 1.0, 1.0, 0.8357117295209777, 1.0, 1.0, 1.0, 1.0, 1.0, 0.9330331470954285, 1.0, 0.8821296454239946, 0.9266684096158422, 1.0, 1.0, 1.0, 1.0, 1.0, 1.0, 1.0, 1.0, 0.9565292378112795, 1.0, 1.0, 0.9525078218537795, 1.0, 0.8998848301604019, 1.0, 1.0, 1.0, 0.9498733743967636, 1.0, 1.0, 1.0, 1.0, 1.0, 1.0, 0.852565642646234, 1.0, 0.9404330472606062]
Finish training and take 30m
