Namespace(log_name='./RQ5/xcodeeval_16_1/codet5p_220m.log', model_name='Salesforce/codet5p-220m', lang='c', output_dir='RQ5/xcodeeval_16_1/codet5p_220m', data_dir='./data/RQ5/xcodeeval_16_1', choice=0, no_cuda=False, visible_gpu='0', num_train_epochs=10, num_test_epochs=1, train_batch_size=8, eval_batch_size=4, gradient_accumulation_steps=1, load_model_path=None, config_name='', tokenizer_name='', max_source_length=512, max_target_length=512, warm_up_ratio=0.1, do_train=True, do_eval=True, do_test=True, freeze=False, learning_rate=5e-05, beam_size=10, weight_decay=0.0, adam_epsilon=1e-08, local_rank=-1, seed=42, early_stop_threshold=3)
Process rank: -1, device: cuda, n_gpu: 1, distributed training: False
Model created!!
[[{'text': '#include <stdio.h>  main() {      int a;      scanf("%d", &a);      while(a--) {          char d[10][10];          int r=0, b=0, rr=0, bb=0;          for(int i=0; i<8; i++)              scanf("%s", d[i]);          for(int i=0; i<8; i++) {              r=b=0;              for(int j=0; j<8; j++) {                  if(d[i][j]==\'R\') r++;                  if(d[i][j]==\'B\') b++;              }              if(r==8) rr=1;              if(b==8) bb=1;          }          if(rr) {              puts("R");              continue;          }          else if(bb) {              puts("B");continue;          }          for(int j=0; j<8; j++) {              r=b=0;              for(int i=0; i<8; i++) {                  if(d[i][j]==\'R\') r++;                  if(d[i][j]==\'B\') b++;              }              if(r==8) rr=1;              if(b==8) bb=1;          }          if(rr) puts("R");          else if(bb) puts("B");      }  }', 'loss_ids': 0, 'shortenable_ids': 1}, {'text': '<mask>', 'loss_ids': 1, 'shortenable_ids': 0}, {'text': 'is the fixed version', 'loss_ids': 0, 'shortenable_ids': 0}], {'guid': 0, 'tgt_text': '#include <stdio.h>  main() {      int a;      scanf("%d", &a);      while(a--) {          char d[10][10];          int r=0, b=0, rr=0, bb=0;          for(int i=0; i<8; i++)              scanf("%s", d[i]);          for(int i=0; i<8; i++) {              r=b=0;              for(int j=0; j<8; j++) {                  if(d[i][j]==\'R\') r++;              }              if(r==8) rr=1;          }          for(int j=0; j<8; j++) {              r=b=0;              for(int i=0; i<8; i++) {                  if(d[i][j]==\'B\') b++;              }              if(b==8) bb=1;          }          if(rr) puts("R");          else if(bb) puts("B");      }  }'}]
***** Running training *****
  Num examples = 16
  Batch size = 8
  Num epoch = 10

***** Running evaluation *****
  Num examples = 100
  Batch size = 4
  epoch = 0
  eval_ppl = 6.657107767690185e+281
  global_step = 3
  train_loss = 114.4953
  ********************
Previous best ppl:inf
Achieve Best ppl:6.657107767690185e+281
  ********************
BLEU file: ./data/RQ5/xcodeeval_16_1/validation.jsonl
  codebleu-4 = 63.46 	 Previous best codebleu 0
  ********************
 Achieve Best bleu:63.46
  ********************

***** Running evaluation *****
  Num examples = 100
  Batch size = 4
  epoch = 1
  eval_ppl = 1.1321363133888494e+253
  global_step = 5
  train_loss = 84.0341
  ********************
Previous best ppl:6.657107767690185e+281
Achieve Best ppl:1.1321363133888494e+253
  ********************
BLEU file: ./data/RQ5/xcodeeval_16_1/validation.jsonl
  codebleu-4 = 73.21 	 Previous best codebleu 63.46
  ********************
 Achieve Best bleu:73.21
  ********************

***** Running evaluation *****
  Num examples = 100
  Batch size = 4
  epoch = 2
  eval_ppl = 6.872748955291174e+284
  global_step = 7
  train_loss = 58.7038
  ********************
Previous best ppl:1.1321363133888494e+253
BLEU file: ./data/RQ5/xcodeeval_16_1/validation.jsonl
  codebleu-4 = 74.43 	 Previous best codebleu 73.21
  ********************
 Achieve Best bleu:74.43
  ********************

***** Running evaluation *****
  Num examples = 100
  Batch size = 4
  epoch = 3
  eval_ppl = 4.665889198238974e+298
  global_step = 9
  train_loss = 47.7787
  ********************
Previous best ppl:1.1321363133888494e+253
BLEU file: ./data/RQ5/xcodeeval_16_1/validation.jsonl
  codebleu-4 = 73.64 	 Previous best codebleu 74.43
  ********************

***** Running evaluation *****
  Num examples = 100
  Batch size = 4
  epoch = 4
  eval_ppl = inf
  global_step = 11
  train_loss = 41.2469
  ********************
Previous best ppl:1.1321363133888494e+253
BLEU file: ./data/RQ5/xcodeeval_16_1/validation.jsonl
  codebleu-4 = 73.7 	 Previous best codebleu 74.43
  ********************

***** Running evaluation *****
  Num examples = 100
  Batch size = 4
  epoch = 5
  eval_ppl = inf
  global_step = 13
  train_loss = 34.5132
  ********************
Previous best ppl:1.1321363133888494e+253
BLEU file: ./data/RQ5/xcodeeval_16_1/validation.jsonl
  codebleu-4 = 73.63 	 Previous best codebleu 74.43
  ********************
early stopping!!!
reload model from RQ5/xcodeeval_16_1/codet5p_220m/checkpoint-best-bleu
BLEU file: ./data/RQ5/xcodeeval_16_1/test.jsonl
  codebleu = 73.26 
  Total = 500 
  Exact Fixed = 4 
[59, 359, 408, 455]
  Syntax Fixed = 0 
[]
  Cleaned Fixed = 3 
[54, 268, 276]
  ********************
  Total = 500 
  Exact Fixed = 4 
[59, 359, 408, 455]
  Syntax Fixed = 0 
[]
  Cleaned Fixed = 3 
[54, 268, 276]
  codebleu = 73.26 
[0.6906751815123662, 0.4658094583130275, 0.8702165828687908, 0.9841559872486547, 0.9323764597381581, 0.9544741722900356, 0.9334580759528754, 0.2930837534053943, 0.28590084848815933, 0.5896551724137931, 0.33757627523685907, 0.8239908684888106, 0.8840280108223306, 0.9357255678321519, 0.8738548389086691, 0.9904619066549505, 0.8694464017012884, 0.968864963241663, 0.8944958165491306, 0.8960614087063516, 0.8170302549229405, 0.896734987325442, 0.9888412502412365, 0.9625525637745691, 0.4011929009233417, 0.9657582590366391, 0.34393669628153556, 0.6809967366404501, 0.9552731235682033, 0.5800323580497375, 0.8461410563929062, 0.9540138870746515, 0.4669941875462229, 0.7138182723577209, 0.753682334056651, 0.7480983802318328, 0.7810019348324313, 0.7842392584088402, 0.9513060711945898, 0.03914807619997354, 0.8036605977879999, 0.6439737215147783, 0.7646504374656518, 0.4262386448606621, 0.9226227924173891, 0.9673001684656128, 0.9722452161669002, 0.8563674297442561, 0.7693582389764291, 0.8458233745010357, 0.7860054491592668, 0.6751922228302627, 0.4096453519493349, 0.9836521549336295, 0.035053425263124334, 0.2652100539123435, 0.8267820318104704, 0.8667475701982013, 0.9753396087264441, 0.8827108485449091, 0.9837171835242919, 0.9447089104540864, 0.8113688567236648, 0.347162812695482, 0.9821809817650384, 0.4982318233525185, 0.31109151847105065, 0.9205034406868129, 0.9081388482822838, 0.4954735182274035, 0.8725323277468207, 0.3294036734712466, 0.6463782423660047, 0.7841363254131692, 0.4284201796189373, 0.4080703027889234, 0.6582969119790161, 0.9421953806476688, 0.3885946899772229, 0.8691934016309899, 0.9564084233825603, 0.9738014890069033, 0.1351038802052721, 0.9809329721714535, 0.9019572795735469, 0.9295279223019721, 0.8859407157558806, 0.5480309606435074, 0.4443730302862996, 0.7075727841380755, 0.9168021557818813, 0.03638680962604285, 0.9106033686427741, 0.3532450248136815, 0.8375795025499561, 0.49643876062226794, 0.4420093605524046, 0.48670907292950416, 0.36163873606499564, 0.48795243922324283, 0.8668858102395753, 0.8884437011415969, 0.8203495978509039, 0.9193864599685562, 0.8947330957271415, 0.5961510984329409, 0.5003909451993059, 0.6149849603928601, 0.8945438109581849, 0.5609883778095345, 0.8324183912964096, 0.1508814432155347, 0.7914278759686615, 0.9545405744953441, 0.9092903522106406, 0.9268555414820475, 0.2849664187950911, 0.9728421777783798, 0.41093966321126485, 0.7480407185735214, 0.9374523007440652, 0.9566283907946067, 0.4542071293267559, 0.9717916167891165, 0.7684232762284017, 0.7614331493899362, 0.9368495847081082, 0.9698577447036469, 0.9656770287836146, 0.33945728624618854, 0.932225287620047, 0.8165996742814894, 0.9739901642593853, 0.9631318837364407, 0.9678539444631555, 0.9427403770588954, 0.9798219468937557, 0.2984600211190037, 0.9560322423864296, 0.5739579759923696, 0.9732129467715989, 0.9150833522873736, 0.7332328509698608, 0.49006850367306043, 0.3157691625069721, 0.7651306809345775, 0.27086338909565627, 0.46622047742046324, 0.68863759482569, 0.9299552251878043, 0.5010923309399078, 0.8267162447332495, 0.5031028066634594, 0.872087455158634, 0.9435407234863082, 0.4775369858583672, 0.7223951844558967, 0.927982876787582, 0.9602403186628621, 0.9793040838341944, 0.7246670782300332, 0.6567874018519466, 0.7787797669196548, 0.3905993382006971, 0.3821796477166763, 0.407637240974598, 0.9654461577493623, 0.9598135790579945, 0.7942417816647632, 0.782794014430714, 0.8815079864399178, 0.8003312005835965, 0.5794733841029053, 0.9384697992732594, 0.9033161659658331, 0.3706598417143405, 0.8792228737352459, 0.9902911708211317, 0.3723443145512656, 0.7065722131859199, 0.8042710150175236, 0.7353958165902537, 0.48538750242908124, 0.8992562005799716, 0.9931785684115373, 0.9709756774276397, 0.8829948461632615, 0.39959369686698987, 0.956301548538977, 0.9172004740789947, 0.8564128174402423, 0.8856566772820293, 0.6163950321676452, 0.7755461446129143, 0.9744119964056819, 0.8908110243776604, 0.8197212200858678, 0.41395796030346144, 0.3475222634058708, 0.9242948449724626, 0.9679884172683169, 0.4841195614277229, 0.8396431642664623, 0.9130555191813399, 0.9757745973711676, 0.825040224285887, 0.8916190612768264, 0.7207550074832697, 0.41474785475115006, 0.8712547010751163, 0.43419770508491723, 0.940598945729278, 0.5224397413404883, 0.6895051363145968, 0.7709540621971285, 0.2632327198499751, 0.9589077111122837, 0.7507483205316109, 0.7083504226307995, 0.6386890640788627, 0.9699392701042773, 0.8099419487239318, 0.8198387442649027, 0.30629628128160413, 0.9425018741615083, 0.5313357348360503, 0.6297029892537214, 0.8898733743967635, 0.5750532628652378, 0.20906455911542446, 0.7836353492903962, 0.5439420078074064, 0.42497916943931774, 0.9345121855559886, 0.6121051294344302, 0.578502292273178, 0.8207174296242723, 0.5831163274893049, 0.6916629272878606, 0.9533257646563149, 0.774674995957515, 0.6871897384788783, 0.26383991754845815, 0.2854336277000177, 0.5066873421433427, 0.881797373816123, 0.4920928783231675, 0.9802031318403173, 0.938899487965138, 0.915465568076623, 0.9772597588062424, 0.9789628153220145, 0.4234097157305317, 0.9163819539750226, 0.6543858814635451, 0.9251375134812259, 0.9089815080638761, 0.737357448673426, 0.5177405757219062, 0.939230675483474, 0.38163008179290037, 0.41574277333701404, 0.6319963493539941, 0.8703232021938421, 0.6898800585173648, 0.9798514722492089, 0.37734919701699515, 0.9428491633077438, 0.9179853420852879, 0.9617720754477719, 0.8344780346578161, 0.9239858991360816, 0.9522217025290924, 0.23899729367746342, 0.27949142984930087, 0.9259714761461866, 0.927607533719276, 0.9143261256348318, 0.4155596630877777, 0.8533534577368376, 0.9414651779507988, 0.48228443707897417, 0.9352829048891074, 0.9596628528083495, 0.7253639326470425, 0.9322263155732342, 0.7729580558472922, 0.09240783929382662, 0.9462525423248562, 0.8008543532489389, 0.8984188648676468, 0.9238932796791619, 0.9473491006263874, 0.81365109401057, 0.9470722443623478, 0.8855808153415308, 0.16288150381122904, 0.9074352659723735, 0.5157443236412498, 0.5750582617526012, 0.7738062382871427, 0.5685194149133986, 0.7721810306851953, 0.849729607166194, 0.8121978155567737, 0.857366514241093, 0.9121176482601447, 0.6283052858442292, 0.8302530908052741, 0.7485066002648197, 0.7624146378614128, 0.8086811749495997, 0.9881263545755623, 0.7698315590133648, 0.9820653195195825, 0.9616102999368312, 0.5012143983741278, 0.051466049375048936, 0.9664437619662871, 0.9147509231273736, 0.8009263268259385, 0.9627523265286426, 0.7698084875003366, 0.4140319065100101, 0.41243081325512787, 0.8861971446522757, 0.8154187738366516, 0.7015252862450747, 0.5896551724137931, 0.9707135589044302, 0.9100561171054498, 0.9660709266806573, 0.939821716744068, 0.9785132817927387, 0.8171220069513339, 0.8542311710040063, 0.97633392937918, 0.19832929234074576, 0.9706304665534506, 0.9887423993227424, 0.8009031307517834, 0.3776268460097124, 0.9829927321997591, 0.3273472980821144, 0.5074834355521683, 0.9872106081152878, 0.7772868173384335, 0.9332689017753089, 0.6688983661442429, 0.9784080121481948, 0.6516235135434673, 0.904647919869322, 0.8164468849403668, 0.4874181245052445, 0.7852033214625844, 0.966412436174954, 0.9454632184934535, 0.27459370351787593, 0.9701742405810041, 0.704137667465099, 0.6136084613959742, 0.47541291345050607, 0.8617675603039494, 0.4532830736687707, 0.8674701285162645, 0.05652271482930384, 0.56926112019934, 0.9239412941551246, 0.7852960010452446, 0.9597604272068869, 0.8242816812765809, 0.4966154218075377, 0.8437436803649183, 0.6359084461047401, 0.7146371215272531, 0.3028445555596091, 0.9564858256116826, 0.933792626439619, 0.6548411535201878, 0.6567079107412255, 0.8936598047708784, 0.3723588344016272, 0.9731496374915098, 0.8250877060561935, 0.33295797590328613, 0.7259849312989834, 0.8467013377193615, 0.9747348871931607, 0.9016204944152904, 0.3538483266922394, 0.8712420862261012, 0.40463236212571363, 0.8950975704668354, 0.6625836567958905, 0.461329065338275, 0.0864718984572822, 0.9176516704321582, 0.7900451252092993, 0.5135793600096521, 0.3902680246863285, 0.9686198599811506, 0.267125262228119, 0.8732384114905725, 0.6549057600812135, 0.7706648767181559, 0.907558018935852, 0.8642224065245785, 1.0, 0.5588208186817714, 0.9157728873149173, 0.5452287811589471, 0.3032263387050285, 0.4329395571954886, 0.8961704370267427, 0.8497251305586286, 0.25160207241540583, 0.9714552656085744, 0.9190922894214792, 0.9732456940628658, 0.2579343193335908, 0.9654855521209342, 0.9270078518894367, 0.9128071327141931, 0.35645956062126843, 0.929140806791243, 0.8019711204854889, 0.7348529689836785, 0.3532301871931892, 0.7095682285794078, 0.5864458370254797, 0.687542465552887, 0.9469672199403614, 0.5587912679655723, 0.05987019451564787, 0.9045428117910574, 0.8807613352737074, 0.9590732370227437, 0.6912905988814966, 0.8230038183585568, 0.758430840370558, 0.9685698290675941, 0.3478242508876328, 0.9427008679312978, 0.9582017829875438, 0.7141494776867402, 0.3752162382299256, 0.36699751861042185, 0.8055864673667326, 0.5483926640221752, 0.8905074545882428, 0.37333812510379816, 0.9117475844136459, 0.9574268827758958, 0.96804234407929, 0.9409121125706139, 0.36168412495357327, 0.7270998991360063, 0.9296835011666059, 0.5831646260551463, 0.9399257675249202, 0.9205724657465093, 0.8122136254293291, 0.9498733743967636, 0.9714834981320903, 0.7488923610303595, 0.8728375908477501, 0.2973434798199742, 0.9526474078906453, 0.7657538252330831, 0.796166197021682, 0.4628959302474374, 0.587190039861028, 0.8804232565396799, 0.8896531297074333, 0.8391509636324979, 0.6660430299303881, 0.8706185368039248, 0.9078336364448021, 0.8664855589488811, 0.9417139803454657, 0.8687207744628378, 0.7622920646318728, 0.38167413960632135, 0.576816427634421, 0.5564171303161877, 0.5763413299251462, 0.8698366814058456, 0.9508336769881993, 0.9860013241305441, 0.9819992034986089, 0.9758294505908078, 0.9166795416411146, 0.6008587815258186, 0.8596555865506181, 0.9788598843598264, 0.8270021204349962, 0.5259210844305199, 0.9147216328473461, 0.8190595233656908, 0.3559429663587866]
Finish training and take 30m
