Namespace(log_name='./RQ5/python_500/1_codet5p_220m.log', model_name='Salesforce/codet5p-220m', lang='python', output_dir='RQ5/python_500/1_codet5p_220m', data_dir='./data/RQ5/python_500_1', no_cuda=False, visible_gpu='0', num_train_epochs=10, num_test_epochs=1, train_batch_size=4, eval_batch_size=2, gradient_accumulation_steps=1, load_model_path=None, config_name='', tokenizer_name='', max_source_length=512, max_target_length=512, warm_up_ratio=0.1, do_train=True, do_eval=True, do_test=True, freeze=False, learning_rate=5e-05, beam_size=10, weight_decay=0.0, adam_epsilon=1e-08, local_rank=-1, seed=42, early_stop_threshold=3)
Process rank: -1, device: cuda, n_gpu: 1, distributed training: False
Model created!!
[[{'text': 'class DatetimeIndexOpsMixin(ExtensionIndex):              return (lhs_mask & rhs_mask).nonzero()[0]      __add__ = make_wrapped_arith_op("__add__")', 'loss_ids': 0, 'shortenable_ids': 1}, {'text': '<mask>', 'loss_ids': 1, 'shortenable_ids': 0}, {'text': '', 'loss_ids': 0, 'shortenable_ids': 0}], {'guid': 0, 'tgt_text': 'class DatetimeIndexOpsMixin(ExtensionIndex):              return (lhs_mask & rhs_mask).nonzero()[0]     @Appender(Index.get_indexer_non_unique.__doc__)     def get_indexer_non_unique(self, target):         target = ensure_index(target)         pself, ptarget = self._maybe_promote(target)         if pself is not self or ptarget is not target:             return pself.get_indexer_non_unique(ptarget)         if not self._is_comparable_dtype(target.dtype):             no_matches = -1 * np.ones(self.shape, dtype=np.intp)             return no_matches, no_matches         tgt_values = target.asi8         indexer, missing = self._engine.get_indexer_non_unique(tgt_values)         return ensure_platform_int(indexer), missing      __add__ = make_wrapped_arith_op("__add__")'}]
***** Running training *****
  Num examples = 500
  Batch size = 4
  Num epoch = 10

***** Running evaluation *****
  Num examples = 104
  Batch size = 2
  epoch = 0
  eval_ppl = inf
  global_step = 126
  train_loss = 63.3155
  ********************
Previous best ppl:inf
Achieve Best ppl:inf
  ********************
BLEU file: ./data/RQ5/python_500_1/validation.jsonl
  codebleu-4 = 73.1 	 Previous best codebleu 0
  ********************
 Achieve Best bleu:73.1
  ********************

***** Running evaluation *****
  Num examples = 104
  Batch size = 2
  epoch = 1
  eval_ppl = inf
  global_step = 251
  train_loss = 40.885
  ********************
Previous best ppl:inf
BLEU file: ./data/RQ5/python_500_1/validation.jsonl
  codebleu-4 = 75.1 	 Previous best codebleu 73.1
  ********************
 Achieve Best bleu:75.1
  ********************

***** Running evaluation *****
  Num examples = 104
  Batch size = 2
  epoch = 2
  eval_ppl = inf
  global_step = 376
  train_loss = 26.6965
  ********************
Previous best ppl:inf
BLEU file: ./data/RQ5/python_500_1/validation.jsonl
  codebleu-4 = 75.56 	 Previous best codebleu 75.1
  ********************
 Achieve Best bleu:75.56
  ********************

***** Running evaluation *****
  Num examples = 104
  Batch size = 2
  epoch = 3
  eval_ppl = inf
  global_step = 501
  train_loss = 18.3202
  ********************
Previous best ppl:inf
BLEU file: ./data/RQ5/python_500_1/validation.jsonl
  codebleu-4 = 76.84 	 Previous best codebleu 75.56
  ********************
 Achieve Best bleu:76.84
  ********************

***** Running evaluation *****
  Num examples = 104
  Batch size = 2
  epoch = 4
  eval_ppl = inf
  global_step = 626
  train_loss = 12.4927
  ********************
Previous best ppl:inf
BLEU file: ./data/RQ5/python_500_1/validation.jsonl
  codebleu-4 = 76.63 	 Previous best codebleu 76.84
  ********************

***** Running evaluation *****
  Num examples = 104
  Batch size = 2
  epoch = 5
  eval_ppl = inf
  global_step = 751
  train_loss = 8.7662
  ********************
Previous best ppl:inf
BLEU file: ./data/RQ5/python_500_1/validation.jsonl
  codebleu-4 = 76.07 	 Previous best codebleu 76.84
  ********************

***** Running evaluation *****
  Num examples = 104
  Batch size = 2
  epoch = 6
  eval_ppl = inf
  global_step = 876
  train_loss = 6.4208
  ********************
Previous best ppl:inf
BLEU file: ./data/RQ5/python_500_1/validation.jsonl
  codebleu-4 = 76.99 	 Previous best codebleu 76.84
  ********************
 Achieve Best bleu:76.99
  ********************

***** Running evaluation *****
  Num examples = 104
  Batch size = 2
  epoch = 7
  eval_ppl = inf
  global_step = 1001
  train_loss = 4.8421
  ********************
Previous best ppl:inf
BLEU file: ./data/RQ5/python_500_1/validation.jsonl
  codebleu-4 = 76.37 	 Previous best codebleu 76.99
  ********************

***** Running evaluation *****
  Num examples = 104
  Batch size = 2
  epoch = 8
  eval_ppl = inf
  global_step = 1126
  train_loss = 3.793
  ********************
Previous best ppl:inf
BLEU file: ./data/RQ5/python_500_1/validation.jsonl
  codebleu-4 = 76.55 	 Previous best codebleu 76.99
  ********************

***** Running evaluation *****
  Num examples = 104
  Batch size = 2
  epoch = 9
  eval_ppl = inf
  global_step = 1251
  train_loss = 3.3663
  ********************
Previous best ppl:inf
BLEU file: ./data/RQ5/python_500_1/validation.jsonl
  codebleu-4 = 76.32 	 Previous best codebleu 76.99
  ********************
early stopping!!!
reload model from RQ5/python_500/1_codet5p_220m/checkpoint-best-bleu
BLEU file: ./data/RQ5/python_500_1/test.jsonl
  codebleu = 77.62 
  Total = 113 
  Exact Fixed = 15 
[24, 28, 30, 43, 52, 53, 60, 68, 70, 73, 89, 98, 102, 103, 108]
  Syntax Fixed = 0 
[]
  Cleaned Fixed = 0 
[]
  ********************
  Total = 113 
  Exact Fixed = 15 
[24, 28, 30, 43, 52, 53, 60, 68, 70, 73, 89, 98, 102, 103, 108]
  Syntax Fixed = 0 
[]
  Cleaned Fixed = 0 
[]
  codebleu = 77.62 
[0.646212077235385, 0.8505702153233261, 0.6601281703247908, 0.35510131369385844, 0.8052050509144788, 0.9411542454583528, 0.8753086020037879, 0.7953063269679879, 0.5222629135218828, 0.68965030200429, 0.7714650156104186, 0.7398658182365634, 0.8475864225311183, 0.7768711691119308, 0.6883720951974961, 0.8971695160234401, 0.8856389378075658, 0.6947304788566451, 0.7443181170763433, 0.8884573785188872, 0.7811422794173712, 0.583933634540305, 0.9204219587780458, 1.0, 0.8118533044411296, 0.6508693332230462, 0.4545507520171642, 1.0, 0.6853803599169206, 1.0, 0.8754092712592991, 0.8808919461147899, 0.7420541780659815, 0.8016560738418288, 0.8962096929024133, 0.8773104352365284, 0.8703246706459902, 0.7507982187182929, 0.9142445273649933, 0.7093853536262804, 0.6771818090868185, 0.5528105870541823, 1.0, 0.4740532618616287, 0.39686614731832626, 0.7955058829587638, 0.8077895563342797, 0.8782734899756608, 0.549916846856608, 0.5435902863665096, 0.9309470682699423, 1.0, 0.8653356903807421, 0.5911195501972704, 0.8022604263379136, 0.5117566728908322, 0.8923125000332248, 0.6939112308588368, 0.7042953619649426, 1.0, 0.845087053073633, 0.20867343826082332, 0.6015783610510216, 0.5037077119806818, 0.8475332565755729, 0.7153745386283232, 0.7531797171538064, 1.0, 0.6441425627537012, 1.0, 0.6439391185600173, 0.3031200238102166, 1.0, 0.676525822803221, 0.6675881054170294, 0.49150427670545643, 0.8096114788906146, 0.9056583090096291, 0.7449734989717058, 0.8912022993575596, 0.8727790091136098, 0.7318286091585733, 0.7738279988463377, 0.8358395384567638, 0.884250182279102, 0.7164493834577911, 0.8573638305228279, 0.7332519354895861, 0.949504537888815, 0.9178662308912058, 0.8814955038434287, 0.8346354401872718, 0.7681899150975824, 0.8736270526063763, 0.782053171927164, 0.8934863054803268, 0.8789801838086921, 1.0, 0.7884485258508804, 0.8385834949297515, 0.7225931341121177, 1.0, 0.9399649879642329, 0.610067068626702, 0.6907650897406862, 0.8631855387221548, 0.621240758456996, 1.0, 0.7243849758480987, 0.9246350539097654, 0.9046292183049148, 0.7669617847742995, 0.9244980214694567]
Finish training and take 29m
