Namespace(log_name='./RQ5/python_500/2_codet5p_220m.log', model_name='Salesforce/codet5p-220m', lang='python', output_dir='RQ5/python_500/2_codet5p_220m', data_dir='./data/RQ5/python_500_2', no_cuda=False, visible_gpu='0', num_train_epochs=10, num_test_epochs=1, train_batch_size=4, eval_batch_size=2, gradient_accumulation_steps=1, load_model_path=None, config_name='', tokenizer_name='', max_source_length=512, max_target_length=512, warm_up_ratio=0.1, do_train=True, do_eval=True, do_test=True, freeze=False, learning_rate=5e-05, beam_size=10, weight_decay=0.0, adam_epsilon=1e-08, local_rank=-1, seed=42, early_stop_threshold=3)
Process rank: -1, device: cuda, n_gpu: 1, distributed training: False
Model created!!
[[{'text': "def levenshtein(source, target):     if source == '' or target == '':         return len(source) or len(target)     elif source[0] == target[0]:         return 1 + levenshtein(source[1:], target[1:])     else:         return 1 + min(             levenshtein(source,     target[1:]),             levenshtein(source[1:], target[1:]),             levenshtein(source[1:], target)         )", 'loss_ids': 0, 'shortenable_ids': 1}, {'text': '<mask>', 'loss_ids': 1, 'shortenable_ids': 0}, {'text': '', 'loss_ids': 0, 'shortenable_ids': 0}], {'guid': 0, 'tgt_text': "def levenshtein(source, target):     if source == '' or target == '':         return len(source) or len(target)     elif source[0] == target[0]:         return levenshtein(source[1:], target[1:])     else:         return 1 + min(             levenshtein(source,     target[1:]),             levenshtein(source[1:], target[1:]),             levenshtein(source[1:], target)         )"}]
***** Running training *****
  Num examples = 500
  Batch size = 4
  Num epoch = 10

***** Running evaluation *****
  Num examples = 104
  Batch size = 2
  epoch = 0
  eval_ppl = inf
  global_step = 126
  train_loss = 68.7913
  ********************
Previous best ppl:inf
Achieve Best ppl:inf
  ********************
BLEU file: ./data/RQ5/python_500_2/validation.jsonl
  codebleu-4 = 73.25 	 Previous best codebleu 0
  ********************
 Achieve Best bleu:73.25
  ********************

***** Running evaluation *****
  Num examples = 104
  Batch size = 2
  epoch = 1
  eval_ppl = inf
  global_step = 251
  train_loss = 44.899
  ********************
Previous best ppl:inf
BLEU file: ./data/RQ5/python_500_2/validation.jsonl
  codebleu-4 = 75.8 	 Previous best codebleu 73.25
  ********************
 Achieve Best bleu:75.8
  ********************

***** Running evaluation *****
  Num examples = 104
  Batch size = 2
  epoch = 2
  eval_ppl = inf
  global_step = 376
  train_loss = 29.7714
  ********************
Previous best ppl:inf
BLEU file: ./data/RQ5/python_500_2/validation.jsonl
  codebleu-4 = 76.44 	 Previous best codebleu 75.8
  ********************
 Achieve Best bleu:76.44
  ********************

***** Running evaluation *****
  Num examples = 104
  Batch size = 2
  epoch = 3
  eval_ppl = inf
  global_step = 501
  train_loss = 20.6193
  ********************
Previous best ppl:inf
BLEU file: ./data/RQ5/python_500_2/validation.jsonl
  codebleu-4 = 75.77 	 Previous best codebleu 76.44
  ********************

***** Running evaluation *****
  Num examples = 104
  Batch size = 2
  epoch = 4
  eval_ppl = inf
  global_step = 626
  train_loss = 13.9997
  ********************
Previous best ppl:inf
BLEU file: ./data/RQ5/python_500_2/validation.jsonl
  codebleu-4 = 77.61 	 Previous best codebleu 76.44
  ********************
 Achieve Best bleu:77.61
  ********************

***** Running evaluation *****
  Num examples = 104
  Batch size = 2
  epoch = 5
  eval_ppl = inf
  global_step = 751
  train_loss = 10.0884
  ********************
Previous best ppl:inf
BLEU file: ./data/RQ5/python_500_2/validation.jsonl
  codebleu-4 = 77.24 	 Previous best codebleu 77.61
  ********************

***** Running evaluation *****
  Num examples = 104
  Batch size = 2
  epoch = 6
  eval_ppl = inf
  global_step = 876
  train_loss = 7.1669
  ********************
Previous best ppl:inf
BLEU file: ./data/RQ5/python_500_2/validation.jsonl
  codebleu-4 = 76.22 	 Previous best codebleu 77.61
  ********************

***** Running evaluation *****
  Num examples = 104
  Batch size = 2
  epoch = 7
  eval_ppl = inf
  global_step = 1001
  train_loss = 5.2895
  ********************
Previous best ppl:inf
BLEU file: ./data/RQ5/python_500_2/validation.jsonl
  codebleu-4 = 76.68 	 Previous best codebleu 77.61
  ********************
early stopping!!!
reload model from RQ5/python_500/2_codet5p_220m/checkpoint-best-bleu
BLEU file: ./data/RQ5/python_500_2/test.jsonl
  codebleu = 76.83 
  Total = 113 
  Exact Fixed = 12 
[7, 24, 28, 30, 57, 68, 86, 92, 98, 102, 103, 107]
  Syntax Fixed = 1 
[65]
  Cleaned Fixed = 0 
[]
  ********************
  Total = 113 
  Exact Fixed = 12 
[7, 24, 28, 30, 57, 68, 86, 92, 98, 102, 103, 107]
  Syntax Fixed = 1 
[65]
  Cleaned Fixed = 0 
[]
  codebleu = 76.83 
[0.6728230800934798, 0.6428525929504763, 0.6601281703247908, 0.47166395418323315, 0.3103952347394923, 0.9411542454583528, 1.0, 0.8300638244826566, 0.5233952071661734, 0.7953587603777192, 0.7714650156104186, 0.8068413656728535, 0.8475864225311183, 0.7768711691119308, 0.6883720951974961, 0.8971695160234401, 0.8856389378075658, 0.6650262491938295, 0.7443181170763433, 0.8884573785188872, 0.7811422794173712, 0.583933634540305, 0.9204219587780458, 1.0, 0.8234479137638847, 0.6508693332230462, 0.4545507520171642, 1.0, 0.6853803599169206, 1.0, 0.2779874862849717, 0.8808919461147899, 0.7420541780659815, 0.8231560738418289, 0.8962096929024133, 0.8773104352365284, 0.8703246706459902, 0.7507982187182929, 0.9142445273649933, 0.7093853536262804, 0.788050295413492, 0.7572098935987482, 0.8548397899287874, 0.4740532618616287, 0.39686614731832626, 0.7715012035371895, 0.8077895563342797, 0.8782734899756608, 0.549916846856608, 0.7205089220380079, 0.9309470682699423, 0.6936151101164227, 0.7585846389475988, 0.5911195501972704, 0.8362747318435784, 0.5117566728908322, 0.9847962409659572, 0.6939112308588368, 0.7042953619649426, 0.860117164263619, 0.845087053073633, 0.2599906717142791, 0.6026966865919932, 0.5037077119806818, 0.947533256575573, 0.7672847600751869, 0.7531797171538064, 1.0, 0.6441425627537012, 0.5750974938187585, 0.6439391185600173, 0.3031200238102166, 0.9472873156881443, 0.676525822803221, 0.6675881054170294, 0.49150427670545643, 0.6941121750071311, 0.9056583090096291, 0.7449734989717058, 0.8912022993575596, 0.6174476289010351, 0.6186663764939699, 0.7738279988463377, 0.8358395384567638, 0.884250182279102, 1.0, 0.8573638305228279, 0.7332519354895861, 0.8086254987195756, 0.9178662308912058, 0.8892666294877403, 1.0, 0.8594942629236695, 0.8736270526063763, 0.782053171927164, 0.8934863054803268, 0.8789801838086921, 1.0, 0.7884485258508804, 0.8385834949297515, 0.7225931341121177, 1.0, 0.9399649879642329, 0.610067068626702, 0.8300101016746005, 0.8631855387221548, 1.0, 0.8611544762176193, 0.7243849758480987, 0.9246350539097654, 0.9046292183049148, 0.7669617847742995, 0.9244980214694567]
Finish training and take 23m
