Namespace(log_name='./RQ5/python_500/f1_codet5p_220m.log', model_name='Salesforce/codet5p-220m', lang='python', output_dir='RQ5/python_500/f1_codet5p_220m', data_dir='./data/RQ5/python_500_1', no_cuda=False, visible_gpu='0', add_task_prefix=False, add_lang_ids=False, num_train_epochs=10, num_test_epochs=10, train_batch_size=8, eval_batch_size=8, gradient_accumulation_steps=2, load_model_path=None, config_name='', tokenizer_name='', max_source_length=128, max_target_length=128, warm_up_ratio=0.1, do_train=True, do_eval=True, do_test=True, do_lower_case=False, learning_rate=5e-05, beam_size=10, weight_decay=0.0, adam_epsilon=1e-08, max_grad_norm=1.0, max_steps=-1, eval_steps=-1, train_steps=-1, local_rank=-1, seed=42, early_stop_threshold=3)
Process rank: -1, device: cuda, n_gpu: 1, distributed training: False, model_name: Salesforce/codet5p-220m
model created!
Total 500 training instances 
***** Running training *****
  Num examples = 500
  Batch size = 8
  Num epoch = 10

***** Running evaluation *****
  Num examples = 62
  Batch size = 8
  epoch = 0
  eval_ppl = 1.00064
  global_step = 63
  train_loss = 0.6977
  ********************
Previous best ppl:inf
Achieve Best ppl:1.00064
  ********************
BLEU file: ./data/RQ5/python_500_1/validation.jsonl
  codebleu-4 = 74.06 	 Previous best codebleu 0
  ********************
 Achieve Best bleu:74.06
  ********************

***** Running evaluation *****
  Num examples = 62
  Batch size = 8
  epoch = 1
  eval_ppl = 1.00059
  global_step = 125
  train_loss = 0.4279
  ********************
Previous best ppl:1.00064
Achieve Best ppl:1.00059
  ********************
BLEU file: ./data/RQ5/python_500_1/validation.jsonl
  codebleu-4 = 76.89 	 Previous best codebleu 74.06
  ********************
 Achieve Best bleu:76.89
  ********************

***** Running evaluation *****
  Num examples = 62
  Batch size = 8
  epoch = 2
  eval_ppl = 1.00058
  global_step = 187
  train_loss = 0.2998
  ********************
Previous best ppl:1.00059
Achieve Best ppl:1.00058
  ********************
BLEU file: ./data/RQ5/python_500_1/validation.jsonl
  codebleu-4 = 77.28 	 Previous best codebleu 76.89
  ********************
 Achieve Best bleu:77.28
  ********************

***** Running evaluation *****
  Num examples = 62
  Batch size = 8
  epoch = 3
  eval_ppl = 1.00062
  global_step = 249
  train_loss = 0.2184
  ********************
Previous best ppl:1.00058
BLEU file: ./data/RQ5/python_500_1/validation.jsonl
  codebleu-4 = 77.81 	 Previous best codebleu 77.28
  ********************
 Achieve Best bleu:77.81
  ********************

***** Running evaluation *****
  Num examples = 62
  Batch size = 8
  epoch = 4
  eval_ppl = 1.00063
  global_step = 311
  train_loss = 0.1722
  ********************
Previous best ppl:1.00058
BLEU file: ./data/RQ5/python_500_1/validation.jsonl
  codebleu-4 = 76.97 	 Previous best codebleu 77.81
  ********************

***** Running evaluation *****
  Num examples = 62
  Batch size = 8
  epoch = 5
  eval_ppl = 1.00065
  global_step = 373
  train_loss = 0.1252
  ********************
Previous best ppl:1.00058
BLEU file: ./data/RQ5/python_500_1/validation.jsonl
  codebleu-4 = 77.23 	 Previous best codebleu 77.81
  ********************

***** Running evaluation *****
  Num examples = 62
  Batch size = 8
  epoch = 6
  eval_ppl = 1.00066
  global_step = 435
  train_loss = 0.0955
  ********************
Previous best ppl:1.00058
BLEU file: ./data/RQ5/python_500_1/validation.jsonl
  codebleu-4 = 78.09 	 Previous best codebleu 77.81
  ********************
 Achieve Best bleu:78.09
  ********************

***** Running evaluation *****
  Num examples = 62
  Batch size = 8
  epoch = 7
  eval_ppl = 1.00068
  global_step = 497
  train_loss = 0.077
  ********************
Previous best ppl:1.00058
BLEU file: ./data/RQ5/python_500_1/validation.jsonl
  codebleu-4 = 78.84 	 Previous best codebleu 78.09
  ********************
 Achieve Best bleu:78.84
  ********************

***** Running evaluation *****
  Num examples = 62
  Batch size = 8
  epoch = 8
  eval_ppl = 1.0007
  global_step = 559
  train_loss = 0.0642
  ********************
Previous best ppl:1.00058
BLEU file: ./data/RQ5/python_500_1/validation.jsonl
  codebleu-4 = 78.17 	 Previous best codebleu 78.84
  ********************

***** Running evaluation *****
  Num examples = 62
  Batch size = 8
  epoch = 9
  eval_ppl = 1.00071
  global_step = 621
  train_loss = 0.0569
  ********************
Previous best ppl:1.00058
BLEU file: ./data/RQ5/python_500_1/validation.jsonl
  codebleu-4 = 77.86 	 Previous best codebleu 78.84
  ********************
reload model from RQ5/python_500/f1_codet5p_220m/checkpoint-best-bleu
BLEU file: ./data/RQ5/python_500_1/test.jsonl
  codebleu = 76.36 
  Total = 62 
  Exact Fixed = 7 
[1, 2, 13, 19, 27, 43, 62]
  Syntax Fixed = 0 
[]
  Cleaned Fixed = 0 
[]
  ********************
  Total = 62 
  Exact Fixed = 7 
[1, 2, 13, 19, 27, 43, 62]
  Syntax Fixed = 0 
[]
  Cleaned Fixed = 0 
[]
  codebleu = 76.36 
[1.0, 1.0, 0.9244980214694567, 0.6728230800934798, 0.7420541780659815, 0.9342614842063854, 0.7953587603777192, 0.891471971382207, 0.7572098935987482, 0.5037077119806818, 0.6439391185600173, 0.8773104352365284, 0.8653356903807421, 0.39686614731832626, 0.9085800872774439, 0.4565081662496289, 0.8962096929024133, 0.5117566728908322, 1.0, 0.5571314709024371, 0.28190769836835106, 0.5614646244550034, 0.7042953619649426, 0.9178662308912058, 0.5839109438083945, 0.8727790091136098, 1.0, 0.8856389378075658, 0.878865255109752, 0.4500690462517839, 0.7032270811112566, 0.9056583090096291, 0.7504067254288294, 0.9472873156881443, 0.631282340524122, 0.8016560738418288, 0.676525822803221, 0.8358395384567638, 0.9520492217298435, 0.9142445273649933, 0.7093853536262804, 0.8631855387221548, 1.0, 0.8912022993575596, 0.8673208349360431, 0.8782734899756608, 0.6441425627537012, 0.4740532618616287, 0.8884573785188872, 0.8052050509144788, 0.8362747318435784, 0.6383801995082642, 0.7507982187182929, 0.7564468905098681, 0.6508693332230462, 0.7520456315632097, 0.9046292183049148, 0.549916846856608, 0.6552141124632096, 0.7443181170763433, 0.49150427670545643, 1.0]
Finish training and take 7m
Namespace(log_name='./RQ5/python_500/f1_codet5p_220m.log', model_name='Salesforce/codet5p-220m', lang='python', output_dir='RQ5/python_500/f1_codet5p_220m', data_dir='./data/RQ5/python_500_1', no_cuda=False, visible_gpu='0', add_task_prefix=False, add_lang_ids=False, num_train_epochs=10, num_test_epochs=10, train_batch_size=8, eval_batch_size=8, gradient_accumulation_steps=2, load_model_path=None, config_name='', tokenizer_name='', max_source_length=128, max_target_length=128, warm_up_ratio=0.1, do_train=True, do_eval=True, do_test=True, do_lower_case=False, learning_rate=5e-05, beam_size=10, weight_decay=0.0, adam_epsilon=1e-08, max_grad_norm=1.0, max_steps=-1, eval_steps=-1, train_steps=-1, local_rank=-1, seed=42, early_stop_threshold=3)
Process rank: -1, device: cuda, n_gpu: 1, distributed training: False, model_name: Salesforce/codet5p-220m
model created!
Total 500 training instances 
***** Running training *****
  Num examples = 500
  Batch size = 8
  Num epoch = 10

***** Running evaluation *****
  Num examples = 103
  Batch size = 8
  epoch = 0
  eval_ppl = 1.00063
  global_step = 63
  train_loss = 0.6977
  ********************
Previous best ppl:inf
Achieve Best ppl:1.00063
  ********************
BLEU file: ./data/RQ5/python_500_1/validation.jsonl
  codebleu-4 = 72.29 	 Previous best codebleu 0
  ********************
 Achieve Best bleu:72.29
  ********************

***** Running evaluation *****
  Num examples = 103
  Batch size = 8
  epoch = 1
  eval_ppl = 1.00057
  global_step = 125
  train_loss = 0.4279
  ********************
Previous best ppl:1.00063
Achieve Best ppl:1.00057
  ********************
BLEU file: ./data/RQ5/python_500_1/validation.jsonl
  codebleu-4 = 75.13 	 Previous best codebleu 72.29
  ********************
 Achieve Best bleu:75.13
  ********************

***** Running evaluation *****
  Num examples = 103
  Batch size = 8
  epoch = 2
  eval_ppl = 1.00056
  global_step = 187
  train_loss = 0.2998
  ********************
Previous best ppl:1.00057
Achieve Best ppl:1.00056
  ********************
BLEU file: ./data/RQ5/python_500_1/validation.jsonl
  codebleu-4 = 75.34 	 Previous best codebleu 75.13
  ********************
 Achieve Best bleu:75.34
  ********************

***** Running evaluation *****
  Num examples = 103
  Batch size = 8
  epoch = 3
  eval_ppl = 1.0006
  global_step = 249
  train_loss = 0.2184
  ********************
Previous best ppl:1.00056
BLEU file: ./data/RQ5/python_500_1/validation.jsonl
  codebleu-4 = 75.83 	 Previous best codebleu 75.34
  ********************
 Achieve Best bleu:75.83
  ********************

***** Running evaluation *****
  Num examples = 103
  Batch size = 8
  epoch = 4
  eval_ppl = 1.0006
  global_step = 311
  train_loss = 0.1722
  ********************
Previous best ppl:1.00056
BLEU file: ./data/RQ5/python_500_1/validation.jsonl
  codebleu-4 = 75.28 	 Previous best codebleu 75.83
  ********************

***** Running evaluation *****
  Num examples = 103
  Batch size = 8
  epoch = 5
  eval_ppl = 1.00062
  global_step = 373
  train_loss = 0.1252
  ********************
Previous best ppl:1.00056
BLEU file: ./data/RQ5/python_500_1/validation.jsonl
  codebleu-4 = 75.36 	 Previous best codebleu 75.83
  ********************

***** Running evaluation *****
  Num examples = 103
  Batch size = 8
  epoch = 6
  eval_ppl = 1.00063
  global_step = 435
  train_loss = 0.0955
  ********************
Previous best ppl:1.00056
BLEU file: ./data/RQ5/python_500_1/validation.jsonl
  codebleu-4 = 75.54 	 Previous best codebleu 75.83
  ********************
reload model from RQ5/python_500/f1_codet5p_220m/checkpoint-best-bleu
BLEU file: ./data/RQ5/python_500_1/test.jsonl
  codebleu = 76.77 
  Total = 113 
  Exact Fixed = 4 
[24, 68, 86, 98]
  Syntax Fixed = 1 
[60]
  Cleaned Fixed = 0 
[]
  ********************
  Total = 113 
  Exact Fixed = 4 
[24, 68, 86, 98]
  Syntax Fixed = 1 
[60]
  Cleaned Fixed = 0 
[]
  codebleu = 76.77 
[0.6728230800934798, 0.8834124216164225, 0.7504067254288294, 0.47166395418323315, 0.8052050509144788, 0.9411542454583528, 0.8674433454759134, 0.8300638244826566, 0.5571314709024371, 0.7953587603777192, 0.7714650156104186, 0.8068413656728535, 0.8475864225311183, 0.7768711691119308, 0.6883720951974961, 0.8673208349360431, 0.8856389378075658, 0.6413921957402942, 0.7443181170763433, 0.8884573785188872, 0.7811422794173712, 0.7520456315632097, 0.9204219587780458, 1.0, 0.8234479137638847, 0.6508693332230462, 0.4545507520171642, 0.7711221670600811, 0.5499511269976272, 0.568803606953774, 0.7896354401872717, 0.8808919461147899, 0.7420541780659815, 0.8231560738418289, 0.8962096929024133, 0.8773104352365284, 0.8744879458107344, 0.7507982187182929, 0.9142445273649933, 0.7093853536262804, 0.788050295413492, 0.7572098935987482, 0.8548397899287874, 0.4740532618616287, 0.40416318265882883, 0.7715012035371895, 0.8077895563342797, 0.8345805211627153, 0.549916846856608, 0.7205089220380079, 0.875742171737271, 0.7549669674736412, 0.7585846389475988, 0.5911195501972704, 0.8362747318435784, 0.5117566728908322, 0.908481856223389, 0.6552141124632096, 0.7042953619649426, 0.9441518237028776, 0.845087053073633, 0.2984139180188514, 0.6356257812621184, 0.5037077119806818, 0.8475332565755729, 0.7042112674690282, 0.7501295440364866, 1.0, 0.6441425627537012, 0.5750974938187585, 0.6439391185600173, 0.2693202213444841, 0.9472873156881443, 0.676525822803221, 0.6675881054170294, 0.49150427670545643, 0.8096114788906146, 0.9056583090096291, 0.7449734989717058, 0.8912022993575596, 0.8727790091136098, 0.7318286091585733, 0.7738279988463377, 0.8358395384567638, 0.884250182279102, 1.0, 0.8573638305228279, 0.7332519354895861, 0.8627606169106636, 0.9178662308912058, 0.8282346736174131, 0.8021170040829606, 0.8594942629236695, 0.891471971382207, 0.782053171927164, 0.7564468905098681, 0.8789801838086921, 1.0, 0.8634090336969251, 0.8385834949297515, 0.7225931341121177, 0.878865255109752, 0.8634909714645118, 0.5060250431836375, 0.8300101016746005, 0.8631855387221548, 0.621240758456996, 0.8611544762176193, 0.7243849758480987, 0.9342614842063854, 0.9046292183049148, 0.7669617847742995, 0.9244980214694567]
Finish training and take 8m
