Namespace(log_name='./RQ5/python_500/f2_codet5p_220m.log', model_name='Salesforce/codet5p-220m', lang='python', output_dir='RQ5/python_500/f2_codet5p_220m', data_dir='./data/RQ5/python_500_2', no_cuda=False, visible_gpu='0', add_task_prefix=False, add_lang_ids=False, num_train_epochs=10, num_test_epochs=10, train_batch_size=8, eval_batch_size=8, gradient_accumulation_steps=2, load_model_path=None, config_name='', tokenizer_name='', max_source_length=128, max_target_length=128, warm_up_ratio=0.1, do_train=True, do_eval=True, do_test=True, do_lower_case=False, learning_rate=5e-05, beam_size=10, weight_decay=0.0, adam_epsilon=1e-08, max_grad_norm=1.0, max_steps=-1, eval_steps=-1, train_steps=-1, local_rank=-1, seed=42, early_stop_threshold=3)
Process rank: -1, device: cuda, n_gpu: 1, distributed training: False, model_name: Salesforce/codet5p-220m
model created!
Total 500 training instances 
***** Running training *****
  Num examples = 500
  Batch size = 8
  Num epoch = 10

***** Running evaluation *****
  Num examples = 62
  Batch size = 8
  epoch = 0
  eval_ppl = 1.00057
  global_step = 63
  train_loss = 0.7436
  ********************
Previous best ppl:inf
Achieve Best ppl:1.00057
  ********************
BLEU file: ./data/RQ5/python_500_2/validation.jsonl
  codebleu-4 = 72.24 	 Previous best codebleu 0
  ********************
 Achieve Best bleu:72.24
  ********************

***** Running evaluation *****
  Num examples = 62
  Batch size = 8
  epoch = 1
  eval_ppl = 1.0005
  global_step = 125
  train_loss = 0.4525
  ********************
Previous best ppl:1.00057
Achieve Best ppl:1.0005
  ********************
BLEU file: ./data/RQ5/python_500_2/validation.jsonl
  codebleu-4 = 74.31 	 Previous best codebleu 72.24
  ********************
 Achieve Best bleu:74.31
  ********************

***** Running evaluation *****
  Num examples = 62
  Batch size = 8
  epoch = 2
  eval_ppl = 1.00048
  global_step = 187
  train_loss = 0.3249
  ********************
Previous best ppl:1.0005
Achieve Best ppl:1.00048
  ********************
BLEU file: ./data/RQ5/python_500_2/validation.jsonl
  codebleu-4 = 75.41 	 Previous best codebleu 74.31
  ********************
 Achieve Best bleu:75.41
  ********************

***** Running evaluation *****
  Num examples = 62
  Batch size = 8
  epoch = 3
  eval_ppl = 1.00049
  global_step = 249
  train_loss = 0.2372
  ********************
Previous best ppl:1.00048
BLEU file: ./data/RQ5/python_500_2/validation.jsonl
  codebleu-4 = 75.99 	 Previous best codebleu 75.41
  ********************
 Achieve Best bleu:75.99
  ********************

***** Running evaluation *****
  Num examples = 62
  Batch size = 8
  epoch = 4
  eval_ppl = 1.00051
  global_step = 311
  train_loss = 0.1744
  ********************
Previous best ppl:1.00048
BLEU file: ./data/RQ5/python_500_2/validation.jsonl
  codebleu-4 = 77.35 	 Previous best codebleu 75.99
  ********************
 Achieve Best bleu:77.35
  ********************

***** Running evaluation *****
  Num examples = 62
  Batch size = 8
  epoch = 5
  eval_ppl = 1.00051
  global_step = 373
  train_loss = 0.1377
  ********************
Previous best ppl:1.00048
BLEU file: ./data/RQ5/python_500_2/validation.jsonl
  codebleu-4 = 77.8 	 Previous best codebleu 77.35
  ********************
 Achieve Best bleu:77.8
  ********************

***** Running evaluation *****
  Num examples = 62
  Batch size = 8
  epoch = 6
  eval_ppl = 1.00052
  global_step = 435
  train_loss = 0.1234
  ********************
Previous best ppl:1.00048
BLEU file: ./data/RQ5/python_500_2/validation.jsonl
  codebleu-4 = 76.97 	 Previous best codebleu 77.8
  ********************

***** Running evaluation *****
  Num examples = 62
  Batch size = 8
  epoch = 7
  eval_ppl = 1.00054
  global_step = 497
  train_loss = 0.0909
  ********************
Previous best ppl:1.00048
BLEU file: ./data/RQ5/python_500_2/validation.jsonl
  codebleu-4 = 77.24 	 Previous best codebleu 77.8
  ********************

***** Running evaluation *****
  Num examples = 62
  Batch size = 8
  epoch = 8
  eval_ppl = 1.00056
  global_step = 559
  train_loss = 0.0781
  ********************
Previous best ppl:1.00048
BLEU file: ./data/RQ5/python_500_2/validation.jsonl
  codebleu-4 = 77.7 	 Previous best codebleu 77.8
  ********************
reload model from RQ5/python_500/f2_codet5p_220m/checkpoint-best-bleu
BLEU file: ./data/RQ5/python_500_2/test.jsonl
  codebleu = 78.63 
  Total = 62 
  Exact Fixed = 4 
[1, 24, 58, 62]
  Syntax Fixed = 0 
[]
  Cleaned Fixed = 0 
[]
  ********************
  Total = 62 
  Exact Fixed = 4 
[1, 24, 58, 62]
  Syntax Fixed = 0 
[]
  Cleaned Fixed = 0 
[]
  codebleu = 78.63 
[1.0, 0.8912022993575596, 0.8022604263379136, 0.8808919461147899, 0.8787798147315558, 0.8231560738418289, 0.7443181170763433, 0.7896354401872717, 0.7449734989717058, 0.8673208349360431, 0.8727790091136098, 0.9520492217298435, 0.303782693297894, 0.8091778608118214, 0.7715012035371895, 0.6552141124632096, 0.5911195501972704, 0.9244980214694567, 0.9046292183049148, 0.7332519354895861, 0.6487795790095106, 0.49150427670545643, 0.9085800872774439, 1.0, 0.8782734899756608, 0.5037077119806818, 0.8548397899287874, 0.68965030200429, 0.6664081685767965, 0.7768711691119308, 0.7714650156104186, 0.7225931341121177, 0.8744879458107344, 0.8300638244826566, 0.29667420303946807, 0.9142445273649933, 0.8789801838086921, 0.5060250431836375, 0.8282346736174131, 0.875742171737271, 0.7811422794173712, 0.7520456315632097, 0.9056583090096291, 0.6728230800934798, 0.47166395418323315, 0.7585846389475988, 0.8773104352365284, 0.8962096929024133, 0.7381684490594698, 0.884250182279102, 0.9472873156881443, 0.8634090336969251, 0.8475332565755729, 0.7669617847742995, 0.6441425627537012, 0.8068413656728535, 0.7504067254288294, 1.0, 0.9178662308912058, 0.7501295440364866, 0.8631855387221548, 1.0]
Finish training and take 6m
Namespace(log_name='./RQ5/python_500/f2_codet5p_220m.log', model_name='Salesforce/codet5p-220m', lang='python', output_dir='RQ5/python_500/f2_codet5p_220m', data_dir='./data/RQ5/python_500_2', no_cuda=False, visible_gpu='0', add_task_prefix=False, add_lang_ids=False, num_train_epochs=10, num_test_epochs=10, train_batch_size=8, eval_batch_size=8, gradient_accumulation_steps=2, load_model_path=None, config_name='', tokenizer_name='', max_source_length=128, max_target_length=128, warm_up_ratio=0.1, do_train=True, do_eval=True, do_test=True, do_lower_case=False, learning_rate=5e-05, beam_size=10, weight_decay=0.0, adam_epsilon=1e-08, max_grad_norm=1.0, max_steps=-1, eval_steps=-1, train_steps=-1, local_rank=-1, seed=42, early_stop_threshold=3)
Process rank: -1, device: cuda, n_gpu: 1, distributed training: False, model_name: Salesforce/codet5p-220m
model created!
Total 500 training instances 
***** Running training *****
  Num examples = 500
  Batch size = 8
  Num epoch = 10

***** Running evaluation *****
  Num examples = 103
  Batch size = 8
  epoch = 0
  eval_ppl = 1.00061
  global_step = 63
  train_loss = 0.7436
  ********************
Previous best ppl:inf
Achieve Best ppl:1.00061
  ********************
BLEU file: ./data/RQ5/python_500_2/validation.jsonl
  codebleu-4 = 73.28 	 Previous best codebleu 0
  ********************
 Achieve Best bleu:73.28
  ********************

***** Running evaluation *****
  Num examples = 103
  Batch size = 8
  epoch = 1
  eval_ppl = 1.00056
  global_step = 125
  train_loss = 0.4525
  ********************
Previous best ppl:1.00061
Achieve Best ppl:1.00056
  ********************
BLEU file: ./data/RQ5/python_500_2/validation.jsonl
  codebleu-4 = 74.64 	 Previous best codebleu 73.28
  ********************
 Achieve Best bleu:74.64
  ********************

***** Running evaluation *****
  Num examples = 103
  Batch size = 8
  epoch = 2
  eval_ppl = 1.00055
  global_step = 187
  train_loss = 0.3249
  ********************
Previous best ppl:1.00056
Achieve Best ppl:1.00055
  ********************
BLEU file: ./data/RQ5/python_500_2/validation.jsonl
  codebleu-4 = 75.44 	 Previous best codebleu 74.64
  ********************
 Achieve Best bleu:75.44
  ********************

***** Running evaluation *****
  Num examples = 103
  Batch size = 8
  epoch = 3
  eval_ppl = 1.00057
  global_step = 249
  train_loss = 0.2372
  ********************
Previous best ppl:1.00055
BLEU file: ./data/RQ5/python_500_2/validation.jsonl
  codebleu-4 = 75.98 	 Previous best codebleu 75.44
  ********************
 Achieve Best bleu:75.98
  ********************

***** Running evaluation *****
  Num examples = 103
  Batch size = 8
  epoch = 4
  eval_ppl = 1.0006
  global_step = 311
  train_loss = 0.1744
  ********************
Previous best ppl:1.00055
BLEU file: ./data/RQ5/python_500_2/validation.jsonl
  codebleu-4 = 76.68 	 Previous best codebleu 75.98
  ********************
 Achieve Best bleu:76.68
  ********************

***** Running evaluation *****
  Num examples = 103
  Batch size = 8
  epoch = 5
  eval_ppl = 1.00061
  global_step = 373
  train_loss = 0.1377
  ********************
Previous best ppl:1.00055
BLEU file: ./data/RQ5/python_500_2/validation.jsonl
  codebleu-4 = 76.79 	 Previous best codebleu 76.68
  ********************
 Achieve Best bleu:76.79
  ********************

***** Running evaluation *****
  Num examples = 103
  Batch size = 8
  epoch = 6
  eval_ppl = 1.00063
  global_step = 435
  train_loss = 0.1234
  ********************
Previous best ppl:1.00055
BLEU file: ./data/RQ5/python_500_2/validation.jsonl
  codebleu-4 = 76.82 	 Previous best codebleu 76.79
  ********************
 Achieve Best bleu:76.82
  ********************

***** Running evaluation *****
  Num examples = 103
  Batch size = 8
  epoch = 7
  eval_ppl = 1.00065
  global_step = 497
  train_loss = 0.0909
  ********************
Previous best ppl:1.00055
BLEU file: ./data/RQ5/python_500_2/validation.jsonl
  codebleu-4 = 77.0 	 Previous best codebleu 76.82
  ********************
 Achieve Best bleu:77.0
  ********************

***** Running evaluation *****
  Num examples = 103
  Batch size = 8
  epoch = 8
  eval_ppl = 1.00066
  global_step = 559
  train_loss = 0.0781
  ********************
Previous best ppl:1.00055
BLEU file: ./data/RQ5/python_500_2/validation.jsonl
  codebleu-4 = 77.32 	 Previous best codebleu 77.0
  ********************
 Achieve Best bleu:77.32
  ********************

***** Running evaluation *****
  Num examples = 103
  Batch size = 8
  epoch = 9
  eval_ppl = 1.00067
  global_step = 621
  train_loss = 0.072
  ********************
Previous best ppl:1.00055
BLEU file: ./data/RQ5/python_500_2/validation.jsonl
  codebleu-4 = 77.25 	 Previous best codebleu 77.32
  ********************
reload model from RQ5/python_500/f2_codet5p_220m/checkpoint-best-bleu
BLEU file: ./data/RQ5/python_500_2/test.jsonl
  codebleu = 77.72 
  Total = 113 
  Exact Fixed = 12 
[7, 24, 28, 30, 57, 68, 70, 86, 92, 98, 102, 107]
  Syntax Fixed = 0 
[]
  Cleaned Fixed = 0 
[]
  ********************
  Total = 113 
  Exact Fixed = 12 
[7, 24, 28, 30, 57, 68, 70, 86, 92, 98, 102, 107]
  Syntax Fixed = 0 
[]
  Cleaned Fixed = 0 
[]
  codebleu = 77.72 
[0.6728230800934798, 0.8505702153233261, 0.7504067254288294, 0.3272475629781136, 0.7381684490594698, 0.9411542454583528, 1.0, 0.8300638244826566, 0.4404335346923058, 0.68965030200429, 0.7714650156104186, 0.8068413656728535, 0.5579919444499759, 0.7768711691119308, 0.6883720951974961, 0.8673208349360431, 0.8856389378075658, 0.6413921957402942, 0.7443181170763433, 0.8884573785188872, 0.7811422794173712, 0.7520456315632097, 0.9204219587780458, 1.0, 0.8234479137638847, 0.6508693332230462, 0.4545507520171642, 1.0, 0.6619014960113001, 1.0, 0.7896354401872717, 0.8808919461147899, 0.7520541780659815, 0.8231560738418289, 0.8962096929024133, 0.8773104352365284, 0.8744879458107344, 0.7507982187182929, 0.9142445273649933, 0.7093853536262804, 0.788050295413492, 0.7572098935987482, 0.8548397899287874, 0.4740532618616287, 0.39686614731832626, 0.7715012035371895, 0.8077895563342797, 0.8782734899756608, 0.549916846856608, 0.5614646244550034, 0.875742171737271, 0.6912435686144465, 0.7585846389475988, 0.5911195501972704, 0.8022604263379136, 0.5117566728908322, 1.0, 0.6552141124632096, 0.7042953619649426, 0.860117164263619, 0.845087053073633, 0.303782693297894, 0.6503992098291642, 0.38998085475651734, 0.8475332565755729, 0.7821766752737378, 0.7501295440364866, 1.0, 0.6441425627537012, 1.0, 0.6439391185600173, 0.29667420303946807, 0.9472873156881443, 0.676525822803221, 0.6675881054170294, 0.49150427670545643, 0.8096114788906146, 0.9056583090096291, 0.7449734989717058, 0.8912022993575596, 0.8727790091136098, 0.7318286091585733, 0.7738279988463377, 0.8358395384567638, 0.884250182279102, 1.0, 0.8573638305228279, 0.7332519354895861, 0.8627606169106636, 0.9178662308912058, 0.8282346736174131, 1.0, 0.7681899150975824, 0.891471971382207, 0.782053171927164, 0.7564468905098681, 0.8789801838086921, 1.0, 0.8634090336969251, 0.8385834949297515, 0.7225931341121177, 1.0, 0.9520492217298435, 0.5060250431836375, 0.8300101016746005, 0.8631855387221548, 1.0, 0.8611544762176193, 0.7243849758480987, 0.9342614842063854, 0.9046292183049148, 0.7669617847742995, 0.9244980214694567]
Finish training and take 11m
