Namespace(log_name='./RQ5/python_500/f3_codet5p_220m.log', model_name='Salesforce/codet5p-220m', lang='python', output_dir='RQ5/python_500/f3_codet5p_220m', data_dir='./data/RQ5/python_500_3', no_cuda=False, visible_gpu='0', add_task_prefix=False, add_lang_ids=False, num_train_epochs=10, num_test_epochs=10, train_batch_size=8, eval_batch_size=8, gradient_accumulation_steps=2, load_model_path=None, config_name='', tokenizer_name='', max_source_length=128, max_target_length=128, warm_up_ratio=0.1, do_train=True, do_eval=True, do_test=True, do_lower_case=False, learning_rate=5e-05, beam_size=10, weight_decay=0.0, adam_epsilon=1e-08, max_grad_norm=1.0, max_steps=-1, eval_steps=-1, train_steps=-1, local_rank=-1, seed=42, early_stop_threshold=3)
Process rank: -1, device: cuda, n_gpu: 1, distributed training: False, model_name: Salesforce/codet5p-220m
model created!
Total 500 training instances 
***** Running training *****
  Num examples = 500
  Batch size = 8
  Num epoch = 10

***** Running evaluation *****
  Num examples = 62
  Batch size = 8
  epoch = 0
  eval_ppl = 1.00064
  global_step = 63
  train_loss = 0.734
  ********************
Previous best ppl:inf
Achieve Best ppl:1.00064
  ********************
BLEU file: ./data/RQ5/python_500_3/validation.jsonl
  codebleu-4 = 75.42 	 Previous best codebleu 0
  ********************
 Achieve Best bleu:75.42
  ********************

***** Running evaluation *****
  Num examples = 62
  Batch size = 8
  epoch = 1
  eval_ppl = 1.00057
  global_step = 125
  train_loss = 0.444
  ********************
Previous best ppl:1.00064
Achieve Best ppl:1.00057
  ********************
BLEU file: ./data/RQ5/python_500_3/validation.jsonl
  codebleu-4 = 75.22 	 Previous best codebleu 75.42
  ********************

***** Running evaluation *****
  Num examples = 62
  Batch size = 8
  epoch = 2
  eval_ppl = 1.00056
  global_step = 187
  train_loss = 0.3125
  ********************
Previous best ppl:1.00057
Achieve Best ppl:1.00056
  ********************
BLEU file: ./data/RQ5/python_500_3/validation.jsonl
  codebleu-4 = 77.36 	 Previous best codebleu 75.42
  ********************
 Achieve Best bleu:77.36
  ********************

***** Running evaluation *****
  Num examples = 62
  Batch size = 8
  epoch = 3
  eval_ppl = 1.00059
  global_step = 249
  train_loss = 0.2273
  ********************
Previous best ppl:1.00056
BLEU file: ./data/RQ5/python_500_3/validation.jsonl
  codebleu-4 = 77.69 	 Previous best codebleu 77.36
  ********************
 Achieve Best bleu:77.69
  ********************

***** Running evaluation *****
  Num examples = 62
  Batch size = 8
  epoch = 4
  eval_ppl = 1.00061
  global_step = 311
  train_loss = 0.1677
  ********************
Previous best ppl:1.00056
BLEU file: ./data/RQ5/python_500_3/validation.jsonl
  codebleu-4 = 77.8 	 Previous best codebleu 77.69
  ********************
 Achieve Best bleu:77.8
  ********************

***** Running evaluation *****
  Num examples = 62
  Batch size = 8
  epoch = 5
  eval_ppl = 1.00062
  global_step = 373
  train_loss = 0.13
  ********************
Previous best ppl:1.00056
BLEU file: ./data/RQ5/python_500_3/validation.jsonl
  codebleu-4 = 78.26 	 Previous best codebleu 77.8
  ********************
 Achieve Best bleu:78.26
  ********************

***** Running evaluation *****
  Num examples = 62
  Batch size = 8
  epoch = 6
  eval_ppl = 1.00065
  global_step = 435
  train_loss = 0.0977
  ********************
Previous best ppl:1.00056
BLEU file: ./data/RQ5/python_500_3/validation.jsonl
  codebleu-4 = 77.83 	 Previous best codebleu 78.26
  ********************

***** Running evaluation *****
  Num examples = 62
  Batch size = 8
  epoch = 7
  eval_ppl = 1.00066
  global_step = 497
  train_loss = 0.0792
  ********************
Previous best ppl:1.00056
BLEU file: ./data/RQ5/python_500_3/validation.jsonl
  codebleu-4 = 78.73 	 Previous best codebleu 78.26
  ********************
 Achieve Best bleu:78.73
  ********************

***** Running evaluation *****
  Num examples = 62
  Batch size = 8
  epoch = 8
  eval_ppl = 1.00068
  global_step = 559
  train_loss = 0.0652
  ********************
Previous best ppl:1.00056
BLEU file: ./data/RQ5/python_500_3/validation.jsonl
  codebleu-4 = 78.69 	 Previous best codebleu 78.73
  ********************

***** Running evaluation *****
  Num examples = 62
  Batch size = 8
  epoch = 9
  eval_ppl = 1.00068
  global_step = 621
  train_loss = 0.0605
  ********************
Previous best ppl:1.00056
BLEU file: ./data/RQ5/python_500_3/validation.jsonl
  codebleu-4 = 78.92 	 Previous best codebleu 78.73
  ********************
 Achieve Best bleu:78.92
  ********************
reload model from RQ5/python_500/f3_codet5p_220m/checkpoint-best-bleu
BLEU file: ./data/RQ5/python_500_3/test.jsonl
  codebleu = 77.29 
  Total = 62 
  Exact Fixed = 8 
[2, 18, 19, 29, 36, 56, 58, 59]
  Syntax Fixed = 0 
[]
  Cleaned Fixed = 0 
[]
  ********************
  Total = 62 
  Exact Fixed = 8 
[2, 18, 19, 29, 36, 56, 58, 59]
  Syntax Fixed = 0 
[]
  Cleaned Fixed = 0 
[]
  codebleu = 77.29 
[0.7520456315632097, 1.0, 0.8325078982959624, 0.8022604263379136, 0.8231560738418289, 0.6447304668879433, 0.2984139180188514, 0.47166395418323315, 0.6552141124632096, 0.4545507520171642, 0.9056583090096291, 0.5461318783364358, 0.8300101016746005, 0.6883720951974961, 0.875742171737271, 0.8773104352365284, 0.6441425627537012, 1.0, 1.0, 0.7002191367130445, 0.7953587603777192, 0.6675881054170294, 0.8096114788906146, 0.7681899150975824, 0.7518894116818902, 0.5571314709024371, 0.8475332565755729, 0.9244980214694567, 1.0, 0.7572098935987482, 0.5117566728908322, 0.7768711691119308, 0.8912022993575596, 0.6508693332230462, 0.8385834949297515, 1.0, 0.7896354401872717, 0.767723111687518, 0.7714650156104186, 0.8631855387221548, 0.9472873156881443, 0.8052050509144788, 0.5911195501972704, 0.7313821813372119, 0.7549669674736412, 0.9178662308912058, 0.7171549568305972, 0.549916846856608, 0.8884573785188872, 0.5037077119806818, 0.7449734989717058, 0.9520492217298435, 0.845087053073633, 0.7042112674690282, 0.7318286091585733, 1.0, 0.8856389378075658, 1.0, 1.0, 0.49150427670545643, 0.9411542454583528, 0.676525822803221]
Finish training and take 7m
Namespace(log_name='./RQ5/python_500/f3_codet5p_220m.log', model_name='Salesforce/codet5p-220m', lang='python', output_dir='RQ5/python_500/f3_codet5p_220m', data_dir='./data/RQ5/python_500_3', no_cuda=False, visible_gpu='0', add_task_prefix=False, add_lang_ids=False, num_train_epochs=10, num_test_epochs=10, train_batch_size=8, eval_batch_size=8, gradient_accumulation_steps=2, load_model_path=None, config_name='', tokenizer_name='', max_source_length=128, max_target_length=128, warm_up_ratio=0.1, do_train=True, do_eval=True, do_test=True, do_lower_case=False, learning_rate=5e-05, beam_size=10, weight_decay=0.0, adam_epsilon=1e-08, max_grad_norm=1.0, max_steps=-1, eval_steps=-1, train_steps=-1, local_rank=-1, seed=42, early_stop_threshold=3)
Process rank: -1, device: cuda, n_gpu: 1, distributed training: False, model_name: Salesforce/codet5p-220m
model created!
Total 500 training instances 
***** Running training *****
  Num examples = 500
  Batch size = 8
  Num epoch = 10

***** Running evaluation *****
  Num examples = 103
  Batch size = 8
  epoch = 0
  eval_ppl = 1.00062
  global_step = 63
  train_loss = 0.734
  ********************
Previous best ppl:inf
Achieve Best ppl:1.00062
  ********************
BLEU file: ./data/RQ5/python_500_3/validation.jsonl
  codebleu-4 = 73.32 	 Previous best codebleu 0
  ********************
 Achieve Best bleu:73.32
  ********************

***** Running evaluation *****
  Num examples = 103
  Batch size = 8
  epoch = 1
  eval_ppl = 1.00055
  global_step = 125
  train_loss = 0.444
  ********************
Previous best ppl:1.00062
Achieve Best ppl:1.00055
  ********************
BLEU file: ./data/RQ5/python_500_3/validation.jsonl
  codebleu-4 = 74.01 	 Previous best codebleu 73.32
  ********************
 Achieve Best bleu:74.01
  ********************

***** Running evaluation *****
  Num examples = 103
  Batch size = 8
  epoch = 2
  eval_ppl = 1.00056
  global_step = 187
  train_loss = 0.3125
  ********************
Previous best ppl:1.00055
BLEU file: ./data/RQ5/python_500_3/validation.jsonl
  codebleu-4 = 75.9 	 Previous best codebleu 74.01
  ********************
 Achieve Best bleu:75.9
  ********************

***** Running evaluation *****
  Num examples = 103
  Batch size = 8
  epoch = 3
  eval_ppl = 1.00059
  global_step = 249
  train_loss = 0.2273
  ********************
Previous best ppl:1.00055
BLEU file: ./data/RQ5/python_500_3/validation.jsonl
  codebleu-4 = 75.6 	 Previous best codebleu 75.9
  ********************

***** Running evaluation *****
  Num examples = 103
  Batch size = 8
  epoch = 4
  eval_ppl = 1.00059
  global_step = 311
  train_loss = 0.1677
  ********************
Previous best ppl:1.00055
BLEU file: ./data/RQ5/python_500_3/validation.jsonl
  codebleu-4 = 76.48 	 Previous best codebleu 75.9
  ********************
 Achieve Best bleu:76.48
  ********************

***** Running evaluation *****
  Num examples = 103
  Batch size = 8
  epoch = 5
  eval_ppl = 1.0006
  global_step = 373
  train_loss = 0.13
  ********************
Previous best ppl:1.00055
BLEU file: ./data/RQ5/python_500_3/validation.jsonl
  codebleu-4 = 76.65 	 Previous best codebleu 76.48
  ********************
 Achieve Best bleu:76.65
  ********************

***** Running evaluation *****
  Num examples = 103
  Batch size = 8
  epoch = 6
  eval_ppl = 1.00063
  global_step = 435
  train_loss = 0.0977
  ********************
Previous best ppl:1.00055
BLEU file: ./data/RQ5/python_500_3/validation.jsonl
  codebleu-4 = 76.83 	 Previous best codebleu 76.65
  ********************
 Achieve Best bleu:76.83
  ********************

***** Running evaluation *****
  Num examples = 103
  Batch size = 8
  epoch = 7
  eval_ppl = 1.00065
  global_step = 497
  train_loss = 0.0792
  ********************
Previous best ppl:1.00055
BLEU file: ./data/RQ5/python_500_3/validation.jsonl
  codebleu-4 = 77.54 	 Previous best codebleu 76.83
  ********************
 Achieve Best bleu:77.54
  ********************

***** Running evaluation *****
  Num examples = 103
  Batch size = 8
  epoch = 8
  eval_ppl = 1.00066
  global_step = 559
  train_loss = 0.0652
  ********************
Previous best ppl:1.00055
BLEU file: ./data/RQ5/python_500_3/validation.jsonl
  codebleu-4 = 77.45 	 Previous best codebleu 77.54
  ********************

***** Running evaluation *****
  Num examples = 103
  Batch size = 8
  epoch = 9
  eval_ppl = 1.00066
  global_step = 621
  train_loss = 0.0605
  ********************
Previous best ppl:1.00055
BLEU file: ./data/RQ5/python_500_3/validation.jsonl
  codebleu-4 = 77.59 	 Previous best codebleu 77.54
  ********************
 Achieve Best bleu:77.59
  ********************
reload model from RQ5/python_500/f3_codet5p_220m/checkpoint-best-bleu
BLEU file: ./data/RQ5/python_500_3/test.jsonl
  codebleu = 77.27 
  Total = 113 
  Exact Fixed = 14 
[7, 21, 24, 28, 30, 53, 57, 60, 68, 89, 92, 98, 99, 102]
  Syntax Fixed = 0 
[]
  Cleaned Fixed = 0 
[]
  ********************
  Total = 113 
  Exact Fixed = 14 
[7, 21, 24, 28, 30, 53, 57, 60, 68, 89, 92, 98, 99, 102]
  Syntax Fixed = 0 
[]
  Cleaned Fixed = 0 
[]
  codebleu = 77.27 
[0.6728230800934798, 0.5722691572106738, 0.7504067254288294, 0.47166395418323315, 0.8052050509144788, 0.9411542454583528, 1.0, 0.8300638244826566, 0.5571314709024371, 0.7953587603777192, 0.7714650156104186, 0.7002191367130445, 0.6572726626071705, 0.7768711691119308, 0.6883720951974961, 0.7518894116818902, 0.8856389378075658, 0.7077149149248856, 0.7443181170763433, 0.8884573785188872, 1.0, 0.7520456315632097, 0.9204219587780458, 1.0, 0.8234479137638847, 0.6508693332230462, 0.4545507520171642, 1.0, 0.6447304668879433, 1.0, 0.7896354401872717, 0.8808919461147899, 0.7420541780659815, 0.8231560738418289, 0.8962096929024133, 0.8773104352365284, 0.8213102011824044, 0.7507982187182929, 0.9142445273649933, 0.7093853536262804, 0.7313821813372119, 0.7572098935987482, 0.8548397899287874, 0.4740532618616287, 0.39686614731832626, 0.7715012035371895, 0.8077895563342797, 0.8782734899756608, 0.549916846856608, 0.5461318783364358, 0.875742171737271, 0.7680104457345107, 1.0, 0.5911195501972704, 0.8022604263379136, 0.5117566728908322, 1.0, 0.6552141124632096, 0.7042953619649426, 1.0, 0.845087053073633, 0.2984139180188514, 0.7171549568305972, 0.5037077119806818, 0.8475332565755729, 0.7042112674690282, 0.7501295440364866, 1.0, 0.6441425627537012, 0.5204498111756045, 0.6439391185600173, 0.28190769836835106, 0.9472873156881443, 0.676525822803221, 0.6675881054170294, 0.49150427670545643, 0.8096114788906146, 0.9056583090096291, 0.7449734989717058, 0.8912022993575596, 0.6174476289010351, 0.7318286091585733, 0.767723111687518, 0.8358395384567638, 0.884250182279102, 0.7164493834577911, 0.8573638305228279, 0.7332519354895861, 1.0, 0.9178662308912058, 0.8282346736174131, 1.0, 0.7681899150975824, 0.891471971382207, 0.782053171927164, 0.7086687517985862, 0.8789801838086921, 1.0, 1.0, 0.8385834949297515, 0.7225931341121177, 1.0, 0.9520492217298435, 0.5060250431836375, 0.8300101016746005, 0.8631855387221548, 0.621240758456996, 0.8325078982959624, 0.7243849758480987, 0.9265979599906886, 0.9046292183049148, 0.7669617847742995, 0.9244980214694567]
Finish training and take 11m
