Namespace(log_name='./RQ5/xcodeeval_500_2/codet5p_770m.log', model_name='Salesforce/codet5p-770m', lang='c', output_dir='RQ5/xcodeeval_500_2/codet5p_770m', data_dir='./data/RQ5/xcodeeval_500_2', choice=0, no_cuda=False, visible_gpu='0', num_train_epochs=10, num_test_epochs=1, train_batch_size=4, eval_batch_size=4, gradient_accumulation_steps=1, load_model_path=None, config_name='', tokenizer_name='', max_source_length=512, max_target_length=512, warm_up_ratio=0.1, do_train=True, do_eval=True, do_test=True, freeze=False, learning_rate=5e-05, beam_size=10, weight_decay=0.0, adam_epsilon=1e-08, local_rank=-1, seed=42, early_stop_threshold=3)
Process rank: -1, device: cuda, n_gpu: 1, distributed training: False
Model created!!
[[{'text': '#include<string.h> #include<stdlib.h> #include<stdio.h> #include<string.h> int cmp(const void *a,const void *b) {     return *(int*)a-*(int*)b; } int main() {     int T;     scanf("%d",&T);     while(T--)     {         long long int sumini=0,sumtar=0;         long long int n;         scanf("%lld",&n);         long long int *arr=(long long int*)malloc(sizeof(long long int)*n);         for(int a=0;a<n;a++)         {             scanf("%lld",&arr[a]);             sumini+=arr[a];         }         qsort(arr,n,sizeof(long long int),cmp);         for(int a=0;a<n;a++)         {             sumtar=arr[a]*n;             if(sumtar>=sumini)             {                 printf("%lld\\n",arr[a]);                 break;             }         }      } }', 'loss_ids': 0, 'shortenable_ids': 1}, {'text': '<mask>', 'loss_ids': 1, 'shortenable_ids': 0}, {'text': 'is the fixed version', 'loss_ids': 0, 'shortenable_ids': 0}], {'guid': 0, 'tgt_text': '#include<string.h> #include<stdlib.h> #include<stdio.h> #include<string.h>  int main() {     int T;     scanf("%d",&T);     while(T--)     {         long long int x,sumini=0,sumtar=0;         long long int n;         scanf("%lld",&n);         long long int *arr=(long long int*)malloc(sizeof(long long int)*n);         for(int a=0;a<n;a++)         {             scanf("%lld",&x);             sumini+=x;         }         sumtar=(sumini+n-1)/n;         printf("%lld\\n",sumtar);       } }'}]
***** Running training *****
  Num examples = 500
  Batch size = 4
  Num epoch = 10

***** Running evaluation *****
  Num examples = 100
  Batch size = 4
  epoch = 0
  eval_ppl = inf
  global_step = 126
  train_loss = 65.3893
  ********************
Previous best ppl:inf
Achieve Best ppl:inf
  ********************
BLEU file: ./data/RQ5/xcodeeval_500_2/validation.jsonl
  codebleu-4 = 77.28 	 Previous best codebleu 0
  ********************
 Achieve Best bleu:77.28
  ********************

***** Running evaluation *****
  Num examples = 100
  Batch size = 4
  epoch = 1
  eval_ppl = inf
  global_step = 251
  train_loss = 51.3729
  ********************
Previous best ppl:inf
BLEU file: ./data/RQ5/xcodeeval_500_2/validation.jsonl
  codebleu-4 = 76.97 	 Previous best codebleu 77.28
  ********************

***** Running evaluation *****
  Num examples = 100
  Batch size = 4
  epoch = 2
  eval_ppl = inf
  global_step = 376
  train_loss = 37.1168
  ********************
Previous best ppl:inf
BLEU file: ./data/RQ5/xcodeeval_500_2/validation.jsonl
  codebleu-4 = 77.27 	 Previous best codebleu 77.28
  ********************

***** Running evaluation *****
  Num examples = 100
  Batch size = 4
  epoch = 3
  eval_ppl = inf
  global_step = 501
  train_loss = 29.4064
  ********************
Previous best ppl:inf
BLEU file: ./data/RQ5/xcodeeval_500_2/validation.jsonl
  codebleu-4 = 76.92 	 Previous best codebleu 77.28
  ********************
early stopping!!!
reload model from RQ5/xcodeeval_500_2/codet5p_770m/checkpoint-best-bleu
BLEU file: ./data/RQ5/xcodeeval_500_2/test.jsonl
  codebleu = 74.46 
  Total = 500 
  Exact Fixed = 3 
[73, 289, 376]
  Syntax Fixed = 1 
[20]
  Cleaned Fixed = 2 
[254, 355]
  ********************
  Total = 500 
  Exact Fixed = 3 
[73, 289, 376]
  Syntax Fixed = 1 
[20]
  Cleaned Fixed = 2 
[254, 355]
  codebleu = 74.46 
[0.8807691318538904, 0.9791134139687718, 0.38230642541905163, 0.8285503011428544, 0.5240259477923144, 0.21679053483574018, 0.49007773220454587, 0.28583200344068094, 0.5722965788545334, 0.676908819611102, 0.9486021234366251, 0.982653611198544, 0.7050736143053937, 0.7848241483620148, 0.8808375937505108, 0.4693955864510486, 0.5313357348360503, 0.9785699270907009, 0.7996636861006762, 0.980066765837468, 0.8757845494319172, 0.589751403979808, 0.959945180208001, 0.9194570682158518, 0.8596055360028632, 0.46678356460890147, 0.5452287811589471, 0.901175714210833, 0.9126538107132055, 0.2389499224870781, 0.7460250732072086, 0.8189939955289076, 0.8748336476451133, 0.965072635178438, 0.5393913750037733, 0.8059663450023036, 0.6527764179246671, 0.9426787386209374, 0.9847813251545576, 0.6214028319131882, 0.38055604522674474, 0.9602327743514232, 0.9321918895830998, 0.21659623863784408, 0.806490922254441, 0.9386210590467857, 0.8574290303367051, 0.7113199842059187, 0.6194178615287717, 0.8803828210815028, 0.42728670898141874, 0.9382702025626704, 0.790108255342182, 0.5600065832784726, 0.8705702138654792, 0.9247535154657887, 0.8675700280536951, 0.8931834746717269, 0.9771748654592214, 0.6449181547930165, 0.8767030175075958, 0.3321670864049434, 0.9469740428282774, 0.663952114335559, 0.8927899452472845, 0.9299687695441708, 0.7924048855268875, 0.5338617744031935, 0.8995377367121644, 0.20429331224367825, 0.9338818208296811, 0.2690529321329123, 0.9674900184215338, 0.9717119879651379, 0.871143401314145, 0.518207913146444, 0.8384056697171074, 0.9737915388152598, 0.9321212086381336, 0.3895038116127578, 0.7016234777170453, 0.9379551891165208, 0.9080151803246834, 0.8441882987189739, 0.2858574379633786, 0.4275485565756617, 0.8014139035130625, 0.8085386086430999, 0.43890738161489035, 0.39806555763771617, 0.8804501080393334, 0.8013767496295303, 0.9529223256974573, 0.5985680617000989, 0.6326608997800717, 0.9486052495001633, 0.9348200839674985, 0.3304581157501194, 0.5505450693049353, 0.8332321631831101, 0.9060561003826615, 0.948343184028229, 0.4636944731423779, 0.7244759785992397, 0.9651536945365269, 0.929608977441901, 0.8365809500852361, 0.4810010686280327, 0.9430889397206723, 0.9194883538624099, 0.28549932196391237, 0.6288249463727129, 0.8272347501737517, 0.12307794064595261, 0.6817132254112156, 0.8077897114293389, 0.6678107811875859, 0.9362801340504037, 0.4183952709131683, 0.854906905704294, 0.9027144378842089, 0.8242836546885394, 0.8257815238937638, 0.8744345587385776, 0.78946048013366, 0.6359084461047401, 0.6690731553562745, 0.43419770508491723, 0.4657333819352129, 0.7973754603733076, 0.3560328527895647, 0.6055713077005603, 0.3110090555266167, 0.956301548538977, 0.9617303176335186, 0.3085356854689776, 0.9368026696042517, 0.553376063289682, 0.8890204619437894, 0.7920617845792342, 0.9242338290598, 0.8741647989058143, 0.9251375134812259, 0.9745780518930731, 0.928943235004591, 0.8233729810068096, 0.4982318233525185, 0.5720677290587932, 0.9521775318277603, 0.965853695227304, 0.975255869034251, 0.8320476098374262, 0.9453923964468067, 0.9483831980682167, 0.8948670458495385, 0.774693514748012, 0.7202507328873297, 0.5488586128738006, 0.7091570039785193, 0.7242120100978349, 0.1359821622512627, 0.6777438912696802, 0.962102708701077, 0.9121866600841926, 0.9021902095080698, 0.46124203184813023, 0.6246113794477428, 0.8392067093595759, 0.968639364262265, 0.8297713512550178, 0.568002545193399, 0.7833624454787003, 0.8975978993714945, 0.9200067227928574, 0.7280873261576656, 0.8239094375160401, 0.8300820971250142, 0.824261585549334, 0.31154911539510916, 0.9410067825194739, 0.5399191018302276, 0.5661706174767057, 0.25613546330440956, 0.7364469121089812, 0.8694952470533828, 0.6867415067356185, 0.32301796222457846, 0.945208493585485, 0.8658945472295025, 0.5638272207824593, 0.59613181707828, 0.9404774184308464, 0.7167958853235616, 0.5928108277067345, 0.5946982102419093, 0.18892563584310382, 0.849431210776371, 0.9159958844184792, 0.45594271142939313, 0.9642836546885394, 0.1427616762031343, 0.8702220777012319, 0.9441311059579389, 0.3377532165887375, 0.961472991307396, 0.39013478691113623, 0.6684903987689361, 0.9447313137718458, 0.5317588322123294, 0.9087123429574342, 0.9214231126924097, 0.9701007019297219, 0.8124892826539233, 0.953707845659838, 0.8090043314450341, 0.8916198680457144, 0.9520611043918519, 0.7349170298055547, 0.12695294117647057, 0.19832929234074576, 0.8055864673667326, 0.9477526452574314, 0.9158325445121405, 0.597827148286705, 0.3330584663396393, 0.4822120322474115, 0.8044136830940034, 0.8942668643714475, 0.9232567135322138, 0.6221781999238016, 0.6234595852577036, 0.6559659558584913, 0.9409618579513448, 0.8861568600710625, 0.5085215178080368, 0.8553678887608935, 0.7803741792559828, 0.7826741503670085, 0.9634485800803125, 0.5624756082365959, 0.8695075881277006, 0.7901580927216791, 0.9861254102280717, 0.9327028990399184, 0.947573383205105, 0.9013388166447551, 0.6351531795376738, 0.9583676774082095, 0.9377858074101935, 0.9495937875206693, 0.9221927719632479, 0.9604527042523284, 0.7310076956492084, 0.943907690508595, 0.943666571833899, 0.6014294709438306, 0.7562791074610632, 0.55371209196799, 0.2412059707864596, 0.9279866539122665, 0.19752609894716355, 0.707850059682499, 0.9284243634590652, 0.695713048670164, 0.9562005086759873, 0.9176543852669206, 0.26289253457845224, 0.9860950428335316, 0.769955926843652, 0.5554301251202463, 0.9692036989337549, 0.6365891247781525, 0.911281561187657, 0.9617839620555828, 0.9166658584334972, 0.9531844084589156, 0.7258938169614035, 0.9498690706862425, 0.8277424644338935, 0.7565711923511311, 0.10607841981340509, 0.8179579674310407, 0.9728059803922399, 0.8434094165290678, 0.7748901690895643, 0.7807079788494218, 0.8988279604599121, 0.8852945092796116, 1.0, 0.5547416116865838, 0.9407613352737074, 0.7401065371744103, 0.7493577391671854, 0.4323627514515834, 0.8986557290877399, 0.8207174296242723, 0.46158825189644004, 0.9840970086239778, 0.9049996265971042, 0.9147509231273736, 0.4874301508997236, 0.849729607166194, 0.6345917614751148, 0.9732456940628658, 0.9668495847081082, 0.46192836465257714, 0.961309010760973, 0.9470279890319612, 0.8857658481998287, 0.19077672396674258, 0.7761717845434185, 0.8206082150573881, 0.940663678095734, 0.8113688567236648, 0.8710767503326537, 0.6372760488740846, 0.9398939635294166, 0.25600131377948165, 0.637455335351989, 0.3454641283088835, 0.9655267507815484, 0.8397074882045157, 0.79908393484228, 0.8939721301684738, 0.6924354337443256, 0.6498389062539932, 0.9823448177520746, 0.7501255059004492, 0.6825969789838406, 0.9666856331752072, 0.9296230645706806, 0.9357982417496262, 0.9295976632675957, 0.6516235135434673, 0.9866981257943701, 0.6929581948739374, 0.853963666419484, 0.7311090731099734, 0.8785117532819908, 0.9067124558663866, 0.6830631050329368, 0.802792334029212, 0.9105346103428551, 0.9582488725526279, 0.8788846428096109, 0.9094304925332901, 0.9283813677168311, 0.6216058374935409, 0.8202499593885415, 0.845605645877975, 0.7621663912158146, 0.9629364535821479, 0.30228003420613947, 0.9590506396386802, 0.9393720392848304, 0.7655276035894206, 0.29119834125570104, 0.9292979625847417, 0.9539904817368636, 0.940720679223622, 0.7943124162728818, 0.9262386824642832, 0.2535810718077191, 0.9130634810804314, 0.7074534807536211, 0.6070449868747402, 0.4328828981880556, 0.9731496374915098, 0.29213186581691264, 0.246656971808108, 0.7633414659938854, 0.3742924995543897, 0.9446842919965326, 0.3974118326461889, 0.4661937691043915, 0.9815931630248864, 0.28260341336864825, 0.8135504074740875, 0.9646055689051855, 0.9693235923637944, 0.867980815381816, 0.7552847912459166, 0.4503797058912159, 0.90198797232569, 0.9839935011430094, 0.9200506209960793, 0.29672979065386285, 0.7243561152332358, 0.5898743279997497, 0.31764171070174957, 0.9136846145795283, 0.8036605977879999, 0.8078579828142751, 0.8562515048247652, 0.6226908114170765, 0.9544248082184021, 0.9127782544487824, 0.8699110799666838, 0.006124231256165743, 0.8703578183607872, 0.8249675351435815, 0.962229839777732, 0.9482573744384641, 0.8238518141083319, 0.41222995207253776, 0.6630081455841007, 0.5643672366251316, 0.3239840742940912, 0.5864458370254797, 0.9735465142797541, 0.18645790542925228, 0.8601254321511638, 0.9624306767024622, 0.9307762742678802, 0.9642927003189787, 0.990108133691983, 0.7514114718545895, 0.8485021818446042, 0.6650714465361753, 0.7832059164639751, 0.5558554508448601, 0.944817116312316, 0.945897725871365, 0.6100220174806957, 0.895887649579229, 0.7914330306940703, 0.31443578868236866, 0.9784095540181448, 0.9232926862932371, 0.9483790653208918, 0.8601706721604159, 0.7628541847804483, 0.4680849519025553, 0.9557759455949837, 0.9675589330971408, 0.7110307145936695, 0.7331328454992438, 0.5761336941152942, 0.7331472448108353, 0.6279569175400029, 0.7611677828299435, 0.8601402886946303, 0.7786642529241632, 0.390945448375335, 0.6592136870095452, 0.9718204591892516, 0.5978112872134451, 0.8375760321362113, 0.8038306806820452, 0.8836863746511332, 0.7964726901713943, 0.7601507876079147, 0.8724907736260945, 0.5414280445383712, 0.8696331987786137, 0.8118756794025181, 0.5348646474710699, 0.7562934717237396, 0.9679745993130939, 0.9489885523091097, 0.8817537516567873, 0.36665611193413983, 0.9491812042948471, 0.03831948613452212, 0.9177843916565737, 0.8374563958671832, 0.9723407670151949, 0.7262546855990275, 0.9469679666767363, 0.9367372304881274, 0.9165032000255242, 0.9823448177520746, 0.4777354426610022, 0.5631389057852526, 0.43449863768167823, 0.9262112558154699, 0.8354059606910897, 0.8786704805481382, 0.25489934536355485, 0.8564822037598797, 0.6707846007134894, 0.6810842044592471, 0.3043680407866811, 0.19872174241947255, 0.9207225522863047, 0.8678976437379708, 0.44949524080022113, 0.6339943883989547, 0.8508518489384493, 0.8389497416642955, 0.9407613352737074, 1.0, 0.9292619245050848, 0.8227600561608516, 0.959095521027233, 0.4927053152538463, 0.38572437298508044, 0.8020816921073726, 0.9271328028414589, 0.9343103240653692]
Finish training and take 46m
Namespace(log_name='./RQ5/xcodeeval_500_2/codet5p_770m.log', model_name='Salesforce/codet5p-770m', lang='c', output_dir='RQ5/xcodeeval_500_2/codet5p_770m', data_dir='./data/RQ5/xcodeeval_500_2', choice=0, no_cuda=False, visible_gpu='0', num_train_epochs=10, num_test_epochs=1, train_batch_size=4, eval_batch_size=4, gradient_accumulation_steps=1, load_model_path=None, config_name='', tokenizer_name='', max_source_length=512, max_target_length=512, warm_up_ratio=0.1, do_train=True, do_eval=True, do_test=True, freeze=False, learning_rate=5e-05, beam_size=10, weight_decay=0.0, adam_epsilon=1e-08, local_rank=-1, seed=42, early_stop_threshold=3)
Process rank: -1, device: cuda, n_gpu: 1, distributed training: False
Model created!!
[[{'text': '#include<string.h> #include<stdlib.h> #include<stdio.h> #include<string.h> int cmp(const void *a,const void *b) {     return *(int*)a-*(int*)b; } int main() {     int T;     scanf("%d",&T);     while(T--)     {         long long int sumini=0,sumtar=0;         long long int n;         scanf("%lld",&n);         long long int *arr=(long long int*)malloc(sizeof(long long int)*n);         for(int a=0;a<n;a++)         {             scanf("%lld",&arr[a]);             sumini+=arr[a];         }         qsort(arr,n,sizeof(long long int),cmp);         for(int a=0;a<n;a++)         {             sumtar=arr[a]*n;             if(sumtar>=sumini)             {                 printf("%lld\\n",arr[a]);                 break;             }         }      } }', 'loss_ids': 0, 'shortenable_ids': 1}, {'text': '<mask>', 'loss_ids': 1, 'shortenable_ids': 0}, {'text': 'is the fixed version', 'loss_ids': 0, 'shortenable_ids': 0}], {'guid': 0, 'tgt_text': '#include<string.h> #include<stdlib.h> #include<stdio.h> #include<string.h>  int main() {     int T;     scanf("%d",&T);     while(T--)     {         long long int x,sumini=0,sumtar=0;         long long int n;         scanf("%lld",&n);         long long int *arr=(long long int*)malloc(sizeof(long long int)*n);         for(int a=0;a<n;a++)         {             scanf("%lld",&x);             sumini+=x;         }         sumtar=(sumini+n-1)/n;         printf("%lld\\n",sumtar);       } }'}]
***** Running training *****
  Num examples = 500
  Batch size = 4
  Num epoch = 10

***** Running evaluation *****
  Num examples = 100
  Batch size = 4
  epoch = 0
  eval_ppl = inf
  global_step = 126
  train_loss = 65.1379
  ********************
Previous best ppl:inf
Achieve Best ppl:inf
  ********************
BLEU file: ./data/RQ5/xcodeeval_500_2/validation.jsonl
  codebleu-4 = 77.33 	 Previous best codebleu 0
  ********************
 Achieve Best bleu:77.33
  ********************

***** Running evaluation *****
  Num examples = 100
  Batch size = 4
  epoch = 1
  eval_ppl = inf
  global_step = 251
  train_loss = 51.2304
  ********************
Previous best ppl:inf
BLEU file: ./data/RQ5/xcodeeval_500_2/validation.jsonl
  codebleu-4 = 77.46 	 Previous best codebleu 77.33
  ********************
 Achieve Best bleu:77.46
  ********************

***** Running evaluation *****
  Num examples = 100
  Batch size = 4
  epoch = 2
  eval_ppl = inf
  global_step = 376
  train_loss = 36.0932
  ********************
Previous best ppl:inf
BLEU file: ./data/RQ5/xcodeeval_500_2/validation.jsonl
  codebleu-4 = 76.86 	 Previous best codebleu 77.46
  ********************

***** Running evaluation *****
  Num examples = 100
  Batch size = 4
  epoch = 3
  eval_ppl = inf
  global_step = 501
  train_loss = 25.8505
  ********************
Previous best ppl:inf
BLEU file: ./data/RQ5/xcodeeval_500_2/validation.jsonl
  codebleu-4 = 77.22 	 Previous best codebleu 77.46
  ********************

***** Running evaluation *****
  Num examples = 100
  Batch size = 4
  epoch = 4
  eval_ppl = inf
  global_step = 626
  train_loss = 17.2573
  ********************
Previous best ppl:inf
BLEU file: ./data/RQ5/xcodeeval_500_2/validation.jsonl
  codebleu-4 = 77.07 	 Previous best codebleu 77.46
  ********************
early stopping!!!
reload model from RQ5/xcodeeval_500_2/codet5p_770m/checkpoint-best-bleu
BLEU file: ./data/RQ5/xcodeeval_500_2/test.jsonl
  codebleu = 74.93 
  Total = 500 
  Exact Fixed = 8 
[73, 77, 151, 263, 289, 349, 359, 376]
  Syntax Fixed = 2 
[20, 192]
  Cleaned Fixed = 2 
[254, 355]
  ********************
  Total = 500 
  Exact Fixed = 8 
[73, 77, 151, 263, 289, 349, 359, 376]
  Syntax Fixed = 2 
[20, 192]
  Cleaned Fixed = 2 
[254, 355]
  codebleu = 74.93 
[0.8807691318538904, 0.9895907412940455, 0.38230642541905163, 0.8285503011428544, 0.5240259477923144, 0.21679053483574018, 0.49007773220454587, 0.24762032484399157, 0.5722965788545334, 0.676908819611102, 0.9486021234366251, 0.9401596846880733, 0.7050736143053937, 0.7848241483620148, 0.8808375937505108, 0.4693955864510486, 0.5313357348360503, 0.9785699270907009, 0.7738770070827508, 0.980066765837468, 0.8757845494319172, 0.589751403979808, 0.959945180208001, 0.9194570682158518, 0.8596055360028632, 0.46678356460890147, 0.5452287811589471, 0.8957685740957428, 0.9092030412845534, 0.2389499224870781, 0.7460250732072086, 0.8189939955289076, 0.8748336476451133, 0.9672331725048713, 0.5393913750037733, 0.8059663450023036, 0.6527764179246671, 0.9426787386209374, 0.9847813251545576, 0.6214028319131882, 0.38055604522674474, 0.9802578447391919, 0.9321918895830998, 0.23616145602914845, 0.806490922254441, 0.9386210590467857, 0.8574290303367051, 0.7113199842059187, 0.6194178615287717, 0.8803828210815028, 0.42728670898141874, 0.9382702025626704, 0.7123829951958166, 0.5594513215122114, 0.8705702138654792, 0.9247535154657887, 0.838448316171408, 0.8931834746717269, 0.9771748654592214, 0.6449181547930165, 0.8973052656797903, 0.3321670864049434, 0.977929685147775, 0.663952114335559, 0.8927899452472845, 0.9299687695441708, 0.7924048855268875, 0.5338617744031935, 0.8995377367121644, 0.20429331224367825, 0.9338818208296811, 0.2690529321329123, 0.9674900184215338, 0.7302671755916025, 0.8133197665964333, 0.586404697829096, 1.0, 0.9737915388152598, 0.9321212086381336, 0.3895038116127578, 0.7113008970718839, 0.925575127726735, 0.9080151803246834, 0.8441882987189739, 0.3484876459370154, 0.4275485565756617, 0.8014139035130625, 0.8085386086430999, 0.43890738161489035, 0.39806555763771617, 0.9352829048891074, 0.8305048279578491, 0.9529223256974573, 0.5985680617000989, 0.6326608997800717, 0.9486052495001633, 0.9066448404699974, 0.3304581157501194, 0.5505450693049353, 0.8332321631831101, 0.9060561003826615, 0.948343184028229, 0.45912923124813376, 0.7763592102744433, 0.9857368328793006, 0.929608977441901, 0.8365809500852361, 0.4810010686280327, 0.9430889397206723, 0.9194883538624099, 0.6249954610889428, 0.6288249463727129, 0.8272347501737517, 0.12307794064595261, 0.6817132254112156, 0.8077897114293389, 0.6587916500791264, 0.9362801340504037, 0.35175920093693774, 0.854906905704294, 0.9027144378842089, 0.8242836546885394, 0.8257815238937638, 0.8744345587385776, 0.78946048013366, 0.6359084461047401, 0.646635559366449, 0.43419770508491723, 0.4657333819352129, 0.8443840073818547, 0.3560328527895647, 0.6120229206037862, 0.3110090555266167, 0.956301548538977, 0.9617303176335186, 0.3085356854689776, 0.9368026696042517, 0.553376063289682, 0.7292499971229796, 0.7920617845792342, 0.9137620070623855, 0.8741647989058143, 0.9251375134812259, 0.922290329396817, 0.928943235004591, 0.8233729810068096, 0.5087444275129654, 0.5722908676250773, 0.9521775318277603, 0.9830296722149274, 1.0, 0.8320476098374262, 0.9813483172696138, 0.9483831980682167, 0.8948670458495385, 0.774693514748012, 0.7202507328873297, 0.5488586128738006, 0.7091570039785193, 0.7242120100978349, 0.1359821622512627, 0.6777438912696802, 0.962102708701077, 0.9121866600841926, 0.9021902095080698, 0.46124203184813023, 0.6246113794477428, 0.8392067093595759, 0.968639364262265, 0.8297713512550178, 0.5648214218491462, 0.7833624454787003, 0.8975978993714945, 0.9818251706356831, 0.7280873261576656, 0.8239094375160401, 0.8300820971250142, 0.816022738840624, 0.3124097564359915, 0.9410067825194739, 0.5399191018302276, 0.5474206174767057, 0.25613546330440956, 0.7292179741141707, 0.8694952470533828, 0.6867415067356185, 0.32301796222457846, 0.945208493585485, 0.8027888577869308, 0.5638272207824593, 0.59613181707828, 0.988723992351731, 0.7167958853235616, 0.5928108277067345, 0.5946982102419093, 0.19697030174358093, 0.849431210776371, 0.9159958844184792, 0.4538448093314911, 0.9642836546885394, 0.1427616762031343, 0.9508336769881993, 0.9441311059579389, 0.4792416680387491, 0.961472991307396, 0.39013478691113623, 0.6504783871793756, 0.9447313137718458, 0.5161775979994763, 0.9087123429574342, 0.9253109087939462, 0.9701007019297219, 0.8124892826539233, 0.953707845659838, 0.8090043314450341, 0.8916198680457144, 0.9520611043918519, 0.7486299869750686, 0.41393724025927203, 0.19832929234074576, 0.8055864673667326, 0.9295363609518508, 0.9324333440186039, 0.597827148286705, 0.3330584663396393, 0.4822120322474115, 0.8044136830940034, 0.8942668643714475, 0.9232567135322138, 0.6221781999238016, 0.6234595852577036, 0.6559659558584913, 0.9490176561215609, 0.8861568600710625, 0.5085215178080368, 0.8911581665661752, 0.7803741792559828, 0.7826741503670085, 0.897249693723756, 0.5678684463473989, 0.8695075881277006, 0.7901580927216791, 0.9861254102280717, 0.9327028990399184, 0.947573383205105, 0.9013388166447551, 0.6351531795376738, 0.9583676774082095, 0.9377858074101935, 0.9495937875206693, 0.9221927719632479, 0.9604527042523284, 0.7556814728598797, 0.943907690508595, 0.943666571833899, 0.5980431196670881, 0.7324216684475693, 0.7015341116696883, 0.2412059707864596, 0.9279866539122665, 0.19752609894716355, 0.707850059682499, 1.0, 0.695713048670164, 0.9562005086759873, 0.9205008873004776, 0.26289253457845224, 0.9332692687654969, 0.7443694749788052, 0.6304354583069092, 0.9692036989337549, 0.6365891247781525, 0.9425986064448988, 0.9617839620555828, 0.9113646454954919, 0.9531844084589156, 0.7481412556512403, 0.9498690706862425, 0.8277424644338935, 0.7565711923511311, 0.0968369622508172, 0.8179579674310407, 0.9773514349376944, 0.8434094165290678, 0.7748901690895643, 0.7807079788494218, 0.8988279604599121, 0.8783177650935652, 1.0, 0.5547416116865838, 0.9407613352737074, 0.7225899343494722, 0.7493577391671854, 0.5076730012609921, 0.8986557290877399, 0.8207174296242723, 0.46158825189644004, 0.9840970086239778, 0.9049996265971042, 0.9147509231273736, 0.5075905017189635, 0.849729607166194, 0.6345917614751148, 0.9732456940628658, 0.9468921279589864, 0.46192836465257714, 0.961309010760973, 0.9470279890319612, 0.8857658481998287, 0.19077672396674258, 0.7809372437915383, 0.8206082150573881, 0.940663678095734, 0.8113688567236648, 0.8943767670150264, 0.6372760488740846, 0.924094523572671, 0.26268118865076506, 0.637455335351989, 0.31909698260154523, 0.9655267507815484, 0.8397074882045157, 0.79908393484228, 0.8939721301684738, 0.536172942336197, 0.6498389062539932, 0.9823448177520746, 0.7501255059004492, 0.8904098910010204, 0.9666856331752072, 0.9296230645706806, 0.9357982417496262, 0.9295976632675957, 0.6516235135434673, 0.9866981257943701, 0.570989795360499, 0.853963666419484, 0.7311090731099734, 0.8785117532819908, 0.9067124558663866, 0.6830631050329368, 0.802792334029212, 0.9105346103428551, 0.9582488725526279, 0.8177385830525294, 0.8830926083959261, 0.9283813677168311, 0.6216058374935409, 1.0, 0.845605645877975, 0.7567508883846331, 0.9629364535821479, 0.30228003420613947, 0.9060343661344106, 0.9393720392848304, 0.7887933458012304, 0.29119834125570104, 0.9215983950660429, 1.0, 0.940720679223622, 0.9498733743967636, 0.9262386824642832, 0.2535810718077191, 0.9130634810804314, 0.7074534807536211, 0.6070449868747402, 0.4676655068837078, 0.9731496374915098, 0.29399777482219386, 0.246656971808108, 0.8212828564690575, 0.3742924995543897, 0.9446842919965326, 0.42428373858678303, 0.4661937691043915, 0.9815931630248864, 0.28260341336864825, 0.8259108946799769, 0.9192844676650485, 0.9299676500333409, 0.867980815381816, 0.7552847912459166, 0.44487897535928045, 0.8961056193845135, 0.9839935011430094, 0.9200506209960793, 0.2954719472250509, 0.7243561152332358, 0.5898743279997497, 0.31764171070174957, 0.9136846145795283, 0.8036605977879999, 0.8078579828142751, 0.8562515048247652, 0.6226908114170765, 0.9544248082184021, 0.9127782544487824, 0.8699110799666838, 0.3325195752446274, 0.9465224177706513, 0.8249675351435815, 0.962229839777732, 0.9482573744384641, 0.8166304287838645, 0.41222995207253776, 0.6562955803712851, 0.5643672366251316, 0.43808453932073843, 0.5864458370254797, 0.9618690378493877, 0.321597484442518, 0.8050090290148326, 0.9624306767024622, 0.9307762742678802, 0.967150116841063, 0.990108133691983, 0.7514114718545895, 0.8485021818446042, 0.6612191334623871, 0.7832059164639751, 0.5558554508448601, 0.944817116312316, 0.945897725871365, 0.60774731325633, 0.895887649579229, 0.7914330306940703, 0.31443578868236866, 0.9784095540181448, 0.9001704063035856, 0.9516757686175951, 0.8601706721604159, 0.7628541847804483, 0.3257109599858966, 0.9557759455949837, 0.9571685208867404, 0.7246670782300332, 0.7069193006636812, 0.5761336941152942, 0.7331472448108353, 0.6362439585829495, 0.7611677828299435, 0.8601402886946303, 0.7045236759600223, 0.390945448375335, 0.6592136870095452, 0.9794987286009202, 0.5978112872134451, 0.8182521466978199, 0.8038306806820452, 0.8836863746511332, 0.7964726901713943, 0.7036868203705655, 0.8724907736260945, 0.5412219101899178, 0.8696331987786137, 0.8118756794025181, 0.9155937439519075, 0.7562934717237396, 0.9756645028428577, 0.9358910632561597, 0.8751536864554403, 0.38117224096639785, 0.9491812042948471, 0.026409040964554036, 0.9177843916565737, 0.7224504068370066, 0.9723407670151949, 0.7262546855990275, 0.9469679666767363, 0.9391744982017791, 0.9405088388791978, 0.9823448177520746, 0.45522800179207956, 0.8992156948231914, 0.43449863768167823, 0.9262112558154699, 0.8354059606910897, 0.8721694234656858, 0.25489934536355485, 0.8564822037598797, 0.7817085998239324, 0.6810842044592471, 0.3043680407866811, 0.530577123282997, 0.9015544542300407, 0.8678976437379708, 0.44949524080022113, 0.6339943883989547, 0.8574088571104024, 0.8389497416642955, 0.9407613352737074, 1.0, 0.9292619245050848, 0.8227600561608516, 0.959095521027233, 0.4927053152538463, 0.4129771429438506, 0.8020816921073726, 0.9271328028414589, 0.8457781931186075]
Finish training and take 58m
