Namespace(log_name='./RQ5/xcodeeval_500_2/codet5p_220m_f.log', model_name='Salesforce/codet5p-220m', lang='c', output_dir='RQ5/xcodeeval_500_2/codet5p_220m_f', data_dir='./data/RQ5/xcodeeval_500_2', no_cuda=False, visible_gpu='0', add_task_prefix=False, add_lang_ids=False, num_train_epochs=10, num_test_epochs=10, train_batch_size=8, eval_batch_size=4, gradient_accumulation_steps=2, load_model_path=None, config_name='', tokenizer_name='', max_source_length=512, max_target_length=512, warm_up_ratio=0.1, do_train=True, do_eval=True, do_test=True, do_lower_case=False, learning_rate=5e-05, beam_size=10, weight_decay=0.0, adam_epsilon=1e-08, max_grad_norm=1.0, max_steps=-1, eval_steps=-1, train_steps=-1, local_rank=-1, seed=42, early_stop_threshold=3)
Process rank: -1, device: cuda, n_gpu: 1, distributed training: False, model_name: Salesforce/codet5p-220m
model created!
Total 500 training instances 
***** Running training *****
  Num examples = 500
  Batch size = 8
  Num epoch = 10

***** Running evaluation *****
  Num examples = 100
  Batch size = 4
  epoch = 0
  eval_ppl = 1.0003
  global_step = 63
  train_loss = 0.3592
  ********************
Previous best ppl:inf
Achieve Best ppl:1.0003
  ********************
BLEU file: ./data/RQ5/xcodeeval_500_2/validation.jsonl
  codebleu-4 = 76.72 	 Previous best codebleu 0
  ********************
 Achieve Best bleu:76.72
  ********************

***** Running evaluation *****
  Num examples = 100
  Batch size = 4
  epoch = 1
  eval_ppl = 1.0003
  global_step = 125
  train_loss = 0.2744
  ********************
Previous best ppl:1.0003
Achieve Best ppl:1.0003
  ********************
BLEU file: ./data/RQ5/xcodeeval_500_2/validation.jsonl
  codebleu-4 = 76.93 	 Previous best codebleu 76.72
  ********************
 Achieve Best bleu:76.93
  ********************

***** Running evaluation *****
  Num examples = 100
  Batch size = 4
  epoch = 2
  eval_ppl = 1.00029
  global_step = 187
  train_loss = 0.2247
  ********************
Previous best ppl:1.0003
Achieve Best ppl:1.00029
  ********************
BLEU file: ./data/RQ5/xcodeeval_500_2/validation.jsonl
  codebleu-4 = 77.55 	 Previous best codebleu 76.93
  ********************
 Achieve Best bleu:77.55
  ********************

***** Running evaluation *****
  Num examples = 100
  Batch size = 4
  epoch = 3
  eval_ppl = 1.0003
  global_step = 249
  train_loss = 0.1898
  ********************
Previous best ppl:1.00029
BLEU file: ./data/RQ5/xcodeeval_500_2/validation.jsonl
  codebleu-4 = 77.04 	 Previous best codebleu 77.55
  ********************

***** Running evaluation *****
  Num examples = 100
  Batch size = 4
  epoch = 4
  eval_ppl = 1.00031
  global_step = 311
  train_loss = 0.1607
  ********************
Previous best ppl:1.00029
BLEU file: ./data/RQ5/xcodeeval_500_2/validation.jsonl
  codebleu-4 = 77.48 	 Previous best codebleu 77.55
  ********************

***** Running evaluation *****
  Num examples = 100
  Batch size = 4
  epoch = 5
  eval_ppl = 1.00032
  global_step = 373
  train_loss = 0.1435
  ********************
Previous best ppl:1.00029
BLEU file: ./data/RQ5/xcodeeval_500_2/validation.jsonl
  codebleu-4 = 77.17 	 Previous best codebleu 77.55
  ********************
reload model from RQ5/xcodeeval_500_2/codet5p_220m_f/checkpoint-best-bleu
BLEU file: ./data/RQ5/xcodeeval_500_2/test.jsonl
  codebleu = 75.22 
  Total = 500 
  Exact Fixed = 7 
[46, 73, 77, 263, 349, 376, 500]
  Syntax Fixed = 2 
[20, 122]
  Cleaned Fixed = 2 
[254, 355]
  ********************
  Total = 500 
  Exact Fixed = 7 
[46, 73, 77, 263, 349, 376, 500]
  Syntax Fixed = 2 
[20, 122]
  Cleaned Fixed = 2 
[254, 355]
  codebleu = 75.22 
[0.9249386102976953, 0.9895907412940455, 0.38230642541905163, 0.8285503011428544, 0.5240259477923144, 0.21679053483574018, 0.49007773220454587, 0.33748176240449673, 0.5760442553563221, 0.6717364058179986, 0.9486021234366251, 0.982653611198544, 0.7050736143053937, 0.7840664381594029, 0.8681390231516082, 0.4693955864510486, 0.5313357348360503, 0.9785699270907009, 0.8061799752233711, 0.980066765837468, 0.8687207744628378, 0.5551077533375529, 0.959945180208001, 0.9453423309085349, 0.8596055360028632, 0.46678356460890147, 0.5452287811589471, 0.901175714210833, 0.9116969120804884, 0.2420448687294233, 0.7460250732072086, 0.8539726891479706, 0.8748336476451133, 0.9482205028851687, 0.5393913750037733, 0.8059663450023036, 0.6527764179246671, 0.9426787386209374, 0.9847813251545576, 0.6214028319131882, 0.38055604522674474, 0.9623058365501895, 0.9321918895830998, 0.21659623863784408, 0.806490922254441, 1.0, 0.8574290303367051, 0.7113199842059187, 0.6194178615287717, 0.8803828210815028, 0.42728670898141874, 0.9382702025626704, 0.790108255342182, 0.6136977012029514, 0.8850357193836327, 0.9247535154657887, 0.8675700280536951, 0.8931834746717269, 0.9771748654592214, 0.6449181547930165, 0.8769473122701783, 0.3301979574466545, 0.977929685147775, 0.663952114335559, 0.8927899452472845, 0.9299687695441708, 0.7924048855268875, 0.5338617744031935, 0.8995377367121644, 0.20429331224367825, 0.9338818208296811, 0.2690529321329123, 0.9674900184215338, 0.9717119879651379, 0.871143401314145, 0.586404697829096, 1.0, 0.9837244566208403, 0.9321212086381336, 0.3895038116127578, 0.7113008970718839, 0.9505095058348281, 0.9080151803246834, 0.8441882987189739, 0.3063848293989638, 0.4275485565756617, 0.8014139035130625, 0.8085386086430999, 0.43890738161489035, 0.39806555763771617, 0.9352829048891074, 0.8305048279578491, 0.9529223256974573, 0.5985680617000989, 0.6326608997800717, 0.9486052495001633, 0.9348200839674985, 0.3304581157501194, 0.5505450693049353, 0.8332321631831101, 0.9060561003826615, 0.948343184028229, 0.4636944731423779, 0.7763592102744433, 0.9857368328793006, 0.9462538104934557, 0.8645597342927376, 0.4810010686280327, 0.9430889397206723, 0.9085405865863987, 0.6249954610889428, 0.6288249463727129, 0.8272347501737517, 0.6566376813197878, 0.6817132254112156, 0.8077897114293389, 0.6678107811875859, 0.9362801340504037, 0.4195809997601375, 0.854906905704294, 0.9027144378842089, 0.7971886413768894, 0.8257815238937638, 0.8744345587385776, 0.78946048013366, 0.6359084461047401, 0.6690731553562745, 0.43419770508491723, 0.4657333819352129, 0.8443840073818547, 0.3560328527895647, 0.6120229206037862, 0.3110090555266167, 0.956301548538977, 0.9617303176335186, 0.3085356854689776, 0.9545958335617004, 0.553376063289682, 0.9853580541253673, 0.7920617845792342, 0.9102292823539597, 0.8741647989058143, 0.9251375134812259, 0.9745780518930731, 0.928943235004591, 0.8233729810068096, 0.4982318233525185, 0.5711004671540312, 0.9521775318277603, 0.9830296722149274, 0.975255869034251, 0.8320476098374262, 0.9813483172696138, 0.9762098677705813, 0.8948670458495385, 0.774693514748012, 0.7202507328873297, 0.5488586128738006, 0.7091570039785193, 0.7149358592044086, 0.1359821622512627, 0.6777438912696802, 0.962102708701077, 0.9121866600841926, 0.9021902095080698, 0.46124203184813023, 0.6246113794477428, 0.8392067093595759, 0.968639364262265, 0.8297713512550178, 0.5648214218491462, 0.7833624454787003, 0.8975978993714945, 0.9818251706356831, 0.7280873261576656, 0.8199251872608782, 0.8300820971250142, 0.824261585549334, 0.31409610048611847, 0.9410067825194739, 0.5399191018302276, 0.5168705072336932, 0.25613546330440956, 0.7425959612860655, 0.8694952470533828, 0.7021817798808235, 0.35342583816828116, 0.9251947342322733, 0.8658945472295025, 0.5638272207824593, 0.59613181707828, 0.8995957780547295, 0.7167958853235616, 0.5928108277067345, 0.5946982102419093, 0.1941752706876803, 0.849431210776371, 0.5430885679069021, 0.6824094455408105, 0.9642836546885394, 0.1427616762031343, 0.9508336769881993, 0.9441311059579389, 0.0864622641509434, 0.9545405744953441, 0.39013478691113623, 0.6684903987689361, 0.9447313137718458, 0.5317588322123294, 0.9087123429574342, 0.9534713468465448, 0.9701007019297219, 0.8124892826539233, 0.953707845659838, 0.8090043314450341, 0.8916198680457144, 0.9520611043918519, 0.7440773042813242, 0.16290308135607653, 0.19832929234074576, 0.8055864673667326, 0.9477526452574314, 0.9324333440186039, 0.597827148286705, 0.3330584663396393, 0.4822120322474115, 0.8044136830940034, 0.8942668643714475, 0.9232567135322138, 0.6221781999238016, 0.6234595852577036, 0.6559659558584913, 0.9722741623715689, 0.8861568600710625, 0.5085215178080368, 0.8911581665661752, 0.8027866174267142, 0.7826741503670085, 0.9634485800803125, 0.5624756082365959, 0.8695075881277006, 0.7901580927216791, 0.9861254102280717, 0.9327028990399184, 0.947573383205105, 0.9013388166447551, 0.6351531795376738, 0.9583676774082095, 0.9377858074101935, 0.9495937875206693, 0.9221927719632479, 0.9604527042523284, 0.7556814728598797, 0.943907690508595, 0.938163563753625, 0.6077474124464504, 0.7050451381868229, 0.7015341116696883, 0.2412059707864596, 0.9279866539122665, 0.19752609894716355, 0.707850059682499, 1.0, 0.6980968398510645, 0.9562005086759873, 0.9045626088111169, 0.26289253457845224, 0.9720609552406658, 0.7154962151234332, 0.6304354583069092, 0.9692036989337549, 0.6365891247781525, 0.9425986064448988, 0.9617839620555828, 0.9266465778740411, 0.9531844084589156, 0.7481412556512403, 0.9498690706862425, 0.8277424644338935, 0.7565711923511311, 0.08619710458413155, 0.8179579674310407, 0.9773514349376944, 0.9751679833306697, 0.7748901690895643, 0.7807079788494218, 0.9100431637124131, 0.8897208406567596, 0.9758763186213713, 0.5952821522271243, 0.9407613352737074, 0.7232043610871355, 0.7493577391671854, 0.5076730012609921, 0.8986557290877399, 0.8207174296242723, 0.46158825189644004, 0.9928116843198462, 0.9049996265971042, 0.9147509231273736, 0.5075905017189635, 0.849729607166194, 0.6345917614751148, 0.9732456940628658, 0.9668495847081082, 0.46192836465257714, 0.961309010760973, 0.9601642855670185, 0.8857658481998287, 0.18975957344706026, 0.7761717845434185, 0.8206082150573881, 0.940663678095734, 0.8113688567236648, 0.8943767670150264, 0.6372760488740846, 0.9398939635294166, 0.25592663683341055, 0.637455335351989, 0.3454641283088835, 0.9655267507815484, 0.8397074882045157, 0.79908393484228, 0.9058299447549807, 0.6924354337443256, 0.6498389062539932, 0.9823448177520746, 0.7501255059004492, 0.8904098910010204, 0.9666856331752072, 0.9296230645706806, 0.9074482656355349, 0.9295976632675957, 0.6495267219526154, 0.9866981257943701, 0.570989795360499, 0.853963666419484, 0.7311090731099734, 0.8785117532819908, 0.9067124558663866, 0.6830631050329368, 0.802792334029212, 0.9424663933583042, 0.9582488725526279, 0.8788846428096109, 0.9094304925332901, 0.928413279757291, 0.6216058374935409, 1.0, 0.845605645877975, 0.7567508883846331, 0.9629364535821479, 0.30228003420613947, 0.9590506396386802, 0.9354617501879576, 0.7463795010367267, 0.29119834125570104, 0.9312349008025642, 0.9539904817368636, 0.940720679223622, 0.9498733743967636, 0.8990194211211391, 0.2535810718077191, 0.9130634810804314, 0.6272631541189376, 0.6070449868747402, 0.4676655068837078, 0.9731496374915098, 0.29399777482219386, 0.246656971808108, 0.8069690082124211, 0.3742924995543897, 0.9446842919965326, 0.42428373858678303, 0.4661937691043915, 0.9596075495459602, 0.28768815913136014, 0.8259108946799769, 0.9646055689051855, 0.9570869332853229, 0.867980815381816, 0.7552847912459166, 0.13579710600674177, 0.8961056193845135, 0.9927658106157036, 0.9200506209960793, 0.2954719472250509, 0.9212100020533327, 0.5898743279997497, 0.31764171070174957, 0.9136846145795283, 0.7806363178563275, 0.8078579828142751, 0.8562515048247652, 0.6212476302293409, 0.9544248082184021, 0.9127782544487824, 0.8699110799666838, 0.3325195752446274, 0.9465224177706513, 0.8249675351435815, 0.962229839777732, 0.9482573744384641, 0.8238518141083319, 0.41222995207253776, 0.6562955803712851, 0.5643672366251316, 0.43808453932073843, 0.5864458370254797, 0.9816670394082339, 0.321597484442518, 0.8601254321511638, 0.9624306767024622, 0.9307762742678802, 0.967150116841063, 0.990108133691983, 0.7514114718545895, 0.8485021818446042, 0.6612191334623871, 0.8093645661462701, 0.5558554508448601, 0.944817116312316, 0.945897725871365, 0.6100220174806957, 0.895887649579229, 0.7914330306940703, 0.31443578868236866, 0.9625830342822819, 0.9001704063035856, 0.9161103307638829, 0.8601706721604159, 0.7628541847804483, 0.4680849519025553, 0.9586311287256397, 0.9675589330971408, 0.7246670782300332, 0.7331328454992438, 0.5761336941152942, 0.7331472448108353, 0.6362439585829495, 0.7611677828299435, 0.8601402886946303, 0.7786642529241632, 0.37194891290568377, 0.6592136870095452, 0.9794987286009202, 0.5978112872134451, 0.8375760321362113, 0.8038306806820452, 0.8836863746511332, 0.7964726901713943, 0.7601507876079147, 0.8724907736260945, 0.5412219101899178, 0.8696331987786137, 0.8118756794025181, 0.5348646474710699, 0.7699457110604023, 0.954750405876748, 0.9489885523091097, 0.8981602981015966, 0.36591379411238956, 0.9715471473605286, 0.03831948613452212, 0.9272480478306032, 0.9031355431153669, 0.9723407670151949, 0.7262546855990275, 0.9469679666767363, 0.9439887848825383, 0.9405088388791978, 0.9823448177520746, 0.4777354426610022, 0.8992156948231914, 0.43449863768167823, 0.9262112558154699, 0.8354059606910897, 0.8721694234656858, 0.25489934536355485, 0.8564822037598797, 0.5253182407012674, 0.6810842044592471, 0.3043680407866811, 0.4236977067362693, 0.9207225522863047, 0.9087427909672332, 0.44949524080022113, 0.6099943883989547, 0.9290885216076363, 0.8389497416642955, 0.9407613352737074, 1.0, 0.9292619245050848, 0.8227600561608516, 0.959095521027233, 0.4927053152538463, 0.4129771429438506, 0.8020816921073726, 0.9271328028414589, 1.0]
Finish training and take 42m
